Log file open, 10/15/18 17:19:47
LogWindows: Failed to load 'aqProf.dll' (GetLastError=126)
LogWindows: File 'aqProf.dll' does not exist
LogWindows: Failed to load 'VtuneApi.dll' (GetLastError=126)
LogWindows: File 'VtuneApi.dll' does not exist
LogWindows: Failed to load 'VtuneApi32e.dll' (GetLastError=126)
LogWindows: File 'VtuneApi32e.dll' does not exist
LogInit: Display: Running engine for game: FYP_Prototype
LogPlatformFile: Not using cached read wrapper
LogTaskGraph: Started task graph with 5 named threads and 23 total threads with 3 sets of task threads.
LogStats: Stats thread started at 0.329675
LogD3D11RHI: Loaded GFSDK_Aftermath_Lib.x64.dll
LogICUInternationalization: Display: ICU TimeZone Detection - Raw Offset: +8:00, Platform Override: ''
LogPluginManager: Mounting plugin Paper2D
LogPluginManager: Mounting plugin AISupport
LogPluginManager: Mounting plugin LightPropagationVolume
LogPluginManager: Mounting plugin CLionSourceCodeAccess
LogPluginManager: Mounting plugin CodeLiteSourceCodeAccess
LogPluginManager: Mounting plugin GitSourceControl
LogPluginManager: Mounting plugin KDevelopSourceCodeAccess
LogPluginManager: Mounting plugin NullSourceCodeAccess
LogPluginManager: Mounting plugin PerforceSourceControl
LogPluginManager: Mounting plugin SubversionSourceControl
LogPluginManager: Mounting plugin UObjectPlugin
LogPluginManager: Mounting plugin VisualStudioCodeSourceCodeAccess
LogPluginManager: Mounting plugin VisualStudioSourceCodeAccess
LogPluginManager: Mounting plugin XCodeSourceCodeAccess
LogPluginManager: Mounting plugin AssetManagerEditor
LogPluginManager: Mounting plugin CryptoKeys
LogPluginManager: Mounting plugin DataValidation
LogPluginManager: Mounting plugin FacialAnimation
LogPluginManager: Mounting plugin GameplayTagsEditor
LogPluginManager: Mounting plugin MacGraphicsSwitching
LogPluginManager: Mounting plugin MeshEditor
LogPluginManager: Mounting plugin MobileLauncherProfileWizard
LogPluginManager: Mounting plugin PluginBrowser
LogPluginManager: Mounting plugin SpeedTreeImporter
LogPluginManager: Mounting plugin DatasmithContent
LogPluginManager: Mounting plugin AlembicImporter
LogPluginManager: Mounting plugin AppleImageUtils
LogPluginManager: Mounting plugin AppleVision
LogPluginManager: Mounting plugin BackChannel
LogPluginManager: Mounting plugin CharacterAI
LogPluginManager: Mounting plugin GeometryCache
LogPluginManager: Mounting plugin HTML5Networking
LogPluginManager: Mounting plugin ProxyLODPlugin
LogPluginManager: Mounting plugin MagicLeap
LogPluginManager: Mounting plugin MagicLeapEmulator
LogPluginManager: Mounting plugin MagicLeapMedia
LogPluginManager: Mounting plugin AndroidMedia
LogPluginManager: Mounting plugin AvfMedia
LogPluginManager: Mounting plugin ImgMedia
LogPluginManager: Mounting plugin LinearTimecode
LogPluginManager: Mounting plugin MediaCompositing
LogPluginManager: Mounting plugin MediaPlayerEditor
LogPluginManager: Mounting plugin WmfMedia
LogPluginManager: Mounting plugin TcpMessaging
LogPluginManager: Mounting plugin UdpMessaging
LogPluginManager: Mounting plugin ActorSequence
LogPluginManager: Mounting plugin LevelSequenceEditor
LogPluginManager: Mounting plugin MatineeToLevelSequence
LogPluginManager: Mounting plugin NetcodeUnitTest
LogPluginManager: Mounting plugin NUTUnrealEngine4
LogPluginManager: Mounting plugin OnlineSubsystemGooglePlay
LogPluginManager: Mounting plugin OnlineSubsystemIOS
LogPluginManager: Mounting plugin OnlineSubsystem
LogPluginManager: Mounting plugin OnlineSubsystemNull
LogPluginManager: Mounting plugin OnlineSubsystemUtils
LogPluginManager: Mounting plugin LauncherChunkInstaller
LogPluginManager: Mounting plugin AndroidDeviceProfileSelector
LogPluginManager: Mounting plugin AndroidMoviePlayer
LogPluginManager: Mounting plugin AndroidPermission
LogPluginManager: Mounting plugin AppleMoviePlayer
LogPluginManager: Mounting plugin ArchVisCharacter
LogPluginManager: Mounting plugin AudioCapture
LogPluginManager: Mounting plugin CableComponent
LogPluginManager: Mounting plugin CustomMeshComponent
LogPluginManager: Mounting plugin EditableMesh
LogPluginManager: Mounting plugin ExampleDeviceProfileSelector
LogPluginManager: Mounting plugin GoogleCloudMessaging
LogPluginManager: Mounting plugin ImmediatePhysics
LogPluginManager: Mounting plugin IOSDeviceProfileSelector
LogPluginManager: Mounting plugin LinuxDeviceProfileSelector
LogPluginManager: Mounting plugin LocationServicesBPLibrary
LogPluginManager: Mounting plugin MobilePatchingUtils
LogPluginManager: Mounting plugin OculusVR
LogPluginManager: Plugin shader directory ../../../Engine/Plugins/Runtime/Oculus/OculusVR/Shaders found
LogPluginManager: Mapping shader source directory ../../../Engine/Plugins/Runtime/Oculus/OculusVR/Shaders to virtual directory /Plugin/OculusVR
LogPluginManager: Mounting plugin PhysXVehicles
LogPluginManager: Mounting plugin ProceduralMeshComponent
LogPluginManager: Mounting plugin RuntimePhysXCooking
LogPluginManager: Mounting plugin SteamVR
LogPluginManager: Mounting plugin WindowsMoviePlayer
LogStreaming: Display: Took  0.335s to configure plugins.
LogInit: Using libcurl 7.55.1-DEV
LogInit:  - built for x86_64-pc-win32
LogInit:  - supports SSL with OpenSSL/1.0.2h
LogInit:  - supports HTTP deflate (compression) using libz 1.2.8
LogInit:  - other features:
LogInit:      CURL_VERSION_SSL
LogInit:      CURL_VERSION_LIBZ
LogInit:      CURL_VERSION_IPV6
LogInit:      CURL_VERSION_ASYNCHDNS
LogInit:      CURL_VERSION_LARGEFILE
LogInit:      CURL_VERSION_IDN
LogInit:  CurlRequestOptions (configurable via config and command line):
LogInit:  - bVerifyPeer = false  - Libcurl will NOT verify peer certificate
LogInit:  - bUseHttpProxy = false  - Libcurl will NOT use HTTP proxy
LogInit:  - bDontReuseConnections = false  - Libcurl will reuse connections
LogInit:  - CertBundlePath = nullptr  - Libcurl will use whatever was configured at build time.
LogInit:  - MaxHostConnections = 16  - Libcurl will limit the number of connections to a host
LogInit:  - LocalHostAddr = Default
LogInit:  - BufferSize = 65536
LogInit: WinSock: version 1.1 (2.2), MaxSocks=32767, MaxUdp=65467
LogInit: Build: ++UE4+Release-4.20-CL-4369336
LogInit: Engine Version: 4.20.3-4369336+++UE4+Release-4.20
LogInit: Compatible Engine Version: 4.20.0-4212847+++UE4+Release-4.20
LogInit: Net CL: 4212847
LogInit: OS: Windows 10 (), CPU: Intel(R) Core(TM) i7-7700HQ CPU @ 2.80GHz, GPU: Intel(R) HD Graphics 630
LogInit: Compiled (64-bit): Sep 17 2018 12:26:19
LogInit: Compiled with Visual C++: 19.13.26129.00
LogInit: Build Configuration: Development
LogInit: Branch Name: ++UE4+Release-4.20
LogInit: Command Line: 
LogInit: Base Directory: C:/Program Files/Epic Games/UE_4.20/Engine/Binaries/Win64/
LogInit: Installed Engine Build: 1
LogDevObjectVersion: Number of dev versions registered: 20
LogDevObjectVersion:   Dev-Blueprints (B0D832E4-1F89-4F0D-ACCF-7EB736FD4AA2): 10
LogDevObjectVersion:   Dev-Build (E1C64328-A22C-4D53-A36C-8E866417BD8C): 0
LogDevObjectVersion:   Dev-Core (375EC13C-06E4-48FB-B500-84F0262A717E): 2
LogDevObjectVersion:   Dev-Editor (E4B068ED-F494-42E9-A231-DA0B2E46BB41): 24
LogDevObjectVersion:   Dev-Framework (CFFC743F-43B0-4480-9391-14DF171D2073): 34
LogDevObjectVersion:   Dev-Mobile (B02B49B5-BB20-44E9-A304-32B752E40360): 2
LogDevObjectVersion:   Dev-Networking (A4E4105C-59A1-49B5-A7C5-40C4547EDFEE): 0
LogDevObjectVersion:   Dev-Online (39C831C9-5AE6-47DC-9A44-9C173E1C8E7C): 0
LogDevObjectVersion:   Dev-Physics (78F01B33-EBEA-4F98-B9B4-84EACCB95AA2): 0
LogDevObjectVersion:   Dev-Platform (6631380F-2D4D-43E0-8009-CF276956A95A): 0
LogDevObjectVersion:   Dev-Rendering (12F88B9F-8875-4AFC-A67C-D90C383ABD29): 26
LogDevObjectVersion:   Dev-Sequencer (7B5AE74C-D270-4C10-A958-57980B212A5A): 9
LogDevObjectVersion:   Dev-VR (D7296918-1DD6-4BDD-9DE2-64A83CC13884): 2
LogDevObjectVersion:   Dev-LoadTimes (C2A15278-BFE7-4AFE-6C17-90FF531DF755): 1
LogDevObjectVersion:   Private-Geometry (6EACA3D4-40EC-4CC1-B786-8BED09428FC5): 3
LogDevObjectVersion:   Dev-AnimPhys (29E575DD-E0A3-4627-9D10-D276232CDCEA): 17
LogDevObjectVersion:   Dev-ReflectionCapture (6B266CEC-1EC7-4B8F-A30B-E4D90942FC07): 1
LogDevObjectVersion:   Dev-Automation (0DF73D61-A23F-47EA-B727-89E90C41499A): 1
LogDevObjectVersion:   FortniteMain (601D1886-AC64-4F84-AA16-D3DE0DEAC7D6): 12
LogDevObjectVersion:   Dev-Enterprise (9DFFBCD6-494F-0158-E221-12823C92A888): 1
LogStreaming: Display: Took  0.003s to delete old logs.
LogInit: Presizing for max 8388607 objects, including 0 objects not considered by GC, pre-allocating 0 bytes for permanent pool.
LogInit: Object subsystem initialized
[2018.10.15-09.19.47:672][  0]LogInit: Selected Device Profile: [Windows]
[2018.10.15-09.19.47:673][  0]LogInit: Applying CVar settings loaded from the selected device profile: [Windows]
[2018.10.15-09.19.47:687][  0]LogHAL: Display: Platform has ~ 8 GB [8465178624 / 8589934592 / 8], which maps to Default [LargestMinGB=32, LargerMinGB=12, DefaultMinGB=8, SmallerMinGB=6, SmallestMinGB=0)
[2018.10.15-09.19.47:687][  0]LogInit: Setting Device Profile CVar: [[r.Vulkan.UseRealUBs:1]]
[2018.10.15-09.19.47:687][  0]LogInit: Going up to parent DeviceProfile []
[2018.10.15-09.19.47:687][  0]LogInit: Computer: LAPTOP-8L78J8RF
[2018.10.15-09.19.47:687][  0]LogInit: User: kumik
[2018.10.15-09.19.47:687][  0]LogInit: CPU Page size=4096, Cores=4
[2018.10.15-09.19.47:687][  0]LogInit: High frequency timer resolution =2.742188 MHz
[2018.10.15-09.19.47:688][  0]LogMemory: Memory total: Physical=7.9GB (8GB approx)
[2018.10.15-09.19.47:688][  0]LogMemory: Platform Memory Stats for Windows
[2018.10.15-09.19.47:688][  0]LogMemory: Process Physical Memory: 100.63 MB used, 100.63 MB peak
[2018.10.15-09.19.47:688][  0]LogMemory: Process Virtual Memory: 89.49 MB used, 89.49 MB peak
[2018.10.15-09.19.47:688][  0]LogMemory: Physical Memory: 4970.37 MB used,  3102.65 MB free, 8073.02 MB total
[2018.10.15-09.19.47:688][  0]LogMemory: Virtual Memory: 4629.53 MB used,  3102.65 MB free, 134217728.00 MB total
[2018.10.15-09.19.47:754][  0]LogInit: Using OS detected language (en-US).
[2018.10.15-09.19.47:754][  0]LogInit: Using OS detected locale (en-US).
[2018.10.15-09.19.47:755][  0]LogTextLocalizationManager: No specific localization for 'en-US' exists, so the 'en' localization will be used.
[2018.10.15-09.19.48:167][  0]LogStreaming: Display: Took  0.414s to InitEngineTextLocalization.
[2018.10.15-09.19.48:168][  0]LogInit: Setting process to per monitor DPI aware
[2018.10.15-09.19.48:233][  0]LogSlate: New Slate User Created.  User Index 0, Is Virtual User: 0
[2018.10.15-09.19.48:233][  0]LogSlate: Slate User Registered.  User Index 0, Is Virtual User: 0
[2018.10.15-09.19.48:553][  0]LogHMD: Failed to initialize OpenVR with code 110
[2018.10.15-09.19.48:553][  0]LogD3D11RHI: D3D11 adapters:
[2018.10.15-09.19.48:646][  0]LogD3D11RHI:    0. 'NVIDIA GeForce GTX 1050' (Feature Level 11_0)
[2018.10.15-09.19.48:646][  0]LogD3D11RHI:       4031/0/4036 MB DedicatedVideo/DedicatedSystem/SharedSystem, Outputs:1, VendorId:0x10de
[2018.10.15-09.19.48:659][  0]LogD3D11RHI:    1. 'Intel(R) HD Graphics 630' (Feature Level 11_0)
[2018.10.15-09.19.48:659][  0]LogD3D11RHI:       128/0/4036 MB DedicatedVideo/DedicatedSystem/SharedSystem, Outputs:0, VendorId:0x8086
[2018.10.15-09.19.48:662][  0]LogD3D11RHI:    2. 'Microsoft Basic Render Driver' (Feature Level 11_0)
[2018.10.15-09.19.48:662][  0]LogD3D11RHI:       0/0/4036 MB DedicatedVideo/DedicatedSystem/SharedSystem, Outputs:0, VendorId:0x1414
[2018.10.15-09.19.48:662][  0]LogD3D11RHI: Chosen D3D11 Adapter: 0
[2018.10.15-09.19.48:720][  0]LogD3D11RHI: Creating new Direct3DDevice
[2018.10.15-09.19.48:720][  0]LogD3D11RHI:     GPU DeviceId: 0x1c8d (for the marketing name, search the web for "GPU Device Id")
[2018.10.15-09.19.48:720][  0]LogWindows: EnumDisplayDevices:
[2018.10.15-09.19.48:720][  0]LogWindows:    0. 'Intel(R) HD Graphics 630' (P:1 D:1)
[2018.10.15-09.19.48:721][  0]LogWindows:    1. 'Intel(R) HD Graphics 630' (P:0 D:0)
[2018.10.15-09.19.48:721][  0]LogWindows:    2. 'Intel(R) HD Graphics 630' (P:0 D:0)
[2018.10.15-09.19.48:722][  0]LogWindows: DebugString: PrimaryIsNotTheChoosenAdapter PrimaryIsNotTheChoosenAdapter PrimaryIsNotTheChoosenAdapter FoundDriverCount:0 
[2018.10.15-09.19.48:722][  0]LogD3D11RHI:     Adapter Name: NVIDIA GeForce GTX 1050
[2018.10.15-09.19.48:722][  0]LogD3D11RHI:   Driver Version: Unknown (internal:Unknown, unified:Unknown)
[2018.10.15-09.19.48:722][  0]LogD3D11RHI:      Driver Date: Unknown
[2018.10.15-09.19.48:722][  0]LogRHI: Texture pool is 2821 MB (70% of 4031 MB)
[2018.10.15-09.19.48:764][  0]LogD3D11RHI: Async texture creation enabled
[2018.10.15-09.19.48:777][  0]LogD3D11RHI: GPU Timing Frequency: 1000.000000 (Debug: 2 1)
[2018.10.15-09.19.48:779][  0]LogShaderCompilers: Guid format shader working directory is -33 characters bigger than the processId version (../../../../../../Users/kumik/OneDrive/Documents/GitHub/FYP/Main/FYP_Prototype/Intermediate/Shaders/WorkingDirectory/12004/).
[2018.10.15-09.19.48:779][  0]LogShaderCompilers: Cleaned the shader compiler working directory 'C:/Users/kumik/AppData/Local/Temp/UnrealShaderWorkingDir/88E2E798499D2C84460326A3B2413925/'.
[2018.10.15-09.19.49:210][  0]LogTemp: Display: Loaded TP AllDesktopTargetPlatform
[2018.10.15-09.19.49:227][  0]LogTemp: Display: Loaded TP MacClientTargetPlatform
[2018.10.15-09.19.49:245][  0]LogTemp: Display: Loaded TP MacNoEditorTargetPlatform
[2018.10.15-09.19.49:266][  0]LogTemp: Display: Loaded TP MacServerTargetPlatform
[2018.10.15-09.19.49:283][  0]LogTemp: Display: Loaded TP MacTargetPlatform
[2018.10.15-09.19.49:302][  0]LogTemp: Display: Loaded TP WindowsClientTargetPlatform
[2018.10.15-09.19.49:328][  0]LogTemp: Display: Loaded TP WindowsNoEditorTargetPlatform
[2018.10.15-09.19.49:347][  0]LogTemp: Display: Loaded TP WindowsServerTargetPlatform
[2018.10.15-09.19.49:356][  0]LogTemp: Display: Loaded TP WindowsTargetPlatform
[2018.10.15-09.19.49:451][  0]LogTemp: Display: Loaded TP AndroidTargetPlatform
[2018.10.15-09.19.49:451][  0]LogTemp: Display: Loaded TP AndroidTargetPlatform
[2018.10.15-09.19.49:451][  0]LogTemp: Display: Loaded TP AndroidTargetPlatform
[2018.10.15-09.19.49:451][  0]LogTemp: Display: Loaded TP AndroidTargetPlatform
[2018.10.15-09.19.49:451][  0]LogTemp: Display: Loaded TP AndroidTargetPlatform
[2018.10.15-09.19.49:451][  0]LogTemp: Display: Loaded TP AndroidTargetPlatform
[2018.10.15-09.19.49:451][  0]LogTemp: Display: Loaded TP AndroidTargetPlatform
[2018.10.15-09.19.49:451][  0]LogTemp: Display: Loaded TP AndroidTargetPlatform
[2018.10.15-09.19.49:451][  0]LogTemp: Display: Loaded TP AndroidTargetPlatform
[2018.10.15-09.19.49:451][  0]LogTemp: Display: Loaded TP AndroidTargetPlatform
[2018.10.15-09.19.49:451][  0]LogTemp: Display: Loaded TP AndroidTargetPlatform
[2018.10.15-09.19.49:451][  0]LogTemp: Display: Loaded TP AndroidTargetPlatform
[2018.10.15-09.19.49:451][  0]LogTemp: Display: Loaded TP AndroidTargetPlatform
[2018.10.15-09.19.49:451][  0]LogTemp: Display: Loaded TP AndroidTargetPlatform
[2018.10.15-09.19.49:451][  0]LogTemp: Display: Loaded TP AndroidTargetPlatform
[2018.10.15-09.19.49:451][  0]LogTemp: Display: Loaded TP AndroidTargetPlatform
[2018.10.15-09.19.49:451][  0]LogTemp: Display: Loaded TP AndroidTargetPlatform
[2018.10.15-09.19.49:451][  0]LogTemp: Display: Loaded TP AndroidTargetPlatform
[2018.10.15-09.19.49:453][  0]LogTemp: Display: Loaded TP HTML5TargetPlatform
[2018.10.15-09.19.49:544][  0]LogTemp: Display: Loaded TP IOSTargetPlatform
[2018.10.15-09.19.49:544][  0]LogTemp: Display: Loaded TP IOSTargetPlatform
[2018.10.15-09.19.49:598][  0]LogTemp: Display: Loaded TP TVOSTargetPlatform
[2018.10.15-09.19.49:598][  0]LogTemp: Display: Loaded TP TVOSTargetPlatform
[2018.10.15-09.19.49:619][  0]LogTemp: Display: Loaded TP LinuxClientTargetPlatform
[2018.10.15-09.19.49:639][  0]LogTemp: Display: Loaded TP LinuxNoEditorTargetPlatform
[2018.10.15-09.19.49:655][  0]LogTemp: Display: Loaded TP LinuxServerTargetPlatform
[2018.10.15-09.19.49:672][  0]LogTemp: Display: Loaded TP LinuxTargetPlatform
[2018.10.15-09.19.49:684][  0]LogTemp: Display: Loaded TP LuminTargetPlatform
[2018.10.15-09.19.49:684][  0]LogTargetPlatformManager: Display: Building Assets For Windows
[2018.10.15-09.19.49:775][  0]LogXGEController: Cannot use XGE Controller as Incredibuild is not installed on this machine.
[2018.10.15-09.19.49:775][  0]LogShaderCompilers: Cannot use XGE Shader Compiler as Incredibuild is not installed on this machine.
[2018.10.15-09.19.49:775][  0]LogShaderCompilers: Display: Using Local Shader Compiler.
[2018.10.15-09.19.50:677][  0]LogDerivedDataCache: Display: Max Cache Size: 512 MB
[2018.10.15-09.19.50:757][  0]LogDerivedDataCache: Loaded boot cache 0.08s 86MB C:/Users/kumik/AppData/Local/UnrealEngine/4.20/DerivedDataCache/Boot.ddc.
[2018.10.15-09.19.50:757][  0]LogDerivedDataCache: Display: Loaded Boot cache: C:/Users/kumik/AppData/Local/UnrealEngine/4.20/DerivedDataCache/Boot.ddc
[2018.10.15-09.19.50:757][  0]LogDerivedDataCache: FDerivedDataBackendGraph:  Pak pak cache file ../../../../../../Users/kumik/OneDrive/Documents/GitHub/FYP/Main/FYP_Prototype/DerivedDataCache/DDC.ddp not found, will not use a pak cache.
[2018.10.15-09.19.50:757][  0]LogDerivedDataCache: Unable to find inner node Pak for hierarchical cache Hierarchy.
[2018.10.15-09.19.50:757][  0]LogDerivedDataCache: FDerivedDataBackendGraph:  CompressedPak pak cache file ../../../../../../Users/kumik/OneDrive/Documents/GitHub/FYP/Main/FYP_Prototype/DerivedDataCache/Compressed.ddp not found, will not use a pak cache.
[2018.10.15-09.19.50:757][  0]LogDerivedDataCache: Unable to find inner node CompressedPak for hierarchical cache Hierarchy.
[2018.10.15-09.19.50:775][  0]LogDerivedDataCache: Display: Pak cache opened for reading ../../../Engine/DerivedDataCache/Compressed.ddp.
[2018.10.15-09.19.50:789][  0]LogDerivedDataCache: Using Local data cache path C:/Users/kumik/AppData/Local/UnrealEngine/Common/DerivedDataCache: Writable
[2018.10.15-09.19.50:789][  0]LogDerivedDataCache: Shared data cache path not found in *engine.ini, will not use an Shared cache.
[2018.10.15-09.19.50:789][  0]LogDerivedDataCache: Unable to find inner node Shared for hierarchical cache Hierarchy.
[2018.10.15-09.19.50:814][  0]LogMaterial: Verifying Global Shaders for PCD3D_SM5
[2018.10.15-09.19.50:816][  0]LogSlate: Using FreeType 2.6.0
[2018.10.15-09.19.50:817][  0]LogSlate: SlateFontServices - WITH_FREETYPE: 1, WITH_HARFBUZZ: 1
[2018.10.15-09.19.50:919][  0]LogAssetRegistry: FAssetRegistry took 0.0287 seconds to start up
[2018.10.15-09.19.51:343][  0]LogInit: Selected Device Profile: [Windows]
[2018.10.15-09.19.51:510][  0]LogSimplygon: Simplygon DLL not present - disabling.
[2018.10.15-09.19.51:516][  0]LogMeshReduction: Using SimplygonSwarm for distributed automatic mesh merging
[2018.10.15-09.19.51:516][  0]LogMeshReduction: Using ProxyLODMeshReduction for automatic mesh merging
[2018.10.15-09.19.51:516][  0]LogMeshReduction: Using QuadricMeshReduction for automatic static mesh reduction
[2018.10.15-09.19.51:516][  0]LogMeshReduction: No automatic skeletal mesh reduction module available
[2018.10.15-09.19.51:543][  0]LogNetVersion: FYP_Prototype 1.0.0, NetCL: 4212847, EngineNetVer: 5, GameNetVer: 0 (Checksum: 1129731653)
[2018.10.15-09.19.53:909][  0]LogPackageLocalizationCache: Processed 11 localized package path(s) for 2 prioritized culture(s) in 0.948484 seconds
[2018.10.15-09.19.53:933][  0]LogUObjectArray: 38425 objects as part of root set at end of initial load.
[2018.10.15-09.19.53:933][  0]LogUObjectAllocator: 6690872 out of 0 bytes used by permanent object pool.
[2018.10.15-09.19.53:933][  0]LogUObjectArray: CloseDisregardForGC: 0/0 objects in disregard for GC pool
[2018.10.15-09.19.58:661][  0]LogTcpMessaging: Initializing TcpMessaging bridge
[2018.10.15-09.19.58:683][  0]LogUdpMessaging: Initializing bridge on interface 0.0.0.0:0 to multicast group 230.0.0.1:6666.
[2018.10.15-09.19.58:976][  0]SourceControl: Source control is disabled
[2018.10.15-09.19.58:976][  0]SourceControl: Source control is disabled
[2018.10.15-09.19.58:978][  0]SourceControl: Source control is disabled
[2018.10.15-09.19.58:979][  0]SourceControl: Source control is disabled
[2018.10.15-09.19.59:185][  0]LogAndroidPermission: UAndroidPermissionCallbackProxy::GetInstance
[2018.10.15-09.19.59:243][  0]LogOcInput: OculusInput pre-init called
[2018.10.15-09.19.59:319][  0]LogEngine: Initializing Engine...
[2018.10.15-09.19.59:321][  0]LogHMD: Failed to initialize OpenVR with code 110
[2018.10.15-09.19.59:322][  0]LogStats: UGameplayTagsManager::ConstructGameplayTagTree: ImportINI prefixes -  0.000 s
[2018.10.15-09.19.59:322][  0]LogStats: UGameplayTagsManager::ConstructGameplayTagTree: Construct from data asset -  0.000 s
[2018.10.15-09.19.59:323][  0]LogStats: UGameplayTagsManager::ConstructGameplayTagTree: ImportINI -  0.000 s
[2018.10.15-09.19.59:323][  0]LogStats: UGameplayTagsManager::ConstructGameplayTagTree: GameplayTagTreeChangedEvent.Broadcast -  0.000 s
[2018.10.15-09.19.59:588][  0]LogInit: Initializing FReadOnlyCVARCache
[2018.10.15-09.19.59:609][  0]LogAIModule: Creating AISystem for world Untitled
[2018.10.15-09.19.59:688][  0]LogInit: XAudio2 using 'Speakers (Conexant SmartAudio HD)' : 2 channels at 48 kHz using 32 bits per sample (channel mask 0x3)
[2018.10.15-09.19.59:925][  0]LogInit: FAudioDevice initialized.
[2018.10.15-09.19.59:925][  0]LogNetVersion: Set ProjectVersion to 1.0.0.0. Version Checksum will be recalculated on next use.
[2018.10.15-09.19.59:936][  0]LogDerivedDataCache: Error: Could not save memory cache C:/Users/kumik/AppData/Local/UnrealEngine/4.20/DerivedDataCache/Boot.ddc.
[2018.10.15-09.19.59:966][  0]LogInit: Texture streaming: Enabled
[2018.10.15-09.19.59:999][  0]LogEngineSessionManager: EngineSessionManager initialized
[2018.10.15-09.19.59:999][  0]LogEngineSessionManager: EngineSessionManager sent abnormal shutdown report. Type=Crashed, SessionId={8A90B011-4862-3EBC-A25D-5DB180F5A9AB}
[2018.10.15-09.19.59:999][  0]LogEngineSessionManager: EngineSessionManager sent abnormal shutdown report. Type=Crashed, SessionId={4BC2E156-4CE8-2BFE-0C67-5FB0AD8D3342}
[2018.10.15-09.20.00:020][  0]LogInit: Transaction tracking system initialized
[2018.10.15-09.20.00:060][  0]BlueprintLog: New page: Editor Load
[2018.10.15-09.20.00:188][  0]LocalizationService: Localization service is disabled
[2018.10.15-09.20.00:530][  0]LogCook: Display: Max memory allowance for cook 16384mb min free memory 0mb
[2018.10.15-09.20.00:530][  0]LogCook: Display: Mobile HDR setting 1
[2018.10.15-09.20.00:530][  0]LogGameplayTags: Display: UGameplayTagsManager::DoneAddingNativeTags. DelegateIsBound: 0
[2018.10.15-09.20.00:530][  0]LogStats: UGameplayTagsManager::ConstructGameplayTagTree: ImportINI prefixes -  0.000 s
[2018.10.15-09.20.00:530][  0]LogStats: UGameplayTagsManager::ConstructGameplayTagTree: Construct from data asset -  0.000 s
[2018.10.15-09.20.00:530][  0]LogStats: UGameplayTagsManager::ConstructGameplayTagTree: ImportINI -  0.000 s
[2018.10.15-09.20.00:530][  0]LogStats: UGameplayTagsManager::ConstructGameplayTagTree: GameplayTagTreeChangedEvent.Broadcast -  0.000 s
[2018.10.15-09.20.00:723][  0]LogFileCache: Scanning file cache for directory 'C:/Users/kumik/OneDrive/Documents/GitHub/FYP/Main/FYP_Prototype/Content/' took 0.05s
[2018.10.15-09.20.00:723][  0]SourceControl: Source control is disabled
[2018.10.15-09.20.00:723][  0]Cmd: MAP LOAD FILE="../../../../../../Users/kumik/OneDrive/Documents/GitHub/FYP/Main/FYP_Prototype/Content/VirtualRealityBP/Maps/StartupMap.umap" TEMPLATE=0 SHOWPROGRESS=1 FEATURELEVEL=3
[2018.10.15-09.20.00:724][  0]LightingResults: New page: Lighting Build
[2018.10.15-09.20.00:727][  0]MapCheck: New page: Map Check
[2018.10.15-09.20.00:728][  0]LightingResults: New page: Lighting Build
[2018.10.15-09.20.00:929][  0]LogAIModule: Creating AISystem for world StartupMap
[2018.10.15-09.20.00:940][  0]LogEditorServer: Finished looking for orphan Actors (0.000 secs)
[2018.10.15-09.20.00:965][  0]Cmd: MAP CHECKDEP NOCLEARLOG
[2018.10.15-09.20.01:105][  0]MapCheck: Map check complete: 0 Error(s), 0 Warning(s), took 139.936ms to complete.
[2018.10.15-09.20.01:106][  0]LogFileHelpers: Loading map 'StartupMap' took 0.383
[2018.10.15-09.20.01:227][  0]LogSlate: Updating window title bar state: overlay mode, drag disabled, window buttons hidden, title bar hidden
[2018.10.15-09.20.01:235][  0]LogSlate: Updating window title bar state: overlay mode, drag disabled, window buttons hidden, title bar hidden
[2018.10.15-09.20.01:244][  0]LogSlate: Updating window title bar state: overlay mode, drag disabled, window buttons hidden, title bar hidden
[2018.10.15-09.20.01:252][  0]LogSlate: Updating window title bar state: overlay mode, drag disabled, window buttons hidden, title bar hidden
[2018.10.15-09.20.01:266][  0]LogCollectionManager: Loaded 0 collections in 0.004826 seconds
[2018.10.15-09.20.01:316][  0]LogFileCache: Scanning file cache for directory 'C:/Users/kumik/OneDrive/Documents/GitHub/FYP/Main/FYP_Prototype/Saved/Collections/' took 0.01s
[2018.10.15-09.20.01:316][  0]LogFileCache: Scanning file cache for directory 'C:/Users/kumik/OneDrive/Documents/GitHub/FYP/Main/FYP_Prototype/Content/Developers/kumik/Collections/' took 0.01s
[2018.10.15-09.20.01:316][  0]LogFileCache: Scanning file cache for directory 'C:/Users/kumik/OneDrive/Documents/GitHub/FYP/Main/FYP_Prototype/Content/Collections/' took 0.01s
[2018.10.15-09.20.01:317][  0]LogCollectionManager: Rebuilt the GUID cache for 0 collections in 0.000000 seconds
[2018.10.15-09.20.01:327][  0]LogContentBrowser: Native class hierarchy populated in 0.0098 seconds. Added 2572 classes and 603 folders.
[2018.10.15-09.20.01:336][  0]LogContentBrowser: Native class hierarchy updated for 'WidgetCarousel' in 0.0003 seconds. Added 0 classes and 0 folders.
[2018.10.15-09.20.01:423][  0]LogContentBrowser: Native class hierarchy updated for 'AddContentDialog' in 0.0002 seconds. Added 0 classes and 0 folders.
[2018.10.15-09.20.01:430][  0]LogContentBrowser: Native class hierarchy updated for 'SceneOutliner' in 0.0002 seconds. Added 1 classes and 2 folders.
[2018.10.15-09.20.01:446][  0]LogSlate: Took 0.000329 seconds to synchronously load lazily loaded font '../../../Engine/Content/Slate/Fonts/Roboto-Regular.ttf' (155K)
[2018.10.15-09.20.01:448][  0]LogSlate: Took 0.000281 seconds to synchronously load lazily loaded font '../../../Engine/Content/Slate/Fonts/Roboto-Bold.ttf' (160K)
[2018.10.15-09.20.01:457][  0]LogSlate: Took 0.000374 seconds to synchronously load lazily loaded font '../../../Engine/Content/Editor/Slate/Fonts/FontAwesome.ttf' (139K)
[2018.10.15-09.20.01:560][  0]LogRenderer: Reallocating scene render targets to support 964x436 Format 26 NumSamples 1 (Frame:1).
[2018.10.15-09.20.01:732][  0]LogContentBrowser: Native class hierarchy updated for 'HierarchicalLODOutliner' in 0.0004 seconds. Added 0 classes and 0 folders.
[2018.10.15-09.20.01:732][  0]LogLoad: (Engine Initialization) Total time: 16.90 seconds
[2018.10.15-09.20.01:732][  0]LogLoad: (Engine Initialization) Total Blueprint compile time: 0.00 seconds
[2018.10.15-09.20.01:751][  0]LogWindowsTextInputMethodSystem: Display: IME system now deactivated.
[2018.10.15-09.20.01:798][  0]LogContentStreaming: Texture pool size now 1000 MB
[2018.10.15-09.20.02:021][  2]LogAssetRegistry: Asset discovery search completed in 11.1251 seconds
[2018.10.15-09.20.02:028][  2]LogCollectionManager: Rebuilt the object cache for 0 collections in 0.000000 seconds (found 0 objects)
[2018.10.15-09.20.02:028][  2]LogCollectionManager: Fixed up redirectors for 0 collections in 0.000085 seconds (updated 0 objects)
[2018.10.15-09.20.02:834][ 27]LogSlate: Took 0.000395 seconds to synchronously load lazily loaded font '../../../Engine/Content/Slate/Fonts/Roboto-Light.ttf' (167K)
[2018.10.15-09.20.05:480][105]LogSlate: FSceneViewport::OnFocusLost() reason 0
[2018.10.15-09.20.06:037][108]LogAssetEditorManager: Opening Asset editor for Blueprint /Game/VirtualRealityBP/Blueprints/MotionControllerPawn.MotionControllerPawn
[2018.10.15-09.20.06:682][108]LogContentBrowser: Native class hierarchy updated for 'BlueprintGraph' in 0.0006 seconds. Added 116 classes and 0 folders.
[2018.10.15-09.20.07:561][108]LogAssetEditorManager: Opening Asset editor for Blueprint /Game/BP/Pipe_BP.Pipe_BP
[2018.10.15-09.20.07:954][108]LogAssetEditorManager: Opening Asset editor for Blueprint /Game/BP/Target_Blueprint.Target_Blueprint
[2018.10.15-09.20.08:315][108]LogAssetEditorManager: Opening Asset editor for Material /Game/FBX/PropsMaterials/Crate/Crate.Crate
[2018.10.15-09.20.08:319][108]LogMaterial: Display: Missing cached shader map for material Crate, compiling. 
[2018.10.15-09.20.08:668][108]LogMaterial: Display: Missing cached shader map for material Crate, compiling. 
[2018.10.15-09.20.08:704][108]LogMaterial: Display: Missing cached shader map for material Crate, compiling. 
[2018.10.15-09.20.08:756][108]LogShaderCompilers: Display: Shaders left to compile 21
[2018.10.15-09.20.08:756][108]LogShaderCompilers: Display: Shaders left to compile 20
[2018.10.15-09.20.08:756][108]LogShaderCompilers: Display: Shaders left to compile 19
[2018.10.15-09.20.08:756][108]LogShaderCompilers: Display: Shaders left to compile 18
[2018.10.15-09.20.08:770][108]LogMaterial: Display: Missing cached shader map for material FMatExpressionPreview MaterialExpressionTextureSample_0, compiling. 
[2018.10.15-09.20.08:777][108]LogMaterial: Display: Missing cached shader map for material FMatExpressionPreview MaterialExpressionTextureSample_1, compiling. 
[2018.10.15-09.20.08:782][108]LogMaterial: Display: Missing cached shader map for material FMatExpressionPreview MaterialExpressionTextureSample_2, compiling. 
[2018.10.15-09.20.08:790][108]LogMaterial: Display: Missing cached shader map for material FMatExpressionPreview MaterialExpressionTextureSample_3, compiling. 
[2018.10.15-09.20.08:797][108]LogMaterial: Display: Missing cached shader map for material FMatExpressionPreview MaterialExpressionVectorParameter_0, compiling. 
[2018.10.15-09.20.08:872][108]LogAssetEditorManager: Opening Asset editor for Material /Game/FBX/PropsMaterials/Lamp/Lamp.Lamp
[2018.10.15-09.20.08:881][108]LogMaterial: Display: Missing cached shader map for material Lamp, compiling. 
[2018.10.15-09.20.08:989][108]LogMaterial: Display: Missing cached shader map for material Lamp, compiling. 
[2018.10.15-09.20.09:005][108]LogMaterial: Display: Missing cached shader map for material Lamp, compiling. 
[2018.10.15-09.20.09:052][108]LogMaterial: Display: Missing cached shader map for material FMatExpressionPreview MaterialExpressionTextureSample_0, compiling. 
[2018.10.15-09.20.09:059][108]LogMaterial: Display: Missing cached shader map for material FMatExpressionPreview MaterialExpressionTextureSample_1, compiling. 
[2018.10.15-09.20.09:102][108]LogFileCache: Retrieving MD5 hashes for directory 'C:/Users/kumik/OneDrive/Documents/GitHub/FYP/Main/FYP_Prototype/Content/' took 7.34s
[2018.10.15-09.20.09:115][108]LogSlate: Took 0.000346 seconds to synchronously load lazily loaded font '../../../Engine/Content/Slate/Fonts/Roboto-BoldCondensed.ttf' (158K)
[2018.10.15-09.20.09:121][108]LogSlate: Took 0.000235 seconds to synchronously load lazily loaded font '../../../Engine/Content/Slate/Fonts/Roboto-Light.ttf' (167K)
[2018.10.15-09.20.09:650][118]LogShaderCompilers: Display: Shaders left to compile 52
[2018.10.15-09.20.09:720][119]LogShaderCompilers: Display: Shaders left to compile 51
[2018.10.15-09.20.09:753][120]LogShaderCompilers: Display: Shaders left to compile 50
[2018.10.15-09.20.09:757][120]LogShaderCompilers: Display: Shaders left to compile 49
[2018.10.15-09.20.10:039][124]LogShaderCompilers: Display: Shaders left to compile 48
[2018.10.15-09.20.10:053][124]LogShaderCompilers: Display: Shaders left to compile 47
[2018.10.15-09.20.10:145][126]LogShaderCompilers: Display: Shaders left to compile 46
[2018.10.15-09.20.10:149][126]LogShaderCompilers: Display: Shaders left to compile 45
[2018.10.15-09.20.10:348][129]LogShaderCompilers: Display: Shaders left to compile 44
[2018.10.15-09.20.10:692][134]LogShaderCompilers: Display: Shaders left to compile 43
[2018.10.15-09.20.11:040][139]LogShaderCompilers: Display: Shaders left to compile 42
[2018.10.15-09.20.11:153][140]LogShaderCompilers: Display: Shaders left to compile 41
[2018.10.15-09.20.11:277][141]LogShaderCompilers: Display: Shaders left to compile 40
[2018.10.15-09.20.11:571][144]LogShaderCompilers: Display: Shaders left to compile 39
[2018.10.15-09.20.11:580][144]LogShaderCompilers: Display: Shaders left to compile 38
[2018.10.15-09.20.13:207][152]LogShaderCompilers: Display: Shaders left to compile 37
[2018.10.15-09.20.13:207][152]LogShaderCompilers: Display: Shaders left to compile 36
[2018.10.15-09.20.13:207][152]LogShaderCompilers: Display: Shaders left to compile 35
[2018.10.15-09.20.13:207][152]LogShaderCompilers: Display: Shaders left to compile 34
[2018.10.15-09.20.14:719][177]LogShaderCompilers: Display: Shaders left to compile 33
[2018.10.15-09.20.15:363][187]LogShaderCompilers: Display: Shaders left to compile 32
[2018.10.15-09.20.15:456][188]LogShaderCompilers: Display: Shaders left to compile 31
[2018.10.15-09.20.15:460][188]MaterialEditorStats: Base pass shader: 169 instructions
[2018.10.15-09.20.15:460][188]MaterialEditorStats: Base pass shader with Volumetric Lightmap: 242 instructions
[2018.10.15-09.20.15:460][188]MaterialEditorStats: Base pass vertex shader: 92 instructions
[2018.10.15-09.20.15:461][188]MaterialEditorStats: Texture samplers: 7/16
[2018.10.15-09.20.15:461][188]MaterialEditorStats: Texture Lookups (Est.): VS(0), PS(4)
[2018.10.15-09.20.15:461][188]MaterialEditorStats: User interpolators: 2/4 Scalars (1/4 Vectors) (TexCoords: 2, Custom: 0)
[2018.10.15-09.20.15:568][190]LogShaderCompilers: Display: Shaders left to compile 30
[2018.10.15-09.20.17:537][207]LogShaderCompilers: Display: Shaders left to compile 29
[2018.10.15-09.20.17:537][207]LogShaderCompilers: Display: Shaders left to compile 28
[2018.10.15-09.20.17:537][207]LogShaderCompilers: Display: Shaders left to compile 27
[2018.10.15-09.20.17:665][210]LogShaderCompilers: Display: Shaders left to compile 26
[2018.10.15-09.20.19:160][231]LogShaderCompilers: Display: Shaders left to compile 25
[2018.10.15-09.20.19:280][232]LogShaderCompilers: Display: Shaders left to compile 24
[2018.10.15-09.20.19:290][232]LogShaderCompilers: Display: Shaders left to compile 23
[2018.10.15-09.20.19:357][234]LogShaderCompilers: Display: Shaders left to compile 22
[2018.10.15-09.20.19:577][238]LogShaderCompilers: Display: Shaders left to compile 21
[2018.10.15-09.20.19:704][240]LogShaderCompilers: Display: Shaders left to compile 20
[2018.10.15-09.20.19:704][240]LogShaderCompilers: Display: Shaders left to compile 19
[2018.10.15-09.20.19:726][240]LogShaderCompilers: Display: Shaders left to compile 18
[2018.10.15-09.20.19:884][242]LogShaderCompilers: Display: Shaders left to compile 17
[2018.10.15-09.20.20:001][243]LogShaderCompilers: Display: Shaders left to compile 16
[2018.10.15-09.20.20:051][244]LogShaderCompilers: Display: Shaders left to compile 15
[2018.10.15-09.20.20:065][244]LogShaderCompilers: Display: Shaders left to compile 14
[2018.10.15-09.20.20:168][245]LogShaderCompilers: Display: Shaders left to compile 13
[2018.10.15-09.20.20:642][252]LogShaderCompilers: Display: Shaders left to compile 12
[2018.10.15-09.20.20:918][256]LogShaderCompilers: Display: Shaders left to compile 11
[2018.10.15-09.20.20:984][257]LogShaderCompilers: Display: Shaders left to compile 10
[2018.10.15-09.20.21:074][258]LogShaderCompilers: Display: Shaders left to compile 9
[2018.10.15-09.20.21:542][265]LogShaderCompilers: Display: Shaders left to compile 8
[2018.10.15-09.20.21:590][266]LogShaderCompilers: Display: Shaders left to compile 7
[2018.10.15-09.20.21:965][272]LogShaderCompilers: Display: Shaders left to compile 6
[2018.10.15-09.20.22:461][279]LogShaderCompilers: Display: Shaders left to compile 5
[2018.10.15-09.20.22:728][283]LogShaderCompilers: Display: Shaders left to compile 4
[2018.10.15-09.20.23:279][291]LogShaderCompilers: Display: Shaders left to compile 3
[2018.10.15-09.20.24:858][315]LogShaderCompilers: Display: Shaders left to compile 2
[2018.10.15-09.20.25:260][321]LogShaderCompilers: Display: Shaders left to compile 1
[2018.10.15-09.20.25:302][321]MaterialEditorStats: Base pass shader: 160 instructions
[2018.10.15-09.20.25:302][321]MaterialEditorStats: Base pass shader with Volumetric Lightmap: 233 instructions
[2018.10.15-09.20.25:302][321]MaterialEditorStats: Base pass vertex shader: 92 instructions
[2018.10.15-09.20.25:303][321]MaterialEditorStats: Texture samplers: 5/16
[2018.10.15-09.20.25:303][321]MaterialEditorStats: Texture Lookups (Est.): VS(0), PS(2)
[2018.10.15-09.20.25:303][321]MaterialEditorStats: User interpolators: 2/4 Scalars (1/4 Vectors) (TexCoords: 2, Custom: 0)
[2018.10.15-09.20.57:938][876]LogSavePackage: Moving '../../../../../../Users/kumik/OneDrive/Documents/GitHub/FYP/Main/FYP_Prototype/Saved/StartupMap893990FD4E490EAF6E7B53B279BEC95C.tmp' to '../../../../../../Users/kumik/OneDrive/Documents/GitHub/FYP/Main/FYP_Prototype/Content/VirtualRealityBP/Maps/StartupMap.umap'
[2018.10.15-09.20.57:942][876]LogFileManager: Warning: DeleteFile was unable to delete '../../../../../../Users/kumik/OneDrive/Documents/GitHub/FYP/Main/FYP_Prototype/Content/VirtualRealityBP/Maps/StartupMap.umap', retrying in .5s...
[2018.10.15-09.20.58:443][876]LogFileManager: Error: Error deleting file '../../../../../../Users/kumik/OneDrive/Documents/GitHub/FYP/Main/FYP_Prototype/Content/VirtualRealityBP/Maps/StartupMap.umap'.
[2018.10.15-09.20.58:443][876]LogSavePackage: Error: Error saving '../../../../../../Users/kumik/OneDrive/Documents/GitHub/FYP/Main/FYP_Prototype/Content/VirtualRealityBP/Maps/StartupMap.umap'
[2018.10.15-09.20.58:458][876]EditorErrors: New page: Save Output
[2018.10.15-09.20.58:458][876]EditorErrors: Warning: Error saving '../../../../../../Users/kumik/OneDrive/Documents/GitHub/FYP/Main/FYP_Prototype/Content/VirtualRealityBP/Maps/StartupMap.umap'
[2018.10.15-09.21.05:341][985]LogSlate: Window 'Message Log' being destroyed
[2018.10.15-09.21.05:394][985]LogSlate: Window 'Message Log' being destroyed
[2018.10.15-09.21.05:934][988]LogD3D11RHI: Timed out while waiting for GPU to catch up. (0.5 s)
[2018.10.15-09.21.05:937][988]LogD3D11RHI: Error: Result failed 
 at D:\Build\++UE4\Sync\Engine\Source\Runtime\Windows\D3D11RHI\Private\D3D11Query.cpp:146 
 with error DXGI_ERROR_DEVICE_REMOVED DXGI_ERROR_DEVICE_HUNG
[2018.10.15-09.21.05:938][988]LogD3D11RHI: [Aftermath] GDynamicRHI=000002144E6C0140, GDX11NVAfterMathEnabled=0, Result=0xFFFFFFFF, bDeviceActive=0
[2018.10.15-09.21.05:938][988]LogWindows: Windows GetLastError: The operation completed successfully. (0)
[2018.10.15-09.21.07:727][988]LogWindows: Windows GetLastError: The operation completed successfully. (0)
[2018.10.15-09.21.07:727][988]LogWindows: Error: === Critical error: ===
[2018.10.15-09.21.07:727][988]LogWindows: Error: 
[2018.10.15-09.21.07:727][988]LogWindows: Error: Fatal error: [File:D:\Build\++UE4\Sync\Engine\Source\Runtime\RenderCore\Private\RenderingThread.cpp] [Line: 826] 
[2018.10.15-09.21.07:727][988]LogWindows: Error: Rendering thread exception:
[2018.10.15-09.21.07:727][988]LogWindows: Error: Fatal error: [File:D:\Build\++UE4\Sync\Engine\Source\Runtime\Windows\D3D11RHI\Private\D3D11Util.cpp] [Line: 200] 
[2018.10.15-09.21.07:727][988]LogWindows: Error: Unreal Engine is exiting due to D3D device being lost. (Error: 0x887A0006 - 'HUNG')
[2018.10.15-09.21.07:727][988]LogWindows: Error: 
[2018.10.15-09.21.07:727][988]LogWindows: Error: 
[2018.10.15-09.21.07:727][988]LogWindows: Error: [Callstack] 0x00007ffa305aa388 KERNELBASE.dll!UnknownFunction []
[2018.10.15-09.21.07:727][988]LogWindows: Error: [Callstack] 0x00007ffa10e06850 UE4Editor-ApplicationCore.dll!UnknownFunction []
[2018.10.15-09.21.07:727][988]LogWindows: Error: [Callstack] 0x00007ff9f40162fc UE4Editor-Core.dll!UnknownFunction []
[2018.10.15-09.21.07:727][988]LogWindows: Error: [Callstack] 0x00007ff9f3fa51db UE4Editor-Core.dll!UnknownFunction []
[2018.10.15-09.21.07:727][988]LogWindows: Error: [Callstack] 0x00007ff9d7feadea UE4Editor-D3D11RHI.dll!UnknownFunction []
[2018.10.15-09.21.07:727][988]LogWindows: Error: [Callstack] 0x00007ff9d7fee6e4 UE4Editor-D3D11RHI.dll!UnknownFunction []
[2018.10.15-09.21.07:727][988]LogWindows: Error: [Callstack] 0x00007ff9d7fc5951 UE4Editor-D3D11RHI.dll!UnknownFunction []
[2018.10.15-09.21.07:727][988]LogWindows: Error: [Callstack] 0x00007ff9d7fdabf8 UE4Editor-D3D11RHI.dll!UnknownFunction []
[2018.10.15-09.21.07:727][988]LogWindows: Error: [Callstack] 0x00007ffa10fdb106 UE4Editor-RHI.dll!UnknownFunction []
[2018.10.15-09.21.07:727][988]LogWindows: Error: [Callstack] 0x00007ff9d7c11b42 UE4Editor-SlateRHIRenderer.dll!UnknownFunction []
[2018.10.15-09.21.07:727][988]LogWindows: Error: [Callstack] 0x00007ff9d7c17d0a UE4Editor-SlateRHIRenderer.dll!UnknownFunction []
[2018.10.15-09.21.07:727][988]LogWindows: Error: [Callstack] 0x00007ff9f3e31f92 UE4Editor-Core.dll!UnknownFunction []
[2018.10.15-09.21.07:727][988]LogWindows: Error: [Callstack] 0x00007ff9f3e32456 UE4Editor-Core.dll!UnknownFunction []
[2018.10.15-09.21.07:727][988]LogWindows: Error: [Callstack] 0x00007ffa121c75f9 UE4Editor-RenderCore.dll!UnknownFunction []
[2018.10.15-09.21.07:727][988]LogWindows: Error: [Callstack] 0x00007ffa121c8574 UE4Editor-RenderCore.dll!UnknownFunction []
[2018.10.15-09.21.07:727][988]LogWindows: Error: [Callstack] 0x00007ff9f4276b7c UE4Editor-Core.dll!UnknownFunction []
[2018.10.15-09.21.07:728][988]LogWindows: Error: [Callstack] 0x00007ff9f42717c7 UE4Editor-Core.dll!UnknownFunction []
[2018.10.15-09.21.07:728][988]LogWindows: Error: [Callstack] 0x00007ffa31773034 KERNEL32.DLL!UnknownFunction []
[2018.10.15-09.21.07:728][988]LogWindows: Error: [Callstack] 0x00007ffa341b1461 ntdll.dll!UnknownFunction []
[2018.10.15-09.21.07:728][988]LogWindows: Error: 
[2018.10.15-09.21.07:728][988]LogWindows: Error: 
[2018.10.15-09.21.07:728][988]LogWindows: Error: 
[2018.10.15-09.21.07:728][988]LogWindows: Error: 
[2018.10.15-09.21.07:744][988]LogExit: Executing StaticShutdownAfterError
[2018.10.15-09.21.07:748][988]LogWindows: FPlatformMisc::RequestExit(1)
[2018.10.15-09.21.07:756][988]Log file closed, 10/15/18 17:21:07
