Log file open, 10/19/18 11:42:52
LogWindows: Failed to load 'aqProf.dll' (GetLastError=126)
LogWindows: File 'aqProf.dll' does not exist
LogWindows: Failed to load 'VtuneApi.dll' (GetLastError=126)
LogWindows: File 'VtuneApi.dll' does not exist
LogWindows: Failed to load 'VtuneApi32e.dll' (GetLastError=126)
LogWindows: File 'VtuneApi32e.dll' does not exist
LogInit: Display: Running engine for game: FYP_Prototype
LogPlatformFile: Not using cached read wrapper
LogTaskGraph: Started task graph with 5 named threads and 23 total threads with 3 sets of task threads.
LogStats: Stats thread started at 0.311140
LogD3D11RHI: Loaded GFSDK_Aftermath_Lib.x64.dll
LogICUInternationalization: Display: ICU TimeZone Detection - Raw Offset: +8:00, Platform Override: ''
LogPluginManager: Mounting plugin Paper2D
LogPluginManager: Mounting plugin AISupport
LogPluginManager: Mounting plugin LightPropagationVolume
LogPluginManager: Mounting plugin CLionSourceCodeAccess
LogPluginManager: Mounting plugin CodeLiteSourceCodeAccess
LogPluginManager: Mounting plugin GitSourceControl
LogPluginManager: Mounting plugin KDevelopSourceCodeAccess
LogPluginManager: Mounting plugin NullSourceCodeAccess
LogPluginManager: Mounting plugin PerforceSourceControl
LogPluginManager: Mounting plugin SubversionSourceControl
LogPluginManager: Mounting plugin UObjectPlugin
LogPluginManager: Mounting plugin VisualStudioCodeSourceCodeAccess
LogPluginManager: Mounting plugin VisualStudioSourceCodeAccess
LogPluginManager: Mounting plugin XCodeSourceCodeAccess
LogPluginManager: Mounting plugin AssetManagerEditor
LogPluginManager: Mounting plugin CryptoKeys
LogPluginManager: Mounting plugin DataValidation
LogPluginManager: Mounting plugin FacialAnimation
LogPluginManager: Mounting plugin GameplayTagsEditor
LogPluginManager: Mounting plugin MacGraphicsSwitching
LogPluginManager: Mounting plugin MeshEditor
LogPluginManager: Mounting plugin MobileLauncherProfileWizard
LogPluginManager: Mounting plugin PluginBrowser
LogPluginManager: Mounting plugin SpeedTreeImporter
LogPluginManager: Mounting plugin DatasmithContent
LogPluginManager: Mounting plugin AlembicImporter
LogPluginManager: Mounting plugin AppleImageUtils
LogPluginManager: Mounting plugin AppleVision
LogPluginManager: Mounting plugin BackChannel
LogPluginManager: Mounting plugin CharacterAI
LogPluginManager: Mounting plugin GeometryCache
LogPluginManager: Mounting plugin HTML5Networking
LogPluginManager: Mounting plugin ProxyLODPlugin
LogPluginManager: Mounting plugin MagicLeap
LogPluginManager: Mounting plugin MagicLeapEmulator
LogPluginManager: Mounting plugin MagicLeapMedia
LogPluginManager: Mounting plugin AndroidMedia
LogPluginManager: Mounting plugin AvfMedia
LogPluginManager: Mounting plugin ImgMedia
LogPluginManager: Mounting plugin LinearTimecode
LogPluginManager: Mounting plugin MediaCompositing
LogPluginManager: Mounting plugin MediaPlayerEditor
LogPluginManager: Mounting plugin WmfMedia
LogPluginManager: Mounting plugin TcpMessaging
LogPluginManager: Mounting plugin UdpMessaging
LogPluginManager: Mounting plugin ActorSequence
LogPluginManager: Mounting plugin LevelSequenceEditor
LogPluginManager: Mounting plugin MatineeToLevelSequence
LogPluginManager: Mounting plugin NetcodeUnitTest
LogPluginManager: Mounting plugin NUTUnrealEngine4
LogPluginManager: Mounting plugin OnlineSubsystemGooglePlay
LogPluginManager: Mounting plugin OnlineSubsystemIOS
LogPluginManager: Mounting plugin OnlineSubsystem
LogPluginManager: Mounting plugin OnlineSubsystemNull
LogPluginManager: Mounting plugin OnlineSubsystemUtils
LogPluginManager: Mounting plugin LauncherChunkInstaller
LogPluginManager: Mounting plugin AndroidDeviceProfileSelector
LogPluginManager: Mounting plugin AndroidMoviePlayer
LogPluginManager: Mounting plugin AndroidPermission
LogPluginManager: Mounting plugin AppleMoviePlayer
LogPluginManager: Mounting plugin ArchVisCharacter
LogPluginManager: Mounting plugin AudioCapture
LogPluginManager: Mounting plugin CableComponent
LogPluginManager: Mounting plugin CustomMeshComponent
LogPluginManager: Mounting plugin EditableMesh
LogPluginManager: Mounting plugin ExampleDeviceProfileSelector
LogPluginManager: Mounting plugin GoogleCloudMessaging
LogPluginManager: Mounting plugin ImmediatePhysics
LogPluginManager: Mounting plugin IOSDeviceProfileSelector
LogPluginManager: Mounting plugin LinuxDeviceProfileSelector
LogPluginManager: Mounting plugin LocationServicesBPLibrary
LogPluginManager: Mounting plugin MobilePatchingUtils
LogPluginManager: Mounting plugin OculusVR
LogPluginManager: Plugin shader directory ../../../Engine/Plugins/Runtime/Oculus/OculusVR/Shaders found
LogPluginManager: Mapping shader source directory ../../../Engine/Plugins/Runtime/Oculus/OculusVR/Shaders to virtual directory /Plugin/OculusVR
LogPluginManager: Mounting plugin PhysXVehicles
LogPluginManager: Mounting plugin ProceduralMeshComponent
LogPluginManager: Mounting plugin RuntimePhysXCooking
LogPluginManager: Mounting plugin SteamVR
LogPluginManager: Mounting plugin WindowsMoviePlayer
LogStreaming: Display: Took  0.467s to configure plugins.
LogInit: Using libcurl 7.55.1-DEV
LogInit:  - built for x86_64-pc-win32
LogInit:  - supports SSL with OpenSSL/1.0.2h
LogInit:  - supports HTTP deflate (compression) using libz 1.2.8
LogInit:  - other features:
LogInit:      CURL_VERSION_SSL
LogInit:      CURL_VERSION_LIBZ
LogInit:      CURL_VERSION_IPV6
LogInit:      CURL_VERSION_ASYNCHDNS
LogInit:      CURL_VERSION_LARGEFILE
LogInit:      CURL_VERSION_IDN
LogInit:  CurlRequestOptions (configurable via config and command line):
LogInit:  - bVerifyPeer = false  - Libcurl will NOT verify peer certificate
LogInit:  - bUseHttpProxy = false  - Libcurl will NOT use HTTP proxy
LogInit:  - bDontReuseConnections = false  - Libcurl will reuse connections
LogInit:  - CertBundlePath = nullptr  - Libcurl will use whatever was configured at build time.
LogInit:  - MaxHostConnections = 16  - Libcurl will limit the number of connections to a host
LogInit:  - LocalHostAddr = Default
LogInit:  - BufferSize = 65536
LogInit: WinSock: version 1.1 (2.2), MaxSocks=32767, MaxUdp=65467
LogInit: Build: ++UE4+Release-4.20-CL-4369336
LogInit: Engine Version: 4.20.3-4369336+++UE4+Release-4.20
LogInit: Compatible Engine Version: 4.20.0-4212847+++UE4+Release-4.20
LogInit: Net CL: 4212847
LogInit: OS: Windows 10 (), CPU: Intel(R) Core(TM) i7-7700HQ CPU @ 2.80GHz, GPU: Intel(R) HD Graphics 630
LogInit: Compiled (64-bit): Sep 17 2018 12:26:19
LogInit: Compiled with Visual C++: 19.13.26129.00
LogInit: Build Configuration: Development
LogInit: Branch Name: ++UE4+Release-4.20
LogInit: Command Line: 
LogInit: Base Directory: C:/Program Files/Epic Games/UE_4.20/Engine/Binaries/Win64/
LogInit: Installed Engine Build: 1
LogDevObjectVersion: Number of dev versions registered: 20
LogDevObjectVersion:   Dev-Blueprints (B0D832E4-1F89-4F0D-ACCF-7EB736FD4AA2): 10
LogDevObjectVersion:   Dev-Build (E1C64328-A22C-4D53-A36C-8E866417BD8C): 0
LogDevObjectVersion:   Dev-Core (375EC13C-06E4-48FB-B500-84F0262A717E): 2
LogDevObjectVersion:   Dev-Editor (E4B068ED-F494-42E9-A231-DA0B2E46BB41): 24
LogDevObjectVersion:   Dev-Framework (CFFC743F-43B0-4480-9391-14DF171D2073): 34
LogDevObjectVersion:   Dev-Mobile (B02B49B5-BB20-44E9-A304-32B752E40360): 2
LogDevObjectVersion:   Dev-Networking (A4E4105C-59A1-49B5-A7C5-40C4547EDFEE): 0
LogDevObjectVersion:   Dev-Online (39C831C9-5AE6-47DC-9A44-9C173E1C8E7C): 0
LogDevObjectVersion:   Dev-Physics (78F01B33-EBEA-4F98-B9B4-84EACCB95AA2): 0
LogDevObjectVersion:   Dev-Platform (6631380F-2D4D-43E0-8009-CF276956A95A): 0
LogDevObjectVersion:   Dev-Rendering (12F88B9F-8875-4AFC-A67C-D90C383ABD29): 26
LogDevObjectVersion:   Dev-Sequencer (7B5AE74C-D270-4C10-A958-57980B212A5A): 9
LogDevObjectVersion:   Dev-VR (D7296918-1DD6-4BDD-9DE2-64A83CC13884): 2
LogDevObjectVersion:   Dev-LoadTimes (C2A15278-BFE7-4AFE-6C17-90FF531DF755): 1
LogDevObjectVersion:   Private-Geometry (6EACA3D4-40EC-4CC1-B786-8BED09428FC5): 3
LogDevObjectVersion:   Dev-AnimPhys (29E575DD-E0A3-4627-9D10-D276232CDCEA): 17
LogDevObjectVersion:   Dev-ReflectionCapture (6B266CEC-1EC7-4B8F-A30B-E4D90942FC07): 1
LogDevObjectVersion:   Dev-Automation (0DF73D61-A23F-47EA-B727-89E90C41499A): 1
LogDevObjectVersion:   FortniteMain (601D1886-AC64-4F84-AA16-D3DE0DEAC7D6): 12
LogDevObjectVersion:   Dev-Enterprise (9DFFBCD6-494F-0158-E221-12823C92A888): 1
LogStreaming: Display: Took  0.008s to delete old logs.
LogInit: Presizing for max 8388607 objects, including 0 objects not considered by GC, pre-allocating 0 bytes for permanent pool.
LogInit: Object subsystem initialized
[2018.10.19-03.42.52:943][  0]LogInit: Selected Device Profile: [Windows]
[2018.10.19-03.42.52:943][  0]LogInit: Applying CVar settings loaded from the selected device profile: [Windows]
[2018.10.19-03.42.52:965][  0]LogHAL: Display: Platform has ~ 8 GB [8465178624 / 8589934592 / 8], which maps to Default [LargestMinGB=32, LargerMinGB=12, DefaultMinGB=8, SmallerMinGB=6, SmallestMinGB=0)
[2018.10.19-03.42.52:965][  0]LogInit: Setting Device Profile CVar: [[r.Vulkan.UseRealUBs:1]]
[2018.10.19-03.42.52:965][  0]LogInit: Going up to parent DeviceProfile []
[2018.10.19-03.42.52:965][  0]LogInit: Computer: LAPTOP-8L78J8RF
[2018.10.19-03.42.52:965][  0]LogInit: User: kumik
[2018.10.19-03.42.52:965][  0]LogInit: CPU Page size=4096, Cores=4
[2018.10.19-03.42.52:965][  0]LogInit: High frequency timer resolution =2.742188 MHz
[2018.10.19-03.42.52:966][  0]LogMemory: Memory total: Physical=7.9GB (8GB approx)
[2018.10.19-03.42.52:966][  0]LogMemory: Platform Memory Stats for Windows
[2018.10.19-03.42.52:966][  0]LogMemory: Process Physical Memory: 101.18 MB used, 101.18 MB peak
[2018.10.19-03.42.52:966][  0]LogMemory: Process Virtual Memory: 93.51 MB used, 93.51 MB peak
[2018.10.19-03.42.52:966][  0]LogMemory: Physical Memory: 4974.47 MB used,  3098.55 MB free, 8073.02 MB total
[2018.10.19-03.42.52:966][  0]LogMemory: Virtual Memory: 4633.53 MB used,  3098.55 MB free, 134217728.00 MB total
[2018.10.19-03.42.53:000][  0]LogInit: Using OS detected language (en-US).
[2018.10.19-03.42.53:000][  0]LogInit: Using OS detected locale (en-US).
[2018.10.19-03.42.53:002][  0]LogTextLocalizationManager: No specific localization for 'en-US' exists, so the 'en' localization will be used.
[2018.10.19-03.42.53:386][  0]LogStreaming: Display: Took  0.386s to InitEngineTextLocalization.
[2018.10.19-03.42.53:386][  0]LogInit: Setting process to per monitor DPI aware
[2018.10.19-03.42.53:432][  0]LogSlate: New Slate User Created.  User Index 0, Is Virtual User: 0
[2018.10.19-03.42.53:432][  0]LogSlate: Slate User Registered.  User Index 0, Is Virtual User: 0
[2018.10.19-03.42.53:731][  0]LogHMD: Failed to initialize OpenVR with code 110
[2018.10.19-03.42.53:731][  0]LogD3D11RHI: D3D11 adapters:
[2018.10.19-03.42.53:792][  0]LogD3D11RHI:    0. 'NVIDIA GeForce GTX 1050' (Feature Level 11_0)
[2018.10.19-03.42.53:792][  0]LogD3D11RHI:       4031/0/4036 MB DedicatedVideo/DedicatedSystem/SharedSystem, Outputs:1, VendorId:0x10de
[2018.10.19-03.42.53:812][  0]LogD3D11RHI:    1. 'Intel(R) HD Graphics 630' (Feature Level 11_0)
[2018.10.19-03.42.53:812][  0]LogD3D11RHI:       128/0/4036 MB DedicatedVideo/DedicatedSystem/SharedSystem, Outputs:0, VendorId:0x8086
[2018.10.19-03.42.53:816][  0]LogD3D11RHI:    2. 'Microsoft Basic Render Driver' (Feature Level 11_0)
[2018.10.19-03.42.53:816][  0]LogD3D11RHI:       0/0/4036 MB DedicatedVideo/DedicatedSystem/SharedSystem, Outputs:0, VendorId:0x1414
[2018.10.19-03.42.53:816][  0]LogD3D11RHI: Chosen D3D11 Adapter: 0
[2018.10.19-03.42.53:846][  0]LogD3D11RHI: Creating new Direct3DDevice
[2018.10.19-03.42.53:846][  0]LogD3D11RHI:     GPU DeviceId: 0x1c8d (for the marketing name, search the web for "GPU Device Id")
[2018.10.19-03.42.53:846][  0]LogWindows: EnumDisplayDevices:
[2018.10.19-03.42.53:847][  0]LogWindows:    0. 'Intel(R) HD Graphics 630' (P:1 D:1)
[2018.10.19-03.42.53:847][  0]LogWindows:    1. 'Intel(R) HD Graphics 630' (P:0 D:0)
[2018.10.19-03.42.53:848][  0]LogWindows:    2. 'Intel(R) HD Graphics 630' (P:0 D:0)
[2018.10.19-03.42.53:848][  0]LogWindows: DebugString: PrimaryIsNotTheChoosenAdapter PrimaryIsNotTheChoosenAdapter PrimaryIsNotTheChoosenAdapter FoundDriverCount:0 
[2018.10.19-03.42.53:848][  0]LogD3D11RHI:     Adapter Name: NVIDIA GeForce GTX 1050
[2018.10.19-03.42.53:848][  0]LogD3D11RHI:   Driver Version: Unknown (internal:Unknown, unified:Unknown)
[2018.10.19-03.42.53:848][  0]LogD3D11RHI:      Driver Date: Unknown
[2018.10.19-03.42.53:848][  0]LogRHI: Texture pool is 2821 MB (70% of 4031 MB)
[2018.10.19-03.42.53:877][  0]LogD3D11RHI: Async texture creation enabled
[2018.10.19-03.42.53:889][  0]LogD3D11RHI: GPU Timing Frequency: 1000.000000 (Debug: 2 1)
[2018.10.19-03.42.53:891][  0]LogShaderCompilers: Guid format shader working directory is -32 characters bigger than the processId version (../../../../../../Users/kumik/OneDrive/Documents/GitHub/FYP/Main/FYP_Prototype/Intermediate/Shaders/WorkingDirectory/8056/).
[2018.10.19-03.42.53:891][  0]LogShaderCompilers: Cleaned the shader compiler working directory 'C:/Users/kumik/AppData/Local/Temp/UnrealShaderWorkingDir/923765B643CE8E960B7825A984FA951C/'.
[2018.10.19-03.42.54:273][  0]LogTemp: Display: Loaded TP AllDesktopTargetPlatform
[2018.10.19-03.42.54:289][  0]LogTemp: Display: Loaded TP MacClientTargetPlatform
[2018.10.19-03.42.54:303][  0]LogTemp: Display: Loaded TP MacNoEditorTargetPlatform
[2018.10.19-03.42.54:319][  0]LogTemp: Display: Loaded TP MacServerTargetPlatform
[2018.10.19-03.42.54:334][  0]LogTemp: Display: Loaded TP MacTargetPlatform
[2018.10.19-03.42.54:348][  0]LogTemp: Display: Loaded TP WindowsClientTargetPlatform
[2018.10.19-03.42.54:364][  0]LogTemp: Display: Loaded TP WindowsNoEditorTargetPlatform
[2018.10.19-03.42.54:380][  0]LogTemp: Display: Loaded TP WindowsServerTargetPlatform
[2018.10.19-03.42.54:388][  0]LogTemp: Display: Loaded TP WindowsTargetPlatform
[2018.10.19-03.42.54:470][  0]LogTemp: Display: Loaded TP AndroidTargetPlatform
[2018.10.19-03.42.54:470][  0]LogTemp: Display: Loaded TP AndroidTargetPlatform
[2018.10.19-03.42.54:470][  0]LogTemp: Display: Loaded TP AndroidTargetPlatform
[2018.10.19-03.42.54:470][  0]LogTemp: Display: Loaded TP AndroidTargetPlatform
[2018.10.19-03.42.54:470][  0]LogTemp: Display: Loaded TP AndroidTargetPlatform
[2018.10.19-03.42.54:470][  0]LogTemp: Display: Loaded TP AndroidTargetPlatform
[2018.10.19-03.42.54:470][  0]LogTemp: Display: Loaded TP AndroidTargetPlatform
[2018.10.19-03.42.54:470][  0]LogTemp: Display: Loaded TP AndroidTargetPlatform
[2018.10.19-03.42.54:470][  0]LogTemp: Display: Loaded TP AndroidTargetPlatform
[2018.10.19-03.42.54:470][  0]LogTemp: Display: Loaded TP AndroidTargetPlatform
[2018.10.19-03.42.54:470][  0]LogTemp: Display: Loaded TP AndroidTargetPlatform
[2018.10.19-03.42.54:470][  0]LogTemp: Display: Loaded TP AndroidTargetPlatform
[2018.10.19-03.42.54:470][  0]LogTemp: Display: Loaded TP AndroidTargetPlatform
[2018.10.19-03.42.54:470][  0]LogTemp: Display: Loaded TP AndroidTargetPlatform
[2018.10.19-03.42.54:470][  0]LogTemp: Display: Loaded TP AndroidTargetPlatform
[2018.10.19-03.42.54:470][  0]LogTemp: Display: Loaded TP AndroidTargetPlatform
[2018.10.19-03.42.54:470][  0]LogTemp: Display: Loaded TP AndroidTargetPlatform
[2018.10.19-03.42.54:470][  0]LogTemp: Display: Loaded TP AndroidTargetPlatform
[2018.10.19-03.42.54:472][  0]LogTemp: Display: Loaded TP HTML5TargetPlatform
[2018.10.19-03.42.54:536][  0]LogTemp: Display: Loaded TP IOSTargetPlatform
[2018.10.19-03.42.54:536][  0]LogTemp: Display: Loaded TP IOSTargetPlatform
[2018.10.19-03.42.54:566][  0]LogTemp: Display: Loaded TP TVOSTargetPlatform
[2018.10.19-03.42.54:566][  0]LogTemp: Display: Loaded TP TVOSTargetPlatform
[2018.10.19-03.42.54:579][  0]LogTemp: Display: Loaded TP LinuxClientTargetPlatform
[2018.10.19-03.42.54:593][  0]LogTemp: Display: Loaded TP LinuxNoEditorTargetPlatform
[2018.10.19-03.42.54:606][  0]LogTemp: Display: Loaded TP LinuxServerTargetPlatform
[2018.10.19-03.42.54:621][  0]LogTemp: Display: Loaded TP LinuxTargetPlatform
[2018.10.19-03.42.54:631][  0]LogTemp: Display: Loaded TP LuminTargetPlatform
[2018.10.19-03.42.54:631][  0]LogTargetPlatformManager: Display: Building Assets For Windows
[2018.10.19-03.42.54:714][  0]LogXGEController: Cannot use XGE Controller as Incredibuild is not installed on this machine.
[2018.10.19-03.42.54:714][  0]LogShaderCompilers: Cannot use XGE Shader Compiler as Incredibuild is not installed on this machine.
[2018.10.19-03.42.54:714][  0]LogShaderCompilers: Display: Using Local Shader Compiler.
[2018.10.19-03.42.55:503][  0]LogDerivedDataCache: Display: Max Cache Size: 512 MB
[2018.10.19-03.42.55:568][  0]LogDerivedDataCache: Loaded boot cache 0.06s 86MB C:/Users/kumik/AppData/Local/UnrealEngine/4.20/DerivedDataCache/Boot.ddc.
[2018.10.19-03.42.55:569][  0]LogDerivedDataCache: Display: Loaded Boot cache: C:/Users/kumik/AppData/Local/UnrealEngine/4.20/DerivedDataCache/Boot.ddc
[2018.10.19-03.42.55:569][  0]LogDerivedDataCache: FDerivedDataBackendGraph:  Pak pak cache file ../../../../../../Users/kumik/OneDrive/Documents/GitHub/FYP/Main/FYP_Prototype/DerivedDataCache/DDC.ddp not found, will not use a pak cache.
[2018.10.19-03.42.55:569][  0]LogDerivedDataCache: Unable to find inner node Pak for hierarchical cache Hierarchy.
[2018.10.19-03.42.55:569][  0]LogDerivedDataCache: FDerivedDataBackendGraph:  CompressedPak pak cache file ../../../../../../Users/kumik/OneDrive/Documents/GitHub/FYP/Main/FYP_Prototype/DerivedDataCache/Compressed.ddp not found, will not use a pak cache.
[2018.10.19-03.42.55:569][  0]LogDerivedDataCache: Unable to find inner node CompressedPak for hierarchical cache Hierarchy.
[2018.10.19-03.42.55:581][  0]LogDerivedDataCache: Display: Pak cache opened for reading ../../../Engine/DerivedDataCache/Compressed.ddp.
[2018.10.19-03.42.55:595][  0]LogDerivedDataCache: Using Local data cache path C:/Users/kumik/AppData/Local/UnrealEngine/Common/DerivedDataCache: Writable
[2018.10.19-03.42.55:595][  0]LogDerivedDataCache: Shared data cache path not found in *engine.ini, will not use an Shared cache.
[2018.10.19-03.42.55:595][  0]LogDerivedDataCache: Unable to find inner node Shared for hierarchical cache Hierarchy.
[2018.10.19-03.42.55:618][  0]LogMaterial: Verifying Global Shaders for PCD3D_SM5
[2018.10.19-03.42.55:619][  0]LogSlate: Using FreeType 2.6.0
[2018.10.19-03.42.55:620][  0]LogSlate: SlateFontServices - WITH_FREETYPE: 1, WITH_HARFBUZZ: 1
[2018.10.19-03.42.55:710][  0]LogAssetRegistry: FAssetRegistry took 0.0281 seconds to start up
[2018.10.19-03.42.56:062][  0]LogInit: Selected Device Profile: [Windows]
[2018.10.19-03.42.56:220][  0]LogSimplygon: Simplygon DLL not present - disabling.
[2018.10.19-03.42.56:226][  0]LogMeshReduction: Using SimplygonSwarm for distributed automatic mesh merging
[2018.10.19-03.42.56:226][  0]LogMeshReduction: Using ProxyLODMeshReduction for automatic mesh merging
[2018.10.19-03.42.56:226][  0]LogMeshReduction: Using QuadricMeshReduction for automatic static mesh reduction
[2018.10.19-03.42.56:226][  0]LogMeshReduction: No automatic skeletal mesh reduction module available
[2018.10.19-03.42.56:247][  0]LogNetVersion: FYP_Prototype 1.0.0, NetCL: 4212847, EngineNetVer: 5, GameNetVer: 0 (Checksum: 1129731653)
[2018.10.19-03.42.56:967][  0]LogPackageLocalizationCache: Processed 11 localized package path(s) for 2 prioritized culture(s) in 0.211027 seconds
[2018.10.19-03.42.56:974][  0]LogUObjectArray: 38425 objects as part of root set at end of initial load.
[2018.10.19-03.42.56:974][  0]LogUObjectAllocator: 6690872 out of 0 bytes used by permanent object pool.
[2018.10.19-03.42.56:974][  0]LogUObjectArray: CloseDisregardForGC: 0/0 objects in disregard for GC pool
[2018.10.19-03.42.58:127][  0]LogTcpMessaging: Initializing TcpMessaging bridge
[2018.10.19-03.42.58:142][  0]LogUdpMessaging: Initializing bridge on interface 0.0.0.0:0 to multicast group 230.0.0.1:6666.
[2018.10.19-03.42.58:340][  0]SourceControl: Source control is disabled
[2018.10.19-03.42.58:340][  0]SourceControl: Source control is disabled
[2018.10.19-03.42.58:342][  0]SourceControl: Source control is disabled
[2018.10.19-03.42.58:344][  0]SourceControl: Source control is disabled
[2018.10.19-03.42.58:553][  0]LogAndroidPermission: UAndroidPermissionCallbackProxy::GetInstance
[2018.10.19-03.42.58:611][  0]LogOcInput: OculusInput pre-init called
[2018.10.19-03.42.58:679][  0]LogEngine: Initializing Engine...
[2018.10.19-03.42.58:680][  0]LogHMD: Failed to initialize OpenVR with code 110
[2018.10.19-03.42.58:682][  0]LogStats: UGameplayTagsManager::ConstructGameplayTagTree: ImportINI prefixes -  0.000 s
[2018.10.19-03.42.58:682][  0]LogStats: UGameplayTagsManager::ConstructGameplayTagTree: Construct from data asset -  0.000 s
[2018.10.19-03.42.58:682][  0]LogStats: UGameplayTagsManager::ConstructGameplayTagTree: ImportINI -  0.000 s
[2018.10.19-03.42.58:682][  0]LogStats: UGameplayTagsManager::ConstructGameplayTagTree: GameplayTagTreeChangedEvent.Broadcast -  0.000 s
[2018.10.19-03.42.58:946][  0]LogInit: Initializing FReadOnlyCVARCache
[2018.10.19-03.42.58:970][  0]LogAIModule: Creating AISystem for world Untitled
[2018.10.19-03.42.58:993][  0]LogInit: XAudio2 using 'Speakers (Conexant SmartAudio HD)' : 2 channels at 48 kHz using 32 bits per sample (channel mask 0x3)
[2018.10.19-03.42.59:267][  0]LogInit: FAudioDevice initialized.
[2018.10.19-03.42.59:267][  0]LogNetVersion: Set ProjectVersion to 1.0.0.0. Version Checksum will be recalculated on next use.
[2018.10.19-03.42.59:397][  0]LogDerivedDataCache: Saved boot cache 0.13s 86MB C:/Users/kumik/AppData/Local/UnrealEngine/4.20/DerivedDataCache/Boot.ddc.
[2018.10.19-03.42.59:417][  0]LogInit: Texture streaming: Enabled
[2018.10.19-03.42.59:444][  0]LogEngineSessionManager: EngineSessionManager initialized
[2018.10.19-03.42.59:461][  0]LogInit: Transaction tracking system initialized
[2018.10.19-03.42.59:494][  0]BlueprintLog: New page: Editor Load
[2018.10.19-03.42.59:606][  0]LocalizationService: Localization service is disabled
[2018.10.19-03.42.59:969][  0]LogCook: Display: Max memory allowance for cook 16384mb min free memory 0mb
[2018.10.19-03.42.59:969][  0]LogCook: Display: Mobile HDR setting 1
[2018.10.19-03.42.59:969][  0]LogGameplayTags: Display: UGameplayTagsManager::DoneAddingNativeTags. DelegateIsBound: 0
[2018.10.19-03.42.59:969][  0]LogStats: UGameplayTagsManager::ConstructGameplayTagTree: ImportINI prefixes -  0.000 s
[2018.10.19-03.42.59:969][  0]LogStats: UGameplayTagsManager::ConstructGameplayTagTree: Construct from data asset -  0.000 s
[2018.10.19-03.42.59:970][  0]LogStats: UGameplayTagsManager::ConstructGameplayTagTree: ImportINI -  0.000 s
[2018.10.19-03.42.59:970][  0]LogStats: UGameplayTagsManager::ConstructGameplayTagTree: GameplayTagTreeChangedEvent.Broadcast -  0.000 s
[2018.10.19-03.43.00:148][  0]LogFileCache: Scanning file cache for directory 'C:/Users/kumik/OneDrive/Documents/GitHub/FYP/Main/FYP_Prototype/Content/' took 0.09s
[2018.10.19-03.43.00:148][  0]SourceControl: Source control is disabled
[2018.10.19-03.43.00:148][  0]Cmd: MAP LOAD FILE="../../../../../../Users/kumik/OneDrive/Documents/GitHub/FYP/Main/FYP_Prototype/Content/VirtualRealityBP/Maps/StartupMap.umap" TEMPLATE=0 SHOWPROGRESS=1 FEATURELEVEL=3
[2018.10.19-03.43.00:153][  0]LightingResults: New page: Lighting Build
[2018.10.19-03.43.00:156][  0]MapCheck: New page: Map Check
[2018.10.19-03.43.00:156][  0]LightingResults: New page: Lighting Build
[2018.10.19-03.43.00:371][  0]LogAIModule: Creating AISystem for world StartupMap
[2018.10.19-03.43.00:383][  0]LogEditorServer: Finished looking for orphan Actors (0.000 secs)
[2018.10.19-03.43.00:404][  0]Cmd: MAP CHECKDEP NOCLEARLOG
[2018.10.19-03.43.00:521][  0]MapCheck: Map check complete: 0 Error(s), 0 Warning(s), took 116.021ms to complete.
[2018.10.19-03.43.00:521][  0]LogFileHelpers: Loading map 'StartupMap' took 0.373
[2018.10.19-03.43.00:716][  0]LogSlate: Updating window title bar state: overlay mode, drag disabled, window buttons hidden, title bar hidden
[2018.10.19-03.43.00:728][  0]LogSlate: Updating window title bar state: overlay mode, drag disabled, window buttons hidden, title bar hidden
[2018.10.19-03.43.00:739][  0]LogSlate: Updating window title bar state: overlay mode, drag disabled, window buttons hidden, title bar hidden
[2018.10.19-03.43.00:748][  0]LogSlate: Updating window title bar state: overlay mode, drag disabled, window buttons hidden, title bar hidden
[2018.10.19-03.43.00:774][  0]LogCollectionManager: Loaded 0 collections in 0.004655 seconds
[2018.10.19-03.43.00:878][  0]LogFileCache: Scanning file cache for directory 'C:/Users/kumik/OneDrive/Documents/GitHub/FYP/Main/FYP_Prototype/Saved/Collections/' took 0.01s
[2018.10.19-03.43.00:878][  0]LogFileCache: Scanning file cache for directory 'C:/Users/kumik/OneDrive/Documents/GitHub/FYP/Main/FYP_Prototype/Content/Developers/kumik/Collections/' took 0.01s
[2018.10.19-03.43.00:878][  0]LogFileCache: Scanning file cache for directory 'C:/Users/kumik/OneDrive/Documents/GitHub/FYP/Main/FYP_Prototype/Content/Collections/' took 0.01s
[2018.10.19-03.43.00:878][  0]LogCollectionManager: Rebuilt the GUID cache for 0 collections in 0.000001 seconds
[2018.10.19-03.43.00:911][  0]LogContentBrowser: Native class hierarchy populated in 0.0291 seconds. Added 2572 classes and 603 folders.
[2018.10.19-03.43.00:946][  0]LogContentBrowser: Native class hierarchy updated for 'WidgetCarousel' in 0.0005 seconds. Added 0 classes and 0 folders.
[2018.10.19-03.43.01:302][  0]LogContentBrowser: Native class hierarchy updated for 'AddContentDialog' in 0.0005 seconds. Added 0 classes and 0 folders.
[2018.10.19-03.43.01:334][  0]LogContentBrowser: Native class hierarchy updated for 'SceneOutliner' in 0.0006 seconds. Added 1 classes and 2 folders.
[2018.10.19-03.43.01:468][  0]LogSlate: Took 0.000606 seconds to synchronously load lazily loaded font '../../../Engine/Content/Slate/Fonts/Roboto-Regular.ttf' (155K)
[2018.10.19-03.43.01:476][  0]LogSlate: Took 0.002388 seconds to synchronously load lazily loaded font '../../../Engine/Content/Slate/Fonts/Roboto-Bold.ttf' (160K)
[2018.10.19-03.43.01:489][  0]LogSlate: Took 0.001787 seconds to synchronously load lazily loaded font '../../../Engine/Content/Editor/Slate/Fonts/FontAwesome.ttf' (139K)
[2018.10.19-03.43.01:602][  0]LogRenderer: Reallocating scene render targets to support 964x436 Format 26 NumSamples 1 (Frame:1).
[2018.10.19-03.43.01:809][  0]LogContentBrowser: Native class hierarchy updated for 'HierarchicalLODOutliner' in 0.0002 seconds. Added 0 classes and 0 folders.
[2018.10.19-03.43.01:809][  0]LogLoad: (Engine Initialization) Total time: 11.83 seconds
[2018.10.19-03.43.01:809][  0]LogLoad: (Engine Initialization) Total Blueprint compile time: 0.00 seconds
[2018.10.19-03.43.01:828][  0]LogWindowsTextInputMethodSystem: Display: IME system now deactivated.
[2018.10.19-03.43.01:878][  0]LogContentStreaming: Texture pool size now 1000 MB
[2018.10.19-03.43.01:905][  0]LogSlate: Took 0.002963 seconds to synchronously load lazily loaded font '../../../Engine/Content/Slate/Fonts/Roboto-Light.ttf' (167K)
[2018.10.19-03.43.01:952][  1]LogAssetRegistry: Asset discovery search completed in 6.2661 seconds
[2018.10.19-03.43.01:954][  1]LogCollectionManager: Rebuilt the object cache for 0 collections in 0.000000 seconds (found 0 objects)
[2018.10.19-03.43.01:954][  1]LogCollectionManager: Fixed up redirectors for 0 collections in 0.000053 seconds (updated 0 objects)
[2018.10.19-03.43.05:036][ 69]LogSlate: FSceneViewport::OnFocusLost() reason 0
[2018.10.19-03.43.05:252][ 75]LogSlate: Window 'Message Log' being destroyed
[2018.10.19-03.43.05:294][ 75]LogSlate: Window 'Message Log' being destroyed
[2018.10.19-03.43.06:966][123]LogFileCache: Retrieving MD5 hashes for directory 'C:/Users/kumik/OneDrive/Documents/GitHub/FYP/Main/FYP_Prototype/Content/' took 5.13s
[2018.10.19-03.43.09:104][179]LogSlate: FSceneViewport::OnFocusLost() reason 0
[2018.10.19-03.43.15:431][312]LogSlate: Took 0.000441 seconds to synchronously load lazily loaded font '../../../Engine/Content/Slate/Fonts/Roboto-Light.ttf' (167K)
[2018.10.19-03.43.18:604][312]LogAIModule: Creating AISystem for world MotionControllerMap
[2018.10.19-03.43.18:647][312]LogAssetEditorManager: Opening Asset editor for World /Game/VirtualRealityBP/Maps/MotionControllerMap.MotionControllerMap
[2018.10.19-03.43.18:679][312]Cmd: MAP LOAD FILE="../../../../../../Users/kumik/OneDrive/Documents/GitHub/FYP/Main/FYP_Prototype/Content/VirtualRealityBP/Maps/MotionControllerMap.umap" TEMPLATE=0 SHOWPROGRESS=1 FEATURELEVEL=3
[2018.10.19-03.43.18:679][312]LightingResults: New page: Lighting Build
[2018.10.19-03.43.18:679][312]LoadErrors: New page: Loading map: MotionControllerMap.umap
[2018.10.19-03.43.18:681][312]MapCheck: New page: Map Check
[2018.10.19-03.43.18:681][312]LightingResults: New page: Lighting Build
[2018.10.19-03.43.18:736][312]LogEditorServer: Finished looking for orphan Actors (0.000 secs)
[2018.10.19-03.43.18:785][312]Cmd: MAP CHECKDEP NOCLEARLOG
[2018.10.19-03.43.19:012][312]MapCheck: Map check complete: 0 Error(s), 0 Warning(s), took 226.37ms to complete.
[2018.10.19-03.43.19:013][312]LogFileHelpers: Loading map 'MotionControllerMap' took 0.336
[2018.10.19-03.43.50:562][ 91]LogEditorViewport: Clicking on Actor (LMB): StaticMeshActor (Room5)
[2018.10.19-03.43.53:479][174]LogSlate: FSceneViewport::OnFocusLost() reason 0
[2018.10.19-03.44.06:955][429]LogAssetEditorManager: Opening Asset editor for Material /Game/FBX/RoomMaterials/Room5/Room5.Room5
[2018.10.19-03.44.06:966][429]LogMaterial: Display: Missing cached shader map for material Room5, compiling. 
[2018.10.19-03.44.07:643][429]LogMaterial: Display: Missing cached shader map for material Room5, compiling. 
[2018.10.19-03.44.07:660][429]LogMaterial: Display: Missing cached shader map for material Room5, compiling. 
[2018.10.19-03.44.07:678][429]LogShaderCompilers: Display: Shaders left to compile 21
[2018.10.19-03.44.07:678][429]LogShaderCompilers: Display: Shaders left to compile 20
[2018.10.19-03.44.07:678][429]LogShaderCompilers: Display: Shaders left to compile 19
[2018.10.19-03.44.07:678][429]LogShaderCompilers: Display: Shaders left to compile 18
[2018.10.19-03.44.07:703][429]LogMaterial: Display: Missing cached shader map for material FMatExpressionPreview MaterialExpressionTextureSample_0, compiling. 
[2018.10.19-03.44.07:710][429]LogMaterial: Display: Missing cached shader map for material FMatExpressionPreview MaterialExpressionTextureSample_1, compiling. 
[2018.10.19-03.44.07:716][429]LogMaterial: Display: Missing cached shader map for material FMatExpressionPreview MaterialExpressionTextureSample_2, compiling. 
[2018.10.19-03.44.07:723][429]LogMaterial: Display: Missing cached shader map for material FMatExpressionPreview MaterialExpressionTextureSample_3, compiling. 
[2018.10.19-03.44.07:732][429]LogMaterial: Display: Missing cached shader map for material FMatExpressionPreview MaterialExpressionVectorParameter_0, compiling. 
[2018.10.19-03.44.07:789][429]LogSlate: Took 0.001937 seconds to synchronously load lazily loaded font '../../../Engine/Content/Slate/Fonts/Roboto-BoldCondensed.ttf' (158K)
[2018.10.19-03.44.08:178][435]LogSlate: Took 0.004227 seconds to synchronously load lazily loaded font '../../../Engine/Content/Slate/Fonts/Roboto-Italic.ttf' (157K)
[2018.10.19-03.44.08:561][441]LogShaderCompilers: Display: Shaders left to compile 27
[2018.10.19-03.44.08:628][442]LogShaderCompilers: Display: Shaders left to compile 26
[2018.10.19-03.44.08:663][443]LogShaderCompilers: Display: Shaders left to compile 25
[2018.10.19-03.44.08:669][443]LogShaderCompilers: Display: Shaders left to compile 24
[2018.10.19-03.44.08:886][446]LogShaderCompilers: Display: Shaders left to compile 23
[2018.10.19-03.44.08:927][447]LogShaderCompilers: Display: Shaders left to compile 22
[2018.10.19-03.44.08:953][447]LogShaderCompilers: Display: Shaders left to compile 21
[2018.10.19-03.44.09:006][448]LogShaderCompilers: Display: Shaders left to compile 20
[2018.10.19-03.44.09:189][451]LogShaderCompilers: Display: Shaders left to compile 19
[2018.10.19-03.44.09:551][456]LogShaderCompilers: Display: Shaders left to compile 18
[2018.10.19-03.44.09:803][460]LogShaderCompilers: Display: Shaders left to compile 17
[2018.10.19-03.44.09:876][461]LogShaderCompilers: Display: Shaders left to compile 16
[2018.10.19-03.44.10:012][463]LogShaderCompilers: Display: Shaders left to compile 15
[2018.10.19-03.44.10:335][468]LogShaderCompilers: Display: Shaders left to compile 14
[2018.10.19-03.44.10:405][470]LogShaderCompilers: Display: Shaders left to compile 13
[2018.10.19-03.44.10:801][478]LogShaderCompilers: Display: Shaders left to compile 12
[2018.10.19-03.44.10:982][482]LogShaderCompilers: Display: Shaders left to compile 11
[2018.10.19-03.44.11:086][484]LogShaderCompilers: Display: Shaders left to compile 10
[2018.10.19-03.44.11:310][489]LogShaderCompilers: Display: Shaders left to compile 9
[2018.10.19-03.44.12:266][509]LogShaderCompilers: Display: Shaders left to compile 8
[2018.10.19-03.44.12:837][522]LogShaderCompilers: Display: Shaders left to compile 7
[2018.10.19-03.44.12:877][523]LogShaderCompilers: Display: Shaders left to compile 6
[2018.10.19-03.44.13:119][528]LogShaderCompilers: Display: Shaders left to compile 5
[2018.10.19-03.44.14:517][559]LogShaderCompilers: Display: Shaders left to compile 4
[2018.10.19-03.44.14:608][561]LogShaderCompilers: Display: Shaders left to compile 3
[2018.10.19-03.44.14:758][564]MaterialEditorStats: Base pass shader: 169 instructions
[2018.10.19-03.44.14:758][564]MaterialEditorStats: Base pass shader with Volumetric Lightmap: 242 instructions
[2018.10.19-03.44.14:758][564]MaterialEditorStats: Base pass vertex shader: 92 instructions
[2018.10.19-03.44.14:758][564]MaterialEditorStats: Texture samplers: 7/16
[2018.10.19-03.44.14:758][564]MaterialEditorStats: Texture Lookups (Est.): VS(0), PS(4)
[2018.10.19-03.44.14:758][564]MaterialEditorStats: User interpolators: 2/4 Scalars (1/4 Vectors) (TexCoords: 2, Custom: 0)
[2018.10.19-03.44.14:908][567]LogShaderCompilers: Display: Shaders left to compile 2
[2018.10.19-03.44.14:959][568]LogShaderCompilers: Display: Shaders left to compile 1
[2018.10.19-03.44.30:613][756]LogSlate: FSceneViewport::OnFocusLost() reason 0
[2018.10.19-03.44.30:779][758]LogSlate: Window 'Room5' being destroyed
[2018.10.19-03.44.30:864][758]LogSlate: Window 'Room5' being destroyed
[2018.10.19-03.44.48:329][460]LogEditorViewport: Clicking on Actor (LMB): StaticMeshActor (Room4)
[2018.10.19-03.44.49:346][494]LogEditorViewport: Clicking on Actor (LMB): Pipe_BP_C (Pipe_BP)
[2018.10.19-03.44.59:010][784]LogEditorViewport: Clicking on Actor (LMB): StaticMeshActor (Room4)
[2018.10.19-03.45.07:797][ 42]LogSlate: FSceneViewport::OnFocusLost() reason 0
[2018.10.19-03.45.08:988][ 44]LogSavePackage: Moving '../../../../../../Users/kumik/OneDrive/Documents/GitHub/FYP/Main/FYP_Prototype/Saved/MotionControllerMap99934D3241F99253D7E3489CD2653FB4.tmp' to '../../../../../../Users/kumik/OneDrive/Documents/GitHub/FYP/Main/FYP_Prototype/Content/VirtualRealityBP/Maps/MotionControllerMap.umap'
[2018.10.19-03.45.09:666][ 44]LogSavePackage: Moving '../../../../../../Users/kumik/OneDrive/Documents/GitHub/FYP/Main/FYP_Prototype/Saved/MotionControllerMap_BuiltData888749B0421C51F490F7328310C5EE17.tmp' to '../../../../../../Users/kumik/OneDrive/Documents/GitHub/FYP/Main/FYP_Prototype/Content/VirtualRealityBP/Maps/MotionControllerMap_BuiltData.uasset'
[2018.10.19-03.50.06:249][937]LogD3D11RHI: Timed out while waiting for GPU to catch up. (0.5 s)
[2018.10.19-03.52.59:823][107]LogSlate: Window 'FYP_Prototype - Unreal Editor' being destroyed
[2018.10.19-03.53.00:074][108]Cmd: QUIT_EDITOR
[2018.10.19-03.53.00:129][108]LogWindowsTextInputMethodSystem: Display: IME system now deactivated.
[2018.10.19-03.53.00:144][108]LogExit: Preparing to exit.
[2018.10.19-03.53.00:565][108]LogExit: Editor shut down
[2018.10.19-03.53.00:565][108]LogExit: Transaction tracking system shut down
[2018.10.19-03.53.01:006][108]LogExit: Object subsystem successfully closed.
[2018.10.19-03.53.01:021][108]LogShaderCompilers: Display: Shaders left to compile 0
[2018.10.19-03.53.01:024][108]LogD3D11RHI: Shutdown
[2018.10.19-03.53.01:024][108]LogD3D11RHI: CleanupD3DDevice
[2018.10.19-03.53.01:031][108]LogD3D11RHI: ~FD3D11DynamicRHI
[2018.10.19-03.53.01:077][108]LogModuleManager: Shutting down and abandoning module HierarchicalLODOutliner (610)
[2018.10.19-03.53.01:077][108]LogModuleManager: Shutting down and abandoning module SceneOutliner (608)
[2018.10.19-03.53.01:077][108]LogModuleManager: Shutting down and abandoning module AddContentDialog (606)
[2018.10.19-03.53.01:080][108]LogModuleManager: Shutting down and abandoning module WidgetCarousel (605)
[2018.10.19-03.53.01:080][108]LogModuleManager: Shutting down and abandoning module EditorWidgets (602)
[2018.10.19-03.53.01:080][108]LogModuleManager: Shutting down and abandoning module CollectionManager (600)
[2018.10.19-03.53.01:080][108]LogModuleManager: Shutting down and abandoning module StatsViewer (598)
[2018.10.19-03.53.01:080][108]LogModuleManager: Shutting down and abandoning module FoliageEdit (596)
[2018.10.19-03.53.01:080][108]LogModuleManager: Shutting down and abandoning module LandscapeEditor (594)
[2018.10.19-03.53.01:080][108]LogModuleManager: Shutting down and abandoning module MeshPaintMode (592)
[2018.10.19-03.53.01:080][108]LogModuleManager: Shutting down and abandoning module SceneDepthPickerMode (590)
[2018.10.19-03.53.01:080][108]LogModuleManager: Shutting down and abandoning module ActorPickerMode (588)
[2018.10.19-03.53.01:080][108]LogModuleManager: Shutting down and abandoning module GeometryMode (586)
[2018.10.19-03.53.01:080][108]LogModuleManager: Shutting down and abandoning module TextureAlignMode (584)
[2018.10.19-03.53.01:080][108]LogModuleManager: Shutting down and abandoning module BspMode (582)
[2018.10.19-03.53.01:080][108]LogModuleManager: Shutting down and abandoning module PIEPreviewDeviceProfileSelector (580)
[2018.10.19-03.53.01:080][108]LogModuleManager: Shutting down and abandoning module SequenceRecorderSections (578)
[2018.10.19-03.53.01:080][108]LogModuleManager: Shutting down and abandoning module AutomationWorker (576)
[2018.10.19-03.53.01:080][108]LogModuleManager: Shutting down and abandoning module AudioCaptureEditor (574)
[2018.10.19-03.53.01:080][108]LogModuleManager: Shutting down and abandoning module SequenceRecorder (573)
[2018.10.19-03.53.01:080][108]LogModuleManager: Shutting down and abandoning module MatineeToLevelSequence (570)
[2018.10.19-03.53.01:080][108]LogModuleManager: Shutting down and abandoning module LevelSequenceEditor (568)
[2018.10.19-03.53.01:080][108]LogModuleManager: Shutting down and abandoning module PlacementMode (567)
[2018.10.19-03.53.01:080][108]LogModuleManager: Shutting down and abandoning module MaterialEditor (566)
[2018.10.19-03.53.01:080][108]LogModuleManager: Shutting down and abandoning module WmfMediaFactory (562)
[2018.10.19-03.53.01:080][108]LogModuleManager: Shutting down and abandoning module WmfMediaEditor (560)
[2018.10.19-03.53.01:080][108]LogModuleManager: Shutting down and abandoning module MediaPlayerEditor (558)
[2018.10.19-03.53.01:080][108]LogModuleManager: Shutting down and abandoning module OpenExrWrapper (556)
[2018.10.19-03.53.01:080][108]LogModuleManager: Shutting down and abandoning module ImgMediaFactory (554)
[2018.10.19-03.53.01:080][108]LogModuleManager: Shutting down and abandoning module ImgMediaEditor (552)
[2018.10.19-03.53.01:080][108]LogModuleManager: Shutting down and abandoning module AvfMediaFactory (550)
[2018.10.19-03.53.01:080][108]LogModuleManager: Shutting down and abandoning module AvfMediaEditor (548)
[2018.10.19-03.53.01:080][108]LogModuleManager: Shutting down and abandoning module AndroidMediaFactory (546)
[2018.10.19-03.53.01:080][108]LogModuleManager: Shutting down and abandoning module AndroidMediaEditor (544)
[2018.10.19-03.53.01:080][108]LogModuleManager: Shutting down and abandoning module MagicLeapCameraPreviewFactory (542)
[2018.10.19-03.53.01:080][108]LogModuleManager: Shutting down and abandoning module MagicLeapMediaFactory (540)
[2018.10.19-03.53.01:080][108]LogModuleManager: Shutting down and abandoning module MagicLeapMediaEditor (538)
[2018.10.19-03.53.01:080][108]LogModuleManager: Shutting down and abandoning module CharacterAI (536)
[2018.10.19-03.53.01:080][108]LogModuleManager: Shutting down and abandoning module SmartSnapping (534)
[2018.10.19-03.53.01:080][108]LogModuleManager: Shutting down and abandoning module SessionServices (532)
[2018.10.19-03.53.01:080][108]LogModuleManager: Shutting down and abandoning module ViewportSnapping (530)
[2018.10.19-03.53.01:080][108]LogModuleManager: Shutting down and abandoning module ViewportInteraction (528)
[2018.10.19-03.53.01:080][108]LogModuleManager: Shutting down and abandoning module ClothPainter (526)
[2018.10.19-03.53.01:080][108]LogModuleManager: Shutting down and abandoning module SkeletalMeshEditor (525)
[2018.10.19-03.53.01:080][108]LogModuleManager: Shutting down and abandoning module LogVisualizer (522)
[2018.10.19-03.53.01:080][108]LogModuleManager: Shutting down and abandoning module IntroTutorials (520)
[2018.10.19-03.53.01:080][108]LogModuleManager: Shutting down and abandoning module GameProjectGeneration (519)
[2018.10.19-03.53.01:080][108]LogModuleManager: Shutting down and abandoning module LuminPlatformEditor (516)
[2018.10.19-03.53.01:081][108]LogModuleManager: Shutting down and abandoning module IOSPlatformEditor (514)
[2018.10.19-03.53.01:081][108]LogModuleManager: Shutting down and abandoning module HTML5PlatformEditor (512)
[2018.10.19-03.53.01:081][108]LogModuleManager: Shutting down and abandoning module AndroidPlatformEditor (510)
[2018.10.19-03.53.01:081][108]LogModuleManager: Shutting down and abandoning module AndroidDeviceDetection (509)
[2018.10.19-03.53.02:013][108]LogModuleManager: Shutting down and abandoning module WindowsPlatformEditor (506)
[2018.10.19-03.53.02:013][108]LogModuleManager: Shutting down and abandoning module LuminRuntimeSettings (504)
[2018.10.19-03.53.02:013][108]LogModuleManager: Shutting down and abandoning module IOSRuntimeSettings (502)
[2018.10.19-03.53.02:013][108]LogModuleManager: Shutting down and abandoning module AndroidRuntimeSettings (500)
[2018.10.19-03.53.02:013][108]LogModuleManager: Shutting down and abandoning module InputBindingEditor (498)
[2018.10.19-03.53.02:014][108]LogModuleManager: Shutting down and abandoning module MergeActors (496)
[2018.10.19-03.53.02:014][108]LogModuleManager: Shutting down and abandoning module LocalizationDashboard (494)
[2018.10.19-03.53.02:014][108]LogModuleManager: Shutting down and abandoning module LocalizationService (493)
[2018.10.19-03.53.02:014][108]LogModuleManager: Shutting down and abandoning module HardwareTargeting (490)
[2018.10.19-03.53.02:014][108]LogModuleManager: Shutting down and abandoning module DeviceProfileEditor (488)
[2018.10.19-03.53.02:014][108]LogModuleManager: Shutting down and abandoning module UndoHistory (486)
[2018.10.19-03.53.02:014][108]LogModuleManager: Shutting down and abandoning module XmlParser (484)
[2018.10.19-03.53.02:014][108]LogModuleManager: Shutting down and abandoning module Blutility (482)
[2018.10.19-03.53.02:014][108]LogModuleManager: Shutting down and abandoning module ProjectSettingsViewer (480)
[2018.10.19-03.53.02:015][108]LogModuleManager: Shutting down and abandoning module ProjectTargetPlatformEditor (479)
[2018.10.19-03.53.02:015][108]LogModuleManager: Shutting down and abandoning module EditorSettingsViewer (476)
[2018.10.19-03.53.02:015][108]LogModuleManager: Shutting down and abandoning module SettingsEditor (474)
[2018.10.19-03.53.02:015][108]LogModuleManager: Shutting down and abandoning module ProjectLauncher (472)
[2018.10.19-03.53.02:015][108]LogModuleManager: Shutting down and abandoning module SessionFrontend (470)
[2018.10.19-03.53.02:015][108]LogModuleManager: Shutting down and abandoning module ProfilerClient (468)
[2018.10.19-03.53.02:015][108]LogModuleManager: Shutting down and abandoning module DeviceManager (466)
[2018.10.19-03.53.02:015][108]LogModuleManager: Shutting down and abandoning module TargetDeviceServices (465)
[2018.10.19-03.53.02:070][108]LogModuleManager: Shutting down and abandoning module AutomationController (462)
[2018.10.19-03.53.02:070][108]LogModuleManager: Shutting down and abandoning module AutomationWindow (460)
[2018.10.19-03.53.02:070][108]LogModuleManager: Shutting down and abandoning module Layers (458)
[2018.10.19-03.53.02:070][108]LogModuleManager: Shutting down and abandoning module ComponentVisualizers (456)
[2018.10.19-03.53.02:070][108]LogModuleManager: Shutting down and abandoning module DetailCustomizations (454)
[2018.10.19-03.53.02:071][108]LogModuleManager: Shutting down and abandoning module PackagesDialog (452)
[2018.10.19-03.53.02:071][108]LogModuleManager: Shutting down and abandoning module Persona (450)
[2018.10.19-03.53.02:071][108]LogModuleManager: Shutting down and abandoning module AdvancedPreviewScene (449)
[2018.10.19-03.53.02:071][108]LogModuleManager: Shutting down and abandoning module AnimGraph (447)
[2018.10.19-03.53.02:071][108]LogModuleManager: Shutting down and abandoning module Kismet (444)
[2018.10.19-03.53.02:073][108]LogModuleManager: Shutting down and abandoning module GraphEditor (442)
[2018.10.19-03.53.02:073][108]LogModuleManager: Shutting down and abandoning module ClassViewer (440)
[2018.10.19-03.53.02:073][108]LogModuleManager: Shutting down and abandoning module Toolbox (438)
[2018.10.19-03.53.02:073][108]LogModuleManager: Shutting down and abandoning module ModuleUI (436)
[2018.10.19-03.53.02:074][108]LogModuleManager: Shutting down and abandoning module MovieSceneTools (434)
[2018.10.19-03.53.02:074][108]LogModuleManager: Shutting down and abandoning module OutputLog (432)
[2018.10.19-03.53.02:074][108]LogModuleManager: Shutting down and abandoning module GammaUI (430)
[2018.10.19-03.53.02:074][108]LogModuleManager: Shutting down and abandoning module Documentation (428)
[2018.10.19-03.53.02:074][108]LogModuleManager: Shutting down and abandoning module MovieSceneTracks (426)
[2018.10.19-03.53.02:074][108]LogModuleManager: Shutting down and abandoning module MovieScene (424)
[2018.10.19-03.53.02:074][108]LogModuleManager: Shutting down and abandoning module StreamingPauseRendering (422)
[2018.10.19-03.53.02:074][108]LogModuleManager: Shutting down and abandoning module LauncherPlatform (420)
[2018.10.19-03.53.02:074][108]LogModuleManager: Shutting down and abandoning module AnalyticsET (418)
[2018.10.19-03.53.02:074][108]LogModuleManager: Shutting down and abandoning module PortalServices (416)
[2018.10.19-03.53.02:074][108]LogModuleManager: Shutting down and abandoning module PortalRpc (414)
[2018.10.19-03.53.02:075][108]LogModuleManager: Shutting down and abandoning module MessagingRpc (412)
[2018.10.19-03.53.02:075][108]LogModuleManager: Shutting down and abandoning module AIModule (410)
[2018.10.19-03.53.02:075][108]LogModuleManager: Shutting down and abandoning module GameplayDebugger (409)
[2018.10.19-03.53.02:075][108]LogModuleManager: Shutting down and abandoning module AITestSuite (407)
[2018.10.19-03.53.02:075][108]LogModuleManager: Shutting down and abandoning module NavigationSystem (405)
[2018.10.19-03.53.02:075][108]LogModuleManager: Shutting down and abandoning module DesktopPlatform (402)
[2018.10.19-03.53.02:075][108]LogModuleManager: Shutting down and abandoning module ProfilerService (400)
[2018.10.19-03.53.02:161][108]LogModuleManager: Shutting down and abandoning module TaskGraph (398)
[2018.10.19-03.53.02:161][108]LogModuleManager: Shutting down and abandoning module SteamVRController (396)
[2018.10.19-03.53.02:161][108]LogModuleManager: Shutting down and abandoning module ProceduralMeshComponentEditor (394)
[2018.10.19-03.53.02:161][108]LogModuleManager: Shutting down and abandoning module ProceduralMeshComponent (392)
[2018.10.19-03.53.02:161][108]LogModuleManager: Shutting down and abandoning module OculusInput (390)
[2018.10.19-03.53.02:161][108]LogModuleManager: Shutting down and abandoning module MobilePatchingUtils (388)
[2018.10.19-03.53.02:161][108]LogModuleManager: Shutting down and abandoning module EditableMesh (386)
[2018.10.19-03.53.02:162][108]LogModuleManager: Shutting down and abandoning module CustomMeshComponent (384)
[2018.10.19-03.53.02:162][108]LogModuleManager: Shutting down and abandoning module CableComponent (382)
[2018.10.19-03.53.02:162][108]LogModuleManager: Shutting down and abandoning module AudioCapture (380)
[2018.10.19-03.53.02:162][108]LogModuleManager: Shutting down and abandoning module ArchVisCharacter (378)
[2018.10.19-03.53.02:162][108]LogModuleManager: Shutting down and abandoning module AndroidPermission (376)
[2018.10.19-03.53.02:162][108]LogModuleManager: Shutting down and abandoning module NUTUnrealEngine4 (374)
[2018.10.19-03.53.02:162][108]LogModuleManager: Shutting down and abandoning module NetcodeUnitTest (372)
[2018.10.19-03.53.02:162][108]LogModuleManager: Shutting down and abandoning module MediaCompositingEditor (370)
[2018.10.19-03.53.02:162][108]LogModuleManager: Shutting down and abandoning module MediaCompositing (368)
[2018.10.19-03.53.02:162][108]LogModuleManager: Shutting down and abandoning module LinearTimecode (366)
[2018.10.19-03.53.02:162][108]LogModuleManager: Shutting down and abandoning module ImgMedia (364)
[2018.10.19-03.53.02:172][108]LogModuleManager: Shutting down and abandoning module HTML5Networking (362)
[2018.10.19-03.53.02:172][108]LogModuleManager: Shutting down and abandoning module GeometryCacheTracks (360)
[2018.10.19-03.53.02:172][108]LogModuleManager: Shutting down and abandoning module GeometryCacheSequencer (358)
[2018.10.19-03.53.02:172][108]LogModuleManager: Shutting down and abandoning module BackChannel (356)
[2018.10.19-03.53.02:172][108]LogModuleManager: Shutting down and abandoning module AppleVision (354)
[2018.10.19-03.53.02:172][108]LogModuleManager: Shutting down and abandoning module AppleImageUtils (352)
[2018.10.19-03.53.02:172][108]LogModuleManager: Shutting down and abandoning module AlembicImporter (350)
[2018.10.19-03.53.02:172][108]LogModuleManager: Shutting down and abandoning module AlembicLibrary (349)
[2018.10.19-03.53.02:172][108]LogModuleManager: Shutting down and abandoning module GeometryCache (348)
[2018.10.19-03.53.02:172][108]LogModuleManager: Shutting down and abandoning module GeometryCacheEd (347)
[2018.10.19-03.53.02:172][108]LogModuleManager: Shutting down and abandoning module DatasmithContentEditor (342)
[2018.10.19-03.53.02:172][108]LogModuleManager: Shutting down and abandoning module DatasmithContent (340)
[2018.10.19-03.53.02:173][108]LogModuleManager: Shutting down and abandoning module SpeedTreeImporter (338)
[2018.10.19-03.53.02:173][108]LogModuleManager: Shutting down and abandoning module PluginBrowser (336)
[2018.10.19-03.53.02:174][108]LogModuleManager: Shutting down and abandoning module MobileLauncherProfileWizard (334)
[2018.10.19-03.53.02:174][108]LogModuleManager: Shutting down and abandoning module PolygonModeling (332)
[2018.10.19-03.53.02:174][108]LogModuleManager: Shutting down and abandoning module MeshEditor (330)
[2018.10.19-03.53.02:174][108]LogModuleManager: Shutting down and abandoning module CryptoKeysOpenSSL (328)
[2018.10.19-03.53.02:174][108]LogModuleManager: Shutting down and abandoning module CryptoKeys (326)
[2018.10.19-03.53.02:174][108]LogModuleManager: Shutting down and abandoning module VisualStudioSourceCodeAccess (324)
[2018.10.19-03.53.02:174][108]LogModuleManager: Shutting down and abandoning module VisualStudioCodeSourceCodeAccess (322)
[2018.10.19-03.53.02:174][108]LogModuleManager: Shutting down and abandoning module UObjectPlugin (320)
[2018.10.19-03.53.02:174][108]LogModuleManager: Shutting down and abandoning module SubversionSourceControl (318)
[2018.10.19-03.53.02:174][108]LogModuleManager: Shutting down and abandoning module PerforceSourceControl (316)
[2018.10.19-03.53.02:174][108]LogModuleManager: Shutting down and abandoning module GitSourceControl (314)
[2018.10.19-03.53.02:175][108]LogModuleManager: Shutting down and abandoning module SourceControl (313)
[2018.10.19-03.53.02:176][108]LogModuleManager: Shutting down and abandoning module CLionSourceCodeAccess (310)
[2018.10.19-03.53.02:176][108]LogModuleManager: Shutting down and abandoning module LightPropagationVolumeEditor (308)
[2018.10.19-03.53.02:176][108]LogModuleManager: Shutting down and abandoning module PaperTiledImporter (306)
[2018.10.19-03.53.02:176][108]LogModuleManager: Shutting down and abandoning module PaperSpriteSheetImporter (304)
[2018.10.19-03.53.02:176][108]LogModuleManager: Shutting down and abandoning module Paper2DEditor (302)
[2018.10.19-03.53.02:176][108]LogModuleManager: Shutting down and abandoning module MeshPaint (301)
[2018.10.19-03.53.02:176][108]LogModuleManager: Shutting down and abandoning module RuntimePhysXCooking (298)
[2018.10.19-03.53.02:176][108]LogModuleManager: Shutting down and abandoning module PhysXVehiclesEditor (296)
[2018.10.19-03.53.02:176][108]LogModuleManager: Shutting down and abandoning module PhysXVehicles (294)
[2018.10.19-03.53.02:176][108]LogModuleManager: Shutting down and abandoning module OculusEditor (292)
[2018.10.19-03.53.02:176][108]LogModuleManager: Shutting down and abandoning module LocationServicesBPLibrary (290)
[2018.10.19-03.53.02:176][108]LogModuleManager: Shutting down and abandoning module ImmediatePhysicsEditor (288)
[2018.10.19-03.53.02:176][108]LogModuleManager: Shutting down and abandoning module ImmediatePhysics (286)
[2018.10.19-03.53.02:176][108]LogModuleManager: Shutting down and abandoning module ActorSequence (284)
[2018.10.19-03.53.02:176][108]LogModuleManager: Shutting down and abandoning module UdpMessaging (282)
[2018.10.19-03.53.02:277][108]LogModuleManager: Shutting down and abandoning module TcpMessaging (280)
[2018.10.19-03.53.02:378][108]LogModuleManager: Shutting down and abandoning module MagicLeapAudio (278)
[2018.10.19-03.53.02:378][108]LogModuleManager: Shutting down and abandoning module GameplayTagsEditor (276)
[2018.10.19-03.53.02:378][108]LogModuleManager: Shutting down and abandoning module FacialAnimationEditor (274)
[2018.10.19-03.53.02:378][108]LogModuleManager: Shutting down and abandoning module FacialAnimation (272)
[2018.10.19-03.53.02:378][108]LogModuleManager: Shutting down and abandoning module DataValidation (270)
[2018.10.19-03.53.02:378][108]LogModuleManager: Shutting down and abandoning module AssetManagerEditor (268)
[2018.10.19-03.53.02:378][108]LogModuleManager: Shutting down and abandoning module LevelEditor (267)
[2018.10.19-03.53.02:379][108]LogModuleManager: Shutting down and abandoning module PixelInspectorModule (266)
[2018.10.19-03.53.02:379][108]LogModuleManager: Shutting down and abandoning module CommonMenuExtensions (264)
[2018.10.19-03.53.02:379][108]LogModuleManager: Shutting down and abandoning module MainFrame (262)
[2018.10.19-03.53.02:379][108]LogModuleManager: Shutting down and abandoning module HotReload (261)
[2018.10.19-03.53.02:380][108]LogModuleManager: Shutting down and abandoning module ContentBrowser (257)
[2018.10.19-03.53.02:381][108]LogModuleManager: Shutting down and abandoning module TreeMap (255)
[2018.10.19-03.53.02:381][108]LogModuleManager: Shutting down and abandoning module LightPropagationVolumeRuntime (252)
[2018.10.19-03.53.02:381][108]LogModuleManager: Shutting down and abandoning module AISupportModule (250)
[2018.10.19-03.53.02:381][108]LogModuleManager: Shutting down and abandoning module Paper2D (248)
[2018.10.19-03.53.02:381][108]LogModuleManager: Shutting down and abandoning module WindowsMoviePlayer (246)
[2018.10.19-03.53.02:381][108]LogModuleManager: Shutting down and abandoning module WmfMedia (244)
[2018.10.19-03.53.02:383][108]LogModuleManager: Shutting down and abandoning module Media (243)
[2018.10.19-03.53.02:390][108]LogModuleManager: Shutting down and abandoning module PacketHandler (240)
[2018.10.19-03.53.02:390][108]LogModuleManager: Shutting down and abandoning module ClothingSystemEditor (238)
[2018.10.19-03.53.02:390][108]LogModuleManager: Shutting down and abandoning module ClothingSystemRuntime (236)
[2018.10.19-03.53.02:390][108]LogModuleManager: Shutting down and abandoning module MediaAssets (234)
[2018.10.19-03.53.02:390][108]LogModuleManager: Shutting down and abandoning module Overlay (232)
[2018.10.19-03.53.02:390][108]LogModuleManager: Shutting down and abandoning module OverlayEditor (231)
[2018.10.19-03.53.02:390][108]LogModuleManager: Shutting down and abandoning module VREditor (228)
[2018.10.19-03.53.02:390][108]LogModuleManager: Shutting down and abandoning module StringTableEditor (226)
[2018.10.19-03.53.02:390][108]LogModuleManager: Shutting down and abandoning module GameplayTasksEditor (224)
[2018.10.19-03.53.02:390][108]LogModuleManager: Shutting down and abandoning module BehaviorTreeEditor (222)
[2018.10.19-03.53.02:390][108]LogModuleManager: Shutting down and abandoning module FunctionalTesting (220)
[2018.10.19-03.53.02:390][108]LogModuleManager: Shutting down and abandoning module CollisionAnalyzer (218)
[2018.10.19-03.53.02:390][108]LogModuleManager: Shutting down and abandoning module WorkspaceMenuStructure (217)
[2018.10.19-03.53.02:390][108]LogModuleManager: Shutting down and abandoning module UMG (214)
[2018.10.19-03.53.02:390][108]LogModuleManager: Shutting down and abandoning module UMGEditor (213)
[2018.10.19-03.53.02:391][108]LogModuleManager: Shutting down and abandoning module Sequencer (212)
[2018.10.19-03.53.02:391][108]LogModuleManager: Shutting down and abandoning module MessageLog (209)
[2018.10.19-03.53.02:391][108]LogModuleManager: Shutting down and abandoning module SlateReflector (204)
[2018.10.19-03.53.02:391][108]LogModuleManager: Shutting down and abandoning module Slate (202)
[2018.10.19-03.53.02:391][108]LogModuleManager: Shutting down and abandoning module EditorStyle (200)
[2018.10.19-03.53.02:394][108]LogModuleManager: Shutting down and abandoning module MRMesh (198)
[2018.10.19-03.53.02:394][108]LogModuleManager: Shutting down and abandoning module SourceCodeAccess (196)
[2018.10.19-03.53.02:394][108]LogModuleManager: Shutting down and abandoning module HeadMountedDisplay (194)
[2018.10.19-03.53.02:394][108]LogModuleManager: Shutting down and abandoning module XAudio2 (192)
[2018.10.19-03.53.02:394][108]LogModuleManager: Shutting down and abandoning module Networking (190)
[2018.10.19-03.53.02:394][108]LogModuleManager: Shutting down and abandoning module Core (188)
[2018.10.19-03.53.02:394][108]LogModuleManager: Shutting down and abandoning module LevelSequence (186)
[2018.10.19-03.53.02:394][108]LogModuleManager: Shutting down and abandoning module KismetCompiler (184)
[2018.10.19-03.53.02:394][108]LogModuleManager: Shutting down and abandoning module MeshUtilities (182)
[2018.10.19-03.53.02:394][108]LogModuleManager: Shutting down and abandoning module MeshMergeUtilities (181)
[2018.10.19-03.53.02:394][108]LogModuleManager: Shutting down and abandoning module MeshReductionInterface (180)
[2018.10.19-03.53.02:394][108]LogModuleManager: Shutting down and abandoning module SimplygonSwarm (179)
[2018.10.19-03.53.02:394][108]LogModuleManager: Shutting down and abandoning module ProxyLODMeshReduction (177)
[2018.10.19-03.53.02:394][108]LogModuleManager: Shutting down and abandoning module SimplygonMeshReduction (175)
[2018.10.19-03.53.02:394][108]LogModuleManager: Shutting down and abandoning module QuadricMeshReduction (173)
[2018.10.19-03.53.02:394][108]LogModuleManager: Shutting down and abandoning module MaterialBaking (169)
[2018.10.19-03.53.02:394][108]LogModuleManager: Shutting down and abandoning module DirectoryWatcher (165)
[2018.10.19-03.53.02:395][108]LogModuleManager: Shutting down and abandoning module DerivedDataCache (162)
[2018.10.19-03.53.02:441][108]LogDerivedDataCache: Shutdown
[2018.10.19-03.53.02:441][108]LogModuleManager: Shutting down and abandoning module XGEController (160)
[2018.10.19-03.53.02:441][108]LogModuleManager: Shutting down and abandoning module TargetPlatform (158)
[2018.10.19-03.53.02:441][108]LogModuleManager: Shutting down and abandoning module VulkanShaderFormat (157)
[2018.10.19-03.53.02:441][108]LogModuleManager: Shutting down and abandoning module ShaderFormatVectorVM (155)
[2018.10.19-03.53.02:441][108]LogModuleManager: Shutting down and abandoning module ShaderFormatOpenGL (153)
[2018.10.19-03.53.02:441][108]LogModuleManager: Shutting down and abandoning module ShaderFormatD3D (151)
[2018.10.19-03.53.02:441][108]LogModuleManager: Shutting down and abandoning module MetalShaderFormat (149)
[2018.10.19-03.53.02:442][108]LogModuleManager: Shutting down and abandoning module TextureFormatUncompressed (147)
[2018.10.19-03.53.02:442][108]LogModuleManager: Shutting down and abandoning module TextureFormatPVR (145)
[2018.10.19-03.53.02:442][108]LogModuleManager: Shutting down and abandoning module TextureFormatDXT (143)
[2018.10.19-03.53.02:442][108]LogModuleManager: Shutting down and abandoning module TextureFormatIntelISPCTexComp (141)
[2018.10.19-03.53.02:442][108]LogModuleManager: Shutting down and abandoning module TextureFormatASTC (139)
[2018.10.19-03.53.02:442][108]LogModuleManager: Shutting down and abandoning module ImageWrapper (138)
[2018.10.19-03.53.02:442][108]LogModuleManager: Shutting down and abandoning module TextureFormatAndroid (135)
[2018.10.19-03.53.02:442][108]LogModuleManager: Shutting down and abandoning module AudioFormatOpus (133)
[2018.10.19-03.53.02:442][108]LogModuleManager: Shutting down and abandoning module AudioFormatOgg (131)
[2018.10.19-03.53.02:442][108]LogModuleManager: Shutting down and abandoning module AudioFormatADPCM (129)
[2018.10.19-03.53.02:442][108]LogModuleManager: Shutting down and abandoning module LuminTargetPlatform (127)
[2018.10.19-03.53.02:442][108]LogModuleManager: Shutting down and abandoning module LinuxTargetPlatform (125)
[2018.10.19-03.53.02:442][108]LogModuleManager: Shutting down and abandoning module LinuxServerTargetPlatform (123)
[2018.10.19-03.53.02:442][108]LogModuleManager: Shutting down and abandoning module LinuxNoEditorTargetPlatform (121)
[2018.10.19-03.53.02:442][108]LogModuleManager: Shutting down and abandoning module LinuxClientTargetPlatform (119)
[2018.10.19-03.53.02:442][108]LogModuleManager: Shutting down and abandoning module TVOSTargetPlatform (117)
[2018.10.19-03.53.02:443][108]LogModuleManager: Shutting down and abandoning module Messaging (115)
[2018.10.19-03.53.02:443][108]LogModuleManager: Shutting down and abandoning module IOSTargetPlatform (113)
[2018.10.19-03.53.02:443][108]LogModuleManager: Shutting down and abandoning module HTML5TargetPlatform (111)
[2018.10.19-03.53.02:443][108]LogModuleManager: Shutting down and abandoning module AndroidTargetPlatform (109)
[2018.10.19-03.53.02:448][108]LogModuleManager: Shutting down and abandoning module WindowsTargetPlatform (107)
[2018.10.19-03.53.02:448][108]LogModuleManager: Shutting down and abandoning module WindowsServerTargetPlatform (105)
[2018.10.19-03.53.02:449][108]LogModuleManager: Shutting down and abandoning module WindowsNoEditorTargetPlatform (103)
[2018.10.19-03.53.02:449][108]LogModuleManager: Shutting down and abandoning module WindowsClientTargetPlatform (101)
[2018.10.19-03.53.02:449][108]LogModuleManager: Shutting down and abandoning module MacTargetPlatform (99)
[2018.10.19-03.53.02:449][108]LogModuleManager: Shutting down and abandoning module MacServerTargetPlatform (97)
[2018.10.19-03.53.02:449][108]LogModuleManager: Shutting down and abandoning module MacNoEditorTargetPlatform (95)
[2018.10.19-03.53.02:449][108]LogModuleManager: Shutting down and abandoning module MacClientTargetPlatform (93)
[2018.10.19-03.53.02:449][108]LogModuleManager: Shutting down and abandoning module AllDesktopTargetPlatform (91)
[2018.10.19-03.53.02:449][108]LogModuleManager: Shutting down and abandoning module InputCore (88)
[2018.10.19-03.53.02:449][108]LogModuleManager: Shutting down and abandoning module Settings (86)
[2018.10.19-03.53.02:449][108]LogModuleManager: Shutting down and abandoning module PhysXCooking (84)
[2018.10.19-03.53.02:449][108]LogModuleManager: Shutting down and abandoning module SteamVR (82)
[2018.10.19-03.53.02:449][108]LogModuleManager: Shutting down and abandoning module OculusHMD (80)
[2018.10.19-03.53.02:449][108]LogModuleManager: Shutting down and abandoning module ExampleDeviceProfileSelector (78)
[2018.10.19-03.53.02:449][108]LogModuleManager: Shutting down and abandoning module LauncherChunkInstaller (76)
[2018.10.19-03.53.02:449][108]LogModuleManager: Shutting down and abandoning module OnlineBlueprintSupport (74)
[2018.10.19-03.53.02:449][108]LogModuleManager: Shutting down and abandoning module OnlineSubsystem (70)
[2018.10.19-03.53.02:450][108]LogModuleManager: Shutting down and abandoning module XMPP (65)
[2018.10.19-03.53.02:450][108]LogModuleManager: Shutting down and abandoning module WebSockets (64)
[2018.10.19-03.53.02:468][108]LogModuleManager: Shutting down and abandoning module HTTP (61)
[2018.10.19-03.53.02:469][108]LogHttp: Display: Http module shutting down, but needs to wait on 1 outstanding Http requests:
[2018.10.19-03.53.02:469][108]LogHttp: Display: 	verb=[POST] url=[https://datarouter.ol.epicgames.com/datarouter/api/v1/public/data?SessionID=%7B259A10A6-4594-784E-9C18-62914DA28863%7D&AppID=UEEditor.Rocket.Release&AppVersion=4.20.3-4369336%2B%2B%2BUE4%2BRelease-4.20&UserID=34ac5bed4b119356c5dde28f699ceadf%7Ccbdf6a7222434569bdc52afaf73ebf00%7C07a9a747-e430-46f0-83d2-230369a18ce2&AppEnvironment=datacollector-binary&UploadType=eteventstream] status=Processing
[2018.10.19-03.53.02:483][108]LogModuleManager: Shutting down and abandoning module SSL (60)
[2018.10.19-03.53.02:484][108]LogModuleManager: Shutting down and abandoning module MagicLeapEmulator (56)
[2018.10.19-03.53.02:484][108]LogModuleManager: Shutting down and abandoning module MagicLeapPrivileges (54)
[2018.10.19-03.53.02:484][108]LogModuleManager: Shutting down and abandoning module MagicLeapIdentity (52)
[2018.10.19-03.53.02:484][108]LogModuleManager: Shutting down and abandoning module MagicLeapHelperVulkan (50)
[2018.10.19-03.53.02:484][108]LogModuleManager: Shutting down and abandoning module MagicLeapHelperOpenGL (48)
[2018.10.19-03.53.02:484][108]LogModuleManager: Shutting down and abandoning module MagicLeapSecureStorage (46)
[2018.10.19-03.53.02:484][108]LogModuleManager: Shutting down and abandoning module MagicLeapGestures (44)
[2018.10.19-03.53.02:484][108]LogModuleManager: Shutting down and abandoning module MagicLeapEyeTracker (42)
[2018.10.19-03.53.02:484][108]LogModuleManager: Shutting down and abandoning module MagicLeapController (40)
[2018.10.19-03.53.02:484][108]LogSlate: Slate User Destroyed.  User Index 0, Is Virtual User: 0
[2018.10.19-03.53.02:484][108]LogModuleManager: Shutting down and abandoning module MagicLeap (38)
[2018.10.19-03.53.02:484][108]LogModuleManager: Shutting down and abandoning module AnimationModifiers (36)
[2018.10.19-03.53.02:484][108]LogModuleManager: Shutting down and abandoning module PropertyEditor (35)
[2018.10.19-03.53.02:485][108]LogModuleManager: Shutting down and abandoning module AudioEditor (32)
[2018.10.19-03.53.02:485][108]LogModuleManager: Shutting down and abandoning module TextureCompressor (30)
[2018.10.19-03.53.02:485][108]LogModuleManager: Shutting down and abandoning module ShaderCore (28)
[2018.10.19-03.53.02:485][108]LogModuleManager: Shutting down and abandoning module Landscape (26)
[2018.10.19-03.53.02:485][108]LogModuleManager: Shutting down and abandoning module SlateRHIRenderer (24)
[2018.10.19-03.53.02:485][108]LogModuleManager: Shutting down and abandoning module OpenGLDrv (22)
[2018.10.19-03.53.02:485][108]LogModuleManager: Shutting down and abandoning module D3D11RHI (20)
[2018.10.19-03.53.02:485][108]LogModuleManager: Shutting down and abandoning module AnimGraphRuntime (18)
[2018.10.19-03.53.02:485][108]LogModuleManager: Shutting down and abandoning module Renderer (16)
[2018.10.19-03.53.02:485][108]LogModuleManager: Shutting down and abandoning module Engine (14)
[2018.10.19-03.53.02:485][108]LogModuleManager: Shutting down and abandoning module CoreUObject (12)
[2018.10.19-03.53.02:485][108]LogModuleManager: Shutting down and abandoning module NetworkFile (10)
[2018.10.19-03.53.02:485][108]LogModuleManager: Shutting down and abandoning module CookedIterativeFile (8)
[2018.10.19-03.53.02:485][108]LogModuleManager: Shutting down and abandoning module StreamingFile (6)
[2018.10.19-03.53.02:485][108]LogModuleManager: Shutting down and abandoning module SandboxFile (4)
[2018.10.19-03.53.02:485][108]LogModuleManager: Shutting down and abandoning module PakFile (2)
[2018.10.19-03.53.02:496][108]LogExit: Exiting.
[2018.10.19-03.53.02:501][108]Log file closed, 10/19/18 11:53:02
