Log file open, 09/26/18 17:17:45
LogWindows: Failed to load 'aqProf.dll' (GetLastError=126)
LogWindows: File 'aqProf.dll' does not exist
LogWindows: Failed to load 'VSPerf140.dll' (GetLastError=126)
LogWindows: File 'VSPerf140.dll' does not exist
LogWindows: Failed to load 'VtuneApi.dll' (GetLastError=126)
LogWindows: File 'VtuneApi.dll' does not exist
LogWindows: Failed to load 'VtuneApi32e.dll' (GetLastError=126)
LogWindows: File 'VtuneApi32e.dll' does not exist
LogInit: Display: Running engine for game: FYP_Prototype
LogPlatformFile: Not using cached read wrapper
LogTaskGraph: Started task graph with 5 named threads and 35 total threads with 3 sets of task threads.
LogStats: Stats thread started at 0.418184
LogD3D11RHI: Loaded GFSDK_Aftermath_Lib.x64.dll
LogICUInternationalization: Display: ICU TimeZone Detection - Raw Offset: +8:00, Platform Override: ''
LogPluginManager: Mounting plugin Paper2D
LogPluginManager: Mounting plugin AISupport
LogPluginManager: Mounting plugin LightPropagationVolume
LogPluginManager: Mounting plugin CLionSourceCodeAccess
LogPluginManager: Mounting plugin CodeLiteSourceCodeAccess
LogPluginManager: Mounting plugin GitSourceControl
LogPluginManager: Mounting plugin KDevelopSourceCodeAccess
LogPluginManager: Mounting plugin NullSourceCodeAccess
LogPluginManager: Mounting plugin PerforceSourceControl
LogPluginManager: Mounting plugin SubversionSourceControl
LogPluginManager: Mounting plugin UObjectPlugin
LogPluginManager: Mounting plugin VisualStudioCodeSourceCodeAccess
LogPluginManager: Mounting plugin VisualStudioSourceCodeAccess
LogPluginManager: Mounting plugin XCodeSourceCodeAccess
LogPluginManager: Mounting plugin AssetManagerEditor
LogPluginManager: Mounting plugin CryptoKeys
LogPluginManager: Mounting plugin DataValidation
LogPluginManager: Mounting plugin FacialAnimation
LogPluginManager: Mounting plugin GameplayTagsEditor
LogPluginManager: Mounting plugin MacGraphicsSwitching
LogPluginManager: Mounting plugin MeshEditor
LogPluginManager: Mounting plugin MobileLauncherProfileWizard
LogPluginManager: Mounting plugin PluginBrowser
LogPluginManager: Mounting plugin SpeedTreeImporter
LogPluginManager: Mounting plugin DatasmithContent
LogPluginManager: Mounting plugin AlembicImporter
LogPluginManager: Mounting plugin AppleImageUtils
LogPluginManager: Mounting plugin AppleVision
LogPluginManager: Mounting plugin BackChannel
LogPluginManager: Mounting plugin CharacterAI
LogPluginManager: Mounting plugin GeometryCache
LogPluginManager: Mounting plugin HTML5Networking
LogPluginManager: Mounting plugin ProxyLODPlugin
LogPluginManager: Mounting plugin MagicLeap
LogPluginManager: Mounting plugin MagicLeapEmulator
LogPluginManager: Mounting plugin MagicLeapMedia
LogPluginManager: Mounting plugin AndroidMedia
LogPluginManager: Mounting plugin AvfMedia
LogPluginManager: Mounting plugin ImgMedia
LogPluginManager: Mounting plugin LinearTimecode
LogPluginManager: Mounting plugin MediaCompositing
LogPluginManager: Mounting plugin MediaPlayerEditor
LogPluginManager: Mounting plugin WmfMedia
LogPluginManager: Mounting plugin TcpMessaging
LogPluginManager: Mounting plugin UdpMessaging
LogPluginManager: Mounting plugin ActorSequence
LogPluginManager: Mounting plugin LevelSequenceEditor
LogPluginManager: Mounting plugin MatineeToLevelSequence
LogPluginManager: Mounting plugin NetcodeUnitTest
LogPluginManager: Mounting plugin NUTUnrealEngine4
LogPluginManager: Mounting plugin OnlineSubsystemGooglePlay
LogPluginManager: Mounting plugin OnlineSubsystemIOS
LogPluginManager: Mounting plugin OnlineSubsystem
LogPluginManager: Mounting plugin OnlineSubsystemNull
LogPluginManager: Mounting plugin OnlineSubsystemUtils
LogPluginManager: Mounting plugin LauncherChunkInstaller
LogPluginManager: Mounting plugin AndroidDeviceProfileSelector
LogPluginManager: Mounting plugin AndroidMoviePlayer
LogPluginManager: Mounting plugin AndroidPermission
LogPluginManager: Mounting plugin AppleMoviePlayer
LogPluginManager: Mounting plugin ArchVisCharacter
LogPluginManager: Mounting plugin AudioCapture
LogPluginManager: Mounting plugin CableComponent
LogPluginManager: Mounting plugin CustomMeshComponent
LogPluginManager: Mounting plugin EditableMesh
LogPluginManager: Mounting plugin ExampleDeviceProfileSelector
LogPluginManager: Mounting plugin GoogleCloudMessaging
LogPluginManager: Mounting plugin ImmediatePhysics
LogPluginManager: Mounting plugin IOSDeviceProfileSelector
LogPluginManager: Mounting plugin LinuxDeviceProfileSelector
LogPluginManager: Mounting plugin LocationServicesBPLibrary
LogPluginManager: Mounting plugin MobilePatchingUtils
LogPluginManager: Mounting plugin OculusVR
LogPluginManager: Plugin shader directory ../../../Engine/Plugins/Runtime/Oculus/OculusVR/Shaders found
LogPluginManager: Mapping shader source directory ../../../Engine/Plugins/Runtime/Oculus/OculusVR/Shaders to virtual directory /Plugin/OculusVR
LogPluginManager: Mounting plugin PhysXVehicles
LogPluginManager: Mounting plugin ProceduralMeshComponent
LogPluginManager: Mounting plugin RuntimePhysXCooking
LogPluginManager: Mounting plugin SteamVR
LogPluginManager: Mounting plugin WindowsMoviePlayer
LogStreaming: Display: Took  0.157s to configure plugins.
LogInit: Using libcurl 7.55.1-DEV
LogInit:  - built for x86_64-pc-win32
LogInit:  - supports SSL with OpenSSL/1.0.2h
LogInit:  - supports HTTP deflate (compression) using libz 1.2.8
LogInit:  - other features:
LogInit:      CURL_VERSION_SSL
LogInit:      CURL_VERSION_LIBZ
LogInit:      CURL_VERSION_IPV6
LogInit:      CURL_VERSION_ASYNCHDNS
LogInit:      CURL_VERSION_LARGEFILE
LogInit:      CURL_VERSION_IDN
LogInit:  CurlRequestOptions (configurable via config and command line):
LogInit:  - bVerifyPeer = false  - Libcurl will NOT verify peer certificate
LogInit:  - bUseHttpProxy = false  - Libcurl will NOT use HTTP proxy
LogInit:  - bDontReuseConnections = false  - Libcurl will reuse connections
LogInit:  - CertBundlePath = nullptr  - Libcurl will use whatever was configured at build time.
LogInit:  - MaxHostConnections = 16  - Libcurl will limit the number of connections to a host
LogInit:  - LocalHostAddr = Default
LogInit:  - BufferSize = 65536
LogInit: WinSock: version 1.1 (2.2), MaxSocks=32767, MaxUdp=65467
LogInit: Build: ++UE4+Release-4.20-CL-4302132
LogInit: Engine Version: 4.20.2-4302132+++UE4+Release-4.20
LogInit: Compatible Engine Version: 4.20.0-4212847+++UE4+Release-4.20
LogInit: Net CL: 4212847
LogInit: OS: Windows 10 (), CPU: Intel(R) Xeon(R) CPU E5-1650 v3 @ 3.50GHz, GPU: NVIDIA Quadro K2200
LogInit: Compiled (64-bit): Aug 21 2018 02:06:06
LogInit: Compiled with Visual C++: 19.13.26129.00
LogInit: Build Configuration: Development
LogInit: Branch Name: ++UE4+Release-4.20
LogInit: Command Line: 
LogInit: Base Directory: C:/Program Files/Epic Games/UE_4.20/Engine/Binaries/Win64/
LogInit: Installed Engine Build: 1
LogDevObjectVersion: Number of dev versions registered: 20
LogDevObjectVersion:   Dev-Blueprints (B0D832E4-1F89-4F0D-ACCF-7EB736FD4AA2): 10
LogDevObjectVersion:   Dev-Build (E1C64328-A22C-4D53-A36C-8E866417BD8C): 0
LogDevObjectVersion:   Dev-Core (375EC13C-06E4-48FB-B500-84F0262A717E): 2
LogDevObjectVersion:   Dev-Editor (E4B068ED-F494-42E9-A231-DA0B2E46BB41): 24
LogDevObjectVersion:   Dev-Framework (CFFC743F-43B0-4480-9391-14DF171D2073): 34
LogDevObjectVersion:   Dev-Mobile (B02B49B5-BB20-44E9-A304-32B752E40360): 2
LogDevObjectVersion:   Dev-Networking (A4E4105C-59A1-49B5-A7C5-40C4547EDFEE): 0
LogDevObjectVersion:   Dev-Online (39C831C9-5AE6-47DC-9A44-9C173E1C8E7C): 0
LogDevObjectVersion:   Dev-Physics (78F01B33-EBEA-4F98-B9B4-84EACCB95AA2): 0
LogDevObjectVersion:   Dev-Platform (6631380F-2D4D-43E0-8009-CF276956A95A): 0
LogDevObjectVersion:   Dev-Rendering (12F88B9F-8875-4AFC-A67C-D90C383ABD29): 26
LogDevObjectVersion:   Dev-Sequencer (7B5AE74C-D270-4C10-A958-57980B212A5A): 9
LogDevObjectVersion:   Dev-VR (D7296918-1DD6-4BDD-9DE2-64A83CC13884): 2
LogDevObjectVersion:   Dev-LoadTimes (C2A15278-BFE7-4AFE-6C17-90FF531DF755): 1
LogDevObjectVersion:   Private-Geometry (6EACA3D4-40EC-4CC1-B786-8BED09428FC5): 3
LogDevObjectVersion:   Dev-AnimPhys (29E575DD-E0A3-4627-9D10-D276232CDCEA): 17
LogDevObjectVersion:   Dev-ReflectionCapture (6B266CEC-1EC7-4B8F-A30B-E4D90942FC07): 1
LogDevObjectVersion:   Dev-Automation (0DF73D61-A23F-47EA-B727-89E90C41499A): 1
LogDevObjectVersion:   FortniteMain (601D1886-AC64-4F84-AA16-D3DE0DEAC7D6): 12
LogDevObjectVersion:   Dev-Enterprise (9DFFBCD6-494F-0158-E221-12823C92A888): 1
LogStreaming: Display: Took  0.001s to delete old logs.
LogInit: Presizing for max 8388607 objects, including 0 objects not considered by GC, pre-allocating 0 bytes for permanent pool.
LogInit: Object subsystem initialized
[2018.09.26-09.17.46:046][  0]LogInit: Selected Device Profile: [Windows]
[2018.09.26-09.17.46:046][  0]LogInit: Applying CVar settings loaded from the selected device profile: [Windows]
[2018.09.26-09.17.46:063][  0]LogHAL: Display: Platform has ~ 32 GB [34280431616 / 34359738368 / 32], which maps to Largest [LargestMinGB=32, LargerMinGB=12, DefaultMinGB=8, SmallerMinGB=6, SmallestMinGB=0)
[2018.09.26-09.17.46:063][  0]LogInit: Setting Device Profile CVar: [[r.Vulkan.UseRealUBs:1]]
[2018.09.26-09.17.46:063][  0]LogInit: Going up to parent DeviceProfile []
[2018.09.26-09.17.46:064][  0]LogInit: Computer: M623MGA02
[2018.09.26-09.17.46:064][  0]LogInit: User: gotos
[2018.09.26-09.17.46:064][  0]LogInit: CPU Page size=4096, Cores=6
[2018.09.26-09.17.46:064][  0]LogInit: High frequency timer resolution =3.410071 MHz
[2018.09.26-09.17.46:064][  0]LogMemory: Memory total: Physical=31.9GB (32GB approx)
[2018.09.26-09.17.46:064][  0]LogMemory: Platform Memory Stats for Windows
[2018.09.26-09.17.46:064][  0]LogMemory: Process Physical Memory: 101.86 MB used, 101.86 MB peak
[2018.09.26-09.17.46:064][  0]LogMemory: Process Virtual Memory: 86.02 MB used, 86.02 MB peak
[2018.09.26-09.17.46:064][  0]LogMemory: Physical Memory: 16629.42 MB used,  16062.95 MB free, 32692.37 MB total
[2018.09.26-09.17.46:064][  0]LogMemory: Virtual Memory: 4653.16 MB used,  16062.95 MB free, 134217728.00 MB total
[2018.09.26-09.17.46:094][  0]LogInit: Using OS detected language (en-US).
[2018.09.26-09.17.46:094][  0]LogInit: Using OS detected locale (en-SG).
[2018.09.26-09.17.46:095][  0]LogTextLocalizationManager: No specific localization for 'en-US' exists, so the 'en' localization will be used.
[2018.09.26-09.17.46:469][  0]LogStreaming: Display: Took  0.376s to InitEngineTextLocalization.
[2018.09.26-09.17.46:469][  0]LogInit: Setting process to per monitor DPI aware
[2018.09.26-09.17.46:502][  0]LogSlate: New Slate User Created.  User Index 0, Is Virtual User: 0
[2018.09.26-09.17.46:502][  0]LogSlate: Slate User Registered.  User Index 0, Is Virtual User: 0
[2018.09.26-09.17.46:739][  0]LogHMD: Failed to initialize OpenVR with code 110
[2018.09.26-09.17.46:739][  0]LogD3D11RHI: D3D11 adapters:
[2018.09.26-09.17.46:786][  0]LogD3D11RHI:    0. 'NVIDIA Quadro K2200' (Feature Level 11_0)
[2018.09.26-09.17.46:786][  0]LogD3D11RHI:       4053/0/16346 MB DedicatedVideo/DedicatedSystem/SharedSystem, Outputs:1, VendorId:0x10de
[2018.09.26-09.17.46:788][  0]LogD3D11RHI:    1. 'Microsoft Basic Render Driver' (Feature Level 11_0)
[2018.09.26-09.17.46:788][  0]LogD3D11RHI:       0/0/16346 MB DedicatedVideo/DedicatedSystem/SharedSystem, Outputs:0, VendorId:0x1414
[2018.09.26-09.17.46:788][  0]LogD3D11RHI: Chosen D3D11 Adapter: 0
[2018.09.26-09.17.46:867][  0]LogD3D11RHI: Creating new Direct3DDevice
[2018.09.26-09.17.46:868][  0]LogD3D11RHI:     GPU DeviceId: 0x13ba (for the marketing name, search the web for "GPU Device Id")
[2018.09.26-09.17.46:868][  0]LogWindows: EnumDisplayDevices:
[2018.09.26-09.17.46:868][  0]LogWindows:    0. 'NVIDIA Quadro K2200' (P:1 D:1)
[2018.09.26-09.17.46:868][  0]LogWindows:    1. 'NVIDIA Quadro K2200' (P:0 D:0)
[2018.09.26-09.17.46:868][  0]LogWindows:    2. 'NVIDIA Quadro K2200' (P:0 D:0)
[2018.09.26-09.17.46:868][  0]LogWindows:    3. 'NVIDIA Quadro K2200' (P:0 D:0)
[2018.09.26-09.17.46:868][  0]LogWindows: DebugString: FoundDriverCount:4 
[2018.09.26-09.17.46:868][  0]LogD3D11RHI:     Adapter Name: NVIDIA Quadro K2200
[2018.09.26-09.17.46:868][  0]LogD3D11RHI:   Driver Version: 391.25 (internal:23.21.13.9125, unified:391.25)
[2018.09.26-09.17.46:868][  0]LogD3D11RHI:      Driver Date: 3-16-2018
[2018.09.26-09.17.46:868][  0]LogRHI: Texture pool is 2837 MB (70% of 4053 MB)
[2018.09.26-09.17.46:900][  0]LogD3D11RHI: Async texture creation enabled
[2018.09.26-09.17.46:917][  0]LogD3D11RHI: GPU Timing Frequency: 1000.000000 (Debug: 2 2)
[2018.09.26-09.17.46:961][  0]LogShaderCompilers: Guid format shader working directory is -25 characters bigger than the processId version (../../../../../../Users/GOTOS/Documents/Unreal Projects/FYP_Prototype/Intermediate/Shaders/WorkingDirectory/205136/).
[2018.09.26-09.17.46:961][  0]LogShaderCompilers: Cleaned the shader compiler working directory 'C:/Users/GOTOS/AppData/Local/Temp/UnrealShaderWorkingDir/09A784274D8DECC82139839D5F34840E/'.
[2018.09.26-09.17.47:328][  0]LogTemp: Display: Loaded TP AllDesktopTargetPlatform
[2018.09.26-09.17.47:341][  0]LogTemp: Display: Loaded TP MacClientTargetPlatform
[2018.09.26-09.17.47:354][  0]LogTemp: Display: Loaded TP MacNoEditorTargetPlatform
[2018.09.26-09.17.47:367][  0]LogTemp: Display: Loaded TP MacServerTargetPlatform
[2018.09.26-09.17.47:381][  0]LogTemp: Display: Loaded TP MacTargetPlatform
[2018.09.26-09.17.47:395][  0]LogTemp: Display: Loaded TP WindowsClientTargetPlatform
[2018.09.26-09.17.47:409][  0]LogTemp: Display: Loaded TP WindowsNoEditorTargetPlatform
[2018.09.26-09.17.47:422][  0]LogTemp: Display: Loaded TP WindowsServerTargetPlatform
[2018.09.26-09.17.47:429][  0]LogTemp: Display: Loaded TP WindowsTargetPlatform
[2018.09.26-09.17.47:508][  0]LogTemp: Display: Loaded TP AndroidTargetPlatform
[2018.09.26-09.17.47:508][  0]LogTemp: Display: Loaded TP AndroidTargetPlatform
[2018.09.26-09.17.47:508][  0]LogTemp: Display: Loaded TP AndroidTargetPlatform
[2018.09.26-09.17.47:508][  0]LogTemp: Display: Loaded TP AndroidTargetPlatform
[2018.09.26-09.17.47:508][  0]LogTemp: Display: Loaded TP AndroidTargetPlatform
[2018.09.26-09.17.47:508][  0]LogTemp: Display: Loaded TP AndroidTargetPlatform
[2018.09.26-09.17.47:508][  0]LogTemp: Display: Loaded TP AndroidTargetPlatform
[2018.09.26-09.17.47:508][  0]LogTemp: Display: Loaded TP AndroidTargetPlatform
[2018.09.26-09.17.47:508][  0]LogTemp: Display: Loaded TP AndroidTargetPlatform
[2018.09.26-09.17.47:508][  0]LogTemp: Display: Loaded TP AndroidTargetPlatform
[2018.09.26-09.17.47:508][  0]LogTemp: Display: Loaded TP AndroidTargetPlatform
[2018.09.26-09.17.47:508][  0]LogTemp: Display: Loaded TP AndroidTargetPlatform
[2018.09.26-09.17.47:508][  0]LogTemp: Display: Loaded TP AndroidTargetPlatform
[2018.09.26-09.17.47:508][  0]LogTemp: Display: Loaded TP AndroidTargetPlatform
[2018.09.26-09.17.47:508][  0]LogTemp: Display: Loaded TP AndroidTargetPlatform
[2018.09.26-09.17.47:508][  0]LogTemp: Display: Loaded TP AndroidTargetPlatform
[2018.09.26-09.17.47:508][  0]LogTemp: Display: Loaded TP AndroidTargetPlatform
[2018.09.26-09.17.47:508][  0]LogTemp: Display: Loaded TP AndroidTargetPlatform
[2018.09.26-09.17.47:510][  0]LogTemp: Display: Loaded TP HTML5TargetPlatform
[2018.09.26-09.17.47:569][  0]LogTemp: Display: Loaded TP IOSTargetPlatform
[2018.09.26-09.17.47:569][  0]LogTemp: Display: Loaded TP IOSTargetPlatform
[2018.09.26-09.17.47:591][  0]LogTemp: Display: Loaded TP TVOSTargetPlatform
[2018.09.26-09.17.47:591][  0]LogTemp: Display: Loaded TP TVOSTargetPlatform
[2018.09.26-09.17.47:604][  0]LogTemp: Display: Loaded TP LinuxClientTargetPlatform
[2018.09.26-09.17.47:616][  0]LogTemp: Display: Loaded TP LinuxNoEditorTargetPlatform
[2018.09.26-09.17.47:628][  0]LogTemp: Display: Loaded TP LinuxServerTargetPlatform
[2018.09.26-09.17.47:640][  0]LogTemp: Display: Loaded TP LinuxTargetPlatform
[2018.09.26-09.17.47:649][  0]LogTemp: Display: Loaded TP LuminTargetPlatform
[2018.09.26-09.17.47:649][  0]LogTargetPlatformManager: Display: Building Assets For Windows
[2018.09.26-09.17.47:737][  0]LogXGEController: Cannot use XGE Controller as Incredibuild is not installed on this machine.
[2018.09.26-09.17.47:737][  0]LogShaderCompilers: Cannot use XGE Shader Compiler as Incredibuild is not installed on this machine.
[2018.09.26-09.17.47:737][  0]LogShaderCompilers: Display: Using Local Shader Compiler.
[2018.09.26-09.17.48:559][  0]LogDerivedDataCache: Display: Max Cache Size: 512 MB
[2018.09.26-09.17.48:638][  0]LogDerivedDataCache: Loaded boot cache 0.08s 86MB C:/Users/GOTOS/AppData/Local/UnrealEngine/4.20/DerivedDataCache/Boot.ddc.
[2018.09.26-09.17.48:638][  0]LogDerivedDataCache: Display: Loaded Boot cache: C:/Users/GOTOS/AppData/Local/UnrealEngine/4.20/DerivedDataCache/Boot.ddc
[2018.09.26-09.17.48:638][  0]LogDerivedDataCache: FDerivedDataBackendGraph:  Pak pak cache file ../../../../../../Users/GOTOS/Documents/Unreal Projects/FYP_Prototype/DerivedDataCache/DDC.ddp not found, will not use a pak cache.
[2018.09.26-09.17.48:638][  0]LogDerivedDataCache: Unable to find inner node Pak for hierarchical cache Hierarchy.
[2018.09.26-09.17.48:638][  0]LogDerivedDataCache: FDerivedDataBackendGraph:  CompressedPak pak cache file ../../../../../../Users/GOTOS/Documents/Unreal Projects/FYP_Prototype/DerivedDataCache/Compressed.ddp not found, will not use a pak cache.
[2018.09.26-09.17.48:638][  0]LogDerivedDataCache: Unable to find inner node CompressedPak for hierarchical cache Hierarchy.
[2018.09.26-09.17.48:650][  0]LogDerivedDataCache: Display: Pak cache opened for reading ../../../Engine/DerivedDataCache/Compressed.ddp.
[2018.09.26-09.17.48:663][  0]LogDerivedDataCache: Using Local data cache path C:/Users/GOTOS/AppData/Local/UnrealEngine/Common/DerivedDataCache: Writable
[2018.09.26-09.17.48:663][  0]LogDerivedDataCache: Shared data cache path not found in *engine.ini, will not use an Shared cache.
[2018.09.26-09.17.48:663][  0]LogDerivedDataCache: Unable to find inner node Shared for hierarchical cache Hierarchy.
[2018.09.26-09.17.48:683][  0]LogMaterial: Verifying Global Shaders for PCD3D_SM5
[2018.09.26-09.17.48:684][  0]LogSlate: Using FreeType 2.6.0
[2018.09.26-09.17.48:685][  0]LogSlate: SlateFontServices - WITH_FREETYPE: 1, WITH_HARFBUZZ: 1
[2018.09.26-09.17.48:768][  0]LogAssetRegistry: FAssetRegistry took 0.0264 seconds to start up
[2018.09.26-09.17.49:087][  0]LogInit: Selected Device Profile: [Windows]
[2018.09.26-09.17.49:134][  0]LogSimplygon: Simplygon DLL not present - disabling.
[2018.09.26-09.17.49:138][  0]LogMeshReduction: Using SimplygonSwarm for distributed automatic mesh merging
[2018.09.26-09.17.49:138][  0]LogMeshReduction: Using ProxyLODMeshReduction for automatic mesh merging
[2018.09.26-09.17.49:138][  0]LogMeshReduction: Using QuadricMeshReduction for automatic static mesh reduction
[2018.09.26-09.17.49:138][  0]LogMeshReduction: No automatic skeletal mesh reduction module available
[2018.09.26-09.17.49:230][  0]LogNetVersion: FYP_Prototype 1.0.0, NetCL: 4212847, EngineNetVer: 5, GameNetVer: 0 (Checksum: 1129731653)
[2018.09.26-09.17.49:733][  0]LogPackageLocalizationCache: Processed 11 localized package path(s) for 2 prioritized culture(s) in 0.093280 seconds
[2018.09.26-09.17.49:739][  0]LogUObjectArray: 38425 objects as part of root set at end of initial load.
[2018.09.26-09.17.49:739][  0]LogUObjectAllocator: 6690872 out of 0 bytes used by permanent object pool.
[2018.09.26-09.17.49:739][  0]LogUObjectArray: CloseDisregardForGC: 0/0 objects in disregard for GC pool
[2018.09.26-09.17.50:673][  0]LogTcpMessaging: Initializing TcpMessaging bridge
[2018.09.26-09.17.50:687][  0]LogUdpMessaging: Initializing bridge on interface 0.0.0.0:0 to multicast group 230.0.0.1:6666.
[2018.09.26-09.17.50:830][  0]SourceControl: Source control is disabled
[2018.09.26-09.17.50:830][  0]SourceControl: Source control is disabled
[2018.09.26-09.17.50:832][  0]SourceControl: Source control is disabled
[2018.09.26-09.17.50:833][  0]SourceControl: Source control is disabled
[2018.09.26-09.17.51:025][  0]LogAndroidPermission: UAndroidPermissionCallbackProxy::GetInstance
[2018.09.26-09.17.51:091][  0]LogOcInput: OculusInput pre-init called
[2018.09.26-09.17.51:167][  0]LogEngine: Initializing Engine...
[2018.09.26-09.17.51:168][  0]LogHMD: Failed to initialize OpenVR with code 110
[2018.09.26-09.17.51:169][  0]LogStats: UGameplayTagsManager::ConstructGameplayTagTree: ImportINI prefixes -  0.000 s
[2018.09.26-09.17.51:169][  0]LogStats: UGameplayTagsManager::ConstructGameplayTagTree: Construct from data asset -  0.000 s
[2018.09.26-09.17.51:169][  0]LogStats: UGameplayTagsManager::ConstructGameplayTagTree: ImportINI -  0.000 s
[2018.09.26-09.17.51:169][  0]LogStats: UGameplayTagsManager::ConstructGameplayTagTree: GameplayTagTreeChangedEvent.Broadcast -  0.000 s
[2018.09.26-09.17.51:443][  0]LogInit: Initializing FReadOnlyCVARCache
[2018.09.26-09.17.51:464][  0]LogAIModule: Creating AISystem for world Untitled
[2018.09.26-09.17.51:474][  0]LogInit: XAudio2 using 'Speakers / Headphones (Realtek Audio)' : 2 channels at 48 kHz using 32 bits per sample (channel mask 0x3)
[2018.09.26-09.17.51:502][  0]LogInit: FAudioDevice initialized.
[2018.09.26-09.17.51:503][  0]LogNetVersion: Set ProjectVersion to 1.0.0.0. Version Checksum will be recalculated on next use.
[2018.09.26-09.17.51:592][  0]LogDerivedDataCache: Saved boot cache 0.09s 86MB C:/Users/GOTOS/AppData/Local/UnrealEngine/4.20/DerivedDataCache/Boot.ddc.
[2018.09.26-09.17.51:607][  0]LogInit: Texture streaming: Enabled
[2018.09.26-09.17.51:626][  0]LogEngineSessionManager: EngineSessionManager initialized
[2018.09.26-09.17.51:706][  0]LogInit: Transaction tracking system initialized
[2018.09.26-09.17.51:725][  0]BlueprintLog: New page: Editor Load
[2018.09.26-09.17.51:820][  0]LocalizationService: Localization service is disabled
[2018.09.26-09.17.52:117][  0]LogCook: Display: Max memory allowance for cook 16384mb min free memory 0mb
[2018.09.26-09.17.52:117][  0]LogCook: Display: Mobile HDR setting 1
[2018.09.26-09.17.52:117][  0]LogGameplayTags: Display: UGameplayTagsManager::DoneAddingNativeTags. DelegateIsBound: 0
[2018.09.26-09.17.52:117][  0]LogStats: UGameplayTagsManager::ConstructGameplayTagTree: ImportINI prefixes -  0.000 s
[2018.09.26-09.17.52:117][  0]LogStats: UGameplayTagsManager::ConstructGameplayTagTree: Construct from data asset -  0.000 s
[2018.09.26-09.17.52:117][  0]LogStats: UGameplayTagsManager::ConstructGameplayTagTree: ImportINI -  0.000 s
[2018.09.26-09.17.52:117][  0]LogStats: UGameplayTagsManager::ConstructGameplayTagTree: GameplayTagTreeChangedEvent.Broadcast -  0.000 s
[2018.09.26-09.17.52:231][  0]LogFileCache: Scanning file cache for directory 'C:/Users/GOTOS/Documents/Unreal Projects/FYP_Prototype/Content/' took 0.02s
[2018.09.26-09.17.52:232][  0]SourceControl: Source control is disabled
[2018.09.26-09.17.52:232][  0]Cmd: MAP LOAD FILE="../../../../../../Users/GOTOS/Documents/Unreal Projects/FYP_Prototype/Content/VirtualRealityBP/Maps/StartupMap.umap" TEMPLATE=0 SHOWPROGRESS=1 FEATURELEVEL=3
[2018.09.26-09.17.52:232][  0]LightingResults: New page: Lighting Build
[2018.09.26-09.17.52:235][  0]MapCheck: New page: Map Check
[2018.09.26-09.17.52:235][  0]LightingResults: New page: Lighting Build
[2018.09.26-09.17.52:364][  0]LogAIModule: Creating AISystem for world StartupMap
[2018.09.26-09.17.52:372][  0]LogEditorServer: Finished looking for orphan Actors (0.000 secs)
[2018.09.26-09.17.52:397][  0]Cmd: MAP CHECKDEP NOCLEARLOG
[2018.09.26-09.17.52:474][  0]MapCheck: Map check complete: 0 Error(s), 0 Warning(s), took 76.745ms to complete.
[2018.09.26-09.17.52:474][  0]LogFileHelpers: Loading map 'StartupMap' took 0.242
[2018.09.26-09.17.52:569][  0]LogSlate: Updating window title bar state: overlay mode, drag disabled, window buttons hidden, title bar hidden
[2018.09.26-09.17.52:578][  0]LogSlate: Updating window title bar state: overlay mode, drag disabled, window buttons hidden, title bar hidden
[2018.09.26-09.17.52:586][  0]LogSlate: Updating window title bar state: overlay mode, drag disabled, window buttons hidden, title bar hidden
[2018.09.26-09.17.52:596][  0]LogSlate: Updating window title bar state: overlay mode, drag disabled, window buttons hidden, title bar hidden
[2018.09.26-09.17.52:604][  0]LogCollectionManager: Loaded 0 collections in 0.001386 seconds
[2018.09.26-09.17.52:644][  0]LogFileCache: Scanning file cache for directory 'C:/Users/GOTOS/Documents/Unreal Projects/FYP_Prototype/Saved/Collections/' took 0.01s
[2018.09.26-09.17.52:644][  0]LogFileCache: Scanning file cache for directory 'C:/Users/GOTOS/Documents/Unreal Projects/FYP_Prototype/Content/Developers/gotos/Collections/' took 0.01s
[2018.09.26-09.17.52:644][  0]LogFileCache: Scanning file cache for directory 'C:/Users/GOTOS/Documents/Unreal Projects/FYP_Prototype/Content/Collections/' took 0.01s
[2018.09.26-09.17.52:644][  0]LogCollectionManager: Rebuilt the GUID cache for 0 collections in 0.000001 seconds
[2018.09.26-09.17.52:655][  0]LogContentBrowser: Native class hierarchy populated in 0.0117 seconds. Added 2572 classes and 603 folders.
[2018.09.26-09.17.52:661][  0]LogContentBrowser: Native class hierarchy updated for 'WidgetCarousel' in 0.0002 seconds. Added 0 classes and 0 folders.
[2018.09.26-09.17.52:705][  0]LogContentBrowser: Native class hierarchy updated for 'AddContentDialog' in 0.0002 seconds. Added 0 classes and 0 folders.
[2018.09.26-09.17.52:710][  0]LogContentBrowser: Native class hierarchy updated for 'SceneOutliner' in 0.0003 seconds. Added 1 classes and 2 folders.
[2018.09.26-09.17.52:770][  0]LogSlate: Took 0.000251 seconds to synchronously load lazily loaded font '../../../Engine/Content/Slate/Fonts/Roboto-Regular.ttf' (155K)
[2018.09.26-09.17.52:774][  0]LogSlate: Took 0.000222 seconds to synchronously load lazily loaded font '../../../Engine/Content/Slate/Fonts/Roboto-Bold.ttf' (160K)
[2018.09.26-09.17.52:779][  0]LogSlate: Took 0.000206 seconds to synchronously load lazily loaded font '../../../Engine/Content/Editor/Slate/Fonts/FontAwesome.ttf' (139K)
[2018.09.26-09.17.52:852][  0]LogRenderer: Reallocating scene render targets to support 1180x596 Format 26 NumSamples 1 (Frame:1).
[2018.09.26-09.17.52:966][  0]LogContentBrowser: Native class hierarchy updated for 'HierarchicalLODOutliner' in 0.0003 seconds. Added 0 classes and 0 folders.
[2018.09.26-09.17.52:966][  0]LogLoad: (Engine Initialization) Total time: 8.89 seconds
[2018.09.26-09.17.52:966][  0]LogLoad: (Engine Initialization) Total Blueprint compile time: 0.00 seconds
[2018.09.26-09.17.52:976][  0]LogWindowsTextInputMethodSystem: Display: IME system now deactivated.
[2018.09.26-09.17.52:996][  0]LogContentStreaming: Texture pool size now 1000 MB
[2018.09.26-09.17.53:129][  1]LogAssetRegistry: Asset discovery search completed in 4.3833 seconds
[2018.09.26-09.17.53:131][  1]LogCollectionManager: Rebuilt the object cache for 0 collections in 0.000001 seconds (found 0 objects)
[2018.09.26-09.17.53:131][  1]LogCollectionManager: Fixed up redirectors for 0 collections in 0.000049 seconds (updated 0 objects)
[2018.09.26-09.17.55:707][307]LogSlate: FSceneViewport::OnFocusLost() reason 0
[2018.09.26-09.17.57:048][467]LogSlate: Took 0.000339 seconds to synchronously load lazily loaded font '../../../Engine/Content/Slate/Fonts/Roboto-Light.ttf' (167K)
[2018.09.26-09.18.01:675][ 20]LogSlate: Took 0.000196 seconds to synchronously load lazily loaded font '../../../Engine/Content/Slate/Fonts/Roboto-Light.ttf' (167K)
[2018.09.26-09.18.02:236][ 20]LogAIModule: Creating AISystem for world MotionControllerMap
[2018.09.26-09.18.02:251][ 20]LogAssetEditorManager: Opening Asset editor for World /Game/VirtualRealityBP/Maps/MotionControllerMap.MotionControllerMap
[2018.09.26-09.18.02:280][ 20]Cmd: MAP LOAD FILE="../../../../../../Users/GOTOS/Documents/Unreal Projects/FYP_Prototype/Content/VirtualRealityBP/Maps/MotionControllerMap.umap" TEMPLATE=0 SHOWPROGRESS=1 FEATURELEVEL=3
[2018.09.26-09.18.02:280][ 20]LightingResults: New page: Lighting Build
[2018.09.26-09.18.02:281][ 20]LoadErrors: New page: Loading map: MotionControllerMap.umap
[2018.09.26-09.18.02:282][ 20]MapCheck: New page: Map Check
[2018.09.26-09.18.02:282][ 20]LightingResults: New page: Lighting Build
[2018.09.26-09.18.02:388][ 20]LogEditorServer: Finished looking for orphan Actors (0.000 secs)
[2018.09.26-09.18.02:433][ 20]Cmd: MAP CHECKDEP NOCLEARLOG
[2018.09.26-09.18.02:521][ 20]MapCheck: Map check complete: 0 Error(s), 0 Warning(s), took 87.308ms to complete.
[2018.09.26-09.18.02:523][ 20]LogFileHelpers: Loading map 'MotionControllerMap' took 0.243
[2018.09.26-09.20.07:853][ 36]LogSlate: FSceneViewport::OnFocusLost() reason 0
[2018.09.26-09.20.07:986][ 52]LogTemp: Repeating last play command: New Editor Window (PIE)
[2018.09.26-09.20.07:997][ 52]LogBlueprintUserMessages: Early PlayInEditor Detection: Level '/Game/VirtualRealityBP/Maps/MotionControllerMap.MotionControllerMap:PersistentLevel' has LevelScriptBlueprint '/Game/VirtualRealityBP/Maps/MotionControllerMap.MotionControllerMap:PersistentLevel.MotionControllerMap' with GeneratedClass '/Game/VirtualRealityBP/Maps/MotionControllerMap.MotionControllerMap_C' with ClassGeneratedBy '/Game/VirtualRealityBP/Maps/MotionControllerMap.MotionControllerMap:PersistentLevel.MotionControllerMap'
[2018.09.26-09.20.07:997][ 52]LogPlayLevel: PlayLevel: No blueprints needed recompiling
[2018.09.26-09.20.08:011][ 52]PIE: New page: PIE session: MotionControllerMap (27 Sep 2018 1:20:08 am)
[2018.09.26-09.20.08:011][ 52]LogPlayLevel: Creating play world package: /Game/VirtualRealityBP/Maps/UEDPIE_0_MotionControllerMap
[2018.09.26-09.20.08:027][ 52]LogPlayLevel: PIE: StaticDuplicateObject took: (0.016072s)
[2018.09.26-09.20.08:028][ 52]LogAIModule: Creating AISystem for world MotionControllerMap
[2018.09.26-09.20.08:028][ 52]LogPlayLevel: PIE: World Init took: (0.000672s)
[2018.09.26-09.20.08:028][ 52]LogPlayLevel: PIE: Created PIE world by copying editor world from /Game/VirtualRealityBP/Maps/MotionControllerMap.MotionControllerMap to /Game/VirtualRealityBP/Maps/UEDPIE_0_MotionControllerMap.MotionControllerMap (0.016892s)
[2018.09.26-09.20.08:056][ 52]LogInit: XAudio2 using 'Speakers / Headphones (Realtek Audio)' : 2 channels at 48 kHz using 32 bits per sample (channel mask 0x3)
[2018.09.26-09.20.08:075][ 52]LogInit: FAudioDevice initialized.
[2018.09.26-09.20.08:081][ 52]LogSlate: Updating window title bar state: overlay mode, drag disabled, window buttons hidden, title bar hidden
[2018.09.26-09.20.08:128][ 52]LogUObjectGlobals: Warning: Failed to find object 'Class None.'
[2018.09.26-09.20.08:128][ 52]LogLoad: Game class is 'GameModeBase'
[2018.09.26-09.20.08:132][ 52]LogWorld: Bringing World /Game/VirtualRealityBP/Maps/UEDPIE_0_MotionControllerMap.MotionControllerMap up for play (max tick rate 0) at 2018.09.26-17.20.08
[2018.09.26-09.20.08:132][ 52]LogWorld: Bringing up level for play took: 0.003067
[2018.09.26-09.20.08:148][ 52]LogContentBrowser: Native class hierarchy updated for 'MovieSceneCapture' in 0.0003 seconds. Added 10 classes and 0 folders.
[2018.09.26-09.20.08:155][ 52]PIE: Play in editor start time for /Game/VirtualRealityBP/Maps/UEDPIE_0_MotionControllerMap -0.193
[2018.09.26-09.20.08:163][ 52]LogBlueprintUserMessages: Late PlayInEditor Detection: Level '/Game/VirtualRealityBP/Maps/MotionControllerMap.MotionControllerMap:PersistentLevel' has LevelScriptBlueprint '/Game/VirtualRealityBP/Maps/MotionControllerMap.MotionControllerMap:PersistentLevel.MotionControllerMap' with GeneratedClass '/Game/VirtualRealityBP/Maps/MotionControllerMap.MotionControllerMap_C' with ClassGeneratedBy '/Game/VirtualRealityBP/Maps/MotionControllerMap.MotionControllerMap:PersistentLevel.MotionControllerMap'
[2018.09.26-09.20.08:214][ 52]LogRenderer: Reallocating scene render targets to support 1292x756 Format 26 NumSamples 1 (Frame:1).
[2018.09.26-09.20.53:058][409]LogSlate: FSceneViewport::OnFocusLost() reason 2
[2018.09.26-10.01.26:783][503]LogSlate: Window 'FYP_Prototype Game Preview Standalone (64-bit/PCD3D_SM5)' being destroyed
[2018.09.26-10.01.26:794][503]LogBlueprintUserMessages: Early EndPlayMap Detection: Level '/Game/VirtualRealityBP/Maps/MotionControllerMap.MotionControllerMap:PersistentLevel' has LevelScriptBlueprint '/Game/VirtualRealityBP/Maps/MotionControllerMap.MotionControllerMap:PersistentLevel.MotionControllerMap' with GeneratedClass '/Game/VirtualRealityBP/Maps/MotionControllerMap.MotionControllerMap_C' with ClassGeneratedBy '/Game/VirtualRealityBP/Maps/MotionControllerMap.MotionControllerMap:PersistentLevel.MotionControllerMap'
[2018.09.26-10.01.26:827][503]LogPlayLevel: Display: Shutting down PIE online subsystems
[2018.09.26-10.01.26:827][503]LogBlueprintUserMessages: Late EndPlayMap Detection: Level '/Game/VirtualRealityBP/Maps/MotionControllerMap.MotionControllerMap:PersistentLevel' has LevelScriptBlueprint '/Game/VirtualRealityBP/Maps/MotionControllerMap.MotionControllerMap:PersistentLevel.MotionControllerMap' with GeneratedClass '/Game/VirtualRealityBP/Maps/MotionControllerMap.MotionControllerMap_C' with ClassGeneratedBy '/Game/VirtualRealityBP/Maps/MotionControllerMap.MotionControllerMap:PersistentLevel.MotionControllerMap'
[2018.09.26-10.01.27:114][504]LogPlayLevel: Display: Destroying online subsystem :Context_2
