Log file open, 10/15/18 17:19:46
LogWindows: Failed to load 'aqProf.dll' (GetLastError=126)
LogWindows: File 'aqProf.dll' does not exist
LogWindows: Failed to load 'VtuneApi.dll' (GetLastError=126)
LogWindows: File 'VtuneApi.dll' does not exist
LogWindows: Failed to load 'VtuneApi32e.dll' (GetLastError=126)
LogWindows: File 'VtuneApi32e.dll' does not exist
LogInit: Display: Running engine for game: FYP_Prototype
LogPlatformFile: Not using cached read wrapper
LogTaskGraph: Started task graph with 5 named threads and 23 total threads with 3 sets of task threads.
LogStats: Stats thread started at 0.320747
LogD3D11RHI: Loaded GFSDK_Aftermath_Lib.x64.dll
LogICUInternationalization: Display: ICU TimeZone Detection - Raw Offset: +8:00, Platform Override: ''
LogPluginManager: Mounting plugin Paper2D
LogPluginManager: Mounting plugin AISupport
LogPluginManager: Mounting plugin LightPropagationVolume
LogPluginManager: Mounting plugin CLionSourceCodeAccess
LogPluginManager: Mounting plugin CodeLiteSourceCodeAccess
LogPluginManager: Mounting plugin GitSourceControl
LogPluginManager: Mounting plugin KDevelopSourceCodeAccess
LogPluginManager: Mounting plugin NullSourceCodeAccess
LogPluginManager: Mounting plugin PerforceSourceControl
LogPluginManager: Mounting plugin SubversionSourceControl
LogPluginManager: Mounting plugin UObjectPlugin
LogPluginManager: Mounting plugin VisualStudioCodeSourceCodeAccess
LogPluginManager: Mounting plugin VisualStudioSourceCodeAccess
LogPluginManager: Mounting plugin XCodeSourceCodeAccess
LogPluginManager: Mounting plugin AssetManagerEditor
LogPluginManager: Mounting plugin CryptoKeys
LogPluginManager: Mounting plugin DataValidation
LogPluginManager: Mounting plugin FacialAnimation
LogPluginManager: Mounting plugin GameplayTagsEditor
LogPluginManager: Mounting plugin MacGraphicsSwitching
LogPluginManager: Mounting plugin MeshEditor
LogPluginManager: Mounting plugin MobileLauncherProfileWizard
LogPluginManager: Mounting plugin PluginBrowser
LogPluginManager: Mounting plugin SpeedTreeImporter
LogPluginManager: Mounting plugin DatasmithContent
LogPluginManager: Mounting plugin AlembicImporter
LogPluginManager: Mounting plugin AppleImageUtils
LogPluginManager: Mounting plugin AppleVision
LogPluginManager: Mounting plugin BackChannel
LogPluginManager: Mounting plugin CharacterAI
LogPluginManager: Mounting plugin GeometryCache
LogPluginManager: Mounting plugin HTML5Networking
LogPluginManager: Mounting plugin ProxyLODPlugin
LogPluginManager: Mounting plugin MagicLeap
LogPluginManager: Mounting plugin MagicLeapEmulator
LogPluginManager: Mounting plugin MagicLeapMedia
LogPluginManager: Mounting plugin AndroidMedia
LogPluginManager: Mounting plugin AvfMedia
LogPluginManager: Mounting plugin ImgMedia
LogPluginManager: Mounting plugin LinearTimecode
LogPluginManager: Mounting plugin MediaCompositing
LogPluginManager: Mounting plugin MediaPlayerEditor
LogPluginManager: Mounting plugin WmfMedia
LogPluginManager: Mounting plugin TcpMessaging
LogPluginManager: Mounting plugin UdpMessaging
LogPluginManager: Mounting plugin ActorSequence
LogPluginManager: Mounting plugin LevelSequenceEditor
LogPluginManager: Mounting plugin MatineeToLevelSequence
LogPluginManager: Mounting plugin NetcodeUnitTest
LogPluginManager: Mounting plugin NUTUnrealEngine4
LogPluginManager: Mounting plugin OnlineSubsystemGooglePlay
LogPluginManager: Mounting plugin OnlineSubsystemIOS
LogPluginManager: Mounting plugin OnlineSubsystem
LogPluginManager: Mounting plugin OnlineSubsystemNull
LogPluginManager: Mounting plugin OnlineSubsystemUtils
LogPluginManager: Mounting plugin LauncherChunkInstaller
LogPluginManager: Mounting plugin AndroidDeviceProfileSelector
LogPluginManager: Mounting plugin AndroidMoviePlayer
LogPluginManager: Mounting plugin AndroidPermission
LogPluginManager: Mounting plugin AppleMoviePlayer
LogPluginManager: Mounting plugin ArchVisCharacter
LogPluginManager: Mounting plugin AudioCapture
LogPluginManager: Mounting plugin CableComponent
LogPluginManager: Mounting plugin CustomMeshComponent
LogPluginManager: Mounting plugin EditableMesh
LogPluginManager: Mounting plugin ExampleDeviceProfileSelector
LogPluginManager: Mounting plugin GoogleCloudMessaging
LogPluginManager: Mounting plugin ImmediatePhysics
LogPluginManager: Mounting plugin IOSDeviceProfileSelector
LogPluginManager: Mounting plugin LinuxDeviceProfileSelector
LogPluginManager: Mounting plugin LocationServicesBPLibrary
LogPluginManager: Mounting plugin MobilePatchingUtils
LogPluginManager: Mounting plugin OculusVR
LogPluginManager: Plugin shader directory ../../../Engine/Plugins/Runtime/Oculus/OculusVR/Shaders found
LogPluginManager: Mapping shader source directory ../../../Engine/Plugins/Runtime/Oculus/OculusVR/Shaders to virtual directory /Plugin/OculusVR
LogPluginManager: Mounting plugin PhysXVehicles
LogPluginManager: Mounting plugin ProceduralMeshComponent
LogPluginManager: Mounting plugin RuntimePhysXCooking
LogPluginManager: Mounting plugin SteamVR
LogPluginManager: Mounting plugin WindowsMoviePlayer
LogStreaming: Display: Took  0.354s to configure plugins.
LogInit: Using libcurl 7.55.1-DEV
LogInit:  - built for x86_64-pc-win32
LogInit:  - supports SSL with OpenSSL/1.0.2h
LogInit:  - supports HTTP deflate (compression) using libz 1.2.8
LogInit:  - other features:
LogInit:      CURL_VERSION_SSL
LogInit:      CURL_VERSION_LIBZ
LogInit:      CURL_VERSION_IPV6
LogInit:      CURL_VERSION_ASYNCHDNS
LogInit:      CURL_VERSION_LARGEFILE
LogInit:      CURL_VERSION_IDN
LogInit:  CurlRequestOptions (configurable via config and command line):
LogInit:  - bVerifyPeer = false  - Libcurl will NOT verify peer certificate
LogInit:  - bUseHttpProxy = false  - Libcurl will NOT use HTTP proxy
LogInit:  - bDontReuseConnections = false  - Libcurl will reuse connections
LogInit:  - CertBundlePath = nullptr  - Libcurl will use whatever was configured at build time.
LogInit:  - MaxHostConnections = 16  - Libcurl will limit the number of connections to a host
LogInit:  - LocalHostAddr = Default
LogInit:  - BufferSize = 65536
LogInit: WinSock: version 1.1 (2.2), MaxSocks=32767, MaxUdp=65467
LogInit: Build: ++UE4+Release-4.20-CL-4369336
LogInit: Engine Version: 4.20.3-4369336+++UE4+Release-4.20
LogInit: Compatible Engine Version: 4.20.0-4212847+++UE4+Release-4.20
LogInit: Net CL: 4212847
LogInit: OS: Windows 10 (), CPU: Intel(R) Core(TM) i7-7700HQ CPU @ 2.80GHz, GPU: Intel(R) HD Graphics 630
LogInit: Compiled (64-bit): Sep 17 2018 12:26:19
LogInit: Compiled with Visual C++: 19.13.26129.00
LogInit: Build Configuration: Development
LogInit: Branch Name: ++UE4+Release-4.20
LogInit: Command Line: 
LogInit: Base Directory: C:/Program Files/Epic Games/UE_4.20/Engine/Binaries/Win64/
LogInit: Installed Engine Build: 1
LogDevObjectVersion: Number of dev versions registered: 20
LogDevObjectVersion:   Dev-Blueprints (B0D832E4-1F89-4F0D-ACCF-7EB736FD4AA2): 10
LogDevObjectVersion:   Dev-Build (E1C64328-A22C-4D53-A36C-8E866417BD8C): 0
LogDevObjectVersion:   Dev-Core (375EC13C-06E4-48FB-B500-84F0262A717E): 2
LogDevObjectVersion:   Dev-Editor (E4B068ED-F494-42E9-A231-DA0B2E46BB41): 24
LogDevObjectVersion:   Dev-Framework (CFFC743F-43B0-4480-9391-14DF171D2073): 34
LogDevObjectVersion:   Dev-Mobile (B02B49B5-BB20-44E9-A304-32B752E40360): 2
LogDevObjectVersion:   Dev-Networking (A4E4105C-59A1-49B5-A7C5-40C4547EDFEE): 0
LogDevObjectVersion:   Dev-Online (39C831C9-5AE6-47DC-9A44-9C173E1C8E7C): 0
LogDevObjectVersion:   Dev-Physics (78F01B33-EBEA-4F98-B9B4-84EACCB95AA2): 0
LogDevObjectVersion:   Dev-Platform (6631380F-2D4D-43E0-8009-CF276956A95A): 0
LogDevObjectVersion:   Dev-Rendering (12F88B9F-8875-4AFC-A67C-D90C383ABD29): 26
LogDevObjectVersion:   Dev-Sequencer (7B5AE74C-D270-4C10-A958-57980B212A5A): 9
LogDevObjectVersion:   Dev-VR (D7296918-1DD6-4BDD-9DE2-64A83CC13884): 2
LogDevObjectVersion:   Dev-LoadTimes (C2A15278-BFE7-4AFE-6C17-90FF531DF755): 1
LogDevObjectVersion:   Private-Geometry (6EACA3D4-40EC-4CC1-B786-8BED09428FC5): 3
LogDevObjectVersion:   Dev-AnimPhys (29E575DD-E0A3-4627-9D10-D276232CDCEA): 17
LogDevObjectVersion:   Dev-ReflectionCapture (6B266CEC-1EC7-4B8F-A30B-E4D90942FC07): 1
LogDevObjectVersion:   Dev-Automation (0DF73D61-A23F-47EA-B727-89E90C41499A): 1
LogDevObjectVersion:   FortniteMain (601D1886-AC64-4F84-AA16-D3DE0DEAC7D6): 12
LogDevObjectVersion:   Dev-Enterprise (9DFFBCD6-494F-0158-E221-12823C92A888): 1
LogStreaming: Display: Took  0.003s to delete old logs.
LogInit: Presizing for max 8388607 objects, including 0 objects not considered by GC, pre-allocating 0 bytes for permanent pool.
LogInit: Object subsystem initialized
[2018.10.15-09.19.46:841][  0]LogInit: Selected Device Profile: [Windows]
[2018.10.15-09.19.46:841][  0]LogInit: Applying CVar settings loaded from the selected device profile: [Windows]
[2018.10.15-09.19.46:858][  0]LogHAL: Display: Platform has ~ 8 GB [8465178624 / 8589934592 / 8], which maps to Default [LargestMinGB=32, LargerMinGB=12, DefaultMinGB=8, SmallerMinGB=6, SmallestMinGB=0)
[2018.10.15-09.19.46:858][  0]LogInit: Setting Device Profile CVar: [[r.Vulkan.UseRealUBs:1]]
[2018.10.15-09.19.46:858][  0]LogInit: Going up to parent DeviceProfile []
[2018.10.15-09.19.46:859][  0]LogInit: Computer: LAPTOP-8L78J8RF
[2018.10.15-09.19.46:859][  0]LogInit: User: kumik
[2018.10.15-09.19.46:859][  0]LogInit: CPU Page size=4096, Cores=4
[2018.10.15-09.19.46:859][  0]LogInit: High frequency timer resolution =2.742188 MHz
[2018.10.15-09.19.46:859][  0]LogMemory: Memory total: Physical=7.9GB (8GB approx)
[2018.10.15-09.19.46:859][  0]LogMemory: Platform Memory Stats for Windows
[2018.10.15-09.19.46:859][  0]LogMemory: Process Physical Memory: 100.58 MB used, 100.58 MB peak
[2018.10.15-09.19.46:859][  0]LogMemory: Process Virtual Memory: 89.45 MB used, 89.45 MB peak
[2018.10.15-09.19.46:859][  0]LogMemory: Physical Memory: 4954.21 MB used,  3118.82 MB free, 8073.02 MB total
[2018.10.15-09.19.46:859][  0]LogMemory: Virtual Memory: 4629.53 MB used,  3118.82 MB free, 134217728.00 MB total
[2018.10.15-09.19.47:754][  0]LogInit: Using OS detected language (en-US).
[2018.10.15-09.19.47:754][  0]LogInit: Using OS detected locale (en-US).
[2018.10.15-09.19.47:755][  0]LogTextLocalizationManager: No specific localization for 'en-US' exists, so the 'en' localization will be used.
[2018.10.15-09.19.48:169][  0]LogStreaming: Display: Took  0.416s to InitEngineTextLocalization.
[2018.10.15-09.19.48:169][  0]LogInit: Setting process to per monitor DPI aware
[2018.10.15-09.19.48:233][  0]LogSlate: New Slate User Created.  User Index 0, Is Virtual User: 0
[2018.10.15-09.19.48:233][  0]LogSlate: Slate User Registered.  User Index 0, Is Virtual User: 0
[2018.10.15-09.19.48:562][  0]LogHMD: Failed to initialize OpenVR with code 110
[2018.10.15-09.19.48:562][  0]LogD3D11RHI: D3D11 adapters:
[2018.10.15-09.19.48:645][  0]LogD3D11RHI:    0. 'NVIDIA GeForce GTX 1050' (Feature Level 11_0)
[2018.10.15-09.19.48:646][  0]LogD3D11RHI:       4031/0/4036 MB DedicatedVideo/DedicatedSystem/SharedSystem, Outputs:1, VendorId:0x10de
[2018.10.15-09.19.48:664][  0]LogD3D11RHI:    1. 'Intel(R) HD Graphics 630' (Feature Level 11_0)
[2018.10.15-09.19.48:664][  0]LogD3D11RHI:       128/0/4036 MB DedicatedVideo/DedicatedSystem/SharedSystem, Outputs:0, VendorId:0x8086
[2018.10.15-09.19.48:668][  0]LogD3D11RHI:    2. 'Microsoft Basic Render Driver' (Feature Level 11_0)
[2018.10.15-09.19.48:668][  0]LogD3D11RHI:       0/0/4036 MB DedicatedVideo/DedicatedSystem/SharedSystem, Outputs:0, VendorId:0x1414
[2018.10.15-09.19.48:668][  0]LogD3D11RHI: Chosen D3D11 Adapter: 0
[2018.10.15-09.19.48:720][  0]LogD3D11RHI: Creating new Direct3DDevice
[2018.10.15-09.19.48:720][  0]LogD3D11RHI:     GPU DeviceId: 0x1c8d (for the marketing name, search the web for "GPU Device Id")
[2018.10.15-09.19.48:720][  0]LogWindows: EnumDisplayDevices:
[2018.10.15-09.19.48:720][  0]LogWindows:    0. 'Intel(R) HD Graphics 630' (P:1 D:1)
[2018.10.15-09.19.48:721][  0]LogWindows:    1. 'Intel(R) HD Graphics 630' (P:0 D:0)
[2018.10.15-09.19.48:721][  0]LogWindows:    2. 'Intel(R) HD Graphics 630' (P:0 D:0)
[2018.10.15-09.19.48:721][  0]LogWindows: DebugString: PrimaryIsNotTheChoosenAdapter PrimaryIsNotTheChoosenAdapter PrimaryIsNotTheChoosenAdapter FoundDriverCount:0 
[2018.10.15-09.19.48:721][  0]LogD3D11RHI:     Adapter Name: NVIDIA GeForce GTX 1050
[2018.10.15-09.19.48:721][  0]LogD3D11RHI:   Driver Version: Unknown (internal:Unknown, unified:Unknown)
[2018.10.15-09.19.48:721][  0]LogD3D11RHI:      Driver Date: Unknown
[2018.10.15-09.19.48:721][  0]LogRHI: Texture pool is 2821 MB (70% of 4031 MB)
[2018.10.15-09.19.48:762][  0]LogD3D11RHI: Async texture creation enabled
[2018.10.15-09.19.48:777][  0]LogD3D11RHI: GPU Timing Frequency: 1000.000000 (Debug: 2 1)
[2018.10.15-09.19.48:777][  0]LogShaderCompilers: Guid format shader working directory is -33 characters bigger than the processId version (../../../../../../Users/kumik/OneDrive/Documents/GitHub/FYP/Main/FYP_Prototype/Intermediate/Shaders/WorkingDirectory/20296/).
[2018.10.15-09.19.48:777][  0]LogShaderCompilers: Cleaned the shader compiler working directory 'C:/Users/kumik/AppData/Local/Temp/UnrealShaderWorkingDir/78DD16734FA5FDA7811527A94CD506E7/'.
[2018.10.15-09.19.48:992][  0]LogTemp: Display: Loaded TP AllDesktopTargetPlatform
[2018.10.15-09.19.49:014][  0]LogTemp: Display: Loaded TP MacClientTargetPlatform
[2018.10.15-09.19.49:036][  0]LogTemp: Display: Loaded TP MacNoEditorTargetPlatform
[2018.10.15-09.19.49:055][  0]LogTemp: Display: Loaded TP MacServerTargetPlatform
[2018.10.15-09.19.49:077][  0]LogTemp: Display: Loaded TP MacTargetPlatform
[2018.10.15-09.19.49:096][  0]LogTemp: Display: Loaded TP WindowsClientTargetPlatform
[2018.10.15-09.19.49:117][  0]LogTemp: Display: Loaded TP WindowsNoEditorTargetPlatform
[2018.10.15-09.19.49:140][  0]LogTemp: Display: Loaded TP WindowsServerTargetPlatform
[2018.10.15-09.19.49:147][  0]LogTemp: Display: Loaded TP WindowsTargetPlatform
[2018.10.15-09.19.49:262][  0]LogTemp: Display: Loaded TP AndroidTargetPlatform
[2018.10.15-09.19.49:262][  0]LogTemp: Display: Loaded TP AndroidTargetPlatform
[2018.10.15-09.19.49:262][  0]LogTemp: Display: Loaded TP AndroidTargetPlatform
[2018.10.15-09.19.49:262][  0]LogTemp: Display: Loaded TP AndroidTargetPlatform
[2018.10.15-09.19.49:262][  0]LogTemp: Display: Loaded TP AndroidTargetPlatform
[2018.10.15-09.19.49:262][  0]LogTemp: Display: Loaded TP AndroidTargetPlatform
[2018.10.15-09.19.49:262][  0]LogTemp: Display: Loaded TP AndroidTargetPlatform
[2018.10.15-09.19.49:262][  0]LogTemp: Display: Loaded TP AndroidTargetPlatform
[2018.10.15-09.19.49:262][  0]LogTemp: Display: Loaded TP AndroidTargetPlatform
[2018.10.15-09.19.49:262][  0]LogTemp: Display: Loaded TP AndroidTargetPlatform
[2018.10.15-09.19.49:262][  0]LogTemp: Display: Loaded TP AndroidTargetPlatform
[2018.10.15-09.19.49:262][  0]LogTemp: Display: Loaded TP AndroidTargetPlatform
[2018.10.15-09.19.49:262][  0]LogTemp: Display: Loaded TP AndroidTargetPlatform
[2018.10.15-09.19.49:262][  0]LogTemp: Display: Loaded TP AndroidTargetPlatform
[2018.10.15-09.19.49:262][  0]LogTemp: Display: Loaded TP AndroidTargetPlatform
[2018.10.15-09.19.49:262][  0]LogTemp: Display: Loaded TP AndroidTargetPlatform
[2018.10.15-09.19.49:262][  0]LogTemp: Display: Loaded TP AndroidTargetPlatform
[2018.10.15-09.19.49:262][  0]LogTemp: Display: Loaded TP AndroidTargetPlatform
[2018.10.15-09.19.49:264][  0]LogTemp: Display: Loaded TP HTML5TargetPlatform
[2018.10.15-09.19.49:336][  0]LogTemp: Display: Loaded TP IOSTargetPlatform
[2018.10.15-09.19.49:336][  0]LogTemp: Display: Loaded TP IOSTargetPlatform
[2018.10.15-09.19.49:364][  0]LogTemp: Display: Loaded TP TVOSTargetPlatform
[2018.10.15-09.19.49:364][  0]LogTemp: Display: Loaded TP TVOSTargetPlatform
[2018.10.15-09.19.49:380][  0]LogTemp: Display: Loaded TP LinuxClientTargetPlatform
[2018.10.15-09.19.49:397][  0]LogTemp: Display: Loaded TP LinuxNoEditorTargetPlatform
[2018.10.15-09.19.49:415][  0]LogTemp: Display: Loaded TP LinuxServerTargetPlatform
[2018.10.15-09.19.49:436][  0]LogTemp: Display: Loaded TP LinuxTargetPlatform
[2018.10.15-09.19.49:450][  0]LogTemp: Display: Loaded TP LuminTargetPlatform
[2018.10.15-09.19.49:450][  0]LogTargetPlatformManager: Display: Building Assets For Windows
[2018.10.15-09.19.49:608][  0]LogXGEController: Cleaning working directory: C:/Users/kumik/AppData/Local/Temp/UnrealXGEWorkingDir/
[2018.10.15-09.19.49:608][  0]LogXGEController: Cannot use XGE Controller as Incredibuild is not installed on this machine.
[2018.10.15-09.19.49:608][  0]LogShaderCompilers: Cannot use XGE Shader Compiler as Incredibuild is not installed on this machine.
[2018.10.15-09.19.49:608][  0]LogShaderCompilers: Display: Using Local Shader Compiler.
[2018.10.15-09.19.50:535][  0]LogDerivedDataCache: Display: Max Cache Size: 512 MB
[2018.10.15-09.19.50:607][  0]LogDerivedDataCache: Loaded boot cache 0.07s 86MB C:/Users/kumik/AppData/Local/UnrealEngine/4.20/DerivedDataCache/Boot.ddc.
[2018.10.15-09.19.50:607][  0]LogDerivedDataCache: Display: Loaded Boot cache: C:/Users/kumik/AppData/Local/UnrealEngine/4.20/DerivedDataCache/Boot.ddc
[2018.10.15-09.19.50:607][  0]LogDerivedDataCache: FDerivedDataBackendGraph:  Pak pak cache file ../../../../../../Users/kumik/OneDrive/Documents/GitHub/FYP/Main/FYP_Prototype/DerivedDataCache/DDC.ddp not found, will not use a pak cache.
[2018.10.15-09.19.50:607][  0]LogDerivedDataCache: Unable to find inner node Pak for hierarchical cache Hierarchy.
[2018.10.15-09.19.50:607][  0]LogDerivedDataCache: FDerivedDataBackendGraph:  CompressedPak pak cache file ../../../../../../Users/kumik/OneDrive/Documents/GitHub/FYP/Main/FYP_Prototype/DerivedDataCache/Compressed.ddp not found, will not use a pak cache.
[2018.10.15-09.19.50:607][  0]LogDerivedDataCache: Unable to find inner node CompressedPak for hierarchical cache Hierarchy.
[2018.10.15-09.19.50:622][  0]LogDerivedDataCache: Display: Pak cache opened for reading ../../../Engine/DerivedDataCache/Compressed.ddp.
[2018.10.15-09.19.50:634][  0]LogDerivedDataCache: Using Local data cache path C:/Users/kumik/AppData/Local/UnrealEngine/Common/DerivedDataCache: Writable
[2018.10.15-09.19.50:634][  0]LogDerivedDataCache: Shared data cache path not found in *engine.ini, will not use an Shared cache.
[2018.10.15-09.19.50:634][  0]LogDerivedDataCache: Unable to find inner node Shared for hierarchical cache Hierarchy.
[2018.10.15-09.19.50:655][  0]LogMaterial: Verifying Global Shaders for PCD3D_SM5
[2018.10.15-09.19.50:655][  0]LogSlate: Using FreeType 2.6.0
[2018.10.15-09.19.50:657][  0]LogSlate: SlateFontServices - WITH_FREETYPE: 1, WITH_HARFBUZZ: 1
[2018.10.15-09.19.50:758][  0]LogAssetRegistry: FAssetRegistry took 0.0296 seconds to start up
[2018.10.15-09.19.51:210][  0]LogInit: Selected Device Profile: [Windows]
[2018.10.15-09.19.51:368][  0]LogSimplygon: Simplygon DLL not present - disabling.
[2018.10.15-09.19.51:375][  0]LogMeshReduction: Using SimplygonSwarm for distributed automatic mesh merging
[2018.10.15-09.19.51:375][  0]LogMeshReduction: Using ProxyLODMeshReduction for automatic mesh merging
[2018.10.15-09.19.51:375][  0]LogMeshReduction: Using QuadricMeshReduction for automatic static mesh reduction
[2018.10.15-09.19.51:375][  0]LogMeshReduction: No automatic skeletal mesh reduction module available
[2018.10.15-09.19.51:398][  0]LogNetVersion: FYP_Prototype 1.0.0, NetCL: 4212847, EngineNetVer: 5, GameNetVer: 0 (Checksum: 1129731653)
[2018.10.15-09.19.53:287][  0]LogPackageLocalizationCache: Processed 11 localized package path(s) for 2 prioritized culture(s) in 0.965948 seconds
[2018.10.15-09.19.53:309][  0]LogUObjectArray: 38425 objects as part of root set at end of initial load.
[2018.10.15-09.19.53:309][  0]LogUObjectAllocator: 6690872 out of 0 bytes used by permanent object pool.
[2018.10.15-09.19.53:309][  0]LogUObjectArray: CloseDisregardForGC: 0/0 objects in disregard for GC pool
[2018.10.15-09.19.58:285][  0]LogTcpMessaging: Initializing TcpMessaging bridge
[2018.10.15-09.19.58:306][  0]LogUdpMessaging: Initializing bridge on interface 0.0.0.0:0 to multicast group 230.0.0.1:6666.
[2018.10.15-09.19.58:834][  0]SourceControl: Source control is disabled
[2018.10.15-09.19.58:834][  0]SourceControl: Source control is disabled
[2018.10.15-09.19.58:844][  0]SourceControl: Source control is disabled
[2018.10.15-09.19.58:851][  0]SourceControl: Source control is disabled
[2018.10.15-09.19.59:101][  0]LogAndroidPermission: UAndroidPermissionCallbackProxy::GetInstance
[2018.10.15-09.19.59:190][  0]LogOcInput: OculusInput pre-init called
[2018.10.15-09.19.59:263][  0]LogEngine: Initializing Engine...
[2018.10.15-09.19.59:264][  0]LogHMD: Failed to initialize OpenVR with code 110
[2018.10.15-09.19.59:265][  0]LogStats: UGameplayTagsManager::ConstructGameplayTagTree: ImportINI prefixes -  0.000 s
[2018.10.15-09.19.59:265][  0]LogStats: UGameplayTagsManager::ConstructGameplayTagTree: Construct from data asset -  0.000 s
[2018.10.15-09.19.59:266][  0]LogStats: UGameplayTagsManager::ConstructGameplayTagTree: ImportINI -  0.000 s
[2018.10.15-09.19.59:266][  0]LogStats: UGameplayTagsManager::ConstructGameplayTagTree: GameplayTagTreeChangedEvent.Broadcast -  0.000 s
[2018.10.15-09.19.59:519][  0]LogInit: Initializing FReadOnlyCVARCache
[2018.10.15-09.19.59:541][  0]LogAIModule: Creating AISystem for world Untitled
[2018.10.15-09.19.59:637][  0]LogInit: XAudio2 using 'Speakers (Conexant SmartAudio HD)' : 2 channels at 48 kHz using 32 bits per sample (channel mask 0x3)
[2018.10.15-09.19.59:925][  0]LogInit: FAudioDevice initialized.
[2018.10.15-09.19.59:925][  0]LogNetVersion: Set ProjectVersion to 1.0.0.0. Version Checksum will be recalculated on next use.
[2018.10.15-09.20.00:031][  0]LogDerivedDataCache: Saved boot cache 0.11s 86MB C:/Users/kumik/AppData/Local/UnrealEngine/4.20/DerivedDataCache/Boot.ddc.
[2018.10.15-09.20.00:048][  0]LogInit: Texture streaming: Enabled
[2018.10.15-09.20.00:078][  0]LogEngineSessionManager: EngineSessionManager initialized
[2018.10.15-09.20.00:098][  0]LogInit: Transaction tracking system initialized
[2018.10.15-09.20.00:135][  0]BlueprintLog: New page: Editor Load
[2018.10.15-09.20.00:271][  0]LocalizationService: Localization service is disabled
[2018.10.15-09.20.00:636][  0]LogCook: Display: Max memory allowance for cook 16384mb min free memory 0mb
[2018.10.15-09.20.00:636][  0]LogCook: Display: Mobile HDR setting 1
[2018.10.15-09.20.00:636][  0]LogGameplayTags: Display: UGameplayTagsManager::DoneAddingNativeTags. DelegateIsBound: 0
[2018.10.15-09.20.00:636][  0]LogStats: UGameplayTagsManager::ConstructGameplayTagTree: ImportINI prefixes -  0.000 s
[2018.10.15-09.20.00:636][  0]LogStats: UGameplayTagsManager::ConstructGameplayTagTree: Construct from data asset -  0.000 s
[2018.10.15-09.20.00:636][  0]LogStats: UGameplayTagsManager::ConstructGameplayTagTree: ImportINI -  0.000 s
[2018.10.15-09.20.00:636][  0]LogStats: UGameplayTagsManager::ConstructGameplayTagTree: GameplayTagTreeChangedEvent.Broadcast -  0.000 s
[2018.10.15-09.20.00:832][  0]LogFileCache: Scanning file cache for directory 'C:/Users/kumik/OneDrive/Documents/GitHub/FYP/Main/FYP_Prototype/Content/' took 0.05s
[2018.10.15-09.20.00:832][  0]SourceControl: Source control is disabled
[2018.10.15-09.20.00:832][  0]Cmd: MAP LOAD FILE="../../../../../../Users/kumik/OneDrive/Documents/GitHub/FYP/Main/FYP_Prototype/Content/VirtualRealityBP/Maps/StartupMap.umap" TEMPLATE=0 SHOWPROGRESS=1 FEATURELEVEL=3
[2018.10.15-09.20.00:833][  0]LightingResults: New page: Lighting Build
[2018.10.15-09.20.00:838][  0]MapCheck: New page: Map Check
[2018.10.15-09.20.00:838][  0]LightingResults: New page: Lighting Build
[2018.10.15-09.20.01:026][  0]LogAIModule: Creating AISystem for world StartupMap
[2018.10.15-09.20.01:037][  0]LogEditorServer: Finished looking for orphan Actors (0.000 secs)
[2018.10.15-09.20.01:062][  0]Cmd: MAP CHECKDEP NOCLEARLOG
[2018.10.15-09.20.01:212][  0]MapCheck: Map check complete: 0 Error(s), 0 Warning(s), took 150.231ms to complete.
[2018.10.15-09.20.01:212][  0]LogFileHelpers: Loading map 'StartupMap' took 0.380
[2018.10.15-09.20.01:314][  0]LogSlate: Updating window title bar state: overlay mode, drag disabled, window buttons hidden, title bar hidden
[2018.10.15-09.20.01:323][  0]LogSlate: Updating window title bar state: overlay mode, drag disabled, window buttons hidden, title bar hidden
[2018.10.15-09.20.01:332][  0]LogSlate: Updating window title bar state: overlay mode, drag disabled, window buttons hidden, title bar hidden
[2018.10.15-09.20.01:341][  0]LogSlate: Updating window title bar state: overlay mode, drag disabled, window buttons hidden, title bar hidden
[2018.10.15-09.20.01:352][  0]LogCollectionManager: Loaded 0 collections in 0.002773 seconds
[2018.10.15-09.20.01:403][  0]LogFileCache: Scanning file cache for directory 'C:/Users/kumik/OneDrive/Documents/GitHub/FYP/Main/FYP_Prototype/Saved/Collections/' took 0.01s
[2018.10.15-09.20.01:403][  0]LogFileCache: Scanning file cache for directory 'C:/Users/kumik/OneDrive/Documents/GitHub/FYP/Main/FYP_Prototype/Content/Developers/kumik/Collections/' took 0.01s
[2018.10.15-09.20.01:403][  0]LogFileCache: Scanning file cache for directory 'C:/Users/kumik/OneDrive/Documents/GitHub/FYP/Main/FYP_Prototype/Content/Collections/' took 0.01s
[2018.10.15-09.20.01:403][  0]LogCollectionManager: Rebuilt the GUID cache for 0 collections in 0.000000 seconds
[2018.10.15-09.20.01:413][  0]LogContentBrowser: Native class hierarchy populated in 0.0104 seconds. Added 2572 classes and 603 folders.
[2018.10.15-09.20.01:422][  0]LogContentBrowser: Native class hierarchy updated for 'WidgetCarousel' in 0.0002 seconds. Added 0 classes and 0 folders.
[2018.10.15-09.20.01:526][  0]LogContentBrowser: Native class hierarchy updated for 'AddContentDialog' in 0.0004 seconds. Added 0 classes and 0 folders.
[2018.10.15-09.20.01:534][  0]LogContentBrowser: Native class hierarchy updated for 'SceneOutliner' in 0.0003 seconds. Added 1 classes and 2 folders.
[2018.10.15-09.20.01:552][  0]LogSlate: Took 0.000294 seconds to synchronously load lazily loaded font '../../../Engine/Content/Slate/Fonts/Roboto-Regular.ttf' (155K)
[2018.10.15-09.20.01:555][  0]LogSlate: Took 0.000337 seconds to synchronously load lazily loaded font '../../../Engine/Content/Slate/Fonts/Roboto-Bold.ttf' (160K)
[2018.10.15-09.20.01:565][  0]LogSlate: Took 0.002353 seconds to synchronously load lazily loaded font '../../../Engine/Content/Editor/Slate/Fonts/FontAwesome.ttf' (139K)
[2018.10.15-09.20.01:680][  0]LogRenderer: Reallocating scene render targets to support 964x436 Format 26 NumSamples 1 (Frame:1).
[2018.10.15-09.20.01:918][  0]LogContentBrowser: Native class hierarchy updated for 'HierarchicalLODOutliner' in 0.0003 seconds. Added 0 classes and 0 folders.
[2018.10.15-09.20.01:918][  0]LogLoad: (Engine Initialization) Total time: 17.98 seconds
[2018.10.15-09.20.01:918][  0]LogLoad: (Engine Initialization) Total Blueprint compile time: 0.00 seconds
[2018.10.15-09.20.02:004][  0]LogContentStreaming: Texture pool size now 1000 MB
[2018.10.15-09.20.02:330][  3]LogSlate: Took 0.000407 seconds to synchronously load lazily loaded font '../../../Engine/Content/Slate/Fonts/Roboto-Light.ttf' (167K)
[2018.10.15-09.20.02:429][  4]LogAssetRegistry: Asset discovery search completed in 11.6937 seconds
[2018.10.15-09.20.02:432][  4]LogCollectionManager: Rebuilt the object cache for 0 collections in 0.000000 seconds (found 0 objects)
[2018.10.15-09.20.02:432][  4]LogCollectionManager: Fixed up redirectors for 0 collections in 0.000066 seconds (updated 0 objects)
[2018.10.15-09.20.03:391][  7]LogSlate: Took 0.000288 seconds to synchronously load lazily loaded font '../../../Engine/Content/Slate/Fonts/Roboto-Light.ttf' (167K)
[2018.10.15-09.20.07:408][ 19]LogFileCache: Retrieving MD5 hashes for directory 'C:/Users/kumik/OneDrive/Documents/GitHub/FYP/Main/FYP_Prototype/Content/' took 5.45s
[2018.10.15-09.21.09:476][242]LogSlate: FSceneViewport::OnFocusLost() reason 0
[2018.10.15-09.21.12:001][244]LogAssetEditorManager: Opening Asset editor for Blueprint /Game/VirtualRealityBP/Blueprints/MotionControllerPawn.MotionControllerPawn
[2018.10.15-09.21.15:260][244]LogContentBrowser: Native class hierarchy updated for 'BlueprintGraph' in 0.0032 seconds. Added 116 classes and 0 folders.
[2018.10.15-09.21.17:019][244]LogAssetEditorManager: Opening Asset editor for Blueprint /Game/BP/Pipe_BP.Pipe_BP
[2018.10.15-09.21.17:441][244]LogAssetEditorManager: Opening Asset editor for Blueprint /Game/BP/Target_Blueprint.Target_Blueprint
[2018.10.15-09.21.17:817][244]LogAssetEditorManager: Opening Asset editor for Material /Game/FBX/PropsMaterials/Crate/Crate.Crate
[2018.10.15-09.21.17:822][244]LogMaterial: Display: Missing cached shader map for material Crate, compiling. 
[2018.10.15-09.21.18:156][244]LogMaterial: Display: Missing cached shader map for material Crate, compiling. 
[2018.10.15-09.21.18:172][244]LogMaterial: Display: Missing cached shader map for material Crate, compiling. 
[2018.10.15-09.21.18:188][244]LogShaderCompilers: Display: Shaders left to compile 21
[2018.10.15-09.21.18:188][244]LogShaderCompilers: Display: Shaders left to compile 20
[2018.10.15-09.21.18:188][244]LogShaderCompilers: Display: Shaders left to compile 19
[2018.10.15-09.21.18:188][244]LogShaderCompilers: Display: Shaders left to compile 18
[2018.10.15-09.21.18:213][244]LogMaterial: Display: Missing cached shader map for material FMatExpressionPreview MaterialExpressionTextureSample_0, compiling. 
[2018.10.15-09.21.18:219][244]LogMaterial: Display: Missing cached shader map for material FMatExpressionPreview MaterialExpressionTextureSample_1, compiling. 
[2018.10.15-09.21.18:224][244]LogMaterial: Display: Missing cached shader map for material FMatExpressionPreview MaterialExpressionTextureSample_2, compiling. 
[2018.10.15-09.21.18:233][244]LogMaterial: Display: Missing cached shader map for material FMatExpressionPreview MaterialExpressionTextureSample_3, compiling. 
[2018.10.15-09.21.18:241][244]LogMaterial: Display: Missing cached shader map for material FMatExpressionPreview MaterialExpressionVectorParameter_0, compiling. 
[2018.10.15-09.21.18:319][244]LogAssetEditorManager: Opening Asset editor for Material /Game/FBX/PropsMaterials/Lamp/Lamp.Lamp
[2018.10.15-09.21.18:327][244]LogMaterial: Display: Missing cached shader map for material Lamp, compiling. 
[2018.10.15-09.21.18:431][244]LogMaterial: Display: Missing cached shader map for material Lamp, compiling. 
[2018.10.15-09.21.18:450][244]LogMaterial: Display: Missing cached shader map for material Lamp, compiling. 
[2018.10.15-09.21.18:494][244]LogMaterial: Display: Missing cached shader map for material FMatExpressionPreview MaterialExpressionTextureSample_0, compiling. 
[2018.10.15-09.21.18:501][244]LogMaterial: Display: Missing cached shader map for material FMatExpressionPreview MaterialExpressionTextureSample_1, compiling. 
[2018.10.15-09.21.18:561][244]LogSlate: Took 0.000249 seconds to synchronously load lazily loaded font '../../../Engine/Content/Slate/Fonts/Roboto-BoldCondensed.ttf' (158K)
[2018.10.15-09.21.19:074][254]LogShaderCompilers: Display: Shaders left to compile 52
[2018.10.15-09.21.19:097][255]LogShaderCompilers: Display: Shaders left to compile 51
[2018.10.15-09.21.19:185][256]LogShaderCompilers: Display: Shaders left to compile 50
[2018.10.15-09.21.19:200][256]LogShaderCompilers: Display: Shaders left to compile 49
[2018.10.15-09.21.19:469][260]LogShaderCompilers: Display: Shaders left to compile 48
[2018.10.15-09.21.19:500][261]LogShaderCompilers: Display: Shaders left to compile 47
[2018.10.15-09.21.19:588][262]LogShaderCompilers: Display: Shaders left to compile 46
[2018.10.15-09.21.19:766][265]LogShaderCompilers: Display: Shaders left to compile 45
[2018.10.15-09.21.19:905][267]LogShaderCompilers: Display: Shaders left to compile 44
[2018.10.15-09.21.20:438][275]LogShaderCompilers: Display: Shaders left to compile 43
[2018.10.15-09.21.20:516][276]LogShaderCompilers: Display: Shaders left to compile 42
[2018.10.15-09.21.20:747][279]LogShaderCompilers: Display: Shaders left to compile 41
[2018.10.15-09.21.20:813][280]LogShaderCompilers: Display: Shaders left to compile 40
[2018.10.15-09.21.21:064][284]LogShaderCompilers: Display: Shaders left to compile 39
[2018.10.15-09.21.21:473][290]LogShaderCompilers: Display: Shaders left to compile 38
[2018.10.15-09.21.22:477][305]LogShaderCompilers: Display: Shaders left to compile 37
[2018.10.15-09.21.22:718][309]LogShaderCompilers: Display: Shaders left to compile 36
[2018.10.15-09.21.22:984][313]LogShaderCompilers: Display: Shaders left to compile 35
[2018.10.15-09.21.24:271][332]LogShaderCompilers: Display: Shaders left to compile 34
[2018.10.15-09.21.24:783][340]LogShaderCompilers: Display: Shaders left to compile 33
[2018.10.15-09.21.25:407][349]LogShaderCompilers: Display: Shaders left to compile 32
[2018.10.15-09.21.25:449][350]LogShaderCompilers: Display: Shaders left to compile 31
[2018.10.15-09.21.25:547][351]MaterialEditorStats: Base pass shader: 169 instructions
[2018.10.15-09.21.25:547][351]MaterialEditorStats: Base pass shader with Volumetric Lightmap: 242 instructions
[2018.10.15-09.21.25:547][351]MaterialEditorStats: Base pass vertex shader: 92 instructions
[2018.10.15-09.21.25:547][351]MaterialEditorStats: Texture samplers: 7/16
[2018.10.15-09.21.25:547][351]MaterialEditorStats: Texture Lookups (Est.): VS(0), PS(4)
[2018.10.15-09.21.25:547][351]MaterialEditorStats: User interpolators: 2/4 Scalars (1/4 Vectors) (TexCoords: 2, Custom: 0)
[2018.10.15-09.21.26:252][362]LogShaderCompilers: Display: Shaders left to compile 30
[2018.10.15-09.21.27:058][374]LogShaderCompilers: Display: Shaders left to compile 29
[2018.10.15-09.21.27:415][379]LogShaderCompilers: Display: Shaders left to compile 28
[2018.10.15-09.21.27:933][387]LogShaderCompilers: Display: Shaders left to compile 27
[2018.10.15-09.21.28:449][395]LogShaderCompilers: Display: Shaders left to compile 26
[2018.10.15-09.21.29:460][410]LogShaderCompilers: Display: Shaders left to compile 25
[2018.10.15-09.21.29:737][414]LogShaderCompilers: Display: Shaders left to compile 24
[2018.10.15-09.21.30:444][425]LogShaderCompilers: Display: Shaders left to compile 23
[2018.10.15-09.21.30:472][425]LogShaderCompilers: Display: Shaders left to compile 22
[2018.10.15-09.21.31:107][435]LogShaderCompilers: Display: Shaders left to compile 21
[2018.10.15-09.21.31:310][438]LogShaderCompilers: Display: Shaders left to compile 20
[2018.10.15-09.21.31:735][444]LogShaderCompilers: Display: Shaders left to compile 19
[2018.10.15-09.21.31:977][448]LogShaderCompilers: Display: Shaders left to compile 18
[2018.10.15-09.21.32:305][453]LogShaderCompilers: Display: Shaders left to compile 17
[2018.10.15-09.21.32:638][458]LogShaderCompilers: Display: Shaders left to compile 16
[2018.10.15-09.21.32:938][462]LogShaderCompilers: Display: Shaders left to compile 15
[2018.10.15-09.21.32:981][463]LogShaderCompilers: Display: Shaders left to compile 14
[2018.10.15-09.21.33:532][471]LogShaderCompilers: Display: Shaders left to compile 13
[2018.10.15-09.21.35:047][494]LogShaderCompilers: Display: Shaders left to compile 12
[2018.10.15-09.21.35:778][505]LogShaderCompilers: Display: Shaders left to compile 11
[2018.10.15-09.21.36:177][511]LogShaderCompilers: Display: Shaders left to compile 10
[2018.10.15-09.21.36:520][516]LogShaderCompilers: Display: Shaders left to compile 9
[2018.10.15-09.21.37:421][530]LogShaderCompilers: Display: Shaders left to compile 8
[2018.10.15-09.21.37:511][531]LogShaderCompilers: Display: Shaders left to compile 7
[2018.10.15-09.21.37:889][537]LogShaderCompilers: Display: Shaders left to compile 6
[2018.10.15-09.21.37:966][538]LogShaderCompilers: Display: Shaders left to compile 5
[2018.10.15-09.21.38:076][540]LogShaderCompilers: Display: Shaders left to compile 4
[2018.10.15-09.21.38:236][542]LogShaderCompilers: Display: Shaders left to compile 3
[2018.10.15-09.21.38:512][546]LogShaderCompilers: Display: Shaders left to compile 2
[2018.10.15-09.21.38:721][549]LogShaderCompilers: Display: Shaders left to compile 1
[2018.10.15-09.21.38:798][550]MaterialEditorStats: Base pass shader: 160 instructions
[2018.10.15-09.21.38:798][550]MaterialEditorStats: Base pass shader with Volumetric Lightmap: 233 instructions
[2018.10.15-09.21.38:798][550]MaterialEditorStats: Base pass vertex shader: 92 instructions
[2018.10.15-09.21.38:798][550]MaterialEditorStats: Texture samplers: 5/16
[2018.10.15-09.21.38:798][550]MaterialEditorStats: Texture Lookups (Est.): VS(0), PS(2)
[2018.10.15-09.21.38:798][550]MaterialEditorStats: User interpolators: 2/4 Scalars (1/4 Vectors) (TexCoords: 2, Custom: 0)
[2018.10.15-09.23.03:361][728]LogAIModule: Creating AISystem for world MotionControllerMap
[2018.10.15-09.23.03:418][728]LogAssetEditorManager: Opening Asset editor for World /Game/VirtualRealityBP/Maps/MotionControllerMap.MotionControllerMap
[2018.10.15-09.23.03:454][728]Cmd: MAP LOAD FILE="../../../../../../Users/kumik/OneDrive/Documents/GitHub/FYP/Main/FYP_Prototype/Content/VirtualRealityBP/Maps/MotionControllerMap.umap" TEMPLATE=0 SHOWPROGRESS=1 FEATURELEVEL=3
[2018.10.15-09.23.03:454][728]LightingResults: New page: Lighting Build
[2018.10.15-09.23.03:455][728]LoadErrors: New page: Loading map: MotionControllerMap.umap
[2018.10.15-09.23.03:461][728]MapCheck: New page: Map Check
[2018.10.15-09.23.03:461][728]LightingResults: New page: Lighting Build
[2018.10.15-09.23.03:513][728]LogEditorServer: Finished looking for orphan Actors (0.000 secs)
[2018.10.15-09.23.03:573][728]Cmd: MAP CHECKDEP NOCLEARLOG
[2018.10.15-09.23.03:794][728]MapCheck: Map check complete: 0 Error(s), 0 Warning(s), took 221.339ms to complete.
[2018.10.15-09.23.03:796][728]LogFileHelpers: Loading map 'MotionControllerMap' took 0.342
[2018.10.15-09.23.16:246][897]LogSavePackage: Moving '../../../../../../Users/kumik/OneDrive/Documents/GitHub/FYP/Main/FYP_Prototype/Saved/MotionControllerMap1F67A02B49ACDFC2AACFA78C481DAF77.tmp' to '../../../../../../Users/kumik/OneDrive/Documents/GitHub/FYP/Main/FYP_Prototype/Content/VirtualRealityBP/Maps/MotionControllerMap.umap'
[2018.10.15-09.23.16:800][897]LogSavePackage: Moving '../../../../../../Users/kumik/OneDrive/Documents/GitHub/FYP/Main/FYP_Prototype/Saved/MotionControllerMap_BuiltData97919ECA493608A1AD0490B8B1A49DCD.tmp' to '../../../../../../Users/kumik/OneDrive/Documents/GitHub/FYP/Main/FYP_Prototype/Content/VirtualRealityBP/Maps/MotionControllerMap_BuiltData.uasset'
[2018.10.15-09.23.48:500][318]LogD3D11RHI: Error: Result failed 
 at D:\Build\++UE4\Sync\Engine\Source\Runtime\Windows\D3D11RHI\Private\D3D11Query.cpp:146 
 with error DXGI_ERROR_DEVICE_REMOVED DXGI_ERROR_DEVICE_HUNG
[2018.10.15-09.23.48:500][318]LogD3D11RHI: [Aftermath] GDynamicRHI=0000022A80000140, GDX11NVAfterMathEnabled=0, Result=0xFFFFFFFF, bDeviceActive=0
[2018.10.15-09.23.48:500][318]LogWindows: Windows GetLastError: The operation completed successfully. (0)
[2018.10.15-09.23.50:234][318]LogWindows: Windows GetLastError: The operation completed successfully. (0)
[2018.10.15-09.23.50:235][318]LogWindows: Error: === Critical error: ===
[2018.10.15-09.23.50:235][318]LogWindows: Error: 
[2018.10.15-09.23.50:235][318]LogWindows: Error: Fatal error: [File:D:\Build\++UE4\Sync\Engine\Source\Runtime\RenderCore\Private\RenderingThread.cpp] [Line: 826] 
[2018.10.15-09.23.50:235][318]LogWindows: Error: Rendering thread exception:
[2018.10.15-09.23.50:235][318]LogWindows: Error: Fatal error: [File:D:\Build\++UE4\Sync\Engine\Source\Runtime\Windows\D3D11RHI\Private\D3D11Util.cpp] [Line: 200] 
[2018.10.15-09.23.50:235][318]LogWindows: Error: Unreal Engine is exiting due to D3D device being lost. (Error: 0x887A0006 - 'HUNG')
[2018.10.15-09.23.50:235][318]LogWindows: Error: 
[2018.10.15-09.23.50:235][318]LogWindows: Error: 
[2018.10.15-09.23.50:235][318]LogWindows: Error: [Callstack] 0x00007ffa305aa388 KERNELBASE.dll!UnknownFunction []
[2018.10.15-09.23.50:235][318]LogWindows: Error: [Callstack] 0x00007ffa10e06850 UE4Editor-ApplicationCore.dll!UnknownFunction []
[2018.10.15-09.23.50:235][318]LogWindows: Error: [Callstack] 0x00007ff9f40162fc UE4Editor-Core.dll!UnknownFunction []
[2018.10.15-09.23.50:235][318]LogWindows: Error: [Callstack] 0x00007ff9f3fa51db UE4Editor-Core.dll!UnknownFunction []
[2018.10.15-09.23.50:235][318]LogWindows: Error: [Callstack] 0x00007ff9d7feadea UE4Editor-D3D11RHI.dll!UnknownFunction []
[2018.10.15-09.23.50:235][318]LogWindows: Error: [Callstack] 0x00007ff9d7fee6e4 UE4Editor-D3D11RHI.dll!UnknownFunction []
[2018.10.15-09.23.50:235][318]LogWindows: Error: [Callstack] 0x00007ff9d7fc5951 UE4Editor-D3D11RHI.dll!UnknownFunction []
[2018.10.15-09.23.50:235][318]LogWindows: Error: [Callstack] 0x00007ff9d7fdbbe5 UE4Editor-D3D11RHI.dll!UnknownFunction []
[2018.10.15-09.23.50:235][318]LogWindows: Error: [Callstack] 0x00007ff9db8f320b UE4Editor-Renderer.dll!UnknownFunction []
[2018.10.15-09.23.50:235][318]LogWindows: Error: [Callstack] 0x00007ff9db94ad5e UE4Editor-Renderer.dll!UnknownFunction []
[2018.10.15-09.23.50:235][318]LogWindows: Error: [Callstack] 0x00007ff9db964374 UE4Editor-Renderer.dll!UnknownFunction []
[2018.10.15-09.23.50:235][318]LogWindows: Error: [Callstack] 0x00007ff9db9337ce UE4Editor-Renderer.dll!UnknownFunction []
[2018.10.15-09.23.50:235][318]LogWindows: Error: [Callstack] 0x00007ff9db95c690 UE4Editor-Renderer.dll!UnknownFunction []
[2018.10.15-09.23.50:235][318]LogWindows: Error: [Callstack] 0x00007ff9db38671a UE4Editor-Renderer.dll!UnknownFunction []
[2018.10.15-09.23.50:235][318]LogWindows: Error: [Callstack] 0x00007ff9db8b6982 UE4Editor-Renderer.dll!UnknownFunction []
[2018.10.15-09.23.50:235][318]LogWindows: Error: [Callstack] 0x00007ff9db888fb2 UE4Editor-Renderer.dll!UnknownFunction []
[2018.10.15-09.23.50:235][318]LogWindows: Error: [Callstack] 0x00007ff9f3e31f92 UE4Editor-Core.dll!UnknownFunction []
[2018.10.15-09.23.50:235][318]LogWindows: Error: [Callstack] 0x00007ff9f3e32456 UE4Editor-Core.dll!UnknownFunction []
[2018.10.15-09.23.50:235][318]LogWindows: Error: [Callstack] 0x00007ffa121c75f9 UE4Editor-RenderCore.dll!UnknownFunction []
[2018.10.15-09.23.50:235][318]LogWindows: Error: [Callstack] 0x00007ffa121c8574 UE4Editor-RenderCore.dll!UnknownFunction []
[2018.10.15-09.23.50:235][318]LogWindows: Error: [Callstack] 0x00007ff9f4276b7c UE4Editor-Core.dll!UnknownFunction []
[2018.10.15-09.23.50:235][318]LogWindows: Error: [Callstack] 0x00007ff9f42717c7 UE4Editor-Core.dll!UnknownFunction []
[2018.10.15-09.23.50:235][318]LogWindows: Error: [Callstack] 0x00007ffa31773034 KERNEL32.DLL!UnknownFunction []
[2018.10.15-09.23.50:235][318]LogWindows: Error: [Callstack] 0x00007ffa341b1461 ntdll.dll!UnknownFunction []
[2018.10.15-09.23.50:235][318]LogWindows: Error: 
[2018.10.15-09.23.50:235][318]LogWindows: Error: 
[2018.10.15-09.23.50:235][318]LogWindows: Error: 
[2018.10.15-09.23.50:235][318]LogWindows: Error: 
[2018.10.15-09.23.50:252][318]LogExit: Executing StaticShutdownAfterError
[2018.10.15-09.23.50:258][318]LogWindows: FPlatformMisc::RequestExit(1)
[2018.10.15-09.23.50:262][318]Log file closed, 10/15/18 17:23:50
