Log file open, 11/14/18 17:50:11
LogWindows: Failed to load 'aqProf.dll' (GetLastError=126)
LogWindows: File 'aqProf.dll' does not exist
LogWindows: Failed to load 'VSPerf140.dll' (GetLastError=126)
LogWindows: File 'VSPerf140.dll' does not exist
LogWindows: Failed to load 'VtuneApi.dll' (GetLastError=126)
LogWindows: File 'VtuneApi.dll' does not exist
LogWindows: Failed to load 'VtuneApi32e.dll' (GetLastError=126)
LogWindows: File 'VtuneApi32e.dll' does not exist
LogInit: Display: Running engine for game: FYP_Prototype
LogPlatformFile: Not using cached read wrapper
LogTaskGraph: Started task graph with 5 named threads and 83 total threads with 3 sets of task threads.
LogStats: Stats thread started at 0.944814
LogD3D11RHI: Loaded GFSDK_Aftermath_Lib.x64.dll
LogICUInternationalization: Display: ICU TimeZone Detection - Raw Offset: +8:00, Platform Override: ''
LogPluginManager: Mounting plugin Paper2D
LogPluginManager: Mounting plugin AISupport
LogPluginManager: Mounting plugin LightPropagationVolume
LogPluginManager: Mounting plugin CLionSourceCodeAccess
LogPluginManager: Mounting plugin CodeLiteSourceCodeAccess
LogPluginManager: Mounting plugin GitSourceControl
LogPluginManager: Mounting plugin KDevelopSourceCodeAccess
LogPluginManager: Mounting plugin NullSourceCodeAccess
LogPluginManager: Mounting plugin PerforceSourceControl
LogPluginManager: Mounting plugin SubversionSourceControl
LogPluginManager: Mounting plugin UObjectPlugin
LogPluginManager: Mounting plugin VisualStudioCodeSourceCodeAccess
LogPluginManager: Mounting plugin VisualStudioSourceCodeAccess
LogPluginManager: Mounting plugin XCodeSourceCodeAccess
LogPluginManager: Mounting plugin AssetManagerEditor
LogPluginManager: Mounting plugin CryptoKeys
LogPluginManager: Mounting plugin DataValidation
LogPluginManager: Mounting plugin FacialAnimation
LogPluginManager: Mounting plugin GameplayTagsEditor
LogPluginManager: Mounting plugin MacGraphicsSwitching
LogPluginManager: Mounting plugin MeshEditor
LogPluginManager: Mounting plugin MobileLauncherProfileWizard
LogPluginManager: Mounting plugin PluginBrowser
LogPluginManager: Mounting plugin SpeedTreeImporter
LogPluginManager: Mounting plugin DatasmithContent
LogPluginManager: Mounting plugin AlembicImporter
LogPluginManager: Mounting plugin AppleImageUtils
LogPluginManager: Mounting plugin AppleVision
LogPluginManager: Mounting plugin BackChannel
LogPluginManager: Mounting plugin CharacterAI
LogPluginManager: Mounting plugin GeometryCache
LogPluginManager: Mounting plugin HTML5Networking
LogPluginManager: Mounting plugin ProxyLODPlugin
LogPluginManager: Mounting plugin MagicLeap
LogPluginManager: Mounting plugin MagicLeapEmulator
LogPluginManager: Mounting plugin MagicLeapMedia
LogPluginManager: Mounting plugin DonAINavigation
LogPluginManager: Mounting plugin AndroidMedia
LogPluginManager: Mounting plugin AvfMedia
LogPluginManager: Mounting plugin ImgMedia
LogPluginManager: Mounting plugin LinearTimecode
LogPluginManager: Mounting plugin MediaCompositing
LogPluginManager: Mounting plugin MediaPlayerEditor
LogPluginManager: Mounting plugin WmfMedia
LogPluginManager: Mounting plugin TcpMessaging
LogPluginManager: Mounting plugin UdpMessaging
LogPluginManager: Mounting plugin ActorSequence
LogPluginManager: Mounting plugin LevelSequenceEditor
LogPluginManager: Mounting plugin MatineeToLevelSequence
LogPluginManager: Mounting plugin NetcodeUnitTest
LogPluginManager: Mounting plugin NUTUnrealEngine4
LogPluginManager: Mounting plugin OnlineSubsystemGooglePlay
LogPluginManager: Mounting plugin OnlineSubsystemIOS
LogPluginManager: Mounting plugin OnlineSubsystem
LogPluginManager: Mounting plugin OnlineSubsystemNull
LogPluginManager: Mounting plugin OnlineSubsystemUtils
LogPluginManager: Mounting plugin LauncherChunkInstaller
LogPluginManager: Mounting plugin AndroidDeviceProfileSelector
LogPluginManager: Mounting plugin AndroidMoviePlayer
LogPluginManager: Mounting plugin AndroidPermission
LogPluginManager: Mounting plugin AppleMoviePlayer
LogPluginManager: Mounting plugin ArchVisCharacter
LogPluginManager: Mounting plugin AudioCapture
LogPluginManager: Mounting plugin CableComponent
LogPluginManager: Mounting plugin CustomMeshComponent
LogPluginManager: Mounting plugin EditableMesh
LogPluginManager: Mounting plugin ExampleDeviceProfileSelector
LogPluginManager: Mounting plugin GoogleCloudMessaging
LogPluginManager: Mounting plugin ImmediatePhysics
LogPluginManager: Mounting plugin IOSDeviceProfileSelector
LogPluginManager: Mounting plugin LinuxDeviceProfileSelector
LogPluginManager: Mounting plugin LocationServicesBPLibrary
LogPluginManager: Mounting plugin MobilePatchingUtils
LogPluginManager: Mounting plugin OculusVR
LogPluginManager: Plugin shader directory ../../../Engine/Plugins/Runtime/Oculus/OculusVR/Shaders found
LogPluginManager: Mapping shader source directory ../../../Engine/Plugins/Runtime/Oculus/OculusVR/Shaders to virtual directory /Plugin/OculusVR
LogPluginManager: Mounting plugin PhysXVehicles
LogPluginManager: Mounting plugin ProceduralMeshComponent
LogPluginManager: Mounting plugin RuntimePhysXCooking
LogPluginManager: Mounting plugin SteamVR
LogPluginManager: Mounting plugin WindowsMoviePlayer
LogStreaming: Display: Took  0.099s to configure plugins.
LogInit: Using libcurl 7.55.1-DEV
LogInit:  - built for x86_64-pc-win32
LogInit:  - supports SSL with OpenSSL/1.0.2h
LogInit:  - supports HTTP deflate (compression) using libz 1.2.8
LogInit:  - other features:
LogInit:      CURL_VERSION_SSL
LogInit:      CURL_VERSION_LIBZ
LogInit:      CURL_VERSION_IPV6
LogInit:      CURL_VERSION_ASYNCHDNS
LogInit:      CURL_VERSION_LARGEFILE
LogInit:      CURL_VERSION_IDN
LogInit:  CurlRequestOptions (configurable via config and command line):
LogInit:  - bVerifyPeer = false  - Libcurl will NOT verify peer certificate
LogInit:  - bUseHttpProxy = false  - Libcurl will NOT use HTTP proxy
LogInit:  - bDontReuseConnections = false  - Libcurl will reuse connections
LogInit:  - CertBundlePath = nullptr  - Libcurl will use whatever was configured at build time.
LogInit:  - MaxHostConnections = 16  - Libcurl will limit the number of connections to a host
LogInit:  - LocalHostAddr = Default
LogInit:  - BufferSize = 65536
LogInit: WinSock: version 1.1 (2.2), MaxSocks=32767, MaxUdp=65467
LogInit: Build: ++UE4+Release-4.20-CL-4369336
LogInit: Engine Version: 4.20.3-4369336+++UE4+Release-4.20
LogInit: Compatible Engine Version: 4.20.0-4212847+++UE4+Release-4.20
LogInit: Net CL: 4212847
LogInit: OS: Windows 10 (), CPU: Intel(R) Xeon(R) CPU E5-2630 v4 @ 2.20GHz, GPU: NVIDIA GeForce GTX 1080
LogInit: Compiled (64-bit): Sep 17 2018 12:26:19
LogInit: Compiled with Visual C++: 19.13.26129.00
LogInit: Build Configuration: Development
LogInit: Branch Name: ++UE4+Release-4.20
LogInit: Command Line: -EpicPortal  -epicusername="Yumichii" -epicuserid=cbdf6a7222434569bdc52afaf73ebf00 -epiclocale=en-US
LogInit: Base Directory: D:/Epic Games/UE_4.20/UE_4.20/Engine/Binaries/Win64/
LogInit: Installed Engine Build: 1
LogDevObjectVersion: Number of dev versions registered: 20
LogDevObjectVersion:   Dev-Blueprints (B0D832E4-1F89-4F0D-ACCF-7EB736FD4AA2): 10
LogDevObjectVersion:   Dev-Build (E1C64328-A22C-4D53-A36C-8E866417BD8C): 0
LogDevObjectVersion:   Dev-Core (375EC13C-06E4-48FB-B500-84F0262A717E): 2
LogDevObjectVersion:   Dev-Editor (E4B068ED-F494-42E9-A231-DA0B2E46BB41): 24
LogDevObjectVersion:   Dev-Framework (CFFC743F-43B0-4480-9391-14DF171D2073): 34
LogDevObjectVersion:   Dev-Mobile (B02B49B5-BB20-44E9-A304-32B752E40360): 2
LogDevObjectVersion:   Dev-Networking (A4E4105C-59A1-49B5-A7C5-40C4547EDFEE): 0
LogDevObjectVersion:   Dev-Online (39C831C9-5AE6-47DC-9A44-9C173E1C8E7C): 0
LogDevObjectVersion:   Dev-Physics (78F01B33-EBEA-4F98-B9B4-84EACCB95AA2): 0
LogDevObjectVersion:   Dev-Platform (6631380F-2D4D-43E0-8009-CF276956A95A): 0
LogDevObjectVersion:   Dev-Rendering (12F88B9F-8875-4AFC-A67C-D90C383ABD29): 26
LogDevObjectVersion:   Dev-Sequencer (7B5AE74C-D270-4C10-A958-57980B212A5A): 9
LogDevObjectVersion:   Dev-VR (D7296918-1DD6-4BDD-9DE2-64A83CC13884): 2
LogDevObjectVersion:   Dev-LoadTimes (C2A15278-BFE7-4AFE-6C17-90FF531DF755): 1
LogDevObjectVersion:   Private-Geometry (6EACA3D4-40EC-4CC1-B786-8BED09428FC5): 3
LogDevObjectVersion:   Dev-AnimPhys (29E575DD-E0A3-4627-9D10-D276232CDCEA): 17
LogDevObjectVersion:   Dev-ReflectionCapture (6B266CEC-1EC7-4B8F-A30B-E4D90942FC07): 1
LogDevObjectVersion:   Dev-Automation (0DF73D61-A23F-47EA-B727-89E90C41499A): 1
LogDevObjectVersion:   FortniteMain (601D1886-AC64-4F84-AA16-D3DE0DEAC7D6): 12
LogDevObjectVersion:   Dev-Enterprise (9DFFBCD6-494F-0158-E221-12823C92A888): 1
LogStreaming: Display: Took  0.002s to delete old logs.
LogInit: Presizing for max 8388607 objects, including 0 objects not considered by GC, pre-allocating 0 bytes for permanent pool.
LogInit: Object subsystem initialized
[2018.11.14-09.50.12:075][  0]LogInit: Selected Device Profile: [Windows]
[2018.11.14-09.50.12:075][  0]LogInit: Applying CVar settings loaded from the selected device profile: [Windows]
[2018.11.14-09.50.12:084][  0]LogHAL: Display: Platform has ~ 128 GB [137350422528 / 137438953472 / 128], which maps to Largest [LargestMinGB=32, LargerMinGB=12, DefaultMinGB=8, SmallerMinGB=6, SmallestMinGB=0)
[2018.11.14-09.50.12:084][  0]LogInit: Setting Device Profile CVar: [[r.Vulkan.UseRealUBs:1]]
[2018.11.14-09.50.12:084][  0]LogInit: Going up to parent DeviceProfile []
[2018.11.14-09.50.12:085][  0]LogInit: Computer: M625GB01
[2018.11.14-09.50.12:085][  0]LogInit: User: SIDM
[2018.11.14-09.50.12:085][  0]LogInit: CPU Page size=4096, Cores=20
[2018.11.14-09.50.12:085][  0]LogInit: High frequency timer resolution =2.143478 MHz
[2018.11.14-09.50.12:085][  0]LogMemory: Memory total: Physical=127.9GB (128GB approx)
[2018.11.14-09.50.12:085][  0]LogMemory: Platform Memory Stats for Windows
[2018.11.14-09.50.12:085][  0]LogMemory: Process Physical Memory: 110.55 MB used, 110.55 MB peak
[2018.11.14-09.50.12:085][  0]LogMemory: Process Virtual Memory: 100.41 MB used, 100.41 MB peak
[2018.11.14-09.50.12:085][  0]LogMemory: Physical Memory: 7291.71 MB used,  123695.86 MB free, 130987.57 MB total
[2018.11.14-09.50.12:085][  0]LogMemory: Virtual Memory: 4751.58 MB used,  123695.86 MB free, 134217728.00 MB total
[2018.11.14-09.50.12:103][  0]LogInit: Using OS detected language (en-US).
[2018.11.14-09.50.12:103][  0]LogInit: Using OS detected locale (en-SG).
[2018.11.14-09.50.12:104][  0]LogTextLocalizationManager: No specific localization for 'en-US' exists, so the 'en' localization will be used.
[2018.11.14-09.50.12:577][  0]LogStreaming: Display: Took  0.475s to InitEngineTextLocalization.
[2018.11.14-09.50.12:578][  0]LogInit: Setting process to per monitor DPI aware
[2018.11.14-09.50.12:619][  0]LogSlate: New Slate User Created.  User Index 0, Is Virtual User: 0
[2018.11.14-09.50.12:619][  0]LogSlate: Slate User Registered.  User Index 0, Is Virtual User: 0
[2018.11.14-09.50.12:855][  0]LogD3D11RHI: D3D11 adapters:
[2018.11.14-09.50.12:913][  0]LogD3D11RHI:    0. 'NVIDIA GeForce GTX 1080' (Feature Level 11_0)
[2018.11.14-09.50.12:913][  0]LogD3D11RHI:       8079/0/65493 MB DedicatedVideo/DedicatedSystem/SharedSystem, Outputs:1, VendorId:0x10de
[2018.11.14-09.50.12:916][  0]LogD3D11RHI:    1. 'Microsoft Basic Render Driver' (Feature Level 11_0)
[2018.11.14-09.50.12:916][  0]LogD3D11RHI:       0/0/65493 MB DedicatedVideo/DedicatedSystem/SharedSystem, Outputs:0, VendorId:0x1414
[2018.11.14-09.50.12:916][  0]LogD3D11RHI: Chosen D3D11 Adapter: 0
[2018.11.14-09.50.12:924][  0]LogD3D11RHI: Creating new Direct3DDevice
[2018.11.14-09.50.12:924][  0]LogD3D11RHI:     GPU DeviceId: 0x1b80 (for the marketing name, search the web for "GPU Device Id")
[2018.11.14-09.50.12:924][  0]LogWindows: EnumDisplayDevices:
[2018.11.14-09.50.12:924][  0]LogWindows:    0. 'NVIDIA GeForce GTX 1080' (P:1 D:1)
[2018.11.14-09.50.12:924][  0]LogWindows:    1. 'NVIDIA GeForce GTX 1080' (P:0 D:0)
[2018.11.14-09.50.12:925][  0]LogWindows:    2. 'NVIDIA GeForce GTX 1080' (P:0 D:0)
[2018.11.14-09.50.12:925][  0]LogWindows:    3. 'NVIDIA GeForce GTX 1080' (P:0 D:0)
[2018.11.14-09.50.12:925][  0]LogWindows: DebugString: FoundDriverCount:4 
[2018.11.14-09.50.12:925][  0]LogD3D11RHI:     Adapter Name: NVIDIA GeForce GTX 1080
[2018.11.14-09.50.12:925][  0]LogD3D11RHI:   Driver Version: 390.77 (internal:23.21.13.9077, unified:390.77)
[2018.11.14-09.50.12:925][  0]LogD3D11RHI:      Driver Date: 1-23-2018
[2018.11.14-09.50.12:925][  0]LogRHI: Texture pool is 5655 MB (70% of 8079 MB)
[2018.11.14-09.50.12:956][  0]LogD3D11RHI: Async texture creation enabled
[2018.11.14-09.50.12:975][  0]LogD3D11RHI: GPU Timing Frequency: 1000.000000 (Debug: 2 2)
[2018.11.14-09.50.13:019][  0]LogShaderCompilers: Guid format shader working directory is -5 characters bigger than the processId version (../../../../../../163935T/FYP/FYP/Main/FYP_Prototype/Intermediate/Shaders/WorkingDirectory/21664/).
[2018.11.14-09.50.13:019][  0]LogShaderCompilers: Cleaned the shader compiler working directory 'C:/Users/impixel/AppData/Local/Temp/UnrealShaderWorkingDir/AC52118B4E7A779543CC7D996BF2B2CD/'.
[2018.11.14-09.50.13:343][  0]LogTemp: Display: Loaded TP AllDesktopTargetPlatform
[2018.11.14-09.50.13:359][  0]LogTemp: Display: Loaded TP MacClientTargetPlatform
[2018.11.14-09.50.13:374][  0]LogTemp: Display: Loaded TP MacNoEditorTargetPlatform
[2018.11.14-09.50.13:389][  0]LogTemp: Display: Loaded TP MacServerTargetPlatform
[2018.11.14-09.50.13:405][  0]LogTemp: Display: Loaded TP MacTargetPlatform
[2018.11.14-09.50.13:421][  0]LogTemp: Display: Loaded TP WindowsClientTargetPlatform
[2018.11.14-09.50.13:437][  0]LogTemp: Display: Loaded TP WindowsNoEditorTargetPlatform
[2018.11.14-09.50.13:452][  0]LogTemp: Display: Loaded TP WindowsServerTargetPlatform
[2018.11.14-09.50.13:459][  0]LogTemp: Display: Loaded TP WindowsTargetPlatform
[2018.11.14-09.50.13:557][  0]LogTemp: Display: Loaded TP AndroidTargetPlatform
[2018.11.14-09.50.13:557][  0]LogTemp: Display: Loaded TP AndroidTargetPlatform
[2018.11.14-09.50.13:557][  0]LogTemp: Display: Loaded TP AndroidTargetPlatform
[2018.11.14-09.50.13:557][  0]LogTemp: Display: Loaded TP AndroidTargetPlatform
[2018.11.14-09.50.13:557][  0]LogTemp: Display: Loaded TP AndroidTargetPlatform
[2018.11.14-09.50.13:557][  0]LogTemp: Display: Loaded TP AndroidTargetPlatform
[2018.11.14-09.50.13:557][  0]LogTemp: Display: Loaded TP AndroidTargetPlatform
[2018.11.14-09.50.13:557][  0]LogTemp: Display: Loaded TP AndroidTargetPlatform
[2018.11.14-09.50.13:557][  0]LogTemp: Display: Loaded TP AndroidTargetPlatform
[2018.11.14-09.50.13:557][  0]LogTemp: Display: Loaded TP AndroidTargetPlatform
[2018.11.14-09.50.13:557][  0]LogTemp: Display: Loaded TP AndroidTargetPlatform
[2018.11.14-09.50.13:557][  0]LogTemp: Display: Loaded TP AndroidTargetPlatform
[2018.11.14-09.50.13:557][  0]LogTemp: Display: Loaded TP AndroidTargetPlatform
[2018.11.14-09.50.13:557][  0]LogTemp: Display: Loaded TP AndroidTargetPlatform
[2018.11.14-09.50.13:557][  0]LogTemp: Display: Loaded TP AndroidTargetPlatform
[2018.11.14-09.50.13:557][  0]LogTemp: Display: Loaded TP AndroidTargetPlatform
[2018.11.14-09.50.13:557][  0]LogTemp: Display: Loaded TP AndroidTargetPlatform
[2018.11.14-09.50.13:557][  0]LogTemp: Display: Loaded TP AndroidTargetPlatform
[2018.11.14-09.50.13:559][  0]LogTemp: Display: Loaded TP HTML5TargetPlatform
[2018.11.14-09.50.13:626][  0]LogTemp: Display: Loaded TP IOSTargetPlatform
[2018.11.14-09.50.13:626][  0]LogTemp: Display: Loaded TP IOSTargetPlatform
[2018.11.14-09.50.13:655][  0]LogTemp: Display: Loaded TP TVOSTargetPlatform
[2018.11.14-09.50.13:655][  0]LogTemp: Display: Loaded TP TVOSTargetPlatform
[2018.11.14-09.50.13:671][  0]LogTemp: Display: Loaded TP LinuxClientTargetPlatform
[2018.11.14-09.50.13:686][  0]LogTemp: Display: Loaded TP LinuxNoEditorTargetPlatform
[2018.11.14-09.50.13:701][  0]LogTemp: Display: Loaded TP LinuxServerTargetPlatform
[2018.11.14-09.50.13:717][  0]LogTemp: Display: Loaded TP LinuxTargetPlatform
[2018.11.14-09.50.13:728][  0]LogTemp: Display: Loaded TP LuminTargetPlatform
[2018.11.14-09.50.13:728][  0]LogTargetPlatformManager: Display: Building Assets For Windows
[2018.11.14-09.50.13:783][  0]LogXGEController: Cannot use XGE Controller as Incredibuild is not installed on this machine.
[2018.11.14-09.50.13:783][  0]LogShaderCompilers: Cannot use XGE Shader Compiler as Incredibuild is not installed on this machine.
[2018.11.14-09.50.13:783][  0]LogShaderCompilers: Display: Using Local Shader Compiler.
[2018.11.14-09.50.14:624][  0]LogDerivedDataCache: Display: Max Cache Size: 512 MB
[2018.11.14-09.50.14:731][  0]LogDerivedDataCache: Loaded boot cache 0.11s 86MB C:/Users/impixel/AppData/Local/UnrealEngine/4.20/DerivedDataCache/Boot.ddc.
[2018.11.14-09.50.14:732][  0]LogDerivedDataCache: Display: Loaded Boot cache: C:/Users/impixel/AppData/Local/UnrealEngine/4.20/DerivedDataCache/Boot.ddc
[2018.11.14-09.50.14:732][  0]LogDerivedDataCache: FDerivedDataBackendGraph:  Pak pak cache file ../../../../../../163935T/FYP/FYP/Main/FYP_Prototype/DerivedDataCache/DDC.ddp not found, will not use a pak cache.
[2018.11.14-09.50.14:732][  0]LogDerivedDataCache: Unable to find inner node Pak for hierarchical cache Hierarchy.
[2018.11.14-09.50.14:732][  0]LogDerivedDataCache: FDerivedDataBackendGraph:  CompressedPak pak cache file ../../../../../../163935T/FYP/FYP/Main/FYP_Prototype/DerivedDataCache/Compressed.ddp not found, will not use a pak cache.
[2018.11.14-09.50.14:732][  0]LogDerivedDataCache: Unable to find inner node CompressedPak for hierarchical cache Hierarchy.
[2018.11.14-09.50.14:748][  0]LogDerivedDataCache: Display: Pak cache opened for reading ../../../Engine/DerivedDataCache/Compressed.ddp.
[2018.11.14-09.50.14:761][  0]LogDerivedDataCache: Using Local data cache path C:/Users/impixel/AppData/Local/UnrealEngine/Common/DerivedDataCache: Writable
[2018.11.14-09.50.14:761][  0]LogDerivedDataCache: Shared data cache path not found in *engine.ini, will not use an Shared cache.
[2018.11.14-09.50.14:761][  0]LogDerivedDataCache: Unable to find inner node Shared for hierarchical cache Hierarchy.
[2018.11.14-09.50.14:785][  0]LogMaterial: Verifying Global Shaders for PCD3D_SM5
[2018.11.14-09.50.14:787][  0]LogSlate: Using FreeType 2.6.0
[2018.11.14-09.50.14:788][  0]LogSlate: SlateFontServices - WITH_FREETYPE: 1, WITH_HARFBUZZ: 1
[2018.11.14-09.50.14:878][  0]LogAssetRegistry: FAssetRegistry took 0.0281 seconds to start up
[2018.11.14-09.50.15:293][  0]LogInit: Selected Device Profile: [Windows]
[2018.11.14-09.50.15:449][  0]LogSimplygon: Simplygon DLL not present - disabling.
[2018.11.14-09.50.15:452][  0]LogMeshReduction: Using SimplygonSwarm for distributed automatic mesh merging
[2018.11.14-09.50.15:453][  0]LogMeshReduction: Using ProxyLODMeshReduction for automatic mesh merging
[2018.11.14-09.50.15:453][  0]LogMeshReduction: Using QuadricMeshReduction for automatic static mesh reduction
[2018.11.14-09.50.15:453][  0]LogMeshReduction: No automatic skeletal mesh reduction module available
[2018.11.14-09.50.15:478][  0]LogNetVersion: FYP_Prototype 1.0.0, NetCL: 4212847, EngineNetVer: 5, GameNetVer: 0 (Checksum: 1129731653)
[2018.11.14-09.50.16:057][  0]LogPackageLocalizationCache: Processed 12 localized package path(s) for 2 prioritized culture(s) in 0.086804 seconds
[2018.11.14-09.50.16:063][  0]LogUObjectArray: 38425 objects as part of root set at end of initial load.
[2018.11.14-09.50.16:063][  0]LogUObjectAllocator: 6690872 out of 0 bytes used by permanent object pool.
[2018.11.14-09.50.16:063][  0]LogUObjectArray: CloseDisregardForGC: 0/0 objects in disregard for GC pool
[2018.11.14-09.50.17:104][  0]LogTcpMessaging: Initializing TcpMessaging bridge
[2018.11.14-09.50.17:116][  0]LogUdpMessaging: Initializing bridge on interface 0.0.0.0:0 to multicast group 230.0.0.1:6666.
[2018.11.14-09.50.17:269][  0]SourceControl: Source control is disabled
[2018.11.14-09.50.17:269][  0]SourceControl: Source control is disabled
[2018.11.14-09.50.17:270][  0]SourceControl: Source control is disabled
[2018.11.14-09.50.17:272][  0]SourceControl: Source control is disabled
[2018.11.14-09.50.17:438][  0]LogAndroidPermission: UAndroidPermissionCallbackProxy::GetInstance
[2018.11.14-09.50.17:512][  0]LogOcInput: OculusInput pre-init called
[2018.11.14-09.50.17:575][  0]LogEngine: Initializing Engine...
[2018.11.14-09.50.17:576][  0]LogHMD: Oculus plugin initialized. Version: 4.20.3-4369336+++UE4+Release-4.20, OVRPlugin: 1.25.0
[2018.11.14-09.50.17:577][  0]LogStats: UGameplayTagsManager::ConstructGameplayTagTree: ImportINI prefixes -  0.000 s
[2018.11.14-09.50.17:577][  0]LogStats: UGameplayTagsManager::ConstructGameplayTagTree: Construct from data asset -  0.000 s
[2018.11.14-09.50.17:577][  0]LogStats: UGameplayTagsManager::ConstructGameplayTagTree: ImportINI -  0.000 s
[2018.11.14-09.50.17:577][  0]LogStats: UGameplayTagsManager::ConstructGameplayTagTree: GameplayTagTreeChangedEvent.Broadcast -  0.000 s
[2018.11.14-09.50.17:842][  0]LogInit: Initializing FReadOnlyCVARCache
[2018.11.14-09.50.17:853][  0]LogAIModule: Creating AISystem for world Untitled
[2018.11.14-09.50.17:869][  0]LogInit: XAudio2 using 'Speakers (Realtek High Definition Audio)' : 2 channels at 48 kHz using 32 bits per sample (channel mask 0x3)
[2018.11.14-09.50.17:910][  0]LogInit: FAudioDevice initialized.
[2018.11.14-09.50.17:911][  0]LogNetVersion: Set ProjectVersion to 1.0.0.0. Version Checksum will be recalculated on next use.
[2018.11.14-09.50.17:991][  0]LogDerivedDataCache: Saved boot cache 0.08s 86MB C:/Users/impixel/AppData/Local/UnrealEngine/4.20/DerivedDataCache/Boot.ddc.
[2018.11.14-09.50.18:008][  0]LogInit: Texture streaming: Enabled
[2018.11.14-09.50.18:023][  0]LogEngineSessionManager: EngineSessionManager initialized
[2018.11.14-09.50.18:037][  0]LogInit: Transaction tracking system initialized
[2018.11.14-09.50.18:057][  0]BlueprintLog: New page: Editor Load
[2018.11.14-09.50.18:129][  0]LocalizationService: Localization service is disabled
[2018.11.14-09.50.18:383][  0]LogCook: Display: Max memory allowance for cook 16384mb min free memory 0mb
[2018.11.14-09.50.18:383][  0]LogCook: Display: Mobile HDR setting 1
[2018.11.14-09.50.18:383][  0]LogGameplayTags: Display: UGameplayTagsManager::DoneAddingNativeTags. DelegateIsBound: 0
[2018.11.14-09.50.18:383][  0]LogStats: UGameplayTagsManager::ConstructGameplayTagTree: ImportINI prefixes -  0.000 s
[2018.11.14-09.50.18:383][  0]LogStats: UGameplayTagsManager::ConstructGameplayTagTree: Construct from data asset -  0.000 s
[2018.11.14-09.50.18:383][  0]LogStats: UGameplayTagsManager::ConstructGameplayTagTree: ImportINI -  0.000 s
[2018.11.14-09.50.18:383][  0]LogStats: UGameplayTagsManager::ConstructGameplayTagTree: GameplayTagTreeChangedEvent.Broadcast -  0.000 s
[2018.11.14-09.50.18:495][  0]LogFileCache: Scanning file cache for directory 'D:/163935T/FYP/FYP/Main/FYP_Prototype/Content/' took 0.02s
[2018.11.14-09.50.18:496][  0]SourceControl: Source control is disabled
[2018.11.14-09.50.18:496][  0]Cmd: MAP LOAD FILE="../../../../../../163935T/FYP/FYP/Main/FYP_Prototype/Content/VirtualRealityBP/Maps/StartupMap.umap" TEMPLATE=0 SHOWPROGRESS=1 FEATURELEVEL=3
[2018.11.14-09.50.18:496][  0]LightingResults: New page: Lighting Build
[2018.11.14-09.50.18:498][  0]MapCheck: New page: Map Check
[2018.11.14-09.50.18:499][  0]LightingResults: New page: Lighting Build
[2018.11.14-09.50.18:672][  0]LogAIModule: Creating AISystem for world StartupMap
[2018.11.14-09.50.18:680][  0]LogEditorServer: Finished looking for orphan Actors (0.000 secs)
[2018.11.14-09.50.18:748][  0]Cmd: MAP CHECKDEP NOCLEARLOG
[2018.11.14-09.50.18:811][  0]MapCheck: Map check complete: 0 Error(s), 0 Warning(s), took 62.767ms to complete.
[2018.11.14-09.50.18:811][  0]LogFileHelpers: Loading map 'StartupMap' took 0.316
[2018.11.14-09.50.18:921][  0]LogSlate: Updating window title bar state: overlay mode, drag disabled, window buttons hidden, title bar hidden
[2018.11.14-09.50.18:930][  0]LogSlate: Updating window title bar state: overlay mode, drag disabled, window buttons hidden, title bar hidden
[2018.11.14-09.50.18:938][  0]LogSlate: Updating window title bar state: overlay mode, drag disabled, window buttons hidden, title bar hidden
[2018.11.14-09.50.18:947][  0]LogSlate: Updating window title bar state: overlay mode, drag disabled, window buttons hidden, title bar hidden
[2018.11.14-09.50.18:952][  0]LogCollectionManager: Loaded 0 collections in 0.001010 seconds
[2018.11.14-09.50.18:996][  0]LogFileCache: Scanning file cache for directory 'D:/163935T/FYP/FYP/Main/FYP_Prototype/Saved/Collections/' took 0.01s
[2018.11.14-09.50.18:996][  0]LogFileCache: Scanning file cache for directory 'D:/163935T/FYP/FYP/Main/FYP_Prototype/Content/Developers/SIDM/Collections/' took 0.01s
[2018.11.14-09.50.18:996][  0]LogFileCache: Scanning file cache for directory 'D:/163935T/FYP/FYP/Main/FYP_Prototype/Content/Collections/' took 0.01s
[2018.11.14-09.50.18:996][  0]LogCollectionManager: Rebuilt the GUID cache for 0 collections in 0.000000 seconds
[2018.11.14-09.50.19:007][  0]LogContentBrowser: Native class hierarchy populated in 0.0113 seconds. Added 2578 classes and 609 folders.
[2018.11.14-09.50.19:012][  0]LogContentBrowser: Native class hierarchy updated for 'WidgetCarousel' in 0.0002 seconds. Added 0 classes and 0 folders.
[2018.11.14-09.50.19:059][  0]LogContentBrowser: Native class hierarchy updated for 'AddContentDialog' in 0.0003 seconds. Added 0 classes and 0 folders.
[2018.11.14-09.50.19:065][  0]LogContentBrowser: Native class hierarchy updated for 'SceneOutliner' in 0.0002 seconds. Added 1 classes and 2 folders.
[2018.11.14-09.50.19:138][  0]LogSlate: Took 0.000311 seconds to synchronously load lazily loaded font '../../../Engine/Content/Slate/Fonts/Roboto-Regular.ttf' (155K)
[2018.11.14-09.50.19:140][  0]LogSlate: Took 0.000269 seconds to synchronously load lazily loaded font '../../../Engine/Content/Slate/Fonts/Roboto-Bold.ttf' (160K)
[2018.11.14-09.50.19:147][  0]LogSlate: Took 0.000261 seconds to synchronously load lazily loaded font '../../../Engine/Content/Editor/Slate/Fonts/FontAwesome.ttf' (139K)
[2018.11.14-09.50.19:232][  0]LogRenderer: Reallocating scene render targets to support 964x660 Format 10 NumSamples 1 (Frame:1).
[2018.11.14-09.50.19:361][  0]LogContentBrowser: Native class hierarchy updated for 'HierarchicalLODOutliner' in 0.0003 seconds. Added 0 classes and 0 folders.
[2018.11.14-09.50.19:361][  0]LogLoad: (Engine Initialization) Total time: 10.10 seconds
[2018.11.14-09.50.19:361][  0]LogLoad: (Engine Initialization) Total Blueprint compile time: 0.00 seconds
[2018.11.14-09.50.19:376][  0]LogWindowsTextInputMethodSystem: Display: IME system now activated using TSF (Microsoft IME).
[2018.11.14-09.50.19:382][  0]LogOcInput: OculusInput is initialized
[2018.11.14-09.50.19:420][  0]LogContentStreaming: Texture pool size now 800 MB
[2018.11.14-09.50.19:437][  0]LogSlate: Took 0.000215 seconds to synchronously load lazily loaded font '../../../Engine/Content/Slate/Fonts/Roboto-Light.ttf' (167K)
[2018.11.14-09.50.19:503][  2]LogAssetRegistry: Asset discovery search completed in 4.6485 seconds
[2018.11.14-09.50.19:504][  2]LogCollectionManager: Rebuilt the object cache for 0 collections in 0.000000 seconds (found 0 objects)
[2018.11.14-09.50.19:504][  2]LogCollectionManager: Fixed up redirectors for 0 collections in 0.000062 seconds (updated 0 objects)
[2018.11.14-09.50.22:398][329]LogSlate: Took 0.000321 seconds to synchronously load lazily loaded font '../../../Engine/Content/Slate/Fonts/Roboto-Light.ttf' (167K)
[2018.11.14-09.50.24:401][558]LogSlate: FSceneViewport::OnFocusLost() reason 0
[2018.11.14-09.50.24:458][565]LogFileCache: Retrieving MD5 hashes for directory 'D:/163935T/FYP/FYP/Main/FYP_Prototype/Content/' took 5.06s
[2018.11.14-09.50.24:538][572]AssetReimport: New page: Outstanding source content changes 1:50:24 am
[2018.11.14-09.50.24:560][572]LogFactory: FactoryCreateFile: SoundWave with ReimportSoundFactory (0 0 D:/163935T/FYP/FYP/Main/FYP_Prototype/Content/Sounds/RockFallintoWater.wav)
[2018.11.14-09.50.24:577][573]LogFactory: FactoryCreateFile: SoundWave with ReimportSoundFactory (0 0 D:/163935T/FYP/FYP/Main/FYP_Prototype/Content/Sounds/secret.wav)
[2018.11.14-09.50.24:582][573]LogFactory: FactoryCreateFile: SoundWave with ReimportSoundFactory (0 0 D:/163935T/FYP/FYP/Main/FYP_Prototype/Content/Sounds/slime die.wav)
[2018.11.14-09.50.24:618][573]LogFactory: FactoryCreateFile: SoundWave with ReimportSoundFactory (0 0 D:/163935T/FYP/FYP/Main/FYP_Prototype/Content/Sounds/water fast.wav)
[2018.11.14-09.50.24:751][574]LogFactory: FactoryCreateFile: SoundWave with ReimportSoundFactory (0 0 D:/163935T/FYP/FYP/Main/FYP_Prototype/Content/Sounds/water slow.wav)
[2018.11.14-09.50.24:912][575]Cmd: OBJ SAVEPACKAGE PACKAGE="/Game/Sounds/RockFallintoWater" FILE="../../../../../../163935T/FYP/FYP/Main/FYP_Prototype/Content/Sounds/RockFallintoWater.uasset" SILENT=true
[2018.11.14-09.50.24:918][575]LogSavePackage: Moving '../../../../../../163935T/FYP/FYP/Main/FYP_Prototype/Saved/RockFallintoWater920EBF1244E680DB07A231B4EF605680.tmp' to '../../../../../../163935T/FYP/FYP/Main/FYP_Prototype/Content/Sounds/RockFallintoWater.uasset'
[2018.11.14-09.50.24:938][575]Cmd: OBJ SAVEPACKAGE PACKAGE="/Game/Sounds/secret" FILE="../../../../../../163935T/FYP/FYP/Main/FYP_Prototype/Content/Sounds/secret.uasset" SILENT=true
[2018.11.14-09.50.24:944][575]LogSavePackage: Moving '../../../../../../163935T/FYP/FYP/Main/FYP_Prototype/Saved/secret263DABB54BDBBD9D0F3983812EA55B23.tmp' to '../../../../../../163935T/FYP/FYP/Main/FYP_Prototype/Content/Sounds/secret.uasset'
[2018.11.14-09.50.24:966][575]Cmd: OBJ SAVEPACKAGE PACKAGE="/Game/Sounds/slime_die" FILE="../../../../../../163935T/FYP/FYP/Main/FYP_Prototype/Content/Sounds/slime_die.uasset" SILENT=true
[2018.11.14-09.50.24:971][575]LogSavePackage: Moving '../../../../../../163935T/FYP/FYP/Main/FYP_Prototype/Saved/slime_die4D0EA8A0484648B3D0D8729CE7F02505.tmp' to '../../../../../../163935T/FYP/FYP/Main/FYP_Prototype/Content/Sounds/slime_die.uasset'
[2018.11.14-09.50.25:001][575]Cmd: OBJ SAVEPACKAGE PACKAGE="/Game/Sounds/water_fast" FILE="../../../../../../163935T/FYP/FYP/Main/FYP_Prototype/Content/Sounds/water_fast.uasset" SILENT=true
[2018.11.14-09.50.25:011][575]LogSavePackage: Moving '../../../../../../163935T/FYP/FYP/Main/FYP_Prototype/Saved/water_fast594A8E9345507CD64AA68385834202E6.tmp' to '../../../../../../163935T/FYP/FYP/Main/FYP_Prototype/Content/Sounds/water_fast.uasset'
[2018.11.14-09.50.25:045][575]Cmd: OBJ SAVEPACKAGE PACKAGE="/Game/Sounds/water_slow" FILE="../../../../../../163935T/FYP/FYP/Main/FYP_Prototype/Content/Sounds/water_slow.uasset" SILENT=true
[2018.11.14-09.50.25:084][575]LogSavePackage: Moving '../../../../../../163935T/FYP/FYP/Main/FYP_Prototype/Saved/water_slow17957CB64ED4B10F3F482A9AFD9A53DD.tmp' to '../../../../../../163935T/FYP/FYP/Main/FYP_Prototype/Content/Sounds/water_slow.uasset'
[2018.11.14-09.50.28:095][935]AssetReimport: Importing new asset /Game/Sounds/RockFallintoWater.
[2018.11.14-09.50.28:095][935]AssetReimport: Importing new asset /Game/Sounds/secret.
[2018.11.14-09.50.28:095][935]AssetReimport: Importing new asset /Game/Sounds/slime_die.
[2018.11.14-09.50.28:095][935]AssetReimport: Importing new asset /Game/Sounds/water_fast.
[2018.11.14-09.50.28:095][935]AssetReimport: Importing new asset /Game/Sounds/water_slow.
[2018.11.14-09.50.30:059][171]LogSlate: FSceneViewport::OnFocusLost() reason 0
[2018.11.14-10.05.03:772][824]AssetReimport: New page: Outstanding source content changes 2:05:03 am
[2018.11.14-10.05.03:774][824]LogFactory: FactoryCreateFile: SoundWave with ReimportSoundFactory (0 0 D:/163935T/FYP/FYP/Main/FYP_Prototype/Content/Sounds/Gun.wav)
[2018.11.14-10.05.03:777][824]LogFactory: FactoryCreateFile: SoundWave with ReimportSoundFactory (0 0 D:/163935T/FYP/FYP/Main/FYP_Prototype/Content/Sounds/Mudskipper-spit.wav)
[2018.11.14-10.05.03:781][824]LogFactory: FactoryCreateFile: SoundWave with ReimportSoundFactory (0 0 D:/163935T/FYP/FYP/Main/FYP_Prototype/Content/Sounds/Mudskipper-back-off.wav)
[2018.11.14-10.05.03:804][825]LogFactory: FactoryCreateFile: SoundWave with ReimportSoundFactory (0 0 D:/163935T/FYP/FYP/Main/FYP_Prototype/Content/Sounds/slime-die.wav)
[2018.11.14-10.05.03:809][825]LogFactory: FactoryCreateFile: SoundWave with ReimportSoundFactory (0 0 D:/163935T/FYP/FYP/Main/FYP_Prototype/Content/Sounds/slug-hitting-boat.wav)
[2018.11.14-10.05.03:875][825]LogFactory: FactoryCreateFile: SoundWave with ReimportSoundFactory (0 0 D:/163935T/FYP/FYP/Main/FYP_Prototype/Content/Sounds/earthquake.wav)
[2018.11.14-10.05.04:004][826]LogFactory: FactoryCreateFile: SoundWave with ReimportSoundFactory (0 0 D:/163935T/FYP/FYP/Main/FYP_Prototype/Content/Sounds/death.wav)
[2018.11.14-10.05.04:018][826]LogFactory: FactoryCreateFile: SoundWave with ReimportSoundFactory (0 0 D:/163935T/FYP/FYP/Main/FYP_Prototype/Content/Sounds/bat fly.wav)
[2018.11.14-10.05.04:035][827]LogFactory: FactoryCreateFile: SoundWave with ReimportSoundFactory (0 0 D:/163935T/FYP/FYP/Main/FYP_Prototype/Content/Sounds/bat fall.wav)
[2018.11.14-10.05.04:040][827]LogFactory: FactoryCreateFile: SoundWave with ReimportSoundFactory (0 0 D:/163935T/FYP/FYP/Main/FYP_Prototype/Content/Sounds/bat death.wav)
[2018.11.14-10.05.04:167][827]LogFactory: FactoryCreateFile: SoundWave with ReimportSoundFactory (0 0 D:/163935T/FYP/FYP/Main/FYP_Prototype/Content/Sounds/creepy-room-song.wav)
[2018.11.14-10.05.04:493][828]LogFactory: FactoryCreateFile: SoundWave with ReimportSoundFactory (0 0 D:/163935T/FYP/FYP/Main/FYP_Prototype/Content/Sounds/Flex-skipper-theme.wav)
[2018.11.14-10.05.04:686][829]LogFactory: FactoryCreateFile: SoundWave with ReimportSoundFactory (0 0 D:/163935T/FYP/FYP/Main/FYP_Prototype/Content/Sounds/bat-holding-boat.wav)
[2018.11.14-10.05.04:692][829]LogFactory: FactoryCreateFile: SoundWave with ReimportSoundFactory (0 0 D:/163935T/FYP/FYP/Main/FYP_Prototype/Content/Sounds/bat-noises.wav)
[2018.11.14-10.05.04:732][829]LogFactory: FactoryCreateFile: SoundWave with ReimportSoundFactory (0 0 D:/163935T/FYP/FYP/Main/FYP_Prototype/Content/Sounds/MainMenu.wav)
[2018.11.14-10.05.04:828][830]Cmd: OBJ SAVEPACKAGE PACKAGE="/Game/Sounds/Gun" FILE="../../../../../../163935T/FYP/FYP/Main/FYP_Prototype/Content/Sounds/Gun.uasset" SILENT=true
[2018.11.14-10.05.04:835][830]LogSavePackage: Moving '../../../../../../163935T/FYP/FYP/Main/FYP_Prototype/Saved/Gun48E7DF7441DE1E4660BDAC97526CEE54.tmp' to '../../../../../../163935T/FYP/FYP/Main/FYP_Prototype/Content/Sounds/Gun.uasset'
[2018.11.14-10.05.04:850][830]Cmd: OBJ SAVEPACKAGE PACKAGE="/Game/Sounds/Mudskipper-spit" FILE="../../../../../../163935T/FYP/FYP/Main/FYP_Prototype/Content/Sounds/Mudskipper-spit.uasset" SILENT=true
[2018.11.14-10.05.04:857][830]LogSavePackage: Moving '../../../../../../163935T/FYP/FYP/Main/FYP_Prototype/Saved/Mudskipper-spit27206BCC4D50A889D94F11BDB5E200AD.tmp' to '../../../../../../163935T/FYP/FYP/Main/FYP_Prototype/Content/Sounds/Mudskipper-spit.uasset'
[2018.11.14-10.05.04:873][830]Cmd: OBJ SAVEPACKAGE PACKAGE="/Game/Sounds/Mudskipper-back-off" FILE="../../../../../../163935T/FYP/FYP/Main/FYP_Prototype/Content/Sounds/Mudskipper-back-off.uasset" SILENT=true
[2018.11.14-10.05.04:880][830]LogSavePackage: Moving '../../../../../../163935T/FYP/FYP/Main/FYP_Prototype/Saved/Mudskipper-back-offC58F82934F37B8311846C4B51725005C.tmp' to '../../../../../../163935T/FYP/FYP/Main/FYP_Prototype/Content/Sounds/Mudskipper-back-off.uasset'
[2018.11.14-10.05.04:893][830]Cmd: OBJ SAVEPACKAGE PACKAGE="/Game/Sounds/slime-die" FILE="../../../../../../163935T/FYP/FYP/Main/FYP_Prototype/Content/Sounds/slime-die.uasset" SILENT=true
[2018.11.14-10.05.04:899][830]LogSavePackage: Moving '../../../../../../163935T/FYP/FYP/Main/FYP_Prototype/Saved/slime-dieC4E2CD4E433BC8ACC3CD96B557E0D5FF.tmp' to '../../../../../../163935T/FYP/FYP/Main/FYP_Prototype/Content/Sounds/slime-die.uasset'
[2018.11.14-10.05.04:913][830]Cmd: OBJ SAVEPACKAGE PACKAGE="/Game/Sounds/slug-hitting-boat" FILE="../../../../../../163935T/FYP/FYP/Main/FYP_Prototype/Content/Sounds/slug-hitting-boat.uasset" SILENT=true
[2018.11.14-10.05.04:919][830]LogSavePackage: Moving '../../../../../../163935T/FYP/FYP/Main/FYP_Prototype/Saved/slug-hitting-boat99F03A584DBD42DD49FD9CBE20B6B7C9.tmp' to '../../../../../../163935T/FYP/FYP/Main/FYP_Prototype/Content/Sounds/slug-hitting-boat.uasset'
[2018.11.14-10.05.04:946][830]Cmd: OBJ SAVEPACKAGE PACKAGE="/Game/Sounds/earthquake" FILE="../../../../../../163935T/FYP/FYP/Main/FYP_Prototype/Content/Sounds/earthquake.uasset" SILENT=true
[2018.11.14-10.05.04:980][830]LogSavePackage: Moving '../../../../../../163935T/FYP/FYP/Main/FYP_Prototype/Saved/earthquake9B083EE74AA291B18B4BDEB448B3D16C.tmp' to '../../../../../../163935T/FYP/FYP/Main/FYP_Prototype/Content/Sounds/earthquake.uasset'
[2018.11.14-10.05.04:992][830]Cmd: OBJ SAVEPACKAGE PACKAGE="/Game/Sounds/death" FILE="../../../../../../163935T/FYP/FYP/Main/FYP_Prototype/Content/Sounds/death.uasset" SILENT=true
[2018.11.14-10.05.04:998][830]LogSavePackage: Moving '../../../../../../163935T/FYP/FYP/Main/FYP_Prototype/Saved/death07E71A97441DAA430712ABB027D7557D.tmp' to '../../../../../../163935T/FYP/FYP/Main/FYP_Prototype/Content/Sounds/death.uasset'
[2018.11.14-10.05.05:012][830]Cmd: OBJ SAVEPACKAGE PACKAGE="/Game/Sounds/bat_fly" FILE="../../../../../../163935T/FYP/FYP/Main/FYP_Prototype/Content/Sounds/bat_fly.uasset" SILENT=true
[2018.11.14-10.05.05:018][830]LogSavePackage: Moving '../../../../../../163935T/FYP/FYP/Main/FYP_Prototype/Saved/bat_fly38FDD7E748FB6CE4F9F480A4257D1EF0.tmp' to '../../../../../../163935T/FYP/FYP/Main/FYP_Prototype/Content/Sounds/bat_fly.uasset'
[2018.11.14-10.05.05:028][830]Cmd: OBJ SAVEPACKAGE PACKAGE="/Game/Sounds/bat_fall" FILE="../../../../../../163935T/FYP/FYP/Main/FYP_Prototype/Content/Sounds/bat_fall.uasset" SILENT=true
[2018.11.14-10.05.05:034][830]LogSavePackage: Moving '../../../../../../163935T/FYP/FYP/Main/FYP_Prototype/Saved/bat_fallDF36DB6A406704B1910E9FA63ED7995D.tmp' to '../../../../../../163935T/FYP/FYP/Main/FYP_Prototype/Content/Sounds/bat_fall.uasset'
[2018.11.14-10.05.05:044][830]Cmd: OBJ SAVEPACKAGE PACKAGE="/Game/Sounds/bat_death" FILE="../../../../../../163935T/FYP/FYP/Main/FYP_Prototype/Content/Sounds/bat_death.uasset" SILENT=true
[2018.11.14-10.05.05:050][830]LogSavePackage: Moving '../../../../../../163935T/FYP/FYP/Main/FYP_Prototype/Saved/bat_death8EF0B86A46D93C375ECC108DC3DE1D48.tmp' to '../../../../../../163935T/FYP/FYP/Main/FYP_Prototype/Content/Sounds/bat_death.uasset'
[2018.11.14-10.05.05:089][830]Cmd: OBJ SAVEPACKAGE PACKAGE="/Game/Sounds/creepy-room-song" FILE="../../../../../../163935T/FYP/FYP/Main/FYP_Prototype/Content/Sounds/creepy-room-song.uasset" SILENT=true
[2018.11.14-10.05.05:202][830]LogSavePackage: Moving '../../../../../../163935T/FYP/FYP/Main/FYP_Prototype/Saved/creepy-room-songEB45F13E48D544DAF4F9159B8A184FF7.tmp' to '../../../../../../163935T/FYP/FYP/Main/FYP_Prototype/Content/Sounds/creepy-room-song.uasset'
[2018.11.14-10.05.05:240][830]Cmd: OBJ SAVEPACKAGE PACKAGE="/Game/Sounds/Flex-skipper-theme" FILE="../../../../../../163935T/FYP/FYP/Main/FYP_Prototype/Content/Sounds/Flex-skipper-theme.uasset" SILENT=true
[2018.11.14-10.05.05:384][830]LogSavePackage: Moving '../../../../../../163935T/FYP/FYP/Main/FYP_Prototype/Saved/Flex-skipper-theme82936E7849FF7F671442338F2110CA4B.tmp' to '../../../../../../163935T/FYP/FYP/Main/FYP_Prototype/Content/Sounds/Flex-skipper-theme.uasset'
[2018.11.14-10.05.05:397][830]Cmd: OBJ SAVEPACKAGE PACKAGE="/Game/Sounds/bat-holding-boat" FILE="../../../../../../163935T/FYP/FYP/Main/FYP_Prototype/Content/Sounds/bat-holding-boat.uasset" SILENT=true
[2018.11.14-10.05.05:403][830]LogSavePackage: Moving '../../../../../../163935T/FYP/FYP/Main/FYP_Prototype/Saved/bat-holding-boat102D789B43174E22BA9C86933AB45A81.tmp' to '../../../../../../163935T/FYP/FYP/Main/FYP_Prototype/Content/Sounds/bat-holding-boat.uasset'
[2018.11.14-10.05.05:416][830]Cmd: OBJ SAVEPACKAGE PACKAGE="/Game/Sounds/bat-noises" FILE="../../../../../../163935T/FYP/FYP/Main/FYP_Prototype/Content/Sounds/bat-noises.uasset" SILENT=true
[2018.11.14-10.05.05:422][830]LogSavePackage: Moving '../../../../../../163935T/FYP/FYP/Main/FYP_Prototype/Saved/bat-noises929922D5460AC81F21A80687D6AD45BA.tmp' to '../../../../../../163935T/FYP/FYP/Main/FYP_Prototype/Content/Sounds/bat-noises.uasset'
[2018.11.14-10.05.05:442][830]Cmd: OBJ SAVEPACKAGE PACKAGE="/Game/Sounds/MainMenu" FILE="../../../../../../163935T/FYP/FYP/Main/FYP_Prototype/Content/Sounds/MainMenu.uasset" SILENT=true
[2018.11.14-10.05.05:453][830]LogSavePackage: Moving '../../../../../../163935T/FYP/FYP/Main/FYP_Prototype/Saved/MainMenuF0F8879A4A73CE8DAE77C98EC304C697.tmp' to '../../../../../../163935T/FYP/FYP/Main/FYP_Prototype/Content/Sounds/MainMenu.uasset'
[2018.11.14-10.05.08:463][178]AssetReimport: Importing new asset /Game/Sounds/Gun.
[2018.11.14-10.05.08:463][178]AssetReimport: Importing new asset /Game/Sounds/Mudskipper-spit.
[2018.11.14-10.05.08:463][178]AssetReimport: Importing new asset /Game/Sounds/Mudskipper-back-off.
[2018.11.14-10.05.08:463][178]AssetReimport: Importing new asset /Game/Sounds/slime-die.
[2018.11.14-10.05.08:463][178]AssetReimport: Importing new asset /Game/Sounds/slug-hitting-boat.
[2018.11.14-10.05.08:463][178]AssetReimport: Importing new asset /Game/Sounds/earthquake.
[2018.11.14-10.05.08:463][178]AssetReimport: Importing new asset /Game/Sounds/death.
[2018.11.14-10.05.08:463][178]AssetReimport: Importing new asset /Game/Sounds/bat_fly.
[2018.11.14-10.05.08:463][178]AssetReimport: Importing new asset /Game/Sounds/bat_fall.
[2018.11.14-10.05.08:463][178]AssetReimport: Importing new asset /Game/Sounds/bat_death.
[2018.11.14-10.05.08:463][178]AssetReimport: Importing new asset /Game/Sounds/creepy-room-song.
[2018.11.14-10.05.08:463][178]AssetReimport: Importing new asset /Game/Sounds/Flex-skipper-theme.
[2018.11.14-10.05.08:463][178]AssetReimport: Importing new asset /Game/Sounds/bat-holding-boat.
[2018.11.14-10.05.08:463][178]AssetReimport: Importing new asset /Game/Sounds/bat-noises.
[2018.11.14-10.05.08:463][178]AssetReimport: Importing new asset /Game/Sounds/MainMenu.
[2018.11.14-10.05.13:639][779]LogSavePackage: Moving '../../../../../../163935T/FYP/FYP/Main/FYP_Prototype/Saved/StartupMapD4913DE748FC6318179329B0A67C9F92.tmp' to '../../../../../../163935T/FYP/FYP/Main/FYP_Prototype/Content/VirtualRealityBP/Maps/StartupMap.umap'
[2018.11.14-10.05.13:703][779]LogSavePackage: Moving '../../../../../../163935T/FYP/FYP/Main/FYP_Prototype/Saved/StartupMap_BuiltData5E24AADC4FCF8DFF18E27595CD163AF4.tmp' to '../../../../../../163935T/FYP/FYP/Main/FYP_Prototype/Content/VirtualRealityBP/Maps/StartupMap_BuiltData.uasset'
[2018.11.14-10.05.15:294][951]LogSavePackage: Moving '../../../../../../163935T/FYP/FYP/Main/FYP_Prototype/Saved/StartupMap1F3B601E4735B94B35B389BA98F59E6C.tmp' to '../../../../../../163935T/FYP/FYP/Main/FYP_Prototype/Content/VirtualRealityBP/Maps/StartupMap.umap'
[2018.11.14-10.05.15:346][951]LogSavePackage: Moving '../../../../../../163935T/FYP/FYP/Main/FYP_Prototype/Saved/StartupMap_BuiltDataEC4C30164C956FF90E5E4EA3F5387692.tmp' to '../../../../../../163935T/FYP/FYP/Main/FYP_Prototype/Content/VirtualRealityBP/Maps/StartupMap_BuiltData.uasset'
[2018.11.14-10.05.16:216][ 38]LogSlate: Window 'FYP_Prototype - Unreal Editor' being destroyed
[2018.11.14-10.05.16:401][ 39]Cmd: QUIT_EDITOR
[2018.11.14-10.05.16:435][ 39]LogWindowsTextInputMethodSystem: Display: IME system now activated using TSF (Microsoft IME).
[2018.11.14-10.05.16:447][ 39]LogExit: Preparing to exit.
[2018.11.14-10.05.16:614][ 39]LogExit: Editor shut down
[2018.11.14-10.05.16:614][ 39]LogExit: Transaction tracking system shut down
[2018.11.14-10.05.17:016][ 39]LogExit: Object subsystem successfully closed.
[2018.11.14-10.05.17:094][ 39]LogShaderCompilers: Display: Shaders left to compile 0
[2018.11.14-10.05.17:099][ 39]LogD3D11RHI: Shutdown
[2018.11.14-10.05.17:099][ 39]LogD3D11RHI: CleanupD3DDevice
[2018.11.14-10.05.17:101][ 39]LogD3D11RHI: ~FD3D11DynamicRHI
[2018.11.14-10.05.17:113][ 39]LogModuleManager: Shutting down and abandoning module HierarchicalLODOutliner (612)
[2018.11.14-10.05.17:113][ 39]LogModuleManager: Shutting down and abandoning module SceneOutliner (610)
[2018.11.14-10.05.17:113][ 39]LogModuleManager: Shutting down and abandoning module AddContentDialog (608)
[2018.11.14-10.05.17:114][ 39]LogModuleManager: Shutting down and abandoning module WidgetCarousel (607)
[2018.11.14-10.05.17:114][ 39]LogModuleManager: Shutting down and abandoning module EditorWidgets (604)
[2018.11.14-10.05.17:114][ 39]LogModuleManager: Shutting down and abandoning module CollectionManager (602)
[2018.11.14-10.05.17:114][ 39]LogModuleManager: Shutting down and abandoning module StatsViewer (600)
[2018.11.14-10.05.17:114][ 39]LogModuleManager: Shutting down and abandoning module FoliageEdit (598)
[2018.11.14-10.05.17:114][ 39]LogModuleManager: Shutting down and abandoning module LandscapeEditor (596)
[2018.11.14-10.05.17:114][ 39]LogModuleManager: Shutting down and abandoning module MeshPaintMode (594)
[2018.11.14-10.05.17:114][ 39]LogModuleManager: Shutting down and abandoning module SceneDepthPickerMode (592)
[2018.11.14-10.05.17:114][ 39]LogModuleManager: Shutting down and abandoning module ActorPickerMode (590)
[2018.11.14-10.05.17:114][ 39]LogModuleManager: Shutting down and abandoning module GeometryMode (588)
[2018.11.14-10.05.17:114][ 39]LogModuleManager: Shutting down and abandoning module TextureAlignMode (586)
[2018.11.14-10.05.17:114][ 39]LogModuleManager: Shutting down and abandoning module BspMode (584)
[2018.11.14-10.05.17:114][ 39]LogModuleManager: Shutting down and abandoning module PIEPreviewDeviceProfileSelector (582)
[2018.11.14-10.05.17:114][ 39]LogModuleManager: Shutting down and abandoning module SequenceRecorderSections (580)
[2018.11.14-10.05.17:114][ 39]LogModuleManager: Shutting down and abandoning module AutomationWorker (578)
[2018.11.14-10.05.17:114][ 39]LogModuleManager: Shutting down and abandoning module AudioCaptureEditor (576)
[2018.11.14-10.05.17:114][ 39]LogModuleManager: Shutting down and abandoning module SequenceRecorder (575)
[2018.11.14-10.05.17:114][ 39]LogModuleManager: Shutting down and abandoning module MatineeToLevelSequence (572)
[2018.11.14-10.05.17:114][ 39]LogModuleManager: Shutting down and abandoning module LevelSequenceEditor (570)
[2018.11.14-10.05.17:115][ 39]LogModuleManager: Shutting down and abandoning module PlacementMode (569)
[2018.11.14-10.05.17:115][ 39]LogModuleManager: Shutting down and abandoning module MaterialEditor (568)
[2018.11.14-10.05.17:115][ 39]LogModuleManager: Shutting down and abandoning module WmfMediaFactory (564)
[2018.11.14-10.05.17:115][ 39]LogModuleManager: Shutting down and abandoning module WmfMediaEditor (562)
[2018.11.14-10.05.17:115][ 39]LogModuleManager: Shutting down and abandoning module MediaPlayerEditor (560)
[2018.11.14-10.05.17:115][ 39]LogModuleManager: Shutting down and abandoning module OpenExrWrapper (558)
[2018.11.14-10.05.17:115][ 39]LogModuleManager: Shutting down and abandoning module ImgMediaFactory (556)
[2018.11.14-10.05.17:115][ 39]LogModuleManager: Shutting down and abandoning module ImgMediaEditor (554)
[2018.11.14-10.05.17:115][ 39]LogModuleManager: Shutting down and abandoning module AvfMediaFactory (552)
[2018.11.14-10.05.17:115][ 39]LogModuleManager: Shutting down and abandoning module AvfMediaEditor (550)
[2018.11.14-10.05.17:115][ 39]LogModuleManager: Shutting down and abandoning module AndroidMediaFactory (548)
[2018.11.14-10.05.17:115][ 39]LogModuleManager: Shutting down and abandoning module AndroidMediaEditor (546)
[2018.11.14-10.05.17:115][ 39]LogModuleManager: Shutting down and abandoning module MagicLeapCameraPreviewFactory (544)
[2018.11.14-10.05.17:115][ 39]LogModuleManager: Shutting down and abandoning module MagicLeapMediaFactory (542)
[2018.11.14-10.05.17:115][ 39]LogModuleManager: Shutting down and abandoning module MagicLeapMediaEditor (540)
[2018.11.14-10.05.17:115][ 39]LogModuleManager: Shutting down and abandoning module CharacterAI (538)
[2018.11.14-10.05.17:115][ 39]LogModuleManager: Shutting down and abandoning module SmartSnapping (536)
[2018.11.14-10.05.17:115][ 39]LogModuleManager: Shutting down and abandoning module SessionServices (534)
[2018.11.14-10.05.17:115][ 39]LogModuleManager: Shutting down and abandoning module ViewportSnapping (532)
[2018.11.14-10.05.17:115][ 39]LogModuleManager: Shutting down and abandoning module ViewportInteraction (530)
[2018.11.14-10.05.17:115][ 39]LogModuleManager: Shutting down and abandoning module ClothPainter (528)
[2018.11.14-10.05.17:115][ 39]LogModuleManager: Shutting down and abandoning module SkeletalMeshEditor (527)
[2018.11.14-10.05.17:115][ 39]LogModuleManager: Shutting down and abandoning module LogVisualizer (524)
[2018.11.14-10.05.17:115][ 39]LogModuleManager: Shutting down and abandoning module IntroTutorials (522)
[2018.11.14-10.05.17:115][ 39]LogModuleManager: Shutting down and abandoning module GameProjectGeneration (521)
[2018.11.14-10.05.17:115][ 39]LogModuleManager: Shutting down and abandoning module LuminPlatformEditor (518)
[2018.11.14-10.05.17:115][ 39]LogModuleManager: Shutting down and abandoning module IOSPlatformEditor (516)
[2018.11.14-10.05.17:115][ 39]LogModuleManager: Shutting down and abandoning module HTML5PlatformEditor (514)
[2018.11.14-10.05.17:115][ 39]LogModuleManager: Shutting down and abandoning module AndroidPlatformEditor (512)
[2018.11.14-10.05.17:115][ 39]LogModuleManager: Shutting down and abandoning module AndroidDeviceDetection (511)
[2018.11.14-10.05.17:687][ 39]LogModuleManager: Shutting down and abandoning module WindowsPlatformEditor (508)
[2018.11.14-10.05.17:687][ 39]LogModuleManager: Shutting down and abandoning module LuminRuntimeSettings (506)
[2018.11.14-10.05.17:687][ 39]LogModuleManager: Shutting down and abandoning module IOSRuntimeSettings (504)
[2018.11.14-10.05.17:687][ 39]LogModuleManager: Shutting down and abandoning module AndroidRuntimeSettings (502)
[2018.11.14-10.05.17:687][ 39]LogModuleManager: Shutting down and abandoning module InputBindingEditor (500)
[2018.11.14-10.05.17:687][ 39]LogModuleManager: Shutting down and abandoning module MergeActors (498)
[2018.11.14-10.05.17:687][ 39]LogModuleManager: Shutting down and abandoning module LocalizationDashboard (496)
[2018.11.14-10.05.17:688][ 39]LogModuleManager: Shutting down and abandoning module LocalizationService (495)
[2018.11.14-10.05.17:688][ 39]LogModuleManager: Shutting down and abandoning module HardwareTargeting (492)
[2018.11.14-10.05.17:688][ 39]LogModuleManager: Shutting down and abandoning module DeviceProfileEditor (490)
[2018.11.14-10.05.17:688][ 39]LogModuleManager: Shutting down and abandoning module UndoHistory (488)
[2018.11.14-10.05.17:688][ 39]LogModuleManager: Shutting down and abandoning module XmlParser (486)
[2018.11.14-10.05.17:688][ 39]LogModuleManager: Shutting down and abandoning module Blutility (484)
[2018.11.14-10.05.17:688][ 39]LogModuleManager: Shutting down and abandoning module ProjectSettingsViewer (482)
[2018.11.14-10.05.17:688][ 39]LogModuleManager: Shutting down and abandoning module ProjectTargetPlatformEditor (481)
[2018.11.14-10.05.17:688][ 39]LogModuleManager: Shutting down and abandoning module EditorSettingsViewer (478)
[2018.11.14-10.05.17:688][ 39]LogModuleManager: Shutting down and abandoning module SettingsEditor (476)
[2018.11.14-10.05.17:688][ 39]LogModuleManager: Shutting down and abandoning module ProjectLauncher (474)
[2018.11.14-10.05.17:688][ 39]LogModuleManager: Shutting down and abandoning module SessionFrontend (472)
[2018.11.14-10.05.17:688][ 39]LogModuleManager: Shutting down and abandoning module ProfilerClient (470)
[2018.11.14-10.05.17:688][ 39]LogModuleManager: Shutting down and abandoning module DeviceManager (468)
[2018.11.14-10.05.17:688][ 39]LogModuleManager: Shutting down and abandoning module TargetDeviceServices (467)
[2018.11.14-10.05.17:743][ 39]LogModuleManager: Shutting down and abandoning module AutomationController (464)
[2018.11.14-10.05.17:743][ 39]LogModuleManager: Shutting down and abandoning module AutomationWindow (462)
[2018.11.14-10.05.17:743][ 39]LogModuleManager: Shutting down and abandoning module Layers (460)
[2018.11.14-10.05.17:743][ 39]LogModuleManager: Shutting down and abandoning module ComponentVisualizers (458)
[2018.11.14-10.05.17:743][ 39]LogModuleManager: Shutting down and abandoning module DetailCustomizations (456)
[2018.11.14-10.05.17:743][ 39]LogModuleManager: Shutting down and abandoning module PackagesDialog (454)
[2018.11.14-10.05.17:743][ 39]LogModuleManager: Shutting down and abandoning module Persona (452)
[2018.11.14-10.05.17:743][ 39]LogModuleManager: Shutting down and abandoning module AdvancedPreviewScene (451)
[2018.11.14-10.05.17:743][ 39]LogModuleManager: Shutting down and abandoning module AnimGraph (449)
[2018.11.14-10.05.17:743][ 39]LogModuleManager: Shutting down and abandoning module Kismet (446)
[2018.11.14-10.05.17:743][ 39]LogModuleManager: Shutting down and abandoning module GraphEditor (444)
[2018.11.14-10.05.17:744][ 39]LogModuleManager: Shutting down and abandoning module ClassViewer (442)
[2018.11.14-10.05.17:744][ 39]LogModuleManager: Shutting down and abandoning module Toolbox (440)
[2018.11.14-10.05.17:744][ 39]LogModuleManager: Shutting down and abandoning module ModuleUI (438)
[2018.11.14-10.05.17:744][ 39]LogModuleManager: Shutting down and abandoning module MovieSceneTools (436)
[2018.11.14-10.05.17:744][ 39]LogModuleManager: Shutting down and abandoning module OutputLog (434)
[2018.11.14-10.05.17:744][ 39]LogModuleManager: Shutting down and abandoning module GammaUI (432)
[2018.11.14-10.05.17:744][ 39]LogModuleManager: Shutting down and abandoning module Documentation (430)
[2018.11.14-10.05.17:744][ 39]LogModuleManager: Shutting down and abandoning module MovieSceneTracks (428)
[2018.11.14-10.05.17:744][ 39]LogModuleManager: Shutting down and abandoning module MovieScene (426)
[2018.11.14-10.05.17:744][ 39]LogModuleManager: Shutting down and abandoning module StreamingPauseRendering (424)
[2018.11.14-10.05.17:744][ 39]LogModuleManager: Shutting down and abandoning module LauncherPlatform (422)
[2018.11.14-10.05.17:744][ 39]LogModuleManager: Shutting down and abandoning module AnalyticsET (420)
[2018.11.14-10.05.17:744][ 39]LogModuleManager: Shutting down and abandoning module PortalServices (418)
[2018.11.14-10.05.17:744][ 39]LogModuleManager: Shutting down and abandoning module PortalRpc (416)
[2018.11.14-10.05.17:744][ 39]LogModuleManager: Shutting down and abandoning module MessagingRpc (414)
[2018.11.14-10.05.17:744][ 39]LogModuleManager: Shutting down and abandoning module AIModule (412)
[2018.11.14-10.05.17:744][ 39]LogModuleManager: Shutting down and abandoning module GameplayDebugger (411)
[2018.11.14-10.05.17:744][ 39]LogModuleManager: Shutting down and abandoning module AITestSuite (409)
[2018.11.14-10.05.17:744][ 39]LogModuleManager: Shutting down and abandoning module NavigationSystem (407)
[2018.11.14-10.05.17:744][ 39]LogModuleManager: Shutting down and abandoning module DesktopPlatform (404)
[2018.11.14-10.05.17:744][ 39]LogModuleManager: Shutting down and abandoning module ProfilerService (402)
[2018.11.14-10.05.17:795][ 39]LogModuleManager: Shutting down and abandoning module TaskGraph (400)
[2018.11.14-10.05.17:796][ 39]LogModuleManager: Shutting down and abandoning module SteamVRController (398)
[2018.11.14-10.05.17:796][ 39]LogModuleManager: Shutting down and abandoning module ProceduralMeshComponentEditor (396)
[2018.11.14-10.05.17:796][ 39]LogModuleManager: Shutting down and abandoning module ProceduralMeshComponent (394)
[2018.11.14-10.05.17:796][ 39]LogModuleManager: Shutting down and abandoning module OculusInput (392)
[2018.11.14-10.05.17:796][ 39]LogModuleManager: Shutting down and abandoning module MobilePatchingUtils (390)
[2018.11.14-10.05.17:796][ 39]LogModuleManager: Shutting down and abandoning module EditableMesh (388)
[2018.11.14-10.05.17:796][ 39]LogModuleManager: Shutting down and abandoning module CustomMeshComponent (386)
[2018.11.14-10.05.17:796][ 39]LogModuleManager: Shutting down and abandoning module CableComponent (384)
[2018.11.14-10.05.17:796][ 39]LogModuleManager: Shutting down and abandoning module AudioCapture (382)
[2018.11.14-10.05.17:796][ 39]LogModuleManager: Shutting down and abandoning module ArchVisCharacter (380)
[2018.11.14-10.05.17:796][ 39]LogModuleManager: Shutting down and abandoning module AndroidPermission (378)
[2018.11.14-10.05.17:796][ 39]LogModuleManager: Shutting down and abandoning module NUTUnrealEngine4 (376)
[2018.11.14-10.05.17:796][ 39]LogModuleManager: Shutting down and abandoning module NetcodeUnitTest (374)
[2018.11.14-10.05.17:796][ 39]LogModuleManager: Shutting down and abandoning module MediaCompositingEditor (372)
[2018.11.14-10.05.17:796][ 39]LogModuleManager: Shutting down and abandoning module MediaCompositing (370)
[2018.11.14-10.05.17:796][ 39]LogModuleManager: Shutting down and abandoning module LinearTimecode (368)
[2018.11.14-10.05.17:796][ 39]LogModuleManager: Shutting down and abandoning module ImgMedia (366)
[2018.11.14-10.05.17:802][ 39]LogModuleManager: Shutting down and abandoning module HTML5Networking (364)
[2018.11.14-10.05.17:802][ 39]LogModuleManager: Shutting down and abandoning module GeometryCacheTracks (362)
[2018.11.14-10.05.17:802][ 39]LogModuleManager: Shutting down and abandoning module GeometryCacheSequencer (360)
[2018.11.14-10.05.17:802][ 39]LogModuleManager: Shutting down and abandoning module BackChannel (358)
[2018.11.14-10.05.17:802][ 39]LogModuleManager: Shutting down and abandoning module AppleVision (356)
[2018.11.14-10.05.17:802][ 39]LogModuleManager: Shutting down and abandoning module AppleImageUtils (354)
[2018.11.14-10.05.17:802][ 39]LogModuleManager: Shutting down and abandoning module AlembicImporter (352)
[2018.11.14-10.05.17:802][ 39]LogModuleManager: Shutting down and abandoning module AlembicLibrary (351)
[2018.11.14-10.05.17:802][ 39]LogModuleManager: Shutting down and abandoning module GeometryCache (350)
[2018.11.14-10.05.17:802][ 39]LogModuleManager: Shutting down and abandoning module GeometryCacheEd (349)
[2018.11.14-10.05.17:802][ 39]LogModuleManager: Shutting down and abandoning module DatasmithContentEditor (344)
[2018.11.14-10.05.17:802][ 39]LogModuleManager: Shutting down and abandoning module DatasmithContent (342)
[2018.11.14-10.05.17:802][ 39]LogModuleManager: Shutting down and abandoning module SpeedTreeImporter (340)
[2018.11.14-10.05.17:802][ 39]LogModuleManager: Shutting down and abandoning module PluginBrowser (338)
[2018.11.14-10.05.17:803][ 39]LogModuleManager: Shutting down and abandoning module MobileLauncherProfileWizard (336)
[2018.11.14-10.05.17:803][ 39]LogModuleManager: Shutting down and abandoning module PolygonModeling (334)
[2018.11.14-10.05.17:803][ 39]LogModuleManager: Shutting down and abandoning module MeshEditor (332)
[2018.11.14-10.05.17:803][ 39]LogModuleManager: Shutting down and abandoning module CryptoKeysOpenSSL (330)
[2018.11.14-10.05.17:803][ 39]LogModuleManager: Shutting down and abandoning module CryptoKeys (328)
[2018.11.14-10.05.17:803][ 39]LogModuleManager: Shutting down and abandoning module VisualStudioSourceCodeAccess (326)
[2018.11.14-10.05.17:803][ 39]LogModuleManager: Shutting down and abandoning module VisualStudioCodeSourceCodeAccess (324)
[2018.11.14-10.05.17:803][ 39]LogModuleManager: Shutting down and abandoning module UObjectPlugin (322)
[2018.11.14-10.05.17:803][ 39]LogModuleManager: Shutting down and abandoning module SubversionSourceControl (320)
[2018.11.14-10.05.17:803][ 39]LogModuleManager: Shutting down and abandoning module PerforceSourceControl (318)
[2018.11.14-10.05.17:803][ 39]LogModuleManager: Shutting down and abandoning module GitSourceControl (316)
[2018.11.14-10.05.17:803][ 39]LogModuleManager: Shutting down and abandoning module SourceControl (315)
[2018.11.14-10.05.17:803][ 39]LogModuleManager: Shutting down and abandoning module CLionSourceCodeAccess (312)
[2018.11.14-10.05.17:803][ 39]LogModuleManager: Shutting down and abandoning module LightPropagationVolumeEditor (310)
[2018.11.14-10.05.17:803][ 39]LogModuleManager: Shutting down and abandoning module PaperTiledImporter (308)
[2018.11.14-10.05.17:803][ 39]LogModuleManager: Shutting down and abandoning module PaperSpriteSheetImporter (306)
[2018.11.14-10.05.17:803][ 39]LogModuleManager: Shutting down and abandoning module Paper2DEditor (304)
[2018.11.14-10.05.17:803][ 39]LogModuleManager: Shutting down and abandoning module MeshPaint (303)
[2018.11.14-10.05.17:803][ 39]LogModuleManager: Shutting down and abandoning module RuntimePhysXCooking (300)
[2018.11.14-10.05.17:803][ 39]LogModuleManager: Shutting down and abandoning module PhysXVehiclesEditor (298)
[2018.11.14-10.05.17:803][ 39]LogModuleManager: Shutting down and abandoning module PhysXVehicles (296)
[2018.11.14-10.05.17:804][ 39]LogModuleManager: Shutting down and abandoning module OculusEditor (294)
[2018.11.14-10.05.17:804][ 39]LogModuleManager: Shutting down and abandoning module LocationServicesBPLibrary (292)
[2018.11.14-10.05.17:804][ 39]LogModuleManager: Shutting down and abandoning module ImmediatePhysicsEditor (290)
[2018.11.14-10.05.17:804][ 39]LogModuleManager: Shutting down and abandoning module ImmediatePhysics (288)
[2018.11.14-10.05.17:804][ 39]LogModuleManager: Shutting down and abandoning module ActorSequence (286)
[2018.11.14-10.05.17:804][ 39]LogModuleManager: Shutting down and abandoning module UdpMessaging (284)
[2018.11.14-10.05.17:905][ 39]LogModuleManager: Shutting down and abandoning module TcpMessaging (282)
[2018.11.14-10.05.18:005][ 39]LogModuleManager: Shutting down and abandoning module DonAINavigation (280)
[2018.11.14-10.05.18:005][ 39]LogModuleManager: Shutting down and abandoning module MagicLeapAudio (278)
[2018.11.14-10.05.18:005][ 39]LogModuleManager: Shutting down and abandoning module GameplayTagsEditor (276)
[2018.11.14-10.05.18:005][ 39]LogModuleManager: Shutting down and abandoning module FacialAnimationEditor (274)
[2018.11.14-10.05.18:005][ 39]LogModuleManager: Shutting down and abandoning module FacialAnimation (272)
[2018.11.14-10.05.18:005][ 39]LogModuleManager: Shutting down and abandoning module DataValidation (270)
[2018.11.14-10.05.18:005][ 39]LogModuleManager: Shutting down and abandoning module AssetManagerEditor (268)
[2018.11.14-10.05.18:005][ 39]LogModuleManager: Shutting down and abandoning module LevelEditor (267)
[2018.11.14-10.05.18:006][ 39]LogModuleManager: Shutting down and abandoning module PixelInspectorModule (266)
[2018.11.14-10.05.18:006][ 39]LogModuleManager: Shutting down and abandoning module CommonMenuExtensions (264)
[2018.11.14-10.05.18:006][ 39]LogModuleManager: Shutting down and abandoning module MainFrame (262)
[2018.11.14-10.05.18:006][ 39]LogModuleManager: Shutting down and abandoning module HotReload (261)
[2018.11.14-10.05.18:007][ 39]LogModuleManager: Shutting down and abandoning module ContentBrowser (257)
[2018.11.14-10.05.18:009][ 39]LogModuleManager: Shutting down and abandoning module TreeMap (255)
[2018.11.14-10.05.18:009][ 39]LogModuleManager: Shutting down and abandoning module LightPropagationVolumeRuntime (252)
[2018.11.14-10.05.18:009][ 39]LogModuleManager: Shutting down and abandoning module AISupportModule (250)
[2018.11.14-10.05.18:009][ 39]LogModuleManager: Shutting down and abandoning module Paper2D (248)
[2018.11.14-10.05.18:009][ 39]LogModuleManager: Shutting down and abandoning module WindowsMoviePlayer (246)
[2018.11.14-10.05.18:009][ 39]LogModuleManager: Shutting down and abandoning module WmfMedia (244)
[2018.11.14-10.05.18:010][ 39]LogModuleManager: Shutting down and abandoning module Media (243)
[2018.11.14-10.05.18:016][ 39]LogModuleManager: Shutting down and abandoning module PacketHandler (240)
[2018.11.14-10.05.18:016][ 39]LogModuleManager: Shutting down and abandoning module ClothingSystemEditor (238)
[2018.11.14-10.05.18:016][ 39]LogModuleManager: Shutting down and abandoning module ClothingSystemRuntime (236)
[2018.11.14-10.05.18:016][ 39]LogModuleManager: Shutting down and abandoning module MediaAssets (234)
[2018.11.14-10.05.18:016][ 39]LogModuleManager: Shutting down and abandoning module Overlay (232)
[2018.11.14-10.05.18:016][ 39]LogModuleManager: Shutting down and abandoning module OverlayEditor (231)
[2018.11.14-10.05.18:016][ 39]LogModuleManager: Shutting down and abandoning module VREditor (228)
[2018.11.14-10.05.18:016][ 39]LogModuleManager: Shutting down and abandoning module StringTableEditor (226)
[2018.11.14-10.05.18:016][ 39]LogModuleManager: Shutting down and abandoning module GameplayTasksEditor (224)
[2018.11.14-10.05.18:016][ 39]LogModuleManager: Shutting down and abandoning module BehaviorTreeEditor (222)
[2018.11.14-10.05.18:016][ 39]LogModuleManager: Shutting down and abandoning module FunctionalTesting (220)
[2018.11.14-10.05.18:017][ 39]LogModuleManager: Shutting down and abandoning module CollisionAnalyzer (218)
[2018.11.14-10.05.18:017][ 39]LogModuleManager: Shutting down and abandoning module WorkspaceMenuStructure (217)
[2018.11.14-10.05.18:017][ 39]LogModuleManager: Shutting down and abandoning module UMG (214)
[2018.11.14-10.05.18:017][ 39]LogModuleManager: Shutting down and abandoning module UMGEditor (213)
[2018.11.14-10.05.18:017][ 39]LogModuleManager: Shutting down and abandoning module Sequencer (212)
[2018.11.14-10.05.18:017][ 39]LogModuleManager: Shutting down and abandoning module MessageLog (209)
[2018.11.14-10.05.18:017][ 39]LogModuleManager: Shutting down and abandoning module SlateReflector (204)
[2018.11.14-10.05.18:017][ 39]LogModuleManager: Shutting down and abandoning module Slate (202)
[2018.11.14-10.05.18:017][ 39]LogModuleManager: Shutting down and abandoning module EditorStyle (200)
[2018.11.14-10.05.18:019][ 39]LogModuleManager: Shutting down and abandoning module MRMesh (198)
[2018.11.14-10.05.18:019][ 39]LogModuleManager: Shutting down and abandoning module SourceCodeAccess (196)
[2018.11.14-10.05.18:019][ 39]LogModuleManager: Shutting down and abandoning module HeadMountedDisplay (194)
[2018.11.14-10.05.18:019][ 39]LogModuleManager: Shutting down and abandoning module XAudio2 (192)
[2018.11.14-10.05.18:019][ 39]LogModuleManager: Shutting down and abandoning module Networking (190)
[2018.11.14-10.05.18:019][ 39]LogModuleManager: Shutting down and abandoning module Core (188)
[2018.11.14-10.05.18:019][ 39]LogModuleManager: Shutting down and abandoning module LevelSequence (186)
[2018.11.14-10.05.18:019][ 39]LogModuleManager: Shutting down and abandoning module KismetCompiler (184)
[2018.11.14-10.05.18:019][ 39]LogModuleManager: Shutting down and abandoning module MeshUtilities (182)
[2018.11.14-10.05.18:020][ 39]LogModuleManager: Shutting down and abandoning module MeshMergeUtilities (181)
[2018.11.14-10.05.18:020][ 39]LogModuleManager: Shutting down and abandoning module MeshReductionInterface (180)
[2018.11.14-10.05.18:020][ 39]LogModuleManager: Shutting down and abandoning module SimplygonSwarm (179)
[2018.11.14-10.05.18:020][ 39]LogModuleManager: Shutting down and abandoning module ProxyLODMeshReduction (177)
[2018.11.14-10.05.18:020][ 39]LogModuleManager: Shutting down and abandoning module SimplygonMeshReduction (175)
[2018.11.14-10.05.18:020][ 39]LogModuleManager: Shutting down and abandoning module QuadricMeshReduction (173)
[2018.11.14-10.05.18:020][ 39]LogModuleManager: Shutting down and abandoning module MaterialBaking (169)
[2018.11.14-10.05.18:020][ 39]LogModuleManager: Shutting down and abandoning module DirectoryWatcher (165)
[2018.11.14-10.05.18:020][ 39]LogModuleManager: Shutting down and abandoning module DerivedDataCache (162)
[2018.11.14-10.05.18:041][ 39]LogDerivedDataCache: Shutdown
[2018.11.14-10.05.18:041][ 39]LogModuleManager: Shutting down and abandoning module XGEController (160)
[2018.11.14-10.05.18:041][ 39]LogModuleManager: Shutting down and abandoning module TargetPlatform (158)
[2018.11.14-10.05.18:041][ 39]LogModuleManager: Shutting down and abandoning module VulkanShaderFormat (157)
[2018.11.14-10.05.18:041][ 39]LogModuleManager: Shutting down and abandoning module ShaderFormatVectorVM (155)
[2018.11.14-10.05.18:041][ 39]LogModuleManager: Shutting down and abandoning module ShaderFormatOpenGL (153)
[2018.11.14-10.05.18:042][ 39]LogModuleManager: Shutting down and abandoning module ShaderFormatD3D (151)
[2018.11.14-10.05.18:042][ 39]LogModuleManager: Shutting down and abandoning module MetalShaderFormat (149)
[2018.11.14-10.05.18:042][ 39]LogModuleManager: Shutting down and abandoning module TextureFormatUncompressed (147)
[2018.11.14-10.05.18:042][ 39]LogModuleManager: Shutting down and abandoning module TextureFormatPVR (145)
[2018.11.14-10.05.18:042][ 39]LogModuleManager: Shutting down and abandoning module TextureFormatDXT (143)
[2018.11.14-10.05.18:042][ 39]LogModuleManager: Shutting down and abandoning module TextureFormatIntelISPCTexComp (141)
[2018.11.14-10.05.18:042][ 39]LogModuleManager: Shutting down and abandoning module TextureFormatASTC (139)
[2018.11.14-10.05.18:042][ 39]LogModuleManager: Shutting down and abandoning module ImageWrapper (138)
[2018.11.14-10.05.18:042][ 39]LogModuleManager: Shutting down and abandoning module TextureFormatAndroid (135)
[2018.11.14-10.05.18:042][ 39]LogModuleManager: Shutting down and abandoning module AudioFormatOpus (133)
[2018.11.14-10.05.18:042][ 39]LogModuleManager: Shutting down and abandoning module AudioFormatOgg (131)
[2018.11.14-10.05.18:042][ 39]LogModuleManager: Shutting down and abandoning module AudioFormatADPCM (129)
[2018.11.14-10.05.18:042][ 39]LogModuleManager: Shutting down and abandoning module LuminTargetPlatform (127)
[2018.11.14-10.05.18:042][ 39]LogModuleManager: Shutting down and abandoning module LinuxTargetPlatform (125)
[2018.11.14-10.05.18:042][ 39]LogModuleManager: Shutting down and abandoning module LinuxServerTargetPlatform (123)
[2018.11.14-10.05.18:042][ 39]LogModuleManager: Shutting down and abandoning module LinuxNoEditorTargetPlatform (121)
[2018.11.14-10.05.18:042][ 39]LogModuleManager: Shutting down and abandoning module LinuxClientTargetPlatform (119)
[2018.11.14-10.05.18:042][ 39]LogModuleManager: Shutting down and abandoning module TVOSTargetPlatform (117)
[2018.11.14-10.05.18:043][ 39]LogModuleManager: Shutting down and abandoning module Messaging (115)
[2018.11.14-10.05.18:043][ 39]LogModuleManager: Shutting down and abandoning module IOSTargetPlatform (113)
[2018.11.14-10.05.18:045][ 39]LogModuleManager: Shutting down and abandoning module HTML5TargetPlatform (111)
[2018.11.14-10.05.18:045][ 39]LogModuleManager: Shutting down and abandoning module AndroidTargetPlatform (109)
[2018.11.14-10.05.18:057][ 39]LogModuleManager: Shutting down and abandoning module WindowsTargetPlatform (107)
[2018.11.14-10.05.18:057][ 39]LogModuleManager: Shutting down and abandoning module WindowsServerTargetPlatform (105)
[2018.11.14-10.05.18:057][ 39]LogModuleManager: Shutting down and abandoning module WindowsNoEditorTargetPlatform (103)
[2018.11.14-10.05.18:057][ 39]LogModuleManager: Shutting down and abandoning module WindowsClientTargetPlatform (101)
[2018.11.14-10.05.18:057][ 39]LogModuleManager: Shutting down and abandoning module MacTargetPlatform (99)
[2018.11.14-10.05.18:057][ 39]LogModuleManager: Shutting down and abandoning module MacServerTargetPlatform (97)
[2018.11.14-10.05.18:057][ 39]LogModuleManager: Shutting down and abandoning module MacNoEditorTargetPlatform (95)
[2018.11.14-10.05.18:057][ 39]LogModuleManager: Shutting down and abandoning module MacClientTargetPlatform (93)
[2018.11.14-10.05.18:057][ 39]LogModuleManager: Shutting down and abandoning module AllDesktopTargetPlatform (91)
[2018.11.14-10.05.18:057][ 39]LogModuleManager: Shutting down and abandoning module InputCore (88)
[2018.11.14-10.05.18:057][ 39]LogModuleManager: Shutting down and abandoning module Settings (86)
[2018.11.14-10.05.18:057][ 39]LogModuleManager: Shutting down and abandoning module PhysXCooking (84)
[2018.11.14-10.05.18:057][ 39]LogModuleManager: Shutting down and abandoning module SteamVR (82)
[2018.11.14-10.05.18:057][ 39]LogModuleManager: Shutting down and abandoning module OculusHMD (80)
[2018.11.14-10.05.18:057][ 39]LogModuleManager: Shutting down and abandoning module ExampleDeviceProfileSelector (78)
[2018.11.14-10.05.18:057][ 39]LogModuleManager: Shutting down and abandoning module LauncherChunkInstaller (76)
[2018.11.14-10.05.18:057][ 39]LogModuleManager: Shutting down and abandoning module OnlineBlueprintSupport (74)
[2018.11.14-10.05.18:057][ 39]LogModuleManager: Shutting down and abandoning module OnlineSubsystem (70)
[2018.11.14-10.05.18:058][ 39]LogModuleManager: Shutting down and abandoning module XMPP (65)
[2018.11.14-10.05.18:058][ 39]LogModuleManager: Shutting down and abandoning module WebSockets (64)
[2018.11.14-10.05.18:074][ 39]LogModuleManager: Shutting down and abandoning module HTTP (61)
[2018.11.14-10.05.18:074][ 39]LogHttp: Display: Http module shutting down, but needs to wait on 1 outstanding Http requests:
[2018.11.14-10.05.18:074][ 39]LogHttp: Display: 	verb=[POST] url=[https://datarouter.ol.epicgames.com/datarouter/api/v1/public/data?SessionID=%7B0CA83B97-4B5D-79DF-3581-D69E2B721EB7%7D&AppID=UEEditor.Rocket.Release&AppVersion=4.20.3-4369336%2B%2B%2BUE4%2BRelease-4.20&UserID=78b04c4642704aa7c867e6bcf33bc2b1%7Ccbdf6a7222434569bdc52afaf73ebf00%7Cdc1ad8e8-82e7-421f-a93d-124fc2f5480a&AppEnvironment=datacollector-binary&UploadType=eteventstream] status=Processing
[2018.11.14-10.05.18:079][ 39]LogModuleManager: Shutting down and abandoning module SSL (60)
[2018.11.14-10.05.18:081][ 39]LogModuleManager: Shutting down and abandoning module MagicLeapEmulator (56)
[2018.11.14-10.05.18:081][ 39]LogModuleManager: Shutting down and abandoning module MagicLeapPrivileges (54)
[2018.11.14-10.05.18:081][ 39]LogModuleManager: Shutting down and abandoning module MagicLeapIdentity (52)
[2018.11.14-10.05.18:081][ 39]LogModuleManager: Shutting down and abandoning module MagicLeapHelperVulkan (50)
[2018.11.14-10.05.18:081][ 39]LogModuleManager: Shutting down and abandoning module MagicLeapHelperOpenGL (48)
[2018.11.14-10.05.18:081][ 39]LogModuleManager: Shutting down and abandoning module MagicLeapSecureStorage (46)
[2018.11.14-10.05.18:081][ 39]LogModuleManager: Shutting down and abandoning module MagicLeapGestures (44)
[2018.11.14-10.05.18:081][ 39]LogModuleManager: Shutting down and abandoning module MagicLeapEyeTracker (42)
[2018.11.14-10.05.18:081][ 39]LogModuleManager: Shutting down and abandoning module MagicLeapController (40)
[2018.11.14-10.05.18:081][ 39]LogSlate: Slate User Destroyed.  User Index 0, Is Virtual User: 0
[2018.11.14-10.05.18:081][ 39]LogModuleManager: Shutting down and abandoning module MagicLeap (38)
[2018.11.14-10.05.18:081][ 39]LogModuleManager: Shutting down and abandoning module AnimationModifiers (36)
[2018.11.14-10.05.18:081][ 39]LogModuleManager: Shutting down and abandoning module PropertyEditor (35)
[2018.11.14-10.05.18:081][ 39]LogModuleManager: Shutting down and abandoning module AudioEditor (32)
[2018.11.14-10.05.18:082][ 39]LogModuleManager: Shutting down and abandoning module TextureCompressor (30)
[2018.11.14-10.05.18:082][ 39]LogModuleManager: Shutting down and abandoning module ShaderCore (28)
[2018.11.14-10.05.18:082][ 39]LogModuleManager: Shutting down and abandoning module Landscape (26)
[2018.11.14-10.05.18:082][ 39]LogModuleManager: Shutting down and abandoning module SlateRHIRenderer (24)
[2018.11.14-10.05.18:082][ 39]LogModuleManager: Shutting down and abandoning module OpenGLDrv (22)
[2018.11.14-10.05.18:082][ 39]LogModuleManager: Shutting down and abandoning module D3D11RHI (20)
[2018.11.14-10.05.18:082][ 39]LogModuleManager: Shutting down and abandoning module AnimGraphRuntime (18)
[2018.11.14-10.05.18:082][ 39]LogModuleManager: Shutting down and abandoning module Renderer (16)
[2018.11.14-10.05.18:082][ 39]LogModuleManager: Shutting down and abandoning module Engine (14)
[2018.11.14-10.05.18:082][ 39]LogModuleManager: Shutting down and abandoning module CoreUObject (12)
[2018.11.14-10.05.18:082][ 39]LogModuleManager: Shutting down and abandoning module NetworkFile (10)
[2018.11.14-10.05.18:082][ 39]LogModuleManager: Shutting down and abandoning module CookedIterativeFile (8)
[2018.11.14-10.05.18:082][ 39]LogModuleManager: Shutting down and abandoning module StreamingFile (6)
[2018.11.14-10.05.18:082][ 39]LogModuleManager: Shutting down and abandoning module SandboxFile (4)
[2018.11.14-10.05.18:083][ 39]LogModuleManager: Shutting down and abandoning module PakFile (2)
[2018.11.14-10.05.18:116][ 39]LogExit: Exiting.
[2018.11.14-10.05.18:123][ 39]Log file closed, 11/14/18 18:05:18
