Log file open, 09/28/18 10:53:09
LogWindows: Failed to load 'aqProf.dll' (GetLastError=126)
LogWindows: File 'aqProf.dll' does not exist
LogWindows: Failed to load 'VSPerf140.dll' (GetLastError=126)
LogWindows: File 'VSPerf140.dll' does not exist
LogWindows: Failed to load 'VtuneApi.dll' (GetLastError=126)
LogWindows: File 'VtuneApi.dll' does not exist
LogWindows: Failed to load 'VtuneApi32e.dll' (GetLastError=126)
LogWindows: File 'VtuneApi32e.dll' does not exist
LogInit: Display: Running engine for game: FYP_Prototype
LogPlatformFile: Not using cached read wrapper
LogTaskGraph: Started task graph with 5 named threads and 23 total threads with 3 sets of task threads.
LogStats: Stats thread started at 0.274719
LogD3D11RHI: Loaded GFSDK_Aftermath_Lib.x64.dll
LogICUInternationalization: Display: ICU TimeZone Detection - Raw Offset: +8:00, Platform Override: ''
LogPluginManager: Mounting plugin Paper2D
LogPluginManager: Mounting plugin AISupport
LogPluginManager: Mounting plugin LightPropagationVolume
LogPluginManager: Mounting plugin CLionSourceCodeAccess
LogPluginManager: Mounting plugin CodeLiteSourceCodeAccess
LogPluginManager: Mounting plugin GitSourceControl
LogPluginManager: Mounting plugin KDevelopSourceCodeAccess
LogPluginManager: Mounting plugin NullSourceCodeAccess
LogPluginManager: Mounting plugin PerforceSourceControl
LogPluginManager: Mounting plugin SubversionSourceControl
LogPluginManager: Mounting plugin UObjectPlugin
LogPluginManager: Mounting plugin VisualStudioCodeSourceCodeAccess
LogPluginManager: Mounting plugin VisualStudioSourceCodeAccess
LogPluginManager: Mounting plugin XCodeSourceCodeAccess
LogPluginManager: Mounting plugin AssetManagerEditor
LogPluginManager: Mounting plugin CryptoKeys
LogPluginManager: Mounting plugin DataValidation
LogPluginManager: Mounting plugin FacialAnimation
LogPluginManager: Mounting plugin GameplayTagsEditor
LogPluginManager: Mounting plugin MacGraphicsSwitching
LogPluginManager: Mounting plugin MeshEditor
LogPluginManager: Mounting plugin MobileLauncherProfileWizard
LogPluginManager: Mounting plugin PluginBrowser
LogPluginManager: Mounting plugin SpeedTreeImporter
LogPluginManager: Mounting plugin DatasmithContent
LogPluginManager: Mounting plugin AlembicImporter
LogPluginManager: Mounting plugin AppleImageUtils
LogPluginManager: Mounting plugin AppleVision
LogPluginManager: Mounting plugin BackChannel
LogPluginManager: Mounting plugin CharacterAI
LogPluginManager: Mounting plugin GeometryCache
LogPluginManager: Mounting plugin HTML5Networking
LogPluginManager: Mounting plugin ProxyLODPlugin
LogPluginManager: Mounting plugin MagicLeap
LogPluginManager: Mounting plugin MagicLeapEmulator
LogPluginManager: Mounting plugin MagicLeapMedia
LogPluginManager: Mounting plugin AndroidMedia
LogPluginManager: Mounting plugin AvfMedia
LogPluginManager: Mounting plugin ImgMedia
LogPluginManager: Mounting plugin LinearTimecode
LogPluginManager: Mounting plugin MediaCompositing
LogPluginManager: Mounting plugin MediaPlayerEditor
LogPluginManager: Mounting plugin WmfMedia
LogPluginManager: Mounting plugin TcpMessaging
LogPluginManager: Mounting plugin UdpMessaging
LogPluginManager: Mounting plugin ActorSequence
LogPluginManager: Mounting plugin LevelSequenceEditor
LogPluginManager: Mounting plugin MatineeToLevelSequence
LogPluginManager: Mounting plugin NetcodeUnitTest
LogPluginManager: Mounting plugin NUTUnrealEngine4
LogPluginManager: Mounting plugin OnlineSubsystemGooglePlay
LogPluginManager: Mounting plugin OnlineSubsystemIOS
LogPluginManager: Mounting plugin OnlineSubsystem
LogPluginManager: Mounting plugin OnlineSubsystemNull
LogPluginManager: Mounting plugin OnlineSubsystemUtils
LogPluginManager: Mounting plugin LauncherChunkInstaller
LogPluginManager: Mounting plugin AndroidDeviceProfileSelector
LogPluginManager: Mounting plugin AndroidMoviePlayer
LogPluginManager: Mounting plugin AndroidPermission
LogPluginManager: Mounting plugin AppleMoviePlayer
LogPluginManager: Mounting plugin ArchVisCharacter
LogPluginManager: Mounting plugin AudioCapture
LogPluginManager: Mounting plugin CableComponent
LogPluginManager: Mounting plugin CustomMeshComponent
LogPluginManager: Mounting plugin EditableMesh
LogPluginManager: Mounting plugin ExampleDeviceProfileSelector
LogPluginManager: Mounting plugin GoogleCloudMessaging
LogPluginManager: Mounting plugin ImmediatePhysics
LogPluginManager: Mounting plugin IOSDeviceProfileSelector
LogPluginManager: Mounting plugin LinuxDeviceProfileSelector
LogPluginManager: Mounting plugin LocationServicesBPLibrary
LogPluginManager: Mounting plugin MobilePatchingUtils
LogPluginManager: Mounting plugin OculusVR
LogPluginManager: Plugin shader directory ../../../Engine/Plugins/Runtime/Oculus/OculusVR/Shaders found
LogPluginManager: Mapping shader source directory ../../../Engine/Plugins/Runtime/Oculus/OculusVR/Shaders to virtual directory /Plugin/OculusVR
LogPluginManager: Mounting plugin PhysXVehicles
LogPluginManager: Mounting plugin ProceduralMeshComponent
LogPluginManager: Mounting plugin RuntimePhysXCooking
LogPluginManager: Mounting plugin SteamVR
LogPluginManager: Mounting plugin WindowsMoviePlayer
LogStreaming: Display: Took  0.088s to configure plugins.
LogInit: Using libcurl 7.55.1-DEV
LogInit:  - built for x86_64-pc-win32
LogInit:  - supports SSL with OpenSSL/1.0.2h
LogInit:  - supports HTTP deflate (compression) using libz 1.2.8
LogInit:  - other features:
LogInit:      CURL_VERSION_SSL
LogInit:      CURL_VERSION_LIBZ
LogInit:      CURL_VERSION_IPV6
LogInit:      CURL_VERSION_ASYNCHDNS
LogInit:      CURL_VERSION_LARGEFILE
LogInit:      CURL_VERSION_IDN
LogInit:  CurlRequestOptions (configurable via config and command line):
LogInit:  - bVerifyPeer = false  - Libcurl will NOT verify peer certificate
LogInit:  - bUseHttpProxy = false  - Libcurl will NOT use HTTP proxy
LogInit:  - bDontReuseConnections = false  - Libcurl will reuse connections
LogInit:  - CertBundlePath = nullptr  - Libcurl will use whatever was configured at build time.
LogInit:  - MaxHostConnections = 16  - Libcurl will limit the number of connections to a host
LogInit:  - LocalHostAddr = Default
LogInit:  - BufferSize = 65536
LogInit: WinSock: version 1.1 (2.2), MaxSocks=32767, MaxUdp=65467
LogHMD: Failed initializing OVRPlugin 1.25.0
LogInit: Build: ++UE4+Release-4.20-CL-4302132
LogInit: Engine Version: 4.20.2-4302132+++UE4+Release-4.20
LogInit: Compatible Engine Version: 4.20.0-4212847+++UE4+Release-4.20
LogInit: Net CL: 4212847
LogInit: OS: Windows 10 (), CPU: Intel(R) Core(TM) i7-7700HQ CPU @ 2.80GHz, GPU: Intel(R) HD Graphics 630
LogInit: Compiled (64-bit): Aug 21 2018 02:06:06
LogInit: Compiled with Visual C++: 19.13.26129.00
LogInit: Build Configuration: Development
LogInit: Branch Name: ++UE4+Release-4.20
LogInit: Command Line:  
LogInit: Base Directory: C:/Program Files/Epic Games/UE_4.20/Engine/Binaries/Win64/
LogInit: Installed Engine Build: 1
LogDevObjectVersion: Number of dev versions registered: 20
LogDevObjectVersion:   Dev-Blueprints (B0D832E4-1F89-4F0D-ACCF-7EB736FD4AA2): 10
LogDevObjectVersion:   Dev-Build (E1C64328-A22C-4D53-A36C-8E866417BD8C): 0
LogDevObjectVersion:   Dev-Core (375EC13C-06E4-48FB-B500-84F0262A717E): 2
LogDevObjectVersion:   Dev-Editor (E4B068ED-F494-42E9-A231-DA0B2E46BB41): 24
LogDevObjectVersion:   Dev-Framework (CFFC743F-43B0-4480-9391-14DF171D2073): 34
LogDevObjectVersion:   Dev-Mobile (B02B49B5-BB20-44E9-A304-32B752E40360): 2
LogDevObjectVersion:   Dev-Networking (A4E4105C-59A1-49B5-A7C5-40C4547EDFEE): 0
LogDevObjectVersion:   Dev-Online (39C831C9-5AE6-47DC-9A44-9C173E1C8E7C): 0
LogDevObjectVersion:   Dev-Physics (78F01B33-EBEA-4F98-B9B4-84EACCB95AA2): 0
LogDevObjectVersion:   Dev-Platform (6631380F-2D4D-43E0-8009-CF276956A95A): 0
LogDevObjectVersion:   Dev-Rendering (12F88B9F-8875-4AFC-A67C-D90C383ABD29): 26
LogDevObjectVersion:   Dev-Sequencer (7B5AE74C-D270-4C10-A958-57980B212A5A): 9
LogDevObjectVersion:   Dev-VR (D7296918-1DD6-4BDD-9DE2-64A83CC13884): 2
LogDevObjectVersion:   Dev-LoadTimes (C2A15278-BFE7-4AFE-6C17-90FF531DF755): 1
LogDevObjectVersion:   Private-Geometry (6EACA3D4-40EC-4CC1-B786-8BED09428FC5): 3
LogDevObjectVersion:   Dev-AnimPhys (29E575DD-E0A3-4627-9D10-D276232CDCEA): 17
LogDevObjectVersion:   Dev-ReflectionCapture (6B266CEC-1EC7-4B8F-A30B-E4D90942FC07): 1
LogDevObjectVersion:   Dev-Automation (0DF73D61-A23F-47EA-B727-89E90C41499A): 1
LogDevObjectVersion:   FortniteMain (601D1886-AC64-4F84-AA16-D3DE0DEAC7D6): 12
LogDevObjectVersion:   Dev-Enterprise (9DFFBCD6-494F-0158-E221-12823C92A888): 1
LogStreaming: Display: Took  0.008s to delete old logs.
LogInit: Presizing for max 8388607 objects, including 0 objects not considered by GC, pre-allocating 0 bytes for permanent pool.
LogInit: Object subsystem initialized
[2018.09.28-02.53.10:592][  0]LogInit: Selected Device Profile: [Windows]
[2018.09.28-02.53.10:592][  0]LogInit: Applying CVar settings loaded from the selected device profile: [Windows]
[2018.09.28-02.53.10:615][  0]LogHAL: Display: Platform has ~ 16 GB [17068404736 / 17179869184 / 16], which maps to Larger [LargestMinGB=32, LargerMinGB=12, DefaultMinGB=8, SmallerMinGB=6, SmallestMinGB=0)
[2018.09.28-02.53.10:615][  0]LogInit: Setting Device Profile CVar: [[r.Vulkan.UseRealUBs:1]]
[2018.09.28-02.53.10:615][  0]LogInit: Going up to parent DeviceProfile []
[2018.09.28-02.53.10:615][  0]LogInit: Computer: LAPTOP-7KGPSIV0
[2018.09.28-02.53.10:615][  0]LogInit: User: SIDM
[2018.09.28-02.53.10:615][  0]LogInit: CPU Page size=4096, Cores=4
[2018.09.28-02.53.10:615][  0]LogInit: High frequency timer resolution =2.742188 MHz
[2018.09.28-02.53.10:616][  0]LogMemory: Memory total: Physical=15.9GB (16GB approx)
[2018.09.28-02.53.10:616][  0]LogMemory: Platform Memory Stats for Windows
[2018.09.28-02.53.10:616][  0]LogMemory: Process Physical Memory: 102.57 MB used, 102.57 MB peak
[2018.09.28-02.53.10:616][  0]LogMemory: Process Virtual Memory: 92.98 MB used, 92.98 MB peak
[2018.09.28-02.53.10:616][  0]LogMemory: Physical Memory: 4173.60 MB used,  12104.10 MB free, 16277.70 MB total
[2018.09.28-02.53.10:616][  0]LogMemory: Virtual Memory: 4653.50 MB used,  12104.10 MB free, 134217728.00 MB total
[2018.09.28-02.53.10:638][  0]LogInit: Using OS detected language (en-US).
[2018.09.28-02.53.10:638][  0]LogInit: Using OS detected locale (en-SG).
[2018.09.28-02.53.10:639][  0]LogTextLocalizationManager: No specific localization for 'en-US' exists, so the 'en' localization will be used.
[2018.09.28-02.53.10:964][  0]LogStreaming: Display: Took  0.326s to InitEngineTextLocalization.
[2018.09.28-02.53.10:991][  0]LogSlate: New Slate User Created.  User Index 0, Is Virtual User: 0
[2018.09.28-02.53.10:991][  0]LogSlate: Slate User Registered.  User Index 0, Is Virtual User: 0
[2018.09.28-02.53.11:169][  0]LogHMD: Failed to initialize OpenVR with code 110
[2018.09.28-02.53.11:169][  0]LogD3D11RHI: D3D11 adapters:
[2018.09.28-02.53.11:245][  0]LogD3D11RHI:    0. 'NVIDIA GeForce GTX 1060' (Feature Level 11_0)
[2018.09.28-02.53.11:245][  0]LogD3D11RHI:       6052/0/8138 MB DedicatedVideo/DedicatedSystem/SharedSystem, Outputs:1, VendorId:0x10de
[2018.09.28-02.53.11:257][  0]LogD3D11RHI:    1. 'Intel(R) HD Graphics 630' (Feature Level 11_0)
[2018.09.28-02.53.11:257][  0]LogD3D11RHI:       128/0/8138 MB DedicatedVideo/DedicatedSystem/SharedSystem, Outputs:0, VendorId:0x8086
[2018.09.28-02.53.11:259][  0]LogD3D11RHI:    2. 'Microsoft Basic Render Driver' (Feature Level 11_0)
[2018.09.28-02.53.11:259][  0]LogD3D11RHI:       0/0/8138 MB DedicatedVideo/DedicatedSystem/SharedSystem, Outputs:0, VendorId:0x1414
[2018.09.28-02.53.11:259][  0]LogD3D11RHI: Chosen D3D11 Adapter: 0
[2018.09.28-02.53.11:275][  0]LogD3D11RHI: Creating new Direct3DDevice
[2018.09.28-02.53.11:275][  0]LogD3D11RHI:     GPU DeviceId: 0x1c20 (for the marketing name, search the web for "GPU Device Id")
[2018.09.28-02.53.11:275][  0]LogWindows: EnumDisplayDevices:
[2018.09.28-02.53.11:275][  0]LogWindows:    0. 'Intel(R) HD Graphics 630' (P:1 D:1)
[2018.09.28-02.53.11:275][  0]LogWindows:    1. 'Intel(R) HD Graphics 630' (P:0 D:0)
[2018.09.28-02.53.11:276][  0]LogWindows:    2. 'Intel(R) HD Graphics 630' (P:0 D:0)
[2018.09.28-02.53.11:276][  0]LogWindows:    3. 'NVIDIA GeForce GTX 1060' (P:0 D:0)
[2018.09.28-02.53.11:276][  0]LogWindows: DebugString: PrimaryIsNotTheChoosenAdapter PrimaryIsNotTheChoosenAdapter PrimaryIsNotTheChoosenAdapter 
[2018.09.28-02.53.11:276][  0]LogD3D11RHI:     Adapter Name: NVIDIA GeForce GTX 1060
[2018.09.28-02.53.11:276][  0]LogD3D11RHI:   Driver Version: 398.82 (internal:24.21.13.9882, unified:398.82)
[2018.09.28-02.53.11:276][  0]LogD3D11RHI:      Driver Date: 7-30-2018
[2018.09.28-02.53.11:276][  0]LogRHI: Texture pool is 4236 MB (70% of 6052 MB)
[2018.09.28-02.53.11:315][  0]LogD3D11RHI: Async texture creation enabled
[2018.09.28-02.53.11:332][  0]LogD3D11RHI: GPU Timing Frequency: 1000.000000 (Debug: 2 2)
[2018.09.28-02.53.11:333][  0]LogShaderCompilers: Guid format shader working directory is -23 characters bigger than the processId version (../../../../../../Users/SIDM/Documents/GitHub/FYP/Main/FYP_Prototype/Intermediate/Shaders/WorkingDirectory/9120/).
[2018.09.28-02.53.11:333][  0]LogShaderCompilers: Cleaned the shader compiler working directory 'C:/Users/SIDM/AppData/Local/Temp/UnrealShaderWorkingDir/5B06EFD54288FEA64B6CE48E3E394FF8/'.
[2018.09.28-02.53.11:590][  0]LogTemp: Display: Loaded TP AllDesktopTargetPlatform
[2018.09.28-02.53.11:603][  0]LogTemp: Display: Loaded TP MacClientTargetPlatform
[2018.09.28-02.53.11:615][  0]LogTemp: Display: Loaded TP MacNoEditorTargetPlatform
[2018.09.28-02.53.11:627][  0]LogTemp: Display: Loaded TP MacServerTargetPlatform
[2018.09.28-02.53.11:639][  0]LogTemp: Display: Loaded TP MacTargetPlatform
[2018.09.28-02.53.11:651][  0]LogTemp: Display: Loaded TP WindowsClientTargetPlatform
[2018.09.28-02.53.11:665][  0]LogTemp: Display: Loaded TP WindowsNoEditorTargetPlatform
[2018.09.28-02.53.11:678][  0]LogTemp: Display: Loaded TP WindowsServerTargetPlatform
[2018.09.28-02.53.11:683][  0]LogTemp: Display: Loaded TP WindowsTargetPlatform
[2018.09.28-02.53.11:749][  0]LogTemp: Display: Loaded TP AndroidTargetPlatform
[2018.09.28-02.53.11:749][  0]LogTemp: Display: Loaded TP AndroidTargetPlatform
[2018.09.28-02.53.11:749][  0]LogTemp: Display: Loaded TP AndroidTargetPlatform
[2018.09.28-02.53.11:749][  0]LogTemp: Display: Loaded TP AndroidTargetPlatform
[2018.09.28-02.53.11:749][  0]LogTemp: Display: Loaded TP AndroidTargetPlatform
[2018.09.28-02.53.11:749][  0]LogTemp: Display: Loaded TP AndroidTargetPlatform
[2018.09.28-02.53.11:749][  0]LogTemp: Display: Loaded TP AndroidTargetPlatform
[2018.09.28-02.53.11:749][  0]LogTemp: Display: Loaded TP AndroidTargetPlatform
[2018.09.28-02.53.11:749][  0]LogTemp: Display: Loaded TP AndroidTargetPlatform
[2018.09.28-02.53.11:749][  0]LogTemp: Display: Loaded TP AndroidTargetPlatform
[2018.09.28-02.53.11:749][  0]LogTemp: Display: Loaded TP AndroidTargetPlatform
[2018.09.28-02.53.11:749][  0]LogTemp: Display: Loaded TP AndroidTargetPlatform
[2018.09.28-02.53.11:749][  0]LogTemp: Display: Loaded TP AndroidTargetPlatform
[2018.09.28-02.53.11:749][  0]LogTemp: Display: Loaded TP AndroidTargetPlatform
[2018.09.28-02.53.11:749][  0]LogTemp: Display: Loaded TP AndroidTargetPlatform
[2018.09.28-02.53.11:749][  0]LogTemp: Display: Loaded TP AndroidTargetPlatform
[2018.09.28-02.53.11:749][  0]LogTemp: Display: Loaded TP AndroidTargetPlatform
[2018.09.28-02.53.11:750][  0]LogTemp: Display: Loaded TP AndroidTargetPlatform
[2018.09.28-02.53.11:750][  0]LogTemp: Display: Loaded TP HTML5TargetPlatform
[2018.09.28-02.53.11:808][  0]LogTemp: Display: Loaded TP IOSTargetPlatform
[2018.09.28-02.53.11:808][  0]LogTemp: Display: Loaded TP IOSTargetPlatform
[2018.09.28-02.53.11:869][  0]LogTemp: Display: Loaded TP TVOSTargetPlatform
[2018.09.28-02.53.11:870][  0]LogTemp: Display: Loaded TP TVOSTargetPlatform
[2018.09.28-02.53.11:889][  0]LogTemp: Display: Loaded TP LinuxClientTargetPlatform
[2018.09.28-02.53.11:900][  0]LogTemp: Display: Loaded TP LinuxNoEditorTargetPlatform
[2018.09.28-02.53.11:911][  0]LogTemp: Display: Loaded TP LinuxServerTargetPlatform
[2018.09.28-02.53.11:922][  0]LogTemp: Display: Loaded TP LinuxTargetPlatform
[2018.09.28-02.53.11:929][  0]LogTemp: Display: Loaded TP LuminTargetPlatform
[2018.09.28-02.53.11:929][  0]LogTargetPlatformManager: Display: Building Assets For Windows
[2018.09.28-02.53.11:975][  0]LogXGEController: Cleaning working directory: C:/Users/SIDM/AppData/Local/Temp/UnrealXGEWorkingDir/
[2018.09.28-02.53.11:975][  0]LogXGEController: Cannot use XGE Controller as Incredibuild is not installed on this machine.
[2018.09.28-02.53.11:975][  0]LogShaderCompilers: Cannot use XGE Shader Compiler as Incredibuild is not installed on this machine.
[2018.09.28-02.53.11:975][  0]LogShaderCompilers: Display: Using Local Shader Compiler.
[2018.09.28-02.53.12:623][  0]LogDerivedDataCache: Display: Max Cache Size: 512 MB
[2018.09.28-02.53.12:682][  0]LogDerivedDataCache: Loaded boot cache 0.06s 86MB C:/Users/SIDM/AppData/Local/UnrealEngine/4.20/DerivedDataCache/Boot.ddc.
[2018.09.28-02.53.12:682][  0]LogDerivedDataCache: Display: Loaded Boot cache: C:/Users/SIDM/AppData/Local/UnrealEngine/4.20/DerivedDataCache/Boot.ddc
[2018.09.28-02.53.12:682][  0]LogDerivedDataCache: FDerivedDataBackendGraph:  Pak pak cache file ../../../../../../Users/SIDM/Documents/GitHub/FYP/Main/FYP_Prototype/DerivedDataCache/DDC.ddp not found, will not use a pak cache.
[2018.09.28-02.53.12:682][  0]LogDerivedDataCache: Unable to find inner node Pak for hierarchical cache Hierarchy.
[2018.09.28-02.53.12:682][  0]LogDerivedDataCache: FDerivedDataBackendGraph:  CompressedPak pak cache file ../../../../../../Users/SIDM/Documents/GitHub/FYP/Main/FYP_Prototype/DerivedDataCache/Compressed.ddp not found, will not use a pak cache.
[2018.09.28-02.53.12:682][  0]LogDerivedDataCache: Unable to find inner node CompressedPak for hierarchical cache Hierarchy.
[2018.09.28-02.53.12:694][  0]LogDerivedDataCache: Display: Pak cache opened for reading ../../../Engine/DerivedDataCache/Compressed.ddp.
[2018.09.28-02.53.12:707][  0]LogDerivedDataCache: Using Local data cache path C:/Users/SIDM/AppData/Local/UnrealEngine/Common/DerivedDataCache: Writable
[2018.09.28-02.53.12:707][  0]LogDerivedDataCache: Shared data cache path not found in *engine.ini, will not use an Shared cache.
[2018.09.28-02.53.12:707][  0]LogDerivedDataCache: Unable to find inner node Shared for hierarchical cache Hierarchy.
[2018.09.28-02.53.12:724][  0]LogMaterial: Verifying Global Shaders for PCD3D_SM5
[2018.09.28-02.53.12:725][  0]LogSlate: Using FreeType 2.6.0
[2018.09.28-02.53.12:725][  0]LogSlate: SlateFontServices - WITH_FREETYPE: 1, WITH_HARFBUZZ: 1
[2018.09.28-02.53.12:793][  0]LogAssetRegistry: FAssetRegistry took 0.0255 seconds to start up
[2018.09.28-02.53.13:087][  0]LogInit: Selected Device Profile: [Windows]
[2018.09.28-02.53.13:213][  0]LogSimplygon: Simplygon DLL not present - disabling.
[2018.09.28-02.53.13:216][  0]LogMeshReduction: Using SimplygonSwarm for distributed automatic mesh merging
[2018.09.28-02.53.13:216][  0]LogMeshReduction: Using ProxyLODMeshReduction for automatic mesh merging
[2018.09.28-02.53.13:216][  0]LogMeshReduction: Using QuadricMeshReduction for automatic static mesh reduction
[2018.09.28-02.53.13:216][  0]LogMeshReduction: No automatic skeletal mesh reduction module available
[2018.09.28-02.53.13:237][  0]LogNetVersion: FYP_Prototype 1.0.0, NetCL: 4212847, EngineNetVer: 5, GameNetVer: 0 (Checksum: 1129731653)
[2018.09.28-02.53.13:761][  0]LogPackageLocalizationCache: Processed 11 localized package path(s) for 2 prioritized culture(s) in 0.114301 seconds
[2018.09.28-02.53.13:768][  0]LogUObjectArray: 38425 objects as part of root set at end of initial load.
[2018.09.28-02.53.13:768][  0]LogUObjectAllocator: 6690864 out of 0 bytes used by permanent object pool.
[2018.09.28-02.53.13:768][  0]LogUObjectArray: CloseDisregardForGC: 0/0 objects in disregard for GC pool
[2018.09.28-02.53.14:554][  0]LogTcpMessaging: Initializing TcpMessaging bridge
[2018.09.28-02.53.14:566][  0]LogUdpMessaging: Initializing bridge on interface 0.0.0.0:0 to multicast group 230.0.0.1:6666.
[2018.09.28-02.53.14:708][  0]SourceControl: Source control is disabled
[2018.09.28-02.53.14:708][  0]SourceControl: Source control is disabled
[2018.09.28-02.53.14:709][  0]SourceControl: Source control is disabled
[2018.09.28-02.53.14:710][  0]SourceControl: Source control is disabled
[2018.09.28-02.53.14:865][  0]LogAndroidPermission: UAndroidPermissionCallbackProxy::GetInstance
[2018.09.28-02.53.14:913][  0]LogOcInput: OculusInput pre-init called
[2018.09.28-02.53.14:971][  0]LogEngine: Initializing Engine...
[2018.09.28-02.53.14:972][  0]LogHMD: Failed to initialize OpenVR with code 110
[2018.09.28-02.53.14:973][  0]LogStats: UGameplayTagsManager::ConstructGameplayTagTree: ImportINI prefixes -  0.000 s
[2018.09.28-02.53.14:973][  0]LogStats: UGameplayTagsManager::ConstructGameplayTagTree: Construct from data asset -  0.000 s
[2018.09.28-02.53.14:973][  0]LogStats: UGameplayTagsManager::ConstructGameplayTagTree: ImportINI -  0.000 s
[2018.09.28-02.53.14:973][  0]LogStats: UGameplayTagsManager::ConstructGameplayTagTree: GameplayTagTreeChangedEvent.Broadcast -  0.000 s
[2018.09.28-02.53.15:179][  0]LogInit: Initializing FReadOnlyCVARCache
[2018.09.28-02.53.15:190][  0]LogAIModule: Creating AISystem for world Untitled
[2018.09.28-02.53.15:199][  0]LogInit: XAudio2 using 'Speakers (Realtek High Definition Audio)' : 2 channels at 48 kHz using 32 bits per sample (channel mask 0x3)
[2018.09.28-02.53.15:237][  0]LogInit: FAudioDevice initialized.
[2018.09.28-02.53.15:237][  0]LogNetVersion: Set ProjectVersion to 1.0.0.0. Version Checksum will be recalculated on next use.
[2018.09.28-02.53.15:288][  0]LogDerivedDataCache: Saved boot cache 0.05s 86MB C:/Users/SIDM/AppData/Local/UnrealEngine/4.20/DerivedDataCache/Boot.ddc.
[2018.09.28-02.53.15:307][  0]LogInit: Texture streaming: Enabled
[2018.09.28-02.53.15:322][  0]LogEngineSessionManager: EngineSessionManager initialized
[2018.09.28-02.53.15:337][  0]LogInit: Transaction tracking system initialized
[2018.09.28-02.53.15:355][  0]BlueprintLog: New page: Editor Load
[2018.09.28-02.53.15:419][  0]LocalizationService: Localization service is disabled
[2018.09.28-02.53.15:536][  0]LogLinker: Warning: Can't find file '/Game/FirstPersonBP/FirstPersonOverview'
[2018.09.28-02.53.15:536][  0]LogLinker: Warning: Can't find file '/Game/FirstPersonBP/FirstPersonOverview'
[2018.09.28-02.53.15:536][  0]LogUObjectGlobals: Warning: Failed to find object 'Class /Game/FirstPersonBP/FirstPersonOverview.FirstPersonOverview_C'
[2018.09.28-02.53.15:908][  0]LogCook: Display: Max memory allowance for cook 16384mb min free memory 0mb
[2018.09.28-02.53.15:908][  0]LogCook: Display: Mobile HDR setting 1
[2018.09.28-02.53.15:908][  0]LogGameplayTags: Display: UGameplayTagsManager::DoneAddingNativeTags. DelegateIsBound: 0
[2018.09.28-02.53.15:908][  0]LogStats: UGameplayTagsManager::ConstructGameplayTagTree: ImportINI prefixes -  0.000 s
[2018.09.28-02.53.15:908][  0]LogStats: UGameplayTagsManager::ConstructGameplayTagTree: Construct from data asset -  0.000 s
[2018.09.28-02.53.15:908][  0]LogStats: UGameplayTagsManager::ConstructGameplayTagTree: ImportINI -  0.000 s
[2018.09.28-02.53.15:908][  0]LogStats: UGameplayTagsManager::ConstructGameplayTagTree: GameplayTagTreeChangedEvent.Broadcast -  0.000 s
[2018.09.28-02.53.16:011][  0]LogFileCache: Scanning file cache for directory 'C:/Users/SIDM/Documents/GitHub/FYP/Main/FYP_Prototype/Content/' took 0.02s
[2018.09.28-02.53.16:011][  0]SourceControl: Source control is disabled
[2018.09.28-02.53.16:011][  0]Cmd: MAP LOAD FILE="../../../../../../Users/SIDM/Documents/GitHub/FYP/Main/FYP_Prototype/Content/VirtualRealityBP/Maps/StartupMap.umap" TEMPLATE=0 SHOWPROGRESS=1 FEATURELEVEL=3
[2018.09.28-02.53.16:016][  0]LightingResults: New page: Lighting Build
[2018.09.28-02.53.16:019][  0]MapCheck: New page: Map Check
[2018.09.28-02.53.16:019][  0]LightingResults: New page: Lighting Build
[2018.09.28-02.53.16:299][  0]LogAIModule: Creating AISystem for world StartupMap
[2018.09.28-02.53.16:305][  0]LogEditorServer: Finished looking for orphan Actors (0.000 secs)
[2018.09.28-02.53.16:326][  0]Cmd: MAP CHECKDEP NOCLEARLOG
[2018.09.28-02.53.16:379][  0]MapCheck: Map check complete: 0 Error(s), 0 Warning(s), took 52.481ms to complete.
[2018.09.28-02.53.16:379][  0]LogFileHelpers: Loading map 'StartupMap' took 0.368
[2018.09.28-02.53.16:479][  0]LogSlate: Updating window title bar state: overlay mode, drag disabled, window buttons hidden, title bar hidden
[2018.09.28-02.53.16:486][  0]LogSlate: Updating window title bar state: overlay mode, drag disabled, window buttons hidden, title bar hidden
[2018.09.28-02.53.16:495][  0]LogSlate: Updating window title bar state: overlay mode, drag disabled, window buttons hidden, title bar hidden
[2018.09.28-02.53.16:502][  0]LogSlate: Updating window title bar state: overlay mode, drag disabled, window buttons hidden, title bar hidden
[2018.09.28-02.53.16:507][  0]LogCollectionManager: Loaded 0 collections in 0.001238 seconds
[2018.09.28-02.53.16:549][  0]LogFileCache: Scanning file cache for directory 'C:/Users/SIDM/Documents/GitHub/FYP/Main/FYP_Prototype/Saved/Collections/' took 0.01s
[2018.09.28-02.53.16:549][  0]LogFileCache: Scanning file cache for directory 'C:/Users/SIDM/Documents/GitHub/FYP/Main/FYP_Prototype/Content/Developers/SIDM/Collections/' took 0.01s
[2018.09.28-02.53.16:549][  0]LogFileCache: Scanning file cache for directory 'C:/Users/SIDM/Documents/GitHub/FYP/Main/FYP_Prototype/Content/Collections/' took 0.01s
[2018.09.28-02.53.16:549][  0]LogCollectionManager: Rebuilt the GUID cache for 0 collections in 0.000000 seconds
[2018.09.28-02.53.16:561][  0]LogContentBrowser: Native class hierarchy populated in 0.0113 seconds. Added 2572 classes and 603 folders.
[2018.09.28-02.53.16:568][  0]LogContentBrowser: Native class hierarchy updated for 'WidgetCarousel' in 0.0002 seconds. Added 0 classes and 0 folders.
[2018.09.28-02.53.16:600][  0]LogContentBrowser: Native class hierarchy updated for 'AddContentDialog' in 0.0002 seconds. Added 0 classes and 0 folders.
[2018.09.28-02.53.16:604][  0]LogContentBrowser: Native class hierarchy updated for 'SceneOutliner' in 0.0002 seconds. Added 1 classes and 2 folders.
[2018.09.28-02.53.16:685][  0]LogSlate: Took 0.000201 seconds to synchronously load lazily loaded font '../../../Engine/Content/Slate/Fonts/Roboto-Regular.ttf' (155K)
[2018.09.28-02.53.16:687][  0]LogSlate: Took 0.000306 seconds to synchronously load lazily loaded font '../../../Engine/Content/Slate/Fonts/Roboto-Bold.ttf' (160K)
[2018.09.28-02.53.16:694][  0]LogSlate: Took 0.000712 seconds to synchronously load lazily loaded font '../../../Engine/Content/Editor/Slate/Fonts/FontAwesome.ttf' (139K)
[2018.09.28-02.53.16:779][  0]LogRenderer: Reallocating scene render targets to support 920x484 Format 26 NumSamples 1 (Frame:1).
[2018.09.28-02.53.16:907][  0]LogContentBrowser: Native class hierarchy updated for 'HierarchicalLODOutliner' in 0.0003 seconds. Added 0 classes and 0 folders.
[2018.09.28-02.53.16:907][  0]LogLoad: (Engine Initialization) Total time: 8.28 seconds
[2018.09.28-02.53.16:907][  0]LogLoad: (Engine Initialization) Total Blueprint compile time: 0.00 seconds
[2018.09.28-02.53.16:926][  0]LogWindowsTextInputMethodSystem: Display: IME system now deactivated.
[2018.09.28-02.53.16:954][  0]LogContentStreaming: Texture pool size now 1000 MB
[2018.09.28-02.53.17:016][  0]LogSlate: Took 0.000147 seconds to synchronously load lazily loaded font '../../../Engine/Content/Slate/Fonts/Roboto-Light.ttf' (167K)
[2018.09.28-02.53.17:020][  1]LogFileCache: Retrieving MD5 hashes for directory 'C:/Users/SIDM/Documents/GitHub/FYP/Main/FYP_Prototype/Content/' took 0.08s
[2018.09.28-02.53.22:374][322]LogAssetRegistry: Asset discovery search completed in 9.6028 seconds
[2018.09.28-02.53.22:376][322]LogCollectionManager: Rebuilt the object cache for 0 collections in 0.000000 seconds (found 0 objects)
[2018.09.28-02.53.22:376][322]LogCollectionManager: Fixed up redirectors for 0 collections in 0.000054 seconds (updated 0 objects)
[2018.09.28-02.53.41:365][461]LogSlate: FSceneViewport::OnFocusLost() reason 0
[2018.09.28-02.53.44:707][661]LogSlate: Took 0.000246 seconds to synchronously load lazily loaded font '../../../Engine/Content/Slate/Fonts/Roboto-Light.ttf' (167K)
[2018.09.28-02.53.45:152][661]LogTexture: Display: Building textures: red-crosshair-png (AutoDXT, 2000X2000)
[2018.09.28-02.53.45:152][661]LogStaticMesh: Building static mesh GunAdjusted...
[2018.09.28-02.53.45:179][661]LogStaticMesh: Built static mesh [0.03s] /Game/VirtualRealityBP/Assets/GunAdjusted.GunAdjusted
[2018.09.28-02.53.45:284][661]LogMaterial: Display: Missing cached shader map for material StingrayPBS1, compiling. 
[2018.09.28-02.53.45:516][661]LogShaderCompilers: Display: Shaders left to compile 22
[2018.09.28-02.53.45:516][661]LogShaderCompilers: Display: Shaders left to compile 12
[2018.09.28-02.53.45:516][661]LogShaderCompilers: Display: Shaders left to compile 2
[2018.09.28-02.53.45:676][661]LogAIModule: Creating AISystem for world MotionControllerMap
[2018.09.28-02.53.45:700][661]LogAssetEditorManager: Opening Asset editor for World /Game/VirtualRealityBP/Maps/MotionControllerMap.MotionControllerMap
[2018.09.28-02.53.45:730][661]Cmd: MAP LOAD FILE="../../../../../../Users/SIDM/Documents/GitHub/FYP/Main/FYP_Prototype/Content/VirtualRealityBP/Maps/MotionControllerMap.umap" TEMPLATE=0 SHOWPROGRESS=1 FEATURELEVEL=3
[2018.09.28-02.53.45:730][661]LightingResults: New page: Lighting Build
[2018.09.28-02.53.45:730][661]LoadErrors: New page: Loading map: MotionControllerMap.umap
[2018.09.28-02.53.45:731][661]MapCheck: New page: Map Check
[2018.09.28-02.53.45:731][661]LightingResults: New page: Lighting Build
[2018.09.28-02.53.45:837][661]LogEditorServer: Finished looking for orphan Actors (0.000 secs)
[2018.09.28-02.53.45:890][661]Cmd: MAP CHECKDEP NOCLEARLOG
[2018.09.28-02.53.45:972][661]MapCheck: Map check complete: 0 Error(s), 0 Warning(s), took 81.402ms to complete.
[2018.09.28-02.53.45:974][661]LogFileHelpers: Loading map 'MotionControllerMap' took 0.244
[2018.09.28-02.53.49:983][898]LogAssetEditorManager: Opening Asset editor for Blueprint /Game/BP/Pipe_BP.Pipe_BP
[2018.09.28-02.53.50:432][898]LogContentBrowser: Native class hierarchy updated for 'BlueprintGraph' in 0.0005 seconds. Added 116 classes and 0 folders.
[2018.09.28-02.53.51:221][898]LogSlate: Took 0.000293 seconds to synchronously load lazily loaded font '../../../Engine/Content/Slate/Fonts/Roboto-BoldCondensed.ttf' (158K)
[2018.09.28-02.53.51:379][899]LogSlate: Took 0.000177 seconds to synchronously load lazily loaded font '../../../Engine/Content/Slate/Fonts/Roboto-Italic.ttf' (157K)
[2018.09.28-02.54.42:114][907]LogEditorViewport: Clicking on Actor (LMB): BP_Sky_Sphere_C (SkySphereBlueprint)
[2018.09.28-03.11.07:971][ 21]LogSlate: FSceneViewport::OnFocusLost() reason 2
[2018.09.28-03.12.06:094][864]LogSlate: FSceneViewport::OnFocusLost() reason 0
[2018.09.28-03.12.06:212][871]LogLinker: Warning: Can't find file '/Game/Player/PlayerShotWeapon_BP'
[2018.09.28-03.12.06:212][871]LogLinker: Warning: Can't find file for asset '/Game/Player/PlayerShotWeapon_BP' while loading ../../../../../../Users/SIDM/Documents/GitHub/FYP/Main/FYP_Prototype/Content/BP/Target_Blueprint.uasset.
[2018.09.28-03.12.06:212][871]LoadErrors: Error: /Game/BP/Target_Blueprint : Can't find file for asset. /Game/Player/PlayerShotWeapon_BP
[2018.09.28-03.12.06:212][871]LogLinker: Warning: Can't find file '/Game/ThirdPersonBP/Blueprints/ThirdPersonCharacter'
[2018.09.28-03.12.06:212][871]LogLinker: Warning: Can't find file for asset '/Game/ThirdPersonBP/Blueprints/ThirdPersonCharacter' while loading ../../../../../../Users/SIDM/Documents/GitHub/FYP/Main/FYP_Prototype/Content/BP/Target_Blueprint.uasset.
[2018.09.28-03.12.06:212][871]LoadErrors: Error: /Game/BP/Target_Blueprint : Can't find file for asset. /Game/ThirdPersonBP/Blueprints/ThirdPersonCharacter
[2018.09.28-03.12.06:213][871]LogLinker: Warning: Can't find file '/Game/Player/PlayerShotWeapon_BP'
[2018.09.28-03.12.06:214][871]LogLinker: Warning: Can't find file for asset '/Game/Player/PlayerShotWeapon_BP' while loading ../../../../../../Users/SIDM/Documents/GitHub/FYP/Main/FYP_Prototype/Content/BP/Target_Blueprint.uasset.
[2018.09.28-03.12.06:214][871]LogLinker: Warning: Can't find file '/Game/ThirdPersonBP/Blueprints/ThirdPersonCharacter'
[2018.09.28-03.12.06:214][871]LogLinker: Warning: Can't find file for asset '/Game/ThirdPersonBP/Blueprints/ThirdPersonCharacter' while loading ../../../../../../Users/SIDM/Documents/GitHub/FYP/Main/FYP_Prototype/Content/BP/Target_Blueprint.uasset.
[2018.09.28-03.12.06:215][871]LogLinker: Warning: Can't find file '/Game/Player/PlayerShotWeapon_BP'
[2018.09.28-03.12.06:215][871]LogLinker: Warning: Can't find file for asset '/Game/Player/PlayerShotWeapon_BP' while loading NULL.
[2018.09.28-03.12.06:215][871]LogLinker: Warning: Can't find file '/Game/ThirdPersonBP/Blueprints/ThirdPersonCharacter'
[2018.09.28-03.12.06:215][871]LogLinker: Warning: Can't find file for asset '/Game/ThirdPersonBP/Blueprints/ThirdPersonCharacter' while loading NULL.
[2018.09.28-03.12.06:216][871]LogLinker: Warning: Can't find file '/Game/Player/PlayerShotWeapon_BP'
[2018.09.28-03.12.06:216][871]LogLinker: Warning: Can't find file for asset '/Game/Player/PlayerShotWeapon_BP' while loading NULL.
[2018.09.28-03.12.06:216][871]LogLinker: Warning: Can't find file '/Game/ThirdPersonBP/Blueprints/ThirdPersonCharacter'
[2018.09.28-03.12.06:216][871]LogLinker: Warning: Can't find file for asset '/Game/ThirdPersonBP/Blueprints/ThirdPersonCharacter' while loading NULL.
[2018.09.28-03.12.06:216][871]LogLinker: Warning: Can't find file '/Game/Player/PlayerShotWeapon_BP'
[2018.09.28-03.12.06:216][871]LogLinker: Warning: Can't find file for asset '/Game/Player/PlayerShotWeapon_BP' while loading NULL.
[2018.09.28-03.12.06:216][871]LogLinker: Warning: Can't find file '/Game/ThirdPersonBP/Blueprints/ThirdPersonCharacter'
[2018.09.28-03.12.06:216][871]LogLinker: Warning: Can't find file for asset '/Game/ThirdPersonBP/Blueprints/ThirdPersonCharacter' while loading NULL.
[2018.09.28-03.12.06:218][871]LogLinker: Warning: Can't find file '/Game/ThirdPersonBP/Blueprints/ThirdPersonCharacter'
[2018.09.28-03.12.06:218][871]LoadErrors: Failed to load /Game/ThirdPersonBP/Blueprints/ThirdPersonCharacter.ThirdPersonCharacter_C Referenced by K2Node_DynamicCast_1
[2018.09.28-03.12.06:218][871]LogLinker: Warning: Can't find file for asset '/Game/ThirdPersonBP/Blueprints/ThirdPersonCharacter' while loading NULL.
[2018.09.28-03.12.06:218][871]LogLinker: Warning: Can't find file '/Game/ThirdPersonBP/Blueprints/ThirdPersonCharacter'
[2018.09.28-03.12.06:219][871]LogLinker: Warning: Can't find file for asset '/Game/ThirdPersonBP/Blueprints/ThirdPersonCharacter' while loading NULL.
[2018.09.28-03.12.06:219][871]LogLinker: Warning: Can't find file '/Game/ThirdPersonBP/Blueprints/ThirdPersonCharacter'
[2018.09.28-03.12.06:219][871]LoadErrors: Failed to load /Game/ThirdPersonBP/Blueprints/ThirdPersonCharacter.ThirdPersonCharacter_C Referenced by K2Node_DynamicCast_0
[2018.09.28-03.12.06:219][871]LogLinker: Warning: Can't find file for asset '/Game/ThirdPersonBP/Blueprints/ThirdPersonCharacter' while loading NULL.
[2018.09.28-03.12.06:219][871]LogLinker: Warning: Can't find file '/Game/ThirdPersonBP/Blueprints/ThirdPersonCharacter'
[2018.09.28-03.12.06:219][871]LogLinker: Warning: Can't find file for asset '/Game/ThirdPersonBP/Blueprints/ThirdPersonCharacter' while loading NULL.
[2018.09.28-03.12.06:219][871]LogLinker: Warning: Can't find file '/Game/Player/PlayerShotWeapon_BP'
[2018.09.28-03.12.06:220][871]LoadErrors: Failed to load /Game/Player/PlayerShotWeapon_BP.PlayerShotWeapon_BP_C Referenced by K2Node_DynamicCast_2
[2018.09.28-03.12.06:220][871]LogLinker: Warning: Can't find file for asset '/Game/Player/PlayerShotWeapon_BP' while loading NULL.
[2018.09.28-03.12.06:220][871]LogLinker: Warning: Can't find file '/Game/Player/PlayerShotWeapon_BP'
[2018.09.28-03.12.06:220][871]LogLinker: Warning: Can't find file for asset '/Game/Player/PlayerShotWeapon_BP' while loading NULL.
[2018.09.28-03.12.06:223][871]LogBlueprint: Error: [Compiler Target_Blueprint] Can't connect pins  Object  and  Other Actor : This cast has an invalid target type (was the class deleted without a redirect?).
[2018.09.28-03.12.06:223][871]LogBlueprint: Error: [Compiler Target_Blueprint] Can't connect pins  Other Actor  and  Object : This cast has an invalid target type (was the class deleted without a redirect?).
[2018.09.28-03.12.06:224][871]LogBlueprint: Error: [Compiler Target_Blueprint] Can't connect pins  Object  and  Other Actor : This cast has an invalid target type (was the class deleted without a redirect?).
[2018.09.28-03.12.06:224][871]LogBlueprint: Error: [Compiler Target_Blueprint] Can't connect pins  Object  and  Other Actor : This cast has an invalid target type (was the class deleted without a redirect?).
[2018.09.28-03.12.06:224][871]LogBlueprint: Error: [Compiler Target_Blueprint] Can't connect pins  Other Actor  and  Object : This cast has an invalid target type (was the class deleted without a redirect?).
[2018.09.28-03.12.06:224][871]LogBlueprint: Error: [Compiler Target_Blueprint] Can't connect pins  Other Actor  and  Object : This cast has an invalid target type (was the class deleted without a redirect?).
[2018.09.28-03.12.06:225][871]LogBlueprint: Warning: [Compiler Target_Blueprint] [1137.60] Compile of Target_Blueprint failed. 6 Fatal Issue(s) 0 Warning(s) [in 4 ms] (/Game/BP/Target_Blueprint.Target_Blueprint)
[2018.09.28-03.12.06:242][871]LogAssetEditorManager: Opening Asset editor for Blueprint /Game/BP/Target_Blueprint.Target_Blueprint
[2018.09.28-03.12.32:284][374]LogSlate: FSceneViewport::OnFocusLost() reason 0
[2018.09.28-03.12.52:221][410]LogEditorViewport: Clicking on Actor (LMB): Pipe_BP_C (Pipe_BP)
[2018.09.28-03.12.52:269][411]LogEditorViewport: Clicking on Component (LMB): StaticMeshComponent (Cube)
[2018.09.28-03.13.01:849][984]LogEditorViewport: Clicking on Actor (LMB): MotionControllerPawn_C (VRPawn)
[2018.09.28-03.13.07:835][332]LogSlate: FSceneViewport::OnFocusLost() reason 2
[2018.09.28-03.15.11:139][547]Cmd: OBJ SAVEPACKAGE PACKAGE="/Game/BP/Target_Blueprint" FILE="../../../../../../Users/SIDM/Documents/GitHub/FYP/Main/FYP_Prototype/Content/BP/Target_Blueprint.uasset" SILENT=true
[2018.09.28-03.15.11:183][547]LogSavePackage: Moving '../../../../../../Users/SIDM/Documents/GitHub/FYP/Main/FYP_Prototype/Saved/Target_BlueprintB49F1C2E41F208BAB867FBBF74B84987.tmp' to '../../../../../../Users/SIDM/Documents/GitHub/FYP/Main/FYP_Prototype/Content/BP/Target_Blueprint.uasset'
[2018.09.28-03.15.12:030][597]LogSlate: FSceneViewport::OnFocusLost() reason 0
[2018.09.28-03.15.12:161][605]BlueprintLog: New page: Compile Target_Blueprint
[2018.09.28-03.15.13:295][661]BlueprintLog: New page: Compile Target_Blueprint
[2018.09.28-03.15.13:478][662]BlueprintLog: New page: Compile Target_Blueprint
[2018.09.28-03.15.22:954][219]Cmd: OBJ SAVEPACKAGE PACKAGE="/Game/BP/Target_Blueprint" FILE="../../../../../../Users/SIDM/Documents/GitHub/FYP/Main/FYP_Prototype/Content/BP/Target_Blueprint.uasset" SILENT=true
[2018.09.28-03.15.22:993][219]LogSavePackage: Moving '../../../../../../Users/SIDM/Documents/GitHub/FYP/Main/FYP_Prototype/Saved/Target_Blueprint92D667C742DDE2B3B3F6919EABD6B8F4.tmp' to '../../../../../../Users/SIDM/Documents/GitHub/FYP/Main/FYP_Prototype/Content/BP/Target_Blueprint.uasset'
[2018.09.28-03.15.29:013][580]LogSlate: FSceneViewport::OnFocusLost() reason 0
