Log file open, 11/09/18 16:41:56
LogWindows: Failed to load 'aqProf.dll' (GetLastError=126)
LogWindows: File 'aqProf.dll' does not exist
LogWindows: Failed to load 'VSPerf140.dll' (GetLastError=126)
LogWindows: File 'VSPerf140.dll' does not exist
LogWindows: Failed to load 'VtuneApi.dll' (GetLastError=126)
LogWindows: File 'VtuneApi.dll' does not exist
LogWindows: Failed to load 'VtuneApi32e.dll' (GetLastError=126)
LogWindows: File 'VtuneApi32e.dll' does not exist
LogInit: Display: Running engine for game: FYP_Prototype
LogPlatformFile: Not using cached read wrapper
LogTaskGraph: Started task graph with 5 named threads and 83 total threads with 3 sets of task threads.
LogStats: Stats thread started at 0.973058
LogD3D11RHI: Loaded GFSDK_Aftermath_Lib.x64.dll
LogICUInternationalization: Display: ICU TimeZone Detection - Raw Offset: +8:00, Platform Override: ''
LogPluginManager: Mounting plugin Paper2D
LogPluginManager: Mounting plugin AISupport
LogPluginManager: Mounting plugin LightPropagationVolume
LogPluginManager: Mounting plugin CLionSourceCodeAccess
LogPluginManager: Mounting plugin CodeLiteSourceCodeAccess
LogPluginManager: Mounting plugin GitSourceControl
LogPluginManager: Mounting plugin KDevelopSourceCodeAccess
LogPluginManager: Mounting plugin NullSourceCodeAccess
LogPluginManager: Mounting plugin PerforceSourceControl
LogPluginManager: Mounting plugin SubversionSourceControl
LogPluginManager: Mounting plugin UObjectPlugin
LogPluginManager: Mounting plugin VisualStudioCodeSourceCodeAccess
LogPluginManager: Mounting plugin VisualStudioSourceCodeAccess
LogPluginManager: Mounting plugin XCodeSourceCodeAccess
LogPluginManager: Mounting plugin AssetManagerEditor
LogPluginManager: Mounting plugin CryptoKeys
LogPluginManager: Mounting plugin DataValidation
LogPluginManager: Mounting plugin FacialAnimation
LogPluginManager: Mounting plugin GameplayTagsEditor
LogPluginManager: Mounting plugin MacGraphicsSwitching
LogPluginManager: Mounting plugin MeshEditor
LogPluginManager: Mounting plugin MobileLauncherProfileWizard
LogPluginManager: Mounting plugin PluginBrowser
LogPluginManager: Mounting plugin SpeedTreeImporter
LogPluginManager: Mounting plugin DatasmithContent
LogPluginManager: Mounting plugin AlembicImporter
LogPluginManager: Mounting plugin AppleImageUtils
LogPluginManager: Mounting plugin AppleVision
LogPluginManager: Mounting plugin BackChannel
LogPluginManager: Mounting plugin CharacterAI
LogPluginManager: Mounting plugin GeometryCache
LogPluginManager: Mounting plugin HTML5Networking
LogPluginManager: Mounting plugin ProxyLODPlugin
LogPluginManager: Mounting plugin MagicLeap
LogPluginManager: Mounting plugin MagicLeapEmulator
LogPluginManager: Mounting plugin MagicLeapMedia
LogPluginManager: Mounting plugin DonAINavigation
LogPluginManager: Mounting plugin AndroidMedia
LogPluginManager: Mounting plugin AvfMedia
LogPluginManager: Mounting plugin ImgMedia
LogPluginManager: Mounting plugin LinearTimecode
LogPluginManager: Mounting plugin MediaCompositing
LogPluginManager: Mounting plugin MediaPlayerEditor
LogPluginManager: Mounting plugin WmfMedia
LogPluginManager: Mounting plugin TcpMessaging
LogPluginManager: Mounting plugin UdpMessaging
LogPluginManager: Mounting plugin ActorSequence
LogPluginManager: Mounting plugin LevelSequenceEditor
LogPluginManager: Mounting plugin MatineeToLevelSequence
LogPluginManager: Mounting plugin NetcodeUnitTest
LogPluginManager: Mounting plugin NUTUnrealEngine4
LogPluginManager: Mounting plugin OnlineSubsystemGooglePlay
LogPluginManager: Mounting plugin OnlineSubsystemIOS
LogPluginManager: Mounting plugin OnlineSubsystem
LogPluginManager: Mounting plugin OnlineSubsystemNull
LogPluginManager: Mounting plugin OnlineSubsystemUtils
LogPluginManager: Mounting plugin LauncherChunkInstaller
LogPluginManager: Mounting plugin AndroidDeviceProfileSelector
LogPluginManager: Mounting plugin AndroidMoviePlayer
LogPluginManager: Mounting plugin AndroidPermission
LogPluginManager: Mounting plugin AppleMoviePlayer
LogPluginManager: Mounting plugin ArchVisCharacter
LogPluginManager: Mounting plugin AudioCapture
LogPluginManager: Mounting plugin CableComponent
LogPluginManager: Mounting plugin CustomMeshComponent
LogPluginManager: Mounting plugin EditableMesh
LogPluginManager: Mounting plugin ExampleDeviceProfileSelector
LogPluginManager: Mounting plugin GoogleCloudMessaging
LogPluginManager: Mounting plugin ImmediatePhysics
LogPluginManager: Mounting plugin IOSDeviceProfileSelector
LogPluginManager: Mounting plugin LinuxDeviceProfileSelector
LogPluginManager: Mounting plugin LocationServicesBPLibrary
LogPluginManager: Mounting plugin MobilePatchingUtils
LogPluginManager: Mounting plugin OculusVR
LogPluginManager: Plugin shader directory ../../../Engine/Plugins/Runtime/Oculus/OculusVR/Shaders found
LogPluginManager: Mapping shader source directory ../../../Engine/Plugins/Runtime/Oculus/OculusVR/Shaders to virtual directory /Plugin/OculusVR
LogPluginManager: Mounting plugin PhysXVehicles
LogPluginManager: Mounting plugin ProceduralMeshComponent
LogPluginManager: Mounting plugin RuntimePhysXCooking
LogPluginManager: Mounting plugin SteamVR
LogPluginManager: Mounting plugin WindowsMoviePlayer
LogStreaming: Display: Took  0.098s to configure plugins.
LogInit: Using libcurl 7.55.1-DEV
LogInit:  - built for x86_64-pc-win32
LogInit:  - supports SSL with OpenSSL/1.0.2h
LogInit:  - supports HTTP deflate (compression) using libz 1.2.8
LogInit:  - other features:
LogInit:      CURL_VERSION_SSL
LogInit:      CURL_VERSION_LIBZ
LogInit:      CURL_VERSION_IPV6
LogInit:      CURL_VERSION_ASYNCHDNS
LogInit:      CURL_VERSION_LARGEFILE
LogInit:      CURL_VERSION_IDN
LogInit:  CurlRequestOptions (configurable via config and command line):
LogInit:  - bVerifyPeer = false  - Libcurl will NOT verify peer certificate
LogInit:  - bUseHttpProxy = false  - Libcurl will NOT use HTTP proxy
LogInit:  - bDontReuseConnections = false  - Libcurl will reuse connections
LogInit:  - CertBundlePath = nullptr  - Libcurl will use whatever was configured at build time.
LogInit:  - MaxHostConnections = 16  - Libcurl will limit the number of connections to a host
LogInit:  - LocalHostAddr = Default
LogInit:  - BufferSize = 65536
LogInit: WinSock: version 1.1 (2.2), MaxSocks=32767, MaxUdp=65467
LogInit: Build: ++UE4+Release-4.20-CL-4369336
LogInit: Engine Version: 4.20.3-4369336+++UE4+Release-4.20
LogInit: Compatible Engine Version: 4.20.0-4212847+++UE4+Release-4.20
LogInit: Net CL: 4212847
LogInit: OS: Windows 10 (), CPU: Intel(R) Xeon(R) CPU E5-2630 v4 @ 2.20GHz, GPU: NVIDIA GeForce GTX 1080
LogInit: Compiled (64-bit): Sep 17 2018 12:26:19
LogInit: Compiled with Visual C++: 19.13.26129.00
LogInit: Build Configuration: Development
LogInit: Branch Name: ++UE4+Release-4.20
LogInit: Command Line:  
LogInit: Base Directory: D:/Epic Games/UE_4.20/UE_4.20/Engine/Binaries/Win64/
LogInit: Installed Engine Build: 1
LogDevObjectVersion: Number of dev versions registered: 20
LogDevObjectVersion:   Dev-Blueprints (B0D832E4-1F89-4F0D-ACCF-7EB736FD4AA2): 10
LogDevObjectVersion:   Dev-Build (E1C64328-A22C-4D53-A36C-8E866417BD8C): 0
LogDevObjectVersion:   Dev-Core (375EC13C-06E4-48FB-B500-84F0262A717E): 2
LogDevObjectVersion:   Dev-Editor (E4B068ED-F494-42E9-A231-DA0B2E46BB41): 24
LogDevObjectVersion:   Dev-Framework (CFFC743F-43B0-4480-9391-14DF171D2073): 34
LogDevObjectVersion:   Dev-Mobile (B02B49B5-BB20-44E9-A304-32B752E40360): 2
LogDevObjectVersion:   Dev-Networking (A4E4105C-59A1-49B5-A7C5-40C4547EDFEE): 0
LogDevObjectVersion:   Dev-Online (39C831C9-5AE6-47DC-9A44-9C173E1C8E7C): 0
LogDevObjectVersion:   Dev-Physics (78F01B33-EBEA-4F98-B9B4-84EACCB95AA2): 0
LogDevObjectVersion:   Dev-Platform (6631380F-2D4D-43E0-8009-CF276956A95A): 0
LogDevObjectVersion:   Dev-Rendering (12F88B9F-8875-4AFC-A67C-D90C383ABD29): 26
LogDevObjectVersion:   Dev-Sequencer (7B5AE74C-D270-4C10-A958-57980B212A5A): 9
LogDevObjectVersion:   Dev-VR (D7296918-1DD6-4BDD-9DE2-64A83CC13884): 2
LogDevObjectVersion:   Dev-LoadTimes (C2A15278-BFE7-4AFE-6C17-90FF531DF755): 1
LogDevObjectVersion:   Private-Geometry (6EACA3D4-40EC-4CC1-B786-8BED09428FC5): 3
LogDevObjectVersion:   Dev-AnimPhys (29E575DD-E0A3-4627-9D10-D276232CDCEA): 17
LogDevObjectVersion:   Dev-ReflectionCapture (6B266CEC-1EC7-4B8F-A30B-E4D90942FC07): 1
LogDevObjectVersion:   Dev-Automation (0DF73D61-A23F-47EA-B727-89E90C41499A): 1
LogDevObjectVersion:   FortniteMain (601D1886-AC64-4F84-AA16-D3DE0DEAC7D6): 12
LogDevObjectVersion:   Dev-Enterprise (9DFFBCD6-494F-0158-E221-12823C92A888): 1
LogStreaming: Display: Took  0.002s to delete old logs.
LogInit: Presizing for max 8388607 objects, including 0 objects not considered by GC, pre-allocating 0 bytes for permanent pool.
LogInit: Object subsystem initialized
[2018.11.09-08.41.56:803][  0]LogInit: Selected Device Profile: [Windows]
[2018.11.09-08.41.56:803][  0]LogInit: Applying CVar settings loaded from the selected device profile: [Windows]
[2018.11.09-08.41.56:818][  0]LogHAL: Display: Platform has ~ 128 GB [137350422528 / 137438953472 / 128], which maps to Largest [LargestMinGB=32, LargerMinGB=12, DefaultMinGB=8, SmallerMinGB=6, SmallestMinGB=0)
[2018.11.09-08.41.56:818][  0]LogInit: Setting Device Profile CVar: [[r.Vulkan.UseRealUBs:1]]
[2018.11.09-08.41.56:818][  0]LogInit: Going up to parent DeviceProfile []
[2018.11.09-08.41.56:819][  0]LogInit: Computer: M625GB01
[2018.11.09-08.41.56:819][  0]LogInit: User: SIDM
[2018.11.09-08.41.56:819][  0]LogInit: CPU Page size=4096, Cores=20
[2018.11.09-08.41.56:819][  0]LogInit: High frequency timer resolution =2.143478 MHz
[2018.11.09-08.41.56:819][  0]LogMemory: Memory total: Physical=127.9GB (128GB approx)
[2018.11.09-08.41.56:819][  0]LogMemory: Platform Memory Stats for Windows
[2018.11.09-08.41.56:819][  0]LogMemory: Process Physical Memory: 110.36 MB used, 110.36 MB peak
[2018.11.09-08.41.56:819][  0]LogMemory: Process Virtual Memory: 100.59 MB used, 100.59 MB peak
[2018.11.09-08.41.56:819][  0]LogMemory: Physical Memory: 9504.55 MB used,  121483.02 MB free, 130987.57 MB total
[2018.11.09-08.41.56:819][  0]LogMemory: Virtual Memory: 4751.58 MB used,  121483.02 MB free, 134217728.00 MB total
[2018.11.09-08.41.56:841][  0]LogInit: Using OS detected language (en-US).
[2018.11.09-08.41.56:841][  0]LogInit: Using OS detected locale (en-SG).
[2018.11.09-08.41.56:842][  0]LogTextLocalizationManager: No specific localization for 'en-US' exists, so the 'en' localization will be used.
[2018.11.09-08.41.57:342][  0]LogStreaming: Display: Took  0.501s to InitEngineTextLocalization.
[2018.11.09-08.41.57:342][  0]LogInit: Setting process to per monitor DPI aware
[2018.11.09-08.41.57:386][  0]LogSlate: New Slate User Created.  User Index 0, Is Virtual User: 0
[2018.11.09-08.41.57:386][  0]LogSlate: Slate User Registered.  User Index 0, Is Virtual User: 0
[2018.11.09-08.41.57:636][  0]LogD3D11RHI: D3D11 adapters:
[2018.11.09-08.41.57:692][  0]LogD3D11RHI:    0. 'NVIDIA GeForce GTX 1080' (Feature Level 11_0)
[2018.11.09-08.41.57:692][  0]LogD3D11RHI:       8079/0/65493 MB DedicatedVideo/DedicatedSystem/SharedSystem, Outputs:1, VendorId:0x10de
[2018.11.09-08.41.57:694][  0]LogD3D11RHI:    1. 'Microsoft Basic Render Driver' (Feature Level 11_0)
[2018.11.09-08.41.57:694][  0]LogD3D11RHI:       0/0/65493 MB DedicatedVideo/DedicatedSystem/SharedSystem, Outputs:0, VendorId:0x1414
[2018.11.09-08.41.57:694][  0]LogD3D11RHI: Chosen D3D11 Adapter: 0
[2018.11.09-08.41.57:703][  0]LogD3D11RHI: Creating new Direct3DDevice
[2018.11.09-08.41.57:703][  0]LogD3D11RHI:     GPU DeviceId: 0x1b80 (for the marketing name, search the web for "GPU Device Id")
[2018.11.09-08.41.57:703][  0]LogWindows: EnumDisplayDevices:
[2018.11.09-08.41.57:703][  0]LogWindows:    0. 'NVIDIA GeForce GTX 1080' (P:1 D:1)
[2018.11.09-08.41.57:704][  0]LogWindows:    1. 'NVIDIA GeForce GTX 1080' (P:0 D:0)
[2018.11.09-08.41.57:704][  0]LogWindows:    2. 'NVIDIA GeForce GTX 1080' (P:0 D:0)
[2018.11.09-08.41.57:704][  0]LogWindows:    3. 'NVIDIA GeForce GTX 1080' (P:0 D:0)
[2018.11.09-08.41.57:704][  0]LogWindows: DebugString: FoundDriverCount:4 
[2018.11.09-08.41.57:704][  0]LogD3D11RHI:     Adapter Name: NVIDIA GeForce GTX 1080
[2018.11.09-08.41.57:704][  0]LogD3D11RHI:   Driver Version: 390.77 (internal:23.21.13.9077, unified:390.77)
[2018.11.09-08.41.57:704][  0]LogD3D11RHI:      Driver Date: 1-23-2018
[2018.11.09-08.41.57:704][  0]LogRHI: Texture pool is 5655 MB (70% of 8079 MB)
[2018.11.09-08.41.57:734][  0]LogD3D11RHI: Async texture creation enabled
[2018.11.09-08.41.57:753][  0]LogD3D11RHI: GPU Timing Frequency: 1000.000000 (Debug: 2 2)
[2018.11.09-08.41.57:796][  0]LogShaderCompilers: Guid format shader working directory is -5 characters bigger than the processId version (../../../../../../163935T/FYP/FYP/Main/FYP_Prototype/Intermediate/Shaders/WorkingDirectory/22860/).
[2018.11.09-08.41.57:796][  0]LogShaderCompilers: Cleaned the shader compiler working directory 'C:/Users/impixel/AppData/Local/Temp/UnrealShaderWorkingDir/00C0EA1549F58B5F83AE2AAF238B3E9B/'.
[2018.11.09-08.41.58:122][  0]LogTemp: Display: Loaded TP AllDesktopTargetPlatform
[2018.11.09-08.41.58:139][  0]LogTemp: Display: Loaded TP MacClientTargetPlatform
[2018.11.09-08.41.58:154][  0]LogTemp: Display: Loaded TP MacNoEditorTargetPlatform
[2018.11.09-08.41.58:170][  0]LogTemp: Display: Loaded TP MacServerTargetPlatform
[2018.11.09-08.41.58:186][  0]LogTemp: Display: Loaded TP MacTargetPlatform
[2018.11.09-08.41.58:203][  0]LogTemp: Display: Loaded TP WindowsClientTargetPlatform
[2018.11.09-08.41.58:218][  0]LogTemp: Display: Loaded TP WindowsNoEditorTargetPlatform
[2018.11.09-08.41.58:234][  0]LogTemp: Display: Loaded TP WindowsServerTargetPlatform
[2018.11.09-08.41.58:243][  0]LogTemp: Display: Loaded TP WindowsTargetPlatform
[2018.11.09-08.41.58:343][  0]LogTemp: Display: Loaded TP AndroidTargetPlatform
[2018.11.09-08.41.58:343][  0]LogTemp: Display: Loaded TP AndroidTargetPlatform
[2018.11.09-08.41.58:343][  0]LogTemp: Display: Loaded TP AndroidTargetPlatform
[2018.11.09-08.41.58:343][  0]LogTemp: Display: Loaded TP AndroidTargetPlatform
[2018.11.09-08.41.58:343][  0]LogTemp: Display: Loaded TP AndroidTargetPlatform
[2018.11.09-08.41.58:343][  0]LogTemp: Display: Loaded TP AndroidTargetPlatform
[2018.11.09-08.41.58:343][  0]LogTemp: Display: Loaded TP AndroidTargetPlatform
[2018.11.09-08.41.58:343][  0]LogTemp: Display: Loaded TP AndroidTargetPlatform
[2018.11.09-08.41.58:343][  0]LogTemp: Display: Loaded TP AndroidTargetPlatform
[2018.11.09-08.41.58:343][  0]LogTemp: Display: Loaded TP AndroidTargetPlatform
[2018.11.09-08.41.58:343][  0]LogTemp: Display: Loaded TP AndroidTargetPlatform
[2018.11.09-08.41.58:343][  0]LogTemp: Display: Loaded TP AndroidTargetPlatform
[2018.11.09-08.41.58:343][  0]LogTemp: Display: Loaded TP AndroidTargetPlatform
[2018.11.09-08.41.58:343][  0]LogTemp: Display: Loaded TP AndroidTargetPlatform
[2018.11.09-08.41.58:343][  0]LogTemp: Display: Loaded TP AndroidTargetPlatform
[2018.11.09-08.41.58:343][  0]LogTemp: Display: Loaded TP AndroidTargetPlatform
[2018.11.09-08.41.58:343][  0]LogTemp: Display: Loaded TP AndroidTargetPlatform
[2018.11.09-08.41.58:343][  0]LogTemp: Display: Loaded TP AndroidTargetPlatform
[2018.11.09-08.41.58:345][  0]LogTemp: Display: Loaded TP HTML5TargetPlatform
[2018.11.09-08.41.58:414][  0]LogTemp: Display: Loaded TP IOSTargetPlatform
[2018.11.09-08.41.58:414][  0]LogTemp: Display: Loaded TP IOSTargetPlatform
[2018.11.09-08.41.58:445][  0]LogTemp: Display: Loaded TP TVOSTargetPlatform
[2018.11.09-08.41.58:445][  0]LogTemp: Display: Loaded TP TVOSTargetPlatform
[2018.11.09-08.41.58:461][  0]LogTemp: Display: Loaded TP LinuxClientTargetPlatform
[2018.11.09-08.41.58:478][  0]LogTemp: Display: Loaded TP LinuxNoEditorTargetPlatform
[2018.11.09-08.41.58:494][  0]LogTemp: Display: Loaded TP LinuxServerTargetPlatform
[2018.11.09-08.41.58:511][  0]LogTemp: Display: Loaded TP LinuxTargetPlatform
[2018.11.09-08.41.58:523][  0]LogTemp: Display: Loaded TP LuminTargetPlatform
[2018.11.09-08.41.58:523][  0]LogTargetPlatformManager: Display: Building Assets For Windows
[2018.11.09-08.41.58:582][  0]LogXGEController: Cleaning working directory: C:/Users/impixel/AppData/Local/Temp/UnrealXGEWorkingDir/
[2018.11.09-08.41.58:582][  0]LogXGEController: Cannot use XGE Controller as Incredibuild is not installed on this machine.
[2018.11.09-08.41.58:582][  0]LogShaderCompilers: Cannot use XGE Shader Compiler as Incredibuild is not installed on this machine.
[2018.11.09-08.41.58:582][  0]LogShaderCompilers: Display: Using Local Shader Compiler.
[2018.11.09-08.41.59:462][  0]LogDerivedDataCache: Display: Max Cache Size: 512 MB
[2018.11.09-08.41.59:563][  0]LogDerivedDataCache: Loaded boot cache 0.10s 86MB C:/Users/impixel/AppData/Local/UnrealEngine/4.20/DerivedDataCache/Boot.ddc.
[2018.11.09-08.41.59:563][  0]LogDerivedDataCache: Display: Loaded Boot cache: C:/Users/impixel/AppData/Local/UnrealEngine/4.20/DerivedDataCache/Boot.ddc
[2018.11.09-08.41.59:563][  0]LogDerivedDataCache: FDerivedDataBackendGraph:  Pak pak cache file ../../../../../../163935T/FYP/FYP/Main/FYP_Prototype/DerivedDataCache/DDC.ddp not found, will not use a pak cache.
[2018.11.09-08.41.59:563][  0]LogDerivedDataCache: Unable to find inner node Pak for hierarchical cache Hierarchy.
[2018.11.09-08.41.59:563][  0]LogDerivedDataCache: FDerivedDataBackendGraph:  CompressedPak pak cache file ../../../../../../163935T/FYP/FYP/Main/FYP_Prototype/DerivedDataCache/Compressed.ddp not found, will not use a pak cache.
[2018.11.09-08.41.59:563][  0]LogDerivedDataCache: Unable to find inner node CompressedPak for hierarchical cache Hierarchy.
[2018.11.09-08.41.59:580][  0]LogDerivedDataCache: Display: Pak cache opened for reading ../../../Engine/DerivedDataCache/Compressed.ddp.
[2018.11.09-08.41.59:593][  0]LogDerivedDataCache: Using Local data cache path C:/Users/impixel/AppData/Local/UnrealEngine/Common/DerivedDataCache: Writable
[2018.11.09-08.41.59:593][  0]LogDerivedDataCache: Shared data cache path not found in *engine.ini, will not use an Shared cache.
[2018.11.09-08.41.59:593][  0]LogDerivedDataCache: Unable to find inner node Shared for hierarchical cache Hierarchy.
[2018.11.09-08.41.59:618][  0]LogMaterial: Verifying Global Shaders for PCD3D_SM5
[2018.11.09-08.41.59:620][  0]LogSlate: Using FreeType 2.6.0
[2018.11.09-08.41.59:621][  0]LogSlate: SlateFontServices - WITH_FREETYPE: 1, WITH_HARFBUZZ: 1
[2018.11.09-08.41.59:716][  0]LogAssetRegistry: FAssetRegistry took 0.0283 seconds to start up
[2018.11.09-08.42.00:193][  0]LogInit: Selected Device Profile: [Windows]
[2018.11.09-08.42.00:363][  0]LogSimplygon: Simplygon DLL not present - disabling.
[2018.11.09-08.42.00:368][  0]LogMeshReduction: Using SimplygonSwarm for distributed automatic mesh merging
[2018.11.09-08.42.00:368][  0]LogMeshReduction: Using ProxyLODMeshReduction for automatic mesh merging
[2018.11.09-08.42.00:368][  0]LogMeshReduction: Using QuadricMeshReduction for automatic static mesh reduction
[2018.11.09-08.42.00:368][  0]LogMeshReduction: No automatic skeletal mesh reduction module available
[2018.11.09-08.42.00:394][  0]LogNetVersion: FYP_Prototype 1.0.0, NetCL: 4212847, EngineNetVer: 5, GameNetVer: 0 (Checksum: 1129731653)
[2018.11.09-08.42.00:984][  0]LogPackageLocalizationCache: Processed 12 localized package path(s) for 2 prioritized culture(s) in 0.082832 seconds
[2018.11.09-08.42.00:990][  0]LogUObjectArray: 38425 objects as part of root set at end of initial load.
[2018.11.09-08.42.00:990][  0]LogUObjectAllocator: 6690872 out of 0 bytes used by permanent object pool.
[2018.11.09-08.42.00:990][  0]LogUObjectArray: CloseDisregardForGC: 0/0 objects in disregard for GC pool
[2018.11.09-08.42.02:107][  0]LogTcpMessaging: Initializing TcpMessaging bridge
[2018.11.09-08.42.02:120][  0]LogUdpMessaging: Initializing bridge on interface 0.0.0.0:0 to multicast group 230.0.0.1:6666.
[2018.11.09-08.42.02:281][  0]SourceControl: Source control is disabled
[2018.11.09-08.42.02:281][  0]SourceControl: Source control is disabled
[2018.11.09-08.42.02:283][  0]SourceControl: Source control is disabled
[2018.11.09-08.42.02:284][  0]SourceControl: Source control is disabled
[2018.11.09-08.42.02:456][  0]LogAndroidPermission: UAndroidPermissionCallbackProxy::GetInstance
[2018.11.09-08.42.02:540][  0]LogOcInput: OculusInput pre-init called
[2018.11.09-08.42.02:612][  0]LogEngine: Initializing Engine...
[2018.11.09-08.42.02:612][  0]LogHMD: Oculus plugin initialized. Version: 4.20.3-4369336+++UE4+Release-4.20, OVRPlugin: 1.25.0
[2018.11.09-08.42.02:614][  0]LogStats: UGameplayTagsManager::ConstructGameplayTagTree: ImportINI prefixes -  0.000 s
[2018.11.09-08.42.02:614][  0]LogStats: UGameplayTagsManager::ConstructGameplayTagTree: Construct from data asset -  0.000 s
[2018.11.09-08.42.02:614][  0]LogStats: UGameplayTagsManager::ConstructGameplayTagTree: ImportINI -  0.000 s
[2018.11.09-08.42.02:614][  0]LogStats: UGameplayTagsManager::ConstructGameplayTagTree: GameplayTagTreeChangedEvent.Broadcast -  0.000 s
[2018.11.09-08.42.02:902][  0]LogInit: Initializing FReadOnlyCVARCache
[2018.11.09-08.42.02:914][  0]LogAIModule: Creating AISystem for world Untitled
[2018.11.09-08.42.02:939][  0]LogInit: XAudio2 using 'Speakers (Realtek High Definition Audio)' : 2 channels at 48 kHz using 32 bits per sample (channel mask 0x3)
[2018.11.09-08.42.02:984][  0]LogInit: FAudioDevice initialized.
[2018.11.09-08.42.02:984][  0]LogNetVersion: Set ProjectVersion to 1.0.0.0. Version Checksum will be recalculated on next use.
[2018.11.09-08.42.03:054][  0]LogDerivedDataCache: Saved boot cache 0.07s 86MB C:/Users/impixel/AppData/Local/UnrealEngine/4.20/DerivedDataCache/Boot.ddc.
[2018.11.09-08.42.03:066][  0]LogInit: Texture streaming: Enabled
[2018.11.09-08.42.03:082][  0]LogEngineSessionManager: EngineSessionManager initialized
[2018.11.09-08.42.03:096][  0]LogInit: Transaction tracking system initialized
[2018.11.09-08.42.03:116][  0]BlueprintLog: New page: Editor Load
[2018.11.09-08.42.03:186][  0]LocalizationService: Localization service is disabled
[2018.11.09-08.42.03:465][  0]LogCook: Display: Max memory allowance for cook 16384mb min free memory 0mb
[2018.11.09-08.42.03:465][  0]LogCook: Display: Mobile HDR setting 1
[2018.11.09-08.42.03:465][  0]LogGameplayTags: Display: UGameplayTagsManager::DoneAddingNativeTags. DelegateIsBound: 0
[2018.11.09-08.42.03:465][  0]LogStats: UGameplayTagsManager::ConstructGameplayTagTree: ImportINI prefixes -  0.000 s
[2018.11.09-08.42.03:465][  0]LogStats: UGameplayTagsManager::ConstructGameplayTagTree: Construct from data asset -  0.000 s
[2018.11.09-08.42.03:465][  0]LogStats: UGameplayTagsManager::ConstructGameplayTagTree: ImportINI -  0.000 s
[2018.11.09-08.42.03:465][  0]LogStats: UGameplayTagsManager::ConstructGameplayTagTree: GameplayTagTreeChangedEvent.Broadcast -  0.000 s
[2018.11.09-08.42.03:594][  0]LogFileCache: Scanning file cache for directory 'D:/163935T/FYP/FYP/Main/FYP_Prototype/Content/' took 0.02s
[2018.11.09-08.42.03:594][  0]SourceControl: Source control is disabled
[2018.11.09-08.42.03:594][  0]Cmd: MAP LOAD FILE="../../../../../../163935T/FYP/FYP/Main/FYP_Prototype/Content/VirtualRealityBP/Maps/StartupMap.umap" TEMPLATE=0 SHOWPROGRESS=1 FEATURELEVEL=3
[2018.11.09-08.42.03:595][  0]LightingResults: New page: Lighting Build
[2018.11.09-08.42.03:597][  0]MapCheck: New page: Map Check
[2018.11.09-08.42.03:597][  0]LightingResults: New page: Lighting Build
[2018.11.09-08.42.03:780][  0]LogAIModule: Creating AISystem for world StartupMap
[2018.11.09-08.42.03:789][  0]LogEditorServer: Finished looking for orphan Actors (0.000 secs)
[2018.11.09-08.42.03:859][  0]Cmd: MAP CHECKDEP NOCLEARLOG
[2018.11.09-08.42.03:927][  0]MapCheck: Map check complete: 0 Error(s), 0 Warning(s), took 67.152ms to complete.
[2018.11.09-08.42.03:927][  0]LogFileHelpers: Loading map 'StartupMap' took 0.333
[2018.11.09-08.42.04:049][  0]LogSlate: Updating window title bar state: overlay mode, drag disabled, window buttons hidden, title bar hidden
[2018.11.09-08.42.04:059][  0]LogSlate: Updating window title bar state: overlay mode, drag disabled, window buttons hidden, title bar hidden
[2018.11.09-08.42.04:069][  0]LogSlate: Updating window title bar state: overlay mode, drag disabled, window buttons hidden, title bar hidden
[2018.11.09-08.42.04:079][  0]LogSlate: Updating window title bar state: overlay mode, drag disabled, window buttons hidden, title bar hidden
[2018.11.09-08.42.04:085][  0]LogCollectionManager: Loaded 0 collections in 0.001060 seconds
[2018.11.09-08.42.04:130][  0]LogFileCache: Scanning file cache for directory 'D:/163935T/FYP/FYP/Main/FYP_Prototype/Saved/Collections/' took 0.01s
[2018.11.09-08.42.04:130][  0]LogFileCache: Scanning file cache for directory 'D:/163935T/FYP/FYP/Main/FYP_Prototype/Content/Developers/SIDM/Collections/' took 0.01s
[2018.11.09-08.42.04:130][  0]LogFileCache: Scanning file cache for directory 'D:/163935T/FYP/FYP/Main/FYP_Prototype/Content/Collections/' took 0.01s
[2018.11.09-08.42.04:130][  0]LogCollectionManager: Rebuilt the GUID cache for 0 collections in 0.000000 seconds
[2018.11.09-08.42.04:143][  0]LogContentBrowser: Native class hierarchy populated in 0.0125 seconds. Added 2578 classes and 609 folders.
[2018.11.09-08.42.04:148][  0]LogContentBrowser: Native class hierarchy updated for 'WidgetCarousel' in 0.0004 seconds. Added 0 classes and 0 folders.
[2018.11.09-08.42.04:202][  0]LogContentBrowser: Native class hierarchy updated for 'AddContentDialog' in 0.0003 seconds. Added 0 classes and 0 folders.
[2018.11.09-08.42.04:208][  0]LogContentBrowser: Native class hierarchy updated for 'SceneOutliner' in 0.0003 seconds. Added 1 classes and 2 folders.
[2018.11.09-08.42.04:286][  0]LogSlate: Took 0.000307 seconds to synchronously load lazily loaded font '../../../Engine/Content/Slate/Fonts/Roboto-Regular.ttf' (155K)
[2018.11.09-08.42.04:289][  0]LogSlate: Took 0.000240 seconds to synchronously load lazily loaded font '../../../Engine/Content/Slate/Fonts/Roboto-Bold.ttf' (160K)
[2018.11.09-08.42.04:297][  0]LogSlate: Took 0.000324 seconds to synchronously load lazily loaded font '../../../Engine/Content/Editor/Slate/Fonts/FontAwesome.ttf' (139K)
[2018.11.09-08.42.04:391][  0]LogRenderer: Reallocating scene render targets to support 964x660 Format 10 NumSamples 1 (Frame:1).
[2018.11.09-08.42.04:524][  0]LogContentBrowser: Native class hierarchy updated for 'HierarchicalLODOutliner' in 0.0003 seconds. Added 0 classes and 0 folders.
[2018.11.09-08.42.04:524][  0]LogLoad: (Engine Initialization) Total time: 10.71 seconds
[2018.11.09-08.42.04:524][  0]LogLoad: (Engine Initialization) Total Blueprint compile time: 0.00 seconds
[2018.11.09-08.42.04:541][  0]LogWindowsTextInputMethodSystem: Display: IME system now activated using TSF (Microsoft IME).
[2018.11.09-08.42.04:546][  0]LogOcInput: OculusInput is initialized
[2018.11.09-08.42.04:584][  0]LogContentStreaming: Texture pool size now 800 MB
[2018.11.09-08.42.04:606][  0]LogSlate: Took 0.000245 seconds to synchronously load lazily loaded font '../../../Engine/Content/Slate/Fonts/Roboto-Light.ttf' (167K)
[2018.11.09-08.42.04:676][  2]LogAssetRegistry: Asset discovery search completed in 4.9821 seconds
[2018.11.09-08.42.04:678][  2]LogCollectionManager: Rebuilt the object cache for 0 collections in 0.000000 seconds (found 0 objects)
[2018.11.09-08.42.04:678][  2]LogCollectionManager: Fixed up redirectors for 0 collections in 0.000119 seconds (updated 0 objects)
[2018.11.09-08.42.09:626][579]LogFileCache: Retrieving MD5 hashes for directory 'D:/163935T/FYP/FYP/Main/FYP_Prototype/Content/' took 5.07s
[2018.11.09-08.42.13:641][ 59]LogSlate: FSceneViewport::OnFocusLost() reason 0
[2018.11.09-08.42.13:814][ 79]LogSlate: Took 0.000362 seconds to synchronously load lazily loaded font '../../../Engine/Content/Slate/Fonts/Roboto-Light.ttf' (167K)
[2018.11.09-08.42.15:829][ 79]LogAIModule: Creating AISystem for world MotionControllerMap
[2018.11.09-08.42.15:939][ 79]LogAssetEditorManager: Opening Asset editor for World /Game/VirtualRealityBP/Maps/MotionControllerMap.MotionControllerMap
[2018.11.09-08.42.15:999][ 79]Cmd: MAP LOAD FILE="../../../../../../163935T/FYP/FYP/Main/FYP_Prototype/Content/VirtualRealityBP/Maps/MotionControllerMap.umap" TEMPLATE=0 SHOWPROGRESS=1 FEATURELEVEL=3
[2018.11.09-08.42.15:999][ 79]LightingResults: New page: Lighting Build
[2018.11.09-08.42.16:000][ 79]LoadErrors: New page: Loading map: MotionControllerMap.umap
[2018.11.09-08.42.16:001][ 79]MapCheck: New page: Map Check
[2018.11.09-08.42.16:001][ 79]LightingResults: New page: Lighting Build
[2018.11.09-08.42.16:287][ 79]LogEditorServer: Finished looking for orphan Actors (0.000 secs)
[2018.11.09-08.42.16:377][ 79]Cmd: MAP CHECKDEP NOCLEARLOG
[2018.11.09-08.42.16:511][ 79]MapCheck: Map check complete: 0 Error(s), 0 Warning(s), took 133.678ms to complete.
[2018.11.09-08.42.16:511][ 79]LogFileHelpers: Loading map 'MotionControllerMap' took 0.513
[2018.11.09-08.42.20:251][507]LogSlate: FSceneViewport::OnFocusLost() reason 2
[2018.11.09-08.42.21:686][677]LogBlueprintUserMessages: Early PlayInEditor Detection: Level '/Game/VirtualRealityBP/Maps/MotionControllerMap.MotionControllerMap:PersistentLevel' has LevelScriptBlueprint '/Game/VirtualRealityBP/Maps/MotionControllerMap.MotionControllerMap:PersistentLevel.MotionControllerMap' with GeneratedClass '/Game/VirtualRealityBP/Maps/MotionControllerMap.MotionControllerMap_C' with ClassGeneratedBy '/Game/VirtualRealityBP/Maps/MotionControllerMap.MotionControllerMap:PersistentLevel.MotionControllerMap'
[2018.11.09-08.42.21:687][677]LogPlayLevel: PlayLevel: No blueprints needed recompiling
[2018.11.09-08.42.21:687][677]LogHMD: Initializing OVRPlugin session
[2018.11.09-08.42.21:794][677]PIE: New page: PIE session: MotionControllerMap (10 Nov 2018 12:42:21 am)
[2018.11.09-08.42.21:794][677]LogPlayLevel: Creating play world package: /Game/VirtualRealityBP/Maps/UEDPIE_0_MotionControllerMap
[2018.11.09-08.42.21:847][677]LogPlayLevel: PIE: StaticDuplicateObject took: (0.053539s)
[2018.11.09-08.42.21:848][677]LogAIModule: Creating AISystem for world MotionControllerMap
[2018.11.09-08.42.21:848][677]LogPlayLevel: PIE: World Init took: (0.001023s)
[2018.11.09-08.42.21:849][677]LogPlayLevel: PIE: Created PIE world by copying editor world from /Game/VirtualRealityBP/Maps/MotionControllerMap.MotionControllerMap to /Game/VirtualRealityBP/Maps/UEDPIE_0_MotionControllerMap.MotionControllerMap (0.054938s)
[2018.11.09-08.42.21:915][677]LogInit: XAudio2 using 'Headphones (Rift Audio)' : 2 channels at 48 kHz using 16 bits per sample (channel mask 0x3)
[2018.11.09-08.42.21:929][677]LogInit: FAudioDevice initialized.
[2018.11.09-08.42.21:937][677]LogSlate: FSceneViewport::OnFocusLost() reason 2
[2018.11.09-08.42.21:939][677]LogSlate: Updating window title bar state: overlay mode, drag disabled, window buttons hidden, title bar hidden
[2018.11.09-08.42.22:028][677]LogHMD: Allocating Oculus 2720 x 1600 rendertarget swapchain
[2018.11.09-08.42.22:065][677]LogUObjectGlobals: Warning: Failed to find object 'Class None.'
[2018.11.09-08.42.22:065][677]LogLoad: Game class is 'GameModeBase'
[2018.11.09-08.42.22:078][677]LogWorld: Bringing World /Game/VirtualRealityBP/Maps/UEDPIE_0_MotionControllerMap.MotionControllerMap up for play (max tick rate 0) at 2018.11.09-16.42.22
[2018.11.09-08.42.22:079][677]LogWorld: Bringing up level for play took: 0.012791
[2018.11.09-08.42.22:095][677]LogContentBrowser: Native class hierarchy updated for 'MovieSceneCapture' in 0.0005 seconds. Added 10 classes and 0 folders.
[2018.11.09-08.42.23:904][677]DoNNavigationLog: Time spent generating 15625000 NAV volumes: 1.809000 seconds
[2018.11.09-08.42.23:922][677]DoNNavigationLog: FDonNavigationWorker thread started
[2018.11.09-08.42.23:922][677]PIE: Play in editor start time for /Game/VirtualRealityBP/Maps/UEDPIE_0_MotionControllerMap 2.095
[2018.11.09-08.42.23:922][677]LogBlueprintUserMessages: Late PlayInEditor Detection: Level '/Game/VirtualRealityBP/Maps/MotionControllerMap.MotionControllerMap:PersistentLevel' has LevelScriptBlueprint '/Game/VirtualRealityBP/Maps/MotionControllerMap.MotionControllerMap:PersistentLevel.MotionControllerMap' with GeneratedClass '/Game/VirtualRealityBP/Maps/MotionControllerMap.MotionControllerMap_C' with ClassGeneratedBy '/Game/VirtualRealityBP/Maps/MotionControllerMap.MotionControllerMap:PersistentLevel.MotionControllerMap'
[2018.11.09-08.42.23:923][677]LogEngine: Changing dynamic resolution state.
[2018.11.09-08.42.23:930][677]LogRenderer: Releasing previous depth to switch default clear from depth: 0.000000 stencil: 0 to depth: 0.000000 stencil: 0
[2018.11.09-08.42.23:932][677]LogRenderer: Releasing previous depth to switch default clear from depth: 0.000000 stencil: 0 to depth: 0.000000 stencil: 0
[2018.11.09-08.42.23:934][677]LogRenderer: Releasing previous depth to switch default clear from depth: 0.000000 stencil: 0 to depth: 0.000000 stencil: 0
[2018.11.09-08.42.23:936][677]LogRenderer: Releasing previous depth to switch default clear from depth: 0.000000 stencil: 0 to depth: 0.000000 stencil: 0
[2018.11.09-08.42.23:937][677]LogRenderer: Releasing previous depth to switch default clear from depth: 0.000000 stencil: 0 to depth: 0.000000 stencil: 0
[2018.11.09-08.42.23:940][677]LogRenderer: Releasing previous depth to switch default clear from depth: 0.000000 stencil: 0 to depth: 0.000000 stencil: 0
[2018.11.09-08.42.23:949][677]LogRenderer: Reallocating scene render targets to support 2720x1600 Format 10 NumSamples 1 (Frame:1).
[2018.11.09-08.42.23:949][677]LogHMD: Allocating Oculus 2720 x 1600 depth rendertarget swapchain
[2018.11.09-08.42.58:156][ 14]PIE: Warning: Projectile_C_2.Sphere has to have 'Simulate Physics' enabled if you'd like to AddImpulseAtLocation. 
[2018.11.09-08.42.58:156][ 14]PIE: Warning: Projectile_C_2.Sphere has to have 'Simulate Physics' enabled if you'd like to AddImpulseAtLocation. 
[2018.11.09-08.42.58:168][ 15]PIE: Warning: Projectile_C_2.Sphere has to have 'Simulate Physics' enabled if you'd like to AddImpulseAtLocation. 
[2018.11.09-08.42.58:179][ 16]PIE: Warning: Projectile_C_2.Sphere has to have 'Simulate Physics' enabled if you'd like to AddImpulseAtLocation. 
[2018.11.09-08.42.58:190][ 17]PIE: Warning: Projectile_C_2.Sphere has to have 'Simulate Physics' enabled if you'd like to AddImpulseAtLocation. 
[2018.11.09-08.42.58:201][ 18]PIE: Warning: Projectile_C_2.Sphere has to have 'Simulate Physics' enabled if you'd like to AddImpulseAtLocation. 
[2018.11.09-08.42.58:334][ 30]PIE: Warning: Projectile_C_3.Sphere has to have 'Simulate Physics' enabled if you'd like to AddImpulseAtLocation. 
[2018.11.09-08.42.58:345][ 31]PIE: Warning: Projectile_C_3.Sphere has to have 'Simulate Physics' enabled if you'd like to AddImpulseAtLocation. 
[2018.11.09-08.42.58:423][ 38]PIE: Warning: Projectile_C_2.Sphere has to have 'Simulate Physics' enabled if you'd like to AddImpulseAtLocation. 
[2018.11.09-08.42.58:434][ 39]PIE: Warning: Projectile_C_2.Sphere has to have 'Simulate Physics' enabled if you'd like to AddImpulseAtLocation. 
[2018.11.09-08.42.58:445][ 40]PIE: Warning: Projectile_C_2.Sphere has to have 'Simulate Physics' enabled if you'd like to AddImpulseAtLocation. 
[2018.11.09-08.42.58:577][ 52]PIE: Warning: Projectile_C_3.Sphere has to have 'Simulate Physics' enabled if you'd like to AddImpulseAtLocation. 
[2018.11.09-08.42.58:589][ 53]PIE: Warning: Projectile_C_3.Sphere has to have 'Simulate Physics' enabled if you'd like to AddImpulseAtLocation. 
[2018.11.09-08.42.58:601][ 54]PIE: Warning: Projectile_C_3.Sphere has to have 'Simulate Physics' enabled if you'd like to AddImpulseAtLocation. 
[2018.11.09-08.42.59:144][103]PIE: Warning: Projectile_C_9.Sphere has to have 'Simulate Physics' enabled if you'd like to AddImpulseAtLocation. 
[2018.11.09-08.42.59:156][104]PIE: Warning: Projectile_C_9.Sphere has to have 'Simulate Physics' enabled if you'd like to AddImpulseAtLocation. 
[2018.11.09-08.42.59:167][105]PIE: Warning: Projectile_C_9.Sphere has to have 'Simulate Physics' enabled if you'd like to AddImpulseAtLocation. 
[2018.11.09-08.42.59:178][106]PIE: Warning: Projectile_C_9.Sphere has to have 'Simulate Physics' enabled if you'd like to AddImpulseAtLocation. 
[2018.11.09-08.42.59:189][107]PIE: Warning: Projectile_C_9.Sphere has to have 'Simulate Physics' enabled if you'd like to AddImpulseAtLocation. 
[2018.11.09-08.42.59:322][119]LogCharacterMovement: Sulg_BP_C_2 is stuck and failed to move! Velocity: X=147.50 Y=-9.77 Z=0.00 Location: X=-10492.70 Y=-9928.65 Z=7505.02 Normal: X=-0.75 Y=0.67 Z=-0.00 PenetrationDepth:19.430 Actor:Projectile_C_10 Component:StaticMesh BoneName:None (0 other events since notify)
[2018.11.09-08.42.59:323][119]PIE: Warning: Projectile_C_10.Sphere has to have 'Simulate Physics' enabled if you'd like to AddImpulseAtLocation. 
[2018.11.09-08.42.59:323][119]PIE: Warning: Projectile_C_10.Sphere has to have 'Simulate Physics' enabled if you'd like to AddImpulseAtLocation. 
[2018.11.09-08.42.59:323][119]PIE: Warning: Projectile_C_10.Sphere has to have 'Simulate Physics' enabled if you'd like to AddImpulseAtLocation. 
[2018.11.09-08.42.59:400][126]PIE: Warning: Projectile_C_9.Sphere has to have 'Simulate Physics' enabled if you'd like to AddImpulseAtLocation. 
[2018.11.09-08.42.59:400][126]PIE: Warning: Projectile_C_9.Sphere has to have 'Simulate Physics' enabled if you'd like to AddImpulseAtLocation. 
[2018.11.09-08.42.59:411][127]PIE: Warning: Projectile_C_9.Sphere has to have 'Simulate Physics' enabled if you'd like to AddImpulseAtLocation. 
[2018.11.09-08.42.59:411][127]PIE: Warning: Projectile_C_9.Sphere has to have 'Simulate Physics' enabled if you'd like to AddImpulseAtLocation. 
[2018.11.09-08.42.59:423][128]PIE: Warning: Projectile_C_9.Sphere has to have 'Simulate Physics' enabled if you'd like to AddImpulseAtLocation. 
[2018.11.09-08.42.59:423][128]PIE: Warning: Projectile_C_9.Sphere has to have 'Simulate Physics' enabled if you'd like to AddImpulseAtLocation. 
[2018.11.09-08.42.59:434][129]PIE: Warning: Projectile_C_9.Sphere has to have 'Simulate Physics' enabled if you'd like to AddImpulseAtLocation. 
[2018.11.09-08.42.59:434][129]PIE: Warning: Projectile_C_9.Sphere has to have 'Simulate Physics' enabled if you'd like to AddImpulseAtLocation. 
[2018.11.09-08.42.59:445][130]PIE: Warning: Projectile_C_9.Sphere has to have 'Simulate Physics' enabled if you'd like to AddImpulseAtLocation. 
[2018.11.09-08.42.59:445][130]PIE: Warning: Projectile_C_9.Sphere has to have 'Simulate Physics' enabled if you'd like to AddImpulseAtLocation. 
[2018.11.09-08.42.59:456][131]PIE: Warning: Projectile_C_9.Sphere has to have 'Simulate Physics' enabled if you'd like to AddImpulseAtLocation. 
[2018.11.09-08.42.59:457][131]PIE: Warning: Projectile_C_9.Sphere has to have 'Simulate Physics' enabled if you'd like to AddImpulseAtLocation. 
[2018.11.09-08.42.59:457][131]PIE: Warning: Projectile_C_11.Sphere has to have 'Simulate Physics' enabled if you'd like to AddImpulseAtLocation. 
[2018.11.09-08.42.59:468][132]PIE: Warning: Projectile_C_9.Sphere has to have 'Simulate Physics' enabled if you'd like to AddImpulseAtLocation. 
[2018.11.09-08.42.59:468][132]PIE: Warning: Projectile_C_9.Sphere has to have 'Simulate Physics' enabled if you'd like to AddImpulseAtLocation. 
[2018.11.09-08.42.59:468][132]PIE: Warning: Projectile_C_11.Sphere has to have 'Simulate Physics' enabled if you'd like to AddImpulseAtLocation. 
[2018.11.09-08.42.59:478][133]PIE: Warning: Projectile_C_9.Sphere has to have 'Simulate Physics' enabled if you'd like to AddImpulseAtLocation. 
[2018.11.09-08.42.59:479][133]PIE: Warning: Projectile_C_9.Sphere has to have 'Simulate Physics' enabled if you'd like to AddImpulseAtLocation. 
[2018.11.09-08.42.59:479][133]PIE: Warning: Projectile_C_11.Sphere has to have 'Simulate Physics' enabled if you'd like to AddImpulseAtLocation. 
[2018.11.09-08.42.59:489][134]PIE: Warning: Projectile_C_9.Sphere has to have 'Simulate Physics' enabled if you'd like to AddImpulseAtLocation. 
[2018.11.09-08.42.59:489][134]PIE: Warning: Projectile_C_9.Sphere has to have 'Simulate Physics' enabled if you'd like to AddImpulseAtLocation. 
[2018.11.09-08.42.59:490][134]PIE: Warning: Projectile_C_11.Sphere has to have 'Simulate Physics' enabled if you'd like to AddImpulseAtLocation. 
[2018.11.09-08.42.59:500][135]PIE: Warning: Projectile_C_9.Sphere has to have 'Simulate Physics' enabled if you'd like to AddImpulseAtLocation. 
[2018.11.09-08.42.59:500][135]PIE: Warning: Projectile_C_9.Sphere has to have 'Simulate Physics' enabled if you'd like to AddImpulseAtLocation. 
[2018.11.09-08.42.59:511][136]PIE: Warning: Projectile_C_9.Sphere has to have 'Simulate Physics' enabled if you'd like to AddImpulseAtLocation. 
[2018.11.09-08.42.59:511][136]PIE: Warning: Projectile_C_9.Sphere has to have 'Simulate Physics' enabled if you'd like to AddImpulseAtLocation. 
[2018.11.09-08.42.59:523][137]PIE: Warning: Projectile_C_9.Sphere has to have 'Simulate Physics' enabled if you'd like to AddImpulseAtLocation. 
[2018.11.09-08.42.59:523][137]PIE: Warning: Projectile_C_9.Sphere has to have 'Simulate Physics' enabled if you'd like to AddImpulseAtLocation. 
[2018.11.09-08.42.59:534][138]PIE: Warning: Projectile_C_9.Sphere has to have 'Simulate Physics' enabled if you'd like to AddImpulseAtLocation. 
[2018.11.09-08.42.59:534][138]PIE: Warning: Projectile_C_9.Sphere has to have 'Simulate Physics' enabled if you'd like to AddImpulseAtLocation. 
[2018.11.09-08.42.59:545][139]PIE: Warning: Projectile_C_9.Sphere has to have 'Simulate Physics' enabled if you'd like to AddImpulseAtLocation. 
[2018.11.09-08.42.59:545][139]PIE: Warning: Projectile_C_9.Sphere has to have 'Simulate Physics' enabled if you'd like to AddImpulseAtLocation. 
[2018.11.09-08.42.59:556][140]PIE: Warning: Projectile_C_9.Sphere has to have 'Simulate Physics' enabled if you'd like to AddImpulseAtLocation. 
[2018.11.09-08.42.59:556][140]PIE: Warning: Projectile_C_9.Sphere has to have 'Simulate Physics' enabled if you'd like to AddImpulseAtLocation. 
[2018.11.09-08.42.59:567][141]PIE: Warning: Projectile_C_9.Sphere has to have 'Simulate Physics' enabled if you'd like to AddImpulseAtLocation. 
[2018.11.09-08.42.59:567][141]PIE: Warning: Projectile_C_9.Sphere has to have 'Simulate Physics' enabled if you'd like to AddImpulseAtLocation. 
[2018.11.09-08.42.59:578][142]PIE: Warning: Projectile_C_9.Sphere has to have 'Simulate Physics' enabled if you'd like to AddImpulseAtLocation. 
[2018.11.09-08.42.59:579][142]PIE: Warning: Projectile_C_9.Sphere has to have 'Simulate Physics' enabled if you'd like to AddImpulseAtLocation. 
[2018.11.09-08.42.59:589][143]PIE: Warning: Projectile_C_9.Sphere has to have 'Simulate Physics' enabled if you'd like to AddImpulseAtLocation. 
[2018.11.09-08.42.59:590][143]PIE: Warning: Projectile_C_9.Sphere has to have 'Simulate Physics' enabled if you'd like to AddImpulseAtLocation. 
[2018.11.09-08.42.59:601][144]PIE: Warning: Projectile_C_9.Sphere has to have 'Simulate Physics' enabled if you'd like to AddImpulseAtLocation. 
[2018.11.09-08.42.59:601][144]PIE: Warning: Projectile_C_9.Sphere has to have 'Simulate Physics' enabled if you'd like to AddImpulseAtLocation. 
[2018.11.09-08.42.59:612][145]PIE: Warning: Projectile_C_9.Sphere has to have 'Simulate Physics' enabled if you'd like to AddImpulseAtLocation. 
[2018.11.09-08.42.59:612][145]PIE: Warning: Projectile_C_9.Sphere has to have 'Simulate Physics' enabled if you'd like to AddImpulseAtLocation. 
[2018.11.09-08.42.59:623][146]PIE: Warning: Projectile_C_9.Sphere has to have 'Simulate Physics' enabled if you'd like to AddImpulseAtLocation. 
[2018.11.09-08.42.59:623][146]PIE: Warning: Projectile_C_9.Sphere has to have 'Simulate Physics' enabled if you'd like to AddImpulseAtLocation. 
[2018.11.09-08.42.59:634][147]PIE: Warning: Projectile_C_9.Sphere has to have 'Simulate Physics' enabled if you'd like to AddImpulseAtLocation. 
[2018.11.09-08.42.59:634][147]PIE: Warning: Projectile_C_9.Sphere has to have 'Simulate Physics' enabled if you'd like to AddImpulseAtLocation. 
[2018.11.09-08.42.59:645][148]PIE: Warning: Projectile_C_9.Sphere has to have 'Simulate Physics' enabled if you'd like to AddImpulseAtLocation. 
[2018.11.09-08.42.59:645][148]PIE: Warning: Projectile_C_9.Sphere has to have 'Simulate Physics' enabled if you'd like to AddImpulseAtLocation. 
[2018.11.09-08.42.59:645][148]PIE: Warning: Projectile_C_12.Sphere has to have 'Simulate Physics' enabled if you'd like to AddImpulseAtLocation. 
[2018.11.09-08.42.59:656][149]LogCharacterMovement: Sulg_BP_C_3 is stuck and failed to move! Velocity: X=63.68 Y=33.88 Z=0.00 Location: X=-11860.16 Y=-9940.70 Z=7500.47 Normal: X=-1.00 Y=0.01 Z=-0.00 PenetrationDepth:5.354 Actor:Projectile_C_9 Component:StaticMesh BoneName:None (0 other events since notify)
[2018.11.09-08.42.59:656][149]PIE: Warning: Projectile_C_9.Sphere has to have 'Simulate Physics' enabled if you'd like to AddImpulseAtLocation. 
[2018.11.09-08.42.59:656][149]PIE: Warning: Projectile_C_9.Sphere has to have 'Simulate Physics' enabled if you'd like to AddImpulseAtLocation. 
[2018.11.09-08.42.59:667][150]PIE: Warning: Projectile_C_9.Sphere has to have 'Simulate Physics' enabled if you'd like to AddImpulseAtLocation. 
[2018.11.09-08.42.59:800][162]PIE: Warning: Projectile_C_13.Sphere has to have 'Simulate Physics' enabled if you'd like to AddImpulseAtLocation. 
[2018.11.09-08.42.59:811][163]PIE: Warning: Projectile_C_10.Sphere has to have 'Simulate Physics' enabled if you'd like to AddImpulseAtLocation. 
[2018.11.09-08.42.59:811][163]PIE: Warning: Projectile_C_13.Sphere has to have 'Simulate Physics' enabled if you'd like to AddImpulseAtLocation. 
[2018.11.09-08.42.59:822][164]PIE: Warning: Projectile_C_10.Sphere has to have 'Simulate Physics' enabled if you'd like to AddImpulseAtLocation. 
[2018.11.09-08.42.59:822][164]PIE: Warning: Projectile_C_13.Sphere has to have 'Simulate Physics' enabled if you'd like to AddImpulseAtLocation. 
[2018.11.09-08.42.59:834][165]PIE: Warning: Projectile_C_10.Sphere has to have 'Simulate Physics' enabled if you'd like to AddImpulseAtLocation. 
[2018.11.09-08.42.59:834][165]PIE: Warning: Projectile_C_13.Sphere has to have 'Simulate Physics' enabled if you'd like to AddImpulseAtLocation. 
[2018.11.09-08.42.59:845][166]PIE: Warning: Projectile_C_10.Sphere has to have 'Simulate Physics' enabled if you'd like to AddImpulseAtLocation. 
[2018.11.09-08.43.00:299][207]PIE: Warning: Projectile_C_13.Sphere has to have 'Simulate Physics' enabled if you'd like to AddImpulseAtLocation. 
[2018.11.09-08.43.00:311][208]PIE: Warning: Projectile_C_13.Sphere has to have 'Simulate Physics' enabled if you'd like to AddImpulseAtLocation. 
[2018.11.09-08.43.00:322][209]PIE: Warning: Projectile_C_13.Sphere has to have 'Simulate Physics' enabled if you'd like to AddImpulseAtLocation. 
[2018.11.09-08.43.00:422][218]LogCharacterMovement: Sulg_BP_C_2 is stuck and failed to move! Velocity: X=139.06 Y=4.88 Z=0.00 Location: X=-10527.44 Y=-10042.03 Z=7497.89 Normal: X=-0.99 Y=-0.03 Z=-0.14 PenetrationDepth:1.808 Actor:Projectile_C_17 Component:StaticMesh BoneName:None (1 other events since notify)
[2018.11.09-08.43.00:422][218]PIE: Warning: Projectile_C_17.Sphere has to have 'Simulate Physics' enabled if you'd like to AddImpulseAtLocation. 
[2018.11.09-08.43.00:422][218]PIE: Warning: Projectile_C_17.Sphere has to have 'Simulate Physics' enabled if you'd like to AddImpulseAtLocation. 
[2018.11.09-08.43.00:422][218]PIE: Warning: Projectile_C_17.Sphere has to have 'Simulate Physics' enabled if you'd like to AddImpulseAtLocation. 
[2018.11.09-08.43.00:433][219]PIE: Warning: Projectile_C_17.Sphere has to have 'Simulate Physics' enabled if you'd like to AddImpulseAtLocation. 
[2018.11.09-08.43.00:445][220]PIE: Warning: Projectile_C_17.Sphere has to have 'Simulate Physics' enabled if you'd like to AddImpulseAtLocation. 
[2018.11.09-08.43.00:567][231]PIE: Warning: Projectile_C_18.Sphere has to have 'Simulate Physics' enabled if you'd like to AddImpulseAtLocation. 
[2018.11.09-08.43.00:579][232]PIE: Warning: Projectile_C_18.Sphere has to have 'Simulate Physics' enabled if you'd like to AddImpulseAtLocation. 
[2018.11.09-08.43.00:579][232]PIE: Warning: Projectile_C_18.Sphere has to have 'Simulate Physics' enabled if you'd like to AddImpulseAtLocation. 
[2018.11.09-08.43.00:579][232]PIE: Warning: Projectile_C_18.Sphere has to have 'Simulate Physics' enabled if you'd like to AddImpulseAtLocation. 
[2018.11.09-08.43.00:590][233]PIE: Warning: Projectile_C_18.Sphere has to have 'Simulate Physics' enabled if you'd like to AddImpulseAtLocation. 
[2018.11.09-08.43.00:601][234]PIE: Warning: Projectile_C_18.Sphere has to have 'Simulate Physics' enabled if you'd like to AddImpulseAtLocation. 
[2018.11.09-08.43.00:777][250]PIE: Warning: Projectile_C_19.Sphere has to have 'Simulate Physics' enabled if you'd like to AddImpulseAtLocation. 
[2018.11.09-08.43.00:789][251]PIE: Warning: Projectile_C_19.Sphere has to have 'Simulate Physics' enabled if you'd like to AddImpulseAtLocation. 
[2018.11.09-08.43.00:789][251]PIE: Warning: Projectile_C_19.Sphere has to have 'Simulate Physics' enabled if you'd like to AddImpulseAtLocation. 
[2018.11.09-08.43.00:789][251]PIE: Warning: Projectile_C_19.Sphere has to have 'Simulate Physics' enabled if you'd like to AddImpulseAtLocation. 
[2018.11.09-08.43.00:800][252]PIE: Warning: Projectile_C_19.Sphere has to have 'Simulate Physics' enabled if you'd like to AddImpulseAtLocation. 
[2018.11.09-08.43.00:800][252]PIE: Warning: Projectile_C_19.Sphere has to have 'Simulate Physics' enabled if you'd like to AddImpulseAtLocation. 
[2018.11.09-08.43.00:801][252]PIE: Warning: Projectile_C_19.Sphere has to have 'Simulate Physics' enabled if you'd like to AddImpulseAtLocation. 
[2018.11.09-08.43.00:801][252]PIE: Warning: Projectile_C_19.Sphere has to have 'Simulate Physics' enabled if you'd like to AddImpulseAtLocation. 
[2018.11.09-08.43.00:801][252]PIE: Warning: Projectile_C_19.Sphere has to have 'Simulate Physics' enabled if you'd like to AddImpulseAtLocation. 
[2018.11.09-08.43.00:899][261]PIE: Warning: Projectile_C_17.Sphere has to have 'Simulate Physics' enabled if you'd like to AddImpulseAtLocation. 
[2018.11.09-08.43.01:099][279]PIE: Warning: Projectile_C_18.Sphere has to have 'Simulate Physics' enabled if you'd like to AddImpulseAtLocation. 
[2018.11.09-08.43.01:433][309]PIE: Warning: Projectile_C_20.Sphere has to have 'Simulate Physics' enabled if you'd like to AddImpulseAtLocation. 
[2018.11.09-08.43.02:063][366]LogCharacterMovement: Sulg_BP_C_3 is stuck and failed to move! Velocity: X=137.65 Y=-11.44 Z=0.00 Location: X=-11726.50 Y=-9974.30 Z=7497.96 Normal: X=-0.92 Y=0.36 Z=-0.14 PenetrationDepth:6.984 Actor:Projectile_C_24 Component:StaticMesh BoneName:None (2 other events since notify)
[2018.11.09-08.43.02:064][366]PIE: Warning: Projectile_C_24.Sphere has to have 'Simulate Physics' enabled if you'd like to AddImpulseAtLocation. 
[2018.11.09-08.43.02:064][366]PIE: Warning: Projectile_C_24.Sphere has to have 'Simulate Physics' enabled if you'd like to AddImpulseAtLocation. 
[2018.11.09-08.43.02:064][366]PIE: Warning: Projectile_C_24.Sphere has to have 'Simulate Physics' enabled if you'd like to AddImpulseAtLocation. 
[2018.11.09-08.43.02:075][367]PIE: Warning: Projectile_C_24.Sphere has to have 'Simulate Physics' enabled if you'd like to AddImpulseAtLocation. 
[2018.11.09-08.43.02:085][368]PIE: Warning: Projectile_C_24.Sphere has to have 'Simulate Physics' enabled if you'd like to AddImpulseAtLocation. 
[2018.11.09-08.43.02:219][380]PIE: Warning: Projectile_C_25.Sphere has to have 'Simulate Physics' enabled if you'd like to AddImpulseAtLocation. 
[2018.11.09-08.43.02:219][380]PIE: Warning: Projectile_C_25.Sphere has to have 'Simulate Physics' enabled if you'd like to AddImpulseAtLocation. 
[2018.11.09-08.43.02:219][380]PIE: Warning: Projectile_C_25.Sphere has to have 'Simulate Physics' enabled if you'd like to AddImpulseAtLocation. 
[2018.11.09-08.43.02:230][381]PIE: Warning: Projectile_C_25.Sphere has to have 'Simulate Physics' enabled if you'd like to AddImpulseAtLocation. 
[2018.11.09-08.43.02:241][382]PIE: Warning: Projectile_C_25.Sphere has to have 'Simulate Physics' enabled if you'd like to AddImpulseAtLocation. 
[2018.11.09-08.43.02:374][394]PIE: Warning: Projectile_C_26.Sphere has to have 'Simulate Physics' enabled if you'd like to AddImpulseAtLocation. 
[2018.11.09-08.43.02:385][395]PIE: Warning: Projectile_C_26.Sphere has to have 'Simulate Physics' enabled if you'd like to AddImpulseAtLocation. 
[2018.11.09-08.43.02:386][395]PIE: Warning: Projectile_C_26.Sphere has to have 'Simulate Physics' enabled if you'd like to AddImpulseAtLocation. 
[2018.11.09-08.43.02:386][395]PIE: Warning: Projectile_C_26.Sphere has to have 'Simulate Physics' enabled if you'd like to AddImpulseAtLocation. 
[2018.11.09-08.43.02:396][396]PIE: Warning: Projectile_C_26.Sphere has to have 'Simulate Physics' enabled if you'd like to AddImpulseAtLocation. 
[2018.11.09-08.43.02:407][397]PIE: Warning: Projectile_C_26.Sphere has to have 'Simulate Physics' enabled if you'd like to AddImpulseAtLocation. 
[2018.11.09-08.43.02:743][427]LogCharacterMovement: Sulg_BP_C_4 is stuck and failed to move! Velocity: X=133.20 Y=52.31 Z=0.00 Location: X=-12265.19 Y=-10253.55 Z=7553.99 Normal: X=-0.58 Y=-0.81 Z=-0.00 PenetrationDepth:3.096 Actor:Projectile_C_27 Component:StaticMesh BoneName:None (0 other events since notify)
[2018.11.09-08.43.02:744][427]PIE: Warning: Projectile_C_27.Sphere has to have 'Simulate Physics' enabled if you'd like to AddImpulseAtLocation. 
[2018.11.09-08.43.02:744][427]PIE: Warning: Projectile_C_27.Sphere has to have 'Simulate Physics' enabled if you'd like to AddImpulseAtLocation. 
[2018.11.09-08.43.02:744][427]PIE: Warning: Projectile_C_27.Sphere has to have 'Simulate Physics' enabled if you'd like to AddImpulseAtLocation. 
[2018.11.09-08.43.02:918][443]PIE: Warning: Projectile_C_28.Sphere has to have 'Simulate Physics' enabled if you'd like to AddImpulseAtLocation. 
[2018.11.09-08.43.02:929][444]PIE: Warning: Projectile_C_28.Sphere has to have 'Simulate Physics' enabled if you'd like to AddImpulseAtLocation. 
[2018.11.09-08.43.03:084][458]PIE: Warning: Projectile_C_29.Sphere has to have 'Simulate Physics' enabled if you'd like to AddImpulseAtLocation. 
[2018.11.09-08.43.03:096][459]PIE: Warning: Projectile_C_29.Sphere has to have 'Simulate Physics' enabled if you'd like to AddImpulseAtLocation. 
[2018.11.09-08.43.03:107][460]PIE: Warning: Projectile_C_29.Sphere has to have 'Simulate Physics' enabled if you'd like to AddImpulseAtLocation. 
[2018.11.09-08.43.03:107][460]PIE: Warning: Projectile_C_29.Sphere has to have 'Simulate Physics' enabled if you'd like to AddImpulseAtLocation. 
[2018.11.09-08.43.03:430][489]PIE: Warning: Projectile_C_31.Sphere has to have 'Simulate Physics' enabled if you'd like to AddImpulseAtLocation. 
[2018.11.09-08.43.03:442][490]PIE: Warning: Projectile_C_31.Sphere has to have 'Simulate Physics' enabled if you'd like to AddImpulseAtLocation. 
[2018.11.09-08.43.03:442][490]PIE: Warning: Projectile_C_31.Sphere has to have 'Simulate Physics' enabled if you'd like to AddImpulseAtLocation. 
[2018.11.09-08.43.03:453][491]PIE: Warning: Projectile_C_31.Sphere has to have 'Simulate Physics' enabled if you'd like to AddImpulseAtLocation. 
[2018.11.09-08.43.04:454][581]PIE: Warning: Projectile_C_33.Sphere has to have 'Simulate Physics' enabled if you'd like to AddImpulseAtLocation. 
[2018.11.09-08.43.04:465][582]PIE: Warning: Projectile_C_33.Sphere has to have 'Simulate Physics' enabled if you'd like to AddImpulseAtLocation. 
[2018.11.09-08.43.04:465][582]PIE: Warning: Projectile_C_33.Sphere has to have 'Simulate Physics' enabled if you'd like to AddImpulseAtLocation. 
[2018.11.09-08.43.04:476][583]PIE: Warning: Projectile_C_33.Sphere has to have 'Simulate Physics' enabled if you'd like to AddImpulseAtLocation. 
[2018.11.09-08.43.04:993][601]LogCharacterMovement: Sulg_BP_C_4 is stuck and failed to move! Velocity: X=-142.72 Y=26.50 Z=0.00 Location: X=-12399.92 Y=-10151.45 Z=7513.02 Normal: X=-0.13 Y=-0.99 Z=0.00 PenetrationDepth:33.270 Actor:Projectile_C_36 Component:StaticMesh BoneName:None (5 other events since notify)
[2018.11.09-08.43.04:993][601]PIE: Warning: Projectile_C_36.Sphere has to have 'Simulate Physics' enabled if you'd like to AddImpulseAtLocation. 
[2018.11.09-08.43.04:993][601]PIE: Warning: Projectile_C_36.Sphere has to have 'Simulate Physics' enabled if you'd like to AddImpulseAtLocation. 
[2018.11.09-08.43.04:993][601]PIE: Warning: Projectile_C_36.Sphere has to have 'Simulate Physics' enabled if you'd like to AddImpulseAtLocation. 
[2018.11.09-08.43.04:993][601]PIE: Warning: Projectile_C_36.Sphere has to have 'Simulate Physics' enabled if you'd like to AddImpulseAtLocation. 
[2018.11.09-08.43.08:721][777]PIE: Warning: Projectile_C_42.Sphere has to have 'Simulate Physics' enabled if you'd like to AddImpulseAtLocation. 
[2018.11.09-08.43.08:732][778]PIE: Warning: Projectile_C_42.Sphere has to have 'Simulate Physics' enabled if you'd like to AddImpulseAtLocation. 
[2018.11.09-08.43.08:743][779]PIE: Warning: Projectile_C_42.Sphere has to have 'Simulate Physics' enabled if you'd like to AddImpulseAtLocation. 
[2018.11.09-08.43.10:022][894]PIE: Warning: Projectile_C_46.Sphere has to have 'Simulate Physics' enabled if you'd like to AddImpulseAtLocation. 
[2018.11.09-08.43.10:022][894]PIE: Warning: Projectile_C_46.Sphere has to have 'Simulate Physics' enabled if you'd like to AddImpulseAtLocation. 
[2018.11.09-08.43.10:033][895]PIE: Warning: Projectile_C_46.Sphere has to have 'Simulate Physics' enabled if you'd like to AddImpulseAtLocation. 
[2018.11.09-08.43.10:044][896]PIE: Warning: Projectile_C_46.Sphere has to have 'Simulate Physics' enabled if you'd like to AddImpulseAtLocation. 
[2018.11.09-08.43.10:054][897]LogCharacterMovement: Sulg_BP_C_4 is stuck and failed to move! Velocity: X=-25.52 Y=92.98 Z=0.00 Location: X=-12736.83 Y=-9903.62 Z=7498.30 Normal: X=-0.35 Y=-0.83 Z=-0.44 PenetrationDepth:10.243 Actor:Projectile_C_46 Component:StaticMesh BoneName:None (1 other events since notify)
[2018.11.09-08.43.10:055][897]PIE: Warning: Projectile_C_46.Sphere has to have 'Simulate Physics' enabled if you'd like to AddImpulseAtLocation. 
[2018.11.09-08.43.10:055][897]PIE: Warning: Projectile_C_46.Sphere has to have 'Simulate Physics' enabled if you'd like to AddImpulseAtLocation. 
[2018.11.09-08.43.10:055][897]PIE: Warning: Projectile_C_46.Sphere has to have 'Simulate Physics' enabled if you'd like to AddImpulseAtLocation. 
[2018.11.09-08.43.10:066][898]PIE: Warning: Projectile_C_46.Sphere has to have 'Simulate Physics' enabled if you'd like to AddImpulseAtLocation. 
[2018.11.09-08.43.10:078][899]PIE: Warning: Projectile_C_46.Sphere has to have 'Simulate Physics' enabled if you'd like to AddImpulseAtLocation. 
[2018.11.09-08.43.10:088][900]PIE: Warning: Projectile_C_46.Sphere has to have 'Simulate Physics' enabled if you'd like to AddImpulseAtLocation. 
[2018.11.09-08.43.50:249][507]LogBlueprintUserMessages: Early EndPlayMap Detection: Level '/Game/VirtualRealityBP/Maps/MotionControllerMap.MotionControllerMap:PersistentLevel' has LevelScriptBlueprint '/Game/VirtualRealityBP/Maps/MotionControllerMap.MotionControllerMap:PersistentLevel.MotionControllerMap' with GeneratedClass '/Game/VirtualRealityBP/Maps/MotionControllerMap.MotionControllerMap_C' with ClassGeneratedBy '/Game/VirtualRealityBP/Maps/MotionControllerMap.MotionControllerMap:PersistentLevel.MotionControllerMap'
[2018.11.09-08.43.50:318][507]LogSlate: Updating window title bar state: overlay mode, drag disabled, window buttons hidden, title bar hidden
[2018.11.09-08.43.50:368][507]LogSlate: Window 'FYP_Prototype Game Preview Standalone (64-bit/PCD3D_SM5)' being destroyed
[2018.11.09-08.43.50:402][507]LogPlayLevel: Display: Shutting down PIE online subsystems
[2018.11.09-08.43.50:402][507]LogBlueprintUserMessages: Late EndPlayMap Detection: Level '/Game/VirtualRealityBP/Maps/MotionControllerMap.MotionControllerMap:PersistentLevel' has LevelScriptBlueprint '/Game/VirtualRealityBP/Maps/MotionControllerMap.MotionControllerMap:PersistentLevel.MotionControllerMap' with GeneratedClass '/Game/VirtualRealityBP/Maps/MotionControllerMap.MotionControllerMap_C' with ClassGeneratedBy '/Game/VirtualRealityBP/Maps/MotionControllerMap.MotionControllerMap:PersistentLevel.MotionControllerMap'
[2018.11.09-08.43.50:694][508]LogPlayLevel: Display: Destroying online subsystem :Context_1
[2018.11.09-08.43.50:695][508]LogEngine: Changing dynamic resolution state.
[2018.11.09-08.45.48:819][674]LogEditorViewport: Clicking on Actor (LMB): StaticMeshActor (entrance_cave)
[2018.11.09-08.48.46:313][355]LogSlate: FSceneViewport::OnFocusLost() reason 0
[2018.11.09-08.48.46:666][355]LogSlate: Window 'FYP_Prototype - Unreal Editor' being destroyed
[2018.11.09-08.48.46:862][356]Cmd: QUIT_EDITOR
[2018.11.09-08.48.47:681][356]LogWindowsTextInputMethodSystem: Display: IME system now activated using TSF (Microsoft IME).
[2018.11.09-08.48.47:696][356]LogExit: Preparing to exit.
[2018.11.09-08.48.48:379][356]LogExit: Editor shut down
[2018.11.09-08.48.48:380][356]LogExit: Transaction tracking system shut down
[2018.11.09-08.48.48:916][356]LogExit: Object subsystem successfully closed.
[2018.11.09-08.48.48:964][356]LogShaderCompilers: Display: Shaders left to compile 0
[2018.11.09-08.48.48:970][356]LogD3D11RHI: Shutdown
[2018.11.09-08.48.48:970][356]LogD3D11RHI: CleanupD3DDevice
[2018.11.09-08.48.48:972][356]LogD3D11RHI: ~FD3D11DynamicRHI
[2018.11.09-08.48.48:985][356]LogModuleManager: Shutting down and abandoning module MovieSceneCapture (616)
[2018.11.09-08.48.48:985][356]LogModuleManager: Shutting down and abandoning module Voice (614)
[2018.11.09-08.48.48:985][356]LogModuleManager: Shutting down and abandoning module HierarchicalLODOutliner (612)
[2018.11.09-08.48.48:985][356]LogModuleManager: Shutting down and abandoning module SceneOutliner (610)
[2018.11.09-08.48.48:985][356]LogModuleManager: Shutting down and abandoning module AddContentDialog (608)
[2018.11.09-08.48.48:985][356]LogModuleManager: Shutting down and abandoning module WidgetCarousel (607)
[2018.11.09-08.48.48:985][356]LogModuleManager: Shutting down and abandoning module EditorWidgets (604)
[2018.11.09-08.48.48:985][356]LogModuleManager: Shutting down and abandoning module CollectionManager (602)
[2018.11.09-08.48.48:986][356]LogModuleManager: Shutting down and abandoning module StatsViewer (600)
[2018.11.09-08.48.48:986][356]LogModuleManager: Shutting down and abandoning module FoliageEdit (598)
[2018.11.09-08.48.48:986][356]LogModuleManager: Shutting down and abandoning module LandscapeEditor (596)
[2018.11.09-08.48.48:986][356]LogModuleManager: Shutting down and abandoning module MeshPaintMode (594)
[2018.11.09-08.48.48:986][356]LogModuleManager: Shutting down and abandoning module SceneDepthPickerMode (592)
[2018.11.09-08.48.48:986][356]LogModuleManager: Shutting down and abandoning module ActorPickerMode (590)
[2018.11.09-08.48.48:986][356]LogModuleManager: Shutting down and abandoning module GeometryMode (588)
[2018.11.09-08.48.48:986][356]LogModuleManager: Shutting down and abandoning module TextureAlignMode (586)
[2018.11.09-08.48.48:986][356]LogModuleManager: Shutting down and abandoning module BspMode (584)
[2018.11.09-08.48.48:986][356]LogModuleManager: Shutting down and abandoning module PIEPreviewDeviceProfileSelector (582)
[2018.11.09-08.48.48:986][356]LogModuleManager: Shutting down and abandoning module SequenceRecorderSections (580)
[2018.11.09-08.48.48:986][356]LogModuleManager: Shutting down and abandoning module AutomationWorker (578)
[2018.11.09-08.48.48:986][356]LogModuleManager: Shutting down and abandoning module AudioCaptureEditor (576)
[2018.11.09-08.48.48:986][356]LogModuleManager: Shutting down and abandoning module SequenceRecorder (575)
[2018.11.09-08.48.48:986][356]LogModuleManager: Shutting down and abandoning module MatineeToLevelSequence (572)
[2018.11.09-08.48.48:986][356]LogModuleManager: Shutting down and abandoning module LevelSequenceEditor (570)
[2018.11.09-08.48.48:986][356]LogModuleManager: Shutting down and abandoning module PlacementMode (569)
[2018.11.09-08.48.48:986][356]LogModuleManager: Shutting down and abandoning module MaterialEditor (568)
[2018.11.09-08.48.48:986][356]LogModuleManager: Shutting down and abandoning module WmfMediaFactory (564)
[2018.11.09-08.48.48:986][356]LogModuleManager: Shutting down and abandoning module WmfMediaEditor (562)
[2018.11.09-08.48.48:986][356]LogModuleManager: Shutting down and abandoning module MediaPlayerEditor (560)
[2018.11.09-08.48.48:986][356]LogModuleManager: Shutting down and abandoning module OpenExrWrapper (558)
[2018.11.09-08.48.48:986][356]LogModuleManager: Shutting down and abandoning module ImgMediaFactory (556)
[2018.11.09-08.48.48:986][356]LogModuleManager: Shutting down and abandoning module ImgMediaEditor (554)
[2018.11.09-08.48.48:986][356]LogModuleManager: Shutting down and abandoning module AvfMediaFactory (552)
[2018.11.09-08.48.48:986][356]LogModuleManager: Shutting down and abandoning module AvfMediaEditor (550)
[2018.11.09-08.48.48:986][356]LogModuleManager: Shutting down and abandoning module AndroidMediaFactory (548)
[2018.11.09-08.48.48:987][356]LogModuleManager: Shutting down and abandoning module AndroidMediaEditor (546)
[2018.11.09-08.48.48:987][356]LogModuleManager: Shutting down and abandoning module MagicLeapCameraPreviewFactory (544)
[2018.11.09-08.48.48:987][356]LogModuleManager: Shutting down and abandoning module MagicLeapMediaFactory (542)
[2018.11.09-08.48.48:987][356]LogModuleManager: Shutting down and abandoning module MagicLeapMediaEditor (540)
[2018.11.09-08.48.48:987][356]LogModuleManager: Shutting down and abandoning module CharacterAI (538)
[2018.11.09-08.48.48:987][356]LogModuleManager: Shutting down and abandoning module SmartSnapping (536)
[2018.11.09-08.48.48:987][356]LogModuleManager: Shutting down and abandoning module SessionServices (534)
[2018.11.09-08.48.48:987][356]LogModuleManager: Shutting down and abandoning module ViewportSnapping (532)
[2018.11.09-08.48.48:987][356]LogModuleManager: Shutting down and abandoning module ViewportInteraction (530)
[2018.11.09-08.48.48:987][356]LogModuleManager: Shutting down and abandoning module ClothPainter (528)
[2018.11.09-08.48.48:987][356]LogModuleManager: Shutting down and abandoning module SkeletalMeshEditor (527)
[2018.11.09-08.48.48:987][356]LogModuleManager: Shutting down and abandoning module LogVisualizer (524)
[2018.11.09-08.48.48:987][356]LogModuleManager: Shutting down and abandoning module IntroTutorials (522)
[2018.11.09-08.48.48:987][356]LogModuleManager: Shutting down and abandoning module GameProjectGeneration (521)
[2018.11.09-08.48.48:987][356]LogModuleManager: Shutting down and abandoning module LuminPlatformEditor (518)
[2018.11.09-08.48.48:987][356]LogModuleManager: Shutting down and abandoning module IOSPlatformEditor (516)
[2018.11.09-08.48.48:987][356]LogModuleManager: Shutting down and abandoning module HTML5PlatformEditor (514)
[2018.11.09-08.48.48:987][356]LogModuleManager: Shutting down and abandoning module AndroidPlatformEditor (512)
[2018.11.09-08.48.48:987][356]LogModuleManager: Shutting down and abandoning module AndroidDeviceDetection (511)
[2018.11.09-08.48.49:446][356]LogModuleManager: Shutting down and abandoning module WindowsPlatformEditor (508)
[2018.11.09-08.48.49:446][356]LogModuleManager: Shutting down and abandoning module LuminRuntimeSettings (506)
[2018.11.09-08.48.49:446][356]LogModuleManager: Shutting down and abandoning module IOSRuntimeSettings (504)
[2018.11.09-08.48.49:446][356]LogModuleManager: Shutting down and abandoning module AndroidRuntimeSettings (502)
[2018.11.09-08.48.49:446][356]LogModuleManager: Shutting down and abandoning module InputBindingEditor (500)
[2018.11.09-08.48.49:446][356]LogModuleManager: Shutting down and abandoning module MergeActors (498)
[2018.11.09-08.48.49:446][356]LogModuleManager: Shutting down and abandoning module LocalizationDashboard (496)
[2018.11.09-08.48.49:446][356]LogModuleManager: Shutting down and abandoning module LocalizationService (495)
[2018.11.09-08.48.49:446][356]LogModuleManager: Shutting down and abandoning module HardwareTargeting (492)
[2018.11.09-08.48.49:446][356]LogModuleManager: Shutting down and abandoning module DeviceProfileEditor (490)
[2018.11.09-08.48.49:446][356]LogModuleManager: Shutting down and abandoning module UndoHistory (488)
[2018.11.09-08.48.49:446][356]LogModuleManager: Shutting down and abandoning module XmlParser (486)
[2018.11.09-08.48.49:446][356]LogModuleManager: Shutting down and abandoning module Blutility (484)
[2018.11.09-08.48.49:446][356]LogModuleManager: Shutting down and abandoning module ProjectSettingsViewer (482)
[2018.11.09-08.48.49:446][356]LogModuleManager: Shutting down and abandoning module ProjectTargetPlatformEditor (481)
[2018.11.09-08.48.49:447][356]LogModuleManager: Shutting down and abandoning module EditorSettingsViewer (478)
[2018.11.09-08.48.49:447][356]LogModuleManager: Shutting down and abandoning module SettingsEditor (476)
[2018.11.09-08.48.49:447][356]LogModuleManager: Shutting down and abandoning module ProjectLauncher (474)
[2018.11.09-08.48.49:447][356]LogModuleManager: Shutting down and abandoning module SessionFrontend (472)
[2018.11.09-08.48.49:447][356]LogModuleManager: Shutting down and abandoning module ProfilerClient (470)
[2018.11.09-08.48.49:447][356]LogModuleManager: Shutting down and abandoning module DeviceManager (468)
[2018.11.09-08.48.49:447][356]LogModuleManager: Shutting down and abandoning module TargetDeviceServices (467)
[2018.11.09-08.48.49:502][356]LogModuleManager: Shutting down and abandoning module AutomationController (464)
[2018.11.09-08.48.49:502][356]LogModuleManager: Shutting down and abandoning module AutomationWindow (462)
[2018.11.09-08.48.49:502][356]LogModuleManager: Shutting down and abandoning module Layers (460)
[2018.11.09-08.48.49:502][356]LogModuleManager: Shutting down and abandoning module ComponentVisualizers (458)
[2018.11.09-08.48.49:502][356]LogModuleManager: Shutting down and abandoning module DetailCustomizations (456)
[2018.11.09-08.48.49:502][356]LogModuleManager: Shutting down and abandoning module PackagesDialog (454)
[2018.11.09-08.48.49:502][356]LogModuleManager: Shutting down and abandoning module Persona (452)
[2018.11.09-08.48.49:502][356]LogModuleManager: Shutting down and abandoning module AdvancedPreviewScene (451)
[2018.11.09-08.48.49:502][356]LogModuleManager: Shutting down and abandoning module AnimGraph (449)
[2018.11.09-08.48.49:502][356]LogModuleManager: Shutting down and abandoning module Kismet (446)
[2018.11.09-08.48.49:504][356]LogModuleManager: Shutting down and abandoning module GraphEditor (444)
[2018.11.09-08.48.49:504][356]LogModuleManager: Shutting down and abandoning module ClassViewer (442)
[2018.11.09-08.48.49:504][356]LogModuleManager: Shutting down and abandoning module Toolbox (440)
[2018.11.09-08.48.49:504][356]LogModuleManager: Shutting down and abandoning module ModuleUI (438)
[2018.11.09-08.48.49:504][356]LogModuleManager: Shutting down and abandoning module MovieSceneTools (436)
[2018.11.09-08.48.49:504][356]LogModuleManager: Shutting down and abandoning module OutputLog (434)
[2018.11.09-08.48.49:504][356]LogModuleManager: Shutting down and abandoning module GammaUI (432)
[2018.11.09-08.48.49:504][356]LogModuleManager: Shutting down and abandoning module Documentation (430)
[2018.11.09-08.48.49:504][356]LogModuleManager: Shutting down and abandoning module MovieSceneTracks (428)
[2018.11.09-08.48.49:504][356]LogModuleManager: Shutting down and abandoning module MovieScene (426)
[2018.11.09-08.48.49:504][356]LogModuleManager: Shutting down and abandoning module StreamingPauseRendering (424)
[2018.11.09-08.48.49:504][356]LogModuleManager: Shutting down and abandoning module LauncherPlatform (422)
[2018.11.09-08.48.49:504][356]LogModuleManager: Shutting down and abandoning module AnalyticsET (420)
[2018.11.09-08.48.49:504][356]LogModuleManager: Shutting down and abandoning module PortalServices (418)
[2018.11.09-08.48.49:504][356]LogModuleManager: Shutting down and abandoning module PortalRpc (416)
[2018.11.09-08.48.49:504][356]LogModuleManager: Shutting down and abandoning module MessagingRpc (414)
[2018.11.09-08.48.49:504][356]LogModuleManager: Shutting down and abandoning module AIModule (412)
[2018.11.09-08.48.49:504][356]LogModuleManager: Shutting down and abandoning module GameplayDebugger (411)
[2018.11.09-08.48.49:504][356]LogModuleManager: Shutting down and abandoning module AITestSuite (409)
[2018.11.09-08.48.49:504][356]LogModuleManager: Shutting down and abandoning module NavigationSystem (407)
[2018.11.09-08.48.49:504][356]LogModuleManager: Shutting down and abandoning module DesktopPlatform (404)
[2018.11.09-08.48.49:504][356]LogModuleManager: Shutting down and abandoning module ProfilerService (402)
[2018.11.09-08.48.49:611][356]LogModuleManager: Shutting down and abandoning module TaskGraph (400)
[2018.11.09-08.48.49:611][356]LogModuleManager: Shutting down and abandoning module SteamVRController (398)
[2018.11.09-08.48.49:611][356]LogModuleManager: Shutting down and abandoning module ProceduralMeshComponentEditor (396)
[2018.11.09-08.48.49:612][356]LogModuleManager: Shutting down and abandoning module ProceduralMeshComponent (394)
[2018.11.09-08.48.49:612][356]LogModuleManager: Shutting down and abandoning module OculusInput (392)
[2018.11.09-08.48.49:612][356]LogModuleManager: Shutting down and abandoning module MobilePatchingUtils (390)
[2018.11.09-08.48.49:612][356]LogModuleManager: Shutting down and abandoning module EditableMesh (388)
[2018.11.09-08.48.49:612][356]LogModuleManager: Shutting down and abandoning module CustomMeshComponent (386)
[2018.11.09-08.48.49:612][356]LogModuleManager: Shutting down and abandoning module CableComponent (384)
[2018.11.09-08.48.49:612][356]LogModuleManager: Shutting down and abandoning module AudioCapture (382)
[2018.11.09-08.48.49:612][356]LogModuleManager: Shutting down and abandoning module ArchVisCharacter (380)
[2018.11.09-08.48.49:612][356]LogModuleManager: Shutting down and abandoning module AndroidPermission (378)
[2018.11.09-08.48.49:612][356]LogModuleManager: Shutting down and abandoning module NUTUnrealEngine4 (376)
[2018.11.09-08.48.49:612][356]LogModuleManager: Shutting down and abandoning module NetcodeUnitTest (374)
[2018.11.09-08.48.49:612][356]LogModuleManager: Shutting down and abandoning module MediaCompositingEditor (372)
[2018.11.09-08.48.49:612][356]LogModuleManager: Shutting down and abandoning module MediaCompositing (370)
[2018.11.09-08.48.49:612][356]LogModuleManager: Shutting down and abandoning module LinearTimecode (368)
[2018.11.09-08.48.49:612][356]LogModuleManager: Shutting down and abandoning module ImgMedia (366)
[2018.11.09-08.48.49:618][356]LogModuleManager: Shutting down and abandoning module HTML5Networking (364)
[2018.11.09-08.48.49:618][356]LogModuleManager: Shutting down and abandoning module GeometryCacheTracks (362)
[2018.11.09-08.48.49:618][356]LogModuleManager: Shutting down and abandoning module GeometryCacheSequencer (360)
[2018.11.09-08.48.49:618][356]LogModuleManager: Shutting down and abandoning module BackChannel (358)
[2018.11.09-08.48.49:618][356]LogModuleManager: Shutting down and abandoning module AppleVision (356)
[2018.11.09-08.48.49:618][356]LogModuleManager: Shutting down and abandoning module AppleImageUtils (354)
[2018.11.09-08.48.49:618][356]LogModuleManager: Shutting down and abandoning module AlembicImporter (352)
[2018.11.09-08.48.49:618][356]LogModuleManager: Shutting down and abandoning module AlembicLibrary (351)
[2018.11.09-08.48.49:618][356]LogModuleManager: Shutting down and abandoning module GeometryCache (350)
[2018.11.09-08.48.49:618][356]LogModuleManager: Shutting down and abandoning module GeometryCacheEd (349)
[2018.11.09-08.48.49:618][356]LogModuleManager: Shutting down and abandoning module DatasmithContentEditor (344)
[2018.11.09-08.48.49:618][356]LogModuleManager: Shutting down and abandoning module DatasmithContent (342)
[2018.11.09-08.48.49:618][356]LogModuleManager: Shutting down and abandoning module SpeedTreeImporter (340)
[2018.11.09-08.48.49:618][356]LogModuleManager: Shutting down and abandoning module PluginBrowser (338)
[2018.11.09-08.48.49:619][356]LogModuleManager: Shutting down and abandoning module MobileLauncherProfileWizard (336)
[2018.11.09-08.48.49:619][356]LogModuleManager: Shutting down and abandoning module PolygonModeling (334)
[2018.11.09-08.48.49:619][356]LogModuleManager: Shutting down and abandoning module MeshEditor (332)
[2018.11.09-08.48.49:619][356]LogModuleManager: Shutting down and abandoning module CryptoKeysOpenSSL (330)
[2018.11.09-08.48.49:619][356]LogModuleManager: Shutting down and abandoning module CryptoKeys (328)
[2018.11.09-08.48.49:619][356]LogModuleManager: Shutting down and abandoning module VisualStudioSourceCodeAccess (326)
[2018.11.09-08.48.49:619][356]LogModuleManager: Shutting down and abandoning module VisualStudioCodeSourceCodeAccess (324)
[2018.11.09-08.48.49:619][356]LogModuleManager: Shutting down and abandoning module UObjectPlugin (322)
[2018.11.09-08.48.49:619][356]LogModuleManager: Shutting down and abandoning module SubversionSourceControl (320)
[2018.11.09-08.48.49:619][356]LogModuleManager: Shutting down and abandoning module PerforceSourceControl (318)
[2018.11.09-08.48.49:619][356]LogModuleManager: Shutting down and abandoning module GitSourceControl (316)
[2018.11.09-08.48.49:619][356]LogModuleManager: Shutting down and abandoning module SourceControl (315)
[2018.11.09-08.48.49:619][356]LogModuleManager: Shutting down and abandoning module CLionSourceCodeAccess (312)
[2018.11.09-08.48.49:619][356]LogModuleManager: Shutting down and abandoning module LightPropagationVolumeEditor (310)
[2018.11.09-08.48.49:619][356]LogModuleManager: Shutting down and abandoning module PaperTiledImporter (308)
[2018.11.09-08.48.49:619][356]LogModuleManager: Shutting down and abandoning module PaperSpriteSheetImporter (306)
[2018.11.09-08.48.49:619][356]LogModuleManager: Shutting down and abandoning module Paper2DEditor (304)
[2018.11.09-08.48.49:619][356]LogModuleManager: Shutting down and abandoning module MeshPaint (303)
[2018.11.09-08.48.49:619][356]LogModuleManager: Shutting down and abandoning module RuntimePhysXCooking (300)
[2018.11.09-08.48.49:619][356]LogModuleManager: Shutting down and abandoning module PhysXVehiclesEditor (298)
[2018.11.09-08.48.49:619][356]LogModuleManager: Shutting down and abandoning module PhysXVehicles (296)
[2018.11.09-08.48.49:619][356]LogModuleManager: Shutting down and abandoning module OculusEditor (294)
[2018.11.09-08.48.49:619][356]LogModuleManager: Shutting down and abandoning module LocationServicesBPLibrary (292)
[2018.11.09-08.48.49:619][356]LogModuleManager: Shutting down and abandoning module ImmediatePhysicsEditor (290)
[2018.11.09-08.48.49:619][356]LogModuleManager: Shutting down and abandoning module ImmediatePhysics (288)
[2018.11.09-08.48.49:619][356]LogModuleManager: Shutting down and abandoning module ActorSequence (286)
[2018.11.09-08.48.49:619][356]LogModuleManager: Shutting down and abandoning module UdpMessaging (284)
[2018.11.09-08.48.49:720][356]LogModuleManager: Shutting down and abandoning module TcpMessaging (282)
[2018.11.09-08.48.49:821][356]LogModuleManager: Shutting down and abandoning module DonAINavigation (280)
[2018.11.09-08.48.49:821][356]LogModuleManager: Shutting down and abandoning module MagicLeapAudio (278)
[2018.11.09-08.48.49:821][356]LogModuleManager: Shutting down and abandoning module GameplayTagsEditor (276)
[2018.11.09-08.48.49:821][356]LogModuleManager: Shutting down and abandoning module FacialAnimationEditor (274)
[2018.11.09-08.48.49:821][356]LogModuleManager: Shutting down and abandoning module FacialAnimation (272)
[2018.11.09-08.48.49:821][356]LogModuleManager: Shutting down and abandoning module DataValidation (270)
[2018.11.09-08.48.49:821][356]LogModuleManager: Shutting down and abandoning module AssetManagerEditor (268)
[2018.11.09-08.48.49:821][356]LogModuleManager: Shutting down and abandoning module LevelEditor (267)
[2018.11.09-08.48.49:822][356]LogModuleManager: Shutting down and abandoning module PixelInspectorModule (266)
[2018.11.09-08.48.49:822][356]LogModuleManager: Shutting down and abandoning module CommonMenuExtensions (264)
[2018.11.09-08.48.49:822][356]LogModuleManager: Shutting down and abandoning module MainFrame (262)
[2018.11.09-08.48.49:822][356]LogModuleManager: Shutting down and abandoning module HotReload (261)
[2018.11.09-08.48.49:823][356]LogModuleManager: Shutting down and abandoning module ContentBrowser (257)
[2018.11.09-08.48.49:824][356]LogModuleManager: Shutting down and abandoning module TreeMap (255)
[2018.11.09-08.48.49:824][356]LogModuleManager: Shutting down and abandoning module LightPropagationVolumeRuntime (252)
[2018.11.09-08.48.49:824][356]LogModuleManager: Shutting down and abandoning module AISupportModule (250)
[2018.11.09-08.48.49:824][356]LogModuleManager: Shutting down and abandoning module Paper2D (248)
[2018.11.09-08.48.49:824][356]LogModuleManager: Shutting down and abandoning module WindowsMoviePlayer (246)
[2018.11.09-08.48.49:824][356]LogModuleManager: Shutting down and abandoning module WmfMedia (244)
[2018.11.09-08.48.49:827][356]LogModuleManager: Shutting down and abandoning module Media (243)
[2018.11.09-08.48.49:833][356]LogModuleManager: Shutting down and abandoning module PacketHandler (240)
[2018.11.09-08.48.49:833][356]LogModuleManager: Shutting down and abandoning module ClothingSystemEditor (238)
[2018.11.09-08.48.49:833][356]LogModuleManager: Shutting down and abandoning module ClothingSystemRuntime (236)
[2018.11.09-08.48.49:833][356]LogModuleManager: Shutting down and abandoning module MediaAssets (234)
[2018.11.09-08.48.49:833][356]LogModuleManager: Shutting down and abandoning module Overlay (232)
[2018.11.09-08.48.49:833][356]LogModuleManager: Shutting down and abandoning module OverlayEditor (231)
[2018.11.09-08.48.49:833][356]LogModuleManager: Shutting down and abandoning module VREditor (228)
[2018.11.09-08.48.49:833][356]LogModuleManager: Shutting down and abandoning module StringTableEditor (226)
[2018.11.09-08.48.49:833][356]LogModuleManager: Shutting down and abandoning module GameplayTasksEditor (224)
[2018.11.09-08.48.49:833][356]LogModuleManager: Shutting down and abandoning module BehaviorTreeEditor (222)
[2018.11.09-08.48.49:834][356]LogModuleManager: Shutting down and abandoning module FunctionalTesting (220)
[2018.11.09-08.48.49:834][356]LogModuleManager: Shutting down and abandoning module CollisionAnalyzer (218)
[2018.11.09-08.48.49:834][356]LogModuleManager: Shutting down and abandoning module WorkspaceMenuStructure (217)
[2018.11.09-08.48.49:834][356]LogModuleManager: Shutting down and abandoning module UMG (214)
[2018.11.09-08.48.49:834][356]LogModuleManager: Shutting down and abandoning module UMGEditor (213)
[2018.11.09-08.48.49:834][356]LogModuleManager: Shutting down and abandoning module Sequencer (212)
[2018.11.09-08.48.49:834][356]LogModuleManager: Shutting down and abandoning module MessageLog (209)
[2018.11.09-08.48.49:834][356]LogModuleManager: Shutting down and abandoning module SlateReflector (204)
[2018.11.09-08.48.49:834][356]LogModuleManager: Shutting down and abandoning module Slate (202)
[2018.11.09-08.48.49:834][356]LogModuleManager: Shutting down and abandoning module EditorStyle (200)
[2018.11.09-08.48.49:836][356]LogModuleManager: Shutting down and abandoning module MRMesh (198)
[2018.11.09-08.48.49:836][356]LogModuleManager: Shutting down and abandoning module SourceCodeAccess (196)
[2018.11.09-08.48.49:836][356]LogModuleManager: Shutting down and abandoning module HeadMountedDisplay (194)
[2018.11.09-08.48.49:836][356]LogModuleManager: Shutting down and abandoning module XAudio2 (192)
[2018.11.09-08.48.49:836][356]LogModuleManager: Shutting down and abandoning module Networking (190)
[2018.11.09-08.48.49:836][356]LogModuleManager: Shutting down and abandoning module Core (188)
[2018.11.09-08.48.49:836][356]LogModuleManager: Shutting down and abandoning module LevelSequence (186)
[2018.11.09-08.48.49:836][356]LogModuleManager: Shutting down and abandoning module KismetCompiler (184)
[2018.11.09-08.48.49:836][356]LogModuleManager: Shutting down and abandoning module MeshUtilities (182)
[2018.11.09-08.48.49:836][356]LogModuleManager: Shutting down and abandoning module MeshMergeUtilities (181)
[2018.11.09-08.48.49:836][356]LogModuleManager: Shutting down and abandoning module MeshReductionInterface (180)
[2018.11.09-08.48.49:836][356]LogModuleManager: Shutting down and abandoning module SimplygonSwarm (179)
[2018.11.09-08.48.49:836][356]LogModuleManager: Shutting down and abandoning module ProxyLODMeshReduction (177)
[2018.11.09-08.48.49:836][356]LogModuleManager: Shutting down and abandoning module SimplygonMeshReduction (175)
[2018.11.09-08.48.49:836][356]LogModuleManager: Shutting down and abandoning module QuadricMeshReduction (173)
[2018.11.09-08.48.49:836][356]LogModuleManager: Shutting down and abandoning module MaterialBaking (169)
[2018.11.09-08.48.49:837][356]LogModuleManager: Shutting down and abandoning module DirectoryWatcher (165)
[2018.11.09-08.48.49:837][356]LogModuleManager: Shutting down and abandoning module DerivedDataCache (162)
[2018.11.09-08.48.49:937][356]LogDerivedDataCache: Shutdown
[2018.11.09-08.48.49:937][356]LogModuleManager: Shutting down and abandoning module XGEController (160)
[2018.11.09-08.48.49:937][356]LogXGEController: Cleaning working directory: C:/Users/impixel/AppData/Local/Temp/UnrealXGEWorkingDir/
[2018.11.09-08.48.49:938][356]LogModuleManager: Shutting down and abandoning module TargetPlatform (158)
[2018.11.09-08.48.49:938][356]LogModuleManager: Shutting down and abandoning module VulkanShaderFormat (157)
[2018.11.09-08.48.49:938][356]LogModuleManager: Shutting down and abandoning module ShaderFormatVectorVM (155)
[2018.11.09-08.48.49:938][356]LogModuleManager: Shutting down and abandoning module ShaderFormatOpenGL (153)
[2018.11.09-08.48.49:938][356]LogModuleManager: Shutting down and abandoning module ShaderFormatD3D (151)
[2018.11.09-08.48.49:938][356]LogModuleManager: Shutting down and abandoning module MetalShaderFormat (149)
[2018.11.09-08.48.49:938][356]LogModuleManager: Shutting down and abandoning module TextureFormatUncompressed (147)
[2018.11.09-08.48.49:938][356]LogModuleManager: Shutting down and abandoning module TextureFormatPVR (145)
[2018.11.09-08.48.49:938][356]LogModuleManager: Shutting down and abandoning module TextureFormatDXT (143)
[2018.11.09-08.48.49:938][356]LogModuleManager: Shutting down and abandoning module TextureFormatIntelISPCTexComp (141)
[2018.11.09-08.48.49:938][356]LogModuleManager: Shutting down and abandoning module TextureFormatASTC (139)
[2018.11.09-08.48.49:938][356]LogModuleManager: Shutting down and abandoning module ImageWrapper (138)
[2018.11.09-08.48.49:938][356]LogModuleManager: Shutting down and abandoning module TextureFormatAndroid (135)
[2018.11.09-08.48.49:938][356]LogModuleManager: Shutting down and abandoning module AudioFormatOpus (133)
[2018.11.09-08.48.49:938][356]LogModuleManager: Shutting down and abandoning module AudioFormatOgg (131)
[2018.11.09-08.48.49:938][356]LogModuleManager: Shutting down and abandoning module AudioFormatADPCM (129)
[2018.11.09-08.48.49:938][356]LogModuleManager: Shutting down and abandoning module LuminTargetPlatform (127)
[2018.11.09-08.48.49:938][356]LogModuleManager: Shutting down and abandoning module LinuxTargetPlatform (125)
[2018.11.09-08.48.49:938][356]LogModuleManager: Shutting down and abandoning module LinuxServerTargetPlatform (123)
[2018.11.09-08.48.49:938][356]LogModuleManager: Shutting down and abandoning module LinuxNoEditorTargetPlatform (121)
[2018.11.09-08.48.49:938][356]LogModuleManager: Shutting down and abandoning module LinuxClientTargetPlatform (119)
[2018.11.09-08.48.49:938][356]LogModuleManager: Shutting down and abandoning module TVOSTargetPlatform (117)
[2018.11.09-08.48.49:940][356]LogModuleManager: Shutting down and abandoning module Messaging (115)
[2018.11.09-08.48.49:940][356]LogModuleManager: Shutting down and abandoning module IOSTargetPlatform (113)
[2018.11.09-08.48.49:941][356]LogModuleManager: Shutting down and abandoning module HTML5TargetPlatform (111)
[2018.11.09-08.48.49:941][356]LogModuleManager: Shutting down and abandoning module AndroidTargetPlatform (109)
[2018.11.09-08.48.49:950][356]LogModuleManager: Shutting down and abandoning module WindowsTargetPlatform (107)
[2018.11.09-08.48.49:950][356]LogModuleManager: Shutting down and abandoning module WindowsServerTargetPlatform (105)
[2018.11.09-08.48.49:950][356]LogModuleManager: Shutting down and abandoning module WindowsNoEditorTargetPlatform (103)
[2018.11.09-08.48.49:950][356]LogModuleManager: Shutting down and abandoning module WindowsClientTargetPlatform (101)
[2018.11.09-08.48.49:950][356]LogModuleManager: Shutting down and abandoning module MacTargetPlatform (99)
[2018.11.09-08.48.49:950][356]LogModuleManager: Shutting down and abandoning module MacServerTargetPlatform (97)
[2018.11.09-08.48.49:950][356]LogModuleManager: Shutting down and abandoning module MacNoEditorTargetPlatform (95)
[2018.11.09-08.48.49:950][356]LogModuleManager: Shutting down and abandoning module MacClientTargetPlatform (93)
[2018.11.09-08.48.49:950][356]LogModuleManager: Shutting down and abandoning module AllDesktopTargetPlatform (91)
[2018.11.09-08.48.49:950][356]LogModuleManager: Shutting down and abandoning module InputCore (88)
[2018.11.09-08.48.49:950][356]LogModuleManager: Shutting down and abandoning module Settings (86)
[2018.11.09-08.48.49:950][356]LogModuleManager: Shutting down and abandoning module PhysXCooking (84)
[2018.11.09-08.48.49:950][356]LogModuleManager: Shutting down and abandoning module SteamVR (82)
[2018.11.09-08.48.49:950][356]LogModuleManager: Shutting down and abandoning module OculusHMD (80)
[2018.11.09-08.48.49:950][356]LogModuleManager: Shutting down and abandoning module ExampleDeviceProfileSelector (78)
[2018.11.09-08.48.49:950][356]LogModuleManager: Shutting down and abandoning module LauncherChunkInstaller (76)
[2018.11.09-08.48.49:950][356]LogModuleManager: Shutting down and abandoning module OnlineBlueprintSupport (74)
[2018.11.09-08.48.49:950][356]LogModuleManager: Shutting down and abandoning module OnlineSubsystem (70)
[2018.11.09-08.48.49:952][356]LogModuleManager: Shutting down and abandoning module XMPP (65)
[2018.11.09-08.48.49:952][356]LogModuleManager: Shutting down and abandoning module WebSockets (64)
[2018.11.09-08.48.49:968][356]LogModuleManager: Shutting down and abandoning module HTTP (61)
[2018.11.09-08.48.49:968][356]LogHttp: Display: Http module shutting down, but needs to wait on 1 outstanding Http requests:
[2018.11.09-08.48.49:968][356]LogHttp: Display: 	verb=[POST] url=[https://datarouter.ol.epicgames.com/datarouter/api/v1/public/data?SessionID=%7BFB70FE93-4C0B-4E0D-5164-878A7D66B671%7D&AppID=UEEditor.Rocket.Release&AppVersion=4.20.3-4369336%2B%2B%2BUE4%2BRelease-4.20&UserID=78b04c4642704aa7c867e6bcf33bc2b1%7Ccbdf6a7222434569bdc52afaf73ebf00%7Cdc1ad8e8-82e7-421f-a93d-124fc2f5480a&AppEnvironment=datacollector-binary&UploadType=eteventstream] status=Processing
[2018.11.09-08.48.50:000][356]LogModuleManager: Shutting down and abandoning module SSL (60)
[2018.11.09-08.48.50:001][356]LogModuleManager: Shutting down and abandoning module MagicLeapEmulator (56)
[2018.11.09-08.48.50:002][356]LogModuleManager: Shutting down and abandoning module MagicLeapPrivileges (54)
[2018.11.09-08.48.50:002][356]LogModuleManager: Shutting down and abandoning module MagicLeapIdentity (52)
[2018.11.09-08.48.50:002][356]LogModuleManager: Shutting down and abandoning module MagicLeapHelperVulkan (50)
[2018.11.09-08.48.50:002][356]LogModuleManager: Shutting down and abandoning module MagicLeapHelperOpenGL (48)
[2018.11.09-08.48.50:002][356]LogModuleManager: Shutting down and abandoning module MagicLeapSecureStorage (46)
[2018.11.09-08.48.50:002][356]LogModuleManager: Shutting down and abandoning module MagicLeapGestures (44)
[2018.11.09-08.48.50:002][356]LogModuleManager: Shutting down and abandoning module MagicLeapEyeTracker (42)
[2018.11.09-08.48.50:002][356]LogModuleManager: Shutting down and abandoning module MagicLeapController (40)
[2018.11.09-08.48.50:002][356]LogSlate: Slate User Destroyed.  User Index 0, Is Virtual User: 0
[2018.11.09-08.48.50:002][356]LogModuleManager: Shutting down and abandoning module MagicLeap (38)
[2018.11.09-08.48.50:002][356]LogModuleManager: Shutting down and abandoning module AnimationModifiers (36)
[2018.11.09-08.48.50:002][356]LogModuleManager: Shutting down and abandoning module PropertyEditor (35)
[2018.11.09-08.48.50:002][356]LogModuleManager: Shutting down and abandoning module AudioEditor (32)
[2018.11.09-08.48.50:002][356]LogModuleManager: Shutting down and abandoning module TextureCompressor (30)
[2018.11.09-08.48.50:002][356]LogModuleManager: Shutting down and abandoning module ShaderCore (28)
[2018.11.09-08.48.50:002][356]LogModuleManager: Shutting down and abandoning module Landscape (26)
[2018.11.09-08.48.50:002][356]LogModuleManager: Shutting down and abandoning module SlateRHIRenderer (24)
[2018.11.09-08.48.50:003][356]LogModuleManager: Shutting down and abandoning module OpenGLDrv (22)
[2018.11.09-08.48.50:003][356]LogModuleManager: Shutting down and abandoning module D3D11RHI (20)
[2018.11.09-08.48.50:003][356]LogModuleManager: Shutting down and abandoning module AnimGraphRuntime (18)
[2018.11.09-08.48.50:003][356]LogModuleManager: Shutting down and abandoning module Renderer (16)
[2018.11.09-08.48.50:003][356]LogModuleManager: Shutting down and abandoning module Engine (14)
[2018.11.09-08.48.50:003][356]LogModuleManager: Shutting down and abandoning module CoreUObject (12)
[2018.11.09-08.48.50:003][356]LogModuleManager: Shutting down and abandoning module NetworkFile (10)
[2018.11.09-08.48.50:003][356]LogModuleManager: Shutting down and abandoning module CookedIterativeFile (8)
[2018.11.09-08.48.50:003][356]LogModuleManager: Shutting down and abandoning module StreamingFile (6)
[2018.11.09-08.48.50:003][356]LogModuleManager: Shutting down and abandoning module SandboxFile (4)
[2018.11.09-08.48.50:003][356]LogModuleManager: Shutting down and abandoning module PakFile (2)
[2018.11.09-08.48.50:034][356]LogExit: Exiting.
[2018.11.09-08.48.50:052][356]Log file closed, 11/09/18 16:48:50
