Log file open, 11/08/18 11:26:24
LogWindows: Failed to load 'aqProf.dll' (GetLastError=126)
LogWindows: File 'aqProf.dll' does not exist
LogWindows: Failed to load 'VSPerf140.dll' (GetLastError=126)
LogWindows: File 'VSPerf140.dll' does not exist
LogWindows: Failed to load 'VtuneApi.dll' (GetLastError=126)
LogWindows: File 'VtuneApi.dll' does not exist
LogWindows: Failed to load 'VtuneApi32e.dll' (GetLastError=126)
LogWindows: File 'VtuneApi32e.dll' does not exist
LogInit: Display: Running engine for game: FYP_Prototype
LogPlatformFile: Not using cached read wrapper
LogTaskGraph: Started task graph with 5 named threads and 23 total threads with 3 sets of task threads.
LogStats: Stats thread started at 0.272481
LogD3D11RHI: Loaded GFSDK_Aftermath_Lib.x64.dll
LogICUInternationalization: Display: ICU TimeZone Detection - Raw Offset: +8:00, Platform Override: ''
LogPluginManager: Mounting plugin Paper2D
LogPluginManager: Mounting plugin AISupport
LogPluginManager: Mounting plugin LightPropagationVolume
LogPluginManager: Mounting plugin CLionSourceCodeAccess
LogPluginManager: Mounting plugin CodeLiteSourceCodeAccess
LogPluginManager: Mounting plugin GitSourceControl
LogPluginManager: Mounting plugin KDevelopSourceCodeAccess
LogPluginManager: Mounting plugin NullSourceCodeAccess
LogPluginManager: Mounting plugin PerforceSourceControl
LogPluginManager: Mounting plugin SubversionSourceControl
LogPluginManager: Mounting plugin UObjectPlugin
LogPluginManager: Mounting plugin VisualStudioCodeSourceCodeAccess
LogPluginManager: Mounting plugin VisualStudioSourceCodeAccess
LogPluginManager: Mounting plugin XCodeSourceCodeAccess
LogPluginManager: Mounting plugin AssetManagerEditor
LogPluginManager: Mounting plugin CryptoKeys
LogPluginManager: Mounting plugin DataValidation
LogPluginManager: Mounting plugin FacialAnimation
LogPluginManager: Mounting plugin GameplayTagsEditor
LogPluginManager: Mounting plugin MacGraphicsSwitching
LogPluginManager: Mounting plugin MeshEditor
LogPluginManager: Mounting plugin MobileLauncherProfileWizard
LogPluginManager: Mounting plugin PluginBrowser
LogPluginManager: Mounting plugin SpeedTreeImporter
LogPluginManager: Mounting plugin DatasmithContent
LogPluginManager: Mounting plugin AlembicImporter
LogPluginManager: Mounting plugin AppleImageUtils
LogPluginManager: Mounting plugin AppleVision
LogPluginManager: Mounting plugin BackChannel
LogPluginManager: Mounting plugin CharacterAI
LogPluginManager: Mounting plugin GeometryCache
LogPluginManager: Mounting plugin HTML5Networking
LogPluginManager: Mounting plugin ProxyLODPlugin
LogPluginManager: Mounting plugin MagicLeap
LogPluginManager: Mounting plugin MagicLeapEmulator
LogPluginManager: Mounting plugin MagicLeapMedia
LogPluginManager: Mounting plugin DonAINavigation
LogPluginManager: Mounting plugin AndroidMedia
LogPluginManager: Mounting plugin AvfMedia
LogPluginManager: Mounting plugin ImgMedia
LogPluginManager: Mounting plugin LinearTimecode
LogPluginManager: Mounting plugin MediaCompositing
LogPluginManager: Mounting plugin MediaPlayerEditor
LogPluginManager: Mounting plugin WmfMedia
LogPluginManager: Mounting plugin TcpMessaging
LogPluginManager: Mounting plugin UdpMessaging
LogPluginManager: Mounting plugin ActorSequence
LogPluginManager: Mounting plugin LevelSequenceEditor
LogPluginManager: Mounting plugin MatineeToLevelSequence
LogPluginManager: Mounting plugin NetcodeUnitTest
LogPluginManager: Mounting plugin NUTUnrealEngine4
LogPluginManager: Mounting plugin OnlineSubsystemGooglePlay
LogPluginManager: Mounting plugin OnlineSubsystemIOS
LogPluginManager: Mounting plugin OnlineSubsystem
LogPluginManager: Mounting plugin OnlineSubsystemNull
LogPluginManager: Mounting plugin OnlineSubsystemUtils
LogPluginManager: Mounting plugin LauncherChunkInstaller
LogPluginManager: Mounting plugin AndroidDeviceProfileSelector
LogPluginManager: Mounting plugin AndroidMoviePlayer
LogPluginManager: Mounting plugin AndroidPermission
LogPluginManager: Mounting plugin AppleMoviePlayer
LogPluginManager: Mounting plugin ArchVisCharacter
LogPluginManager: Mounting plugin AudioCapture
LogPluginManager: Mounting plugin CableComponent
LogPluginManager: Mounting plugin CustomMeshComponent
LogPluginManager: Mounting plugin EditableMesh
LogPluginManager: Mounting plugin ExampleDeviceProfileSelector
LogPluginManager: Mounting plugin GoogleCloudMessaging
LogPluginManager: Mounting plugin ImmediatePhysics
LogPluginManager: Mounting plugin IOSDeviceProfileSelector
LogPluginManager: Mounting plugin LinuxDeviceProfileSelector
LogPluginManager: Mounting plugin LocationServicesBPLibrary
LogPluginManager: Mounting plugin MobilePatchingUtils
LogPluginManager: Mounting plugin OculusVR
LogPluginManager: Plugin shader directory ../../../Engine/Plugins/Runtime/Oculus/OculusVR/Shaders found
LogPluginManager: Mapping shader source directory ../../../Engine/Plugins/Runtime/Oculus/OculusVR/Shaders to virtual directory /Plugin/OculusVR
LogPluginManager: Mounting plugin PhysXVehicles
LogPluginManager: Mounting plugin ProceduralMeshComponent
LogPluginManager: Mounting plugin RuntimePhysXCooking
LogPluginManager: Mounting plugin SteamVR
LogPluginManager: Mounting plugin WindowsMoviePlayer
LogStreaming: Display: Took  0.086s to configure plugins.
LogInit: Using libcurl 7.55.1-DEV
LogInit:  - built for x86_64-pc-win32
LogInit:  - supports SSL with OpenSSL/1.0.2h
LogInit:  - supports HTTP deflate (compression) using libz 1.2.8
LogInit:  - other features:
LogInit:      CURL_VERSION_SSL
LogInit:      CURL_VERSION_LIBZ
LogInit:      CURL_VERSION_IPV6
LogInit:      CURL_VERSION_ASYNCHDNS
LogInit:      CURL_VERSION_LARGEFILE
LogInit:      CURL_VERSION_IDN
LogInit:  CurlRequestOptions (configurable via config and command line):
LogInit:  - bVerifyPeer = false  - Libcurl will NOT verify peer certificate
LogInit:  - bUseHttpProxy = false  - Libcurl will NOT use HTTP proxy
LogInit:  - bDontReuseConnections = false  - Libcurl will reuse connections
LogInit:  - CertBundlePath = nullptr  - Libcurl will use whatever was configured at build time.
LogInit:  - MaxHostConnections = 16  - Libcurl will limit the number of connections to a host
LogInit:  - LocalHostAddr = Default
LogInit:  - BufferSize = 65536
LogInit: WinSock: version 1.1 (2.2), MaxSocks=32767, MaxUdp=65467
LogHMD: Failed initializing OVRPlugin 1.25.0
LogInit: Build: ++UE4+Release-4.20-CL-4302132
LogInit: Engine Version: 4.20.2-4302132+++UE4+Release-4.20
LogInit: Compatible Engine Version: 4.20.0-4212847+++UE4+Release-4.20
LogInit: Net CL: 4212847
LogInit: OS: Windows 10 (), CPU: Intel(R) Core(TM) i7-7700HQ CPU @ 2.80GHz, GPU: Intel(R) HD Graphics 630
LogInit: Compiled (64-bit): Aug 21 2018 02:06:06
LogInit: Compiled with Visual C++: 19.13.26129.00
LogInit: Build Configuration: Development
LogInit: Branch Name: ++UE4+Release-4.20
LogInit: Command Line:  
LogInit: Base Directory: C:/Program Files/Epic Games/UE_4.20/Engine/Binaries/Win64/
LogInit: Installed Engine Build: 1
LogDevObjectVersion: Number of dev versions registered: 20
LogDevObjectVersion:   Dev-Blueprints (B0D832E4-1F89-4F0D-ACCF-7EB736FD4AA2): 10
LogDevObjectVersion:   Dev-Build (E1C64328-A22C-4D53-A36C-8E866417BD8C): 0
LogDevObjectVersion:   Dev-Core (375EC13C-06E4-48FB-B500-84F0262A717E): 2
LogDevObjectVersion:   Dev-Editor (E4B068ED-F494-42E9-A231-DA0B2E46BB41): 24
LogDevObjectVersion:   Dev-Framework (CFFC743F-43B0-4480-9391-14DF171D2073): 34
LogDevObjectVersion:   Dev-Mobile (B02B49B5-BB20-44E9-A304-32B752E40360): 2
LogDevObjectVersion:   Dev-Networking (A4E4105C-59A1-49B5-A7C5-40C4547EDFEE): 0
LogDevObjectVersion:   Dev-Online (39C831C9-5AE6-47DC-9A44-9C173E1C8E7C): 0
LogDevObjectVersion:   Dev-Physics (78F01B33-EBEA-4F98-B9B4-84EACCB95AA2): 0
LogDevObjectVersion:   Dev-Platform (6631380F-2D4D-43E0-8009-CF276956A95A): 0
LogDevObjectVersion:   Dev-Rendering (12F88B9F-8875-4AFC-A67C-D90C383ABD29): 26
LogDevObjectVersion:   Dev-Sequencer (7B5AE74C-D270-4C10-A958-57980B212A5A): 9
LogDevObjectVersion:   Dev-VR (D7296918-1DD6-4BDD-9DE2-64A83CC13884): 2
LogDevObjectVersion:   Dev-LoadTimes (C2A15278-BFE7-4AFE-6C17-90FF531DF755): 1
LogDevObjectVersion:   Private-Geometry (6EACA3D4-40EC-4CC1-B786-8BED09428FC5): 3
LogDevObjectVersion:   Dev-AnimPhys (29E575DD-E0A3-4627-9D10-D276232CDCEA): 17
LogDevObjectVersion:   Dev-ReflectionCapture (6B266CEC-1EC7-4B8F-A30B-E4D90942FC07): 1
LogDevObjectVersion:   Dev-Automation (0DF73D61-A23F-47EA-B727-89E90C41499A): 1
LogDevObjectVersion:   FortniteMain (601D1886-AC64-4F84-AA16-D3DE0DEAC7D6): 12
LogDevObjectVersion:   Dev-Enterprise (9DFFBCD6-494F-0158-E221-12823C92A888): 1
LogStreaming: Display: Took  0.002s to delete old logs.
LogInit: Presizing for max 8388607 objects, including 0 objects not considered by GC, pre-allocating 0 bytes for permanent pool.
LogInit: Object subsystem initialized
[2018.11.08-03.26.25:362][  0]LogInit: Selected Device Profile: [Windows]
[2018.11.08-03.26.25:362][  0]LogInit: Applying CVar settings loaded from the selected device profile: [Windows]
[2018.11.08-03.26.25:375][  0]LogHAL: Display: Platform has ~ 16 GB [17068404736 / 17179869184 / 16], which maps to Larger [LargestMinGB=32, LargerMinGB=12, DefaultMinGB=8, SmallerMinGB=6, SmallestMinGB=0)
[2018.11.08-03.26.25:375][  0]LogInit: Setting Device Profile CVar: [[r.Vulkan.UseRealUBs:1]]
[2018.11.08-03.26.25:375][  0]LogInit: Going up to parent DeviceProfile []
[2018.11.08-03.26.25:375][  0]LogInit: Computer: LAPTOP-7KGPSIV0
[2018.11.08-03.26.25:375][  0]LogInit: User: SIDM
[2018.11.08-03.26.25:375][  0]LogInit: CPU Page size=4096, Cores=4
[2018.11.08-03.26.25:376][  0]LogInit: High frequency timer resolution =2.742189 MHz
[2018.11.08-03.26.25:376][  0]LogMemory: Memory total: Physical=15.9GB (16GB approx)
[2018.11.08-03.26.25:376][  0]LogMemory: Platform Memory Stats for Windows
[2018.11.08-03.26.25:376][  0]LogMemory: Process Physical Memory: 103.40 MB used, 103.40 MB peak
[2018.11.08-03.26.25:376][  0]LogMemory: Process Virtual Memory: 96.26 MB used, 96.26 MB peak
[2018.11.08-03.26.25:376][  0]LogMemory: Physical Memory: 5626.43 MB used,  10651.27 MB free, 16277.70 MB total
[2018.11.08-03.26.25:376][  0]LogMemory: Virtual Memory: 4657.12 MB used,  10651.27 MB free, 134217728.00 MB total
[2018.11.08-03.26.25:391][  0]LogInit: Using OS detected language (en-US).
[2018.11.08-03.26.25:391][  0]LogInit: Using OS detected locale (en-SG).
[2018.11.08-03.26.25:392][  0]LogTextLocalizationManager: No specific localization for 'en-US' exists, so the 'en' localization will be used.
[2018.11.08-03.26.25:748][  0]LogStreaming: Display: Took  0.357s to InitEngineTextLocalization.
[2018.11.08-03.26.25:788][  0]LogSlate: New Slate User Created.  User Index 0, Is Virtual User: 0
[2018.11.08-03.26.25:788][  0]LogSlate: Slate User Registered.  User Index 0, Is Virtual User: 0
[2018.11.08-03.26.25:968][  0]LogHMD: Failed to initialize OpenVR with code 110
[2018.11.08-03.26.25:968][  0]LogD3D11RHI: D3D11 adapters:
[2018.11.08-03.26.26:045][  0]LogD3D11RHI:    0. 'NVIDIA GeForce GTX 1060' (Feature Level 11_0)
[2018.11.08-03.26.26:045][  0]LogD3D11RHI:       6052/0/8138 MB DedicatedVideo/DedicatedSystem/SharedSystem, Outputs:1, VendorId:0x10de
[2018.11.08-03.26.26:057][  0]LogD3D11RHI:    1. 'Intel(R) HD Graphics 630' (Feature Level 11_0)
[2018.11.08-03.26.26:057][  0]LogD3D11RHI:       128/0/8138 MB DedicatedVideo/DedicatedSystem/SharedSystem, Outputs:0, VendorId:0x8086
[2018.11.08-03.26.26:059][  0]LogD3D11RHI:    2. 'Microsoft Basic Render Driver' (Feature Level 11_0)
[2018.11.08-03.26.26:059][  0]LogD3D11RHI:       0/0/8138 MB DedicatedVideo/DedicatedSystem/SharedSystem, Outputs:0, VendorId:0x1414
[2018.11.08-03.26.26:059][  0]LogD3D11RHI: Chosen D3D11 Adapter: 0
[2018.11.08-03.26.26:076][  0]LogD3D11RHI: Creating new Direct3DDevice
[2018.11.08-03.26.26:076][  0]LogD3D11RHI:     GPU DeviceId: 0x1c20 (for the marketing name, search the web for "GPU Device Id")
[2018.11.08-03.26.26:076][  0]LogWindows: EnumDisplayDevices:
[2018.11.08-03.26.26:076][  0]LogWindows:    0. 'Intel(R) HD Graphics 630' (P:1 D:1)
[2018.11.08-03.26.26:077][  0]LogWindows:    1. 'Intel(R) HD Graphics 630' (P:0 D:0)
[2018.11.08-03.26.26:077][  0]LogWindows:    2. 'Intel(R) HD Graphics 630' (P:0 D:0)
[2018.11.08-03.26.26:077][  0]LogWindows:    3. 'NVIDIA GeForce GTX 1060' (P:0 D:0)
[2018.11.08-03.26.26:077][  0]LogWindows: DebugString: PrimaryIsNotTheChoosenAdapter PrimaryIsNotTheChoosenAdapter PrimaryIsNotTheChoosenAdapter 
[2018.11.08-03.26.26:077][  0]LogD3D11RHI:     Adapter Name: NVIDIA GeForce GTX 1060
[2018.11.08-03.26.26:077][  0]LogD3D11RHI:   Driver Version: 398.82 (internal:24.21.13.9882, unified:398.82)
[2018.11.08-03.26.26:077][  0]LogD3D11RHI:      Driver Date: 7-30-2018
[2018.11.08-03.26.26:077][  0]LogRHI: Texture pool is 4236 MB (70% of 6052 MB)
[2018.11.08-03.26.26:112][  0]LogD3D11RHI: Async texture creation enabled
[2018.11.08-03.26.26:128][  0]LogD3D11RHI: GPU Timing Frequency: 1000.000000 (Debug: 2 2)
[2018.11.08-03.26.26:130][  0]LogShaderCompilers: Guid format shader working directory is -23 characters bigger than the processId version (../../../../../../Users/SIDM/Documents/GitHub/FYP/Main/FYP_Prototype/Intermediate/Shaders/WorkingDirectory/3272/).
[2018.11.08-03.26.26:130][  0]LogShaderCompilers: Cleaned the shader compiler working directory 'C:/Users/SIDM/AppData/Local/Temp/UnrealShaderWorkingDir/F8A5AF9A4A9C74EFF87E5EB32DFB25E4/'.
[2018.11.08-03.26.26:358][  0]LogTemp: Display: Loaded TP AllDesktopTargetPlatform
[2018.11.08-03.26.26:371][  0]LogTemp: Display: Loaded TP MacClientTargetPlatform
[2018.11.08-03.26.26:386][  0]LogTemp: Display: Loaded TP MacNoEditorTargetPlatform
[2018.11.08-03.26.26:400][  0]LogTemp: Display: Loaded TP MacServerTargetPlatform
[2018.11.08-03.26.26:413][  0]LogTemp: Display: Loaded TP MacTargetPlatform
[2018.11.08-03.26.26:427][  0]LogTemp: Display: Loaded TP WindowsClientTargetPlatform
[2018.11.08-03.26.26:440][  0]LogTemp: Display: Loaded TP WindowsNoEditorTargetPlatform
[2018.11.08-03.26.26:452][  0]LogTemp: Display: Loaded TP WindowsServerTargetPlatform
[2018.11.08-03.26.26:458][  0]LogTemp: Display: Loaded TP WindowsTargetPlatform
[2018.11.08-03.26.26:530][  0]LogTemp: Display: Loaded TP AndroidTargetPlatform
[2018.11.08-03.26.26:531][  0]LogTemp: Display: Loaded TP AndroidTargetPlatform
[2018.11.08-03.26.26:531][  0]LogTemp: Display: Loaded TP AndroidTargetPlatform
[2018.11.08-03.26.26:531][  0]LogTemp: Display: Loaded TP AndroidTargetPlatform
[2018.11.08-03.26.26:531][  0]LogTemp: Display: Loaded TP AndroidTargetPlatform
[2018.11.08-03.26.26:531][  0]LogTemp: Display: Loaded TP AndroidTargetPlatform
[2018.11.08-03.26.26:531][  0]LogTemp: Display: Loaded TP AndroidTargetPlatform
[2018.11.08-03.26.26:531][  0]LogTemp: Display: Loaded TP AndroidTargetPlatform
[2018.11.08-03.26.26:531][  0]LogTemp: Display: Loaded TP AndroidTargetPlatform
[2018.11.08-03.26.26:531][  0]LogTemp: Display: Loaded TP AndroidTargetPlatform
[2018.11.08-03.26.26:531][  0]LogTemp: Display: Loaded TP AndroidTargetPlatform
[2018.11.08-03.26.26:531][  0]LogTemp: Display: Loaded TP AndroidTargetPlatform
[2018.11.08-03.26.26:531][  0]LogTemp: Display: Loaded TP AndroidTargetPlatform
[2018.11.08-03.26.26:531][  0]LogTemp: Display: Loaded TP AndroidTargetPlatform
[2018.11.08-03.26.26:531][  0]LogTemp: Display: Loaded TP AndroidTargetPlatform
[2018.11.08-03.26.26:531][  0]LogTemp: Display: Loaded TP AndroidTargetPlatform
[2018.11.08-03.26.26:531][  0]LogTemp: Display: Loaded TP AndroidTargetPlatform
[2018.11.08-03.26.26:531][  0]LogTemp: Display: Loaded TP AndroidTargetPlatform
[2018.11.08-03.26.26:532][  0]LogTemp: Display: Loaded TP HTML5TargetPlatform
[2018.11.08-03.26.26:591][  0]LogTemp: Display: Loaded TP IOSTargetPlatform
[2018.11.08-03.26.26:591][  0]LogTemp: Display: Loaded TP IOSTargetPlatform
[2018.11.08-03.26.26:614][  0]LogTemp: Display: Loaded TP TVOSTargetPlatform
[2018.11.08-03.26.26:614][  0]LogTemp: Display: Loaded TP TVOSTargetPlatform
[2018.11.08-03.26.26:624][  0]LogTemp: Display: Loaded TP LinuxClientTargetPlatform
[2018.11.08-03.26.26:635][  0]LogTemp: Display: Loaded TP LinuxNoEditorTargetPlatform
[2018.11.08-03.26.26:647][  0]LogTemp: Display: Loaded TP LinuxServerTargetPlatform
[2018.11.08-03.26.26:659][  0]LogTemp: Display: Loaded TP LinuxTargetPlatform
[2018.11.08-03.26.26:667][  0]LogTemp: Display: Loaded TP LuminTargetPlatform
[2018.11.08-03.26.26:667][  0]LogTargetPlatformManager: Display: Building Assets For Windows
[2018.11.08-03.26.26:715][  0]LogXGEController: Cannot use XGE Controller as Incredibuild is not installed on this machine.
[2018.11.08-03.26.26:715][  0]LogShaderCompilers: Cannot use XGE Shader Compiler as Incredibuild is not installed on this machine.
[2018.11.08-03.26.26:715][  0]LogShaderCompilers: Display: Using Local Shader Compiler.
[2018.11.08-03.26.27:383][  0]LogDerivedDataCache: Display: Max Cache Size: 512 MB
[2018.11.08-03.26.27:436][  0]LogDerivedDataCache: Loaded boot cache 0.05s 72MB C:/Users/SIDM/AppData/Local/UnrealEngine/4.20/DerivedDataCache/Boot.ddc.
[2018.11.08-03.26.27:436][  0]LogDerivedDataCache: Display: Loaded Boot cache: C:/Users/SIDM/AppData/Local/UnrealEngine/4.20/DerivedDataCache/Boot.ddc
[2018.11.08-03.26.27:436][  0]LogDerivedDataCache: FDerivedDataBackendGraph:  Pak pak cache file ../../../../../../Users/SIDM/Documents/GitHub/FYP/Main/FYP_Prototype/DerivedDataCache/DDC.ddp not found, will not use a pak cache.
[2018.11.08-03.26.27:436][  0]LogDerivedDataCache: Unable to find inner node Pak for hierarchical cache Hierarchy.
[2018.11.08-03.26.27:436][  0]LogDerivedDataCache: FDerivedDataBackendGraph:  CompressedPak pak cache file ../../../../../../Users/SIDM/Documents/GitHub/FYP/Main/FYP_Prototype/DerivedDataCache/Compressed.ddp not found, will not use a pak cache.
[2018.11.08-03.26.27:436][  0]LogDerivedDataCache: Unable to find inner node CompressedPak for hierarchical cache Hierarchy.
[2018.11.08-03.26.27:449][  0]LogDerivedDataCache: Display: Pak cache opened for reading ../../../Engine/DerivedDataCache/Compressed.ddp.
[2018.11.08-03.26.27:462][  0]LogDerivedDataCache: Using Local data cache path C:/Users/SIDM/AppData/Local/UnrealEngine/Common/DerivedDataCache: Writable
[2018.11.08-03.26.27:462][  0]LogDerivedDataCache: Shared data cache path not found in *engine.ini, will not use an Shared cache.
[2018.11.08-03.26.27:462][  0]LogDerivedDataCache: Unable to find inner node Shared for hierarchical cache Hierarchy.
[2018.11.08-03.26.27:478][  0]LogMaterial: Verifying Global Shaders for PCD3D_SM5
[2018.11.08-03.26.27:479][  0]LogSlate: Using FreeType 2.6.0
[2018.11.08-03.26.27:480][  0]LogSlate: SlateFontServices - WITH_FREETYPE: 1, WITH_HARFBUZZ: 1
[2018.11.08-03.26.27:549][  0]LogAssetRegistry: FAssetRegistry took 0.0256 seconds to start up
[2018.11.08-03.26.27:840][  0]LogInit: Selected Device Profile: [Windows]
[2018.11.08-03.26.27:969][  0]LogSimplygon: Simplygon DLL not present - disabling.
[2018.11.08-03.26.27:972][  0]LogMeshReduction: Using SimplygonSwarm for distributed automatic mesh merging
[2018.11.08-03.26.27:972][  0]LogMeshReduction: Using ProxyLODMeshReduction for automatic mesh merging
[2018.11.08-03.26.27:972][  0]LogMeshReduction: Using QuadricMeshReduction for automatic static mesh reduction
[2018.11.08-03.26.27:972][  0]LogMeshReduction: No automatic skeletal mesh reduction module available
[2018.11.08-03.26.27:993][  0]LogNetVersion: FYP_Prototype 1.0.0, NetCL: 4212847, EngineNetVer: 5, GameNetVer: 0 (Checksum: 1129731653)
[2018.11.08-03.26.28:491][  0]LogPackageLocalizationCache: Processed 12 localized package path(s) for 2 prioritized culture(s) in 0.111548 seconds
[2018.11.08-03.26.28:497][  0]LogUObjectArray: 38425 objects as part of root set at end of initial load.
[2018.11.08-03.26.28:497][  0]LogUObjectAllocator: 6690872 out of 0 bytes used by permanent object pool.
[2018.11.08-03.26.28:497][  0]LogUObjectArray: CloseDisregardForGC: 0/0 objects in disregard for GC pool
[2018.11.08-03.26.29:284][  0]LogTcpMessaging: Initializing TcpMessaging bridge
[2018.11.08-03.26.29:298][  0]LogUdpMessaging: Initializing bridge on interface 0.0.0.0:0 to multicast group 230.0.0.1:6666.
[2018.11.08-03.26.29:437][  0]SourceControl: Source control is disabled
[2018.11.08-03.26.29:437][  0]SourceControl: Source control is disabled
[2018.11.08-03.26.29:438][  0]SourceControl: Source control is disabled
[2018.11.08-03.26.29:439][  0]SourceControl: Source control is disabled
[2018.11.08-03.26.29:592][  0]LogAndroidPermission: UAndroidPermissionCallbackProxy::GetInstance
[2018.11.08-03.26.29:637][  0]LogOcInput: OculusInput pre-init called
[2018.11.08-03.26.29:698][  0]LogEngine: Initializing Engine...
[2018.11.08-03.26.29:699][  0]LogHMD: Failed to initialize OpenVR with code 110
[2018.11.08-03.26.29:700][  0]LogStats: UGameplayTagsManager::ConstructGameplayTagTree: ImportINI prefixes -  0.000 s
[2018.11.08-03.26.29:700][  0]LogStats: UGameplayTagsManager::ConstructGameplayTagTree: Construct from data asset -  0.000 s
[2018.11.08-03.26.29:700][  0]LogStats: UGameplayTagsManager::ConstructGameplayTagTree: ImportINI -  0.000 s
[2018.11.08-03.26.29:700][  0]LogStats: UGameplayTagsManager::ConstructGameplayTagTree: GameplayTagTreeChangedEvent.Broadcast -  0.000 s
[2018.11.08-03.26.29:905][  0]LogInit: Initializing FReadOnlyCVARCache
[2018.11.08-03.26.29:916][  0]LogAIModule: Creating AISystem for world Untitled
[2018.11.08-03.26.29:924][  0]LogInit: XAudio2 using 'Speakers (Realtek High Definition Audio)' : 2 channels at 48 kHz using 32 bits per sample (channel mask 0x3)
[2018.11.08-03.26.29:942][  0]LogInit: FAudioDevice initialized.
[2018.11.08-03.26.29:942][  0]LogNetVersion: Set ProjectVersion to 1.0.0.0. Version Checksum will be recalculated on next use.
[2018.11.08-03.26.29:985][  0]LogDerivedDataCache: Saved boot cache 0.04s 72MB C:/Users/SIDM/AppData/Local/UnrealEngine/4.20/DerivedDataCache/Boot.ddc.
[2018.11.08-03.26.29:989][  0]LogInit: Texture streaming: Enabled
[2018.11.08-03.26.30:002][  0]LogEngineSessionManager: EngineSessionManager initialized
[2018.11.08-03.26.30:012][  0]LogInit: Transaction tracking system initialized
[2018.11.08-03.26.30:029][  0]BlueprintLog: New page: Editor Load
[2018.11.08-03.26.30:088][  0]LocalizationService: Localization service is disabled
[2018.11.08-03.26.30:223][  0]LogLinker: Warning: Can't find file '/Game/FirstPersonBP/FirstPersonOverview'
[2018.11.08-03.26.30:223][  0]LogLinker: Warning: Can't find file '/Game/FirstPersonBP/FirstPersonOverview'
[2018.11.08-03.26.30:223][  0]LogUObjectGlobals: Warning: Failed to find object 'Class /Game/FirstPersonBP/FirstPersonOverview.FirstPersonOverview_C'
[2018.11.08-03.26.30:404][  0]LogCook: Display: Max memory allowance for cook 16384mb min free memory 0mb
[2018.11.08-03.26.30:404][  0]LogCook: Display: Mobile HDR setting 1
[2018.11.08-03.26.30:404][  0]LogGameplayTags: Display: UGameplayTagsManager::DoneAddingNativeTags. DelegateIsBound: 0
[2018.11.08-03.26.30:404][  0]LogStats: UGameplayTagsManager::ConstructGameplayTagTree: ImportINI prefixes -  0.000 s
[2018.11.08-03.26.30:404][  0]LogStats: UGameplayTagsManager::ConstructGameplayTagTree: Construct from data asset -  0.000 s
[2018.11.08-03.26.30:404][  0]LogStats: UGameplayTagsManager::ConstructGameplayTagTree: ImportINI -  0.000 s
[2018.11.08-03.26.30:404][  0]LogStats: UGameplayTagsManager::ConstructGameplayTagTree: GameplayTagTreeChangedEvent.Broadcast -  0.000 s
[2018.11.08-03.26.30:500][  0]LogFileCache: Scanning file cache for directory 'C:/Users/SIDM/Documents/GitHub/FYP/Main/FYP_Prototype/Content/' took 0.02s
[2018.11.08-03.26.30:500][  0]SourceControl: Source control is disabled
[2018.11.08-03.26.30:500][  0]Cmd: MAP LOAD FILE="../../../../../../Users/SIDM/Documents/GitHub/FYP/Main/FYP_Prototype/Content/VirtualRealityBP/Maps/StartupMap.umap" TEMPLATE=0 SHOWPROGRESS=1 FEATURELEVEL=3
[2018.11.08-03.26.30:500][  0]LightingResults: New page: Lighting Build
[2018.11.08-03.26.30:503][  0]MapCheck: New page: Map Check
[2018.11.08-03.26.30:503][  0]LightingResults: New page: Lighting Build
[2018.11.08-03.26.30:623][  0]LogAIModule: Creating AISystem for world StartupMap
[2018.11.08-03.26.30:631][  0]LogEditorServer: Finished looking for orphan Actors (0.000 secs)
[2018.11.08-03.26.30:652][  0]Cmd: MAP CHECKDEP NOCLEARLOG
[2018.11.08-03.26.30:708][  0]MapCheck: Map check complete: 0 Error(s), 0 Warning(s), took 55.546ms to complete.
[2018.11.08-03.26.30:708][  0]LogFileHelpers: Loading map 'StartupMap' took 0.207
[2018.11.08-03.26.30:794][  0]LogSlate: Updating window title bar state: overlay mode, drag disabled, window buttons hidden, title bar hidden
[2018.11.08-03.26.30:804][  0]LogSlate: Updating window title bar state: overlay mode, drag disabled, window buttons hidden, title bar hidden
[2018.11.08-03.26.30:811][  0]LogSlate: Updating window title bar state: overlay mode, drag disabled, window buttons hidden, title bar hidden
[2018.11.08-03.26.30:819][  0]LogSlate: Updating window title bar state: overlay mode, drag disabled, window buttons hidden, title bar hidden
[2018.11.08-03.26.30:823][  0]LogCollectionManager: Loaded 0 collections in 0.001159 seconds
[2018.11.08-03.26.30:864][  0]LogFileCache: Scanning file cache for directory 'C:/Users/SIDM/Documents/GitHub/FYP/Main/FYP_Prototype/Saved/Collections/' took 0.01s
[2018.11.08-03.26.30:864][  0]LogFileCache: Scanning file cache for directory 'C:/Users/SIDM/Documents/GitHub/FYP/Main/FYP_Prototype/Content/Developers/SIDM/Collections/' took 0.01s
[2018.11.08-03.26.30:864][  0]LogFileCache: Scanning file cache for directory 'C:/Users/SIDM/Documents/GitHub/FYP/Main/FYP_Prototype/Content/Collections/' took 0.01s
[2018.11.08-03.26.30:864][  0]LogCollectionManager: Rebuilt the GUID cache for 0 collections in 0.000000 seconds
[2018.11.08-03.26.30:872][  0]LogContentBrowser: Native class hierarchy populated in 0.0083 seconds. Added 2578 classes and 609 folders.
[2018.11.08-03.26.30:877][  0]LogContentBrowser: Native class hierarchy updated for 'WidgetCarousel' in 0.0002 seconds. Added 0 classes and 0 folders.
[2018.11.08-03.26.30:910][  0]LogContentBrowser: Native class hierarchy updated for 'AddContentDialog' in 0.0002 seconds. Added 0 classes and 0 folders.
[2018.11.08-03.26.30:914][  0]LogContentBrowser: Native class hierarchy updated for 'SceneOutliner' in 0.0003 seconds. Added 1 classes and 2 folders.
[2018.11.08-03.26.31:052][  0]LogDirectoryWatcher: Warning: Failed to begin reading directory changes for ../../../../../../Users/SIDM/Documents/GitHub/FYP/Main/FYP_Prototype/Plugins/. Error: The system cannot find the file specified. (0x00000002)
[2018.11.08-03.26.31:057][  0]LogSlate: Took 0.000187 seconds to synchronously load lazily loaded font '../../../Engine/Content/Slate/Fonts/Roboto-Regular.ttf' (155K)
[2018.11.08-03.26.31:058][  0]LogSlate: Took 0.000152 seconds to synchronously load lazily loaded font '../../../Engine/Content/Slate/Fonts/Roboto-Bold.ttf' (160K)
[2018.11.08-03.26.31:062][  0]LogSlate: Took 0.000193 seconds to synchronously load lazily loaded font '../../../Engine/Content/Editor/Slate/Fonts/FontAwesome.ttf' (139K)
[2018.11.08-03.26.31:110][  0]LogRenderer: Reallocating scene render targets to support 920x484 Format 26 NumSamples 1 (Frame:1).
[2018.11.08-03.26.31:223][  0]LogContentBrowser: Native class hierarchy updated for 'HierarchicalLODOutliner' in 0.0002 seconds. Added 0 classes and 0 folders.
[2018.11.08-03.26.31:223][  0]LogLoad: (Engine Initialization) Total time: 7.78 seconds
[2018.11.08-03.26.31:223][  0]LogLoad: (Engine Initialization) Total Blueprint compile time: 0.00 seconds
[2018.11.08-03.26.31:242][  0]LogWindowsTextInputMethodSystem: Display: IME system now deactivated.
[2018.11.08-03.26.31:284][  0]LogContentStreaming: Texture pool size now 1000 MB
[2018.11.08-03.26.31:301][  0]LogSlate: Took 0.000148 seconds to synchronously load lazily loaded font '../../../Engine/Content/Slate/Fonts/Roboto-Light.ttf' (167K)
[2018.11.08-03.26.31:339][  1]LogAssetRegistry: Asset discovery search completed in 3.8111 seconds
[2018.11.08-03.26.31:340][  1]LogCollectionManager: Rebuilt the object cache for 0 collections in 0.000000 seconds (found 0 objects)
[2018.11.08-03.26.31:340][  1]LogCollectionManager: Fixed up redirectors for 0 collections in 0.000040 seconds (updated 0 objects)
[2018.11.08-03.26.32:267][ 53]LogSlate: Took 0.000206 seconds to synchronously load lazily loaded font '../../../Engine/Content/Slate/Fonts/Roboto-Light.ttf' (167K)
[2018.11.08-03.26.36:328][297]LogFileCache: Retrieving MD5 hashes for directory 'C:/Users/SIDM/Documents/GitHub/FYP/Main/FYP_Prototype/Content/' took 5.07s
[2018.11.08-03.27.54:254][972]LogSlate: FSceneViewport::OnFocusLost() reason 0
[2018.11.08-03.27.56:552][110]LogSlate: FSceneViewport::OnFocusLost() reason 0
[2018.11.08-03.27.57:372][121]LogBlueprint: Warning: [Compiler PersistentLevel.MotionControllerMap] OnActorBeginOverlap (None)  is referencing an Actor that no longer exists. Attached logic will never execute.
[2018.11.08-03.27.57:376][121]LogBlueprint: Error: [Compiler PersistentLevel.MotionControllerMap] Couldn't find object for bound event node  OnActorBeginOverlap (None)
[2018.11.08-03.27.57:376][121]LogBlueprint: Warning: [Compiler PersistentLevel.MotionControllerMap] [0093.93] Compile of PersistentLevel.MotionControllerMap failed. 1 Fatal Issue(s) 1 Warning(s) [in 17 ms] (/Game/VirtualRealityBP/Maps/MotionControllerMap.MotionControllerMap:PersistentLevel.MotionControllerMap)
[2018.11.08-03.27.57:990][121]LogAIModule: Creating AISystem for world MotionControllerMap
[2018.11.08-03.27.58:085][121]LogAssetEditorManager: Opening Asset editor for World /Game/VirtualRealityBP/Maps/MotionControllerMap.MotionControllerMap
[2018.11.08-03.27.58:114][121]Cmd: MAP LOAD FILE="../../../../../../Users/SIDM/Documents/GitHub/FYP/Main/FYP_Prototype/Content/VirtualRealityBP/Maps/MotionControllerMap.umap" TEMPLATE=0 SHOWPROGRESS=1 FEATURELEVEL=3
[2018.11.08-03.27.58:114][121]LightingResults: New page: Lighting Build
[2018.11.08-03.27.58:115][121]LoadErrors: New page: Loading map: MotionControllerMap.umap
[2018.11.08-03.27.58:115][121]MapCheck: New page: Map Check
[2018.11.08-03.27.58:116][121]LightingResults: New page: Lighting Build
[2018.11.08-03.27.58:304][121]LogEditorServer: Finished looking for orphan Actors (0.000 secs)
[2018.11.08-03.27.58:366][121]Cmd: MAP CHECKDEP NOCLEARLOG
[2018.11.08-03.27.58:467][121]MapCheck: Map check complete: 0 Error(s), 0 Warning(s), took 100.843ms to complete.
[2018.11.08-03.27.58:467][121]LogFileHelpers: Loading map 'MotionControllerMap' took 0.354
[2018.11.08-03.28.38:871][963]Cmd: EDIT PASTE
[2018.11.08-03.28.56:597][878]LogSlate: Window 'Plugins' being destroyed
[2018.11.08-03.28.56:600][878]LogSlate: Window 'Plugins' being destroyed
[2018.11.08-03.28.56:600][878]LogDirectoryWatcher: A directory notification for '../../../Engine/Plugins/' was aborted.
[2018.11.08-03.29.01:364][100]LogUObjectGlobals: Warning: Failed to find object 'Object None.'
[2018.11.08-03.29.01:364][100]LogUObjectGlobals: Warning: Failed to find object 'Object None.'
[2018.11.08-03.29.03:862][246]LogAssetEditorManager: Opening Asset editor for LevelScriptBlueprint /Game/VirtualRealityBP/Maps/MotionControllerMap.MotionControllerMap:PersistentLevel.MotionControllerMap
[2018.11.08-03.29.04:321][246]LogContentBrowser: Native class hierarchy updated for 'BlueprintGraph' in 0.0005 seconds. Added 116 classes and 0 folders.
[2018.11.08-03.29.05:007][246]LogSlate: Took 0.000271 seconds to synchronously load lazily loaded font '../../../Engine/Content/Slate/Fonts/Roboto-BoldCondensed.ttf' (158K)
[2018.11.08-03.29.05:159][247]LogSlate: Took 0.000317 seconds to synchronously load lazily loaded font '../../../Engine/Content/Slate/Fonts/Roboto-Italic.ttf' (157K)
[2018.11.08-03.29.50:328][362]LogProperty: Warning: ObjectProperty /Script/BlueprintGraph.K2Node_Literal:ObjectRef: unresolved reference to 'DonNavigationManager'"/Game/VirtualRealityBP/Maps/MotionControllerMap.MotionControllerMap:PersistentLevel.DonNavigationManager_1"''
[2018.11.08-03.29.57:002][754]LogEditorTransaction: Undo Paste clipboard contents
[2018.11.08-03.31.26:729][114]LogUObjectHash: Warning: Ambiguous search, could be K2Node_MakeStruct /Game/VirtualRealityBP/Maps/MotionControllerMap.MotionControllerMap:PersistentLevel.MotionControllerMap.EventGraph.K2Node_MakeStruct_0 or K2Node_MakeStruct /Game/VirtualRealityBP/Maps/MotionControllerMap.MotionControllerMap:PersistentLevel.MotionControllerMap.EventGraph.K2Node_MakeStruct_0
[2018.11.08-03.31.26:729][114]LogUObjectHash: Warning: Ambiguous search, could be K2Node_Knot /Game/VirtualRealityBP/Maps/MotionControllerMap.MotionControllerMap:PersistentLevel.MotionControllerMap.EventGraph.K2Node_Knot_1 or K2Node_Knot /Game/VirtualRealityBP/Maps/MotionControllerMap.MotionControllerMap:PersistentLevel.MotionControllerMap.EventGraph.K2Node_Knot_1
[2018.11.08-03.31.26:729][114]LogUObjectHash: Warning: Ambiguous search, could be K2Node_MakeStruct /Game/VirtualRealityBP/Maps/MotionControllerMap.MotionControllerMap:PersistentLevel.MotionControllerMap.EventGraph.K2Node_MakeStruct_1 or K2Node_MakeStruct /Game/VirtualRealityBP/Maps/MotionControllerMap.MotionControllerMap:PersistentLevel.MotionControllerMap.EventGraph.K2Node_MakeStruct_1
[2018.11.08-03.31.26:729][114]LogUObjectHash: Warning: Ambiguous search, could be K2Node_Knot /Game/VirtualRealityBP/Maps/MotionControllerMap.MotionControllerMap:PersistentLevel.MotionControllerMap.EventGraph.K2Node_Knot_2 or K2Node_Knot /Game/VirtualRealityBP/Maps/MotionControllerMap.MotionControllerMap:PersistentLevel.MotionControllerMap.EventGraph.K2Node_Knot_2
[2018.11.08-03.31.26:730][114]LogUObjectHash: Warning: Ambiguous search, could be K2Node_Literal /Game/VirtualRealityBP/Maps/MotionControllerMap.MotionControllerMap:PersistentLevel.MotionControllerMap.EventGraph.K2Node_Literal_7 or K2Node_Literal /Game/VirtualRealityBP/Maps/MotionControllerMap.MotionControllerMap:PersistentLevel.MotionControllerMap.EventGraph.K2Node_Literal_7
[2018.11.08-03.31.26:764][114]LogProperty: Warning: ObjectProperty /Script/BlueprintGraph.K2Node_Literal:ObjectRef: unresolved reference to 'DonNavigationManager'"/Game/VirtualRealityBP/Maps/MotionControllerMap.MotionControllerMap:PersistentLevel.DonNavigationManager_1"''
[2018.11.08-03.32.09:728][657]BlueprintLog: New page: Compile MotionControllerMap
[2018.11.08-03.32.09:773][657]LogBlueprint: Warning: [Compiler PersistentLevel.MotionControllerMap] OnActorBeginOverlap (None)  is referencing an Actor that no longer exists. Attached logic will never execute.
[2018.11.08-03.32.09:777][657]LogBlueprint: Error: [Compiler PersistentLevel.MotionControllerMap] Couldn't find object for bound event node  OnActorBeginOverlap (None)
[2018.11.08-03.32.09:935][657]LogBlueprint: Warning: [Compiler PersistentLevel.MotionControllerMap] [0346.49] Compile of PersistentLevel.MotionControllerMap failed. 1 Fatal Issue(s) 1 Warning(s) [in 206 ms] (/Game/VirtualRealityBP/Maps/MotionControllerMap.MotionControllerMap:PersistentLevel.MotionControllerMap)
[2018.11.08-03.32.45:996][800]BlueprintLog: New page: Compile MotionControllerMap
[2018.11.08-03.32.46:039][800]LogBlueprint: Warning: [Compiler PersistentLevel.MotionControllerMap] OnActorBeginOverlap (None)  is referencing an Actor that no longer exists. Attached logic will never execute.
[2018.11.08-03.32.46:042][800]LogBlueprint: Error: [Compiler PersistentLevel.MotionControllerMap] Couldn't find object for bound event node  OnActorBeginOverlap (None)
[2018.11.08-03.32.46:191][800]LogBlueprint: Warning: [Compiler PersistentLevel.MotionControllerMap] [0382.74] Compile of PersistentLevel.MotionControllerMap failed. 1 Fatal Issue(s) 1 Warning(s) [in 194 ms] (/Game/VirtualRealityBP/Maps/MotionControllerMap.MotionControllerMap:PersistentLevel.MotionControllerMap)
[2018.11.08-03.32.46:997][845]BlueprintLog: New page: Compile MotionControllerMap
[2018.11.08-03.32.47:039][845]LogBlueprint: Warning: [Compiler PersistentLevel.MotionControllerMap] OnActorBeginOverlap (None)  is referencing an Actor that no longer exists. Attached logic will never execute.
[2018.11.08-03.32.47:042][845]LogBlueprint: Error: [Compiler PersistentLevel.MotionControllerMap] Couldn't find object for bound event node  OnActorBeginOverlap (None)
[2018.11.08-03.32.47:182][845]LogBlueprint: Warning: [Compiler PersistentLevel.MotionControllerMap] [0383.74] Compile of PersistentLevel.MotionControllerMap failed. 1 Fatal Issue(s) 1 Warning(s) [in 185 ms] (/Game/VirtualRealityBP/Maps/MotionControllerMap.MotionControllerMap:PersistentLevel.MotionControllerMap)
[2018.11.08-03.32.47:183][845]BlueprintLog: New page: Compile MotionControllerMap
[2018.11.08-03.32.47:224][845]LogBlueprint: Warning: [Compiler PersistentLevel.MotionControllerMap] OnActorBeginOverlap (None)  is referencing an Actor that no longer exists. Attached logic will never execute.
[2018.11.08-03.32.47:227][845]LogBlueprint: Error: [Compiler PersistentLevel.MotionControllerMap] Couldn't find object for bound event node  OnActorBeginOverlap (None)
[2018.11.08-03.32.47:363][845]LogBlueprint: Warning: [Compiler PersistentLevel.MotionControllerMap] [0383.92] Compile of PersistentLevel.MotionControllerMap failed. 1 Fatal Issue(s) 1 Warning(s) [in 179 ms] (/Game/VirtualRealityBP/Maps/MotionControllerMap.MotionControllerMap:PersistentLevel.MotionControllerMap)
[2018.11.08-03.32.47:365][845]BlueprintLog: New page: Compile MotionControllerMap
[2018.11.08-03.32.47:405][845]LogBlueprint: Warning: [Compiler PersistentLevel.MotionControllerMap] OnActorBeginOverlap (None)  is referencing an Actor that no longer exists. Attached logic will never execute.
[2018.11.08-03.32.47:408][845]LogBlueprint: Error: [Compiler PersistentLevel.MotionControllerMap] Couldn't find object for bound event node  OnActorBeginOverlap (None)
[2018.11.08-03.32.47:551][845]LogBlueprint: Warning: [Compiler PersistentLevel.MotionControllerMap] [0384.11] Compile of PersistentLevel.MotionControllerMap failed. 1 Fatal Issue(s) 1 Warning(s) [in 187 ms] (/Game/VirtualRealityBP/Maps/MotionControllerMap.MotionControllerMap:PersistentLevel.MotionControllerMap)
[2018.11.08-03.32.47:553][845]BlueprintLog: New page: Compile MotionControllerMap
[2018.11.08-03.32.47:596][845]LogBlueprint: Warning: [Compiler PersistentLevel.MotionControllerMap] OnActorBeginOverlap (None)  is referencing an Actor that no longer exists. Attached logic will never execute.
[2018.11.08-03.32.47:599][845]LogBlueprint: Error: [Compiler PersistentLevel.MotionControllerMap] Couldn't find object for bound event node  OnActorBeginOverlap (None)
[2018.11.08-03.32.47:740][845]LogBlueprint: Warning: [Compiler PersistentLevel.MotionControllerMap] [0384.29] Compile of PersistentLevel.MotionControllerMap failed. 1 Fatal Issue(s) 1 Warning(s) [in 186 ms] (/Game/VirtualRealityBP/Maps/MotionControllerMap.MotionControllerMap:PersistentLevel.MotionControllerMap)
[2018.11.08-03.32.48:421][869]LogBlueprint: Warning: [Compiler PersistentLevel.MotionControllerMap] OnActorBeginOverlap (None)  is referencing an Actor that no longer exists. Attached logic will never execute.
[2018.11.08-03.32.48:425][869]LogBlueprint: Error: [Compiler PersistentLevel.MotionControllerMap] Couldn't find object for bound event node  OnActorBeginOverlap (None)
[2018.11.08-03.32.48:426][869]LogBlueprint: Warning: [Compiler PersistentLevel.MotionControllerMap] [0384.98] Compile of PersistentLevel.MotionControllerMap failed. 1 Fatal Issue(s) 1 Warning(s) [in 29 ms] (/Game/VirtualRealityBP/Maps/MotionControllerMap.MotionControllerMap:PersistentLevel.MotionControllerMap)
[2018.11.08-03.32.49:192][869]LogSavePackage: Moving '../../../../../../Users/SIDM/Documents/GitHub/FYP/Main/FYP_Prototype/Saved/MotionControllerMapE4BB034B435BD430923CD39713193A79.tmp' to '../../../../../../Users/SIDM/Documents/GitHub/FYP/Main/FYP_Prototype/Content/VirtualRealityBP/Maps/MotionControllerMap.umap'
[2018.11.08-03.32.49:237][869]LogFileHelpers: Saving map 'MotionControllerMap' took 1.015
[2018.11.08-03.33.07:480][947]LogBlueprint: Warning: [Compiler PersistentLevel.MotionControllerMap] OnActorBeginOverlap (None)  is referencing an Actor that no longer exists. Attached logic will never execute.
[2018.11.08-03.33.07:484][947]LogBlueprint: Error: [Compiler PersistentLevel.MotionControllerMap] Couldn't find object for bound event node  OnActorBeginOverlap (None)
[2018.11.08-03.33.07:485][947]LogBlueprint: Warning: [Compiler PersistentLevel.MotionControllerMap] [0404.04] Compile of PersistentLevel.MotionControllerMap failed. 1 Fatal Issue(s) 1 Warning(s) [in 28 ms] (/Game/VirtualRealityBP/Maps/MotionControllerMap.MotionControllerMap:PersistentLevel.MotionControllerMap)
[2018.11.08-03.33.08:249][947]LogSavePackage: Moving '../../../../../../Users/SIDM/Documents/GitHub/FYP/Main/FYP_Prototype/Saved/MotionControllerMap585474CF4CDC5A00CB3A71953B6D50A4.tmp' to '../../../../../../Users/SIDM/Documents/GitHub/FYP/Main/FYP_Prototype/Content/VirtualRealityBP/Maps/MotionControllerMap.umap'
[2018.11.08-03.33.08:298][947]LogFileHelpers: Saving map 'MotionControllerMap' took 1.000
