Log file open, 11/09/18 10:43:03
LogWindows: Failed to load 'aqProf.dll' (GetLastError=126)
LogWindows: File 'aqProf.dll' does not exist
LogWindows: Failed to load 'VSPerf140.dll' (GetLastError=126)
LogWindows: File 'VSPerf140.dll' does not exist
LogWindows: Failed to load 'VtuneApi.dll' (GetLastError=126)
LogWindows: File 'VtuneApi.dll' does not exist
LogWindows: Failed to load 'VtuneApi32e.dll' (GetLastError=126)
LogWindows: File 'VtuneApi32e.dll' does not exist
LogInit: Display: Running engine for game: FYP_Prototype
LogPlatformFile: Not using cached read wrapper
LogTaskGraph: Started task graph with 5 named threads and 83 total threads with 3 sets of task threads.
LogStats: Stats thread started at 0.943497
LogD3D11RHI: Loaded GFSDK_Aftermath_Lib.x64.dll
LogICUInternationalization: Display: ICU TimeZone Detection - Raw Offset: +8:00, Platform Override: ''
LogPluginManager: Mounting plugin Paper2D
LogPluginManager: Mounting plugin AISupport
LogPluginManager: Mounting plugin LightPropagationVolume
LogPluginManager: Mounting plugin CLionSourceCodeAccess
LogPluginManager: Mounting plugin CodeLiteSourceCodeAccess
LogPluginManager: Mounting plugin GitSourceControl
LogPluginManager: Mounting plugin KDevelopSourceCodeAccess
LogPluginManager: Mounting plugin NullSourceCodeAccess
LogPluginManager: Mounting plugin PerforceSourceControl
LogPluginManager: Mounting plugin SubversionSourceControl
LogPluginManager: Mounting plugin UObjectPlugin
LogPluginManager: Mounting plugin VisualStudioCodeSourceCodeAccess
LogPluginManager: Mounting plugin VisualStudioSourceCodeAccess
LogPluginManager: Mounting plugin XCodeSourceCodeAccess
LogPluginManager: Mounting plugin AssetManagerEditor
LogPluginManager: Mounting plugin CryptoKeys
LogPluginManager: Mounting plugin DataValidation
LogPluginManager: Mounting plugin FacialAnimation
LogPluginManager: Mounting plugin GameplayTagsEditor
LogPluginManager: Mounting plugin MacGraphicsSwitching
LogPluginManager: Mounting plugin MeshEditor
LogPluginManager: Mounting plugin MobileLauncherProfileWizard
LogPluginManager: Mounting plugin PluginBrowser
LogPluginManager: Mounting plugin SpeedTreeImporter
LogPluginManager: Mounting plugin DatasmithContent
LogPluginManager: Mounting plugin AlembicImporter
LogPluginManager: Mounting plugin AppleImageUtils
LogPluginManager: Mounting plugin AppleVision
LogPluginManager: Mounting plugin BackChannel
LogPluginManager: Mounting plugin CharacterAI
LogPluginManager: Mounting plugin GeometryCache
LogPluginManager: Mounting plugin HTML5Networking
LogPluginManager: Mounting plugin ProxyLODPlugin
LogPluginManager: Mounting plugin MagicLeap
LogPluginManager: Mounting plugin MagicLeapEmulator
LogPluginManager: Mounting plugin MagicLeapMedia
LogPluginManager: Mounting plugin DonAINavigation
LogPluginManager: Mounting plugin AndroidMedia
LogPluginManager: Mounting plugin AvfMedia
LogPluginManager: Mounting plugin ImgMedia
LogPluginManager: Mounting plugin LinearTimecode
LogPluginManager: Mounting plugin MediaCompositing
LogPluginManager: Mounting plugin MediaPlayerEditor
LogPluginManager: Mounting plugin WmfMedia
LogPluginManager: Mounting plugin TcpMessaging
LogPluginManager: Mounting plugin UdpMessaging
LogPluginManager: Mounting plugin ActorSequence
LogPluginManager: Mounting plugin LevelSequenceEditor
LogPluginManager: Mounting plugin MatineeToLevelSequence
LogPluginManager: Mounting plugin NetcodeUnitTest
LogPluginManager: Mounting plugin NUTUnrealEngine4
LogPluginManager: Mounting plugin OnlineSubsystemGooglePlay
LogPluginManager: Mounting plugin OnlineSubsystemIOS
LogPluginManager: Mounting plugin OnlineSubsystem
LogPluginManager: Mounting plugin OnlineSubsystemNull
LogPluginManager: Mounting plugin OnlineSubsystemUtils
LogPluginManager: Mounting plugin LauncherChunkInstaller
LogPluginManager: Mounting plugin AndroidDeviceProfileSelector
LogPluginManager: Mounting plugin AndroidMoviePlayer
LogPluginManager: Mounting plugin AndroidPermission
LogPluginManager: Mounting plugin AppleMoviePlayer
LogPluginManager: Mounting plugin ArchVisCharacter
LogPluginManager: Mounting plugin AudioCapture
LogPluginManager: Mounting plugin CableComponent
LogPluginManager: Mounting plugin CustomMeshComponent
LogPluginManager: Mounting plugin EditableMesh
LogPluginManager: Mounting plugin ExampleDeviceProfileSelector
LogPluginManager: Mounting plugin GoogleCloudMessaging
LogPluginManager: Mounting plugin ImmediatePhysics
LogPluginManager: Mounting plugin IOSDeviceProfileSelector
LogPluginManager: Mounting plugin LinuxDeviceProfileSelector
LogPluginManager: Mounting plugin LocationServicesBPLibrary
LogPluginManager: Mounting plugin MobilePatchingUtils
LogPluginManager: Mounting plugin OculusVR
LogPluginManager: Plugin shader directory ../../../Engine/Plugins/Runtime/Oculus/OculusVR/Shaders found
LogPluginManager: Mapping shader source directory ../../../Engine/Plugins/Runtime/Oculus/OculusVR/Shaders to virtual directory /Plugin/OculusVR
LogPluginManager: Mounting plugin PhysXVehicles
LogPluginManager: Mounting plugin ProceduralMeshComponent
LogPluginManager: Mounting plugin RuntimePhysXCooking
LogPluginManager: Mounting plugin SteamVR
LogPluginManager: Mounting plugin WindowsMoviePlayer
LogStreaming: Display: Took  0.180s to configure plugins.
LogInit: Using libcurl 7.55.1-DEV
LogInit:  - built for x86_64-pc-win32
LogInit:  - supports SSL with OpenSSL/1.0.2h
LogInit:  - supports HTTP deflate (compression) using libz 1.2.8
LogInit:  - other features:
LogInit:      CURL_VERSION_SSL
LogInit:      CURL_VERSION_LIBZ
LogInit:      CURL_VERSION_IPV6
LogInit:      CURL_VERSION_ASYNCHDNS
LogInit:      CURL_VERSION_LARGEFILE
LogInit:      CURL_VERSION_IDN
LogInit:  CurlRequestOptions (configurable via config and command line):
LogInit:  - bVerifyPeer = false  - Libcurl will NOT verify peer certificate
LogInit:  - bUseHttpProxy = false  - Libcurl will NOT use HTTP proxy
LogInit:  - bDontReuseConnections = false  - Libcurl will reuse connections
LogInit:  - CertBundlePath = nullptr  - Libcurl will use whatever was configured at build time.
LogInit:  - MaxHostConnections = 16  - Libcurl will limit the number of connections to a host
LogInit:  - LocalHostAddr = Default
LogInit:  - BufferSize = 65536
LogInit: WinSock: version 1.1 (2.2), MaxSocks=32767, MaxUdp=65467
LogInit: Build: ++UE4+Release-4.20-CL-4369336
LogInit: Engine Version: 4.20.3-4369336+++UE4+Release-4.20
LogInit: Compatible Engine Version: 4.20.0-4212847+++UE4+Release-4.20
LogInit: Net CL: 4212847
LogInit: OS: Windows 10 (), CPU: Intel(R) Xeon(R) CPU E5-2630 v4 @ 2.20GHz, GPU: NVIDIA GeForce GTX 1080
LogInit: Compiled (64-bit): Sep 17 2018 12:26:19
LogInit: Compiled with Visual C++: 19.13.26129.00
LogInit: Build Configuration: Development
LogInit: Branch Name: ++UE4+Release-4.20
LogInit: Command Line: -EpicPortal  -epicusername="Yumichii" -epicuserid=cbdf6a7222434569bdc52afaf73ebf00 -epiclocale=en-US
LogInit: Base Directory: D:/Epic Games/UE_4.20/UE_4.20/Engine/Binaries/Win64/
LogInit: Installed Engine Build: 1
LogDevObjectVersion: Number of dev versions registered: 20
LogDevObjectVersion:   Dev-Blueprints (B0D832E4-1F89-4F0D-ACCF-7EB736FD4AA2): 10
LogDevObjectVersion:   Dev-Build (E1C64328-A22C-4D53-A36C-8E866417BD8C): 0
LogDevObjectVersion:   Dev-Core (375EC13C-06E4-48FB-B500-84F0262A717E): 2
LogDevObjectVersion:   Dev-Editor (E4B068ED-F494-42E9-A231-DA0B2E46BB41): 24
LogDevObjectVersion:   Dev-Framework (CFFC743F-43B0-4480-9391-14DF171D2073): 34
LogDevObjectVersion:   Dev-Mobile (B02B49B5-BB20-44E9-A304-32B752E40360): 2
LogDevObjectVersion:   Dev-Networking (A4E4105C-59A1-49B5-A7C5-40C4547EDFEE): 0
LogDevObjectVersion:   Dev-Online (39C831C9-5AE6-47DC-9A44-9C173E1C8E7C): 0
LogDevObjectVersion:   Dev-Physics (78F01B33-EBEA-4F98-B9B4-84EACCB95AA2): 0
LogDevObjectVersion:   Dev-Platform (6631380F-2D4D-43E0-8009-CF276956A95A): 0
LogDevObjectVersion:   Dev-Rendering (12F88B9F-8875-4AFC-A67C-D90C383ABD29): 26
LogDevObjectVersion:   Dev-Sequencer (7B5AE74C-D270-4C10-A958-57980B212A5A): 9
LogDevObjectVersion:   Dev-VR (D7296918-1DD6-4BDD-9DE2-64A83CC13884): 2
LogDevObjectVersion:   Dev-LoadTimes (C2A15278-BFE7-4AFE-6C17-90FF531DF755): 1
LogDevObjectVersion:   Private-Geometry (6EACA3D4-40EC-4CC1-B786-8BED09428FC5): 3
LogDevObjectVersion:   Dev-AnimPhys (29E575DD-E0A3-4627-9D10-D276232CDCEA): 17
LogDevObjectVersion:   Dev-ReflectionCapture (6B266CEC-1EC7-4B8F-A30B-E4D90942FC07): 1
LogDevObjectVersion:   Dev-Automation (0DF73D61-A23F-47EA-B727-89E90C41499A): 1
LogDevObjectVersion:   FortniteMain (601D1886-AC64-4F84-AA16-D3DE0DEAC7D6): 12
LogDevObjectVersion:   Dev-Enterprise (9DFFBCD6-494F-0158-E221-12823C92A888): 1
LogStreaming: Display: Took  0.002s to delete old logs.
LogInit: Presizing for max 8388607 objects, including 0 objects not considered by GC, pre-allocating 0 bytes for permanent pool.
LogInit: Object subsystem initialized
[2018.11.09-02.43.04:096][  0]LogInit: Selected Device Profile: [Windows]
[2018.11.09-02.43.04:096][  0]LogInit: Applying CVar settings loaded from the selected device profile: [Windows]
[2018.11.09-02.43.04:111][  0]LogHAL: Display: Platform has ~ 128 GB [137350422528 / 137438953472 / 128], which maps to Largest [LargestMinGB=32, LargerMinGB=12, DefaultMinGB=8, SmallerMinGB=6, SmallestMinGB=0)
[2018.11.09-02.43.04:111][  0]LogInit: Setting Device Profile CVar: [[r.Vulkan.UseRealUBs:1]]
[2018.11.09-02.43.04:111][  0]LogInit: Going up to parent DeviceProfile []
[2018.11.09-02.43.04:111][  0]LogInit: Computer: M625GB01
[2018.11.09-02.43.04:111][  0]LogInit: User: SIDM
[2018.11.09-02.43.04:111][  0]LogInit: CPU Page size=4096, Cores=20
[2018.11.09-02.43.04:111][  0]LogInit: High frequency timer resolution =2.143478 MHz
[2018.11.09-02.43.04:112][  0]LogMemory: Memory total: Physical=127.9GB (128GB approx)
[2018.11.09-02.43.04:112][  0]LogMemory: Platform Memory Stats for Windows
[2018.11.09-02.43.04:112][  0]LogMemory: Process Physical Memory: 110.88 MB used, 110.88 MB peak
[2018.11.09-02.43.04:112][  0]LogMemory: Process Virtual Memory: 100.54 MB used, 100.54 MB peak
[2018.11.09-02.43.04:112][  0]LogMemory: Physical Memory: 6094.80 MB used,  124892.77 MB free, 130987.57 MB total
[2018.11.09-02.43.04:112][  0]LogMemory: Virtual Memory: 4751.58 MB used,  124892.77 MB free, 134217728.00 MB total
[2018.11.09-02.43.04:129][  0]LogInit: Using OS detected language (en-US).
[2018.11.09-02.43.04:129][  0]LogInit: Using OS detected locale (en-SG).
[2018.11.09-02.43.04:130][  0]LogTextLocalizationManager: No specific localization for 'en-US' exists, so the 'en' localization will be used.
[2018.11.09-02.43.04:565][  0]LogStreaming: Display: Took  0.437s to InitEngineTextLocalization.
[2018.11.09-02.43.04:565][  0]LogInit: Setting process to per monitor DPI aware
[2018.11.09-02.43.04:598][  0]LogSlate: New Slate User Created.  User Index 0, Is Virtual User: 0
[2018.11.09-02.43.04:598][  0]LogSlate: Slate User Registered.  User Index 0, Is Virtual User: 0
[2018.11.09-02.43.04:823][  0]LogD3D11RHI: D3D11 adapters:
[2018.11.09-02.43.04:889][  0]LogD3D11RHI:    0. 'NVIDIA GeForce GTX 1080' (Feature Level 11_0)
[2018.11.09-02.43.04:889][  0]LogD3D11RHI:       8079/0/65493 MB DedicatedVideo/DedicatedSystem/SharedSystem, Outputs:1, VendorId:0x10de
[2018.11.09-02.43.04:892][  0]LogD3D11RHI:    1. 'Microsoft Basic Render Driver' (Feature Level 11_0)
[2018.11.09-02.43.04:892][  0]LogD3D11RHI:       0/0/65493 MB DedicatedVideo/DedicatedSystem/SharedSystem, Outputs:0, VendorId:0x1414
[2018.11.09-02.43.04:892][  0]LogD3D11RHI: Chosen D3D11 Adapter: 0
[2018.11.09-02.43.04:899][  0]LogD3D11RHI: Creating new Direct3DDevice
[2018.11.09-02.43.04:899][  0]LogD3D11RHI:     GPU DeviceId: 0x1b80 (for the marketing name, search the web for "GPU Device Id")
[2018.11.09-02.43.04:899][  0]LogWindows: EnumDisplayDevices:
[2018.11.09-02.43.04:900][  0]LogWindows:    0. 'NVIDIA GeForce GTX 1080' (P:1 D:1)
[2018.11.09-02.43.04:900][  0]LogWindows:    1. 'NVIDIA GeForce GTX 1080' (P:0 D:0)
[2018.11.09-02.43.04:900][  0]LogWindows:    2. 'NVIDIA GeForce GTX 1080' (P:0 D:0)
[2018.11.09-02.43.04:900][  0]LogWindows:    3. 'NVIDIA GeForce GTX 1080' (P:0 D:0)
[2018.11.09-02.43.04:900][  0]LogWindows: DebugString: FoundDriverCount:4 
[2018.11.09-02.43.04:900][  0]LogD3D11RHI:     Adapter Name: NVIDIA GeForce GTX 1080
[2018.11.09-02.43.04:900][  0]LogD3D11RHI:   Driver Version: 390.77 (internal:23.21.13.9077, unified:390.77)
[2018.11.09-02.43.04:900][  0]LogD3D11RHI:      Driver Date: 1-23-2018
[2018.11.09-02.43.04:900][  0]LogRHI: Texture pool is 5655 MB (70% of 8079 MB)
[2018.11.09-02.43.04:931][  0]LogD3D11RHI: Async texture creation enabled
[2018.11.09-02.43.04:949][  0]LogD3D11RHI: GPU Timing Frequency: 1000.000000 (Debug: 2 2)
[2018.11.09-02.43.04:992][  0]LogShaderCompilers: Guid format shader working directory is -5 characters bigger than the processId version (../../../../../../163935T/FYP/FYP/Main/FYP_Prototype/Intermediate/Shaders/WorkingDirectory/11476/).
[2018.11.09-02.43.04:992][  0]LogShaderCompilers: Cleaned the shader compiler working directory 'C:/Users/impixel/AppData/Local/Temp/UnrealShaderWorkingDir/A672FFD44989A63E3DA39DBEA8674864/'.
[2018.11.09-02.43.05:324][  0]LogTemp: Display: Loaded TP AllDesktopTargetPlatform
[2018.11.09-02.43.05:341][  0]LogTemp: Display: Loaded TP MacClientTargetPlatform
[2018.11.09-02.43.05:357][  0]LogTemp: Display: Loaded TP MacNoEditorTargetPlatform
[2018.11.09-02.43.05:372][  0]LogTemp: Display: Loaded TP MacServerTargetPlatform
[2018.11.09-02.43.05:388][  0]LogTemp: Display: Loaded TP MacTargetPlatform
[2018.11.09-02.43.05:404][  0]LogTemp: Display: Loaded TP WindowsClientTargetPlatform
[2018.11.09-02.43.05:419][  0]LogTemp: Display: Loaded TP WindowsNoEditorTargetPlatform
[2018.11.09-02.43.05:435][  0]LogTemp: Display: Loaded TP WindowsServerTargetPlatform
[2018.11.09-02.43.05:442][  0]LogTemp: Display: Loaded TP WindowsTargetPlatform
[2018.11.09-02.43.05:542][  0]LogTemp: Display: Loaded TP AndroidTargetPlatform
[2018.11.09-02.43.05:542][  0]LogTemp: Display: Loaded TP AndroidTargetPlatform
[2018.11.09-02.43.05:542][  0]LogTemp: Display: Loaded TP AndroidTargetPlatform
[2018.11.09-02.43.05:542][  0]LogTemp: Display: Loaded TP AndroidTargetPlatform
[2018.11.09-02.43.05:542][  0]LogTemp: Display: Loaded TP AndroidTargetPlatform
[2018.11.09-02.43.05:542][  0]LogTemp: Display: Loaded TP AndroidTargetPlatform
[2018.11.09-02.43.05:542][  0]LogTemp: Display: Loaded TP AndroidTargetPlatform
[2018.11.09-02.43.05:542][  0]LogTemp: Display: Loaded TP AndroidTargetPlatform
[2018.11.09-02.43.05:542][  0]LogTemp: Display: Loaded TP AndroidTargetPlatform
[2018.11.09-02.43.05:542][  0]LogTemp: Display: Loaded TP AndroidTargetPlatform
[2018.11.09-02.43.05:542][  0]LogTemp: Display: Loaded TP AndroidTargetPlatform
[2018.11.09-02.43.05:542][  0]LogTemp: Display: Loaded TP AndroidTargetPlatform
[2018.11.09-02.43.05:542][  0]LogTemp: Display: Loaded TP AndroidTargetPlatform
[2018.11.09-02.43.05:542][  0]LogTemp: Display: Loaded TP AndroidTargetPlatform
[2018.11.09-02.43.05:542][  0]LogTemp: Display: Loaded TP AndroidTargetPlatform
[2018.11.09-02.43.05:542][  0]LogTemp: Display: Loaded TP AndroidTargetPlatform
[2018.11.09-02.43.05:542][  0]LogTemp: Display: Loaded TP AndroidTargetPlatform
[2018.11.09-02.43.05:542][  0]LogTemp: Display: Loaded TP AndroidTargetPlatform
[2018.11.09-02.43.05:543][  0]LogTemp: Display: Loaded TP HTML5TargetPlatform
[2018.11.09-02.43.05:611][  0]LogTemp: Display: Loaded TP IOSTargetPlatform
[2018.11.09-02.43.05:611][  0]LogTemp: Display: Loaded TP IOSTargetPlatform
[2018.11.09-02.43.05:641][  0]LogTemp: Display: Loaded TP TVOSTargetPlatform
[2018.11.09-02.43.05:641][  0]LogTemp: Display: Loaded TP TVOSTargetPlatform
[2018.11.09-02.43.05:657][  0]LogTemp: Display: Loaded TP LinuxClientTargetPlatform
[2018.11.09-02.43.05:672][  0]LogTemp: Display: Loaded TP LinuxNoEditorTargetPlatform
[2018.11.09-02.43.05:687][  0]LogTemp: Display: Loaded TP LinuxServerTargetPlatform
[2018.11.09-02.43.05:703][  0]LogTemp: Display: Loaded TP LinuxTargetPlatform
[2018.11.09-02.43.05:714][  0]LogTemp: Display: Loaded TP LuminTargetPlatform
[2018.11.09-02.43.05:714][  0]LogTargetPlatformManager: Display: Building Assets For Windows
[2018.11.09-02.43.05:767][  0]LogXGEController: Cannot use XGE Controller as Incredibuild is not installed on this machine.
[2018.11.09-02.43.05:767][  0]LogShaderCompilers: Cannot use XGE Shader Compiler as Incredibuild is not installed on this machine.
[2018.11.09-02.43.05:767][  0]LogShaderCompilers: Display: Using Local Shader Compiler.
[2018.11.09-02.43.06:573][  0]LogDerivedDataCache: Display: Max Cache Size: 512 MB
[2018.11.09-02.43.06:671][  0]LogDerivedDataCache: Loaded boot cache 0.10s 86MB C:/Users/impixel/AppData/Local/UnrealEngine/4.20/DerivedDataCache/Boot.ddc.
[2018.11.09-02.43.06:671][  0]LogDerivedDataCache: Display: Loaded Boot cache: C:/Users/impixel/AppData/Local/UnrealEngine/4.20/DerivedDataCache/Boot.ddc
[2018.11.09-02.43.06:671][  0]LogDerivedDataCache: FDerivedDataBackendGraph:  Pak pak cache file ../../../../../../163935T/FYP/FYP/Main/FYP_Prototype/DerivedDataCache/DDC.ddp not found, will not use a pak cache.
[2018.11.09-02.43.06:671][  0]LogDerivedDataCache: Unable to find inner node Pak for hierarchical cache Hierarchy.
[2018.11.09-02.43.06:671][  0]LogDerivedDataCache: FDerivedDataBackendGraph:  CompressedPak pak cache file ../../../../../../163935T/FYP/FYP/Main/FYP_Prototype/DerivedDataCache/Compressed.ddp not found, will not use a pak cache.
[2018.11.09-02.43.06:671][  0]LogDerivedDataCache: Unable to find inner node CompressedPak for hierarchical cache Hierarchy.
[2018.11.09-02.43.06:686][  0]LogDerivedDataCache: Display: Pak cache opened for reading ../../../Engine/DerivedDataCache/Compressed.ddp.
[2018.11.09-02.43.06:699][  0]LogDerivedDataCache: Using Local data cache path C:/Users/impixel/AppData/Local/UnrealEngine/Common/DerivedDataCache: Writable
[2018.11.09-02.43.06:699][  0]LogDerivedDataCache: Shared data cache path not found in *engine.ini, will not use an Shared cache.
[2018.11.09-02.43.06:699][  0]LogDerivedDataCache: Unable to find inner node Shared for hierarchical cache Hierarchy.
[2018.11.09-02.43.06:787][  0]LogMaterial: Verifying Global Shaders for PCD3D_SM5
[2018.11.09-02.43.06:789][  0]LogSlate: Using FreeType 2.6.0
[2018.11.09-02.43.06:790][  0]LogSlate: SlateFontServices - WITH_FREETYPE: 1, WITH_HARFBUZZ: 1
[2018.11.09-02.43.06:882][  0]LogAssetRegistry: FAssetRegistry took 0.0275 seconds to start up
[2018.11.09-02.43.07:310][  0]LogInit: Selected Device Profile: [Windows]
[2018.11.09-02.43.07:476][  0]LogSimplygon: Simplygon DLL not present - disabling.
[2018.11.09-02.43.07:480][  0]LogMeshReduction: Using SimplygonSwarm for distributed automatic mesh merging
[2018.11.09-02.43.07:480][  0]LogMeshReduction: Using ProxyLODMeshReduction for automatic mesh merging
[2018.11.09-02.43.07:480][  0]LogMeshReduction: Using QuadricMeshReduction for automatic static mesh reduction
[2018.11.09-02.43.07:480][  0]LogMeshReduction: No automatic skeletal mesh reduction module available
[2018.11.09-02.43.07:506][  0]LogNetVersion: FYP_Prototype 1.0.0, NetCL: 4212847, EngineNetVer: 5, GameNetVer: 0 (Checksum: 1129731653)
[2018.11.09-02.43.08:211][  0]LogPackageLocalizationCache: Processed 12 localized package path(s) for 2 prioritized culture(s) in 0.113844 seconds
[2018.11.09-02.43.08:217][  0]LogUObjectArray: 38425 objects as part of root set at end of initial load.
[2018.11.09-02.43.08:217][  0]LogUObjectAllocator: 6690872 out of 0 bytes used by permanent object pool.
[2018.11.09-02.43.08:217][  0]LogUObjectArray: CloseDisregardForGC: 0/0 objects in disregard for GC pool
[2018.11.09-02.43.09:367][  0]LogTcpMessaging: Initializing TcpMessaging bridge
[2018.11.09-02.43.09:380][  0]LogUdpMessaging: Initializing bridge on interface 0.0.0.0:0 to multicast group 230.0.0.1:6666.
[2018.11.09-02.43.09:546][  0]SourceControl: Source control is disabled
[2018.11.09-02.43.09:546][  0]SourceControl: Source control is disabled
[2018.11.09-02.43.09:548][  0]SourceControl: Source control is disabled
[2018.11.09-02.43.09:549][  0]SourceControl: Source control is disabled
[2018.11.09-02.43.09:708][  0]LogAndroidPermission: UAndroidPermissionCallbackProxy::GetInstance
[2018.11.09-02.43.09:786][  0]LogOcInput: OculusInput pre-init called
[2018.11.09-02.43.09:856][  0]LogEngine: Initializing Engine...
[2018.11.09-02.43.09:857][  0]LogHMD: Oculus plugin initialized. Version: 4.20.3-4369336+++UE4+Release-4.20, OVRPlugin: 1.25.0
[2018.11.09-02.43.09:858][  0]LogStats: UGameplayTagsManager::ConstructGameplayTagTree: ImportINI prefixes -  0.000 s
[2018.11.09-02.43.09:858][  0]LogStats: UGameplayTagsManager::ConstructGameplayTagTree: Construct from data asset -  0.000 s
[2018.11.09-02.43.09:858][  0]LogStats: UGameplayTagsManager::ConstructGameplayTagTree: ImportINI -  0.000 s
[2018.11.09-02.43.09:858][  0]LogStats: UGameplayTagsManager::ConstructGameplayTagTree: GameplayTagTreeChangedEvent.Broadcast -  0.000 s
[2018.11.09-02.43.10:191][  0]LogInit: Initializing FReadOnlyCVARCache
[2018.11.09-02.43.10:203][  0]LogAIModule: Creating AISystem for world Untitled
[2018.11.09-02.43.10:228][  0]LogInit: XAudio2 using 'Speakers (Realtek High Definition Audio)' : 2 channels at 48 kHz using 32 bits per sample (channel mask 0x3)
[2018.11.09-02.43.10:249][  0]LogInit: FAudioDevice initialized.
[2018.11.09-02.43.10:250][  0]LogNetVersion: Set ProjectVersion to 1.0.0.0. Version Checksum will be recalculated on next use.
[2018.11.09-02.43.10:327][  0]LogDerivedDataCache: Saved boot cache 0.08s 86MB C:/Users/impixel/AppData/Local/UnrealEngine/4.20/DerivedDataCache/Boot.ddc.
[2018.11.09-02.43.10:347][  0]LogInit: Texture streaming: Enabled
[2018.11.09-02.43.10:362][  0]LogEngineSessionManager: EngineSessionManager initialized
[2018.11.09-02.43.10:374][  0]LogInit: Transaction tracking system initialized
[2018.11.09-02.43.10:392][  0]BlueprintLog: New page: Editor Load
[2018.11.09-02.43.10:454][  0]LocalizationService: Localization service is disabled
[2018.11.09-02.43.10:808][  0]LogCook: Display: Max memory allowance for cook 16384mb min free memory 0mb
[2018.11.09-02.43.10:808][  0]LogCook: Display: Mobile HDR setting 1
[2018.11.09-02.43.10:808][  0]LogGameplayTags: Display: UGameplayTagsManager::DoneAddingNativeTags. DelegateIsBound: 0
[2018.11.09-02.43.10:808][  0]LogStats: UGameplayTagsManager::ConstructGameplayTagTree: ImportINI prefixes -  0.000 s
[2018.11.09-02.43.10:808][  0]LogStats: UGameplayTagsManager::ConstructGameplayTagTree: Construct from data asset -  0.000 s
[2018.11.09-02.43.10:808][  0]LogStats: UGameplayTagsManager::ConstructGameplayTagTree: ImportINI -  0.000 s
[2018.11.09-02.43.10:808][  0]LogStats: UGameplayTagsManager::ConstructGameplayTagTree: GameplayTagTreeChangedEvent.Broadcast -  0.000 s
[2018.11.09-02.43.10:924][  0]LogFileCache: Scanning file cache for directory 'D:/163935T/FYP/FYP/Main/FYP_Prototype/Content/' took 0.12s
[2018.11.09-02.43.10:924][  0]SourceControl: Source control is disabled
[2018.11.09-02.43.10:924][  0]Cmd: MAP LOAD FILE="../../../../../../163935T/FYP/FYP/Main/FYP_Prototype/Content/VirtualRealityBP/Maps/StartupMap.umap" TEMPLATE=0 SHOWPROGRESS=1 FEATURELEVEL=3
[2018.11.09-02.43.10:935][  0]LightingResults: New page: Lighting Build
[2018.11.09-02.43.10:937][  0]MapCheck: New page: Map Check
[2018.11.09-02.43.10:937][  0]LightingResults: New page: Lighting Build
[2018.11.09-02.43.11:544][  0]LogAIModule: Creating AISystem for world StartupMap
[2018.11.09-02.43.11:604][  0]LogEditorServer: Finished looking for orphan Actors (0.000 secs)
[2018.11.09-02.43.11:665][  0]Cmd: MAP CHECKDEP NOCLEARLOG
[2018.11.09-02.43.11:730][  0]MapCheck: Map check complete: 0 Error(s), 0 Warning(s), took 65.403ms to complete.
[2018.11.09-02.43.11:730][  0]LogFileHelpers: Loading map 'StartupMap' took 0.806
[2018.11.09-02.43.12:073][  0]LogSlate: Updating window title bar state: overlay mode, drag disabled, window buttons hidden, title bar hidden
[2018.11.09-02.43.12:083][  0]LogSlate: Updating window title bar state: overlay mode, drag disabled, window buttons hidden, title bar hidden
[2018.11.09-02.43.12:094][  0]LogSlate: Updating window title bar state: overlay mode, drag disabled, window buttons hidden, title bar hidden
[2018.11.09-02.43.12:103][  0]LogSlate: Updating window title bar state: overlay mode, drag disabled, window buttons hidden, title bar hidden
[2018.11.09-02.43.12:135][  0]LogCollectionManager: Loaded 0 collections in 0.000947 seconds
[2018.11.09-02.43.12:264][  0]LogFileCache: Scanning file cache for directory 'D:/163935T/FYP/FYP/Main/FYP_Prototype/Saved/Collections/' took 0.01s
[2018.11.09-02.43.12:264][  0]LogFileCache: Scanning file cache for directory 'D:/163935T/FYP/FYP/Main/FYP_Prototype/Content/Developers/SIDM/Collections/' took 0.01s
[2018.11.09-02.43.12:264][  0]LogFileCache: Scanning file cache for directory 'D:/163935T/FYP/FYP/Main/FYP_Prototype/Content/Collections/' took 0.01s
[2018.11.09-02.43.12:264][  0]LogCollectionManager: Rebuilt the GUID cache for 0 collections in 0.000000 seconds
[2018.11.09-02.43.12:280][  0]LogContentBrowser: Native class hierarchy populated in 0.0145 seconds. Added 2578 classes and 609 folders.
[2018.11.09-02.43.12:346][  0]LogContentBrowser: Native class hierarchy updated for 'WidgetCarousel' in 0.0004 seconds. Added 0 classes and 0 folders.
[2018.11.09-02.43.12:721][  0]LogContentBrowser: Native class hierarchy updated for 'AddContentDialog' in 0.0004 seconds. Added 0 classes and 0 folders.
[2018.11.09-02.43.12:764][  0]LogContentBrowser: Native class hierarchy updated for 'SceneOutliner' in 0.0004 seconds. Added 1 classes and 2 folders.
[2018.11.09-02.43.13:310][  0]LogSlate: Took 0.000314 seconds to synchronously load lazily loaded font '../../../Engine/Content/Slate/Fonts/Roboto-Regular.ttf' (155K)
[2018.11.09-02.43.13:313][  0]LogSlate: Took 0.000228 seconds to synchronously load lazily loaded font '../../../Engine/Content/Slate/Fonts/Roboto-Bold.ttf' (160K)
[2018.11.09-02.43.13:346][  0]LogSlate: Took 0.006019 seconds to synchronously load lazily loaded font '../../../Engine/Content/Editor/Slate/Fonts/FontAwesome.ttf' (139K)
[2018.11.09-02.43.13:515][  0]LogRenderer: Reallocating scene render targets to support 964x660 Format 10 NumSamples 1 (Frame:1).
[2018.11.09-02.43.13:746][  0]LogContentBrowser: Native class hierarchy updated for 'HierarchicalLODOutliner' in 0.0004 seconds. Added 0 classes and 0 folders.
[2018.11.09-02.43.13:746][  0]LogLoad: (Engine Initialization) Total time: 12.69 seconds
[2018.11.09-02.43.13:746][  0]LogLoad: (Engine Initialization) Total Blueprint compile time: 0.00 seconds
[2018.11.09-02.43.13:763][  0]LogWindowsTextInputMethodSystem: Display: IME system now activated using TSF (Microsoft IME).
[2018.11.09-02.43.13:768][  0]LogOcInput: OculusInput is initialized
[2018.11.09-02.43.13:812][  0]LogContentStreaming: Texture pool size now 800 MB
[2018.11.09-02.43.13:909][  2]LogAssetRegistry: Asset discovery search completed in 7.0499 seconds
[2018.11.09-02.43.13:911][  2]LogCollectionManager: Rebuilt the object cache for 0 collections in 0.000001 seconds (found 0 objects)
[2018.11.09-02.43.13:911][  2]LogCollectionManager: Fixed up redirectors for 0 collections in 0.000059 seconds (updated 0 objects)
[2018.11.09-02.43.17:886][469]LogSlate: Took 0.023404 seconds to synchronously load lazily loaded font '../../../Engine/Content/Slate/Fonts/Roboto-Light.ttf' (167K)
[2018.11.09-02.43.18:866][565]LogFileCache: Retrieving MD5 hashes for directory 'D:/163935T/FYP/FYP/Main/FYP_Prototype/Content/' took 5.09s
[2018.11.09-02.44.36:393][867]LogSlate: FSceneViewport::OnFocusLost() reason 0
[2018.11.09-02.44.36:518][882]LogSlate: Window 'Find in Blueprints' being destroyed
[2018.11.09-02.44.36:521][882]LogSlate: Window 'Find in Blueprints' being destroyed
[2018.11.09-02.44.37:975][ 49]LogSlate: FSceneViewport::OnFocusLost() reason 0
[2018.11.09-02.44.42:091][533]LogSlate: Took 0.000375 seconds to synchronously load lazily loaded font '../../../Engine/Content/Slate/Fonts/Roboto-Light.ttf' (167K)
[2018.11.09-02.44.48:781][533]LogAIModule: Creating AISystem for world MotionControllerMap
[2018.11.09-02.44.48:954][533]LogAssetEditorManager: Opening Asset editor for World /Game/VirtualRealityBP/Maps/MotionControllerMap.MotionControllerMap
[2018.11.09-02.44.49:035][533]Cmd: MAP LOAD FILE="../../../../../../163935T/FYP/FYP/Main/FYP_Prototype/Content/VirtualRealityBP/Maps/MotionControllerMap.umap" TEMPLATE=0 SHOWPROGRESS=1 FEATURELEVEL=3
[2018.11.09-02.44.49:035][533]LightingResults: New page: Lighting Build
[2018.11.09-02.44.49:035][533]LoadErrors: New page: Loading map: MotionControllerMap.umap
[2018.11.09-02.44.49:036][533]MapCheck: New page: Map Check
[2018.11.09-02.44.49:037][533]LightingResults: New page: Lighting Build
[2018.11.09-02.44.49:381][533]LogEditorServer: Finished looking for orphan Actors (0.000 secs)
[2018.11.09-02.44.49:506][533]Cmd: MAP CHECKDEP NOCLEARLOG
[2018.11.09-02.44.49:688][533]MapCheck: Map check complete: 0 Error(s), 0 Warning(s), took 181.633ms to complete.
[2018.11.09-02.44.49:692][533]LogFileHelpers: Loading map 'MotionControllerMap' took 0.658
[2018.11.09-02.45.00:080][165]LogEditorViewport: Clicking on Actor (LMB): instructions_C (instructions)
[2018.11.09-02.45.14:384][829]LogEditorViewport: Clicking on Actor (LMB): StaticMeshActor (entrance_cave)
[2018.11.09-02.45.20:359][515]LogEditorViewport: Clicking on Actor (LMB): instructions_C (instructions)
[2018.11.09-02.45.21:663][663]LogSlate: FSceneViewport::OnFocusLost() reason 0
[2018.11.09-02.45.21:782][676]LogAssetEditorManager: Opening Asset editor for Blueprint /Game/FBX/UI/instructions.instructions
[2018.11.09-02.45.22:619][676]LogContentBrowser: Native class hierarchy updated for 'BlueprintGraph' in 0.0009 seconds. Added 116 classes and 0 folders.
[2018.11.09-02.45.23:883][676]LogSlate: Took 0.010456 seconds to synchronously load lazily loaded font '../../../Engine/Content/Slate/Fonts/Roboto-BoldCondensed.ttf' (158K)
[2018.11.09-02.45.24:027][677]LogSlate: Took 0.001754 seconds to synchronously load lazily loaded font '../../../Engine/Content/Slate/Fonts/Roboto-Italic.ttf' (157K)
[2018.11.09-02.45.32:748][637]LogAssetEditorManager: Opening Asset editor for Blueprint /Game/VirtualRealityBP/Blueprints/MotionControllerPawn.MotionControllerPawn
[2018.11.09-02.45.52:932][407]LogEditorTransaction: Undo Clicking on Actors
[2018.11.09-02.46.16:330][436]BlueprintLog: New page: Compile instructions
[2018.11.09-02.46.18:027][550]Cmd: OBJ SAVEPACKAGE PACKAGE="/Game/FBX/UI/instructions" FILE="../../../../../../163935T/FYP/FYP/Main/FYP_Prototype/Content/FBX/UI/instructions.uasset" SILENT=true
[2018.11.09-02.46.18:149][550]LogSavePackage: Moving '../../../../../../163935T/FYP/FYP/Main/FYP_Prototype/Saved/instructions9D1C23C74C77A080856180A009E5C466.tmp' to '../../../../../../163935T/FYP/FYP/Main/FYP_Prototype/Content/FBX/UI/instructions.uasset'
[2018.11.09-02.48.27:902][350]LogAssetEditorManager: Opening Asset editor for Blueprint /Game/BP/Pipe_BP.Pipe_BP
[2018.11.09-02.48.40:757][429]BlueprintLog: New page: Compile MotionControllerPawn
[2018.11.09-02.48.56:650][819]LogRenderer: Reallocating scene render targets to support 1132x712 Format 10 NumSamples 1 (Frame:1).
[2018.11.09-02.53.15:216][963]LogSlate: Took 0.013894 seconds to synchronously load lazily loaded font '../../../Engine/Content/Slate/Fonts/Roboto-BoldCondensedItalic.ttf' (160K)
[2018.11.09-02.53.48:594][188]LogSlate: Window 'Change Variable Type' being destroyed
[2018.11.09-02.54.01:115][ 74]LogEditorTransaction: Undo Change Parameter Type
[2018.11.09-02.54.04:210][299]BlueprintLog: New page: Compile MotionControllerPawn
[2018.11.09-02.54.22:210][885]LogAssetEditorManager: Opening Asset editor for Blueprint /Game/VirtualRealityBP/Blueprints/BP_MotionController.BP_MotionController
[2018.11.09-02.55.48:069][ 82]LogSavePackage: Moving '../../../../../../163935T/FYP/FYP/Main/FYP_Prototype/Saved/MotionControllerMap_Auto19DB7A7FA444152ED1B7082891EA86CD1.tmp' to '../../../../../../163935T/FYP/FYP/Main/FYP_Prototype/Saved/Autosaves/Game/VirtualRealityBP/Maps/MotionControllerMap_Auto1.umap'
[2018.11.09-02.55.48:074][ 82]LogFileHelpers: Editor autosave (incl. sublevels) for '/Game/VirtualRealityBP/Maps/MotionControllerMap' took 1.160
[2018.11.09-02.55.48:074][ 82]LogFileHelpers: Editor autosave (incl. sublevels) for all levels took 1.160
[2018.11.09-02.55.48:077][ 82]OBJ SavePackage: Generating thumbnails for [0] asset(s) in package [/Game/VirtualRealityBP/Blueprints/MotionControllerPawn] ([1] browsable assets)...
[2018.11.09-02.55.48:077][ 82]OBJ SavePackage: Finished generating thumbnails for package [/Game/VirtualRealityBP/Blueprints/MotionControllerPawn]
[2018.11.09-02.55.48:192][ 82]LogSavePackage: Moving '../../../../../../163935T/FYP/FYP/Main/FYP_Prototype/Saved/MotionControllerPawn_Auto18DD20F6646F23F3D949F94A42E254562.tmp' to '../../../../../../163935T/FYP/FYP/Main/FYP_Prototype/Saved/Autosaves/Game/VirtualRealityBP/Blueprints/MotionControllerPawn_Auto1.uasset'
[2018.11.09-02.55.48:193][ 82]LogFileHelpers: Auto-saving content packages took 0.117
[2018.11.09-02.57.52:649][595]BlueprintLog: New page: Compile MotionControllerPawn
[2018.11.09-02.57.52:742][595]LogBlueprint: Error: [Compiler MotionControllerPawn] The type of  Object  is undetermined.  Connect something to  Cast To instructions  to imply a specific type.
[2018.11.09-02.57.52:743][595]LogBlueprint: Error: [Compiler MotionControllerPawn] The current value of the ' Object ' pin is invalid: Unsupported type Object Wildcard on pin Object
[2018.11.09-02.57.53:018][595]LogBlueprint: Warning: [Compiler MotionControllerPawn] [0891.96] Compile of MotionControllerPawn failed. 2 Fatal Issue(s) 0 Warning(s) [in 368 ms] (/Game/VirtualRealityBP/Blueprints/MotionControllerPawn.MotionControllerPawn)
[2018.11.09-03.04.06:592][876]LogSlate: Window 'Find in Blueprints' being destroyed
[2018.11.09-03.04.06:594][876]LogSlate: Window 'Find in Blueprints' being destroyed
[2018.11.09-03.06.46:488][ 34]BlueprintLog: New page: Compile MotionControllerPawn
[2018.11.09-03.07.05:181][602]BlueprintLog: New page: Compile MotionControllerPawn
[2018.11.09-03.07.11:900][208]LogSavePackage: Moving '../../../../../../163935T/FYP/FYP/Main/FYP_Prototype/Saved/MotionControllerPawn28D33DC34D2E9DBA0C949CBDA49361F9.tmp' to '../../../../../../163935T/FYP/FYP/Main/FYP_Prototype/Content/VirtualRealityBP/Blueprints/MotionControllerPawn.uasset'
[2018.11.09-03.07.28:859][798]Cmd: OBJ SAVEPACKAGE PACKAGE="/Game/FBX/UI/instructions" FILE="../../../../../../163935T/FYP/FYP/Main/FYP_Prototype/Content/FBX/UI/instructions.uasset" SILENT=true
[2018.11.09-03.07.28:882][798]LogSavePackage: Moving '../../../../../../163935T/FYP/FYP/Main/FYP_Prototype/Saved/instructionsFA20008C40C5FFB99954FAABC0C60456.tmp' to '../../../../../../163935T/FYP/FYP/Main/FYP_Prototype/Content/FBX/UI/instructions.uasset'
[2018.11.09-03.07.36:930][473]LogTemp: Repeating last play command: VR Preview
[2018.11.09-03.07.36:991][473]LogBlueprintUserMessages: Early PlayInEditor Detection: Level '/Game/VirtualRealityBP/Maps/MotionControllerMap.MotionControllerMap:PersistentLevel' has LevelScriptBlueprint '/Game/VirtualRealityBP/Maps/MotionControllerMap.MotionControllerMap:PersistentLevel.MotionControllerMap' with GeneratedClass '/Game/VirtualRealityBP/Maps/MotionControllerMap.MotionControllerMap_C' with ClassGeneratedBy '/Game/VirtualRealityBP/Maps/MotionControllerMap.MotionControllerMap:PersistentLevel.MotionControllerMap'
[2018.11.09-03.07.36:991][473]LogPlayLevel: PlayLevel: No blueprints needed recompiling
[2018.11.09-03.07.36:991][473]LogHMD: Initializing OVRPlugin session
[2018.11.09-03.07.38:658][473]PIE: New page: PIE session: MotionControllerMap (9 Nov 2018 7:07:38 pm)
[2018.11.09-03.07.38:659][473]LogPlayLevel: Creating play world package: /Game/VirtualRealityBP/Maps/UEDPIE_0_MotionControllerMap
[2018.11.09-03.07.38:716][473]LogPlayLevel: PIE: StaticDuplicateObject took: (0.057435s)
[2018.11.09-03.07.38:717][473]LogAIModule: Creating AISystem for world MotionControllerMap
[2018.11.09-03.07.38:717][473]LogPlayLevel: PIE: World Init took: (0.001149s)
[2018.11.09-03.07.38:718][473]LogPlayLevel: PIE: Created PIE world by copying editor world from /Game/VirtualRealityBP/Maps/MotionControllerMap.MotionControllerMap to /Game/VirtualRealityBP/Maps/UEDPIE_0_MotionControllerMap.MotionControllerMap (0.058884s)
[2018.11.09-03.07.38:807][473]LogInit: XAudio2 using 'Headphones (Rift Audio)' : 2 channels at 48 kHz using 16 bits per sample (channel mask 0x3)
[2018.11.09-03.07.39:565][473]LogInit: FAudioDevice initialized.
[2018.11.09-03.07.39:587][473]LogSlate: Updating window title bar state: overlay mode, drag disabled, window buttons hidden, title bar hidden
[2018.11.09-03.07.39:678][473]LogHMD: Allocating Oculus 2720 x 1600 rendertarget swapchain
[2018.11.09-03.07.39:722][473]LogUObjectGlobals: Warning: Failed to find object 'Class None.'
[2018.11.09-03.07.39:722][473]LogLoad: Game class is 'GameModeBase'
[2018.11.09-03.07.39:736][473]LogWorld: Bringing World /Game/VirtualRealityBP/Maps/UEDPIE_0_MotionControllerMap.MotionControllerMap up for play (max tick rate 0) at 2018.11.09-11.07.39
[2018.11.09-03.07.39:737][473]LogWorld: Bringing up level for play took: 0.013520
[2018.11.09-03.07.39:761][473]LogContentBrowser: Native class hierarchy updated for 'MovieSceneCapture' in 0.0005 seconds. Added 10 classes and 0 folders.
[2018.11.09-03.07.41:999][473]DoNNavigationLog: Time spent generating 15625000 NAV volumes: 2.237000 seconds
[2018.11.09-03.07.42:029][473]DoNNavigationLog: FDonNavigationWorker thread started
[2018.11.09-03.07.42:029][473]PIE: Play in editor start time for /Game/VirtualRealityBP/Maps/UEDPIE_0_MotionControllerMap 4.203
[2018.11.09-03.07.42:029][473]LogBlueprintUserMessages: Late PlayInEditor Detection: Level '/Game/VirtualRealityBP/Maps/MotionControllerMap.MotionControllerMap:PersistentLevel' has LevelScriptBlueprint '/Game/VirtualRealityBP/Maps/MotionControllerMap.MotionControllerMap:PersistentLevel.MotionControllerMap' with GeneratedClass '/Game/VirtualRealityBP/Maps/MotionControllerMap.MotionControllerMap_C' with ClassGeneratedBy '/Game/VirtualRealityBP/Maps/MotionControllerMap.MotionControllerMap:PersistentLevel.MotionControllerMap'
[2018.11.09-03.07.42:030][473]LogEngine: Changing dynamic resolution state.
[2018.11.09-03.07.42:212][473]LogRenderer: Releasing previous depth to switch default clear from depth: 0.000000 stencil: 0 to depth: 0.000000 stencil: 0
[2018.11.09-03.07.42:212][473]LogRenderer: Releasing previous depth to switch default clear from depth: 0.000000 stencil: 0 to depth: 0.000000 stencil: 0
[2018.11.09-03.07.42:212][473]LogRenderer: Releasing previous depth to switch default clear from depth: 0.000000 stencil: 0 to depth: 0.000000 stencil: 0
[2018.11.09-03.07.42:213][473]LogRenderer: Releasing previous depth to switch default clear from depth: 0.000000 stencil: 0 to depth: 0.000000 stencil: 0
[2018.11.09-03.07.42:213][473]LogRenderer: Releasing previous depth to switch default clear from depth: 0.000000 stencil: 0 to depth: 0.000000 stencil: 0
[2018.11.09-03.07.42:213][473]LogRenderer: Releasing previous depth to switch default clear from depth: 0.000000 stencil: 0 to depth: 0.000000 stencil: 0
[2018.11.09-03.07.42:213][473]LogRenderer: Reallocating scene render targets to support 2720x1600 Format 10 NumSamples 1 (Frame:1).
[2018.11.09-03.07.42:213][473]LogHMD: Allocating Oculus 2720 x 1600 depth rendertarget swapchain
[2018.11.09-03.07.57:151][370]LogBlueprintDebug: Warning: Hit breakpoint on node 'CallFunc_SetVisibility', from offset 2
[2018.11.09-03.07.57:151][370]LogBlueprintDebug: 
Script call stack:
	Function /Game/VirtualRealityBP/Blueprints/MotionControllerPawn.MotionControllerPawn_C:InpActEvt_MotionController_Right_FaceButton2_K2Node_InputKeyEvent_2
	Function /Game/VirtualRealityBP/Blueprints/MotionControllerPawn.MotionControllerPawn_C:ExecuteUbergraph_MotionControllerPawn
	Function /Game/FBX/UI/instructions.instructions_C:Press B

[2018.11.09-03.07.57:155][370]LogSlate: FSceneViewport::OnFocusLost() reason 2
[2018.11.09-03.08.07:568][370]LogBlueprintUserMessages: Early EndPlayMap Detection: Level '/Game/VirtualRealityBP/Maps/MotionControllerMap.MotionControllerMap:PersistentLevel' has LevelScriptBlueprint '/Game/VirtualRealityBP/Maps/MotionControllerMap.MotionControllerMap:PersistentLevel.MotionControllerMap' with GeneratedClass '/Game/VirtualRealityBP/Maps/MotionControllerMap.MotionControllerMap_C' with ClassGeneratedBy '/Game/VirtualRealityBP/Maps/MotionControllerMap.MotionControllerMap:PersistentLevel.MotionControllerMap'
[2018.11.09-03.08.07:652][370]LogSlate: Updating window title bar state: overlay mode, drag disabled, window buttons hidden, title bar hidden
[2018.11.09-03.08.07:675][370]LogSlate: Window 'FYP_Prototype Game Preview Standalone (64-bit/PCD3D_SM5)' being destroyed
[2018.11.09-03.08.07:753][370]LogPlayLevel: Display: Shutting down PIE online subsystems
[2018.11.09-03.08.07:753][370]LogBlueprintUserMessages: Late EndPlayMap Detection: Level '/Game/VirtualRealityBP/Maps/MotionControllerMap.MotionControllerMap:PersistentLevel' has LevelScriptBlueprint '/Game/VirtualRealityBP/Maps/MotionControllerMap.MotionControllerMap:PersistentLevel.MotionControllerMap' with GeneratedClass '/Game/VirtualRealityBP/Maps/MotionControllerMap.MotionControllerMap_C' with ClassGeneratedBy '/Game/VirtualRealityBP/Maps/MotionControllerMap.MotionControllerMap:PersistentLevel.MotionControllerMap'
[2018.11.09-03.08.07:976][371]LogPlayLevel: Display: Destroying online subsystem :Context_7
[2018.11.09-03.08.07:977][371]LogEngine: Changing dynamic resolution state.
[2018.11.09-03.08.12:158][687]LogSavePackage: Moving '../../../../../../163935T/FYP/FYP/Main/FYP_Prototype/Saved/MotionControllerMap_Auto2A1BA25CE48E036FCFA675CB4A6345D0E.tmp' to '../../../../../../163935T/FYP/FYP/Main/FYP_Prototype/Saved/Autosaves/Game/VirtualRealityBP/Maps/MotionControllerMap_Auto2.umap'
[2018.11.09-03.08.12:164][687]LogFileHelpers: Editor autosave (incl. sublevels) for '/Game/VirtualRealityBP/Maps/MotionControllerMap' took 1.157
[2018.11.09-03.08.12:164][687]LogFileHelpers: Editor autosave (incl. sublevels) for all levels took 1.157
[2018.11.09-03.08.16:186][148]LogTemp: Repeating last play command: VR Preview
[2018.11.09-03.08.16:209][148]LogBlueprintUserMessages: Early PlayInEditor Detection: Level '/Game/VirtualRealityBP/Maps/MotionControllerMap.MotionControllerMap:PersistentLevel' has LevelScriptBlueprint '/Game/VirtualRealityBP/Maps/MotionControllerMap.MotionControllerMap:PersistentLevel.MotionControllerMap' with GeneratedClass '/Game/VirtualRealityBP/Maps/MotionControllerMap.MotionControllerMap_C' with ClassGeneratedBy '/Game/VirtualRealityBP/Maps/MotionControllerMap.MotionControllerMap:PersistentLevel.MotionControllerMap'
[2018.11.09-03.08.16:210][148]LogPlayLevel: PlayLevel: No blueprints needed recompiling
[2018.11.09-03.08.16:210][148]LogHMD: Initializing OVRPlugin session
[2018.11.09-03.08.16:311][148]PIE: New page: PIE session: MotionControllerMap (9 Nov 2018 7:08:16 pm)
[2018.11.09-03.08.16:311][148]LogPlayLevel: Creating play world package: /Game/VirtualRealityBP/Maps/UEDPIE_0_MotionControllerMap
[2018.11.09-03.08.16:357][148]LogPlayLevel: PIE: StaticDuplicateObject took: (0.046013s)
[2018.11.09-03.08.16:357][148]LogAIModule: Creating AISystem for world MotionControllerMap
[2018.11.09-03.08.16:358][148]LogPlayLevel: PIE: World Init took: (0.000828s)
[2018.11.09-03.08.16:358][148]LogPlayLevel: PIE: Created PIE world by copying editor world from /Game/VirtualRealityBP/Maps/MotionControllerMap.MotionControllerMap to /Game/VirtualRealityBP/Maps/UEDPIE_0_MotionControllerMap.MotionControllerMap (0.047078s)
[2018.11.09-03.08.16:435][148]LogInit: XAudio2 using 'Headphones (Rift Audio)' : 2 channels at 48 kHz using 16 bits per sample (channel mask 0x3)
[2018.11.09-03.08.16:448][148]LogInit: FAudioDevice initialized.
[2018.11.09-03.08.16:456][148]LogSlate: Updating window title bar state: overlay mode, drag disabled, window buttons hidden, title bar hidden
[2018.11.09-03.08.16:532][148]LogHMD: Allocating Oculus 2720 x 1600 rendertarget swapchain
[2018.11.09-03.08.16:559][148]LogUObjectGlobals: Warning: Failed to find object 'Class None.'
[2018.11.09-03.08.16:560][148]LogLoad: Game class is 'GameModeBase'
[2018.11.09-03.08.16:572][148]LogWorld: Bringing World /Game/VirtualRealityBP/Maps/UEDPIE_0_MotionControllerMap.MotionControllerMap up for play (max tick rate 0) at 2018.11.09-11.08.16
[2018.11.09-03.08.16:572][148]LogWorld: Bringing up level for play took: 0.012171
[2018.11.09-03.08.18:808][148]DoNNavigationLog: Time spent generating 15625000 NAV volumes: 2.223000 seconds
[2018.11.09-03.08.18:830][148]DoNNavigationLog: FDonNavigationWorker thread started
[2018.11.09-03.08.18:830][148]PIE: Play in editor start time for /Game/VirtualRealityBP/Maps/UEDPIE_0_MotionControllerMap 3.004
[2018.11.09-03.08.18:831][148]LogBlueprintUserMessages: Late PlayInEditor Detection: Level '/Game/VirtualRealityBP/Maps/MotionControllerMap.MotionControllerMap:PersistentLevel' has LevelScriptBlueprint '/Game/VirtualRealityBP/Maps/MotionControllerMap.MotionControllerMap:PersistentLevel.MotionControllerMap' with GeneratedClass '/Game/VirtualRealityBP/Maps/MotionControllerMap.MotionControllerMap_C' with ClassGeneratedBy '/Game/VirtualRealityBP/Maps/MotionControllerMap.MotionControllerMap:PersistentLevel.MotionControllerMap'
[2018.11.09-03.08.18:831][148]LogEngine: Changing dynamic resolution state.
[2018.11.09-03.08.18:843][148]LogRenderer: Releasing previous depth to switch default clear from depth: 0.000000 stencil: 0 to depth: 0.000000 stencil: 0
[2018.11.09-03.08.18:843][148]LogHMD: Allocating Oculus 2720 x 1600 depth rendertarget swapchain
[2018.11.09-03.08.29:837][107]LogBlueprintUserMessages: Early EndPlayMap Detection: Level '/Game/VirtualRealityBP/Maps/MotionControllerMap.MotionControllerMap:PersistentLevel' has LevelScriptBlueprint '/Game/VirtualRealityBP/Maps/MotionControllerMap.MotionControllerMap:PersistentLevel.MotionControllerMap' with GeneratedClass '/Game/VirtualRealityBP/Maps/MotionControllerMap.MotionControllerMap_C' with ClassGeneratedBy '/Game/VirtualRealityBP/Maps/MotionControllerMap.MotionControllerMap:PersistentLevel.MotionControllerMap'
[2018.11.09-03.08.29:914][107]LogSlate: Updating window title bar state: overlay mode, drag disabled, window buttons hidden, title bar hidden
[2018.11.09-03.08.29:973][107]LogSlate: Window 'FYP_Prototype Game Preview Standalone (64-bit/PCD3D_SM5)' being destroyed
[2018.11.09-03.08.30:017][107]LogPlayLevel: Display: Shutting down PIE online subsystems
[2018.11.09-03.08.30:018][107]LogBlueprintUserMessages: Late EndPlayMap Detection: Level '/Game/VirtualRealityBP/Maps/MotionControllerMap.MotionControllerMap:PersistentLevel' has LevelScriptBlueprint '/Game/VirtualRealityBP/Maps/MotionControllerMap.MotionControllerMap:PersistentLevel.MotionControllerMap' with GeneratedClass '/Game/VirtualRealityBP/Maps/MotionControllerMap.MotionControllerMap_C' with ClassGeneratedBy '/Game/VirtualRealityBP/Maps/MotionControllerMap.MotionControllerMap:PersistentLevel.MotionControllerMap'
[2018.11.09-03.08.30:314][108]LogPlayLevel: Display: Destroying online subsystem :Context_8
[2018.11.09-03.08.30:315][108]LogEngine: Changing dynamic resolution state.
[2018.11.09-03.08.43:869][576]LogSavePackage: Moving '../../../../../../163935T/FYP/FYP/Main/FYP_Prototype/Saved/MotionControllerPawnAD68FC7B4BC3AC2F38B24CA17700FAEA.tmp' to '../../../../../../163935T/FYP/FYP/Main/FYP_Prototype/Content/VirtualRealityBP/Blueprints/MotionControllerPawn.uasset'
[2018.11.09-03.08.54:879][709]Cmd: OBJ SAVEPACKAGE PACKAGE="/Game/FBX/UI/instructions" FILE="../../../../../../163935T/FYP/FYP/Main/FYP_Prototype/Content/FBX/UI/instructions.uasset" SILENT=true
[2018.11.09-03.08.54:900][709]LogSavePackage: Moving '../../../../../../163935T/FYP/FYP/Main/FYP_Prototype/Saved/instructionsE7E21EC940F3E3669B0CC09F5BDFCEF2.tmp' to '../../../../../../163935T/FYP/FYP/Main/FYP_Prototype/Content/FBX/UI/instructions.uasset'
[2018.11.09-03.09.33:685][861]LogUObjectGlobals: Warning: Failed to find object 'Object None.'
[2018.11.09-03.09.33:686][861]LogUObjectGlobals: Warning: Failed to find object 'Object None.'
[2018.11.09-03.09.33:695][861]LogSlate: FSceneViewport::OnFocusLost() reason 2
[2018.11.09-03.09.34:426][923]LogUObjectGlobals: Warning: Failed to find object 'Object None.'
[2018.11.09-03.09.34:426][923]LogUObjectGlobals: Warning: Failed to find object 'Object None.'
[2018.11.09-03.09.35:145][  8]LogSlate: FSceneViewport::OnFocusLost() reason 2
[2018.11.09-03.09.35:147][  8]LogAssetEditorManager: Opening Asset editor for LevelScriptBlueprint /Game/VirtualRealityBP/Maps/MotionControllerMap.MotionControllerMap:PersistentLevel.MotionControllerMap
[2018.11.09-03.09.47:443][237]BlueprintLog: New page: Compile MotionControllerMap
[2018.11.09-03.09.49:659][300]LogSavePackage: Moving '../../../../../../163935T/FYP/FYP/Main/FYP_Prototype/Saved/MotionControllerMapD439920C4993675B3DF2FCAAA30C8479.tmp' to '../../../../../../163935T/FYP/FYP/Main/FYP_Prototype/Content/VirtualRealityBP/Maps/MotionControllerMap.umap'
[2018.11.09-03.09.49:687][300]LogFileHelpers: Saving map 'MotionControllerMap' took 1.262
[2018.11.09-03.09.50:434][376]LogSlate: FSceneViewport::OnFocusLost() reason 0
[2018.11.09-03.18.16:276][ 95]LogSlate: FSceneViewport::OnFocusLost() reason 0
[2018.11.09-03.19.48:407][330]LogSlate: FSceneViewport::OnFocusLost() reason 0
[2018.11.09-03.20.33:572][623]LogSlate: Window 'MotionControllerMap - Level Blueprint Editor' being destroyed
[2018.11.09-03.20.33:577][623]LogSlate: Window 'MotionControllerMap - Level Blueprint Editor' being destroyed
[2018.11.09-03.20.33:682][623]LogActorComponent: UnregisterComponent: (/Engine/Transient.EditorFloorComp) Not registered. Aborting.
[2018.11.09-03.20.33:794][623]LogActorComponent: UnregisterComponent: (/Engine/Transient.EditorFloorComp) Not registered. Aborting.
[2018.11.09-03.20.33:881][623]LogActorComponent: UnregisterComponent: (/Engine/Transient.EditorFloorComp) Not registered. Aborting.
[2018.11.09-03.20.35:180][757]LogSlate: FSceneViewport::OnFocusLost() reason 0
[2018.11.09-03.25.28:886][821]LogAssetEditorManager: Opening Asset editor for Blueprint /Game/FBX/UI/instructions.instructions
[2018.11.09-03.25.36:630][678]Cmd: OBJ SAVEPACKAGE PACKAGE="/Game/FBX/UI/instructions" FILE="../../../../../../163935T/FYP/FYP/Main/FYP_Prototype/Content/FBX/UI/instructions.uasset" SILENT=true
[2018.11.09-03.25.36:656][678]LogSavePackage: Moving '../../../../../../163935T/FYP/FYP/Main/FYP_Prototype/Saved/instructionsD5D16EBA46E5B82B0543EA9BD9D94B4B.tmp' to '../../../../../../163935T/FYP/FYP/Main/FYP_Prototype/Content/FBX/UI/instructions.uasset'
[2018.11.09-03.27.24:375][718]LogSlate: FSceneViewport::OnFocusLost() reason 0
[2018.11.09-03.27.50:054][487]LogSlate: Window 'instructions' being destroyed
[2018.11.09-03.27.50:137][487]LogSlate: Window 'FYP_Prototype - Unreal Editor' being destroyed
[2018.11.09-03.27.50:142][487]LogWindowsTextInputMethodSystem: Display: IME system now activated using TSF (Microsoft IME).
[2018.11.09-03.27.50:340][488]Cmd: QUIT_EDITOR
[2018.11.09-03.27.51:118][488]LogExit: Preparing to exit.
[2018.11.09-03.27.51:839][488]LogExit: Editor shut down
[2018.11.09-03.27.51:839][488]LogExit: Transaction tracking system shut down
[2018.11.09-03.27.52:338][488]LogExit: Object subsystem successfully closed.
[2018.11.09-03.27.52:388][488]LogShaderCompilers: Display: Shaders left to compile 0
[2018.11.09-03.27.52:396][488]LogD3D11RHI: Shutdown
[2018.11.09-03.27.52:396][488]LogD3D11RHI: CleanupD3DDevice
[2018.11.09-03.27.52:419][488]LogD3D11RHI: ~FD3D11DynamicRHI
[2018.11.09-03.27.52:431][488]LogModuleManager: Shutting down and abandoning module MovieSceneCapture (618)
[2018.11.09-03.27.52:431][488]LogModuleManager: Shutting down and abandoning module Voice (616)
[2018.11.09-03.27.52:431][488]LogModuleManager: Shutting down and abandoning module BlueprintGraph (614)
[2018.11.09-03.27.52:431][488]LogModuleManager: Shutting down and abandoning module HierarchicalLODOutliner (612)
[2018.11.09-03.27.52:431][488]LogModuleManager: Shutting down and abandoning module SceneOutliner (610)
[2018.11.09-03.27.52:431][488]LogModuleManager: Shutting down and abandoning module AddContentDialog (608)
[2018.11.09-03.27.52:432][488]LogModuleManager: Shutting down and abandoning module WidgetCarousel (607)
[2018.11.09-03.27.52:432][488]LogModuleManager: Shutting down and abandoning module EditorWidgets (604)
[2018.11.09-03.27.52:432][488]LogModuleManager: Shutting down and abandoning module CollectionManager (602)
[2018.11.09-03.27.52:432][488]LogModuleManager: Shutting down and abandoning module StatsViewer (600)
[2018.11.09-03.27.52:433][488]LogModuleManager: Shutting down and abandoning module FoliageEdit (598)
[2018.11.09-03.27.52:433][488]LogModuleManager: Shutting down and abandoning module LandscapeEditor (596)
[2018.11.09-03.27.52:433][488]LogModuleManager: Shutting down and abandoning module MeshPaintMode (594)
[2018.11.09-03.27.52:433][488]LogModuleManager: Shutting down and abandoning module SceneDepthPickerMode (592)
[2018.11.09-03.27.52:433][488]LogModuleManager: Shutting down and abandoning module ActorPickerMode (590)
[2018.11.09-03.27.52:433][488]LogModuleManager: Shutting down and abandoning module GeometryMode (588)
[2018.11.09-03.27.52:433][488]LogModuleManager: Shutting down and abandoning module TextureAlignMode (586)
[2018.11.09-03.27.52:433][488]LogModuleManager: Shutting down and abandoning module BspMode (584)
[2018.11.09-03.27.52:433][488]LogModuleManager: Shutting down and abandoning module PIEPreviewDeviceProfileSelector (582)
[2018.11.09-03.27.52:433][488]LogModuleManager: Shutting down and abandoning module SequenceRecorderSections (580)
[2018.11.09-03.27.52:433][488]LogModuleManager: Shutting down and abandoning module AutomationWorker (578)
[2018.11.09-03.27.52:433][488]LogModuleManager: Shutting down and abandoning module AudioCaptureEditor (576)
[2018.11.09-03.27.52:433][488]LogModuleManager: Shutting down and abandoning module SequenceRecorder (575)
[2018.11.09-03.27.52:433][488]LogModuleManager: Shutting down and abandoning module MatineeToLevelSequence (572)
[2018.11.09-03.27.52:433][488]LogModuleManager: Shutting down and abandoning module LevelSequenceEditor (570)
[2018.11.09-03.27.52:433][488]LogModuleManager: Shutting down and abandoning module PlacementMode (569)
[2018.11.09-03.27.52:433][488]LogModuleManager: Shutting down and abandoning module MaterialEditor (568)
[2018.11.09-03.27.52:433][488]LogModuleManager: Shutting down and abandoning module WmfMediaFactory (564)
[2018.11.09-03.27.52:433][488]LogModuleManager: Shutting down and abandoning module WmfMediaEditor (562)
[2018.11.09-03.27.52:433][488]LogModuleManager: Shutting down and abandoning module MediaPlayerEditor (560)
[2018.11.09-03.27.52:433][488]LogModuleManager: Shutting down and abandoning module OpenExrWrapper (558)
[2018.11.09-03.27.52:433][488]LogModuleManager: Shutting down and abandoning module ImgMediaFactory (556)
[2018.11.09-03.27.52:433][488]LogModuleManager: Shutting down and abandoning module ImgMediaEditor (554)
[2018.11.09-03.27.52:433][488]LogModuleManager: Shutting down and abandoning module AvfMediaFactory (552)
[2018.11.09-03.27.52:433][488]LogModuleManager: Shutting down and abandoning module AvfMediaEditor (550)
[2018.11.09-03.27.52:433][488]LogModuleManager: Shutting down and abandoning module AndroidMediaFactory (548)
[2018.11.09-03.27.52:433][488]LogModuleManager: Shutting down and abandoning module AndroidMediaEditor (546)
[2018.11.09-03.27.52:433][488]LogModuleManager: Shutting down and abandoning module MagicLeapCameraPreviewFactory (544)
[2018.11.09-03.27.52:433][488]LogModuleManager: Shutting down and abandoning module MagicLeapMediaFactory (542)
[2018.11.09-03.27.52:433][488]LogModuleManager: Shutting down and abandoning module MagicLeapMediaEditor (540)
[2018.11.09-03.27.52:433][488]LogModuleManager: Shutting down and abandoning module CharacterAI (538)
[2018.11.09-03.27.52:433][488]LogModuleManager: Shutting down and abandoning module SmartSnapping (536)
[2018.11.09-03.27.52:433][488]LogModuleManager: Shutting down and abandoning module SessionServices (534)
[2018.11.09-03.27.52:433][488]LogModuleManager: Shutting down and abandoning module ViewportSnapping (532)
[2018.11.09-03.27.52:433][488]LogModuleManager: Shutting down and abandoning module ViewportInteraction (530)
[2018.11.09-03.27.52:433][488]LogModuleManager: Shutting down and abandoning module ClothPainter (528)
[2018.11.09-03.27.52:434][488]LogModuleManager: Shutting down and abandoning module SkeletalMeshEditor (527)
[2018.11.09-03.27.52:434][488]LogModuleManager: Shutting down and abandoning module LogVisualizer (524)
[2018.11.09-03.27.52:434][488]LogModuleManager: Shutting down and abandoning module IntroTutorials (522)
[2018.11.09-03.27.52:434][488]LogModuleManager: Shutting down and abandoning module GameProjectGeneration (521)
[2018.11.09-03.27.52:434][488]LogModuleManager: Shutting down and abandoning module LuminPlatformEditor (518)
[2018.11.09-03.27.52:434][488]LogModuleManager: Shutting down and abandoning module IOSPlatformEditor (516)
[2018.11.09-03.27.52:434][488]LogModuleManager: Shutting down and abandoning module HTML5PlatformEditor (514)
[2018.11.09-03.27.52:434][488]LogModuleManager: Shutting down and abandoning module AndroidPlatformEditor (512)
[2018.11.09-03.27.52:434][488]LogModuleManager: Shutting down and abandoning module AndroidDeviceDetection (511)
[2018.11.09-03.27.53:041][488]LogModuleManager: Shutting down and abandoning module WindowsPlatformEditor (508)
[2018.11.09-03.27.53:041][488]LogModuleManager: Shutting down and abandoning module LuminRuntimeSettings (506)
[2018.11.09-03.27.53:041][488]LogModuleManager: Shutting down and abandoning module IOSRuntimeSettings (504)
[2018.11.09-03.27.53:041][488]LogModuleManager: Shutting down and abandoning module AndroidRuntimeSettings (502)
[2018.11.09-03.27.53:041][488]LogModuleManager: Shutting down and abandoning module InputBindingEditor (500)
[2018.11.09-03.27.53:041][488]LogModuleManager: Shutting down and abandoning module MergeActors (498)
[2018.11.09-03.27.53:041][488]LogModuleManager: Shutting down and abandoning module LocalizationDashboard (496)
[2018.11.09-03.27.53:041][488]LogModuleManager: Shutting down and abandoning module LocalizationService (495)
[2018.11.09-03.27.53:041][488]LogModuleManager: Shutting down and abandoning module HardwareTargeting (492)
[2018.11.09-03.27.53:041][488]LogModuleManager: Shutting down and abandoning module DeviceProfileEditor (490)
[2018.11.09-03.27.53:041][488]LogModuleManager: Shutting down and abandoning module UndoHistory (488)
[2018.11.09-03.27.53:041][488]LogModuleManager: Shutting down and abandoning module XmlParser (486)
[2018.11.09-03.27.53:041][488]LogModuleManager: Shutting down and abandoning module Blutility (484)
[2018.11.09-03.27.53:041][488]LogModuleManager: Shutting down and abandoning module ProjectSettingsViewer (482)
[2018.11.09-03.27.53:041][488]LogModuleManager: Shutting down and abandoning module ProjectTargetPlatformEditor (481)
[2018.11.09-03.27.53:041][488]LogModuleManager: Shutting down and abandoning module EditorSettingsViewer (478)
[2018.11.09-03.27.53:041][488]LogModuleManager: Shutting down and abandoning module SettingsEditor (476)
[2018.11.09-03.27.53:041][488]LogModuleManager: Shutting down and abandoning module ProjectLauncher (474)
[2018.11.09-03.27.53:041][488]LogModuleManager: Shutting down and abandoning module SessionFrontend (472)
[2018.11.09-03.27.53:041][488]LogModuleManager: Shutting down and abandoning module ProfilerClient (470)
[2018.11.09-03.27.53:042][488]LogModuleManager: Shutting down and abandoning module DeviceManager (468)
[2018.11.09-03.27.53:042][488]LogModuleManager: Shutting down and abandoning module TargetDeviceServices (467)
[2018.11.09-03.27.53:095][488]LogModuleManager: Shutting down and abandoning module AutomationController (464)
[2018.11.09-03.27.53:095][488]LogModuleManager: Shutting down and abandoning module AutomationWindow (462)
[2018.11.09-03.27.53:095][488]LogModuleManager: Shutting down and abandoning module Layers (460)
[2018.11.09-03.27.53:095][488]LogModuleManager: Shutting down and abandoning module ComponentVisualizers (458)
[2018.11.09-03.27.53:095][488]LogModuleManager: Shutting down and abandoning module DetailCustomizations (456)
[2018.11.09-03.27.53:095][488]LogModuleManager: Shutting down and abandoning module PackagesDialog (454)
[2018.11.09-03.27.53:095][488]LogModuleManager: Shutting down and abandoning module Persona (452)
[2018.11.09-03.27.53:095][488]LogModuleManager: Shutting down and abandoning module AdvancedPreviewScene (451)
[2018.11.09-03.27.53:095][488]LogModuleManager: Shutting down and abandoning module AnimGraph (449)
[2018.11.09-03.27.53:095][488]LogModuleManager: Shutting down and abandoning module Kismet (446)
[2018.11.09-03.27.53:104][488]LogModuleManager: Shutting down and abandoning module GraphEditor (444)
[2018.11.09-03.27.53:104][488]LogModuleManager: Shutting down and abandoning module ClassViewer (442)
[2018.11.09-03.27.53:107][488]LogModuleManager: Shutting down and abandoning module Toolbox (440)
[2018.11.09-03.27.53:107][488]LogModuleManager: Shutting down and abandoning module ModuleUI (438)
[2018.11.09-03.27.53:107][488]LogModuleManager: Shutting down and abandoning module MovieSceneTools (436)
[2018.11.09-03.27.53:107][488]LogModuleManager: Shutting down and abandoning module OutputLog (434)
[2018.11.09-03.27.53:107][488]LogModuleManager: Shutting down and abandoning module GammaUI (432)
[2018.11.09-03.27.53:107][488]LogModuleManager: Shutting down and abandoning module Documentation (430)
[2018.11.09-03.27.53:107][488]LogModuleManager: Shutting down and abandoning module MovieSceneTracks (428)
[2018.11.09-03.27.53:107][488]LogModuleManager: Shutting down and abandoning module MovieScene (426)
[2018.11.09-03.27.53:107][488]LogModuleManager: Shutting down and abandoning module StreamingPauseRendering (424)
[2018.11.09-03.27.53:107][488]LogModuleManager: Shutting down and abandoning module LauncherPlatform (422)
[2018.11.09-03.27.53:107][488]LogModuleManager: Shutting down and abandoning module AnalyticsET (420)
[2018.11.09-03.27.53:107][488]LogModuleManager: Shutting down and abandoning module PortalServices (418)
[2018.11.09-03.27.53:107][488]LogModuleManager: Shutting down and abandoning module PortalRpc (416)
[2018.11.09-03.27.53:107][488]LogModuleManager: Shutting down and abandoning module MessagingRpc (414)
[2018.11.09-03.27.53:107][488]LogModuleManager: Shutting down and abandoning module AIModule (412)
[2018.11.09-03.27.53:107][488]LogModuleManager: Shutting down and abandoning module GameplayDebugger (411)
[2018.11.09-03.27.53:107][488]LogModuleManager: Shutting down and abandoning module AITestSuite (409)
[2018.11.09-03.27.53:107][488]LogModuleManager: Shutting down and abandoning module NavigationSystem (407)
[2018.11.09-03.27.53:107][488]LogModuleManager: Shutting down and abandoning module DesktopPlatform (404)
[2018.11.09-03.27.53:107][488]LogModuleManager: Shutting down and abandoning module ProfilerService (402)
[2018.11.09-03.27.53:190][488]LogModuleManager: Shutting down and abandoning module TaskGraph (400)
[2018.11.09-03.27.53:190][488]LogModuleManager: Shutting down and abandoning module SteamVRController (398)
[2018.11.09-03.27.53:191][488]LogModuleManager: Shutting down and abandoning module ProceduralMeshComponentEditor (396)
[2018.11.09-03.27.53:191][488]LogModuleManager: Shutting down and abandoning module ProceduralMeshComponent (394)
[2018.11.09-03.27.53:191][488]LogModuleManager: Shutting down and abandoning module OculusInput (392)
[2018.11.09-03.27.53:191][488]LogModuleManager: Shutting down and abandoning module MobilePatchingUtils (390)
[2018.11.09-03.27.53:191][488]LogModuleManager: Shutting down and abandoning module EditableMesh (388)
[2018.11.09-03.27.53:191][488]LogModuleManager: Shutting down and abandoning module CustomMeshComponent (386)
[2018.11.09-03.27.53:191][488]LogModuleManager: Shutting down and abandoning module CableComponent (384)
[2018.11.09-03.27.53:191][488]LogModuleManager: Shutting down and abandoning module AudioCapture (382)
[2018.11.09-03.27.53:191][488]LogModuleManager: Shutting down and abandoning module ArchVisCharacter (380)
[2018.11.09-03.27.53:191][488]LogModuleManager: Shutting down and abandoning module AndroidPermission (378)
[2018.11.09-03.27.53:191][488]LogModuleManager: Shutting down and abandoning module NUTUnrealEngine4 (376)
[2018.11.09-03.27.53:191][488]LogModuleManager: Shutting down and abandoning module NetcodeUnitTest (374)
[2018.11.09-03.27.53:191][488]LogModuleManager: Shutting down and abandoning module MediaCompositingEditor (372)
[2018.11.09-03.27.53:191][488]LogModuleManager: Shutting down and abandoning module MediaCompositing (370)
[2018.11.09-03.27.53:191][488]LogModuleManager: Shutting down and abandoning module LinearTimecode (368)
[2018.11.09-03.27.53:191][488]LogModuleManager: Shutting down and abandoning module ImgMedia (366)
[2018.11.09-03.27.53:196][488]LogModuleManager: Shutting down and abandoning module HTML5Networking (364)
[2018.11.09-03.27.53:196][488]LogModuleManager: Shutting down and abandoning module GeometryCacheTracks (362)
[2018.11.09-03.27.53:196][488]LogModuleManager: Shutting down and abandoning module GeometryCacheSequencer (360)
[2018.11.09-03.27.53:196][488]LogModuleManager: Shutting down and abandoning module BackChannel (358)
[2018.11.09-03.27.53:196][488]LogModuleManager: Shutting down and abandoning module AppleVision (356)
[2018.11.09-03.27.53:196][488]LogModuleManager: Shutting down and abandoning module AppleImageUtils (354)
[2018.11.09-03.27.53:196][488]LogModuleManager: Shutting down and abandoning module AlembicImporter (352)
[2018.11.09-03.27.53:196][488]LogModuleManager: Shutting down and abandoning module AlembicLibrary (351)
[2018.11.09-03.27.53:197][488]LogModuleManager: Shutting down and abandoning module GeometryCache (350)
[2018.11.09-03.27.53:197][488]LogModuleManager: Shutting down and abandoning module GeometryCacheEd (349)
[2018.11.09-03.27.53:197][488]LogModuleManager: Shutting down and abandoning module DatasmithContentEditor (344)
[2018.11.09-03.27.53:197][488]LogModuleManager: Shutting down and abandoning module DatasmithContent (342)
[2018.11.09-03.27.53:197][488]LogModuleManager: Shutting down and abandoning module SpeedTreeImporter (340)
[2018.11.09-03.27.53:197][488]LogModuleManager: Shutting down and abandoning module PluginBrowser (338)
[2018.11.09-03.27.53:197][488]LogModuleManager: Shutting down and abandoning module MobileLauncherProfileWizard (336)
[2018.11.09-03.27.53:197][488]LogModuleManager: Shutting down and abandoning module PolygonModeling (334)
[2018.11.09-03.27.53:197][488]LogModuleManager: Shutting down and abandoning module MeshEditor (332)
[2018.11.09-03.27.53:197][488]LogModuleManager: Shutting down and abandoning module CryptoKeysOpenSSL (330)
[2018.11.09-03.27.53:197][488]LogModuleManager: Shutting down and abandoning module CryptoKeys (328)
[2018.11.09-03.27.53:197][488]LogModuleManager: Shutting down and abandoning module VisualStudioSourceCodeAccess (326)
[2018.11.09-03.27.53:197][488]LogModuleManager: Shutting down and abandoning module VisualStudioCodeSourceCodeAccess (324)
[2018.11.09-03.27.53:197][488]LogModuleManager: Shutting down and abandoning module UObjectPlugin (322)
[2018.11.09-03.27.53:197][488]LogModuleManager: Shutting down and abandoning module SubversionSourceControl (320)
[2018.11.09-03.27.53:197][488]LogModuleManager: Shutting down and abandoning module PerforceSourceControl (318)
[2018.11.09-03.27.53:198][488]LogModuleManager: Shutting down and abandoning module GitSourceControl (316)
[2018.11.09-03.27.53:198][488]LogModuleManager: Shutting down and abandoning module SourceControl (315)
[2018.11.09-03.27.53:198][488]LogModuleManager: Shutting down and abandoning module CLionSourceCodeAccess (312)
[2018.11.09-03.27.53:198][488]LogModuleManager: Shutting down and abandoning module LightPropagationVolumeEditor (310)
[2018.11.09-03.27.53:198][488]LogModuleManager: Shutting down and abandoning module PaperTiledImporter (308)
[2018.11.09-03.27.53:198][488]LogModuleManager: Shutting down and abandoning module PaperSpriteSheetImporter (306)
[2018.11.09-03.27.53:198][488]LogModuleManager: Shutting down and abandoning module Paper2DEditor (304)
[2018.11.09-03.27.53:198][488]LogModuleManager: Shutting down and abandoning module MeshPaint (303)
[2018.11.09-03.27.53:198][488]LogModuleManager: Shutting down and abandoning module RuntimePhysXCooking (300)
[2018.11.09-03.27.53:198][488]LogModuleManager: Shutting down and abandoning module PhysXVehiclesEditor (298)
[2018.11.09-03.27.53:198][488]LogModuleManager: Shutting down and abandoning module PhysXVehicles (296)
[2018.11.09-03.27.53:198][488]LogModuleManager: Shutting down and abandoning module OculusEditor (294)
[2018.11.09-03.27.53:198][488]LogModuleManager: Shutting down and abandoning module LocationServicesBPLibrary (292)
[2018.11.09-03.27.53:198][488]LogModuleManager: Shutting down and abandoning module ImmediatePhysicsEditor (290)
[2018.11.09-03.27.53:198][488]LogModuleManager: Shutting down and abandoning module ImmediatePhysics (288)
[2018.11.09-03.27.53:198][488]LogModuleManager: Shutting down and abandoning module ActorSequence (286)
[2018.11.09-03.27.53:198][488]LogModuleManager: Shutting down and abandoning module UdpMessaging (284)
[2018.11.09-03.27.53:299][488]LogModuleManager: Shutting down and abandoning module TcpMessaging (282)
[2018.11.09-03.27.53:400][488]LogModuleManager: Shutting down and abandoning module DonAINavigation (280)
[2018.11.09-03.27.53:400][488]LogModuleManager: Shutting down and abandoning module MagicLeapAudio (278)
[2018.11.09-03.27.53:400][488]LogModuleManager: Shutting down and abandoning module GameplayTagsEditor (276)
[2018.11.09-03.27.53:400][488]LogModuleManager: Shutting down and abandoning module FacialAnimationEditor (274)
[2018.11.09-03.27.53:400][488]LogModuleManager: Shutting down and abandoning module FacialAnimation (272)
[2018.11.09-03.27.53:400][488]LogModuleManager: Shutting down and abandoning module DataValidation (270)
[2018.11.09-03.27.53:400][488]LogModuleManager: Shutting down and abandoning module AssetManagerEditor (268)
[2018.11.09-03.27.53:400][488]LogModuleManager: Shutting down and abandoning module LevelEditor (267)
[2018.11.09-03.27.53:401][488]LogModuleManager: Shutting down and abandoning module PixelInspectorModule (266)
[2018.11.09-03.27.53:401][488]LogModuleManager: Shutting down and abandoning module CommonMenuExtensions (264)
[2018.11.09-03.27.53:401][488]LogModuleManager: Shutting down and abandoning module MainFrame (262)
[2018.11.09-03.27.53:401][488]LogModuleManager: Shutting down and abandoning module HotReload (261)
[2018.11.09-03.27.53:402][488]LogModuleManager: Shutting down and abandoning module ContentBrowser (257)
[2018.11.09-03.27.53:403][488]LogModuleManager: Shutting down and abandoning module TreeMap (255)
[2018.11.09-03.27.53:403][488]LogModuleManager: Shutting down and abandoning module LightPropagationVolumeRuntime (252)
[2018.11.09-03.27.53:403][488]LogModuleManager: Shutting down and abandoning module AISupportModule (250)
[2018.11.09-03.27.53:403][488]LogModuleManager: Shutting down and abandoning module Paper2D (248)
[2018.11.09-03.27.53:403][488]LogModuleManager: Shutting down and abandoning module WindowsMoviePlayer (246)
[2018.11.09-03.27.53:403][488]LogModuleManager: Shutting down and abandoning module WmfMedia (244)
[2018.11.09-03.27.53:405][488]LogModuleManager: Shutting down and abandoning module Media (243)
[2018.11.09-03.27.53:411][488]LogModuleManager: Shutting down and abandoning module PacketHandler (240)
[2018.11.09-03.27.53:411][488]LogModuleManager: Shutting down and abandoning module ClothingSystemEditor (238)
[2018.11.09-03.27.53:411][488]LogModuleManager: Shutting down and abandoning module ClothingSystemRuntime (236)
[2018.11.09-03.27.53:411][488]LogModuleManager: Shutting down and abandoning module MediaAssets (234)
[2018.11.09-03.27.53:411][488]LogModuleManager: Shutting down and abandoning module Overlay (232)
[2018.11.09-03.27.53:411][488]LogModuleManager: Shutting down and abandoning module OverlayEditor (231)
[2018.11.09-03.27.53:411][488]LogModuleManager: Shutting down and abandoning module VREditor (228)
[2018.11.09-03.27.53:412][488]LogModuleManager: Shutting down and abandoning module StringTableEditor (226)
[2018.11.09-03.27.53:412][488]LogModuleManager: Shutting down and abandoning module GameplayTasksEditor (224)
[2018.11.09-03.27.53:412][488]LogModuleManager: Shutting down and abandoning module BehaviorTreeEditor (222)
[2018.11.09-03.27.53:412][488]LogModuleManager: Shutting down and abandoning module FunctionalTesting (220)
[2018.11.09-03.27.53:412][488]LogModuleManager: Shutting down and abandoning module CollisionAnalyzer (218)
[2018.11.09-03.27.53:412][488]LogModuleManager: Shutting down and abandoning module WorkspaceMenuStructure (217)
[2018.11.09-03.27.53:412][488]LogModuleManager: Shutting down and abandoning module UMG (214)
[2018.11.09-03.27.53:412][488]LogModuleManager: Shutting down and abandoning module UMGEditor (213)
[2018.11.09-03.27.53:412][488]LogModuleManager: Shutting down and abandoning module Sequencer (212)
[2018.11.09-03.27.53:412][488]LogModuleManager: Shutting down and abandoning module MessageLog (209)
[2018.11.09-03.27.53:412][488]LogModuleManager: Shutting down and abandoning module SlateReflector (204)
[2018.11.09-03.27.53:412][488]LogModuleManager: Shutting down and abandoning module Slate (202)
[2018.11.09-03.27.53:412][488]LogModuleManager: Shutting down and abandoning module EditorStyle (200)
[2018.11.09-03.27.53:414][488]LogModuleManager: Shutting down and abandoning module MRMesh (198)
[2018.11.09-03.27.53:414][488]LogModuleManager: Shutting down and abandoning module SourceCodeAccess (196)
[2018.11.09-03.27.53:414][488]LogModuleManager: Shutting down and abandoning module HeadMountedDisplay (194)
[2018.11.09-03.27.53:414][488]LogModuleManager: Shutting down and abandoning module XAudio2 (192)
[2018.11.09-03.27.53:414][488]LogModuleManager: Shutting down and abandoning module Networking (190)
[2018.11.09-03.27.53:414][488]LogModuleManager: Shutting down and abandoning module Core (188)
[2018.11.09-03.27.53:414][488]LogModuleManager: Shutting down and abandoning module LevelSequence (186)
[2018.11.09-03.27.53:414][488]LogModuleManager: Shutting down and abandoning module KismetCompiler (184)
[2018.11.09-03.27.53:414][488]LogModuleManager: Shutting down and abandoning module MeshUtilities (182)
[2018.11.09-03.27.53:414][488]LogModuleManager: Shutting down and abandoning module MeshMergeUtilities (181)
[2018.11.09-03.27.53:414][488]LogModuleManager: Shutting down and abandoning module MeshReductionInterface (180)
[2018.11.09-03.27.53:414][488]LogModuleManager: Shutting down and abandoning module SimplygonSwarm (179)
[2018.11.09-03.27.53:414][488]LogModuleManager: Shutting down and abandoning module ProxyLODMeshReduction (177)
[2018.11.09-03.27.53:415][488]LogModuleManager: Shutting down and abandoning module SimplygonMeshReduction (175)
[2018.11.09-03.27.53:415][488]LogModuleManager: Shutting down and abandoning module QuadricMeshReduction (173)
[2018.11.09-03.27.53:415][488]LogModuleManager: Shutting down and abandoning module MaterialBaking (169)
[2018.11.09-03.27.53:415][488]LogModuleManager: Shutting down and abandoning module DirectoryWatcher (165)
[2018.11.09-03.27.53:415][488]LogModuleManager: Shutting down and abandoning module DerivedDataCache (162)
[2018.11.09-03.27.53:503][488]LogDerivedDataCache: Shutdown
[2018.11.09-03.27.53:503][488]LogModuleManager: Shutting down and abandoning module XGEController (160)
[2018.11.09-03.27.53:503][488]LogModuleManager: Shutting down and abandoning module TargetPlatform (158)
[2018.11.09-03.27.53:503][488]LogModuleManager: Shutting down and abandoning module VulkanShaderFormat (157)
[2018.11.09-03.27.53:503][488]LogModuleManager: Shutting down and abandoning module ShaderFormatVectorVM (155)
[2018.11.09-03.27.53:504][488]LogModuleManager: Shutting down and abandoning module ShaderFormatOpenGL (153)
[2018.11.09-03.27.53:504][488]LogModuleManager: Shutting down and abandoning module ShaderFormatD3D (151)
[2018.11.09-03.27.53:504][488]LogModuleManager: Shutting down and abandoning module MetalShaderFormat (149)
[2018.11.09-03.27.53:504][488]LogModuleManager: Shutting down and abandoning module TextureFormatUncompressed (147)
[2018.11.09-03.27.53:504][488]LogModuleManager: Shutting down and abandoning module TextureFormatPVR (145)
[2018.11.09-03.27.53:504][488]LogModuleManager: Shutting down and abandoning module TextureFormatDXT (143)
[2018.11.09-03.27.53:504][488]LogModuleManager: Shutting down and abandoning module TextureFormatIntelISPCTexComp (141)
[2018.11.09-03.27.53:504][488]LogModuleManager: Shutting down and abandoning module TextureFormatASTC (139)
[2018.11.09-03.27.53:504][488]LogModuleManager: Shutting down and abandoning module ImageWrapper (138)
[2018.11.09-03.27.53:504][488]LogModuleManager: Shutting down and abandoning module TextureFormatAndroid (135)
[2018.11.09-03.27.53:504][488]LogModuleManager: Shutting down and abandoning module AudioFormatOpus (133)
[2018.11.09-03.27.53:504][488]LogModuleManager: Shutting down and abandoning module AudioFormatOgg (131)
[2018.11.09-03.27.53:504][488]LogModuleManager: Shutting down and abandoning module AudioFormatADPCM (129)
[2018.11.09-03.27.53:504][488]LogModuleManager: Shutting down and abandoning module LuminTargetPlatform (127)
[2018.11.09-03.27.53:504][488]LogModuleManager: Shutting down and abandoning module LinuxTargetPlatform (125)
[2018.11.09-03.27.53:504][488]LogModuleManager: Shutting down and abandoning module LinuxServerTargetPlatform (123)
[2018.11.09-03.27.53:504][488]LogModuleManager: Shutting down and abandoning module LinuxNoEditorTargetPlatform (121)
[2018.11.09-03.27.53:504][488]LogModuleManager: Shutting down and abandoning module LinuxClientTargetPlatform (119)
[2018.11.09-03.27.53:504][488]LogModuleManager: Shutting down and abandoning module TVOSTargetPlatform (117)
[2018.11.09-03.27.53:505][488]LogModuleManager: Shutting down and abandoning module Messaging (115)
[2018.11.09-03.27.53:505][488]LogModuleManager: Shutting down and abandoning module IOSTargetPlatform (113)
[2018.11.09-03.27.53:507][488]LogModuleManager: Shutting down and abandoning module HTML5TargetPlatform (111)
[2018.11.09-03.27.53:507][488]LogModuleManager: Shutting down and abandoning module AndroidTargetPlatform (109)
[2018.11.09-03.27.53:518][488]LogModuleManager: Shutting down and abandoning module WindowsTargetPlatform (107)
[2018.11.09-03.27.53:518][488]LogModuleManager: Shutting down and abandoning module WindowsServerTargetPlatform (105)
[2018.11.09-03.27.53:518][488]LogModuleManager: Shutting down and abandoning module WindowsNoEditorTargetPlatform (103)
[2018.11.09-03.27.53:518][488]LogModuleManager: Shutting down and abandoning module WindowsClientTargetPlatform (101)
[2018.11.09-03.27.53:518][488]LogModuleManager: Shutting down and abandoning module MacTargetPlatform (99)
[2018.11.09-03.27.53:518][488]LogModuleManager: Shutting down and abandoning module MacServerTargetPlatform (97)
[2018.11.09-03.27.53:518][488]LogModuleManager: Shutting down and abandoning module MacNoEditorTargetPlatform (95)
[2018.11.09-03.27.53:518][488]LogModuleManager: Shutting down and abandoning module MacClientTargetPlatform (93)
[2018.11.09-03.27.53:518][488]LogModuleManager: Shutting down and abandoning module AllDesktopTargetPlatform (91)
[2018.11.09-03.27.53:518][488]LogModuleManager: Shutting down and abandoning module InputCore (88)
[2018.11.09-03.27.53:518][488]LogModuleManager: Shutting down and abandoning module Settings (86)
[2018.11.09-03.27.53:518][488]LogModuleManager: Shutting down and abandoning module PhysXCooking (84)
[2018.11.09-03.27.53:518][488]LogModuleManager: Shutting down and abandoning module SteamVR (82)
[2018.11.09-03.27.53:518][488]LogModuleManager: Shutting down and abandoning module OculusHMD (80)
[2018.11.09-03.27.53:518][488]LogModuleManager: Shutting down and abandoning module ExampleDeviceProfileSelector (78)
[2018.11.09-03.27.53:518][488]LogModuleManager: Shutting down and abandoning module LauncherChunkInstaller (76)
[2018.11.09-03.27.53:518][488]LogModuleManager: Shutting down and abandoning module OnlineBlueprintSupport (74)
[2018.11.09-03.27.53:518][488]LogModuleManager: Shutting down and abandoning module OnlineSubsystem (70)
[2018.11.09-03.27.53:519][488]LogModuleManager: Shutting down and abandoning module XMPP (65)
[2018.11.09-03.27.53:519][488]LogModuleManager: Shutting down and abandoning module WebSockets (64)
[2018.11.09-03.27.53:549][488]LogModuleManager: Shutting down and abandoning module HTTP (61)
[2018.11.09-03.27.53:549][488]LogHttp: Display: Http module shutting down, but needs to wait on 1 outstanding Http requests:
[2018.11.09-03.27.53:549][488]LogHttp: Display: 	verb=[POST] url=[https://datarouter.ol.epicgames.com/datarouter/api/v1/public/data?SessionID=%7BD34DF461-48D1-A4F5-C738-9BAD46522512%7D&AppID=UEEditor.Rocket.Release&AppVersion=4.20.3-4369336%2B%2B%2BUE4%2BRelease-4.20&UserID=78b04c4642704aa7c867e6bcf33bc2b1%7Ccbdf6a7222434569bdc52afaf73ebf00%7Cdc1ad8e8-82e7-421f-a93d-124fc2f5480a&AppEnvironment=datacollector-binary&UploadType=eteventstream] status=Processing
[2018.11.09-03.27.53:559][488]LogModuleManager: Shutting down and abandoning module SSL (60)
[2018.11.09-03.27.53:560][488]LogModuleManager: Shutting down and abandoning module MagicLeapEmulator (56)
[2018.11.09-03.27.53:560][488]LogModuleManager: Shutting down and abandoning module MagicLeapPrivileges (54)
[2018.11.09-03.27.53:560][488]LogModuleManager: Shutting down and abandoning module MagicLeapIdentity (52)
[2018.11.09-03.27.53:560][488]LogModuleManager: Shutting down and abandoning module MagicLeapHelperVulkan (50)
[2018.11.09-03.27.53:560][488]LogModuleManager: Shutting down and abandoning module MagicLeapHelperOpenGL (48)
[2018.11.09-03.27.53:561][488]LogModuleManager: Shutting down and abandoning module MagicLeapSecureStorage (46)
[2018.11.09-03.27.53:561][488]LogModuleManager: Shutting down and abandoning module MagicLeapGestures (44)
[2018.11.09-03.27.53:561][488]LogModuleManager: Shutting down and abandoning module MagicLeapEyeTracker (42)
[2018.11.09-03.27.53:561][488]LogModuleManager: Shutting down and abandoning module MagicLeapController (40)
[2018.11.09-03.27.53:561][488]LogSlate: Slate User Destroyed.  User Index 0, Is Virtual User: 0
[2018.11.09-03.27.53:561][488]LogModuleManager: Shutting down and abandoning module MagicLeap (38)
[2018.11.09-03.27.53:561][488]LogModuleManager: Shutting down and abandoning module AnimationModifiers (36)
[2018.11.09-03.27.53:561][488]LogModuleManager: Shutting down and abandoning module PropertyEditor (35)
[2018.11.09-03.27.53:561][488]LogModuleManager: Shutting down and abandoning module AudioEditor (32)
[2018.11.09-03.27.53:561][488]LogModuleManager: Shutting down and abandoning module TextureCompressor (30)
[2018.11.09-03.27.53:561][488]LogModuleManager: Shutting down and abandoning module ShaderCore (28)
[2018.11.09-03.27.53:561][488]LogModuleManager: Shutting down and abandoning module Landscape (26)
[2018.11.09-03.27.53:561][488]LogModuleManager: Shutting down and abandoning module SlateRHIRenderer (24)
[2018.11.09-03.27.53:563][488]LogModuleManager: Shutting down and abandoning module OpenGLDrv (22)
[2018.11.09-03.27.53:563][488]LogModuleManager: Shutting down and abandoning module D3D11RHI (20)
[2018.11.09-03.27.53:563][488]LogModuleManager: Shutting down and abandoning module AnimGraphRuntime (18)
[2018.11.09-03.27.53:563][488]LogModuleManager: Shutting down and abandoning module Renderer (16)
[2018.11.09-03.27.53:563][488]LogModuleManager: Shutting down and abandoning module Engine (14)
[2018.11.09-03.27.53:563][488]LogModuleManager: Shutting down and abandoning module CoreUObject (12)
[2018.11.09-03.27.53:563][488]LogModuleManager: Shutting down and abandoning module NetworkFile (10)
[2018.11.09-03.27.53:563][488]LogModuleManager: Shutting down and abandoning module CookedIterativeFile (8)
[2018.11.09-03.27.53:563][488]LogModuleManager: Shutting down and abandoning module StreamingFile (6)
[2018.11.09-03.27.53:563][488]LogModuleManager: Shutting down and abandoning module SandboxFile (4)
[2018.11.09-03.27.53:563][488]LogModuleManager: Shutting down and abandoning module PakFile (2)
[2018.11.09-03.27.53:600][488]LogExit: Exiting.
[2018.11.09-03.27.53:612][488]Log file closed, 11/09/18 11:27:53
