Log file open, 09/17/18 09:11:58
LogWindows: Failed to load 'aqProf.dll' (GetLastError=126)
LogWindows: File 'aqProf.dll' does not exist
LogWindows: Failed to load 'VSPerf140.dll' (GetLastError=126)
LogWindows: File 'VSPerf140.dll' does not exist
LogWindows: Failed to load 'VtuneApi.dll' (GetLastError=126)
LogWindows: File 'VtuneApi.dll' does not exist
LogWindows: Failed to load 'VtuneApi32e.dll' (GetLastError=126)
LogWindows: File 'VtuneApi32e.dll' does not exist
LogInit: Display: Running engine for game: Coaster
LogPlatformFile: Not using cached read wrapper
LogInit: Display: RandInit(-649393099) SRandInit(-649393099).
LogInit: Read version file with build ID '3944462'
LogInit: Overriding engine version to CL 3944462, compatible CL 3944462
LogInit: Registered custom module enumerator with build ID '3944462'
LogTaskGraph: Started task graph with 5 named threads and 23 total threads with 3 sets of task threads.
LogStats: Stats thread started at 0.679509
LogD3D11RHI: Aftermath initialized
LogICUInternationalization: Display: ICU TimeZone Detection - Raw Offset: +8:00, Platform Override: ''
LogModuleManager: Display: Found up-to-date module file ../../../Engine/Plugins/2D/Paper2D/Binaries/Win64/UE4Editor-Paper2D.dll (API version 3944462).
LogModuleManager: Display: Found up-to-date module file ../../../Engine/Plugins/2D/Paper2D/Binaries/Win64/UE4Editor-Paper2DEditor.dll (API version 3944462).
LogModuleManager: Display: Found up-to-date module file ../../../Engine/Plugins/2D/Paper2D/Binaries/Win64/UE4Editor-PaperSpriteSheetImporter.dll (API version 3944462).
LogModuleManager: Display: Found up-to-date module file ../../../Engine/Plugins/2D/Paper2D/Binaries/Win64/UE4Editor-PaperTiledImporter.dll (API version 3944462).
LogModuleManager: Display: Found up-to-date module file ../../../Engine/Plugins/2D/Paper2D/Binaries/Win64/UE4Editor-SmartSnapping.dll (API version 3944462).
LogModuleManager: Display: Found up-to-date module file ../../../Engine/Plugins/Blendables/LightPropagationVolume/Binaries/Win64/UE4Editor-LightPropagationVolumeRuntime.dll (API version 3944462).
LogModuleManager: Display: Found up-to-date module file ../../../Engine/Plugins/Blendables/LightPropagationVolume/Binaries/Win64/UE4Editor-LightPropagationVolumeEditor.dll (API version 3944462).
LogModuleManager: Display: Found up-to-date module file ../../../Engine/Plugins/Developer/CLionSourceCodeAccess/Binaries/Win64/UE4Editor-CLionSourceCodeAccess.dll (API version 3944462).
LogModuleManager: Display: Found up-to-date module file ../../../Engine/Plugins/Developer/GitSourceControl/Binaries/Win64/UE4Editor-GitSourceControl.dll (API version 3944462).
LogModuleManager: Display: Found up-to-date module file ../../../Engine/Plugins/Developer/PerforceSourceControl/Binaries/Win64/UE4Editor-PerforceSourceControl.dll (API version 3944462).
LogModuleManager: Display: Found up-to-date module file ../../../Engine/Plugins/Developer/SubversionSourceControl/Binaries/Win64/UE4Editor-SubversionSourceControl.dll (API version 3944462).
LogModuleManager: Display: Found up-to-date module file ../../../Engine/Plugins/Developer/UObjectPlugin/Binaries/Win64/UE4Editor-UObjectPlugin.dll (API version 3944462).
LogModuleManager: Display: Found up-to-date module file ../../../Engine/Plugins/Developer/VisualStudioCodeSourceCodeAccess/Binaries/Win64/UE4Editor-VisualStudioCodeSourceCodeAccess.dll (API version 3944462).
LogModuleManager: Display: Found up-to-date module file ../../../Engine/Plugins/Developer/VisualStudioSourceCodeAccess/Binaries/Win64/UE4Editor-VisualStudioSourceCodeAccess.dll (API version 3944462).
LogModuleManager: Display: Found up-to-date module file ../../../Engine/Plugins/Editor/AssetManagerEditor/Binaries/Win64/UE4Editor-AssetManagerEditor.dll (API version 3944462).
LogModuleManager: Display: Found up-to-date module file ../../../Engine/Plugins/Editor/CryptoKeys/Binaries/Win64/UE4Editor-CryptoKeys.dll (API version 3944462).
LogModuleManager: Display: Found up-to-date module file ../../../Engine/Plugins/Editor/CryptoKeys/Binaries/Win64/UE4Editor-CryptoKeysOpenSSL.dll (API version 3944462).
LogModuleManager: Display: Found up-to-date module file ../../../Engine/Plugins/Editor/DataValidation/Binaries/Win64/UE4Editor-DataValidation.dll (API version 3944462).
LogModuleManager: Display: Found up-to-date module file ../../../Engine/Plugins/Editor/FacialAnimation/Binaries/Win64/UE4Editor-FacialAnimation.dll (API version 3944462).
LogModuleManager: Display: Found up-to-date module file ../../../Engine/Plugins/Editor/FacialAnimation/Binaries/Win64/UE4Editor-FacialAnimationEditor.dll (API version 3944462).
LogModuleManager: Display: Found up-to-date module file ../../../Engine/Plugins/Editor/GameplayTagsEditor/Binaries/Win64/UE4Editor-GameplayTagsEditor.dll (API version 3944462).
LogModuleManager: Display: Found up-to-date module file ../../../Engine/Plugins/Editor/MobileLauncherProfileWizard/Binaries/Win64/UE4Editor-MobileLauncherProfileWizard.dll (API version 3944462).
LogModuleManager: Display: Found up-to-date module file ../../../Engine/Plugins/Editor/PluginBrowser/Binaries/Win64/UE4Editor-PluginBrowser.dll (API version 3944462).
LogModuleManager: Display: Found up-to-date module file ../../../Engine/Plugins/Editor/SpeedTreeImporter/Binaries/Win64/UE4Editor-SpeedTreeImporter.dll (API version 3944462).
LogModuleManager: Display: Found up-to-date module file ../../../Engine/Plugins/Enterprise/DatasmithContent/Binaries/Win64/UE4Editor-DatasmithContent.dll (API version 3944462).
LogModuleManager: Display: Found up-to-date module file ../../../Engine/Plugins/Experimental/AlembicImporter/Binaries/Win64/UE4Editor-AlembicImporter.dll (API version 3944462).
LogModuleManager: Display: Found up-to-date module file ../../../Engine/Plugins/Experimental/AlembicImporter/Binaries/Win64/UE4Editor-AlembicLibrary.dll (API version 3944462).
LogModuleManager: Display: Found up-to-date module file ../../../Engine/Plugins/Experimental/CharacterAI/Binaries/Win64/UE4Editor-CharacterAI.dll (API version 3944462).
LogModuleManager: Display: Found up-to-date module file ../../../Engine/Plugins/Experimental/HTML5Networking/Binaries/Win64/UE4Editor-HTML5Networking.dll (API version 3944462).
LogModuleManager: Display: Found up-to-date module file ../../../Engine/Plugins/Media/AndroidMedia/Binaries/Win64/UE4Editor-AndroidMediaEditor.dll (API version 3944462).
LogModuleManager: Display: Found up-to-date module file ../../../Engine/Plugins/Media/AndroidMedia/Binaries/Win64/UE4Editor-AndroidMediaFactory.dll (API version 3944462).
LogModuleManager: Display: Found up-to-date module file ../../../Engine/Plugins/Media/AvfMedia/Binaries/Win64/UE4Editor-AvfMediaEditor.dll (API version 3944462).
LogModuleManager: Display: Found up-to-date module file ../../../Engine/Plugins/Media/AvfMedia/Binaries/Win64/UE4Editor-AvfMediaFactory.dll (API version 3944462).
LogModuleManager: Display: Found up-to-date module file ../../../Engine/Plugins/Media/AvfMedia/Binaries/Win64/UE4Editor-AvfMediaFactory.dll (API version 3944462).
LogModuleManager: Display: Found up-to-date module file ../../../Engine/Plugins/Media/ImgMedia/Binaries/Win64/UE4Editor-ImgMedia.dll (API version 3944462).
LogModuleManager: Display: Found up-to-date module file ../../../Engine/Plugins/Media/ImgMedia/Binaries/Win64/UE4Editor-ImgMediaEditor.dll (API version 3944462).
LogModuleManager: Display: Found up-to-date module file ../../../Engine/Plugins/Media/ImgMedia/Binaries/Win64/UE4Editor-ImgMediaFactory.dll (API version 3944462).
LogModuleManager: Display: Found up-to-date module file ../../../Engine/Plugins/Media/ImgMedia/Binaries/Win64/UE4Editor-ImgMediaFactory.dll (API version 3944462).
LogModuleManager: Display: Found up-to-date module file ../../../Engine/Plugins/Media/ImgMedia/Binaries/Win64/UE4Editor-OpenExrWrapper.dll (API version 3944462).
LogModuleManager: Display: Found up-to-date module file ../../../Engine/Plugins/Media/LinearTimecode/Binaries/Win64/UE4Editor-LinearTimecode.dll (API version 3944462).
LogModuleManager: Display: Found up-to-date module file ../../../Engine/Plugins/Media/MediaCompositing/Binaries/Win64/UE4Editor-MediaCompositing.dll (API version 3944462).
LogModuleManager: Display: Found up-to-date module file ../../../Engine/Plugins/Media/MediaCompositing/Binaries/Win64/UE4Editor-MediaCompositingEditor.dll (API version 3944462).
LogModuleManager: Display: Found up-to-date module file ../../../Engine/Plugins/Media/MediaPlayerEditor/Binaries/Win64/UE4Editor-MediaPlayerEditor.dll (API version 3944462).
LogModuleManager: Display: Found up-to-date module file ../../../Engine/Plugins/Media/WmfMedia/Binaries/Win64/UE4Editor-WmfMedia.dll (API version 3944462).
LogModuleManager: Display: Found up-to-date module file ../../../Engine/Plugins/Media/WmfMedia/Binaries/Win64/UE4Editor-WmfMediaEditor.dll (API version 3944462).
LogModuleManager: Display: Found up-to-date module file ../../../Engine/Plugins/Media/WmfMedia/Binaries/Win64/UE4Editor-WmfMediaFactory.dll (API version 3944462).
LogModuleManager: Display: Found up-to-date module file ../../../Engine/Plugins/Media/WmfMedia/Binaries/Win64/UE4Editor-WmfMediaFactory.dll (API version 3944462).
LogModuleManager: Display: Found up-to-date module file ../../../Engine/Plugins/Messaging/TcpMessaging/Binaries/Win64/UE4Editor-TcpMessaging.dll (API version 3944462).
LogModuleManager: Display: Found up-to-date module file ../../../Engine/Plugins/Messaging/UdpMessaging/Binaries/Win64/UE4Editor-UdpMessaging.dll (API version 3944462).
LogModuleManager: Display: Found up-to-date module file ../../../Engine/Plugins/MovieScene/ActorSequence/Binaries/Win64/UE4Editor-ActorSequence.dll (API version 3944462).
LogModuleManager: Display: Found up-to-date module file ../../../Engine/Plugins/MovieScene/LevelSequenceEditor/Binaries/Win64/UE4Editor-LevelSequenceEditor.dll (API version 3944462).
LogModuleManager: Display: Found up-to-date module file ../../../Engine/Plugins/MovieScene/MatineeToLevelSequence/Binaries/Win64/UE4Editor-MatineeToLevelSequence.dll (API version 3944462).
LogModuleManager: Display: Found up-to-date module file ../../../Engine/Plugins/NetcodeUnitTest/NetcodeUnitTest/Binaries/Win64/UE4Editor-NetcodeUnitTest.dll (API version 3944462).
LogModuleManager: Display: Found up-to-date module file ../../../Engine/Plugins/NetcodeUnitTest/NUTUnrealEngine4/Binaries/Win64/UE4Editor-NUTUnrealEngine4.dll (API version 3944462).
LogModuleManager: Display: Found up-to-date module file ../../../Engine/Plugins/Online/OnlineSubsystem/Binaries/Win64/UE4Editor-OnlineSubsystem.dll (API version 3944462).
LogModuleManager: Display: Found up-to-date module file ../../../Engine/Plugins/Runtime/AndroidPermission/Binaries/Win64/UE4Editor-AndroidPermission.dll (API version 3944462).
LogModuleManager: Display: Found up-to-date module file ../../../Engine/Plugins/Online/OnlineSubsystemNull/Binaries/Win64/UE4Editor-OnlineSubsystemNull.dll (API version 3944462).
LogModuleManager: Display: Found up-to-date module file ../../../Engine/Plugins/Online/OnlineSubsystemUtils/Binaries/Win64/UE4Editor-OnlineSubsystemUtils.dll (API version 3944462).
LogModuleManager: Display: Found up-to-date module file ../../../Engine/Plugins/Online/OnlineSubsystemUtils/Binaries/Win64/UE4Editor-OnlineBlueprintSupport.dll (API version 3944462).
LogModuleManager: Display: Found up-to-date module file ../../../Engine/Plugins/Runtime/AndroidDeviceProfileSelector/Binaries/Win64/UE4Editor-AndroidDeviceProfileSelector.dll (API version 3944462).
LogModuleManager: Display: Found up-to-date module file ../../../Engine/Plugins/Runtime/AppleARKit/Binaries/Win64/UE4Editor-AppleARKit.dll (API version 3944462).
LogModuleManager: Display: Found up-to-date module file ../../../Engine/Plugins/Runtime/ProceduralMeshComponent/Binaries/Win64/UE4Editor-ProceduralMeshComponent.dll (API version 3944462).
LogModuleManager: Display: Found up-to-date module file ../../../Engine/Plugins/Runtime/ProceduralMeshComponent/Binaries/Win64/UE4Editor-ProceduralMeshComponentEditor.dll (API version 3944462).
LogModuleManager: Display: Found up-to-date module file ../../../Engine/Plugins/Animation/LiveLink/Binaries/Win64/UE4Editor-LiveLink.dll (API version 3944462).
LogModuleManager: Display: Found up-to-date module file ../../../Engine/Plugins/Animation/LiveLink/Binaries/Win64/UE4Editor-LiveLinkEditor.dll (API version 3944462).
LogModuleManager: Display: Found up-to-date module file ../../../Engine/Plugins/Runtime/ArchVisCharacter/Binaries/Win64/UE4Editor-ArchVisCharacter.dll (API version 3944462).
LogModuleManager: Display: Found up-to-date module file ../../../Engine/Plugins/Runtime/AudioCapture/Binaries/Win64/UE4Editor-AudioCapture.dll (API version 3944462).
LogModuleManager: Display: Found up-to-date module file ../../../Engine/Plugins/Runtime/AudioCapture/Binaries/Win64/UE4Editor-AudioCaptureEditor.dll (API version 3944462).
LogModuleManager: Display: Found up-to-date module file ../../../Engine/Plugins/Runtime/CableComponent/Binaries/Win64/UE4Editor-CableComponent.dll (API version 3944462).
LogModuleManager: Display: Found up-to-date module file ../../../Engine/Plugins/Runtime/CustomMeshComponent/Binaries/Win64/UE4Editor-CustomMeshComponent.dll (API version 3944462).
LogModuleManager: Display: Found up-to-date module file ../../../Engine/Plugins/Runtime/ExampleDeviceProfileSelector/Binaries/Win64/UE4Editor-ExampleDeviceProfileSelector.dll (API version 3944462).
LogModuleManager: Display: Found up-to-date module file ../../../Engine/Plugins/Runtime/ImmediatePhysics/Binaries/Win64/UE4Editor-ImmediatePhysics.dll (API version 3944462).
LogModuleManager: Display: Found up-to-date module file ../../../Engine/Plugins/Runtime/ImmediatePhysics/Binaries/Win64/UE4Editor-ImmediatePhysicsEditor.dll (API version 3944462).
LogModuleManager: Display: Found up-to-date module file ../../../Engine/Plugins/Runtime/LocationServicesBPLibrary/Binaries/Win64/UE4Editor-LocationServicesBPLibrary.dll (API version 3944462).
LogModuleManager: Display: Found up-to-date module file ../../../Engine/Plugins/Runtime/MobilePatchingUtils/Binaries/Win64/UE4Editor-MobilePatchingUtils.dll (API version 3944462).
LogModuleManager: Display: Found up-to-date module file ../../../Engine/Plugins/Runtime/Oculus/OculusVR/Binaries/Win64/UE4Editor-OculusHMD.dll (API version 3944462).
LogModuleManager: Display: Found up-to-date module file ../../../Engine/Plugins/Runtime/Oculus/OculusVR/Binaries/Win64/UE4Editor-OculusInput.dll (API version 3944462).
LogModuleManager: Display: Found up-to-date module file ../../../Engine/Plugins/Runtime/Oculus/OculusVR/Binaries/Win64/UE4Editor-OculusEditor.dll (API version 3944462).
LogModuleManager: Display: Found up-to-date module file ../../../Engine/Plugins/Runtime/PhysXVehicles/Binaries/Win64/UE4Editor-PhysXVehicles.dll (API version 3944462).
LogModuleManager: Display: Found up-to-date module file ../../../Engine/Plugins/Runtime/PhysXVehicles/Binaries/Win64/UE4Editor-PhysXVehiclesEditor.dll (API version 3944462).
LogModuleManager: Display: Found up-to-date module file ../../../Engine/Plugins/Runtime/RuntimePhysXCooking/Binaries/Win64/UE4Editor-RuntimePhysXCooking.dll (API version 3944462).
LogModuleManager: Display: Found up-to-date module file ../../../Engine/Plugins/Runtime/Steam/SteamVR/Binaries/Win64/UE4Editor-SteamVR.dll (API version 3944462).
LogModuleManager: Display: Found up-to-date module file ../../../Engine/Plugins/Runtime/Steam/SteamVR/Binaries/Win64/UE4Editor-SteamVRController.dll (API version 3944462).
LogModuleManager: Display: Found up-to-date module file ../../../Engine/Plugins/Runtime/WindowsMoviePlayer/Binaries/Win64/UE4Editor-WindowsMoviePlayer.dll (API version 3944462).
LogPluginManager: Mounting plugin Paper2D
LogPluginManager: Mounting plugin LiveLink
LogPluginManager: Mounting plugin LightPropagationVolume
LogPluginManager: Mounting plugin CLionSourceCodeAccess
LogPluginManager: Mounting plugin CodeLiteSourceCodeAccess
LogPluginManager: Mounting plugin GitSourceControl
LogPluginManager: Mounting plugin KDevelopSourceCodeAccess
LogPluginManager: Mounting plugin NullSourceCodeAccess
LogPluginManager: Mounting plugin PerforceSourceControl
LogPluginManager: Mounting plugin SubversionSourceControl
LogPluginManager: Mounting plugin UObjectPlugin
LogPluginManager: Mounting plugin VisualStudioCodeSourceCodeAccess
LogPluginManager: Mounting plugin VisualStudioSourceCodeAccess
LogPluginManager: Mounting plugin XCodeSourceCodeAccess
LogPluginManager: Mounting plugin AssetManagerEditor
LogPluginManager: Mounting plugin CryptoKeys
LogPluginManager: Mounting plugin DataValidation
LogPluginManager: Mounting plugin FacialAnimation
LogPluginManager: Mounting plugin GameplayTagsEditor
LogPluginManager: Mounting plugin MobileLauncherProfileWizard
LogPluginManager: Mounting plugin PluginBrowser
LogPluginManager: Mounting plugin SpeedTreeImporter
LogPluginManager: Mounting plugin DatasmithContent
LogPluginManager: Mounting plugin AlembicImporter
LogPluginManager: Mounting plugin CharacterAI
LogPluginManager: Mounting plugin HTML5Networking
LogPluginManager: Mounting plugin AndroidMedia
LogPluginManager: Mounting plugin AvfMedia
LogPluginManager: Mounting plugin ImgMedia
LogPluginManager: Mounting plugin LinearTimecode
LogPluginManager: Mounting plugin MediaCompositing
LogPluginManager: Mounting plugin MediaPlayerEditor
LogPluginManager: Mounting plugin WmfMedia
LogPluginManager: Mounting plugin TcpMessaging
LogPluginManager: Mounting plugin UdpMessaging
LogPluginManager: Mounting plugin ActorSequence
LogPluginManager: Mounting plugin LevelSequenceEditor
LogPluginManager: Mounting plugin MatineeToLevelSequence
LogPluginManager: Mounting plugin NetcodeUnitTest
LogPluginManager: Mounting plugin NUTUnrealEngine4
LogPluginManager: Mounting plugin OnlineSubsystemGooglePlay
LogPluginManager: Mounting plugin OnlineSubsystemIOS
LogPluginManager: Mounting plugin OnlineSubsystem
LogPluginManager: Mounting plugin OnlineSubsystemNull
LogPluginManager: Mounting plugin OnlineSubsystemUtils
LogPluginManager: Mounting plugin AndroidDeviceProfileSelector
LogPluginManager: Mounting plugin AndroidMoviePlayer
LogPluginManager: Mounting plugin AndroidPermission
LogPluginManager: Mounting plugin AppleARKit
LogPluginManager: Mounting plugin AppleMoviePlayer
LogPluginManager: Mounting plugin ArchVisCharacter
LogPluginManager: Mounting plugin AudioCapture
LogPluginManager: Mounting plugin CableComponent
LogPluginManager: Mounting plugin CustomMeshComponent
LogPluginManager: Mounting plugin ExampleDeviceProfileSelector
LogPluginManager: Mounting plugin GoogleCloudMessaging
LogPluginManager: Mounting plugin ImmediatePhysics
LogPluginManager: Mounting plugin IOSDeviceProfileSelector
LogPluginManager: Mounting plugin LinuxDeviceProfileSelector
LogPluginManager: Mounting plugin LocationServicesBPLibrary
LogPluginManager: Mounting plugin MobilePatchingUtils
LogPluginManager: Mounting plugin OculusVR
LogPluginManager: Plugin shader directory ../../../Engine/Plugins/Runtime/Oculus/OculusVR/Shaders found
LogPluginManager: Mapping shader source directory ../../../Engine/Plugins/Runtime/Oculus/OculusVR/Shaders to virtual directory /Plugin/OculusVR
LogPluginManager: Mounting plugin PhysXVehicles
LogPluginManager: Mounting plugin ProceduralMeshComponent
LogPluginManager: Mounting plugin RuntimePhysXCooking
LogPluginManager: Mounting plugin SteamVR
LogPluginManager: Mounting plugin WindowsMoviePlayer
LogStreaming: Display: Took  1.853s to configure plugins.
LogInit: Using libcurl 7.47.1
LogInit:  - built for x86_64-pc-win32
LogInit:  - supports SSL with OpenSSL/1.0.2g
LogInit:  - supports HTTP deflate (compression) using libz 1.2.8
LogInit:  - other features:
LogInit:      CURL_VERSION_SSL
LogInit:      CURL_VERSION_LIBZ
LogInit:      CURL_VERSION_IPV6
LogInit:      CURL_VERSION_ASYNCHDNS
LogInit:      CURL_VERSION_LARGEFILE
LogInit:      CURL_VERSION_IDN
LogInit:  CurlRequestOptions (configurable via config and command line):
LogInit:  - bVerifyPeer = false  - Libcurl will NOT verify peer certificate
LogInit:  - bUseHttpProxy = false  - Libcurl will NOT use HTTP proxy
LogInit:  - bDontReuseConnections = false  - Libcurl will reuse connections
LogInit:  - CertBundlePath = nullptr  - Libcurl will use whatever was configured at build time.
LogInit:  - MaxHostConnections = 16  - Libcurl will limit the number of connections to a host
LogInit:  - LocalHostAddr = Default
LogInit: WinSock: version 1.1 (2.2), MaxSocks=32767, MaxUdp=65467
LogInit: WinSock: I am LAPTOP-7KGPSIV0 (172.27.180.49:0)
LogHMD: Failed initializing OVRPlugin 1.21.0
LogInit: Build: ++UE4+Release-4.19-CL-3944462
LogInit: Engine Version: 4.19.0-3944462+++UE4+Release-4.19
LogInit: Compatible Engine Version: 4.19.0-3944462+++UE4+Release-4.19
LogInit: Net CL: 3944462
LogDevObjectVersion: Number of dev versions registered: 18
LogDevObjectVersion:   Dev-Blueprints (B0D832E4-1F89-4F0D-ACCF-7EB736FD4AA2): 10
LogDevObjectVersion:   Dev-Build (E1C64328-A22C-4D53-A36C-8E866417BD8C): 0
LogDevObjectVersion:   Dev-Core (375EC13C-06E4-48FB-B500-84F0262A717E): 2
LogDevObjectVersion:   Dev-Editor (E4B068ED-F494-42E9-A231-DA0B2E46BB41): 23
LogDevObjectVersion:   Dev-Framework (CFFC743F-43B0-4480-9391-14DF171D2073): 33
LogDevObjectVersion:   Dev-Mobile (B02B49B5-BB20-44E9-A304-32B752E40360): 2
LogDevObjectVersion:   Dev-Networking (A4E4105C-59A1-49B5-A7C5-40C4547EDFEE): 0
LogDevObjectVersion:   Dev-Online (39C831C9-5AE6-47DC-9A44-9C173E1C8E7C): 0
LogDevObjectVersion:   Dev-Physics (78F01B33-EBEA-4F98-B9B4-84EACCB95AA2): 0
LogDevObjectVersion:   Dev-Platform (6631380F-2D4D-43E0-8009-CF276956A95A): 0
LogDevObjectVersion:   Dev-Rendering (12F88B9F-8875-4AFC-A67C-D90C383ABD29): 25
LogDevObjectVersion:   Dev-Sequencer (7B5AE74C-D270-4C10-A958-57980B212A5A): 6
LogDevObjectVersion:   Dev-VR (D7296918-1DD6-4BDD-9DE2-64A83CC13884): 1
LogDevObjectVersion:   Dev-LoadTimes (C2A15278-BFE7-4AFE-6C17-90FF531DF755): 1
LogDevObjectVersion:   Private-Geometry (6EACA3D4-40EC-4CC1-B786-8BED09428FC5): 2
LogDevObjectVersion:   Dev-AnimPhys (29E575DD-E0A3-4627-9D10-D276232CDCEA): 16
LogDevObjectVersion:   Dev-ReflectionCapture (6B266CEC-1EC7-4B8F-A30B-E4D90942FC07): 1
LogDevObjectVersion:   Dev-Automation (0DF73D61-A23F-47EA-B727-89E90C41499A): 1
LogInit: Compiled (64-bit): Mar 13 2018 23:12:32
LogInit: Compiled with Visual C++: 19.00.24215.01
LogInit: Build Configuration: Development
LogInit: Branch Name: ++UE4+Release-4.19
LogInit: Command Line:  
LogInit: Base Directory: C:/Program Files/Epic Games/UE_4.19/Engine/Binaries/Win64/
LogInit: Installed Engine Build: 1
LogStreaming: Display: Took  0.002s to delete old logs.
LogInit: Presizing for max 8388607 objects, including 0 objects not considered by GC, pre-allocating 0 bytes for permanent pool.
LogInit: Object subsystem initialized
[2018.09.17-01.12.01:395][  0]LogInit: Selected Device Profile: [Windows]
[2018.09.17-01.12.01:395][  0]LogInit: Applying CVar settings loaded from the selected device profile: [Windows]
[2018.09.17-01.12.01:428][  0]LogInit: Computer: LAPTOP-7KGPSIV0
[2018.09.17-01.12.01:428][  0]LogInit: User: SIDM
[2018.09.17-01.12.01:428][  0]LogInit: CPU Page size=4096, Cores=4
[2018.09.17-01.12.01:428][  0]LogInit: High frequency timer resolution =2.742193 MHz
[2018.09.17-01.12.01:428][  0]LogMemory: Memory total: Physical=15.9GB (16GB approx)
[2018.09.17-01.12.01:428][  0]LogMemory: Platform Memory Stats for Windows
[2018.09.17-01.12.01:428][  0]LogMemory: Process Physical Memory: 277.55 MB used, 277.55 MB peak
[2018.09.17-01.12.01:428][  0]LogMemory: Process Virtual Memory: 268.83 MB used, 268.83 MB peak
[2018.09.17-01.12.01:428][  0]LogMemory: Physical Memory: 4103.30 MB used,  12174.40 MB free, 16277.70 MB total
[2018.09.17-01.12.01:428][  0]LogMemory: Virtual Memory: 4837.68 MB used,  12174.40 MB free, 134217728.00 MB total
[2018.09.17-01.12.01:626][  0]LogInit: Using OS detected language (en-US).
[2018.09.17-01.12.01:626][  0]LogInit: Using OS detected locale (en-SG).
[2018.09.17-01.12.01:689][  0]LogTextLocalizationManager: No specific localization for 'en-US' exists, so the 'en' localization will be used.
[2018.09.17-01.12.02:182][  0]LogStreaming: Display: Took  0.555s to EndInitTextLocalization.
[2018.09.17-01.12.02:282][  0]LogSlate: New Slate User Created.  User Index 0, Is Virtual User: 0
[2018.09.17-01.12.02:282][  0]LogSlate: Slate User Registered.  User Index 0, Is Virtual User: 0
[2018.09.17-01.12.04:518][  0]LogD3D11RHI: D3D11 adapters:
[2018.09.17-01.12.04:595][  0]LogD3D11RHI:    0. 'NVIDIA GeForce GTX 1060' (Feature Level 11_0)
[2018.09.17-01.12.04:595][  0]LogD3D11RHI:       6052/0/8138 MB DedicatedVideo/DedicatedSystem/SharedSystem, Outputs:1, VendorId:0x10de
[2018.09.17-01.12.04:611][  0]LogD3D11RHI:    1. 'Intel(R) HD Graphics 630' (Feature Level 11_0)
[2018.09.17-01.12.04:611][  0]LogD3D11RHI:       128/0/8138 MB DedicatedVideo/DedicatedSystem/SharedSystem, Outputs:0, VendorId:0x8086
[2018.09.17-01.12.04:613][  0]LogD3D11RHI:    2. 'Microsoft Basic Render Driver' (Feature Level 11_0)
[2018.09.17-01.12.04:613][  0]LogD3D11RHI:       0/0/8138 MB DedicatedVideo/DedicatedSystem/SharedSystem, Outputs:0, VendorId:0x1414
[2018.09.17-01.12.04:613][  0]LogD3D11RHI: Chosen D3D11 Adapter: 0
[2018.09.17-01.12.04:629][  0]LogD3D11RHI: Creating new Direct3DDevice
[2018.09.17-01.12.04:629][  0]LogD3D11RHI:     GPU DeviceId: 0x1c20 (for the marketing name, search the web for "GPU Device Id")
[2018.09.17-01.12.04:629][  0]LogWindows: EnumDisplayDevices:
[2018.09.17-01.12.04:629][  0]LogWindows:    0. 'Intel(R) HD Graphics 630' (P:1 D:1)
[2018.09.17-01.12.04:629][  0]LogWindows:    1. 'Intel(R) HD Graphics 630' (P:0 D:0)
[2018.09.17-01.12.04:629][  0]LogWindows:    2. 'Intel(R) HD Graphics 630' (P:0 D:0)
[2018.09.17-01.12.04:629][  0]LogWindows:    3. 'NVIDIA GeForce GTX 1060' (P:0 D:0)
[2018.09.17-01.12.04:629][  0]LogWindows: DebugString: GetVideoDriverDetailsInvalid PrimaryIsNotTheChoosenAdapter GetVideoDriverDetailsInvalid PrimaryIsNotTheChoosenAdapter GetVideoDriverDetailsInvalid PrimaryIsNotTheChoosenAdapter GetVideoDriverDetailsInvalid PrimaryIsNotTheChoosenAdapter FoundDriverCount:0 
[2018.09.17-01.12.04:629][  0]LogD3D11RHI:     Adapter Name: NVIDIA GeForce GTX 1060
[2018.09.17-01.12.04:629][  0]LogD3D11RHI:   Driver Version: Unknown (internal:Unknown, unified:Unknown)
[2018.09.17-01.12.04:629][  0]LogD3D11RHI:      Driver Date: Unknown
[2018.09.17-01.12.04:629][  0]LogRHI: Texture pool is 4236 MB (70% of 6052 MB)
[2018.09.17-01.12.04:674][  0]LogD3D11RHI: [Aftermath] Aftermath enabled and primed
[2018.09.17-01.12.04:674][  0]LogD3D11RHI: Async texture creation enabled
[2018.09.17-01.12.04:698][  0]LogD3D11RHI: GPU Timing Frequency: 1000.000000 (Debug: 2 2)
[2018.09.17-01.12.04:698][  0]LogShaderCompilers: Guid format shader working directory is -3 characters bigger than the processId version (../../../../../../Users/SIDM/Desktop/UE4/Coaster/Intermediate/Shaders/WorkingDirectory/1828/).
[2018.09.17-01.12.04:699][  0]LogShaderCompilers: Cleaned the shader compiler working directory 'C:/Users/SIDM/AppData/Local/Temp/UnrealShaderWorkingDir/A5E433CE439BAEFFC084EDA12D712392/'.
[2018.09.17-01.12.05:319][  0]LogTemp: Display: Loaded TP AllDesktopTargetPlatform
[2018.09.17-01.12.05:334][  0]LogTemp: Display: Loaded TP MacClientTargetPlatform
[2018.09.17-01.12.05:353][  0]LogTemp: Display: Loaded TP MacNoEditorTargetPlatform
[2018.09.17-01.12.05:364][  0]LogTemp: Display: Loaded TP MacServerTargetPlatform
[2018.09.17-01.12.05:380][  0]LogTemp: Display: Loaded TP MacTargetPlatform
[2018.09.17-01.12.05:392][  0]LogTemp: Display: Loaded TP WindowsClientTargetPlatform
[2018.09.17-01.12.05:405][  0]LogTemp: Display: Loaded TP WindowsNoEditorTargetPlatform
[2018.09.17-01.12.05:417][  0]LogTemp: Display: Loaded TP WindowsServerTargetPlatform
[2018.09.17-01.12.05:423][  0]LogTemp: Display: Loaded TP WindowsTargetPlatform
[2018.09.17-01.12.05:434][  0]LogTemp: Display: Loaded TP Android_ASTCTargetPlatform
[2018.09.17-01.12.05:446][  0]LogTemp: Display: Loaded TP Android_ATCTargetPlatform
[2018.09.17-01.12.05:457][  0]LogTemp: Display: Loaded TP Android_DXTTargetPlatform
[2018.09.17-01.12.05:469][  0]LogTemp: Display: Loaded TP Android_ETC1aTargetPlatform
[2018.09.17-01.12.05:481][  0]LogTemp: Display: Loaded TP Android_ETC1TargetPlatform
[2018.09.17-01.12.05:492][  0]LogTemp: Display: Loaded TP Android_ETC2TargetPlatform
[2018.09.17-01.12.05:515][  0]LogTemp: Display: Loaded TP Android_MultiTargetPlatform
[2018.09.17-01.12.05:515][  0]LogTemp: Display: Loaded TP Android_PVRTCTargetPlatform
[2018.09.17-01.12.05:533][  0]LogTemp: Display: Loaded TP AndroidTargetPlatform
[2018.09.17-01.12.05:534][  0]LogTemp: Display: Loaded TP HTML5TargetPlatform
[2018.09.17-01.12.05:597][  0]LogTemp: Display: Loaded TP IOSTargetPlatform
[2018.09.17-01.12.05:608][  0]LogTemp: Display: Loaded TP TVOSTargetPlatform
[2018.09.17-01.12.05:620][  0]LogTemp: Display: Loaded TP LinuxClientTargetPlatform
[2018.09.17-01.12.05:631][  0]LogTemp: Display: Loaded TP LinuxNoEditorTargetPlatform
[2018.09.17-01.12.05:643][  0]LogTemp: Display: Loaded TP LinuxServerTargetPlatform
[2018.09.17-01.12.05:657][  0]LogTemp: Display: Loaded TP LinuxTargetPlatform
[2018.09.17-01.12.05:657][  0]LogTargetPlatformManager: Display: Building Assets For Windows
[2018.09.17-01.12.06:043][  0]LogXGEController: Cleaning working directory: C:/Users/SIDM/AppData/Local/Temp/UnrealXGEWorkingDir/
[2018.09.17-01.12.06:043][  0]LogXGEController: Cannot use XGE Controller as Incredibuild is not installed on this machine.
[2018.09.17-01.12.06:043][  0]LogShaderCompilers: Cannot use XGE Shader Compiler as Incredibuild is not installed on this machine.
[2018.09.17-01.12.06:043][  0]LogShaderCompilers: Display: Using Local Shader Compiler.
[2018.09.17-01.12.07:775][  0]LogDerivedDataCache: Display: Max Cache Size: 512 MB
[2018.09.17-01.12.07:958][  0]LogDerivedDataCache: Loaded boot cache 0.18s 88MB C:/Users/SIDM/AppData/Local/UnrealEngine/4.19/DerivedDataCache/Boot.ddc.
[2018.09.17-01.12.07:958][  0]LogDerivedDataCache: Display: Loaded Boot cache: C:/Users/SIDM/AppData/Local/UnrealEngine/4.19/DerivedDataCache/Boot.ddc
[2018.09.17-01.12.07:958][  0]LogDerivedDataCache: FDerivedDataBackendGraph:  Pak pak cache file ../../../../../../Users/SIDM/Desktop/UE4/Coaster/DerivedDataCache/DDC.ddp not found, will not use a pak cache.
[2018.09.17-01.12.07:958][  0]LogDerivedDataCache: Unable to find inner node Pak for hierarchical cache Hierarchy.
[2018.09.17-01.12.07:958][  0]LogDerivedDataCache: FDerivedDataBackendGraph:  CompressedPak pak cache file ../../../../../../Users/SIDM/Desktop/UE4/Coaster/DerivedDataCache/Compressed.ddp not found, will not use a pak cache.
[2018.09.17-01.12.07:958][  0]LogDerivedDataCache: Unable to find inner node CompressedPak for hierarchical cache Hierarchy.
[2018.09.17-01.12.07:985][  0]LogDerivedDataCache: Display: Pak cache opened for reading ../../../Engine/DerivedDataCache/Compressed.ddp.
[2018.09.17-01.12.07:997][  0]LogDerivedDataCache: Using Local data cache path C:/Users/SIDM/AppData/Local/UnrealEngine/Common/DerivedDataCache: Writable
[2018.09.17-01.12.08:007][  0]LogMaterial: Verifying Global Shaders for PCD3D_SM5
[2018.09.17-01.12.08:007][  0]LogSlate: Using Freetype 2.6.0
[2018.09.17-01.12.08:022][  0]LogSlate: SlateFontCache - WITH_FREETYPE: 1, WITH_HARFBUZZ: 1
[2018.09.17-01.12.08:022][  0]LogSlate: SlateFontCache - WITH_FREETYPE: 1, WITH_HARFBUZZ: 1
[2018.09.17-01.12.10:449][  0]LogAssetRegistry: FAssetRegistry took 0.0265 seconds to start up
[2018.09.17-01.12.10:753][  0]LogInit: Selected Device Profile: [Windows]
[2018.09.17-01.12.11:011][  0]LogSimplygon: Simplygon DLL not present - disabling.
[2018.09.17-01.12.11:016][  0]LogMeshReduction: Using SimplygonSwarm for distributed automatic mesh merging
[2018.09.17-01.12.11:017][  0]LogMeshReduction: Using QuadricMeshReduction for automatic static mesh reduction
[2018.09.17-01.12.11:017][  0]LogMeshReduction: No automatic skeletal mesh reduction module available
[2018.09.17-01.12.11:017][  0]LogMeshReduction: No automatic mesh merging module available
[2018.09.17-01.12.11:017][  0]LogMeshMerging: No automatic mesh merging module available
[2018.09.17-01.12.11:161][  0]LogNetVersion: Coaster , NetCL: 3944462, EngineNetVer: 2, GameNetVer: 0 (Checksum: 2570793727)
[2018.09.17-01.12.12:300][  0]LogPackageLocalizationCache: Processed 9 localized package path(s) for 2 prioritized culture(s) in 0.092205 seconds
[2018.09.17-01.12.12:306][  0]LogUObjectArray: 36728 objects as part of root set at end of initial load.
[2018.09.17-01.12.12:306][  0]LogUObjectAllocator: 7314312 out of 0 bytes used by permanent object pool.
[2018.09.17-01.12.12:306][  0]LogUObjectArray: CloseDisregardForGC: 0/0 objects in disregard for GC pool
[2018.09.17-01.12.16:793][  0]LogTcpMessaging: Initializing TcpMessaging bridge
[2018.09.17-01.12.16:819][  0]LogUdpMessaging: Initializing bridge on interface 0.0.0.0:0 to multicast group 230.0.0.1:6666.
[2018.09.17-01.12.17:201][  0]SourceControl: Source control is disabled
[2018.09.17-01.12.17:201][  0]SourceControl: Source control is disabled
[2018.09.17-01.12.17:215][  0]SourceControl: Source control is disabled
[2018.09.17-01.12.17:228][  0]SourceControl: Source control is disabled
[2018.09.17-01.12.17:672][  0]LogAndroidPermission: UAndroidPermissionCallbackProxy::GetInstance
[2018.09.17-01.12.17:800][  0]LogOcInput: OculusInput pre-init called
[2018.09.17-01.12.17:929][  0]LogEngine: Initializing Engine...
[2018.09.17-01.12.17:931][  0]LogHMD: Failed to initialize OpenVR with code 110
[2018.09.17-01.12.17:932][  0]LogStats: UGameplayTagsManager::ConstructGameplayTagTree: Construct from data asset -  0.000 s
[2018.09.17-01.12.17:933][  0]LogStats: UGameplayTagsManager::ConstructGameplayTagTree: GameplayTagTreeChangedEvent.Broadcast -  0.000 s
[2018.09.17-01.12.18:364][  0]LogAIModule: Creating AISystem for world Untitled
[2018.09.17-01.12.18:375][  0]LogInit: XAudio2 using 'Speakers (Realtek High Definition Audio)' : 2 channels at 48 kHz using 32 bits per sample (channel mask 0x3)
[2018.09.17-01.12.18:423][  0]LogInit: FAudioDevice initialized.
[2018.09.17-01.12.18:483][  0]LogDerivedDataCache: Saved boot cache 0.06s 88MB C:/Users/SIDM/AppData/Local/UnrealEngine/4.19/DerivedDataCache/Boot.ddc.
[2018.09.17-01.12.18:510][  0]LogInit: Texture streaming: Enabled
[2018.09.17-01.12.18:524][  0]LogEngineSessionManager: EngineSessionManager initialized
[2018.09.17-01.12.18:542][  0]LogInit: Transaction tracking system initialized
[2018.09.17-01.12.18:569][  0]BlueprintLog: New page: Editor Load
[2018.09.17-01.12.18:668][  0]LocalizationService: Localization service is disabled
[2018.09.17-01.12.18:849][  0]LogLinker: Warning: Can't find file '/Game/FirstPersonBP/FirstPersonOverview'
[2018.09.17-01.12.18:849][  0]LogLinker: Warning: Can't find file '/Game/FirstPersonBP/FirstPersonOverview'
[2018.09.17-01.12.18:850][  0]LogUObjectGlobals: Warning: Failed to find object 'Class /Game/FirstPersonBP/FirstPersonOverview.FirstPersonOverview_C'
[2018.09.17-01.12.18:893][  0]LogConsoleResponse: Display: 
[2018.09.17-01.12.19:386][  0]LogCook: Display: Max memory allowance for cook 16384mb min free memory 0mb
[2018.09.17-01.12.19:387][  0]LogCook: Display: Mobile HDR setting 1
[2018.09.17-01.12.19:387][  0]LogGameplayTags: Display: UGameplayTagsManager::DoneAddingNativeTags. DelegateIsBound: 0
[2018.09.17-01.12.19:387][  0]LogStats: UGameplayTagsManager::ConstructGameplayTagTree: Construct from data asset -  0.000 s
[2018.09.17-01.12.19:387][  0]LogStats: UGameplayTagsManager::ConstructGameplayTagTree: GameplayTagTreeChangedEvent.Broadcast -  0.000 s
[2018.09.17-01.12.19:575][  0]LogFileCache: Scanning file cache for directory 'C:/Users/SIDM/Desktop/UE4/Coaster/Content/' took 0.02s
[2018.09.17-01.12.19:843][  0]SourceControl: Source control is disabled
[2018.09.17-01.12.19:844][  0]Cmd: MAP LOAD FILE="../../../../../../Users/SIDM/Desktop/UE4/Coaster/Content/VirtualRealityBP/Maps/StartupMap.umap" TEMPLATE=0 SHOWPROGRESS=1 FEATURELEVEL=3
[2018.09.17-01.12.19:850][  0]LightingResults: New page: Lighting Build
[2018.09.17-01.12.19:852][  0]MapCheck: New page: Map Check
[2018.09.17-01.12.19:852][  0]LightingResults: New page: Lighting Build
[2018.09.17-01.12.20:062][  0]LogSkeletalMesh: Skeletal Mesh found in DDC [2.727744ms] /Game/VirtualReality/Mannequin/Character/Mesh/MannequinHand_Right.MannequinHand_Right
[2018.09.17-01.12.20:094][  0]LogAIModule: Creating AISystem for world StartupMap
[2018.09.17-01.12.20:109][  0]LogEditorServer: Finished looking for orphan Actors (0.000 secs)
[2018.09.17-01.12.20:122][  0]Cmd: MAP CHECKDEP NOCLEARLOG
[2018.09.17-01.12.20:173][  0]MapCheck: Map check complete: 0 Error(s), 0 Warning(s), took 50.99ms to complete.
[2018.09.17-01.12.20:173][  0]LogFileHelpers: Loading map 'StartupMap' took 0.330
[2018.09.17-01.12.20:343][  0]LogCollectionManager: Loaded 0 collections in 0.002260 seconds
[2018.09.17-01.12.20:385][  0]LogFileCache: Scanning file cache for directory 'C:/Users/SIDM/Desktop/UE4/Coaster/Saved/Collections/' took 0.01s
[2018.09.17-01.12.20:386][  0]LogFileCache: Scanning file cache for directory 'C:/Users/SIDM/Desktop/UE4/Coaster/Content/Developers/SIDM/Collections/' took 0.01s
[2018.09.17-01.12.20:386][  0]LogFileCache: Scanning file cache for directory 'C:/Users/SIDM/Desktop/UE4/Coaster/Content/Collections/' took 0.01s
[2018.09.17-01.12.20:386][  0]LogCollectionManager: Rebuilt the GUID cache for 0 collections in 0.000000 seconds
[2018.09.17-01.12.20:396][  0]LogContentBrowser: Native class hierarchy populated in 0.0107 seconds. Added 2452 classes and 558 folders.
[2018.09.17-01.12.20:404][  0]LogContentBrowser: Native class hierarchy updated for 'WidgetCarousel' in 0.0003 seconds. Added 0 classes and 0 folders.
[2018.09.17-01.12.20:784][  0]LogContentBrowser: Native class hierarchy updated for 'AddContentDialog' in 0.0003 seconds. Added 0 classes and 0 folders.
[2018.09.17-01.12.20:794][  0]LogContentBrowser: Native class hierarchy updated for 'SceneOutliner' in 0.0002 seconds. Added 1 classes and 2 folders.
[2018.09.17-01.12.20:906][  0]LogSlate: Took 0.012228 seconds to synchronously load lazily loaded font '../../../Engine/Content/Slate/Fonts/Roboto-Regular.ttf' (155K)
[2018.09.17-01.12.20:912][  0]LogSlate: Took 0.004661 seconds to synchronously load lazily loaded font '../../../Engine/Content/Slate/Fonts/Roboto-Bold.ttf' (160K)
[2018.09.17-01.12.20:923][  0]LogSlate: Took 0.005608 seconds to synchronously load lazily loaded font '../../../Engine/Content/Editor/Slate/Fonts/FontAwesome.ttf' (139K)
[2018.09.17-01.12.21:073][  0]LogRenderer: Reallocating scene render targets to support 920x484 Format 26 NumSamples 1 (Frame:1).
[2018.09.17-01.12.21:228][  0]LogContentBrowser: Native class hierarchy updated for 'HierarchicalLODOutliner' in 0.0002 seconds. Added 0 classes and 0 folders.
[2018.09.17-01.12.21:228][  0]LogLoad: (Engine Initialization) Total time: 25.58 seconds
[2018.09.17-01.12.21:228][  0]LogLoad: (Engine Initialization) Total Blueprint compile time: 0.00 seconds
[2018.09.17-01.12.21:268][  0]LogContentStreaming: Texture pool size now 1000 MB
[2018.09.17-01.12.21:324][  1]LogAssetRegistry: Asset discovery search completed in 10.8983 seconds
[2018.09.17-01.12.21:326][  1]LogCollectionManager: Rebuilt the object cache for 0 collections in 0.000000 seconds (found 0 objects)
[2018.09.17-01.12.21:326][  1]LogCollectionManager: Fixed up redirectors for 0 collections in 0.000067 seconds (updated 0 objects)
[2018.09.17-01.12.48:441][503]LogEditorViewport: Clicking Background
[2018.09.17-01.13.04:380][458]LogSlate: FSceneViewport::OnFocusLost() reason 0
[2018.09.17-01.13.06:674][595]LogSlate: Took 0.005966 seconds to synchronously load lazily loaded font '../../../Engine/Content/Slate/Fonts/Roboto-Light.ttf' (167K)
[2018.09.17-01.13.17:715][255]LogSlate: Took 0.000207 seconds to synchronously load lazily loaded font '../../../Engine/Content/Slate/Fonts/Roboto-Light.ttf' (167K)
[2018.09.17-01.13.18:525][255]LogAIModule: Creating AISystem for world MotionControllerMap
[2018.09.17-01.13.18:571][255]Cmd: MAP LOAD FILE="../../../../../../Users/SIDM/Desktop/UE4/Coaster/Content/VirtualRealityBP/Maps/MotionControllerMap.umap" TEMPLATE=0 SHOWPROGRESS=1 FEATURELEVEL=3
[2018.09.17-01.13.18:571][255]LightingResults: New page: Lighting Build
[2018.09.17-01.13.18:572][255]LoadErrors: New page: Loading map: MotionControllerMap.umap
[2018.09.17-01.13.18:577][255]MapCheck: New page: Map Check
[2018.09.17-01.13.18:577][255]LightingResults: New page: Lighting Build
[2018.09.17-01.13.18:670][255]LogEditorServer: Finished looking for orphan Actors (0.000 secs)
[2018.09.17-01.13.18:716][255]Cmd: MAP CHECKDEP NOCLEARLOG
[2018.09.17-01.13.18:771][255]MapCheck: Map check complete: 0 Error(s), 0 Warning(s), took 54.629ms to complete.
[2018.09.17-01.13.18:773][255]LogFileHelpers: Loading map 'MotionControllerMap' took 0.206
[2018.09.17-01.13.55:805][472]LogEditorViewport: Clicking on Actor (context menu): BP_Sky_Sphere_C (SkySphereBlueprint)
[2018.09.17-01.13.55:863][472]LogSlate: FSceneViewport::OnFocusLost() reason 2
[2018.09.17-01.13.57:727][580]LogEditorViewport: Clicking on Actor (LMB): LightmassImportanceVolume (LightmassImportanceVolume)
[2018.09.17-01.14.05:599][ 49]LogSlate: FSceneViewport::OnFocusLost() reason 0
[2018.09.17-01.14.15:729][653]LogMaterial: Missing cached shader map for material Material_0, compiling. 
[2018.09.17-01.14.15:732][653]LogMaterial: Warning: /Engine/Transient.Material_0 (no disk path found): Failed to compile Material for platform PCD3D_SM5, Default Material will be used in game.
[2018.09.17-01.14.15:732][653]LogMaterial: 	Only transparent or postprocess materials can read from scene depth.
[2018.09.17-01.14.48:074][559]LogContentBrowser: Native class hierarchy updated for 'BlueprintGraph' in 0.0005 seconds. Added 116 classes and 0 folders.
[2018.09.17-01.14.49:019][559]LogSlate: Took 0.005535 seconds to synchronously load lazily loaded font '../../../Engine/Content/Slate/Fonts/Roboto-BoldCondensed.ttf' (158K)
[2018.09.17-01.14.49:374][560]LogSlate: Took 0.005590 seconds to synchronously load lazily loaded font '../../../Engine/Content/Slate/Fonts/Roboto-Italic.ttf' (157K)
[2018.09.17-01.18.11:104][235]LogSlate: Window 'BP_MotionController*' being destroyed
[2018.09.17-01.18.33:318][562]LogSlate: FSceneViewport::OnFocusLost() reason 0
[2018.09.17-01.19.38:666][475]LogBlueprintUserMessages: Early PlayInEditor Detection: Level '/Game/VirtualRealityBP/Maps/MotionControllerMap.MotionControllerMap:PersistentLevel' has LevelScriptBlueprint '/Game/VirtualRealityBP/Maps/MotionControllerMap.MotionControllerMap:PersistentLevel.MotionControllerMap' with GeneratedClass '/Game/VirtualRealityBP/Maps/MotionControllerMap.MotionControllerMap_C' with ClassGeneratedBy '/Game/VirtualRealityBP/Maps/MotionControllerMap.MotionControllerMap:PersistentLevel.MotionControllerMap'
[2018.09.17-01.19.38:667][475]LogPlayLevel: PlayLevel: No blueprints needed recompiling
[2018.09.17-01.19.38:671][475]PIE: New page: SIE session: MotionControllerMap (17 Sep 2018 5:19:38 pm)
[2018.09.17-01.19.38:672][475]LogPlayLevel: Creating play world package: /Game/VirtualRealityBP/Maps/UEDPIE_0_MotionControllerMap
[2018.09.17-01.19.38:688][475]LogPlayLevel: PIE: StaticDuplicateObject took: (0.015809s)
[2018.09.17-01.19.38:688][475]LogAIModule: Creating AISystem for world MotionControllerMap
[2018.09.17-01.19.38:689][475]LogPlayLevel: PIE: World Init took: (0.001079s)
[2018.09.17-01.19.38:689][475]LogPlayLevel: PIE: Created PIE world by copying editor world from /Game/VirtualRealityBP/Maps/MotionControllerMap.MotionControllerMap to /Game/VirtualRealityBP/Maps/UEDPIE_0_MotionControllerMap.MotionControllerMap (0.017400s)
[2018.09.17-01.19.38:720][475]LogInit: XAudio2 using 'Speakers (Realtek High Definition Audio)' : 2 channels at 48 kHz using 32 bits per sample (channel mask 0x3)
[2018.09.17-01.19.38:737][475]LogInit: FAudioDevice initialized.
[2018.09.17-01.19.38:784][475]LogUObjectGlobals: Warning: Failed to find object 'Class None.'
[2018.09.17-01.19.38:785][475]LogLoad: Game class is 'GameModeBase'
[2018.09.17-01.19.38:794][475]LogWorld: Bringing World /Game/VirtualRealityBP/Maps/UEDPIE_0_MotionControllerMap.MotionControllerMap up for play (max tick rate 60) at 2018.09.17-09.19.38
[2018.09.17-01.19.38:798][475]LogWorld: Bringing up level for play took: 0.005716
[2018.09.17-01.19.38:801][475]LogGameMode: FindPlayerStart: PATHS NOT DEFINED or NO PLAYERSTART with positive rating
[2018.09.17-01.19.38:827][475]LogContentBrowser: Native class hierarchy updated for 'MovieSceneCapture' in 0.0003 seconds. Added 11 classes and 0 folders.
[2018.09.17-01.19.38:835][475]PIE: Play in editor start time for /Game/VirtualRealityBP/Maps/UEDPIE_0_MotionControllerMap 0.463
[2018.09.17-01.19.38:856][475]LogBlueprintUserMessages: Late PlayInEditor Detection: Level '/Game/VirtualRealityBP/Maps/MotionControllerMap.MotionControllerMap:PersistentLevel' has LevelScriptBlueprint '/Game/VirtualRealityBP/Maps/MotionControllerMap.MotionControllerMap:PersistentLevel.MotionControllerMap' with GeneratedClass '/Game/VirtualRealityBP/Maps/MotionControllerMap.MotionControllerMap_C' with ClassGeneratedBy '/Game/VirtualRealityBP/Maps/MotionControllerMap.MotionControllerMap:PersistentLevel.MotionControllerMap'
[2018.09.17-01.19.54:735][423]LogSlate: FSceneViewport::OnFocusLost() reason 2
[2018.09.17-01.20.02:368][881]LogSlate: FSceneViewport::OnFocusLost() reason 2
[2018.09.17-01.20.09:638][317]LogBlueprintUserMessages: Early EndPlayMap Detection: Level '/Game/VirtualRealityBP/Maps/MotionControllerMap.MotionControllerMap:PersistentLevel' has LevelScriptBlueprint '/Game/VirtualRealityBP/Maps/MotionControllerMap.MotionControllerMap:PersistentLevel.MotionControllerMap' with GeneratedClass '/Game/VirtualRealityBP/Maps/MotionControllerMap.MotionControllerMap_C' with ClassGeneratedBy '/Game/VirtualRealityBP/Maps/MotionControllerMap.MotionControllerMap:PersistentLevel.MotionControllerMap'
[2018.09.17-01.20.09:683][317]LogBlueprintUserMessages: Late EndPlayMap Detection: Level '/Game/VirtualRealityBP/Maps/MotionControllerMap.MotionControllerMap:PersistentLevel' has LevelScriptBlueprint '/Game/VirtualRealityBP/Maps/MotionControllerMap.MotionControllerMap:PersistentLevel.MotionControllerMap' with GeneratedClass '/Game/VirtualRealityBP/Maps/MotionControllerMap.MotionControllerMap_C' with ClassGeneratedBy '/Game/VirtualRealityBP/Maps/MotionControllerMap.MotionControllerMap:PersistentLevel.MotionControllerMap'
[2018.09.17-01.21.12:993][ 66]LogSlate: Window 'Blueprint_CeilingLight' being destroyed
[2018.09.17-01.21.12:997][ 66]LogSlate: Window 'Blueprint_CeilingLight' being destroyed
[2018.09.17-01.24.09:545][638]LogEditorViewport: Clicking on Actor (LMB): Pipe_BP_C (Pipe_BP)
[2018.09.17-01.24.32:490][ 11]LogSlate: FSceneViewport::OnFocusLost() reason 2
[2018.09.17-01.24.38:274][352]Cmd: TRANSACTION UNDO
[2018.09.17-01.24.38:274][352]LogEditorTransaction: Undo Move Actors
[2018.09.17-01.24.42:066][574]LogEditorViewport: Clicking on Actor (LMB): BP_Sky_Sphere_C (SkySphereBlueprint)
[2018.09.17-01.25.18:877][224]LogEditorViewport: Clicking on Actor (LMB): Pipe_BP_C (Pipe_BP)
[2018.09.17-01.25.24:275][545]LogEditorViewport: Clicking on Actor (LMB): Pipe_BP_C (Pipe_BP)
[2018.09.17-01.25.38:251][381]Cmd: TRANSACTION UNDO
[2018.09.17-01.25.38:251][381]LogEditorTransaction: Undo Move Actors
[2018.09.17-01.25.42:955][660]LogEditorViewport: Clicking on Actor (LMB): BP_Sky_Sphere_C (SkySphereBlueprint)
[2018.09.17-01.25.56:967][497]LogEditorViewport: Clicking on Actor (LMB): Pipe_BP_C (Pipe_BP)
[2018.09.17-01.25.58:543][590]LogEditorViewport: Clicking on Actor (LMB): Pipe_BP_C (Pipe_BP)
[2018.09.17-01.25.59:509][647]LogEditorViewport: Clicking on Actor (LMB): Pipe_BP_C (Pipe_BP)
[2018.09.17-01.26.01:259][751]LogEditorViewport: Clicking on Actor (LMB): Pipe_BP_C (Pipe_BP)
[2018.09.17-01.26.06:163][ 42]LogSlate: FSceneViewport::OnFocusLost() reason 0
[2018.09.17-01.26.37:616][646]LogSlate: Window 'Save Content' being destroyed
[2018.09.17-01.26.37:629][646]Cmd: MAP LOAD FILE="../../../../../../Users/SIDM/Desktop/UE4/Coaster/Content/VirtualRealityBP/Maps/MotionControllerMap.umap" TEMPLATE=0 SHOWPROGRESS=1 FEATURELEVEL=3
[2018.09.17-01.26.37:631][646]LightingResults: New page: Lighting Build
[2018.09.17-01.26.37:632][646]LoadErrors: New page: Loading map: MotionControllerMap.umap
[2018.09.17-01.26.37:636][646]MapCheck: New page: Map Check
[2018.09.17-01.26.37:636][646]LightingResults: New page: Lighting Build
[2018.09.17-01.26.37:717][646]LogAIModule: Creating AISystem for world MotionControllerMap
[2018.09.17-01.26.37:829][646]LogEditorServer: Finished looking for orphan Actors (0.000 secs)
[2018.09.17-01.26.37:882][646]Cmd: MAP CHECKDEP NOCLEARLOG
[2018.09.17-01.26.39:593][646]MapCheck: Map check complete: 0 Error(s), 0 Warning(s), took 1,710.333ms to complete.
[2018.09.17-01.26.39:595][646]LogFileHelpers: Loading map 'MotionControllerMap' took 1.966
[2018.09.17-01.26.53:504][479]LogSlate: FSceneViewport::OnFocusLost() reason 0
[2018.09.17-01.26.53:717][489]LogAIModule: Creating AISystem for world StartupMap
[2018.09.17-01.26.56:694][489]LogSlate: Window 'Save Content' being destroyed
[2018.09.17-01.26.56:700][489]Cmd: MAP LOAD FILE="../../../../../../Users/SIDM/Desktop/UE4/Coaster/Content/VirtualRealityBP/Maps/StartupMap.umap" TEMPLATE=0 SHOWPROGRESS=1 FEATURELEVEL=3
[2018.09.17-01.26.56:701][489]LightingResults: New page: Lighting Build
[2018.09.17-01.26.56:702][489]LoadErrors: New page: Loading map: StartupMap.umap
[2018.09.17-01.26.56:706][489]MapCheck: New page: Map Check
[2018.09.17-01.26.56:706][489]LightingResults: New page: Lighting Build
[2018.09.17-01.26.56:843][489]LogEditorServer: Finished looking for orphan Actors (0.000 secs)
[2018.09.17-01.26.56:889][489]Cmd: MAP CHECKDEP NOCLEARLOG
[2018.09.17-01.26.56:941][489]MapCheck: Map check complete: 0 Error(s), 0 Warning(s), took 52.335ms to complete.
[2018.09.17-01.26.56:943][489]LogFileHelpers: Loading map 'StartupMap' took 0.245
[2018.09.17-01.27.32:571][624]LogSlate: FSceneViewport::OnFocusLost() reason 2
[2018.09.17-01.27.37:749][932]LogEditorViewport: Clicking Background
[2018.09.17-01.28.07:142][695]LogSlate: FSceneViewport::OnFocusLost() reason 0
[2018.09.17-01.28.22:536][618]LogUObjectGlobals: Warning: Failed to find object 'Object /Game/VirtualRealityBP/Maps/MotionControllerMap_BuiltData.MotionControllerMap_BuiltData'
[2018.09.17-01.28.28:953][994]LogAIModule: Creating AISystem for world HMDLocomotionMap
[2018.09.17-01.28.31:632][994]LogSlate: Window 'Save Content' being destroyed
[2018.09.17-01.28.31:638][994]Cmd: MAP LOAD FILE="../../../../../../Users/SIDM/Desktop/UE4/Coaster/Content/VirtualRealityBP/Maps/HMDLocomotionMap.umap" TEMPLATE=0 SHOWPROGRESS=1 FEATURELEVEL=3
[2018.09.17-01.28.31:639][994]LightingResults: New page: Lighting Build
[2018.09.17-01.28.31:640][994]LoadErrors: New page: Loading map: HMDLocomotionMap.umap
[2018.09.17-01.28.31:642][994]MapCheck: New page: Map Check
[2018.09.17-01.28.31:642][994]LightingResults: New page: Lighting Build
[2018.09.17-01.28.31:820][994]LogEditorServer: Finished looking for orphan Actors (0.000 secs)
[2018.09.17-01.28.31:866][994]Cmd: MAP CHECKDEP NOCLEARLOG
[2018.09.17-01.28.31:924][994]MapCheck: Map check complete: 0 Error(s), 0 Warning(s), took 57.011ms to complete.
[2018.09.17-01.28.31:924][994]LogFileHelpers: Loading map 'HMDLocomotionMap' took 0.287
[2018.09.17-01.29.13:764][502]LogSlate: FSceneViewport::OnFocusLost() reason 0
[2018.09.17-01.38.29:228][ 78]LogFileHelpers: Editor autosave (incl. sublevels) for '/Game/VirtualRealityBP/Maps/HMDLocomotionMap' took 0.021
[2018.09.17-01.38.29:231][ 78]OBJ SavePackage: Generating thumbnails for [1] asset(s) in package [/Game/VirtualRealityBP/Blueprints/BP_MotionController] ([1] browsable assets)...
[2018.09.17-01.38.29:256][ 78]OBJ SavePackage:     Rendered thumbnail for [Blueprint /Game/VirtualRealityBP/Blueprints/BP_MotionController.BP_MotionController]
[2018.09.17-01.38.29:256][ 78]OBJ SavePackage: Finished generating thumbnails for package [/Game/VirtualRealityBP/Blueprints/BP_MotionController]
[2018.09.17-01.38.29:470][ 78]LogSavePackage: Save=195.03ms
[2018.09.17-01.38.29:470][ 78]LogSavePackage: Moving '../../../../../../Users/SIDM/Desktop/UE4/Coaster/Saved/BP_MotionController_Auto1F1F9C4704D11AF1765723E9181C73F32.tmp' to '../../../../../../Users/SIDM/Desktop/UE4/Coaster/Saved/Autosaves/Game/VirtualRealityBP/Blueprints/BP_MotionController_Auto1.uasset'
[2018.09.17-01.38.29:472][ 78]LogSavePackage: Display: Finished SavePackage ../../../../../../Users/SIDM/Desktop/UE4/Coaster/Saved/Autosaves/Game/VirtualRealityBP/Blueprints/BP_MotionController_Auto1.uasset
[2018.09.17-01.38.29:472][ 78]LogFileHelpers: Auto-saving content packages took 0.243
[2018.09.17-01.47.21:530][675]LogInit: XAudio2 using 'Realtek HD Audio 2nd output (Realtek High Definition Audio)' : 2 channels at 48 kHz using 32 bits per sample (channel mask 0x3)
[2018.09.17-02.33.48:192][302]LogSlate: FSceneViewport::OnFocusLost() reason 2
[2018.09.17-02.33.49:588][467]LogSlate: FSceneViewport::OnFocusLost() reason 2
[2018.09.17-02.33.58:388][513]LogWindows: Warning: CreateProc failed: The system cannot find the file specified. (0x00000002)
[2018.09.17-02.33.58:388][513]LogWindows: Warning: URL: C:/Program Files/Git/bin/git.exe version
[2018.09.17-02.33.58:388][513]LogWindows: Warning: CreateProc failed: The system cannot find the file specified. (0x00000002)
[2018.09.17-02.33.58:388][513]LogWindows: Warning: URL: C:/Program Files (x86)/Git/bin/git.exe version
[2018.09.17-02.33.58:389][513]LogWindows: Warning: CreateProc failed: The system cannot find the file specified. (0x00000002)
[2018.09.17-02.33.58:389][513]LogWindows: Warning: URL: C:\Users\SIDM\AppData\Local/Programs/Git/cmd/git.exe version
[2018.09.17-02.33.58:389][513]LogWindows: Warning: CreateProc failed: The system cannot find the file specified. (0x00000002)
[2018.09.17-02.33.58:389][513]LogWindows: Warning: URL: C:/Program Files (x86)/SmartGit/git/bin/git.exe version
[2018.09.17-02.33.58:389][513]LogWindows: Warning: CreateProc failed: The system cannot find the file specified. (0x00000002)
[2018.09.17-02.33.58:389][513]LogWindows: Warning: URL: C:/Program Files (x86)/SmartGit/bin/git.exe version
[2018.09.17-02.33.58:389][513]LogWindows: Warning: CreateProc failed: The system cannot find the file specified. (0x00000002)
[2018.09.17-02.33.58:389][513]LogWindows: Warning: URL: C:\Users\SIDM\AppData\Local/Atlassian/SourceTree/git_local/bin/git.exe version
[2018.09.17-02.33.58:390][513]LogWindows: Warning: CreateProc failed: The system cannot find the file specified. (0x00000002)
[2018.09.17-02.33.58:390][513]LogWindows: Warning: URL: C:/Program Files (x86)/fournova/Tower/vendor/Git/bin/git.exe version
[2018.09.17-02.35.48:388][249]SourceControl: Source control is disabled
[2018.09.17-02.35.48:396][249]LogSlate: Window 'Source Control Login' being destroyed
[2018.09.17-02.46.05:456][922]LogSlate: FSceneViewport::OnFocusLost() reason 2
[2018.09.17-02.46.06:856][  6]LogSlate: FSceneViewport::OnFocusLost() reason 2
[2018.09.17-02.46.10:580][227]LogWindows: Warning: CreateProc failed: The system cannot find the file specified. (0x00000002)
[2018.09.17-02.46.10:580][227]LogWindows: Warning: URL: C:/Program Files/Git/bin/git.exe version
[2018.09.17-02.46.10:580][227]LogWindows: Warning: CreateProc failed: The system cannot find the file specified. (0x00000002)
[2018.09.17-02.46.10:580][227]LogWindows: Warning: URL: C:/Program Files (x86)/Git/bin/git.exe version
[2018.09.17-02.46.10:580][227]LogWindows: Warning: CreateProc failed: The system cannot find the file specified. (0x00000002)
[2018.09.17-02.46.10:580][227]LogWindows: Warning: URL: C:\Users\SIDM\AppData\Local/Programs/Git/cmd/git.exe version
[2018.09.17-02.46.10:581][227]LogWindows: Warning: CreateProc failed: The system cannot find the file specified. (0x00000002)
[2018.09.17-02.46.10:581][227]LogWindows: Warning: URL: C:/Program Files (x86)/SmartGit/git/bin/git.exe version
[2018.09.17-02.46.10:581][227]LogWindows: Warning: CreateProc failed: The system cannot find the file specified. (0x00000002)
[2018.09.17-02.46.10:581][227]LogWindows: Warning: URL: C:/Program Files (x86)/SmartGit/bin/git.exe version
[2018.09.17-02.46.10:581][227]LogWindows: Warning: CreateProc failed: The system cannot find the file specified. (0x00000002)
[2018.09.17-02.46.10:581][227]LogWindows: Warning: URL: C:\Users\SIDM\AppData\Local/Atlassian/SourceTree/git_local/bin/git.exe version
[2018.09.17-02.46.10:581][227]LogWindows: Warning: CreateProc failed: The system cannot find the file specified. (0x00000002)
[2018.09.17-02.46.10:581][227]LogWindows: Warning: URL: C:/Program Files (x86)/fournova/Tower/vendor/Git/bin/git.exe version
[2018.09.17-02.46.16:250][567]LogWindows: Warning: CreateProc failed: The system cannot find the file specified. (0x00000002)
[2018.09.17-02.46.16:250][567]LogWindows: Warning: URL: https://github.com/XinYiGDT/FYP.git version
[2018.09.17-02.46.18:654][712]LogWindows: Warning: CreateProc failed: The system cannot find the file specified. (0x00000002)
[2018.09.17-02.46.18:654][712]LogWindows: Warning: URL: https://github.com/XinYiGDT/FYP.git version
[2018.09.17-02.46.18:665][712]SourceControl: Error: Failed to enable Git source control. You need to install Git and specify a valid path to git executable.
[2018.09.17-02.49.23:981][735]LogWindows: Warning: CreateProc failed: The system cannot find the file specified. (0x00000002)
[2018.09.17-02.49.23:981][735]LogWindows: Warning: URL: https://github.com/XinYiGDT/FYP.git version
[2018.09.17-02.49.23:981][735]SourceControl: Error: Failed to enable Git source control. You need to install Git and specify a valid path to git executable.
[2018.09.17-02.49.35:876][890]LogSlate: Window 'Save Content' being destroyed
[2018.09.17-02.49.35:969][890]LogSlate: Window 'Source Control Login' being destroyed
[2018.09.17-02.49.35:973][890]LogSlate: Window 'Coaster - Unreal Editor' being destroyed
[2018.09.17-02.49.36:218][891]Cmd: QUIT_EDITOR
[2018.09.17-02.49.36:402][891]LogWindowsTextInputMethodSystem: Display: IME system now deactivated.
[2018.09.17-02.49.36:418][891]LogSlate: Slate User Destroyed.  User Index 0, Is Virtual User: 0
[2018.09.17-02.49.36:419][891]LogExit: Preparing to exit.
[2018.09.17-02.49.36:866][891]LogDirectoryWatcher: A directory notification for 'C:/Users/SIDM/Desktop/UE4/Coaster/Content/' was aborted.
[2018.09.17-02.49.36:906][891]LogExit: Editor shut down
[2018.09.17-02.49.36:916][891]LogExit: Transaction tracking system shut down
[2018.09.17-02.49.36:990][891]LogDirectoryWatcher: A directory notification for '../../../Engine/Content/' was aborted.
[2018.09.17-02.49.36:990][891]LogDirectoryWatcher: A directory notification for '../../../../../../Users/SIDM/Desktop/UE4/Coaster/Content/' was aborted.
[2018.09.17-02.49.36:990][891]LogDirectoryWatcher: A directory notification for '../../Plugins/2D/Paper2D/Content/' was aborted.
[2018.09.17-02.49.36:990][891]LogDirectoryWatcher: A directory notification for '../../Plugins/Enterprise/DatasmithContent/Content/' was aborted.
[2018.09.17-02.49.36:990][891]LogDirectoryWatcher: A directory notification for '../../Plugins/Media/MediaCompositing/Content/' was aborted.
[2018.09.17-02.49.36:990][891]LogDirectoryWatcher: A directory notification for '../../Plugins/Runtime/AppleARKit/Content/' was aborted.
[2018.09.17-02.49.36:990][891]LogDirectoryWatcher: A directory notification for '../../Plugins/Runtime/Oculus/OculusVR/Content/' was aborted.
[2018.09.17-02.49.36:990][891]LogDirectoryWatcher: A directory notification for '../../Plugins/Runtime/Steam/SteamVR/Content/' was aborted.
[2018.09.17-02.49.37:161][891]LogExit: Object subsystem successfully closed.
[2018.09.17-02.49.37:196][891]LogShaderCompilers: Display: Shaders left to compile 0
[2018.09.17-02.49.37:199][891]LogD3D11RHI: Shutdown
[2018.09.17-02.49.37:199][891]LogD3D11RHI: CleanupD3DDevice
[2018.09.17-02.49.37:205][891]LogD3D11RHI: ~FD3D11DynamicRHI
[2018.09.17-02.49.37:244][891]LogModuleManager: Shutting down and abandoning module MovieSceneCapture (578)
[2018.09.17-02.49.37:244][891]LogModuleManager: Shutting down and abandoning module BlueprintGraph (576)
[2018.09.17-02.49.37:244][891]LogModuleManager: Shutting down and abandoning module HierarchicalLODOutliner (574)
[2018.09.17-02.49.37:244][891]LogModuleManager: Shutting down and abandoning module SceneOutliner (572)
[2018.09.17-02.49.37:244][891]LogModuleManager: Shutting down and abandoning module AddContentDialog (570)
[2018.09.17-02.49.37:244][891]LogDirectoryWatcher: A directory notification for 'C:/Program Files/Epic Games/UE_4.19/FeaturePacks/' was aborted.
[2018.09.17-02.49.37:250][891]LogModuleManager: Shutting down and abandoning module WidgetCarousel (569)
[2018.09.17-02.49.37:250][891]LogModuleManager: Shutting down and abandoning module EditorWidgets (566)
[2018.09.17-02.49.37:250][891]LogModuleManager: Shutting down and abandoning module CollectionManager (564)
[2018.09.17-02.49.37:250][891]LogDirectoryWatcher: A directory notification for 'C:/Users/SIDM/Desktop/UE4/Coaster/Content/Collections/' was aborted.
[2018.09.17-02.49.37:250][891]LogDirectoryWatcher: A directory notification for 'C:/Users/SIDM/Desktop/UE4/Coaster/Content/Developers/SIDM/Collections/' was aborted.
[2018.09.17-02.49.37:250][891]LogDirectoryWatcher: A directory notification for 'C:/Users/SIDM/Desktop/UE4/Coaster/Saved/Collections/' was aborted.
[2018.09.17-02.49.37:250][891]LogModuleManager: Shutting down and abandoning module StatsViewer (562)
[2018.09.17-02.49.37:250][891]LogModuleManager: Shutting down and abandoning module FoliageEdit (560)
[2018.09.17-02.49.37:251][891]LogModuleManager: Shutting down and abandoning module LandscapeEditor (558)
[2018.09.17-02.49.37:251][891]LogModuleManager: Shutting down and abandoning module MeshPaintMode (556)
[2018.09.17-02.49.37:251][891]LogModuleManager: Shutting down and abandoning module SceneDepthPickerMode (554)
[2018.09.17-02.49.37:251][891]LogModuleManager: Shutting down and abandoning module ActorPickerMode (552)
[2018.09.17-02.49.37:251][891]LogModuleManager: Shutting down and abandoning module GeometryMode (550)
[2018.09.17-02.49.37:252][891]LogModuleManager: Shutting down and abandoning module TextureAlignMode (548)
[2018.09.17-02.49.37:252][891]LogModuleManager: Shutting down and abandoning module BspMode (546)
[2018.09.17-02.49.37:252][891]LogModuleManager: Shutting down and abandoning module PIEPreviewDeviceProfileSelector (544)
[2018.09.17-02.49.37:252][891]LogModuleManager: Shutting down and abandoning module HardwareSurvey (542)
[2018.09.17-02.49.37:252][891]LogModuleManager: Shutting down and abandoning module SequenceRecorderSections (540)
[2018.09.17-02.49.37:252][891]LogModuleManager: Shutting down and abandoning module AutomationWorker (538)
[2018.09.17-02.49.37:252][891]LogModuleManager: Shutting down and abandoning module AudioCaptureEditor (536)
[2018.09.17-02.49.37:252][891]LogModuleManager: Shutting down and abandoning module SequenceRecorder (535)
[2018.09.17-02.49.37:253][891]LogModuleManager: Shutting down and abandoning module MatineeToLevelSequence (532)
[2018.09.17-02.49.37:253][891]LogModuleManager: Shutting down and abandoning module LevelSequenceEditor (530)
[2018.09.17-02.49.37:255][891]LogModuleManager: Shutting down and abandoning module PlacementMode (529)
[2018.09.17-02.49.37:255][891]LogModuleManager: Shutting down and abandoning module MaterialEditor (528)
[2018.09.17-02.49.37:258][891]LogModuleManager: Shutting down and abandoning module WmfMediaFactory (524)
[2018.09.17-02.49.37:258][891]LogModuleManager: Shutting down and abandoning module WmfMediaEditor (522)
[2018.09.17-02.49.37:258][891]LogModuleManager: Shutting down and abandoning module MediaPlayerEditor (520)
[2018.09.17-02.49.37:261][891]LogModuleManager: Shutting down and abandoning module OpenExrWrapper (518)
[2018.09.17-02.49.37:261][891]LogModuleManager: Shutting down and abandoning module ImgMediaFactory (516)
[2018.09.17-02.49.37:261][891]LogModuleManager: Shutting down and abandoning module ImgMediaEditor (514)
[2018.09.17-02.49.37:261][891]LogModuleManager: Shutting down and abandoning module AvfMediaFactory (512)
[2018.09.17-02.49.37:261][891]LogModuleManager: Shutting down and abandoning module AvfMediaEditor (510)
[2018.09.17-02.49.37:261][891]LogModuleManager: Shutting down and abandoning module AndroidMediaFactory (508)
[2018.09.17-02.49.37:261][891]LogModuleManager: Shutting down and abandoning module AndroidMediaEditor (506)
[2018.09.17-02.49.37:261][891]LogModuleManager: Shutting down and abandoning module CharacterAI (504)
[2018.09.17-02.49.37:261][891]LogModuleManager: Shutting down and abandoning module SmartSnapping (502)
[2018.09.17-02.49.37:261][891]LogModuleManager: Shutting down and abandoning module SessionServices (500)
[2018.09.17-02.49.37:261][891]LogModuleManager: Shutting down and abandoning module ViewportSnapping (498)
[2018.09.17-02.49.37:261][891]LogModuleManager: Shutting down and abandoning module ViewportInteraction (496)
[2018.09.17-02.49.37:261][891]LogModuleManager: Shutting down and abandoning module ClothPainter (494)
[2018.09.17-02.49.37:262][891]LogModuleManager: Shutting down and abandoning module SkeletalMeshEditor (493)
[2018.09.17-02.49.37:265][891]LogModuleManager: Shutting down and abandoning module LogVisualizer (490)
[2018.09.17-02.49.37:267][891]LogModuleManager: Shutting down and abandoning module IntroTutorials (488)
[2018.09.17-02.49.37:268][891]LogModuleManager: Shutting down and abandoning module GameProjectGeneration (487)
[2018.09.17-02.49.37:270][891]LogModuleManager: Shutting down and abandoning module IOSPlatformEditor (484)
[2018.09.17-02.49.37:270][891]LogModuleManager: Shutting down and abandoning module HTML5PlatformEditor (482)
[2018.09.17-02.49.37:270][891]LogModuleManager: Shutting down and abandoning module AndroidPlatformEditor (480)
[2018.09.17-02.49.37:270][891]LogModuleManager: Shutting down and abandoning module AndroidDeviceDetection (479)
[2018.09.17-02.49.38:010][891]LogModuleManager: Shutting down and abandoning module WindowsPlatformEditor (476)
[2018.09.17-02.49.38:011][891]LogModuleManager: Shutting down and abandoning module IOSRuntimeSettings (474)
[2018.09.17-02.49.38:011][891]LogModuleManager: Shutting down and abandoning module AndroidRuntimeSettings (472)
[2018.09.17-02.49.38:011][891]LogModuleManager: Shutting down and abandoning module InputBindingEditor (470)
[2018.09.17-02.49.38:011][891]LogModuleManager: Shutting down and abandoning module MergeActors (468)
[2018.09.17-02.49.38:012][891]LogModuleManager: Shutting down and abandoning module LocalizationDashboard (466)
[2018.09.17-02.49.38:013][891]LogModuleManager: Shutting down and abandoning module LocalizationService (465)
[2018.09.17-02.49.38:014][891]LogModuleManager: Shutting down and abandoning module HardwareTargeting (462)
[2018.09.17-02.49.38:014][891]LogModuleManager: Shutting down and abandoning module DeviceProfileEditor (460)
[2018.09.17-02.49.38:014][891]LogModuleManager: Shutting down and abandoning module UndoHistory (458)
[2018.09.17-02.49.38:014][891]LogModuleManager: Shutting down and abandoning module XmlParser (456)
[2018.09.17-02.49.38:015][891]LogModuleManager: Shutting down and abandoning module Blutility (454)
[2018.09.17-02.49.38:015][891]LogModuleManager: Shutting down and abandoning module ProjectSettingsViewer (452)
[2018.09.17-02.49.38:015][891]LogModuleManager: Shutting down and abandoning module ProjectTargetPlatformEditor (451)
[2018.09.17-02.49.38:015][891]LogModuleManager: Shutting down and abandoning module EditorSettingsViewer (448)
[2018.09.17-02.49.38:015][891]LogModuleManager: Shutting down and abandoning module SettingsEditor (446)
[2018.09.17-02.49.38:016][891]LogModuleManager: Shutting down and abandoning module ProjectLauncher (444)
[2018.09.17-02.49.38:016][891]LogModuleManager: Shutting down and abandoning module SessionFrontend (442)
[2018.09.17-02.49.38:017][891]LogModuleManager: Shutting down and abandoning module ProfilerClient (440)
[2018.09.17-02.49.38:018][891]LogModuleManager: Shutting down and abandoning module DeviceManager (438)
[2018.09.17-02.49.38:018][891]LogModuleManager: Shutting down and abandoning module TargetDeviceServices (437)
[2018.09.17-02.49.38:073][891]LogModuleManager: Shutting down and abandoning module AutomationController (434)
[2018.09.17-02.49.38:075][891]LogModuleManager: Shutting down and abandoning module AutomationWindow (432)
[2018.09.17-02.49.38:077][891]LogModuleManager: Shutting down and abandoning module Layers (430)
[2018.09.17-02.49.38:081][891]LogModuleManager: Shutting down and abandoning module ComponentVisualizers (428)
[2018.09.17-02.49.38:081][891]LogModuleManager: Shutting down and abandoning module DetailCustomizations (426)
[2018.09.17-02.49.38:082][891]LogModuleManager: Shutting down and abandoning module PackagesDialog (424)
[2018.09.17-02.49.38:083][891]LogModuleManager: Shutting down and abandoning module Persona (422)
[2018.09.17-02.49.38:083][891]LogModuleManager: Shutting down and abandoning module AdvancedPreviewScene (421)
[2018.09.17-02.49.38:083][891]LogModuleManager: Shutting down and abandoning module AnimGraph (419)
[2018.09.17-02.49.38:083][891]LogModuleManager: Shutting down and abandoning module Kismet (416)
[2018.09.17-02.49.38:088][891]LogModuleManager: Shutting down and abandoning module GraphEditor (414)
[2018.09.17-02.49.38:088][891]LogModuleManager: Shutting down and abandoning module ClassViewer (412)
[2018.09.17-02.49.38:088][891]LogModuleManager: Shutting down and abandoning module Toolbox (410)
[2018.09.17-02.49.38:088][891]LogModuleManager: Shutting down and abandoning module ModuleUI (408)
[2018.09.17-02.49.38:089][891]LogModuleManager: Shutting down and abandoning module MovieSceneTools (406)
[2018.09.17-02.49.38:090][891]LogModuleManager: Shutting down and abandoning module OutputLog (404)
[2018.09.17-02.49.38:091][891]LogModuleManager: Shutting down and abandoning module GammaUI (402)
[2018.09.17-02.49.38:091][891]LogModuleManager: Shutting down and abandoning module Documentation (400)
[2018.09.17-02.49.38:091][891]LogModuleManager: Shutting down and abandoning module MovieSceneTracks (398)
[2018.09.17-02.49.38:091][891]LogModuleManager: Shutting down and abandoning module MovieScene (396)
[2018.09.17-02.49.38:091][891]LogModuleManager: Shutting down and abandoning module StreamingPauseRendering (394)
[2018.09.17-02.49.38:091][891]LogModuleManager: Shutting down and abandoning module LauncherPlatform (392)
[2018.09.17-02.49.38:091][891]LogModuleManager: Shutting down and abandoning module AnalyticsET (390)
[2018.09.17-02.49.38:091][891]LogModuleManager: Shutting down and abandoning module PortalServices (388)
[2018.09.17-02.49.38:091][891]LogModuleManager: Shutting down and abandoning module PortalRpc (386)
[2018.09.17-02.49.38:091][891]LogModuleManager: Shutting down and abandoning module MessagingRpc (384)
[2018.09.17-02.49.38:091][891]LogModuleManager: Shutting down and abandoning module AIModule (382)
[2018.09.17-02.49.38:091][891]LogModuleManager: Shutting down and abandoning module GameplayDebugger (381)
[2018.09.17-02.49.38:091][891]LogModuleManager: Shutting down and abandoning module AITestSuite (379)
[2018.09.17-02.49.38:092][891]LogModuleManager: Shutting down and abandoning module DesktopPlatform (376)
[2018.09.17-02.49.38:092][891]LogModuleManager: Shutting down and abandoning module ProfilerService (374)
[2018.09.17-02.49.38:272][891]LogModuleManager: Shutting down and abandoning module TaskGraph (372)
[2018.09.17-02.49.38:273][891]LogModuleManager: Shutting down and abandoning module SteamVRController (370)
[2018.09.17-02.49.38:273][891]LogModuleManager: Shutting down and abandoning module ProceduralMeshComponentEditor (368)
[2018.09.17-02.49.38:273][891]LogModuleManager: Shutting down and abandoning module ProceduralMeshComponent (366)
[2018.09.17-02.49.38:273][891]LogModuleManager: Shutting down and abandoning module OculusInput (364)
[2018.09.17-02.49.38:274][891]LogModuleManager: Shutting down and abandoning module MobilePatchingUtils (362)
[2018.09.17-02.49.38:274][891]LogModuleManager: Shutting down and abandoning module CustomMeshComponent (360)
[2018.09.17-02.49.38:274][891]LogModuleManager: Shutting down and abandoning module CableComponent (358)
[2018.09.17-02.49.38:274][891]LogModuleManager: Shutting down and abandoning module AudioCapture (356)
[2018.09.17-02.49.38:274][891]LogModuleManager: Shutting down and abandoning module ArchVisCharacter (354)
[2018.09.17-02.49.38:274][891]LogModuleManager: Shutting down and abandoning module AndroidPermission (352)
[2018.09.17-02.49.38:274][891]LogModuleManager: Shutting down and abandoning module NUTUnrealEngine4 (348)
[2018.09.17-02.49.38:274][891]LogModuleManager: Shutting down and abandoning module NetcodeUnitTest (346)
[2018.09.17-02.49.38:276][891]LogModuleManager: Shutting down and abandoning module MediaCompositingEditor (344)
[2018.09.17-02.49.38:276][891]LogModuleManager: Shutting down and abandoning module MediaCompositing (342)
[2018.09.17-02.49.38:276][891]LogModuleManager: Shutting down and abandoning module LinearTimecode (340)
[2018.09.17-02.49.38:276][891]LogModuleManager: Shutting down and abandoning module ImgMedia (338)
[2018.09.17-02.49.38:279][891]LogModuleManager: Shutting down and abandoning module HTML5Networking (336)
[2018.09.17-02.49.38:279][891]LogModuleManager: Shutting down and abandoning module AlembicImporter (334)
[2018.09.17-02.49.38:280][891]LogModuleManager: Shutting down and abandoning module AlembicLibrary (333)
[2018.09.17-02.49.38:280][891]LogModuleManager: Shutting down and abandoning module GeometryCache (332)
[2018.09.17-02.49.38:280][891]LogModuleManager: Shutting down and abandoning module GeometryCacheEd (331)
[2018.09.17-02.49.38:280][891]LogModuleManager: Shutting down and abandoning module DatasmithContent (326)
[2018.09.17-02.49.38:280][891]LogModuleManager: Shutting down and abandoning module SpeedTreeImporter (324)
[2018.09.17-02.49.38:280][891]LogModuleManager: Shutting down and abandoning module PluginBrowser (322)
[2018.09.17-02.49.38:282][891]LogModuleManager: Shutting down and abandoning module MobileLauncherProfileWizard (320)
[2018.09.17-02.49.38:284][891]LogModuleManager: Shutting down and abandoning module CryptoKeysOpenSSL (318)
[2018.09.17-02.49.38:285][891]LogModuleManager: Shutting down and abandoning module CryptoKeys (316)
[2018.09.17-02.49.38:285][891]LogModuleManager: Shutting down and abandoning module VisualStudioSourceCodeAccess (314)
[2018.09.17-02.49.38:285][891]LogModuleManager: Shutting down and abandoning module VisualStudioCodeSourceCodeAccess (312)
[2018.09.17-02.49.38:285][891]LogModuleManager: Shutting down and abandoning module UObjectPlugin (310)
[2018.09.17-02.49.38:285][891]LogModuleManager: Shutting down and abandoning module SubversionSourceControl (308)
[2018.09.17-02.49.38:287][891]LogModuleManager: Shutting down and abandoning module PerforceSourceControl (306)
[2018.09.17-02.49.38:289][891]LogModuleManager: Shutting down and abandoning module GitSourceControl (304)
[2018.09.17-02.49.38:289][891]LogModuleManager: Shutting down and abandoning module SourceControl (303)
[2018.09.17-02.49.38:289][891]LogModuleManager: Shutting down and abandoning module CLionSourceCodeAccess (300)
[2018.09.17-02.49.38:290][891]LogModuleManager: Shutting down and abandoning module LightPropagationVolumeEditor (298)
[2018.09.17-02.49.38:290][891]LogModuleManager: Shutting down and abandoning module PaperTiledImporter (296)
[2018.09.17-02.49.38:290][891]LogModuleManager: Shutting down and abandoning module PaperSpriteSheetImporter (294)
[2018.09.17-02.49.38:290][891]LogModuleManager: Shutting down and abandoning module Paper2DEditor (292)
[2018.09.17-02.49.38:291][891]LogModuleManager: Shutting down and abandoning module MeshPaint (291)
[2018.09.17-02.49.38:292][891]LogModuleManager: Shutting down and abandoning module RuntimePhysXCooking (288)
[2018.09.17-02.49.38:292][891]LogModuleManager: Shutting down and abandoning module PhysXVehiclesEditor (286)
[2018.09.17-02.49.38:292][891]LogModuleManager: Shutting down and abandoning module PhysXVehicles (284)
[2018.09.17-02.49.38:292][891]LogModuleManager: Shutting down and abandoning module OculusEditor (282)
[2018.09.17-02.49.38:292][891]LogModuleManager: Shutting down and abandoning module LocationServicesBPLibrary (280)
[2018.09.17-02.49.38:292][891]LogModuleManager: Shutting down and abandoning module ImmediatePhysicsEditor (278)
[2018.09.17-02.49.38:292][891]LogModuleManager: Shutting down and abandoning module ImmediatePhysics (276)
[2018.09.17-02.49.38:293][891]LogModuleManager: Shutting down and abandoning module ActorSequence (274)
[2018.09.17-02.49.38:293][891]LogModuleManager: Shutting down and abandoning module UdpMessaging (272)
[2018.09.17-02.49.38:394][891]LogModuleManager: Shutting down and abandoning module TcpMessaging (270)
[2018.09.17-02.49.38:495][891]LogModuleManager: Shutting down and abandoning module GameplayTagsEditor (268)
[2018.09.17-02.49.38:495][891]LogModuleManager: Shutting down and abandoning module FacialAnimationEditor (266)
[2018.09.17-02.49.38:495][891]LogModuleManager: Shutting down and abandoning module FacialAnimation (264)
[2018.09.17-02.49.38:495][891]LogModuleManager: Shutting down and abandoning module DataValidation (262)
[2018.09.17-02.49.38:495][891]LogModuleManager: Shutting down and abandoning module AssetManagerEditor (260)
[2018.09.17-02.49.38:496][891]LogModuleManager: Shutting down and abandoning module LevelEditor (259)
[2018.09.17-02.49.38:497][891]LogModuleManager: Shutting down and abandoning module PixelInspectorModule (258)
[2018.09.17-02.49.38:498][891]LogModuleManager: Shutting down and abandoning module CommonMenuExtensions (256)
[2018.09.17-02.49.38:498][891]LogModuleManager: Shutting down and abandoning module MainFrame (254)
[2018.09.17-02.49.38:498][891]LogModuleManager: Shutting down and abandoning module HotReload (253)
[2018.09.17-02.49.38:498][891]LogModuleManager: Shutting down and abandoning module ContentBrowser (249)
[2018.09.17-02.49.38:500][891]LogModuleManager: Shutting down and abandoning module TreeMap (247)
[2018.09.17-02.49.38:500][891]LogModuleManager: Shutting down and abandoning module LightPropagationVolumeRuntime (244)
[2018.09.17-02.49.38:500][891]LogModuleManager: Shutting down and abandoning module LiveLinkEditor (242)
[2018.09.17-02.49.38:501][891]LogModuleManager: Shutting down and abandoning module LiveLink (240)
[2018.09.17-02.49.38:538][891]LogModuleManager: Shutting down and abandoning module Paper2D (238)
[2018.09.17-02.49.38:539][891]LogModuleManager: Shutting down and abandoning module WindowsMoviePlayer (236)
[2018.09.17-02.49.38:539][891]LogModuleManager: Shutting down and abandoning module WmfMedia (234)
[2018.09.17-02.49.38:541][891]LogModuleManager: Shutting down and abandoning module PacketHandler (232)
[2018.09.17-02.49.38:541][891]LogModuleManager: Shutting down and abandoning module ClothingSystemEditor (230)
[2018.09.17-02.49.38:541][891]LogModuleManager: Shutting down and abandoning module ClothingSystemRuntime (228)
[2018.09.17-02.49.38:542][891]LogModuleManager: Shutting down and abandoning module MediaAssets (226)
[2018.09.17-02.49.38:542][891]LogModuleManager: Shutting down and abandoning module Media (225)
[2018.09.17-02.49.38:547][891]LogModuleManager: Shutting down and abandoning module Overlay (222)
[2018.09.17-02.49.38:547][891]LogModuleManager: Shutting down and abandoning module OverlayEditor (221)
[2018.09.17-02.49.38:547][891]LogModuleManager: Shutting down and abandoning module VREditor (218)
[2018.09.17-02.49.38:550][891]LogModuleManager: Shutting down and abandoning module StringTableEditor (216)
[2018.09.17-02.49.38:550][891]LogModuleManager: Shutting down and abandoning module GameplayTasksEditor (214)
[2018.09.17-02.49.38:550][891]LogModuleManager: Shutting down and abandoning module BehaviorTreeEditor (212)
[2018.09.17-02.49.38:553][891]LogModuleManager: Shutting down and abandoning module FunctionalTesting (210)
[2018.09.17-02.49.38:553][891]LogModuleManager: Shutting down and abandoning module CollisionAnalyzer (208)
[2018.09.17-02.49.38:555][891]LogModuleManager: Shutting down and abandoning module WorkspaceMenuStructure (207)
[2018.09.17-02.49.38:555][891]LogModuleManager: Shutting down and abandoning module UMG (204)
[2018.09.17-02.49.38:555][891]LogModuleManager: Shutting down and abandoning module UMGEditor (203)
[2018.09.17-02.49.38:558][891]LogModuleManager: Shutting down and abandoning module Sequencer (202)
[2018.09.17-02.49.38:559][891]LogModuleManager: Shutting down and abandoning module MessageLog (199)
[2018.09.17-02.49.38:559][891]LogModuleManager: Shutting down and abandoning module SlateReflector (194)
[2018.09.17-02.49.38:563][891]LogModuleManager: Shutting down and abandoning module Slate (192)
[2018.09.17-02.49.38:563][891]LogModuleManager: Shutting down and abandoning module EditorStyle (190)
[2018.09.17-02.49.38:564][891]LogModuleManager: Shutting down and abandoning module MRMesh (188)
[2018.09.17-02.49.38:564][891]LogModuleManager: Shutting down and abandoning module SourceCodeAccess (186)
[2018.09.17-02.49.38:564][891]LogModuleManager: Shutting down and abandoning module HeadMountedDisplay (184)
[2018.09.17-02.49.38:564][891]LogModuleManager: Shutting down and abandoning module XAudio2 (182)
[2018.09.17-02.49.38:564][891]LogModuleManager: Shutting down and abandoning module Networking (180)
[2018.09.17-02.49.38:565][891]LogModuleManager: Shutting down and abandoning module Core (178)
[2018.09.17-02.49.38:565][891]LogModuleManager: Shutting down and abandoning module LevelSequence (176)
[2018.09.17-02.49.38:565][891]LogModuleManager: Shutting down and abandoning module KismetCompiler (174)
[2018.09.17-02.49.38:565][891]LogModuleManager: Shutting down and abandoning module MeshUtilities (172)
[2018.09.17-02.49.38:565][891]LogModuleManager: Shutting down and abandoning module MeshMergeUtilities (171)
[2018.09.17-02.49.38:565][891]LogModuleManager: Shutting down and abandoning module MeshReductionInterface (170)
[2018.09.17-02.49.38:565][891]LogModuleManager: Shutting down and abandoning module SimplygonSwarm (169)
[2018.09.17-02.49.38:565][891]LogModuleManager: Shutting down and abandoning module SimplygonMeshReduction (167)
[2018.09.17-02.49.38:566][891]LogModuleManager: Shutting down and abandoning module QuadricMeshReduction (165)
[2018.09.17-02.49.38:567][891]LogModuleManager: Shutting down and abandoning module MaterialBaking (161)
[2018.09.17-02.49.38:567][891]LogModuleManager: Shutting down and abandoning module DirectoryWatcher (157)
[2018.09.17-02.49.38:569][891]LogModuleManager: Shutting down and abandoning module DerivedDataCache (154)
[2018.09.17-02.49.38:620][891]LogDerivedDataCache: Shutdown
[2018.09.17-02.49.38:620][891]LogModuleManager: Shutting down and abandoning module XGEController (152)
[2018.09.17-02.49.38:620][891]LogXGEController: Cleaning working directory: C:/Users/SIDM/AppData/Local/Temp/UnrealXGEWorkingDir/
[2018.09.17-02.49.38:621][891]LogModuleManager: Shutting down and abandoning module TargetPlatform (150)
[2018.09.17-02.49.38:621][891]LogModuleManager: Shutting down and abandoning module VulkanShaderFormat (149)
[2018.09.17-02.49.38:621][891]LogModuleManager: Shutting down and abandoning module ShaderFormatVectorVM (147)
[2018.09.17-02.49.38:623][891]LogModuleManager: Shutting down and abandoning module ShaderFormatOpenGL (145)
[2018.09.17-02.49.38:623][891]LogModuleManager: Shutting down and abandoning module ShaderFormatD3D (143)
[2018.09.17-02.49.38:623][891]LogModuleManager: Shutting down and abandoning module MetalShaderFormat (141)
[2018.09.17-02.49.38:623][891]LogModuleManager: Shutting down and abandoning module TextureFormatUncompressed (139)
[2018.09.17-02.49.38:623][891]LogModuleManager: Shutting down and abandoning module TextureFormatPVR (137)
[2018.09.17-02.49.38:623][891]LogModuleManager: Shutting down and abandoning module TextureFormatDXT (135)
[2018.09.17-02.49.38:623][891]LogModuleManager: Shutting down and abandoning module TextureFormatIntelISPCTexComp (133)
[2018.09.17-02.49.38:624][891]LogModuleManager: Shutting down and abandoning module TextureFormatASTC (131)
[2018.09.17-02.49.38:624][891]LogModuleManager: Shutting down and abandoning module ImageWrapper (130)
[2018.09.17-02.49.38:624][891]LogModuleManager: Shutting down and abandoning module TextureFormatAndroid (127)
[2018.09.17-02.49.38:624][891]LogModuleManager: Shutting down and abandoning module AudioFormatOpus (125)
[2018.09.17-02.49.38:624][891]LogModuleManager: Shutting down and abandoning module AudioFormatOgg (123)
[2018.09.17-02.49.38:624][891]LogModuleManager: Shutting down and abandoning module AudioFormatADPCM (121)
[2018.09.17-02.49.38:624][891]LogModuleManager: Shutting down and abandoning module LinuxTargetPlatform (119)
[2018.09.17-02.49.38:624][891]LogModuleManager: Shutting down and abandoning module LinuxServerTargetPlatform (117)
[2018.09.17-02.49.38:624][891]LogModuleManager: Shutting down and abandoning module LinuxNoEditorTargetPlatform (115)
[2018.09.17-02.49.38:624][891]LogModuleManager: Shutting down and abandoning module LinuxClientTargetPlatform (113)
[2018.09.17-02.49.38:624][891]LogModuleManager: Shutting down and abandoning module TVOSTargetPlatform (111)
[2018.09.17-02.49.38:624][891]LogModuleManager: Shutting down and abandoning module Messaging (109)
[2018.09.17-02.49.38:624][891]LogModuleManager: Shutting down and abandoning module IOSTargetPlatform (107)
[2018.09.17-02.49.38:624][891]LogModuleManager: Shutting down and abandoning module HTML5TargetPlatform (105)
[2018.09.17-02.49.38:624][891]LogModuleManager: Shutting down and abandoning module AndroidTargetPlatform (103)
[2018.09.17-02.49.38:624][891]LogModuleManager: Shutting down and abandoning module Android_PVRTCTargetPlatform (101)
[2018.09.17-02.49.38:625][891]LogModuleManager: Shutting down and abandoning module Android_MultiTargetPlatform (99)
[2018.09.17-02.49.38:625][891]LogModuleManager: Shutting down and abandoning module Android_ETC2TargetPlatform (97)
[2018.09.17-02.49.38:625][891]LogModuleManager: Shutting down and abandoning module Android_ETC1TargetPlatform (95)
[2018.09.17-02.49.38:625][891]LogModuleManager: Shutting down and abandoning module Android_ETC1aTargetPlatform (93)
[2018.09.17-02.49.38:625][891]LogModuleManager: Shutting down and abandoning module Android_DXTTargetPlatform (91)
[2018.09.17-02.49.38:625][891]LogModuleManager: Shutting down and abandoning module Android_ATCTargetPlatform (89)
[2018.09.17-02.49.38:625][891]LogModuleManager: Shutting down and abandoning module Android_ASTCTargetPlatform (87)
[2018.09.17-02.49.38:625][891]LogModuleManager: Shutting down and abandoning module WindowsTargetPlatform (85)
[2018.09.17-02.49.38:625][891]LogModuleManager: Shutting down and abandoning module WindowsServerTargetPlatform (83)
[2018.09.17-02.49.38:625][891]LogModuleManager: Shutting down and abandoning module WindowsNoEditorTargetPlatform (81)
[2018.09.17-02.49.38:625][891]LogModuleManager: Shutting down and abandoning module WindowsClientTargetPlatform (79)
[2018.09.17-02.49.38:625][891]LogModuleManager: Shutting down and abandoning module MacTargetPlatform (77)
[2018.09.17-02.49.38:625][891]LogModuleManager: Shutting down and abandoning module MacServerTargetPlatform (75)
[2018.09.17-02.49.38:625][891]LogModuleManager: Shutting down and abandoning module MacNoEditorTargetPlatform (73)
[2018.09.17-02.49.38:625][891]LogModuleManager: Shutting down and abandoning module MacClientTargetPlatform (71)
[2018.09.17-02.49.38:625][891]LogModuleManager: Shutting down and abandoning module AllDesktopTargetPlatform (69)
[2018.09.17-02.49.38:625][891]LogModuleManager: Shutting down and abandoning module InputCore (66)
[2018.09.17-02.49.38:625][891]LogModuleManager: Shutting down and abandoning module Settings (64)
[2018.09.17-02.49.38:625][891]LogModuleManager: Shutting down and abandoning module PhysXCooking (62)
[2018.09.17-02.49.38:625][891]LogModuleManager: Shutting down and abandoning module SteamVR (60)
[2018.09.17-02.49.38:625][891]LogModuleManager: Shutting down and abandoning module OculusHMD (58)
[2018.09.17-02.49.38:626][891]LogModuleManager: Shutting down and abandoning module ExampleDeviceProfileSelector (56)
[2018.09.17-02.49.38:626][891]LogModuleManager: Shutting down and abandoning module AppleARKit (54)
[2018.09.17-02.49.38:626][891]LogModuleManager: Shutting down and abandoning module AugmentedReality (51)
[2018.09.17-02.49.38:626][891]LogModuleManager: Shutting down and abandoning module OnlineBlueprintSupport (48)
[2018.09.17-02.49.38:626][891]LogModuleManager: Shutting down and abandoning module OnlineSubsystem (44)
[2018.09.17-02.49.38:628][891]LogModuleManager: Shutting down and abandoning module XMPP (43)
[2018.09.17-02.49.38:630][891]LogModuleManager: Shutting down and abandoning module HTTP (41)
[2018.09.17-02.49.38:630][891]LogHttp: Display: Http module shutting down, but needs to wait on 1 outstanding Http requests:
[2018.09.17-02.49.38:630][891]LogHttp: Display: 	verb=[POST] url=[https://datarouter.ol.epicgames.com/datarouter/api/v1/public/data?SessionID=%7B779F273A-4104-C867-4D9E-6FA6CAC5B134%7D&AppID=UEEditor.Rocket.Release&AppVersion=4.19.0-3944462%2B%2B%2BUE4%2BRelease-4.19&UserID=b7e3a999478fef10e4a2ca966900c08f%7Cc89185f727e545049eb088682b4cf1fe%7Cbbc3764a-189e-4c3e-a249-48c487621871&AppEnvironment=datacollector-binary&UploadType=eteventstream] status=Processing
[2018.09.17-02.49.38:636][891]LogModuleManager: Shutting down and abandoning module SSL (40)
[2018.09.17-02.49.38:638][891]LogModuleManager: Shutting down and abandoning module AnimationModifiers (36)
[2018.09.17-02.49.38:640][891]LogModuleManager: Shutting down and abandoning module PropertyEditor (35)
[2018.09.17-02.49.38:641][891]LogModuleManager: Shutting down and abandoning module AudioEditor (32)
[2018.09.17-02.49.38:643][891]LogModuleManager: Shutting down and abandoning module TextureCompressor (30)
[2018.09.17-02.49.38:645][891]LogModuleManager: Shutting down and abandoning module ShaderCore (28)
[2018.09.17-02.49.38:645][891]LogModuleManager: Shutting down and abandoning module Landscape (26)
[2018.09.17-02.49.38:645][891]LogModuleManager: Shutting down and abandoning module SlateRHIRenderer (24)
[2018.09.17-02.49.38:647][891]LogModuleManager: Shutting down and abandoning module OpenGLDrv (22)
[2018.09.17-02.49.38:649][891]LogModuleManager: Shutting down and abandoning module D3D11RHI (20)
[2018.09.17-02.49.38:649][891]LogModuleManager: Shutting down and abandoning module AnimGraphRuntime (18)
[2018.09.17-02.49.38:649][891]LogModuleManager: Shutting down and abandoning module Renderer (16)
[2018.09.17-02.49.38:649][891]LogModuleManager: Shutting down and abandoning module Engine (14)
[2018.09.17-02.49.38:649][891]LogModuleManager: Shutting down and abandoning module CoreUObject (12)
[2018.09.17-02.49.38:649][891]LogModuleManager: Shutting down and abandoning module NetworkFile (10)
[2018.09.17-02.49.38:650][891]LogModuleManager: Shutting down and abandoning module CookedIterativeFile (8)
[2018.09.17-02.49.38:650][891]LogModuleManager: Shutting down and abandoning module StreamingFile (6)
[2018.09.17-02.49.38:650][891]LogModuleManager: Shutting down and abandoning module SandboxFile (4)
[2018.09.17-02.49.38:651][891]LogModuleManager: Shutting down and abandoning module PakFile (2)
[2018.09.17-02.49.38:660][891]LogExit: Exiting.
[2018.09.17-02.49.38:672][891]Log file closed, 09/17/18 10:49:38
