Log file open, 09/12/18 14:35:24
LogWindows: Failed to load 'aqProf.dll' (GetLastError=126)
LogWindows: File 'aqProf.dll' does not exist
LogWindows: Failed to load 'VSPerf140.dll' (GetLastError=126)
LogWindows: File 'VSPerf140.dll' does not exist
LogWindows: Failed to load 'VtuneApi.dll' (GetLastError=126)
LogWindows: File 'VtuneApi.dll' does not exist
LogWindows: Failed to load 'VtuneApi32e.dll' (GetLastError=126)
LogWindows: File 'VtuneApi32e.dll' does not exist
LogInit: Display: Running engine for game: Coaster
LogPlatformFile: Not using cached read wrapper
LogInit: Display: RandInit(-1979459063) SRandInit(-1979459063).
LogInit: Read version file with build ID '3944462'
LogInit: Overriding engine version to CL 3944462, compatible CL 3944462
LogInit: Registered custom module enumerator with build ID '3944462'
LogTaskGraph: Started task graph with 5 named threads and 23 total threads with 3 sets of task threads.
LogStats: Stats thread started at 0.269183
LogD3D11RHI: Aftermath initialized
LogICUInternationalization: Display: ICU TimeZone Detection - Raw Offset: +8:00, Platform Override: ''
LogModuleManager: Display: Found up-to-date module file ../../../Engine/Plugins/2D/Paper2D/Binaries/Win64/UE4Editor-Paper2D.dll (API version 3944462).
LogModuleManager: Display: Found up-to-date module file ../../../Engine/Plugins/2D/Paper2D/Binaries/Win64/UE4Editor-Paper2DEditor.dll (API version 3944462).
LogModuleManager: Display: Found up-to-date module file ../../../Engine/Plugins/2D/Paper2D/Binaries/Win64/UE4Editor-PaperSpriteSheetImporter.dll (API version 3944462).
LogModuleManager: Display: Found up-to-date module file ../../../Engine/Plugins/2D/Paper2D/Binaries/Win64/UE4Editor-PaperTiledImporter.dll (API version 3944462).
LogModuleManager: Display: Found up-to-date module file ../../../Engine/Plugins/2D/Paper2D/Binaries/Win64/UE4Editor-SmartSnapping.dll (API version 3944462).
LogModuleManager: Display: Found up-to-date module file ../../../Engine/Plugins/Blendables/LightPropagationVolume/Binaries/Win64/UE4Editor-LightPropagationVolumeRuntime.dll (API version 3944462).
LogModuleManager: Display: Found up-to-date module file ../../../Engine/Plugins/Blendables/LightPropagationVolume/Binaries/Win64/UE4Editor-LightPropagationVolumeEditor.dll (API version 3944462).
LogModuleManager: Display: Found up-to-date module file ../../../Engine/Plugins/Developer/CLionSourceCodeAccess/Binaries/Win64/UE4Editor-CLionSourceCodeAccess.dll (API version 3944462).
LogModuleManager: Display: Found up-to-date module file ../../../Engine/Plugins/Developer/GitSourceControl/Binaries/Win64/UE4Editor-GitSourceControl.dll (API version 3944462).
LogModuleManager: Display: Found up-to-date module file ../../../Engine/Plugins/Developer/PerforceSourceControl/Binaries/Win64/UE4Editor-PerforceSourceControl.dll (API version 3944462).
LogModuleManager: Display: Found up-to-date module file ../../../Engine/Plugins/Developer/SubversionSourceControl/Binaries/Win64/UE4Editor-SubversionSourceControl.dll (API version 3944462).
LogModuleManager: Display: Found up-to-date module file ../../../Engine/Plugins/Developer/UObjectPlugin/Binaries/Win64/UE4Editor-UObjectPlugin.dll (API version 3944462).
LogModuleManager: Display: Found up-to-date module file ../../../Engine/Plugins/Developer/VisualStudioCodeSourceCodeAccess/Binaries/Win64/UE4Editor-VisualStudioCodeSourceCodeAccess.dll (API version 3944462).
LogModuleManager: Display: Found up-to-date module file ../../../Engine/Plugins/Developer/VisualStudioSourceCodeAccess/Binaries/Win64/UE4Editor-VisualStudioSourceCodeAccess.dll (API version 3944462).
LogModuleManager: Display: Found up-to-date module file ../../../Engine/Plugins/Editor/AssetManagerEditor/Binaries/Win64/UE4Editor-AssetManagerEditor.dll (API version 3944462).
LogModuleManager: Display: Found up-to-date module file ../../../Engine/Plugins/Editor/CryptoKeys/Binaries/Win64/UE4Editor-CryptoKeys.dll (API version 3944462).
LogModuleManager: Display: Found up-to-date module file ../../../Engine/Plugins/Editor/CryptoKeys/Binaries/Win64/UE4Editor-CryptoKeysOpenSSL.dll (API version 3944462).
LogModuleManager: Display: Found up-to-date module file ../../../Engine/Plugins/Editor/DataValidation/Binaries/Win64/UE4Editor-DataValidation.dll (API version 3944462).
LogModuleManager: Display: Found up-to-date module file ../../../Engine/Plugins/Editor/FacialAnimation/Binaries/Win64/UE4Editor-FacialAnimation.dll (API version 3944462).
LogModuleManager: Display: Found up-to-date module file ../../../Engine/Plugins/Editor/FacialAnimation/Binaries/Win64/UE4Editor-FacialAnimationEditor.dll (API version 3944462).
LogModuleManager: Display: Found up-to-date module file ../../../Engine/Plugins/Editor/GameplayTagsEditor/Binaries/Win64/UE4Editor-GameplayTagsEditor.dll (API version 3944462).
LogModuleManager: Display: Found up-to-date module file ../../../Engine/Plugins/Editor/MobileLauncherProfileWizard/Binaries/Win64/UE4Editor-MobileLauncherProfileWizard.dll (API version 3944462).
LogModuleManager: Display: Found up-to-date module file ../../../Engine/Plugins/Editor/PluginBrowser/Binaries/Win64/UE4Editor-PluginBrowser.dll (API version 3944462).
LogModuleManager: Display: Found up-to-date module file ../../../Engine/Plugins/Editor/SpeedTreeImporter/Binaries/Win64/UE4Editor-SpeedTreeImporter.dll (API version 3944462).
LogModuleManager: Display: Found up-to-date module file ../../../Engine/Plugins/Enterprise/DatasmithContent/Binaries/Win64/UE4Editor-DatasmithContent.dll (API version 3944462).
LogModuleManager: Display: Found up-to-date module file ../../../Engine/Plugins/Experimental/AlembicImporter/Binaries/Win64/UE4Editor-AlembicImporter.dll (API version 3944462).
LogModuleManager: Display: Found up-to-date module file ../../../Engine/Plugins/Experimental/AlembicImporter/Binaries/Win64/UE4Editor-AlembicLibrary.dll (API version 3944462).
LogModuleManager: Display: Found up-to-date module file ../../../Engine/Plugins/Experimental/CharacterAI/Binaries/Win64/UE4Editor-CharacterAI.dll (API version 3944462).
LogModuleManager: Display: Found up-to-date module file ../../../Engine/Plugins/Experimental/HTML5Networking/Binaries/Win64/UE4Editor-HTML5Networking.dll (API version 3944462).
LogModuleManager: Display: Found up-to-date module file ../../../Engine/Plugins/Media/AndroidMedia/Binaries/Win64/UE4Editor-AndroidMediaEditor.dll (API version 3944462).
LogModuleManager: Display: Found up-to-date module file ../../../Engine/Plugins/Media/AndroidMedia/Binaries/Win64/UE4Editor-AndroidMediaFactory.dll (API version 3944462).
LogModuleManager: Display: Found up-to-date module file ../../../Engine/Plugins/Media/AvfMedia/Binaries/Win64/UE4Editor-AvfMediaEditor.dll (API version 3944462).
LogModuleManager: Display: Found up-to-date module file ../../../Engine/Plugins/Media/AvfMedia/Binaries/Win64/UE4Editor-AvfMediaFactory.dll (API version 3944462).
LogModuleManager: Display: Found up-to-date module file ../../../Engine/Plugins/Media/AvfMedia/Binaries/Win64/UE4Editor-AvfMediaFactory.dll (API version 3944462).
LogModuleManager: Display: Found up-to-date module file ../../../Engine/Plugins/Media/ImgMedia/Binaries/Win64/UE4Editor-ImgMedia.dll (API version 3944462).
LogModuleManager: Display: Found up-to-date module file ../../../Engine/Plugins/Media/ImgMedia/Binaries/Win64/UE4Editor-ImgMediaEditor.dll (API version 3944462).
LogModuleManager: Display: Found up-to-date module file ../../../Engine/Plugins/Media/ImgMedia/Binaries/Win64/UE4Editor-ImgMediaFactory.dll (API version 3944462).
LogModuleManager: Display: Found up-to-date module file ../../../Engine/Plugins/Media/ImgMedia/Binaries/Win64/UE4Editor-ImgMediaFactory.dll (API version 3944462).
LogModuleManager: Display: Found up-to-date module file ../../../Engine/Plugins/Media/ImgMedia/Binaries/Win64/UE4Editor-OpenExrWrapper.dll (API version 3944462).
LogModuleManager: Display: Found up-to-date module file ../../../Engine/Plugins/Media/LinearTimecode/Binaries/Win64/UE4Editor-LinearTimecode.dll (API version 3944462).
LogModuleManager: Display: Found up-to-date module file ../../../Engine/Plugins/Media/MediaCompositing/Binaries/Win64/UE4Editor-MediaCompositing.dll (API version 3944462).
LogModuleManager: Display: Found up-to-date module file ../../../Engine/Plugins/Media/MediaCompositing/Binaries/Win64/UE4Editor-MediaCompositingEditor.dll (API version 3944462).
LogModuleManager: Display: Found up-to-date module file ../../../Engine/Plugins/Media/MediaPlayerEditor/Binaries/Win64/UE4Editor-MediaPlayerEditor.dll (API version 3944462).
LogModuleManager: Display: Found up-to-date module file ../../../Engine/Plugins/Media/WmfMedia/Binaries/Win64/UE4Editor-WmfMedia.dll (API version 3944462).
LogModuleManager: Display: Found up-to-date module file ../../../Engine/Plugins/Media/WmfMedia/Binaries/Win64/UE4Editor-WmfMediaEditor.dll (API version 3944462).
LogModuleManager: Display: Found up-to-date module file ../../../Engine/Plugins/Media/WmfMedia/Binaries/Win64/UE4Editor-WmfMediaFactory.dll (API version 3944462).
LogModuleManager: Display: Found up-to-date module file ../../../Engine/Plugins/Media/WmfMedia/Binaries/Win64/UE4Editor-WmfMediaFactory.dll (API version 3944462).
LogModuleManager: Display: Found up-to-date module file ../../../Engine/Plugins/Messaging/TcpMessaging/Binaries/Win64/UE4Editor-TcpMessaging.dll (API version 3944462).
LogModuleManager: Display: Found up-to-date module file ../../../Engine/Plugins/Messaging/UdpMessaging/Binaries/Win64/UE4Editor-UdpMessaging.dll (API version 3944462).
LogModuleManager: Display: Found up-to-date module file ../../../Engine/Plugins/MovieScene/ActorSequence/Binaries/Win64/UE4Editor-ActorSequence.dll (API version 3944462).
LogModuleManager: Display: Found up-to-date module file ../../../Engine/Plugins/MovieScene/LevelSequenceEditor/Binaries/Win64/UE4Editor-LevelSequenceEditor.dll (API version 3944462).
LogModuleManager: Display: Found up-to-date module file ../../../Engine/Plugins/MovieScene/MatineeToLevelSequence/Binaries/Win64/UE4Editor-MatineeToLevelSequence.dll (API version 3944462).
LogModuleManager: Display: Found up-to-date module file ../../../Engine/Plugins/NetcodeUnitTest/NetcodeUnitTest/Binaries/Win64/UE4Editor-NetcodeUnitTest.dll (API version 3944462).
LogModuleManager: Display: Found up-to-date module file ../../../Engine/Plugins/NetcodeUnitTest/NUTUnrealEngine4/Binaries/Win64/UE4Editor-NUTUnrealEngine4.dll (API version 3944462).
LogModuleManager: Display: Found up-to-date module file ../../../Engine/Plugins/Online/OnlineSubsystem/Binaries/Win64/UE4Editor-OnlineSubsystem.dll (API version 3944462).
LogModuleManager: Display: Found up-to-date module file ../../../Engine/Plugins/Runtime/AndroidPermission/Binaries/Win64/UE4Editor-AndroidPermission.dll (API version 3944462).
LogModuleManager: Display: Found up-to-date module file ../../../Engine/Plugins/Online/OnlineSubsystemNull/Binaries/Win64/UE4Editor-OnlineSubsystemNull.dll (API version 3944462).
LogModuleManager: Display: Found up-to-date module file ../../../Engine/Plugins/Online/OnlineSubsystemUtils/Binaries/Win64/UE4Editor-OnlineSubsystemUtils.dll (API version 3944462).
LogModuleManager: Display: Found up-to-date module file ../../../Engine/Plugins/Online/OnlineSubsystemUtils/Binaries/Win64/UE4Editor-OnlineBlueprintSupport.dll (API version 3944462).
LogModuleManager: Display: Found up-to-date module file ../../../Engine/Plugins/Runtime/AndroidDeviceProfileSelector/Binaries/Win64/UE4Editor-AndroidDeviceProfileSelector.dll (API version 3944462).
LogModuleManager: Display: Found up-to-date module file ../../../Engine/Plugins/Runtime/AppleARKit/Binaries/Win64/UE4Editor-AppleARKit.dll (API version 3944462).
LogModuleManager: Display: Found up-to-date module file ../../../Engine/Plugins/Runtime/ProceduralMeshComponent/Binaries/Win64/UE4Editor-ProceduralMeshComponent.dll (API version 3944462).
LogModuleManager: Display: Found up-to-date module file ../../../Engine/Plugins/Runtime/ProceduralMeshComponent/Binaries/Win64/UE4Editor-ProceduralMeshComponentEditor.dll (API version 3944462).
LogModuleManager: Display: Found up-to-date module file ../../../Engine/Plugins/Animation/LiveLink/Binaries/Win64/UE4Editor-LiveLink.dll (API version 3944462).
LogModuleManager: Display: Found up-to-date module file ../../../Engine/Plugins/Animation/LiveLink/Binaries/Win64/UE4Editor-LiveLinkEditor.dll (API version 3944462).
LogModuleManager: Display: Found up-to-date module file ../../../Engine/Plugins/Runtime/ArchVisCharacter/Binaries/Win64/UE4Editor-ArchVisCharacter.dll (API version 3944462).
LogModuleManager: Display: Found up-to-date module file ../../../Engine/Plugins/Runtime/AudioCapture/Binaries/Win64/UE4Editor-AudioCapture.dll (API version 3944462).
LogModuleManager: Display: Found up-to-date module file ../../../Engine/Plugins/Runtime/AudioCapture/Binaries/Win64/UE4Editor-AudioCaptureEditor.dll (API version 3944462).
LogModuleManager: Display: Found up-to-date module file ../../../Engine/Plugins/Runtime/CableComponent/Binaries/Win64/UE4Editor-CableComponent.dll (API version 3944462).
LogModuleManager: Display: Found up-to-date module file ../../../Engine/Plugins/Runtime/CustomMeshComponent/Binaries/Win64/UE4Editor-CustomMeshComponent.dll (API version 3944462).
LogModuleManager: Display: Found up-to-date module file ../../../Engine/Plugins/Runtime/ExampleDeviceProfileSelector/Binaries/Win64/UE4Editor-ExampleDeviceProfileSelector.dll (API version 3944462).
LogModuleManager: Display: Found up-to-date module file ../../../Engine/Plugins/Runtime/ImmediatePhysics/Binaries/Win64/UE4Editor-ImmediatePhysics.dll (API version 3944462).
LogModuleManager: Display: Found up-to-date module file ../../../Engine/Plugins/Runtime/ImmediatePhysics/Binaries/Win64/UE4Editor-ImmediatePhysicsEditor.dll (API version 3944462).
LogModuleManager: Display: Found up-to-date module file ../../../Engine/Plugins/Runtime/LocationServicesBPLibrary/Binaries/Win64/UE4Editor-LocationServicesBPLibrary.dll (API version 3944462).
LogModuleManager: Display: Found up-to-date module file ../../../Engine/Plugins/Runtime/MobilePatchingUtils/Binaries/Win64/UE4Editor-MobilePatchingUtils.dll (API version 3944462).
LogModuleManager: Display: Found up-to-date module file ../../../Engine/Plugins/Runtime/Oculus/OculusVR/Binaries/Win64/UE4Editor-OculusHMD.dll (API version 3944462).
LogModuleManager: Display: Found up-to-date module file ../../../Engine/Plugins/Runtime/Oculus/OculusVR/Binaries/Win64/UE4Editor-OculusInput.dll (API version 3944462).
LogModuleManager: Display: Found up-to-date module file ../../../Engine/Plugins/Runtime/Oculus/OculusVR/Binaries/Win64/UE4Editor-OculusEditor.dll (API version 3944462).
LogModuleManager: Display: Found up-to-date module file ../../../Engine/Plugins/Runtime/PhysXVehicles/Binaries/Win64/UE4Editor-PhysXVehicles.dll (API version 3944462).
LogModuleManager: Display: Found up-to-date module file ../../../Engine/Plugins/Runtime/PhysXVehicles/Binaries/Win64/UE4Editor-PhysXVehiclesEditor.dll (API version 3944462).
LogModuleManager: Display: Found up-to-date module file ../../../Engine/Plugins/Runtime/RuntimePhysXCooking/Binaries/Win64/UE4Editor-RuntimePhysXCooking.dll (API version 3944462).
LogModuleManager: Display: Found up-to-date module file ../../../Engine/Plugins/Runtime/Steam/SteamVR/Binaries/Win64/UE4Editor-SteamVR.dll (API version 3944462).
LogModuleManager: Display: Found up-to-date module file ../../../Engine/Plugins/Runtime/Steam/SteamVR/Binaries/Win64/UE4Editor-SteamVRController.dll (API version 3944462).
LogModuleManager: Display: Found up-to-date module file ../../../Engine/Plugins/Runtime/WindowsMoviePlayer/Binaries/Win64/UE4Editor-WindowsMoviePlayer.dll (API version 3944462).
LogPluginManager: Mounting plugin Paper2D
LogPluginManager: Mounting plugin LiveLink
LogPluginManager: Mounting plugin LightPropagationVolume
LogPluginManager: Mounting plugin CLionSourceCodeAccess
LogPluginManager: Mounting plugin CodeLiteSourceCodeAccess
LogPluginManager: Mounting plugin GitSourceControl
LogPluginManager: Mounting plugin KDevelopSourceCodeAccess
LogPluginManager: Mounting plugin NullSourceCodeAccess
LogPluginManager: Mounting plugin PerforceSourceControl
LogPluginManager: Mounting plugin SubversionSourceControl
LogPluginManager: Mounting plugin UObjectPlugin
LogPluginManager: Mounting plugin VisualStudioCodeSourceCodeAccess
LogPluginManager: Mounting plugin VisualStudioSourceCodeAccess
LogPluginManager: Mounting plugin XCodeSourceCodeAccess
LogPluginManager: Mounting plugin AssetManagerEditor
LogPluginManager: Mounting plugin CryptoKeys
LogPluginManager: Mounting plugin DataValidation
LogPluginManager: Mounting plugin FacialAnimation
LogPluginManager: Mounting plugin GameplayTagsEditor
LogPluginManager: Mounting plugin MobileLauncherProfileWizard
LogPluginManager: Mounting plugin PluginBrowser
LogPluginManager: Mounting plugin SpeedTreeImporter
LogPluginManager: Mounting plugin DatasmithContent
LogPluginManager: Mounting plugin AlembicImporter
LogPluginManager: Mounting plugin CharacterAI
LogPluginManager: Mounting plugin HTML5Networking
LogPluginManager: Mounting plugin AndroidMedia
LogPluginManager: Mounting plugin AvfMedia
LogPluginManager: Mounting plugin ImgMedia
LogPluginManager: Mounting plugin LinearTimecode
LogPluginManager: Mounting plugin MediaCompositing
LogPluginManager: Mounting plugin MediaPlayerEditor
LogPluginManager: Mounting plugin WmfMedia
LogPluginManager: Mounting plugin TcpMessaging
LogPluginManager: Mounting plugin UdpMessaging
LogPluginManager: Mounting plugin ActorSequence
LogPluginManager: Mounting plugin LevelSequenceEditor
LogPluginManager: Mounting plugin MatineeToLevelSequence
LogPluginManager: Mounting plugin NetcodeUnitTest
LogPluginManager: Mounting plugin NUTUnrealEngine4
LogPluginManager: Mounting plugin OnlineSubsystemGooglePlay
LogPluginManager: Mounting plugin OnlineSubsystemIOS
LogPluginManager: Mounting plugin OnlineSubsystem
LogPluginManager: Mounting plugin OnlineSubsystemNull
LogPluginManager: Mounting plugin OnlineSubsystemUtils
LogPluginManager: Mounting plugin AndroidDeviceProfileSelector
LogPluginManager: Mounting plugin AndroidMoviePlayer
LogPluginManager: Mounting plugin AndroidPermission
LogPluginManager: Mounting plugin AppleARKit
LogPluginManager: Mounting plugin AppleMoviePlayer
LogPluginManager: Mounting plugin ArchVisCharacter
LogPluginManager: Mounting plugin AudioCapture
LogPluginManager: Mounting plugin CableComponent
LogPluginManager: Mounting plugin CustomMeshComponent
LogPluginManager: Mounting plugin ExampleDeviceProfileSelector
LogPluginManager: Mounting plugin GoogleCloudMessaging
LogPluginManager: Mounting plugin ImmediatePhysics
LogPluginManager: Mounting plugin IOSDeviceProfileSelector
LogPluginManager: Mounting plugin LinuxDeviceProfileSelector
LogPluginManager: Mounting plugin LocationServicesBPLibrary
LogPluginManager: Mounting plugin MobilePatchingUtils
LogPluginManager: Mounting plugin OculusVR
LogPluginManager: Plugin shader directory ../../../Engine/Plugins/Runtime/Oculus/OculusVR/Shaders found
LogPluginManager: Mapping shader source directory ../../../Engine/Plugins/Runtime/Oculus/OculusVR/Shaders to virtual directory /Plugin/OculusVR
LogPluginManager: Mounting plugin PhysXVehicles
LogPluginManager: Mounting plugin ProceduralMeshComponent
LogPluginManager: Mounting plugin RuntimePhysXCooking
LogPluginManager: Mounting plugin SteamVR
LogPluginManager: Mounting plugin WindowsMoviePlayer
LogStreaming: Display: Took  0.743s to configure plugins.
LogInit: Using libcurl 7.47.1
LogInit:  - built for x86_64-pc-win32
LogInit:  - supports SSL with OpenSSL/1.0.2g
LogInit:  - supports HTTP deflate (compression) using libz 1.2.8
LogInit:  - other features:
LogInit:      CURL_VERSION_SSL
LogInit:      CURL_VERSION_LIBZ
LogInit:      CURL_VERSION_IPV6
LogInit:      CURL_VERSION_ASYNCHDNS
LogInit:      CURL_VERSION_LARGEFILE
LogInit:      CURL_VERSION_IDN
LogInit:  CurlRequestOptions (configurable via config and command line):
LogInit:  - bVerifyPeer = false  - Libcurl will NOT verify peer certificate
LogInit:  - bUseHttpProxy = false  - Libcurl will NOT use HTTP proxy
LogInit:  - bDontReuseConnections = false  - Libcurl will reuse connections
LogInit:  - CertBundlePath = nullptr  - Libcurl will use whatever was configured at build time.
LogInit:  - MaxHostConnections = 16  - Libcurl will limit the number of connections to a host
LogInit:  - LocalHostAddr = Default
LogInit: WinSock: version 1.1 (2.2), MaxSocks=32767, MaxUdp=65467
LogInit: WinSock: I am LAPTOP-7KGPSIV0 (172.27.180.49:0)
LogHMD: Failed initializing OVRPlugin 1.21.0
LogInit: Build: ++UE4+Release-4.19-CL-3944462
LogInit: Engine Version: 4.19.0-3944462+++UE4+Release-4.19
LogInit: Compatible Engine Version: 4.19.0-3944462+++UE4+Release-4.19
LogInit: Net CL: 3944462
LogDevObjectVersion: Number of dev versions registered: 18
LogDevObjectVersion:   Dev-Blueprints (B0D832E4-1F89-4F0D-ACCF-7EB736FD4AA2): 10
LogDevObjectVersion:   Dev-Build (E1C64328-A22C-4D53-A36C-8E866417BD8C): 0
LogDevObjectVersion:   Dev-Core (375EC13C-06E4-48FB-B500-84F0262A717E): 2
LogDevObjectVersion:   Dev-Editor (E4B068ED-F494-42E9-A231-DA0B2E46BB41): 23
LogDevObjectVersion:   Dev-Framework (CFFC743F-43B0-4480-9391-14DF171D2073): 33
LogDevObjectVersion:   Dev-Mobile (B02B49B5-BB20-44E9-A304-32B752E40360): 2
LogDevObjectVersion:   Dev-Networking (A4E4105C-59A1-49B5-A7C5-40C4547EDFEE): 0
LogDevObjectVersion:   Dev-Online (39C831C9-5AE6-47DC-9A44-9C173E1C8E7C): 0
LogDevObjectVersion:   Dev-Physics (78F01B33-EBEA-4F98-B9B4-84EACCB95AA2): 0
LogDevObjectVersion:   Dev-Platform (6631380F-2D4D-43E0-8009-CF276956A95A): 0
LogDevObjectVersion:   Dev-Rendering (12F88B9F-8875-4AFC-A67C-D90C383ABD29): 25
LogDevObjectVersion:   Dev-Sequencer (7B5AE74C-D270-4C10-A958-57980B212A5A): 6
LogDevObjectVersion:   Dev-VR (D7296918-1DD6-4BDD-9DE2-64A83CC13884): 1
LogDevObjectVersion:   Dev-LoadTimes (C2A15278-BFE7-4AFE-6C17-90FF531DF755): 1
LogDevObjectVersion:   Private-Geometry (6EACA3D4-40EC-4CC1-B786-8BED09428FC5): 2
LogDevObjectVersion:   Dev-AnimPhys (29E575DD-E0A3-4627-9D10-D276232CDCEA): 16
LogDevObjectVersion:   Dev-ReflectionCapture (6B266CEC-1EC7-4B8F-A30B-E4D90942FC07): 1
LogDevObjectVersion:   Dev-Automation (0DF73D61-A23F-47EA-B727-89E90C41499A): 1
LogInit: Compiled (64-bit): Mar 13 2018 23:12:32
LogInit: Compiled with Visual C++: 19.00.24215.01
LogInit: Build Configuration: Development
LogInit: Branch Name: ++UE4+Release-4.19
LogInit: Command Line:  
LogInit: Base Directory: C:/Program Files/Epic Games/UE_4.19/Engine/Binaries/Win64/
LogInit: Installed Engine Build: 1
LogStreaming: Display: Took  0.000s to delete old logs.
LogInit: Presizing for max 8388607 objects, including 0 objects not considered by GC, pre-allocating 0 bytes for permanent pool.
LogInit: Object subsystem initialized
[2018.09.12-06.35.26:049][  0]LogInit: Selected Device Profile: [Windows]
[2018.09.12-06.35.26:049][  0]LogInit: Applying CVar settings loaded from the selected device profile: [Windows]
[2018.09.12-06.35.26:062][  0]LogInit: Computer: LAPTOP-7KGPSIV0
[2018.09.12-06.35.26:062][  0]LogInit: User: SIDM
[2018.09.12-06.35.26:062][  0]LogInit: CPU Page size=4096, Cores=4
[2018.09.12-06.35.26:062][  0]LogInit: High frequency timer resolution =2.742190 MHz
[2018.09.12-06.35.26:063][  0]LogMemory: Memory total: Physical=15.9GB (16GB approx)
[2018.09.12-06.35.26:063][  0]LogMemory: Platform Memory Stats for Windows
[2018.09.12-06.35.26:063][  0]LogMemory: Process Physical Memory: 277.46 MB used, 277.46 MB peak
[2018.09.12-06.35.26:063][  0]LogMemory: Process Virtual Memory: 268.81 MB used, 268.81 MB peak
[2018.09.12-06.35.26:063][  0]LogMemory: Physical Memory: 5466.43 MB used,  10811.27 MB free, 16277.70 MB total
[2018.09.12-06.35.26:063][  0]LogMemory: Virtual Memory: 4837.68 MB used,  10811.27 MB free, 134217728.00 MB total
[2018.09.12-06.35.26:079][  0]LogInit: Using OS detected language (en-US).
[2018.09.12-06.35.26:079][  0]LogInit: Using OS detected locale (en-SG).
[2018.09.12-06.35.26:081][  0]LogTextLocalizationManager: No specific localization for 'en-US' exists, so the 'en' localization will be used.
[2018.09.12-06.35.26:469][  0]LogStreaming: Display: Took  0.391s to EndInitTextLocalization.
[2018.09.12-06.35.26:496][  0]LogSlate: New Slate User Created.  User Index 0, Is Virtual User: 0
[2018.09.12-06.35.26:496][  0]LogSlate: Slate User Registered.  User Index 0, Is Virtual User: 0
[2018.09.12-06.35.26:708][  0]LogD3D11RHI: D3D11 adapters:
[2018.09.12-06.35.26:801][  0]LogD3D11RHI:    0. 'NVIDIA GeForce GTX 1060' (Feature Level 11_0)
[2018.09.12-06.35.26:801][  0]LogD3D11RHI:       6052/0/8138 MB DedicatedVideo/DedicatedSystem/SharedSystem, Outputs:1, VendorId:0x10de
[2018.09.12-06.35.26:811][  0]LogD3D11RHI:    1. 'Intel(R) HD Graphics 630' (Feature Level 11_0)
[2018.09.12-06.35.26:811][  0]LogD3D11RHI:       128/0/8138 MB DedicatedVideo/DedicatedSystem/SharedSystem, Outputs:0, VendorId:0x8086
[2018.09.12-06.35.26:813][  0]LogD3D11RHI:    2. 'Microsoft Basic Render Driver' (Feature Level 11_0)
[2018.09.12-06.35.26:813][  0]LogD3D11RHI:       0/0/8138 MB DedicatedVideo/DedicatedSystem/SharedSystem, Outputs:0, VendorId:0x1414
[2018.09.12-06.35.26:813][  0]LogD3D11RHI: Chosen D3D11 Adapter: 0
[2018.09.12-06.35.26:828][  0]LogD3D11RHI: Creating new Direct3DDevice
[2018.09.12-06.35.26:828][  0]LogD3D11RHI:     GPU DeviceId: 0x1c20 (for the marketing name, search the web for "GPU Device Id")
[2018.09.12-06.35.26:828][  0]LogWindows: EnumDisplayDevices:
[2018.09.12-06.35.26:828][  0]LogWindows:    0. 'Intel(R) HD Graphics 630' (P:1 D:1)
[2018.09.12-06.35.26:828][  0]LogWindows:    1. 'Intel(R) HD Graphics 630' (P:0 D:0)
[2018.09.12-06.35.26:829][  0]LogWindows:    2. 'Intel(R) HD Graphics 630' (P:0 D:0)
[2018.09.12-06.35.26:829][  0]LogWindows:    3. 'NVIDIA GeForce GTX 1060' (P:0 D:0)
[2018.09.12-06.35.26:829][  0]LogWindows: DebugString: GetVideoDriverDetailsInvalid PrimaryIsNotTheChoosenAdapter GetVideoDriverDetailsInvalid PrimaryIsNotTheChoosenAdapter GetVideoDriverDetailsInvalid PrimaryIsNotTheChoosenAdapter GetVideoDriverDetailsInvalid PrimaryIsNotTheChoosenAdapter FoundDriverCount:0 
[2018.09.12-06.35.26:829][  0]LogD3D11RHI:     Adapter Name: NVIDIA GeForce GTX 1060
[2018.09.12-06.35.26:829][  0]LogD3D11RHI:   Driver Version: Unknown (internal:Unknown, unified:Unknown)
[2018.09.12-06.35.26:829][  0]LogD3D11RHI:      Driver Date: Unknown
[2018.09.12-06.35.26:829][  0]LogRHI: Texture pool is 4236 MB (70% of 6052 MB)
[2018.09.12-06.35.26:868][  0]LogD3D11RHI: [Aftermath] Aftermath enabled and primed
[2018.09.12-06.35.26:868][  0]LogD3D11RHI: Async texture creation enabled
[2018.09.12-06.35.26:886][  0]LogD3D11RHI: GPU Timing Frequency: 1000.000000 (Debug: 2 2)
[2018.09.12-06.35.26:887][  0]LogShaderCompilers: Guid format shader working directory is 1 characters bigger than the processId version (../../../../../../Users/SIDM/Desktop/Coaster/Intermediate/Shaders/WorkingDirectory/9320/).
[2018.09.12-06.35.26:887][  0]LogShaderCompilers: Cleaned the shader compiler working directory 'C:/Users/SIDM/AppData/Local/Temp/UnrealShaderWorkingDir/5F210B644113701159465390B4CC2BFB/'.
[2018.09.12-06.35.27:073][  0]LogTemp: Display: Loaded TP AllDesktopTargetPlatform
[2018.09.12-06.35.27:085][  0]LogTemp: Display: Loaded TP MacClientTargetPlatform
[2018.09.12-06.35.27:098][  0]LogTemp: Display: Loaded TP MacNoEditorTargetPlatform
[2018.09.12-06.35.27:110][  0]LogTemp: Display: Loaded TP MacServerTargetPlatform
[2018.09.12-06.35.27:122][  0]LogTemp: Display: Loaded TP MacTargetPlatform
[2018.09.12-06.35.27:135][  0]LogTemp: Display: Loaded TP WindowsClientTargetPlatform
[2018.09.12-06.35.27:147][  0]LogTemp: Display: Loaded TP WindowsNoEditorTargetPlatform
[2018.09.12-06.35.27:159][  0]LogTemp: Display: Loaded TP WindowsServerTargetPlatform
[2018.09.12-06.35.27:166][  0]LogTemp: Display: Loaded TP WindowsTargetPlatform
[2018.09.12-06.35.27:177][  0]LogTemp: Display: Loaded TP Android_ASTCTargetPlatform
[2018.09.12-06.35.27:188][  0]LogTemp: Display: Loaded TP Android_ATCTargetPlatform
[2018.09.12-06.35.27:200][  0]LogTemp: Display: Loaded TP Android_DXTTargetPlatform
[2018.09.12-06.35.27:211][  0]LogTemp: Display: Loaded TP Android_ETC1aTargetPlatform
[2018.09.12-06.35.27:222][  0]LogTemp: Display: Loaded TP Android_ETC1TargetPlatform
[2018.09.12-06.35.27:234][  0]LogTemp: Display: Loaded TP Android_ETC2TargetPlatform
[2018.09.12-06.35.27:256][  0]LogTemp: Display: Loaded TP Android_MultiTargetPlatform
[2018.09.12-06.35.27:256][  0]LogTemp: Display: Loaded TP Android_PVRTCTargetPlatform
[2018.09.12-06.35.27:266][  0]LogTemp: Display: Loaded TP AndroidTargetPlatform
[2018.09.12-06.35.27:267][  0]LogTemp: Display: Loaded TP HTML5TargetPlatform
[2018.09.12-06.35.27:303][  0]LogTemp: Display: Loaded TP IOSTargetPlatform
[2018.09.12-06.35.27:314][  0]LogTemp: Display: Loaded TP TVOSTargetPlatform
[2018.09.12-06.35.27:325][  0]LogTemp: Display: Loaded TP LinuxClientTargetPlatform
[2018.09.12-06.35.27:335][  0]LogTemp: Display: Loaded TP LinuxNoEditorTargetPlatform
[2018.09.12-06.35.27:346][  0]LogTemp: Display: Loaded TP LinuxServerTargetPlatform
[2018.09.12-06.35.27:358][  0]LogTemp: Display: Loaded TP LinuxTargetPlatform
[2018.09.12-06.35.27:358][  0]LogTargetPlatformManager: Display: Building Assets For Windows
[2018.09.12-06.35.27:448][  0]LogXGEController: Cannot use XGE Controller as Incredibuild is not installed on this machine.
[2018.09.12-06.35.27:448][  0]LogShaderCompilers: Cannot use XGE Shader Compiler as Incredibuild is not installed on this machine.
[2018.09.12-06.35.27:448][  0]LogShaderCompilers: Display: Using Local Shader Compiler.
[2018.09.12-06.35.28:073][  0]LogDerivedDataCache: Display: Max Cache Size: 512 MB
[2018.09.12-06.35.28:142][  0]LogDerivedDataCache: Loaded boot cache 0.07s 88MB C:/Users/SIDM/AppData/Local/UnrealEngine/4.19/DerivedDataCache/Boot.ddc.
[2018.09.12-06.35.28:142][  0]LogDerivedDataCache: Display: Loaded Boot cache: C:/Users/SIDM/AppData/Local/UnrealEngine/4.19/DerivedDataCache/Boot.ddc
[2018.09.12-06.35.28:142][  0]LogDerivedDataCache: FDerivedDataBackendGraph:  Pak pak cache file ../../../../../../Users/SIDM/Desktop/Coaster/DerivedDataCache/DDC.ddp not found, will not use a pak cache.
[2018.09.12-06.35.28:142][  0]LogDerivedDataCache: Unable to find inner node Pak for hierarchical cache Hierarchy.
[2018.09.12-06.35.28:142][  0]LogDerivedDataCache: FDerivedDataBackendGraph:  CompressedPak pak cache file ../../../../../../Users/SIDM/Desktop/Coaster/DerivedDataCache/Compressed.ddp not found, will not use a pak cache.
[2018.09.12-06.35.28:142][  0]LogDerivedDataCache: Unable to find inner node CompressedPak for hierarchical cache Hierarchy.
[2018.09.12-06.35.28:157][  0]LogDerivedDataCache: Display: Pak cache opened for reading ../../../Engine/DerivedDataCache/Compressed.ddp.
[2018.09.12-06.35.28:169][  0]LogDerivedDataCache: Using Local data cache path C:/Users/SIDM/AppData/Local/UnrealEngine/Common/DerivedDataCache: Writable
[2018.09.12-06.35.28:180][  0]LogMaterial: Verifying Global Shaders for PCD3D_SM5
[2018.09.12-06.35.28:180][  0]LogSlate: Using Freetype 2.6.0
[2018.09.12-06.35.28:181][  0]LogSlate: SlateFontCache - WITH_FREETYPE: 1, WITH_HARFBUZZ: 1
[2018.09.12-06.35.28:181][  0]LogSlate: SlateFontCache - WITH_FREETYPE: 1, WITH_HARFBUZZ: 1
[2018.09.12-06.35.28:286][  0]LogAssetRegistry: FAssetRegistry took 0.0252 seconds to start up
[2018.09.12-06.35.28:557][  0]LogInit: Selected Device Profile: [Windows]
[2018.09.12-06.35.28:687][  0]LogSimplygon: Simplygon DLL not present - disabling.
[2018.09.12-06.35.28:689][  0]LogMeshReduction: Using SimplygonSwarm for distributed automatic mesh merging
[2018.09.12-06.35.28:689][  0]LogMeshReduction: Using QuadricMeshReduction for automatic static mesh reduction
[2018.09.12-06.35.28:689][  0]LogMeshReduction: No automatic skeletal mesh reduction module available
[2018.09.12-06.35.28:689][  0]LogMeshReduction: No automatic mesh merging module available
[2018.09.12-06.35.28:689][  0]LogMeshMerging: No automatic mesh merging module available
[2018.09.12-06.35.28:717][  0]LogNetVersion: Coaster , NetCL: 3944462, EngineNetVer: 2, GameNetVer: 0 (Checksum: 2570793727)
[2018.09.12-06.35.29:127][  0]LogPackageLocalizationCache: Processed 9 localized package path(s) for 2 prioritized culture(s) in 0.069920 seconds
[2018.09.12-06.35.29:132][  0]LogUObjectArray: 36728 objects as part of root set at end of initial load.
[2018.09.12-06.35.29:132][  0]LogUObjectAllocator: 7314304 out of 0 bytes used by permanent object pool.
[2018.09.12-06.35.29:132][  0]LogUObjectArray: CloseDisregardForGC: 0/0 objects in disregard for GC pool
[2018.09.12-06.35.30:643][  0]LogTcpMessaging: Initializing TcpMessaging bridge
[2018.09.12-06.35.30:668][  0]LogUdpMessaging: Initializing bridge on interface 0.0.0.0:0 to multicast group 230.0.0.1:6666.
[2018.09.12-06.35.30:949][  0]SourceControl: Source control is disabled
[2018.09.12-06.35.30:949][  0]SourceControl: Source control is disabled
[2018.09.12-06.35.30:962][  0]SourceControl: Source control is disabled
[2018.09.12-06.35.30:975][  0]SourceControl: Source control is disabled
[2018.09.12-06.35.31:359][  0]LogAndroidPermission: UAndroidPermissionCallbackProxy::GetInstance
[2018.09.12-06.35.31:478][  0]LogOcInput: OculusInput pre-init called
[2018.09.12-06.35.31:572][  0]LogEngine: Initializing Engine...
[2018.09.12-06.35.31:573][  0]LogHMD: Failed to initialize OpenVR with code 110
[2018.09.12-06.35.31:574][  0]LogStats: UGameplayTagsManager::ConstructGameplayTagTree: Construct from data asset -  0.000 s
[2018.09.12-06.35.31:574][  0]LogStats: UGameplayTagsManager::ConstructGameplayTagTree: GameplayTagTreeChangedEvent.Broadcast -  0.000 s
[2018.09.12-06.35.31:780][  0]LogAIModule: Creating AISystem for world Untitled
[2018.09.12-06.35.31:791][  0]LogInit: XAudio2 using 'Speakers (Realtek High Definition Audio)' : 2 channels at 48 kHz using 32 bits per sample (channel mask 0x3)
[2018.09.12-06.35.31:808][  0]LogInit: FAudioDevice initialized.
[2018.09.12-06.35.31:872][  0]LogDerivedDataCache: Saved boot cache 0.06s 88MB C:/Users/SIDM/AppData/Local/UnrealEngine/4.19/DerivedDataCache/Boot.ddc.
[2018.09.12-06.35.31:894][  0]LogInit: Texture streaming: Enabled
[2018.09.12-06.35.31:907][  0]LogEngineSessionManager: EngineSessionManager initialized
[2018.09.12-06.35.31:919][  0]LogInit: Transaction tracking system initialized
[2018.09.12-06.35.31:938][  0]BlueprintLog: New page: Editor Load
[2018.09.12-06.35.31:997][  0]LocalizationService: Localization service is disabled
[2018.09.12-06.35.32:120][  0]LogLinker: Warning: Can't find file '/Game/FirstPersonBP/FirstPersonOverview'
[2018.09.12-06.35.32:121][  0]LogLinker: Warning: Can't find file '/Game/FirstPersonBP/FirstPersonOverview'
[2018.09.12-06.35.32:121][  0]LogUObjectGlobals: Warning: Failed to find object 'Class /Game/FirstPersonBP/FirstPersonOverview.FirstPersonOverview_C'
[2018.09.12-06.35.32:139][  0]LogConsoleResponse: Display: 
[2018.09.12-06.35.32:279][  0]LogCook: Display: Max memory allowance for cook 16384mb min free memory 0mb
[2018.09.12-06.35.32:279][  0]LogCook: Display: Mobile HDR setting 1
[2018.09.12-06.35.32:279][  0]LogGameplayTags: Display: UGameplayTagsManager::DoneAddingNativeTags. DelegateIsBound: 0
[2018.09.12-06.35.32:279][  0]LogStats: UGameplayTagsManager::ConstructGameplayTagTree: Construct from data asset -  0.000 s
[2018.09.12-06.35.32:279][  0]LogStats: UGameplayTagsManager::ConstructGameplayTagTree: GameplayTagTreeChangedEvent.Broadcast -  0.000 s
[2018.09.12-06.35.32:386][  0]LogFileCache: Scanning file cache for directory 'C:/Users/SIDM/Desktop/Coaster/Content/' took 0.01s
[2018.09.12-06.35.32:566][  0]SourceControl: Source control is disabled
[2018.09.12-06.35.32:658][  0]LogWindowsTextInputMethodSystem: Display: IME system now deactivated.
[2018.09.12-06.35.32:660][  0]LogSlate: Took 0.000259 seconds to synchronously load lazily loaded font '../../../Engine/Content/Slate/Fonts/Roboto-Regular.ttf' (155K)
[2018.09.12-06.35.39:661][  0]LogSlate: Window 'Restore Packages' being destroyed
[2018.09.12-06.35.39:661][  0]LogWindowsTextInputMethodSystem: Display: IME system now deactivated.
[2018.09.12-06.35.39:664][  0]LogWindowsTextInputMethodSystem: Display: IME system now deactivated.
[2018.09.12-06.35.39:669][  0]Cmd: MAP LOAD FILE="../../../../../../Users/SIDM/Desktop/Coaster/Content/VirtualRealityBP/Maps/StartupMap.umap" TEMPLATE=0 SHOWPROGRESS=1 FEATURELEVEL=3
[2018.09.12-06.35.39:670][  0]LightingResults: New page: Lighting Build
[2018.09.12-06.35.39:673][  0]MapCheck: New page: Map Check
[2018.09.12-06.35.39:673][  0]LightingResults: New page: Lighting Build
[2018.09.12-06.35.39:767][  0]LogSkeletalMesh: Skeletal Mesh found in DDC [1.656340ms] /Game/VirtualReality/Mannequin/Character/Mesh/MannequinHand_Right.MannequinHand_Right
[2018.09.12-06.35.39:786][  0]LogAIModule: Creating AISystem for world StartupMap
[2018.09.12-06.35.39:795][  0]LogEditorServer: Finished looking for orphan Actors (0.000 secs)
[2018.09.12-06.35.39:808][  0]Cmd: MAP CHECKDEP NOCLEARLOG
[2018.09.12-06.35.39:858][  0]MapCheck: Map check complete: 0 Error(s), 0 Warning(s), took 49.71ms to complete.
[2018.09.12-06.35.39:859][  0]LogFileHelpers: Loading map 'StartupMap' took 0.190
[2018.09.12-06.35.39:931][  0]LogStats: Warning: MetaData mismatch. Did you assign a stat to two groups? New //STATGROUP_Threads//SplashScreenThread///Thread_3fe4_0///####STATCAT_Advanced#### old //STATGROUP_Threads//SplashScreenThread///Thread_24a4_0///####STATCAT_Advanced####
[2018.09.12-06.35.39:931][  0]LogCollectionManager: Loaded 0 collections in 0.001446 seconds
[2018.09.12-06.35.39:972][  0]LogFileCache: Scanning file cache for directory 'C:/Users/SIDM/Desktop/Coaster/Saved/Collections/' took 0.01s
[2018.09.12-06.35.39:972][  0]LogFileCache: Scanning file cache for directory 'C:/Users/SIDM/Desktop/Coaster/Content/Developers/SIDM/Collections/' took 0.01s
[2018.09.12-06.35.39:972][  0]LogFileCache: Scanning file cache for directory 'C:/Users/SIDM/Desktop/Coaster/Content/Collections/' took 0.01s
[2018.09.12-06.35.39:972][  0]LogCollectionManager: Rebuilt the GUID cache for 0 collections in 0.000000 seconds
[2018.09.12-06.35.39:980][  0]LogContentBrowser: Native class hierarchy populated in 0.0085 seconds. Added 2452 classes and 558 folders.
[2018.09.12-06.35.39:986][  0]LogContentBrowser: Native class hierarchy updated for 'WidgetCarousel' in 0.0002 seconds. Added 0 classes and 0 folders.
[2018.09.12-06.35.40:023][  0]LogContentBrowser: Native class hierarchy updated for 'AddContentDialog' in 0.0002 seconds. Added 0 classes and 0 folders.
[2018.09.12-06.35.40:026][  0]LogContentBrowser: Native class hierarchy updated for 'SceneOutliner' in 0.0002 seconds. Added 1 classes and 2 folders.
[2018.09.12-06.35.40:097][  0]LogSlate: Took 0.000216 seconds to synchronously load lazily loaded font '../../../Engine/Content/Slate/Fonts/Roboto-Bold.ttf' (160K)
[2018.09.12-06.35.40:103][  0]LogSlate: Took 0.000215 seconds to synchronously load lazily loaded font '../../../Engine/Content/Editor/Slate/Fonts/FontAwesome.ttf' (139K)
[2018.09.12-06.35.40:206][  0]LogRenderer: Reallocating scene render targets to support 920x484 Format 26 NumSamples 1 (Frame:1).
[2018.09.12-06.35.40:321][  0]LogContentBrowser: Native class hierarchy updated for 'HierarchicalLODOutliner' in 0.0002 seconds. Added 0 classes and 0 folders.
[2018.09.12-06.35.40:321][  0]LogLoad: (Engine Initialization) Total time: 16.75 seconds
[2018.09.12-06.35.40:321][  0]LogLoad: (Engine Initialization) Total Blueprint compile time: 0.00 seconds
[2018.09.12-06.35.40:359][  0]LogContentStreaming: Texture pool size now 1000 MB
[2018.09.12-06.35.40:371][  0]LogSlate: Took 0.000182 seconds to synchronously load lazily loaded font '../../../Engine/Content/Slate/Fonts/Roboto-Light.ttf' (167K)
[2018.09.12-06.35.40:382][  1]LogAssetRegistry: Asset discovery search completed in 12.1179 seconds
[2018.09.12-06.35.40:384][  1]LogCollectionManager: Rebuilt the object cache for 0 collections in 0.000000 seconds (found 0 objects)
[2018.09.12-06.35.40:384][  1]LogCollectionManager: Fixed up redirectors for 0 collections in 0.000043 seconds (updated 0 objects)
[2018.09.12-06.35.41:353][ 58]LogSlate: Took 0.000182 seconds to synchronously load lazily loaded font '../../../Engine/Content/Slate/Fonts/Roboto-Light.ttf' (167K)
[2018.09.12-06.35.45:020][278]LogSlate: FSceneViewport::OnFocusLost() reason 0
[2018.09.12-06.35.45:153][286]LogTemp: Repeating last play command: Selected Viewport
[2018.09.12-06.35.45:167][286]LogPlayLevel: PlayLevel: No blueprints needed recompiling
[2018.09.12-06.35.45:168][286]PIE: New page: PIE session: StartupMap (12 Sep 2018 10:35:45 pm)
[2018.09.12-06.35.45:168][286]LogPlayLevel: Creating play world package: /Game/VirtualRealityBP/Maps/UEDPIE_0_StartupMap
[2018.09.12-06.35.45:172][286]LogPlayLevel: PIE: StaticDuplicateObject took: (0.004212s)
[2018.09.12-06.35.45:173][286]LogAIModule: Creating AISystem for world StartupMap
[2018.09.12-06.35.45:173][286]LogPlayLevel: PIE: World Init took: (0.000616s)
[2018.09.12-06.35.45:173][286]LogPlayLevel: PIE: Created PIE world by copying editor world from /Game/VirtualRealityBP/Maps/StartupMap.StartupMap to /Game/VirtualRealityBP/Maps/UEDPIE_0_StartupMap.StartupMap (0.004974s)
[2018.09.12-06.35.45:186][286]LogInit: XAudio2 using 'Speakers (Realtek High Definition Audio)' : 2 channels at 48 kHz using 32 bits per sample (channel mask 0x3)
[2018.09.12-06.35.45:199][286]LogInit: FAudioDevice initialized.
[2018.09.12-06.35.45:242][286]LogUObjectGlobals: Warning: Failed to find object 'Class None.'
[2018.09.12-06.35.45:242][286]LogLoad: Game class is 'GameModeBase'
[2018.09.12-06.35.45:245][286]LogWorld: Bringing World /Game/VirtualRealityBP/Maps/UEDPIE_0_StartupMap.StartupMap up for play (max tick rate 60) at 2018.09.12-14.35.45
[2018.09.12-06.35.45:245][286]LogWorld: Bringing up level for play took: 0.001379
[2018.09.12-06.35.45:248][286]LogContentBrowser: Native class hierarchy updated for 'MovieSceneCapture' in 0.0002 seconds. Added 11 classes and 0 folders.
[2018.09.12-06.35.45:249][286]PIE: Play in editor start time for /Game/VirtualRealityBP/Maps/UEDPIE_0_StartupMap -0.555
[2018.09.12-06.35.52:103][684]LogAIModule: Creating AISystem for world HMDLocomotionMap
[2018.09.12-06.35.53:454][684]LogSlate: Window 'Message' being destroyed
[2018.09.12-06.35.53:514][684]Cmd: MAP LOAD FILE="../../../../../../Users/SIDM/Desktop/Coaster/Content/VirtualRealityBP/Maps/HMDLocomotionMap.umap" TEMPLATE=0 SHOWPROGRESS=1 FEATURELEVEL=3
[2018.09.12-06.35.53:542][684]LightingResults: New page: Lighting Build
[2018.09.12-06.35.53:542][684]LoadErrors: New page: Loading map: HMDLocomotionMap.umap
[2018.09.12-06.35.53:543][684]MapCheck: New page: Map Check
[2018.09.12-06.35.53:543][684]LightingResults: New page: Lighting Build
[2018.09.12-06.35.53:619][684]LogEditorServer: Finished looking for orphan Actors (0.000 secs)
[2018.09.12-06.35.53:666][684]Cmd: MAP CHECKDEP NOCLEARLOG
[2018.09.12-06.35.53:713][684]MapCheck: Map check complete: 0 Error(s), 0 Warning(s), took 46.865ms to complete.
[2018.09.12-06.35.53:713][684]LogFileHelpers: Loading map 'HMDLocomotionMap' took 1.592
[2018.09.12-06.35.57:772][908]LogAIModule: Creating AISystem for world MotionControllerMap
[2018.09.12-06.35.57:794][908]Cmd: MAP LOAD FILE="../../../../../../Users/SIDM/Desktop/Coaster/Content/VirtualRealityBP/Maps/MotionControllerMap.umap" TEMPLATE=0 SHOWPROGRESS=1 FEATURELEVEL=3
[2018.09.12-06.35.57:794][908]LightingResults: New page: Lighting Build
[2018.09.12-06.35.57:795][908]LoadErrors: New page: Loading map: MotionControllerMap.umap
[2018.09.12-06.35.57:795][908]MapCheck: New page: Map Check
[2018.09.12-06.35.57:795][908]LightingResults: New page: Lighting Build
[2018.09.12-06.35.57:880][908]LogEditorServer: Finished looking for orphan Actors (0.000 secs)
[2018.09.12-06.35.57:913][908]Cmd: MAP CHECKDEP NOCLEARLOG
[2018.09.12-06.35.57:960][908]MapCheck: Map check complete: 0 Error(s), 0 Warning(s), took 46.736ms to complete.
[2018.09.12-06.35.57:960][908]LogFileHelpers: Loading map 'MotionControllerMap' took 0.167
[2018.09.12-06.36.26:952][643]Cmd: DELETE
[2018.09.12-06.36.26:952][643]Cmd: ACTOR DELETE
[2018.09.12-06.36.26:955][643]LogEditorActor: Deleted Actor: Pipe_BP_C
[2018.09.12-06.36.26:967][643]LogEditorActor: Deleted 1 Actors (0.015 secs)
[2018.09.12-06.36.59:776][498]LogSlate: FSceneViewport::OnFocusLost() reason 0
[2018.09.12-06.37.00:288][512]LogContentBrowser: Native class hierarchy updated for 'BlueprintGraph' in 0.0005 seconds. Added 116 classes and 0 folders.
[2018.09.12-06.37.04:558][729]LogSlate: Window 'Pipe_BP' being destroyed
[2018.09.12-06.37.07:318][793]LogSlate: Window 'Delete Assets' being destroyed
[2018.09.12-06.37.20:520][422]LogSlate: Window 'Delete Assets' being destroyed
[2018.09.12-06.37.36:770][387]LogAIModule: Creating AISystem for world HMDLocomotionMap
[2018.09.12-06.37.41:011][387]LogSlate: Window 'Save Content' being destroyed
[2018.09.12-06.37.41:017][387]Cmd: MAP LOAD FILE="../../../../../../Users/SIDM/Desktop/Coaster/Content/VirtualRealityBP/Maps/HMDLocomotionMap.umap" TEMPLATE=0 SHOWPROGRESS=1 FEATURELEVEL=3
[2018.09.12-06.37.41:018][387]LightingResults: New page: Lighting Build
[2018.09.12-06.37.41:019][387]LoadErrors: New page: Loading map: HMDLocomotionMap.umap
[2018.09.12-06.37.41:029][387]MapCheck: New page: Map Check
[2018.09.12-06.37.41:029][387]LightingResults: New page: Lighting Build
[2018.09.12-06.37.41:156][387]LogEditorServer: Finished looking for orphan Actors (0.000 secs)
[2018.09.12-06.37.41:197][387]Cmd: MAP CHECKDEP NOCLEARLOG
[2018.09.12-06.37.41:250][387]MapCheck: Map check complete: 0 Error(s), 0 Warning(s), took 52.443ms to complete.
[2018.09.12-06.37.41:252][387]LogFileHelpers: Loading map 'HMDLocomotionMap' took 0.236
[2018.09.12-06.38.02:178][436]LogFactory: FactoryCreateFile: StaticMesh with FbxFactory (0 0 C:\Users\SIDM\Desktop\Pipe_SM.FBX)
[2018.09.12-06.38.02:187][436]LogFbx: ItemName: GlobalSettings, ItemCount : 1
[2018.09.12-06.38.02:187][436]LogFbx: ItemName: AnimationStack, ItemCount : 1
[2018.09.12-06.38.02:187][436]LogFbx: ItemName: AnimationLayer, ItemCount : 1
[2018.09.12-06.38.02:187][436]LogFbx: ItemName: Model, ItemCount : 1
[2018.09.12-06.38.02:187][436]LogFbx: ItemName: Geometry, ItemCount : 1
[2018.09.12-06.38.02:192][436]LogFbx: Loading FBX Scene from C:\Users\SIDM\Desktop\Pipe_SM.FBX
[2018.09.12-06.38.02:198][436]LogFbx: FBX Scene Loaded Succesfully
[2018.09.12-06.38.03:368][436]LogSlate: Window 'FBX Import Options' being destroyed
[2018.09.12-06.38.03:419][436]LogFbx: Loading FBX Scene from C:\Users\SIDM\Desktop\Pipe_SM.FBX
[2018.09.12-06.38.03:425][436]LogFbx: FBX Scene Loaded Succesfully
[2018.09.12-06.38.03:427][436]LogStaticMesh: Building static mesh Pipe_SM...
[2018.09.12-06.38.03:438][436]LogStaticMesh: Built static mesh [0.01s] /Game/FBX/Pipe_SM.Pipe_SM
[2018.09.12-06.38.03:451][436]FBXImport: Warning: No smoothing group information was found in this FBX scene.  Please make sure to enable the 'Export Smoothing Groups' option in the FBX Exporter plug-in before exporting the file.  Even for tools that don't support smoothing groups, the FBX Exporter will generate appropriate smoothing data at export-time so that correct vertex normals can be inferred while importing. 
[2018.09.12-06.38.06:158][597]LogSlate: Window 'Message Log' being destroyed
[2018.09.12-06.38.06:162][597]LogSlate: Window 'Message Log' being destroyed
[2018.09.12-06.38.11:135][754]LogFactory: FactoryCreateFile: StaticMesh with FbxFactory (0 0 C:\Users\SIDM\Desktop\bugatti.obj)
[2018.09.12-06.38.11:428][754]LogFbx: Loading FBX Scene from C:\Users\SIDM\Desktop\bugatti.obj
[2018.09.12-06.38.19:896][754]LogFbx: FBX Scene Loaded Succesfully
[2018.09.12-06.38.21:485][754]LogSlate: Window 'FBX Import Options' being destroyed
[2018.09.12-06.38.21:740][754]LogFbx: Loading FBX Scene from C:\Users\SIDM\Desktop\bugatti.obj
[2018.09.12-06.38.30:353][754]LogFbx: FBX Scene Loaded Succesfully
[2018.09.12-06.38.30:408][754]LogMaterial: Missing cached shader map for material defaultMat, compiling. 
[2018.09.12-06.38.30:437][754]LogFbx: Warning: Triangulating static mesh default
[2018.09.12-06.39.14:871][754]LogShaderCompilers: Display: Shaders left to compile 22
[2018.09.12-06.39.14:871][754]LogShaderCompilers: Display: Shaders left to compile 12
[2018.09.12-06.39.14:871][754]LogShaderCompilers: Display: Shaders left to compile 2
[2018.09.12-06.39.14:886][754]LogStaticMesh: Building static mesh bugatti...
