Log file open, 09/27/18 10:47:09
LogWindows: Failed to load 'aqProf.dll' (GetLastError=126)
LogWindows: File 'aqProf.dll' does not exist
LogWindows: Failed to load 'VSPerf140.dll' (GetLastError=126)
LogWindows: File 'VSPerf140.dll' does not exist
LogWindows: Failed to load 'VtuneApi.dll' (GetLastError=126)
LogWindows: File 'VtuneApi.dll' does not exist
LogWindows: Failed to load 'VtuneApi32e.dll' (GetLastError=126)
LogWindows: File 'VtuneApi32e.dll' does not exist
LogInit: Display: Running engine for game: Shooting_BP
LogPlatformFile: Not using cached read wrapper
LogTaskGraph: Started task graph with 5 named threads and 23 total threads with 3 sets of task threads.
LogStats: Stats thread started at 0.273691
LogD3D11RHI: Loaded GFSDK_Aftermath_Lib.x64.dll
LogICUInternationalization: Display: ICU TimeZone Detection - Raw Offset: +8:00, Platform Override: ''
LogPluginManager: Mounting plugin Paper2D
LogPluginManager: Mounting plugin AISupport
LogPluginManager: Mounting plugin LightPropagationVolume
LogPluginManager: Mounting plugin CLionSourceCodeAccess
LogPluginManager: Mounting plugin CodeLiteSourceCodeAccess
LogPluginManager: Mounting plugin GitSourceControl
LogPluginManager: Mounting plugin KDevelopSourceCodeAccess
LogPluginManager: Mounting plugin NullSourceCodeAccess
LogPluginManager: Mounting plugin PerforceSourceControl
LogPluginManager: Mounting plugin SubversionSourceControl
LogPluginManager: Mounting plugin UObjectPlugin
LogPluginManager: Mounting plugin VisualStudioCodeSourceCodeAccess
LogPluginManager: Mounting plugin VisualStudioSourceCodeAccess
LogPluginManager: Mounting plugin XCodeSourceCodeAccess
LogPluginManager: Mounting plugin AssetManagerEditor
LogPluginManager: Mounting plugin CryptoKeys
LogPluginManager: Mounting plugin DataValidation
LogPluginManager: Mounting plugin FacialAnimation
LogPluginManager: Mounting plugin GameplayTagsEditor
LogPluginManager: Mounting plugin MacGraphicsSwitching
LogPluginManager: Mounting plugin MeshEditor
LogPluginManager: Mounting plugin MobileLauncherProfileWizard
LogPluginManager: Mounting plugin PluginBrowser
LogPluginManager: Mounting plugin SpeedTreeImporter
LogPluginManager: Mounting plugin DatasmithContent
LogPluginManager: Mounting plugin AlembicImporter
LogPluginManager: Mounting plugin AppleImageUtils
LogPluginManager: Mounting plugin AppleVision
LogPluginManager: Mounting plugin BackChannel
LogPluginManager: Mounting plugin CharacterAI
LogPluginManager: Mounting plugin GeometryCache
LogPluginManager: Mounting plugin HTML5Networking
LogPluginManager: Mounting plugin ProxyLODPlugin
LogPluginManager: Mounting plugin MagicLeap
LogPluginManager: Mounting plugin MagicLeapEmulator
LogPluginManager: Mounting plugin MagicLeapMedia
LogPluginManager: Mounting plugin AndroidMedia
LogPluginManager: Mounting plugin AvfMedia
LogPluginManager: Mounting plugin ImgMedia
LogPluginManager: Mounting plugin LinearTimecode
LogPluginManager: Mounting plugin MediaCompositing
LogPluginManager: Mounting plugin MediaPlayerEditor
LogPluginManager: Mounting plugin WmfMedia
LogPluginManager: Mounting plugin TcpMessaging
LogPluginManager: Mounting plugin UdpMessaging
LogPluginManager: Mounting plugin ActorSequence
LogPluginManager: Mounting plugin LevelSequenceEditor
LogPluginManager: Mounting plugin MatineeToLevelSequence
LogPluginManager: Mounting plugin NetcodeUnitTest
LogPluginManager: Mounting plugin NUTUnrealEngine4
LogPluginManager: Mounting plugin OnlineSubsystemGooglePlay
LogPluginManager: Mounting plugin OnlineSubsystemIOS
LogPluginManager: Mounting plugin OnlineSubsystem
LogPluginManager: Mounting plugin OnlineSubsystemNull
LogPluginManager: Mounting plugin OnlineSubsystemUtils
LogPluginManager: Mounting plugin LauncherChunkInstaller
LogPluginManager: Mounting plugin AndroidDeviceProfileSelector
LogPluginManager: Mounting plugin AndroidMoviePlayer
LogPluginManager: Mounting plugin AndroidPermission
LogPluginManager: Mounting plugin AppleMoviePlayer
LogPluginManager: Mounting plugin ArchVisCharacter
LogPluginManager: Mounting plugin AudioCapture
LogPluginManager: Mounting plugin CableComponent
LogPluginManager: Mounting plugin CustomMeshComponent
LogPluginManager: Mounting plugin EditableMesh
LogPluginManager: Mounting plugin ExampleDeviceProfileSelector
LogPluginManager: Mounting plugin GoogleCloudMessaging
LogPluginManager: Mounting plugin ImmediatePhysics
LogPluginManager: Mounting plugin IOSDeviceProfileSelector
LogPluginManager: Mounting plugin LinuxDeviceProfileSelector
LogPluginManager: Mounting plugin LocationServicesBPLibrary
LogPluginManager: Mounting plugin MobilePatchingUtils
LogPluginManager: Mounting plugin OculusVR
LogPluginManager: Plugin shader directory ../../../Engine/Plugins/Runtime/Oculus/OculusVR/Shaders found
LogPluginManager: Mapping shader source directory ../../../Engine/Plugins/Runtime/Oculus/OculusVR/Shaders to virtual directory /Plugin/OculusVR
LogPluginManager: Mounting plugin PhysXVehicles
LogPluginManager: Mounting plugin ProceduralMeshComponent
LogPluginManager: Mounting plugin RuntimePhysXCooking
LogPluginManager: Mounting plugin SteamVR
LogPluginManager: Mounting plugin WindowsMoviePlayer
LogStreaming: Display: Took  0.184s to configure plugins.
LogInit: Using libcurl 7.55.1-DEV
LogInit:  - built for x86_64-pc-win32
LogInit:  - supports SSL with OpenSSL/1.0.2h
LogInit:  - supports HTTP deflate (compression) using libz 1.2.8
LogInit:  - other features:
LogInit:      CURL_VERSION_SSL
LogInit:      CURL_VERSION_LIBZ
LogInit:      CURL_VERSION_IPV6
LogInit:      CURL_VERSION_ASYNCHDNS
LogInit:      CURL_VERSION_LARGEFILE
LogInit:      CURL_VERSION_IDN
LogInit:  CurlRequestOptions (configurable via config and command line):
LogInit:  - bVerifyPeer = false  - Libcurl will NOT verify peer certificate
LogInit:  - bUseHttpProxy = false  - Libcurl will NOT use HTTP proxy
LogInit:  - bDontReuseConnections = false  - Libcurl will reuse connections
LogInit:  - CertBundlePath = nullptr  - Libcurl will use whatever was configured at build time.
LogInit:  - MaxHostConnections = 16  - Libcurl will limit the number of connections to a host
LogInit:  - LocalHostAddr = Default
LogInit:  - BufferSize = 65536
LogInit: WinSock: version 1.1 (2.2), MaxSocks=32767, MaxUdp=65467
LogHMD: Failed initializing OVRPlugin 1.25.0
LogInit: Build: ++UE4+Release-4.20-CL-4302132
LogInit: Engine Version: 4.20.2-4302132+++UE4+Release-4.20
LogInit: Compatible Engine Version: 4.20.0-4212847+++UE4+Release-4.20
LogInit: Net CL: 4212847
LogInit: OS: Windows 10 (), CPU: Intel(R) Core(TM) i7-7700HQ CPU @ 2.80GHz, GPU: Intel(R) HD Graphics 630
LogInit: Compiled (64-bit): Aug 21 2018 02:06:06
LogInit: Compiled with Visual C++: 19.13.26129.00
LogInit: Build Configuration: Development
LogInit: Branch Name: ++UE4+Release-4.20
LogInit: Command Line:  
LogInit: Base Directory: C:/Program Files/Epic Games/UE_4.20/Engine/Binaries/Win64/
LogInit: Installed Engine Build: 1
LogDevObjectVersion: Number of dev versions registered: 20
LogDevObjectVersion:   Dev-Blueprints (B0D832E4-1F89-4F0D-ACCF-7EB736FD4AA2): 10
LogDevObjectVersion:   Dev-Build (E1C64328-A22C-4D53-A36C-8E866417BD8C): 0
LogDevObjectVersion:   Dev-Core (375EC13C-06E4-48FB-B500-84F0262A717E): 2
LogDevObjectVersion:   Dev-Editor (E4B068ED-F494-42E9-A231-DA0B2E46BB41): 24
LogDevObjectVersion:   Dev-Framework (CFFC743F-43B0-4480-9391-14DF171D2073): 34
LogDevObjectVersion:   Dev-Mobile (B02B49B5-BB20-44E9-A304-32B752E40360): 2
LogDevObjectVersion:   Dev-Networking (A4E4105C-59A1-49B5-A7C5-40C4547EDFEE): 0
LogDevObjectVersion:   Dev-Online (39C831C9-5AE6-47DC-9A44-9C173E1C8E7C): 0
LogDevObjectVersion:   Dev-Physics (78F01B33-EBEA-4F98-B9B4-84EACCB95AA2): 0
LogDevObjectVersion:   Dev-Platform (6631380F-2D4D-43E0-8009-CF276956A95A): 0
LogDevObjectVersion:   Dev-Rendering (12F88B9F-8875-4AFC-A67C-D90C383ABD29): 26
LogDevObjectVersion:   Dev-Sequencer (7B5AE74C-D270-4C10-A958-57980B212A5A): 9
LogDevObjectVersion:   Dev-VR (D7296918-1DD6-4BDD-9DE2-64A83CC13884): 2
LogDevObjectVersion:   Dev-LoadTimes (C2A15278-BFE7-4AFE-6C17-90FF531DF755): 1
LogDevObjectVersion:   Private-Geometry (6EACA3D4-40EC-4CC1-B786-8BED09428FC5): 3
LogDevObjectVersion:   Dev-AnimPhys (29E575DD-E0A3-4627-9D10-D276232CDCEA): 17
LogDevObjectVersion:   Dev-ReflectionCapture (6B266CEC-1EC7-4B8F-A30B-E4D90942FC07): 1
LogDevObjectVersion:   Dev-Automation (0DF73D61-A23F-47EA-B727-89E90C41499A): 1
LogDevObjectVersion:   FortniteMain (601D1886-AC64-4F84-AA16-D3DE0DEAC7D6): 12
LogDevObjectVersion:   Dev-Enterprise (9DFFBCD6-494F-0158-E221-12823C92A888): 1
LogStreaming: Display: Took  0.004s to delete old logs.
LogInit: Presizing for max 8388607 objects, including 0 objects not considered by GC, pre-allocating 0 bytes for permanent pool.
LogInit: Object subsystem initialized
[2018.09.27-02.47.10:008][  0]LogInit: Selected Device Profile: [Windows]
[2018.09.27-02.47.10:008][  0]LogInit: Applying CVar settings loaded from the selected device profile: [Windows]
[2018.09.27-02.47.10:048][  0]LogHAL: Display: Platform has ~ 16 GB [17068404736 / 17179869184 / 16], which maps to Larger [LargestMinGB=32, LargerMinGB=12, DefaultMinGB=8, SmallerMinGB=6, SmallestMinGB=0)
[2018.09.27-02.47.10:048][  0]LogInit: Setting Device Profile CVar: [[r.Vulkan.UseRealUBs:1]]
[2018.09.27-02.47.10:048][  0]LogInit: Going up to parent DeviceProfile []
[2018.09.27-02.47.10:049][  0]LogInit: Computer: LAPTOP-7KGPSIV0
[2018.09.27-02.47.10:049][  0]LogInit: User: SIDM
[2018.09.27-02.47.10:049][  0]LogInit: CPU Page size=4096, Cores=4
[2018.09.27-02.47.10:049][  0]LogInit: High frequency timer resolution =2.742188 MHz
[2018.09.27-02.47.10:050][  0]LogMemory: Memory total: Physical=15.9GB (16GB approx)
[2018.09.27-02.47.10:050][  0]LogMemory: Platform Memory Stats for Windows
[2018.09.27-02.47.10:050][  0]LogMemory: Process Physical Memory: 103.57 MB used, 103.57 MB peak
[2018.09.27-02.47.10:050][  0]LogMemory: Process Virtual Memory: 96.36 MB used, 96.36 MB peak
[2018.09.27-02.47.10:050][  0]LogMemory: Physical Memory: 4369.85 MB used,  11907.85 MB free, 16277.70 MB total
[2018.09.27-02.47.10:050][  0]LogMemory: Virtual Memory: 4657.13 MB used,  11907.85 MB free, 134217728.00 MB total
[2018.09.27-02.47.10:102][  0]LogInit: Using OS detected language (en-US).
[2018.09.27-02.47.10:102][  0]LogInit: Using OS detected locale (en-SG).
[2018.09.27-02.47.10:103][  0]LogTextLocalizationManager: No specific localization for 'en-US' exists, so the 'en' localization will be used.
[2018.09.27-02.47.10:548][  0]LogStreaming: Display: Took  0.446s to InitEngineTextLocalization.
[2018.09.27-02.47.10:587][  0]LogSlate: New Slate User Created.  User Index 0, Is Virtual User: 0
[2018.09.27-02.47.10:587][  0]LogSlate: Slate User Registered.  User Index 0, Is Virtual User: 0
[2018.09.27-02.47.10:778][  0]LogHMD: Failed to initialize OpenVR with code 110
[2018.09.27-02.47.10:778][  0]LogD3D11RHI: D3D11 adapters:
[2018.09.27-02.47.10:846][  0]LogD3D11RHI:    0. 'NVIDIA GeForce GTX 1060' (Feature Level 11_0)
[2018.09.27-02.47.10:846][  0]LogD3D11RHI:       6052/0/8138 MB DedicatedVideo/DedicatedSystem/SharedSystem, Outputs:1, VendorId:0x10de
[2018.09.27-02.47.10:858][  0]LogD3D11RHI:    1. 'Intel(R) HD Graphics 630' (Feature Level 11_0)
[2018.09.27-02.47.10:858][  0]LogD3D11RHI:       128/0/8138 MB DedicatedVideo/DedicatedSystem/SharedSystem, Outputs:0, VendorId:0x8086
[2018.09.27-02.47.10:859][  0]LogD3D11RHI:    2. 'Microsoft Basic Render Driver' (Feature Level 11_0)
[2018.09.27-02.47.10:859][  0]LogD3D11RHI:       0/0/8138 MB DedicatedVideo/DedicatedSystem/SharedSystem, Outputs:0, VendorId:0x1414
[2018.09.27-02.47.10:859][  0]LogD3D11RHI: Chosen D3D11 Adapter: 0
[2018.09.27-02.47.10:876][  0]LogD3D11RHI: Creating new Direct3DDevice
[2018.09.27-02.47.10:876][  0]LogD3D11RHI:     GPU DeviceId: 0x1c20 (for the marketing name, search the web for "GPU Device Id")
[2018.09.27-02.47.10:876][  0]LogWindows: EnumDisplayDevices:
[2018.09.27-02.47.10:876][  0]LogWindows:    0. 'Intel(R) HD Graphics 630' (P:1 D:1)
[2018.09.27-02.47.10:876][  0]LogWindows:    1. 'Intel(R) HD Graphics 630' (P:0 D:0)
[2018.09.27-02.47.10:876][  0]LogWindows:    2. 'Intel(R) HD Graphics 630' (P:0 D:0)
[2018.09.27-02.47.10:877][  0]LogWindows:    3. 'NVIDIA GeForce GTX 1060' (P:0 D:0)
[2018.09.27-02.47.10:877][  0]LogWindows: DebugString: PrimaryIsNotTheChoosenAdapter PrimaryIsNotTheChoosenAdapter PrimaryIsNotTheChoosenAdapter 
[2018.09.27-02.47.10:877][  0]LogD3D11RHI:     Adapter Name: NVIDIA GeForce GTX 1060
[2018.09.27-02.47.10:877][  0]LogD3D11RHI:   Driver Version: 398.82 (internal:24.21.13.9882, unified:398.82)
[2018.09.27-02.47.10:877][  0]LogD3D11RHI:      Driver Date: 7-30-2018
[2018.09.27-02.47.10:877][  0]LogRHI: Texture pool is 4236 MB (70% of 6052 MB)
[2018.09.27-02.47.10:924][  0]LogD3D11RHI: Async texture creation enabled
[2018.09.27-02.47.10:947][  0]LogD3D11RHI: GPU Timing Frequency: 1000.000000 (Debug: 2 2)
[2018.09.27-02.47.10:949][  0]LogShaderCompilers: Guid format shader working directory is -22 characters bigger than the processId version (../../../../../../Users/SIDM/Documents/GitHub/FYP/Main/Shooting_BP/Intermediate/Shaders/WorkingDirectory/13300/).
[2018.09.27-02.47.10:949][  0]LogShaderCompilers: Cleaned the shader compiler working directory 'C:/Users/SIDM/AppData/Local/Temp/UnrealShaderWorkingDir/5DB10C7248B6C4EF210A51A9E810CE17/'.
[2018.09.27-02.47.11:388][  0]LogTemp: Display: Loaded TP AllDesktopTargetPlatform
[2018.09.27-02.47.11:411][  0]LogTemp: Display: Loaded TP MacClientTargetPlatform
[2018.09.27-02.47.11:434][  0]LogTemp: Display: Loaded TP MacNoEditorTargetPlatform
[2018.09.27-02.47.11:450][  0]LogTemp: Display: Loaded TP MacServerTargetPlatform
[2018.09.27-02.47.11:462][  0]LogTemp: Display: Loaded TP MacTargetPlatform
[2018.09.27-02.47.11:473][  0]LogTemp: Display: Loaded TP WindowsClientTargetPlatform
[2018.09.27-02.47.11:485][  0]LogTemp: Display: Loaded TP WindowsNoEditorTargetPlatform
[2018.09.27-02.47.11:500][  0]LogTemp: Display: Loaded TP WindowsServerTargetPlatform
[2018.09.27-02.47.11:507][  0]LogTemp: Display: Loaded TP WindowsTargetPlatform
[2018.09.27-02.47.11:581][  0]LogTemp: Display: Loaded TP AndroidTargetPlatform
[2018.09.27-02.47.11:581][  0]LogTemp: Display: Loaded TP AndroidTargetPlatform
[2018.09.27-02.47.11:581][  0]LogTemp: Display: Loaded TP AndroidTargetPlatform
[2018.09.27-02.47.11:581][  0]LogTemp: Display: Loaded TP AndroidTargetPlatform
[2018.09.27-02.47.11:581][  0]LogTemp: Display: Loaded TP AndroidTargetPlatform
[2018.09.27-02.47.11:581][  0]LogTemp: Display: Loaded TP AndroidTargetPlatform
[2018.09.27-02.47.11:581][  0]LogTemp: Display: Loaded TP AndroidTargetPlatform
[2018.09.27-02.47.11:581][  0]LogTemp: Display: Loaded TP AndroidTargetPlatform
[2018.09.27-02.47.11:581][  0]LogTemp: Display: Loaded TP AndroidTargetPlatform
[2018.09.27-02.47.11:581][  0]LogTemp: Display: Loaded TP AndroidTargetPlatform
[2018.09.27-02.47.11:581][  0]LogTemp: Display: Loaded TP AndroidTargetPlatform
[2018.09.27-02.47.11:581][  0]LogTemp: Display: Loaded TP AndroidTargetPlatform
[2018.09.27-02.47.11:581][  0]LogTemp: Display: Loaded TP AndroidTargetPlatform
[2018.09.27-02.47.11:581][  0]LogTemp: Display: Loaded TP AndroidTargetPlatform
[2018.09.27-02.47.11:581][  0]LogTemp: Display: Loaded TP AndroidTargetPlatform
[2018.09.27-02.47.11:581][  0]LogTemp: Display: Loaded TP AndroidTargetPlatform
[2018.09.27-02.47.11:581][  0]LogTemp: Display: Loaded TP AndroidTargetPlatform
[2018.09.27-02.47.11:581][  0]LogTemp: Display: Loaded TP AndroidTargetPlatform
[2018.09.27-02.47.11:582][  0]LogTemp: Display: Loaded TP HTML5TargetPlatform
[2018.09.27-02.47.11:655][  0]LogTemp: Display: Loaded TP IOSTargetPlatform
[2018.09.27-02.47.11:655][  0]LogTemp: Display: Loaded TP IOSTargetPlatform
[2018.09.27-02.47.11:718][  0]LogTemp: Display: Loaded TP TVOSTargetPlatform
[2018.09.27-02.47.11:718][  0]LogTemp: Display: Loaded TP TVOSTargetPlatform
[2018.09.27-02.47.11:738][  0]LogTemp: Display: Loaded TP LinuxClientTargetPlatform
[2018.09.27-02.47.11:751][  0]LogTemp: Display: Loaded TP LinuxNoEditorTargetPlatform
[2018.09.27-02.47.11:765][  0]LogTemp: Display: Loaded TP LinuxServerTargetPlatform
[2018.09.27-02.47.11:777][  0]LogTemp: Display: Loaded TP LinuxTargetPlatform
[2018.09.27-02.47.11:785][  0]LogTemp: Display: Loaded TP LuminTargetPlatform
[2018.09.27-02.47.11:785][  0]LogTargetPlatformManager: Display: Building Assets For Windows
[2018.09.27-02.47.11:850][  0]LogXGEController: Cleaning working directory: C:/Users/SIDM/AppData/Local/Temp/UnrealXGEWorkingDir/
[2018.09.27-02.47.11:850][  0]LogXGEController: Cannot use XGE Controller as Incredibuild is not installed on this machine.
[2018.09.27-02.47.11:850][  0]LogShaderCompilers: Cannot use XGE Shader Compiler as Incredibuild is not installed on this machine.
[2018.09.27-02.47.11:850][  0]LogShaderCompilers: Display: Using Local Shader Compiler.
[2018.09.27-02.47.12:750][  0]LogDerivedDataCache: Display: Max Cache Size: 512 MB
[2018.09.27-02.47.12:806][  0]LogDerivedDataCache: Loaded boot cache 0.06s 86MB C:/Users/SIDM/AppData/Local/UnrealEngine/4.20/DerivedDataCache/Boot.ddc.
[2018.09.27-02.47.12:806][  0]LogDerivedDataCache: Display: Loaded Boot cache: C:/Users/SIDM/AppData/Local/UnrealEngine/4.20/DerivedDataCache/Boot.ddc
[2018.09.27-02.47.12:806][  0]LogDerivedDataCache: FDerivedDataBackendGraph:  Pak pak cache file ../../../../../../Users/SIDM/Documents/GitHub/FYP/Main/Shooting_BP/DerivedDataCache/DDC.ddp not found, will not use a pak cache.
[2018.09.27-02.47.12:806][  0]LogDerivedDataCache: Unable to find inner node Pak for hierarchical cache Hierarchy.
[2018.09.27-02.47.12:806][  0]LogDerivedDataCache: FDerivedDataBackendGraph:  CompressedPak pak cache file ../../../../../../Users/SIDM/Documents/GitHub/FYP/Main/Shooting_BP/DerivedDataCache/Compressed.ddp not found, will not use a pak cache.
[2018.09.27-02.47.12:806][  0]LogDerivedDataCache: Unable to find inner node CompressedPak for hierarchical cache Hierarchy.
[2018.09.27-02.47.12:818][  0]LogDerivedDataCache: Display: Pak cache opened for reading ../../../Engine/DerivedDataCache/Compressed.ddp.
[2018.09.27-02.47.12:832][  0]LogDerivedDataCache: Using Local data cache path C:/Users/SIDM/AppData/Local/UnrealEngine/Common/DerivedDataCache: Writable
[2018.09.27-02.47.12:832][  0]LogDerivedDataCache: Shared data cache path not found in *engine.ini, will not use an Shared cache.
[2018.09.27-02.47.12:832][  0]LogDerivedDataCache: Unable to find inner node Shared for hierarchical cache Hierarchy.
[2018.09.27-02.47.12:899][  0]LogMaterial: Verifying Global Shaders for PCD3D_SM5
[2018.09.27-02.47.12:901][  0]LogSlate: Using FreeType 2.6.0
[2018.09.27-02.47.12:901][  0]LogSlate: SlateFontServices - WITH_FREETYPE: 1, WITH_HARFBUZZ: 1
[2018.09.27-02.47.12:978][  0]LogAssetRegistry: FAssetRegistry took 0.0263 seconds to start up
[2018.09.27-02.47.13:328][  0]LogInit: Selected Device Profile: [Windows]
[2018.09.27-02.47.13:422][  0]LogSimplygon: Simplygon DLL not present - disabling.
[2018.09.27-02.47.13:426][  0]LogMeshReduction: Using SimplygonSwarm for distributed automatic mesh merging
[2018.09.27-02.47.13:426][  0]LogMeshReduction: Using ProxyLODMeshReduction for automatic mesh merging
[2018.09.27-02.47.13:426][  0]LogMeshReduction: Using QuadricMeshReduction for automatic static mesh reduction
[2018.09.27-02.47.13:426][  0]LogMeshReduction: No automatic skeletal mesh reduction module available
[2018.09.27-02.47.13:654][  0]LogNetVersion: Shooting_BP 1.0.0, NetCL: 4212847, EngineNetVer: 5, GameNetVer: 0 (Checksum: 3776464867)
[2018.09.27-02.47.14:995][  0]LogPackageLocalizationCache: Processed 11 localized package path(s) for 2 prioritized culture(s) in 0.243392 seconds
[2018.09.27-02.47.15:010][  0]LogUObjectArray: 38425 objects as part of root set at end of initial load.
[2018.09.27-02.47.15:010][  0]LogUObjectAllocator: 6690864 out of 0 bytes used by permanent object pool.
[2018.09.27-02.47.15:010][  0]LogUObjectArray: CloseDisregardForGC: 0/0 objects in disregard for GC pool
[2018.09.27-02.47.16:183][  0]LogTcpMessaging: Initializing TcpMessaging bridge
[2018.09.27-02.47.16:197][  0]LogUdpMessaging: Initializing bridge on interface 0.0.0.0:0 to multicast group 230.0.0.1:6666.
[2018.09.27-02.47.16:462][  0]SourceControl: Source control is disabled
[2018.09.27-02.47.16:462][  0]SourceControl: Source control is disabled
[2018.09.27-02.47.16:464][  0]SourceControl: Source control is disabled
[2018.09.27-02.47.16:465][  0]SourceControl: Source control is disabled
[2018.09.27-02.47.16:679][  0]LogAndroidPermission: UAndroidPermissionCallbackProxy::GetInstance
[2018.09.27-02.47.16:845][  0]LogOcInput: OculusInput pre-init called
[2018.09.27-02.47.16:980][  0]LogEngine: Initializing Engine...
[2018.09.27-02.47.16:981][  0]LogHMD: Failed to initialize OpenVR with code 110
[2018.09.27-02.47.16:983][  0]LogStats: UGameplayTagsManager::ConstructGameplayTagTree: ImportINI prefixes -  0.000 s
[2018.09.27-02.47.16:984][  0]LogStats: UGameplayTagsManager::ConstructGameplayTagTree: Construct from data asset -  0.000 s
[2018.09.27-02.47.16:984][  0]LogStats: UGameplayTagsManager::ConstructGameplayTagTree: ImportINI -  0.000 s
[2018.09.27-02.47.16:984][  0]LogStats: UGameplayTagsManager::ConstructGameplayTagTree: GameplayTagTreeChangedEvent.Broadcast -  0.000 s
[2018.09.27-02.47.17:548][  0]LogInit: Initializing FReadOnlyCVARCache
[2018.09.27-02.47.17:565][  0]LogAIModule: Creating AISystem for world Untitled
[2018.09.27-02.47.17:581][  0]LogInit: XAudio2 using 'Realtek HD Audio 2nd output (Realtek High Definition Audio)' : 2 channels at 48 kHz using 32 bits per sample (channel mask 0x3)
[2018.09.27-02.47.17:669][  0]LogInit: FAudioDevice initialized.
[2018.09.27-02.47.17:669][  0]LogNetVersion: Set ProjectVersion to 1.0.0.0. Version Checksum will be recalculated on next use.
[2018.09.27-02.47.17:786][  0]LogDerivedDataCache: Saved boot cache 0.12s 86MB C:/Users/SIDM/AppData/Local/UnrealEngine/4.20/DerivedDataCache/Boot.ddc.
[2018.09.27-02.47.17:831][  0]LogInit: Texture streaming: Enabled
[2018.09.27-02.47.17:855][  0]LogEngineSessionManager: EngineSessionManager initialized
[2018.09.27-02.47.17:890][  0]LogInit: Transaction tracking system initialized
[2018.09.27-02.47.17:946][  0]BlueprintLog: New page: Editor Load
[2018.09.27-02.47.18:022][  0]LocalizationService: Localization service is disabled
[2018.09.27-02.47.18:213][  0]LogLinker: Warning: Can't find file '/Game/FirstPersonBP/FirstPersonOverview'
[2018.09.27-02.47.18:213][  0]LogLinker: Warning: Can't find file '/Game/FirstPersonBP/FirstPersonOverview'
[2018.09.27-02.47.18:213][  0]LogUObjectGlobals: Warning: Failed to find object 'Class /Game/FirstPersonBP/FirstPersonOverview.FirstPersonOverview_C'
[2018.09.27-02.47.18:526][  0]LogCook: Display: Max memory allowance for cook 16384mb min free memory 0mb
[2018.09.27-02.47.18:526][  0]LogCook: Display: Mobile HDR setting 1
[2018.09.27-02.47.18:526][  0]LogGameplayTags: Display: UGameplayTagsManager::DoneAddingNativeTags. DelegateIsBound: 0
[2018.09.27-02.47.18:526][  0]LogStats: UGameplayTagsManager::ConstructGameplayTagTree: ImportINI prefixes -  0.000 s
[2018.09.27-02.47.18:526][  0]LogStats: UGameplayTagsManager::ConstructGameplayTagTree: Construct from data asset -  0.000 s
[2018.09.27-02.47.18:527][  0]LogStats: UGameplayTagsManager::ConstructGameplayTagTree: ImportINI -  0.000 s
[2018.09.27-02.47.18:527][  0]LogStats: UGameplayTagsManager::ConstructGameplayTagTree: GameplayTagTreeChangedEvent.Broadcast -  0.000 s
[2018.09.27-02.47.18:724][  0]LogFileCache: Scanning file cache for directory 'C:/Users/SIDM/Documents/GitHub/FYP/Main/Shooting_BP/Content/' took 0.02s
[2018.09.27-02.47.18:724][  0]SourceControl: Source control is disabled
[2018.09.27-02.47.18:724][  0]Cmd: MAP LOAD FILE="../../../../../../Users/SIDM/Documents/GitHub/FYP/Main/Shooting_BP/Content/ThirdPersonBP/Maps/ThirdPersonExampleMap.umap" TEMPLATE=0 SHOWPROGRESS=1 FEATURELEVEL=3
[2018.09.27-02.47.18:725][  0]LightingResults: New page: Lighting Build
[2018.09.27-02.47.18:729][  0]MapCheck: New page: Map Check
[2018.09.27-02.47.18:729][  0]LightingResults: New page: Lighting Build
[2018.09.27-02.47.19:955][  0]LogAIModule: Creating AISystem for world ThirdPersonExampleMap
[2018.09.27-02.47.19:975][  0]LogEditorServer: Finished looking for orphan Actors (0.000 secs)
[2018.09.27-02.47.20:020][  0]Cmd: MAP CHECKDEP NOCLEARLOG
[2018.09.27-02.47.20:094][  0]MapCheck: Map check complete: 0 Error(s), 0 Warning(s), took 72.585ms to complete.
[2018.09.27-02.47.20:094][  0]LogFileHelpers: Loading map 'ThirdPersonExampleMap' took 1.370
[2018.09.27-02.47.20:283][  0]LogSlate: Updating window title bar state: overlay mode, drag disabled, window buttons hidden, title bar hidden
[2018.09.27-02.47.20:295][  0]LogSlate: Updating window title bar state: overlay mode, drag disabled, window buttons hidden, title bar hidden
[2018.09.27-02.47.20:308][  0]LogSlate: Updating window title bar state: overlay mode, drag disabled, window buttons hidden, title bar hidden
[2018.09.27-02.47.20:317][  0]LogSlate: Updating window title bar state: overlay mode, drag disabled, window buttons hidden, title bar hidden
[2018.09.27-02.47.20:323][  0]LogCollectionManager: Loaded 0 collections in 0.001449 seconds
[2018.09.27-02.47.20:376][  0]LogFileCache: Scanning file cache for directory 'C:/Users/SIDM/Documents/GitHub/FYP/Main/Shooting_BP/Saved/Collections/' took 0.01s
[2018.09.27-02.47.20:376][  0]LogFileCache: Scanning file cache for directory 'C:/Users/SIDM/Documents/GitHub/FYP/Main/Shooting_BP/Content/Developers/SIDM/Collections/' took 0.01s
[2018.09.27-02.47.20:377][  0]LogFileCache: Scanning file cache for directory 'C:/Users/SIDM/Documents/GitHub/FYP/Main/Shooting_BP/Content/Collections/' took 0.01s
[2018.09.27-02.47.20:377][  0]LogCollectionManager: Rebuilt the GUID cache for 0 collections in 0.000001 seconds
[2018.09.27-02.47.20:404][  0]LogContentBrowser: Native class hierarchy populated in 0.0271 seconds. Added 2572 classes and 603 folders.
[2018.09.27-02.47.20:422][  0]LogContentBrowser: Native class hierarchy updated for 'WidgetCarousel' in 0.0008 seconds. Added 0 classes and 0 folders.
[2018.09.27-02.47.20:495][  0]LogContentBrowser: Native class hierarchy updated for 'AddContentDialog' in 0.0004 seconds. Added 0 classes and 0 folders.
[2018.09.27-02.47.20:502][  0]LogContentBrowser: Native class hierarchy updated for 'SceneOutliner' in 0.0006 seconds. Added 1 classes and 2 folders.
[2018.09.27-02.47.20:714][  0]LogSlate: Took 0.000517 seconds to synchronously load lazily loaded font '../../../Engine/Content/Slate/Fonts/Roboto-Regular.ttf' (155K)
[2018.09.27-02.47.20:722][  0]LogSlate: Took 0.000695 seconds to synchronously load lazily loaded font '../../../Engine/Content/Slate/Fonts/Roboto-Bold.ttf' (160K)
[2018.09.27-02.47.20:740][  0]LogSlate: Took 0.000653 seconds to synchronously load lazily loaded font '../../../Engine/Content/Editor/Slate/Fonts/FontAwesome.ttf' (139K)
[2018.09.27-02.47.20:972][  0]LogRenderer: Reallocating scene render targets to support 920x484 Format 10 NumSamples 1 (Frame:1).
[2018.09.27-02.47.21:202][  0]LogContentBrowser: Native class hierarchy updated for 'HierarchicalLODOutliner' in 0.0007 seconds. Added 0 classes and 0 folders.
[2018.09.27-02.47.21:202][  0]LogLoad: (Engine Initialization) Total time: 13.60 seconds
[2018.09.27-02.47.21:202][  0]LogLoad: (Engine Initialization) Total Blueprint compile time: 0.00 seconds
[2018.09.27-02.47.21:224][  0]LogWindowsTextInputMethodSystem: Display: IME system now deactivated.
[2018.09.27-02.47.21:255][  0]LogContentStreaming: Texture pool size now 1000 MB
[2018.09.27-02.47.21:287][  0]LogSlate: Took 0.000408 seconds to synchronously load lazily loaded font '../../../Engine/Content/Slate/Fonts/Roboto-Light.ttf' (167K)
[2018.09.27-02.47.21:409][  3]LogAssetRegistry: Asset discovery search completed in 8.4530 seconds
[2018.09.27-02.47.21:412][  3]LogCollectionManager: Rebuilt the object cache for 0 collections in 0.000000 seconds (found 0 objects)
[2018.09.27-02.47.21:412][  3]LogCollectionManager: Fixed up redirectors for 0 collections in 0.000089 seconds (updated 0 objects)
[2018.09.27-02.51.12:251][239]LogSlate: FSceneViewport::OnFocusLost() reason 0
[2018.09.27-02.51.57:721][877]LogActorFactory: Actor Factory created Plane
[2018.09.27-02.51.59:084][954]LogSlate: FSceneViewport::OnFocusLost() reason 2
[2018.09.27-02.52.02:708][170]LogSlate: FSceneViewport::OnFocusLost() reason 2
[2018.09.27-02.52.09:701][390]LogSlate: Window 'Delete Assets' being destroyed
[2018.09.27-02.52.09:713][390]LogSlate: Took 0.000242 seconds to synchronously load lazily loaded font '../../../Engine/Content/Slate/Fonts/Roboto-Light.ttf' (167K)
[2018.09.27-02.52.09:715][390]LogSlate: FSceneViewport::OnFocusLost() reason 2
[2018.09.27-02.52.09:744][390]LogSlate: FSceneViewport::OnFocusLost() reason 2
[2018.09.27-02.52.14:432][663]LogSlate: FSceneViewport::OnFocusLost() reason 0
[2018.09.27-02.52.15:027][697]LogActorFactory: Actor Factory created Plane
[2018.09.27-02.52.16:322][768]LogActorFactory: Actor Factory created Plane
[2018.09.27-02.53.21:715][444]LogEditorViewport: Clicking on Actor (context menu): StaticMeshActor (Plane)
[2018.09.27-02.53.21:741][444]LogSlate: FSceneViewport::OnFocusLost() reason 2
[2018.09.27-02.53.29:560][850]Cmd: PIVOT HERE
[2018.09.27-02.53.39:964][461]LogSlate: FSceneViewport::OnFocusLost() reason 0
[2018.09.27-02.54.53:802][784]LogSlate: FSceneViewport::OnFocusLost() reason 0
[2018.09.27-02.54.58:553][ 53]LogSlate: Window 'Select Path' being destroyed
[2018.09.27-02.55.00:264][154]LogSlate: FSceneViewport::OnFocusLost() reason 0
[2018.09.27-02.55.33:008][ 34]LogSlate: Window 'Select Path' being destroyed
[2018.09.27-02.55.33:083][ 34]LogSlate: FSceneViewport::OnFocusLost() reason 2
[2018.09.27-02.55.33:091][ 34]LogAssetEditorManager: Opening Asset editor for Blueprint /Game/ThirdPersonBP/Blueprints/Target_Blueprint.Target_Blueprint
[2018.09.27-02.55.33:946][ 34]LogContentBrowser: Native class hierarchy updated for 'BlueprintGraph' in 0.0018 seconds. Added 116 classes and 0 folders.
[2018.09.27-02.55.38:903][157]LogRenderer: Reallocating scene render targets to support 920x544 Format 10 NumSamples 1 (Frame:1).
[2018.09.27-02.55.41:335][273]LogSlate: Took 0.014963 seconds to synchronously load lazily loaded font '../../../Engine/Content/Slate/Fonts/Roboto-Italic.ttf' (157K)
[2018.09.27-02.55.43:017][340]LogSlate: Took 0.009533 seconds to synchronously load lazily loaded font '../../../Engine/Content/Slate/Fonts/Roboto-BoldCondensed.ttf' (158K)
[2018.09.27-02.59.40:107][488]LogSavePackage: Moving '../../../../../../Users/SIDM/Documents/GitHub/FYP/Main/Shooting_BP/Saved/ThirdPersonExampleMap_Auto1EC96DE3E4977FF0997F93C897785F5C4.tmp' to '../../../../../../Users/SIDM/Documents/GitHub/FYP/Main/Shooting_BP/Saved/Autosaves/Game/ThirdPersonBP/Maps/ThirdPersonExampleMap_Auto1.umap'
[2018.09.27-02.59.40:128][488]LogFileHelpers: Editor autosave (incl. sublevels) for '/Game/ThirdPersonBP/Maps/ThirdPersonExampleMap' took 0.656
[2018.09.27-02.59.40:128][488]LogFileHelpers: Editor autosave (incl. sublevels) for all levels took 0.656
[2018.09.27-02.59.40:139][488]OBJ SavePackage: Generating thumbnails for [1] asset(s) in package [/Game/ThirdPersonBP/Blueprints/Target_Blueprint] ([1] browsable assets)...
[2018.09.27-02.59.40:196][488]OBJ SavePackage:     Rendered thumbnail for [Blueprint /Game/ThirdPersonBP/Blueprints/Target_Blueprint.Target_Blueprint]
[2018.09.27-02.59.40:196][488]OBJ SavePackage: Finished generating thumbnails for package [/Game/ThirdPersonBP/Blueprints/Target_Blueprint]
[2018.09.27-02.59.40:257][488]LogSavePackage: Moving '../../../../../../Users/SIDM/Documents/GitHub/FYP/Main/Shooting_BP/Saved/Target_Blueprint_Auto11306F43746C1EF3CD7D232BCF31E0E55.tmp' to '../../../../../../Users/SIDM/Documents/GitHub/FYP/Main/Shooting_BP/Saved/Autosaves/Game/ThirdPersonBP/Blueprints/Target_Blueprint_Auto1.uasset'
[2018.09.27-02.59.40:261][488]LogFileHelpers: Auto-saving content packages took 0.124
[2018.09.27-03.05.33:980][396]LogSlate: FSceneViewport::OnFocusLost() reason 0
[2018.09.27-03.09.40:749][142]LogFileHelpers: Editor autosave (incl. sublevels) for '/Game/ThirdPersonBP/Maps/ThirdPersonExampleMap' took 0.091
[2018.09.27-03.09.40:752][142]OBJ SavePackage: Generating thumbnails for [1] asset(s) in package [/Game/ThirdPersonBP/Blueprints/Target_Blueprint] ([1] browsable assets)...
[2018.09.27-03.09.40:791][142]OBJ SavePackage:     Rendered thumbnail for [Blueprint /Game/ThirdPersonBP/Blueprints/Target_Blueprint.Target_Blueprint]
[2018.09.27-03.09.40:791][142]OBJ SavePackage: Finished generating thumbnails for package [/Game/ThirdPersonBP/Blueprints/Target_Blueprint]
[2018.09.27-03.09.40:813][142]LogSavePackage: Moving '../../../../../../Users/SIDM/Documents/GitHub/FYP/Main/Shooting_BP/Saved/Target_Blueprint_Auto29F3C81BD4E903D976A2E618229F1D0F2.tmp' to '../../../../../../Users/SIDM/Documents/GitHub/FYP/Main/Shooting_BP/Saved/Autosaves/Game/ThirdPersonBP/Blueprints/Target_Blueprint_Auto2.uasset'
[2018.09.27-03.09.40:814][142]LogFileHelpers: Auto-saving content packages took 0.063
