Log file open, 09/28/18 08:59:53
LogWindows: Failed to load 'aqProf.dll' (GetLastError=126)
LogWindows: File 'aqProf.dll' does not exist
LogWindows: Failed to load 'VSPerf140.dll' (GetLastError=126)
LogWindows: File 'VSPerf140.dll' does not exist
LogWindows: Failed to load 'VtuneApi.dll' (GetLastError=126)
LogWindows: File 'VtuneApi.dll' does not exist
LogWindows: Failed to load 'VtuneApi32e.dll' (GetLastError=126)
LogWindows: File 'VtuneApi32e.dll' does not exist
LogInit: Display: Running engine for game: Shooting_BP
LogPlatformFile: Not using cached read wrapper
LogTaskGraph: Started task graph with 5 named threads and 35 total threads with 3 sets of task threads.
LogStats: Stats thread started at 0.428470
LogD3D11RHI: Loaded GFSDK_Aftermath_Lib.x64.dll
LogICUInternationalization: Display: ICU TimeZone Detection - Raw Offset: +8:00, Platform Override: ''
LogPluginManager: Mounting plugin Paper2D
LogPluginManager: Mounting plugin AISupport
LogPluginManager: Mounting plugin LightPropagationVolume
LogPluginManager: Mounting plugin CLionSourceCodeAccess
LogPluginManager: Mounting plugin CodeLiteSourceCodeAccess
LogPluginManager: Mounting plugin GitSourceControl
LogPluginManager: Mounting plugin KDevelopSourceCodeAccess
LogPluginManager: Mounting plugin NullSourceCodeAccess
LogPluginManager: Mounting plugin PerforceSourceControl
LogPluginManager: Mounting plugin SubversionSourceControl
LogPluginManager: Mounting plugin UObjectPlugin
LogPluginManager: Mounting plugin VisualStudioCodeSourceCodeAccess
LogPluginManager: Mounting plugin VisualStudioSourceCodeAccess
LogPluginManager: Mounting plugin XCodeSourceCodeAccess
LogPluginManager: Mounting plugin AssetManagerEditor
LogPluginManager: Mounting plugin CryptoKeys
LogPluginManager: Mounting plugin DataValidation
LogPluginManager: Mounting plugin FacialAnimation
LogPluginManager: Mounting plugin GameplayTagsEditor
LogPluginManager: Mounting plugin MacGraphicsSwitching
LogPluginManager: Mounting plugin MeshEditor
LogPluginManager: Mounting plugin MobileLauncherProfileWizard
LogPluginManager: Mounting plugin PluginBrowser
LogPluginManager: Mounting plugin SpeedTreeImporter
LogPluginManager: Mounting plugin DatasmithContent
LogPluginManager: Mounting plugin AlembicImporter
LogPluginManager: Mounting plugin AppleImageUtils
LogPluginManager: Mounting plugin AppleVision
LogPluginManager: Mounting plugin BackChannel
LogPluginManager: Mounting plugin CharacterAI
LogPluginManager: Mounting plugin GeometryCache
LogPluginManager: Mounting plugin HTML5Networking
LogPluginManager: Mounting plugin ProxyLODPlugin
LogPluginManager: Mounting plugin MagicLeap
LogPluginManager: Mounting plugin MagicLeapEmulator
LogPluginManager: Mounting plugin MagicLeapMedia
LogPluginManager: Mounting plugin AndroidMedia
LogPluginManager: Mounting plugin AvfMedia
LogPluginManager: Mounting plugin ImgMedia
LogPluginManager: Mounting plugin LinearTimecode
LogPluginManager: Mounting plugin MediaCompositing
LogPluginManager: Mounting plugin MediaPlayerEditor
LogPluginManager: Mounting plugin WmfMedia
LogPluginManager: Mounting plugin TcpMessaging
LogPluginManager: Mounting plugin UdpMessaging
LogPluginManager: Mounting plugin ActorSequence
LogPluginManager: Mounting plugin LevelSequenceEditor
LogPluginManager: Mounting plugin MatineeToLevelSequence
LogPluginManager: Mounting plugin NetcodeUnitTest
LogPluginManager: Mounting plugin NUTUnrealEngine4
LogPluginManager: Mounting plugin OnlineSubsystemGooglePlay
LogPluginManager: Mounting plugin OnlineSubsystemIOS
LogPluginManager: Mounting plugin OnlineSubsystem
LogPluginManager: Mounting plugin OnlineSubsystemNull
LogPluginManager: Mounting plugin OnlineSubsystemUtils
LogPluginManager: Mounting plugin LauncherChunkInstaller
LogPluginManager: Mounting plugin AndroidDeviceProfileSelector
LogPluginManager: Mounting plugin AndroidMoviePlayer
LogPluginManager: Mounting plugin AndroidPermission
LogPluginManager: Mounting plugin AppleMoviePlayer
LogPluginManager: Mounting plugin ArchVisCharacter
LogPluginManager: Mounting plugin AudioCapture
LogPluginManager: Mounting plugin CableComponent
LogPluginManager: Mounting plugin CustomMeshComponent
LogPluginManager: Mounting plugin EditableMesh
LogPluginManager: Mounting plugin ExampleDeviceProfileSelector
LogPluginManager: Mounting plugin GoogleCloudMessaging
LogPluginManager: Mounting plugin ImmediatePhysics
LogPluginManager: Mounting plugin IOSDeviceProfileSelector
LogPluginManager: Mounting plugin LinuxDeviceProfileSelector
LogPluginManager: Mounting plugin LocationServicesBPLibrary
LogPluginManager: Mounting plugin MobilePatchingUtils
LogPluginManager: Mounting plugin OculusVR
LogPluginManager: Plugin shader directory ../../../Engine/Plugins/Runtime/Oculus/OculusVR/Shaders found
LogPluginManager: Mapping shader source directory ../../../Engine/Plugins/Runtime/Oculus/OculusVR/Shaders to virtual directory /Plugin/OculusVR
LogPluginManager: Mounting plugin PhysXVehicles
LogPluginManager: Mounting plugin ProceduralMeshComponent
LogPluginManager: Mounting plugin RuntimePhysXCooking
LogPluginManager: Mounting plugin SteamVR
LogPluginManager: Mounting plugin WindowsMoviePlayer
LogStreaming: Display: Took  0.163s to configure plugins.
LogInit: Using libcurl 7.55.1-DEV
LogInit:  - built for x86_64-pc-win32
LogInit:  - supports SSL with OpenSSL/1.0.2h
LogInit:  - supports HTTP deflate (compression) using libz 1.2.8
LogInit:  - other features:
LogInit:      CURL_VERSION_SSL
LogInit:      CURL_VERSION_LIBZ
LogInit:      CURL_VERSION_IPV6
LogInit:      CURL_VERSION_ASYNCHDNS
LogInit:      CURL_VERSION_LARGEFILE
LogInit:      CURL_VERSION_IDN
LogInit:  CurlRequestOptions (configurable via config and command line):
LogInit:  - bVerifyPeer = false  - Libcurl will NOT verify peer certificate
LogInit:  - bUseHttpProxy = false  - Libcurl will NOT use HTTP proxy
LogInit:  - bDontReuseConnections = false  - Libcurl will reuse connections
LogInit:  - CertBundlePath = nullptr  - Libcurl will use whatever was configured at build time.
LogInit:  - MaxHostConnections = 16  - Libcurl will limit the number of connections to a host
LogInit:  - LocalHostAddr = Default
LogInit:  - BufferSize = 65536
LogInit: WinSock: version 1.1 (2.2), MaxSocks=32767, MaxUdp=65467
LogInit: Build: ++UE4+Release-4.20-CL-4302132
LogInit: Engine Version: 4.20.2-4302132+++UE4+Release-4.20
LogInit: Compatible Engine Version: 4.20.0-4212847+++UE4+Release-4.20
LogInit: Net CL: 4212847
LogInit: OS: Windows 10 (), CPU: Intel(R) Xeon(R) CPU E5-1650 v3 @ 3.50GHz, GPU: NVIDIA Quadro K2200
LogInit: Compiled (64-bit): Aug 21 2018 02:06:06
LogInit: Compiled with Visual C++: 19.13.26129.00
LogInit: Build Configuration: Development
LogInit: Branch Name: ++UE4+Release-4.20
LogInit: Command Line: 
LogInit: Base Directory: C:/Program Files/Epic Games/UE_4.20/Engine/Binaries/Win64/
LogInit: Installed Engine Build: 1
LogDevObjectVersion: Number of dev versions registered: 20
LogDevObjectVersion:   Dev-Blueprints (B0D832E4-1F89-4F0D-ACCF-7EB736FD4AA2): 10
LogDevObjectVersion:   Dev-Build (E1C64328-A22C-4D53-A36C-8E866417BD8C): 0
LogDevObjectVersion:   Dev-Core (375EC13C-06E4-48FB-B500-84F0262A717E): 2
LogDevObjectVersion:   Dev-Editor (E4B068ED-F494-42E9-A231-DA0B2E46BB41): 24
LogDevObjectVersion:   Dev-Framework (CFFC743F-43B0-4480-9391-14DF171D2073): 34
LogDevObjectVersion:   Dev-Mobile (B02B49B5-BB20-44E9-A304-32B752E40360): 2
LogDevObjectVersion:   Dev-Networking (A4E4105C-59A1-49B5-A7C5-40C4547EDFEE): 0
LogDevObjectVersion:   Dev-Online (39C831C9-5AE6-47DC-9A44-9C173E1C8E7C): 0
LogDevObjectVersion:   Dev-Physics (78F01B33-EBEA-4F98-B9B4-84EACCB95AA2): 0
LogDevObjectVersion:   Dev-Platform (6631380F-2D4D-43E0-8009-CF276956A95A): 0
LogDevObjectVersion:   Dev-Rendering (12F88B9F-8875-4AFC-A67C-D90C383ABD29): 26
LogDevObjectVersion:   Dev-Sequencer (7B5AE74C-D270-4C10-A958-57980B212A5A): 9
LogDevObjectVersion:   Dev-VR (D7296918-1DD6-4BDD-9DE2-64A83CC13884): 2
LogDevObjectVersion:   Dev-LoadTimes (C2A15278-BFE7-4AFE-6C17-90FF531DF755): 1
LogDevObjectVersion:   Private-Geometry (6EACA3D4-40EC-4CC1-B786-8BED09428FC5): 3
LogDevObjectVersion:   Dev-AnimPhys (29E575DD-E0A3-4627-9D10-D276232CDCEA): 17
LogDevObjectVersion:   Dev-ReflectionCapture (6B266CEC-1EC7-4B8F-A30B-E4D90942FC07): 1
LogDevObjectVersion:   Dev-Automation (0DF73D61-A23F-47EA-B727-89E90C41499A): 1
LogDevObjectVersion:   FortniteMain (601D1886-AC64-4F84-AA16-D3DE0DEAC7D6): 12
LogDevObjectVersion:   Dev-Enterprise (9DFFBCD6-494F-0158-E221-12823C92A888): 1
LogStreaming: Display: Took  0.002s to delete old logs.
LogInit: Presizing for max 8388607 objects, including 0 objects not considered by GC, pre-allocating 0 bytes for permanent pool.
LogInit: Object subsystem initialized
[2018.09.28-00.59.53:918][  0]LogInit: Selected Device Profile: [Windows]
[2018.09.28-00.59.53:918][  0]LogInit: Applying CVar settings loaded from the selected device profile: [Windows]
[2018.09.28-00.59.53:941][  0]LogHAL: Display: Platform has ~ 32 GB [34280431616 / 34359738368 / 32], which maps to Largest [LargestMinGB=32, LargerMinGB=12, DefaultMinGB=8, SmallerMinGB=6, SmallestMinGB=0)
[2018.09.28-00.59.53:941][  0]LogInit: Setting Device Profile CVar: [[r.Vulkan.UseRealUBs:1]]
[2018.09.28-00.59.53:941][  0]LogInit: Going up to parent DeviceProfile []
[2018.09.28-00.59.53:941][  0]LogInit: Computer: M623MGA02
[2018.09.28-00.59.53:942][  0]LogInit: User: gotos
[2018.09.28-00.59.53:942][  0]LogInit: CPU Page size=4096, Cores=6
[2018.09.28-00.59.53:942][  0]LogInit: High frequency timer resolution =3.410071 MHz
[2018.09.28-00.59.53:942][  0]LogMemory: Memory total: Physical=31.9GB (32GB approx)
[2018.09.28-00.59.53:942][  0]LogMemory: Platform Memory Stats for Windows
[2018.09.28-00.59.53:942][  0]LogMemory: Process Physical Memory: 102.71 MB used, 102.71 MB peak
[2018.09.28-00.59.53:942][  0]LogMemory: Process Virtual Memory: 94.23 MB used, 94.23 MB peak
[2018.09.28-00.59.53:942][  0]LogMemory: Physical Memory: 15293.55 MB used,  17398.82 MB free, 32692.37 MB total
[2018.09.28-00.59.53:942][  0]LogMemory: Virtual Memory: 4661.16 MB used,  17398.82 MB free, 134217728.00 MB total
[2018.09.28-00.59.53:972][  0]LogInit: Using OS detected language (en-US).
[2018.09.28-00.59.53:972][  0]LogInit: Using OS detected locale (en-SG).
[2018.09.28-00.59.53:972][  0]LogTextLocalizationManager: No specific localization for 'en-US' exists, so the 'en' localization will be used.
[2018.09.28-00.59.54:364][  0]LogStreaming: Display: Took  0.392s to InitEngineTextLocalization.
[2018.09.28-00.59.54:364][  0]LogInit: Setting process to per monitor DPI aware
[2018.09.28-00.59.54:389][  0]LogSlate: New Slate User Created.  User Index 0, Is Virtual User: 0
[2018.09.28-00.59.54:389][  0]LogSlate: Slate User Registered.  User Index 0, Is Virtual User: 0
[2018.09.28-00.59.54:617][  0]LogHMD: Failed to initialize OpenVR with code 110
[2018.09.28-00.59.54:617][  0]LogD3D11RHI: D3D11 adapters:
[2018.09.28-00.59.54:660][  0]LogD3D11RHI:    0. 'NVIDIA Quadro K2200' (Feature Level 11_0)
[2018.09.28-00.59.54:660][  0]LogD3D11RHI:       4053/0/16346 MB DedicatedVideo/DedicatedSystem/SharedSystem, Outputs:1, VendorId:0x10de
[2018.09.28-00.59.54:662][  0]LogD3D11RHI:    1. 'Microsoft Basic Render Driver' (Feature Level 11_0)
[2018.09.28-00.59.54:662][  0]LogD3D11RHI:       0/0/16346 MB DedicatedVideo/DedicatedSystem/SharedSystem, Outputs:0, VendorId:0x1414
[2018.09.28-00.59.54:662][  0]LogD3D11RHI: Chosen D3D11 Adapter: 0
[2018.09.28-00.59.54:782][  0]LogD3D11RHI: Creating new Direct3DDevice
[2018.09.28-00.59.54:782][  0]LogD3D11RHI:     GPU DeviceId: 0x13ba (for the marketing name, search the web for "GPU Device Id")
[2018.09.28-00.59.54:782][  0]LogWindows: EnumDisplayDevices:
[2018.09.28-00.59.54:782][  0]LogWindows:    0. 'NVIDIA Quadro K2200' (P:1 D:1)
[2018.09.28-00.59.54:782][  0]LogWindows:    1. 'NVIDIA Quadro K2200' (P:0 D:0)
[2018.09.28-00.59.54:783][  0]LogWindows:    2. 'NVIDIA Quadro K2200' (P:0 D:0)
[2018.09.28-00.59.54:783][  0]LogWindows:    3. 'NVIDIA Quadro K2200' (P:0 D:0)
[2018.09.28-00.59.54:783][  0]LogWindows: DebugString: FoundDriverCount:4 
[2018.09.28-00.59.54:783][  0]LogD3D11RHI:     Adapter Name: NVIDIA Quadro K2200
[2018.09.28-00.59.54:783][  0]LogD3D11RHI:   Driver Version: 391.25 (internal:23.21.13.9125, unified:391.25)
[2018.09.28-00.59.54:783][  0]LogD3D11RHI:      Driver Date: 3-16-2018
[2018.09.28-00.59.54:783][  0]LogRHI: Texture pool is 2837 MB (70% of 4053 MB)
[2018.09.28-00.59.54:815][  0]LogD3D11RHI: Async texture creation enabled
[2018.09.28-00.59.54:831][  0]LogD3D11RHI: GPU Timing Frequency: 1000.000000 (Debug: 2 2)
[2018.09.28-00.59.54:873][  0]LogShaderCompilers: Guid format shader working directory is -24 characters bigger than the processId version (../../../../../../Users/GOTOS/Documents/Unreal Projects/Shooting_BP/Intermediate/Shaders/WorkingDirectory/1288624/).
[2018.09.28-00.59.54:874][  0]LogShaderCompilers: Cleaned the shader compiler working directory 'C:/Users/GOTOS/AppData/Local/Temp/UnrealShaderWorkingDir/18CC9A6F4281D7E6E11E41955434F772/'.
[2018.09.28-00.59.55:308][  0]LogTemp: Display: Loaded TP AllDesktopTargetPlatform
[2018.09.28-00.59.55:324][  0]LogTemp: Display: Loaded TP MacClientTargetPlatform
[2018.09.28-00.59.55:337][  0]LogTemp: Display: Loaded TP MacNoEditorTargetPlatform
[2018.09.28-00.59.55:350][  0]LogTemp: Display: Loaded TP MacServerTargetPlatform
[2018.09.28-00.59.55:363][  0]LogTemp: Display: Loaded TP MacTargetPlatform
[2018.09.28-00.59.55:376][  0]LogTemp: Display: Loaded TP WindowsClientTargetPlatform
[2018.09.28-00.59.55:389][  0]LogTemp: Display: Loaded TP WindowsNoEditorTargetPlatform
[2018.09.28-00.59.55:402][  0]LogTemp: Display: Loaded TP WindowsServerTargetPlatform
[2018.09.28-00.59.55:409][  0]LogTemp: Display: Loaded TP WindowsTargetPlatform
[2018.09.28-00.59.55:488][  0]LogTemp: Display: Loaded TP AndroidTargetPlatform
[2018.09.28-00.59.55:488][  0]LogTemp: Display: Loaded TP AndroidTargetPlatform
[2018.09.28-00.59.55:488][  0]LogTemp: Display: Loaded TP AndroidTargetPlatform
[2018.09.28-00.59.55:488][  0]LogTemp: Display: Loaded TP AndroidTargetPlatform
[2018.09.28-00.59.55:488][  0]LogTemp: Display: Loaded TP AndroidTargetPlatform
[2018.09.28-00.59.55:488][  0]LogTemp: Display: Loaded TP AndroidTargetPlatform
[2018.09.28-00.59.55:488][  0]LogTemp: Display: Loaded TP AndroidTargetPlatform
[2018.09.28-00.59.55:488][  0]LogTemp: Display: Loaded TP AndroidTargetPlatform
[2018.09.28-00.59.55:488][  0]LogTemp: Display: Loaded TP AndroidTargetPlatform
[2018.09.28-00.59.55:488][  0]LogTemp: Display: Loaded TP AndroidTargetPlatform
[2018.09.28-00.59.55:488][  0]LogTemp: Display: Loaded TP AndroidTargetPlatform
[2018.09.28-00.59.55:488][  0]LogTemp: Display: Loaded TP AndroidTargetPlatform
[2018.09.28-00.59.55:488][  0]LogTemp: Display: Loaded TP AndroidTargetPlatform
[2018.09.28-00.59.55:488][  0]LogTemp: Display: Loaded TP AndroidTargetPlatform
[2018.09.28-00.59.55:488][  0]LogTemp: Display: Loaded TP AndroidTargetPlatform
[2018.09.28-00.59.55:488][  0]LogTemp: Display: Loaded TP AndroidTargetPlatform
[2018.09.28-00.59.55:488][  0]LogTemp: Display: Loaded TP AndroidTargetPlatform
[2018.09.28-00.59.55:488][  0]LogTemp: Display: Loaded TP AndroidTargetPlatform
[2018.09.28-00.59.55:490][  0]LogTemp: Display: Loaded TP HTML5TargetPlatform
[2018.09.28-00.59.55:550][  0]LogTemp: Display: Loaded TP IOSTargetPlatform
[2018.09.28-00.59.55:550][  0]LogTemp: Display: Loaded TP IOSTargetPlatform
[2018.09.28-00.59.55:573][  0]LogTemp: Display: Loaded TP TVOSTargetPlatform
[2018.09.28-00.59.55:573][  0]LogTemp: Display: Loaded TP TVOSTargetPlatform
[2018.09.28-00.59.55:585][  0]LogTemp: Display: Loaded TP LinuxClientTargetPlatform
[2018.09.28-00.59.55:597][  0]LogTemp: Display: Loaded TP LinuxNoEditorTargetPlatform
[2018.09.28-00.59.55:610][  0]LogTemp: Display: Loaded TP LinuxServerTargetPlatform
[2018.09.28-00.59.55:622][  0]LogTemp: Display: Loaded TP LinuxTargetPlatform
[2018.09.28-00.59.55:631][  0]LogTemp: Display: Loaded TP LuminTargetPlatform
[2018.09.28-00.59.55:632][  0]LogTargetPlatformManager: Display: Building Assets For Windows
[2018.09.28-00.59.55:689][  0]LogXGEController: Cannot use XGE Controller as Incredibuild is not installed on this machine.
[2018.09.28-00.59.55:689][  0]LogShaderCompilers: Cannot use XGE Shader Compiler as Incredibuild is not installed on this machine.
[2018.09.28-00.59.55:689][  0]LogShaderCompilers: Display: Using Local Shader Compiler.
[2018.09.28-00.59.56:421][  0]LogDerivedDataCache: Display: Max Cache Size: 512 MB
[2018.09.28-00.59.56:499][  0]LogDerivedDataCache: Loaded boot cache 0.08s 86MB C:/Users/GOTOS/AppData/Local/UnrealEngine/4.20/DerivedDataCache/Boot.ddc.
[2018.09.28-00.59.56:499][  0]LogDerivedDataCache: Display: Loaded Boot cache: C:/Users/GOTOS/AppData/Local/UnrealEngine/4.20/DerivedDataCache/Boot.ddc
[2018.09.28-00.59.56:499][  0]LogDerivedDataCache: FDerivedDataBackendGraph:  Pak pak cache file ../../../../../../Users/GOTOS/Documents/Unreal Projects/Shooting_BP/DerivedDataCache/DDC.ddp not found, will not use a pak cache.
[2018.09.28-00.59.56:499][  0]LogDerivedDataCache: Unable to find inner node Pak for hierarchical cache Hierarchy.
[2018.09.28-00.59.56:499][  0]LogDerivedDataCache: FDerivedDataBackendGraph:  CompressedPak pak cache file ../../../../../../Users/GOTOS/Documents/Unreal Projects/Shooting_BP/DerivedDataCache/Compressed.ddp not found, will not use a pak cache.
[2018.09.28-00.59.56:499][  0]LogDerivedDataCache: Unable to find inner node CompressedPak for hierarchical cache Hierarchy.
[2018.09.28-00.59.56:511][  0]LogDerivedDataCache: Display: Pak cache opened for reading ../../../Engine/DerivedDataCache/Compressed.ddp.
[2018.09.28-00.59.56:526][  0]LogDerivedDataCache: Using Local data cache path C:/Users/GOTOS/AppData/Local/UnrealEngine/Common/DerivedDataCache: Writable
[2018.09.28-00.59.56:526][  0]LogDerivedDataCache: Shared data cache path not found in *engine.ini, will not use an Shared cache.
[2018.09.28-00.59.56:526][  0]LogDerivedDataCache: Unable to find inner node Shared for hierarchical cache Hierarchy.
[2018.09.28-00.59.56:545][  0]LogMaterial: Verifying Global Shaders for PCD3D_SM5
[2018.09.28-00.59.56:546][  0]LogSlate: Using FreeType 2.6.0
[2018.09.28-00.59.56:547][  0]LogSlate: SlateFontServices - WITH_FREETYPE: 1, WITH_HARFBUZZ: 1
[2018.09.28-00.59.56:627][  0]LogAssetRegistry: FAssetRegistry took 0.0266 seconds to start up
[2018.09.28-00.59.56:969][  0]LogInit: Selected Device Profile: [Windows]
[2018.09.28-00.59.57:092][  0]LogSimplygon: Simplygon DLL not present - disabling.
[2018.09.28-00.59.57:096][  0]LogMeshReduction: Using SimplygonSwarm for distributed automatic mesh merging
[2018.09.28-00.59.57:096][  0]LogMeshReduction: Using ProxyLODMeshReduction for automatic mesh merging
[2018.09.28-00.59.57:096][  0]LogMeshReduction: Using QuadricMeshReduction for automatic static mesh reduction
[2018.09.28-00.59.57:096][  0]LogMeshReduction: No automatic skeletal mesh reduction module available
[2018.09.28-00.59.57:112][  0]LogNetVersion: Shooting_BP 1.0.0, NetCL: 4212847, EngineNetVer: 5, GameNetVer: 0 (Checksum: 3776464867)
[2018.09.28-00.59.57:632][  0]LogPackageLocalizationCache: Processed 11 localized package path(s) for 2 prioritized culture(s) in 0.141544 seconds
[2018.09.28-00.59.57:638][  0]LogUObjectArray: 38425 objects as part of root set at end of initial load.
[2018.09.28-00.59.57:638][  0]LogUObjectAllocator: 6690872 out of 0 bytes used by permanent object pool.
[2018.09.28-00.59.57:638][  0]LogUObjectArray: CloseDisregardForGC: 0/0 objects in disregard for GC pool
[2018.09.28-00.59.58:544][  0]LogTcpMessaging: Initializing TcpMessaging bridge
[2018.09.28-00.59.58:558][  0]LogUdpMessaging: Initializing bridge on interface 0.0.0.0:0 to multicast group 230.0.0.1:6666.
[2018.09.28-00.59.58:698][  0]SourceControl: Source control is disabled
[2018.09.28-00.59.58:698][  0]SourceControl: Source control is disabled
[2018.09.28-00.59.58:699][  0]SourceControl: Source control is disabled
[2018.09.28-00.59.58:700][  0]SourceControl: Source control is disabled
[2018.09.28-00.59.58:884][  0]LogAndroidPermission: UAndroidPermissionCallbackProxy::GetInstance
[2018.09.28-00.59.58:936][  0]LogOcInput: OculusInput pre-init called
[2018.09.28-00.59.59:006][  0]LogEngine: Initializing Engine...
[2018.09.28-00.59.59:007][  0]LogHMD: Failed to initialize OpenVR with code 110
[2018.09.28-00.59.59:008][  0]LogStats: UGameplayTagsManager::ConstructGameplayTagTree: ImportINI prefixes -  0.000 s
[2018.09.28-00.59.59:008][  0]LogStats: UGameplayTagsManager::ConstructGameplayTagTree: Construct from data asset -  0.000 s
[2018.09.28-00.59.59:008][  0]LogStats: UGameplayTagsManager::ConstructGameplayTagTree: ImportINI -  0.000 s
[2018.09.28-00.59.59:008][  0]LogStats: UGameplayTagsManager::ConstructGameplayTagTree: GameplayTagTreeChangedEvent.Broadcast -  0.000 s
[2018.09.28-00.59.59:217][  0]LogInit: Initializing FReadOnlyCVARCache
[2018.09.28-00.59.59:228][  0]LogAIModule: Creating AISystem for world Untitled
[2018.09.28-00.59.59:238][  0]LogInit: XAudio2 using 'Speakers / Headphones (Realtek Audio)' : 2 channels at 48 kHz using 32 bits per sample (channel mask 0x3)
[2018.09.28-00.59.59:395][  0]LogInit: FAudioDevice initialized.
[2018.09.28-00.59.59:395][  0]LogNetVersion: Set ProjectVersion to 1.0.0.0. Version Checksum will be recalculated on next use.
[2018.09.28-00.59.59:490][  0]LogDerivedDataCache: Saved boot cache 0.09s 86MB C:/Users/GOTOS/AppData/Local/UnrealEngine/4.20/DerivedDataCache/Boot.ddc.
[2018.09.28-00.59.59:519][  0]LogInit: Texture streaming: Enabled
[2018.09.28-00.59.59:540][  0]LogEngineSessionManager: EngineSessionManager initialized
[2018.09.28-00.59.59:647][  0]LogInit: Transaction tracking system initialized
[2018.09.28-00.59.59:666][  0]BlueprintLog: New page: Editor Load
[2018.09.28-00.59.59:740][  0]LocalizationService: Localization service is disabled
[2018.09.28-00.59.59:994][  0]LogCook: Display: Max memory allowance for cook 16384mb min free memory 0mb
[2018.09.28-00.59.59:994][  0]LogCook: Display: Mobile HDR setting 1
[2018.09.28-00.59.59:994][  0]LogGameplayTags: Display: UGameplayTagsManager::DoneAddingNativeTags. DelegateIsBound: 0
[2018.09.28-00.59.59:994][  0]LogStats: UGameplayTagsManager::ConstructGameplayTagTree: ImportINI prefixes -  0.000 s
[2018.09.28-00.59.59:994][  0]LogStats: UGameplayTagsManager::ConstructGameplayTagTree: Construct from data asset -  0.000 s
[2018.09.28-00.59.59:994][  0]LogStats: UGameplayTagsManager::ConstructGameplayTagTree: ImportINI -  0.000 s
[2018.09.28-00.59.59:994][  0]LogStats: UGameplayTagsManager::ConstructGameplayTagTree: GameplayTagTreeChangedEvent.Broadcast -  0.000 s
[2018.09.28-01.00.00:131][  0]LogFileCache: Scanning file cache for directory 'C:/Users/GOTOS/Documents/Unreal Projects/Shooting_BP/Content/' took 0.02s
[2018.09.28-01.00.00:131][  0]SourceControl: Source control is disabled
[2018.09.28-01.00.00:131][  0]Cmd: MAP LOAD FILE="../../../../../../Users/GOTOS/Documents/Unreal Projects/Shooting_BP/Content/ThirdPersonBP/Maps/ThirdPersonExampleMap.umap" TEMPLATE=0 SHOWPROGRESS=1 FEATURELEVEL=3
[2018.09.28-01.00.00:134][  0]LightingResults: New page: Lighting Build
[2018.09.28-01.00.00:137][  0]MapCheck: New page: Map Check
[2018.09.28-01.00.00:137][  0]LightingResults: New page: Lighting Build
[2018.09.28-01.00.01:064][  0]LogAIModule: Creating AISystem for world ThirdPersonExampleMap
[2018.09.28-01.00.01:079][  0]LogEditorServer: Finished looking for orphan Actors (0.000 secs)
[2018.09.28-01.00.01:109][  0]Cmd: MAP CHECKDEP NOCLEARLOG
[2018.09.28-01.00.01:200][  0]MapCheck: Map check complete: 0 Error(s), 0 Warning(s), took 90.778ms to complete.
[2018.09.28-01.00.01:200][  0]LogFileHelpers: Loading map 'ThirdPersonExampleMap' took 1.069
[2018.09.28-01.00.01:290][  0]LogSlate: Updating window title bar state: overlay mode, drag disabled, window buttons hidden, title bar hidden
[2018.09.28-01.00.01:300][  0]LogSlate: Updating window title bar state: overlay mode, drag disabled, window buttons hidden, title bar hidden
[2018.09.28-01.00.01:309][  0]LogSlate: Updating window title bar state: overlay mode, drag disabled, window buttons hidden, title bar hidden
[2018.09.28-01.00.01:317][  0]LogSlate: Updating window title bar state: overlay mode, drag disabled, window buttons hidden, title bar hidden
[2018.09.28-01.00.01:326][  0]LogCollectionManager: Loaded 0 collections in 0.001413 seconds
[2018.09.28-01.00.01:378][  0]LogFileCache: Scanning file cache for directory 'C:/Users/GOTOS/Documents/Unreal Projects/Shooting_BP/Saved/Collections/' took 0.01s
[2018.09.28-01.00.01:378][  0]LogFileCache: Scanning file cache for directory 'C:/Users/GOTOS/Documents/Unreal Projects/Shooting_BP/Content/Developers/gotos/Collections/' took 0.01s
[2018.09.28-01.00.01:378][  0]LogFileCache: Scanning file cache for directory 'C:/Users/GOTOS/Documents/Unreal Projects/Shooting_BP/Content/Collections/' took 0.01s
[2018.09.28-01.00.01:378][  0]LogCollectionManager: Rebuilt the GUID cache for 0 collections in 0.000000 seconds
[2018.09.28-01.00.01:394][  0]LogContentBrowser: Native class hierarchy populated in 0.0151 seconds. Added 2572 classes and 603 folders.
[2018.09.28-01.00.01:404][  0]LogContentBrowser: Native class hierarchy updated for 'WidgetCarousel' in 0.0003 seconds. Added 0 classes and 0 folders.
[2018.09.28-01.00.01:505][  0]LogContentBrowser: Native class hierarchy updated for 'AddContentDialog' in 0.0003 seconds. Added 0 classes and 0 folders.
[2018.09.28-01.00.01:516][  0]LogContentBrowser: Native class hierarchy updated for 'SceneOutliner' in 0.0003 seconds. Added 1 classes and 2 folders.
[2018.09.28-01.00.01:680][  0]LogSlate: Took 0.000204 seconds to synchronously load lazily loaded font '../../../Engine/Content/Slate/Fonts/Roboto-Regular.ttf' (155K)
[2018.09.28-01.00.01:687][  0]LogSlate: Took 0.000382 seconds to synchronously load lazily loaded font '../../../Engine/Content/Slate/Fonts/Roboto-Bold.ttf' (160K)
[2018.09.28-01.00.01:695][  0]LogSlate: Took 0.001283 seconds to synchronously load lazily loaded font '../../../Engine/Content/Editor/Slate/Fonts/FontAwesome.ttf' (139K)
[2018.09.28-01.00.01:782][  0]LogRenderer: Reallocating scene render targets to support 1180x596 Format 10 NumSamples 1 (Frame:1).
[2018.09.28-01.00.01:904][  0]LogContentBrowser: Native class hierarchy updated for 'HierarchicalLODOutliner' in 0.0004 seconds. Added 0 classes and 0 folders.
[2018.09.28-01.00.01:904][  0]LogLoad: (Engine Initialization) Total time: 9.96 seconds
[2018.09.28-01.00.01:905][  0]LogLoad: (Engine Initialization) Total Blueprint compile time: 0.00 seconds
[2018.09.28-01.00.01:947][  0]LogContentStreaming: Texture pool size now 1000 MB
[2018.09.28-01.00.01:971][  0]LogSlate: Took 0.001328 seconds to synchronously load lazily loaded font '../../../Engine/Content/Slate/Fonts/Roboto-Light.ttf' (167K)
[2018.09.28-01.00.02:010][  1]LogAssetRegistry: Asset discovery search completed in 5.4055 seconds
[2018.09.28-01.00.02:011][  1]LogCollectionManager: Rebuilt the object cache for 0 collections in 0.000000 seconds (found 0 objects)
[2018.09.28-01.00.02:011][  1]LogCollectionManager: Fixed up redirectors for 0 collections in 0.000042 seconds (updated 0 objects)
[2018.09.28-01.00.03:330][  5]LogSlate: Took 0.000387 seconds to synchronously load lazily loaded font '../../../Engine/Content/Slate/Fonts/Roboto-Light.ttf' (167K)
[2018.09.28-01.01.12:778][258]LogSlate: FSceneViewport::OnFocusLost() reason 0
[2018.09.28-01.16.03:447][333]LogEditorViewport: Clicking on Actor (LMB): StaticMeshActor (Floor)
[2018.09.28-01.16.07:075][719]LogSlate: FSceneViewport::OnFocusLost() reason 0
[2018.09.28-01.16.07:313][745]LogAssetEditorManager: Opening Asset editor for Blueprint /Game/AI/BTTask_Jump.BTTask_Jump
[2018.09.28-01.16.07:798][745]LogContentBrowser: Native class hierarchy updated for 'BlueprintGraph' in 0.0006 seconds. Added 116 classes and 0 folders.
[2018.09.28-01.16.08:599][745]LogSlate: Took 0.001289 seconds to synchronously load lazily loaded font '../../../Engine/Content/Slate/Fonts/Roboto-BoldCondensed.ttf' (158K)
[2018.09.28-01.16.08:643][746]LogSlate: Took 0.001142 seconds to synchronously load lazily loaded font '../../../Engine/Content/Slate/Fonts/Roboto-Italic.ttf' (157K)
[2018.09.28-01.16.20:250][833]LogSlate: Window 'BTTask_Jump' being destroyed
[2018.09.28-01.16.22:095][ 44]LogAssetEditorManager: Opening Asset editor for Blueprint /Game/AI/BTTask_AttakPlayer.BTTask_AttakPlayer
[2018.09.28-01.16.27:355][627]LogAssetEditorManager: Opening Asset editor for Blueprint /Game/AI/BTTask_ChasePlayer.BTTask_ChasePlayer
[2018.09.28-01.16.30:902][  0]LogAssetEditorManager: Opening Asset editor for Blueprint /Game/AI/BTTask_Wander.BTTask_Wander
[2018.09.28-01.16.33:909][311]LogAssetEditorManager: Opening Asset editor for BehaviorTree /Game/AI/Enemy_BT.Enemy_BT
[2018.09.28-01.17.26:050][359]LogSlate: FSceneViewport::OnFocusLost() reason 0
[2018.09.28-03.29.52:671][933]LogEditorViewport: Clicking on Actor (LMB): StaticMeshActor (Floor)
[2018.09.28-03.30.27:413][443]LogEditorViewport: Clicking on Actor (context menu): StaticMeshActor (Floor)
[2018.09.28-03.30.27:441][443]LogSlate: FSceneViewport::OnFocusLost() reason 2
[2018.09.28-03.30.29:293][664]LogEditorViewport: Clicking on Actor (LMB): StaticMeshActor (Floor)
[2018.09.28-03.31.00:822][671]LogEditorViewport: Clicking on Actor (LMB): ThirdPersonCharacter_C (ThirdPersonCharacter)
[2018.09.28-03.31.02:659][824]LogSlate: FSceneViewport::OnFocusLost() reason 0
[2018.09.28-03.31.02:812][841]LogAssetEditorManager: Opening Asset editor for Blueprint /Game/ThirdPersonBP/Blueprints/ThirdPersonCharacter.ThirdPersonCharacter
[2018.09.28-03.31.10:115][281]LogEditorViewport: Clicking on Actor (LMB): ThirdPersonCharacter_C (ThirdPersonCharacter)
[2018.09.28-03.31.10:272][292]LogEditorViewport: Clicking on Component (LMB): CameraComponent (FollowCamera)
[2018.09.28-03.31.16:046][806]LogEditorViewport: Clicking on Component (LMB): CameraComponent (FollowCamera)
[2018.09.28-03.31.16:172][814]LogEditorViewport: Clicking on Actor (double click): ThirdPersonCharacter_C (ThirdPersonCharacter)
[2018.09.28-03.31.16:931][876]LogEditorViewport: Clicking on Actor (LMB): StaticMeshActor (Floor)
[2018.09.28-03.31.17:702][954]LogEditorViewport: Clicking on Actor (LMB): ThirdPersonCharacter_C (ThirdPersonCharacter)
[2018.09.28-03.35.09:392][748]LogSlate: FSceneViewport::OnFocusLost() reason 0
[2018.09.28-03.35.09:505][761]LogTemp: Repeating last play command: New Editor Window (PIE)
[2018.09.28-03.35.09:535][761]LogBlueprintUserMessages: Early PlayInEditor Detection: Level '/Game/ThirdPersonBP/Maps/ThirdPersonExampleMap.ThirdPersonExampleMap:PersistentLevel' has LevelScriptBlueprint '/Game/ThirdPersonBP/Maps/ThirdPersonExampleMap.ThirdPersonExampleMap:PersistentLevel.ThirdPersonExampleMap' with GeneratedClass '/Game/ThirdPersonBP/Maps/ThirdPersonExampleMap.ThirdPersonExampleMap_C' with ClassGeneratedBy '/Game/ThirdPersonBP/Maps/ThirdPersonExampleMap.ThirdPersonExampleMap:PersistentLevel.ThirdPersonExampleMap'
[2018.09.28-03.35.09:538][761]LogPlayLevel: PlayLevel: No blueprints needed recompiling
[2018.09.28-03.35.09:552][761]PIE: New page: PIE session: ThirdPersonExampleMap (28 Sep 2018 7:35:09 pm)
[2018.09.28-03.35.09:552][761]LogPlayLevel: Creating play world package: /Game/ThirdPersonBP/Maps/UEDPIE_0_ThirdPersonExampleMap
[2018.09.28-03.35.09:588][761]LogPlayLevel: PIE: StaticDuplicateObject took: (0.035336s)
[2018.09.28-03.35.09:589][761]LogAIModule: Creating AISystem for world ThirdPersonExampleMap
[2018.09.28-03.35.09:589][761]LogPlayLevel: PIE: World Init took: (0.001221s)
[2018.09.28-03.35.09:589][761]LogPlayLevel: PIE: Created PIE world by copying editor world from /Game/ThirdPersonBP/Maps/ThirdPersonExampleMap.ThirdPersonExampleMap to /Game/ThirdPersonBP/Maps/UEDPIE_0_ThirdPersonExampleMap.ThirdPersonExampleMap (0.036807s)
[2018.09.28-03.35.09:683][761]LogInit: XAudio2 using 'Speakers / Headphones (Realtek Audio)' : 2 channels at 48 kHz using 32 bits per sample (channel mask 0x3)
[2018.09.28-03.35.09:708][761]LogInit: FAudioDevice initialized.
[2018.09.28-03.35.09:715][761]LogSlate: Updating window title bar state: overlay mode, drag disabled, window buttons hidden, title bar hidden
[2018.09.28-03.35.09:774][761]LogLoad: Game class is 'ThirdPersonGameMode_C'
[2018.09.28-03.35.09:777][761]LogWorld: Bringing World /Game/ThirdPersonBP/Maps/UEDPIE_0_ThirdPersonExampleMap.ThirdPersonExampleMap up for play (max tick rate 0) at 2018.09.28-11.35.09
[2018.09.28-03.35.09:778][761]LogWorld: Bringing up level for play took: 0.002964
[2018.09.28-03.35.09:794][761]LogContentBrowser: Native class hierarchy updated for 'MovieSceneCapture' in 0.0004 seconds. Added 10 classes and 0 folders.
[2018.09.28-03.35.09:801][761]PIE: Play in editor start time for /Game/ThirdPersonBP/Maps/UEDPIE_0_ThirdPersonExampleMap 1.123
[2018.09.28-03.35.09:801][761]LogBlueprintUserMessages: Late PlayInEditor Detection: Level '/Game/ThirdPersonBP/Maps/ThirdPersonExampleMap.ThirdPersonExampleMap:PersistentLevel' has LevelScriptBlueprint '/Game/ThirdPersonBP/Maps/ThirdPersonExampleMap.ThirdPersonExampleMap:PersistentLevel.ThirdPersonExampleMap' with GeneratedClass '/Game/ThirdPersonBP/Maps/ThirdPersonExampleMap.ThirdPersonExampleMap_C' with ClassGeneratedBy '/Game/ThirdPersonBP/Maps/ThirdPersonExampleMap.ThirdPersonExampleMap:PersistentLevel.ThirdPersonExampleMap'
[2018.09.28-03.35.09:830][761]LogRenderer: Reallocating scene render targets to support 1292x756 Format 10 NumSamples 1 (Frame:1).
[2018.09.28-03.35.11:558][931]LogBlueprintUserMessages: Early EndPlayMap Detection: Level '/Game/ThirdPersonBP/Maps/ThirdPersonExampleMap.ThirdPersonExampleMap:PersistentLevel' has LevelScriptBlueprint '/Game/ThirdPersonBP/Maps/ThirdPersonExampleMap.ThirdPersonExampleMap:PersistentLevel.ThirdPersonExampleMap' with GeneratedClass '/Game/ThirdPersonBP/Maps/ThirdPersonExampleMap.ThirdPersonExampleMap_C' with ClassGeneratedBy '/Game/ThirdPersonBP/Maps/ThirdPersonExampleMap.ThirdPersonExampleMap:PersistentLevel.ThirdPersonExampleMap'
[2018.09.28-03.35.11:561][931]LogSlate: Updating window title bar state: overlay mode, drag disabled, window buttons hidden, title bar hidden
[2018.09.28-03.35.11:578][931]LogSlate: Window 'Shooting_BP Game Preview Standalone (64-bit/PCD3D_SM5)' being destroyed
[2018.09.28-03.35.11:621][931]LogPlayLevel: Display: Shutting down PIE online subsystems
[2018.09.28-03.35.11:622][931]LogBlueprintUserMessages: Late EndPlayMap Detection: Level '/Game/ThirdPersonBP/Maps/ThirdPersonExampleMap.ThirdPersonExampleMap:PersistentLevel' has LevelScriptBlueprint '/Game/ThirdPersonBP/Maps/ThirdPersonExampleMap.ThirdPersonExampleMap:PersistentLevel.ThirdPersonExampleMap' with GeneratedClass '/Game/ThirdPersonBP/Maps/ThirdPersonExampleMap.ThirdPersonExampleMap_C' with ClassGeneratedBy '/Game/ThirdPersonBP/Maps/ThirdPersonExampleMap.ThirdPersonExampleMap:PersistentLevel.ThirdPersonExampleMap'
[2018.09.28-03.35.11:686][932]LogPlayLevel: Display: Destroying online subsystem :Context_8
[2018.09.28-07.10.57:577][931]LogSlate: FSceneViewport::OnFocusLost() reason 0
[2018.09.28-07.11.28:772][722]LogSlate: Window 'Pick Parent Class' being destroyed
[2018.09.28-07.11.35:773][862]LogPackageName: SearchForPackageOnDisk took   0.000s, but failed to resolve /Game/Enemy/NewBlueprint.
[2018.09.28-07.11.50:315][961]LogMetaData: Removing '/Game/Enemy/EnemySpown.EnemySpown:UserConstructionScript.K2Node_FunctionEntry_0' ref from Metadata '/Game/Enemy/NewBlueprint.PackageMetaData'
[2018.09.28-07.11.50:315][961]LogMetaData: Removing '/Game/Enemy/EnemySpown.SKEL_EnemySpown_C' ref from Metadata '/Game/Enemy/NewBlueprint.PackageMetaData'
[2018.09.28-07.11.50:315][961]LogMetaData: Removing '/Game/Enemy/EnemySpown.EnemySpown_C' ref from Metadata '/Game/Enemy/NewBlueprint.PackageMetaData'
[2018.09.28-07.11.50:315][961]LogMetaData: Removing '/Game/Enemy/EnemySpown.EnemySpown:EventGraph.K2Node_Event_0' ref from Metadata '/Game/Enemy/NewBlueprint.PackageMetaData'
[2018.09.28-07.11.50:315][961]LogMetaData: Removing '/Game/Enemy/EnemySpown.EnemySpown:EventGraph.K2Node_Event_1' ref from Metadata '/Game/Enemy/NewBlueprint.PackageMetaData'
[2018.09.28-07.11.50:315][961]LogMetaData: Removing '/Game/Enemy/EnemySpown.EnemySpown:EventGraph.K2Node_Event_2' ref from Metadata '/Game/Enemy/NewBlueprint.PackageMetaData'
[2018.09.28-07.11.50:333][961]Cmd: OBJ SAVEPACKAGE PACKAGE="/Game/Enemy/EnemySpown" FILE="../../../../../../Users/GOTOS/Documents/Unreal Projects/Shooting_BP/Content/Enemy/EnemySpown.uasset" SILENT=true
[2018.09.28-07.11.50:341][961]LogSavePackage: Moving '../../../../../../Users/GOTOS/Documents/Unreal Projects/Shooting_BP/Saved/EnemySpown784FC03144E3745380CA15BB060E24B5.tmp' to '../../../../../../Users/GOTOS/Documents/Unreal Projects/Shooting_BP/Content/Enemy/EnemySpown.uasset'
[2018.09.28-07.11.50:954][967]LogPackageName: SearchForPackageOnDisk took   0.000s to resolve /Game/Enemy/EnemySpown.
[2018.09.28-07.12.06:948][901]LogMetaData: Removing '/Game/Enemy/EnemySpawn.EnemySpawn_C' ref from Metadata '/Game/Enemy/EnemySpown.PackageMetaData'
[2018.09.28-07.12.06:948][901]LogMetaData: Removing '/Game/Enemy/EnemySpawn.SKEL_EnemySpawn_C' ref from Metadata '/Game/Enemy/EnemySpown.PackageMetaData'
[2018.09.28-07.12.06:948][901]LogMetaData: Removing '/Game/Enemy/EnemySpawn.EnemySpawn:UserConstructionScript.K2Node_FunctionEntry_0' ref from Metadata '/Game/Enemy/EnemySpown.PackageMetaData'
[2018.09.28-07.12.06:948][901]LogMetaData: Removing '/Game/Enemy/EnemySpawn.EnemySpawn:EventGraph.K2Node_Event_0' ref from Metadata '/Game/Enemy/EnemySpown.PackageMetaData'
[2018.09.28-07.12.06:948][901]LogMetaData: Removing '/Game/Enemy/EnemySpawn.EnemySpawn:EventGraph.K2Node_Event_1' ref from Metadata '/Game/Enemy/EnemySpown.PackageMetaData'
[2018.09.28-07.12.06:948][901]LogMetaData: Removing '/Game/Enemy/EnemySpawn.EnemySpawn:EventGraph.K2Node_Event_2' ref from Metadata '/Game/Enemy/EnemySpown.PackageMetaData'
[2018.09.28-07.12.06:961][901]Cmd: OBJ SAVEPACKAGE PACKAGE="/Game/Enemy/EnemySpawn" FILE="../../../../../../Users/GOTOS/Documents/Unreal Projects/Shooting_BP/Content/Enemy/EnemySpawn.uasset" SILENT=true
[2018.09.28-07.12.06:969][901]LogSavePackage: Moving '../../../../../../Users/GOTOS/Documents/Unreal Projects/Shooting_BP/Saved/EnemySpawn5B7096CC4DEFEA5E724FFC8D1DCB7373.tmp' to '../../../../../../Users/GOTOS/Documents/Unreal Projects/Shooting_BP/Content/Enemy/EnemySpawn.uasset'
[2018.09.28-07.12.07:280][909]LogPackageName: SearchForPackageOnDisk took   0.000s to resolve /Game/Enemy/EnemySpawn.
[2018.09.28-07.12.13:039][215]LogMetaData: Removing '/Game/Enemy/EnemySpawnPoint.EnemySpawnPoint_C' ref from Metadata '/Game/Enemy/EnemySpawn.PackageMetaData'
[2018.09.28-07.12.13:040][215]LogMetaData: Removing '/Game/Enemy/EnemySpawnPoint.SKEL_EnemySpawnPoint_C' ref from Metadata '/Game/Enemy/EnemySpawn.PackageMetaData'
[2018.09.28-07.12.13:040][215]LogMetaData: Removing '/Game/Enemy/EnemySpawnPoint.EnemySpawnPoint:UserConstructionScript.K2Node_FunctionEntry_0' ref from Metadata '/Game/Enemy/EnemySpawn.PackageMetaData'
[2018.09.28-07.12.13:040][215]LogMetaData: Removing '/Game/Enemy/EnemySpawnPoint.EnemySpawnPoint:EventGraph.K2Node_Event_0' ref from Metadata '/Game/Enemy/EnemySpawn.PackageMetaData'
[2018.09.28-07.12.13:040][215]LogMetaData: Removing '/Game/Enemy/EnemySpawnPoint.EnemySpawnPoint:EventGraph.K2Node_Event_1' ref from Metadata '/Game/Enemy/EnemySpawn.PackageMetaData'
[2018.09.28-07.12.13:040][215]LogMetaData: Removing '/Game/Enemy/EnemySpawnPoint.EnemySpawnPoint:EventGraph.K2Node_Event_2' ref from Metadata '/Game/Enemy/EnemySpawn.PackageMetaData'
[2018.09.28-07.12.13:053][215]Cmd: OBJ SAVEPACKAGE PACKAGE="/Game/Enemy/EnemySpawnPoint" FILE="../../../../../../Users/GOTOS/Documents/Unreal Projects/Shooting_BP/Content/Enemy/EnemySpawnPoint.uasset" SILENT=true
[2018.09.28-07.12.13:060][215]LogSavePackage: Moving '../../../../../../Users/GOTOS/Documents/Unreal Projects/Shooting_BP/Saved/EnemySpawnPoint41CB7DF9498E03A79C3E0A87FE957C29.tmp' to '../../../../../../Users/GOTOS/Documents/Unreal Projects/Shooting_BP/Content/Enemy/EnemySpawnPoint.uasset'
[2018.09.28-07.12.13:341][221]LogPackageName: SearchForPackageOnDisk took   0.000s to resolve /Game/Enemy/EnemySpawnPoint.
[2018.09.28-07.12.31:856][905]LogAssetEditorManager: Opening Asset editor for Blueprint /Game/Enemy/EnemySpawnPoint.EnemySpawnPoint
[2018.09.28-07.15.09:613][619]LogFileHelpers: Editor autosave (incl. sublevels) for '/Game/ThirdPersonBP/Maps/ThirdPersonExampleMap' took 0.031
[2018.09.28-07.15.09:614][619]OBJ SavePackage: Generating thumbnails for [0] asset(s) in package [/Game/Enemy/EnemySpawnPoint] ([1] browsable assets)...
[2018.09.28-07.15.09:614][619]OBJ SavePackage: Finished generating thumbnails for package [/Game/Enemy/EnemySpawnPoint]
[2018.09.28-07.15.09:633][619]LogSavePackage: Moving '../../../../../../Users/GOTOS/Documents/Unreal Projects/Shooting_BP/Saved/EnemySpawnPoint_Auto137BFBB4E4AE0DE52871E6496EDA3F05F.tmp' to '../../../../../../Users/GOTOS/Documents/Unreal Projects/Shooting_BP/Saved/Autosaves/Game/Enemy/EnemySpawnPoint_Auto1.uasset'
[2018.09.28-07.15.09:635][619]LogFileHelpers: Auto-saving content packages took 0.021
[2018.09.28-07.16.37:537][952]LogSlate: Prevented a slow task dialog from being summoned while a context menu was open
[2018.09.28-07.18.29:083][184]LogSlate: FSceneViewport::OnFocusLost() reason 0
[2018.09.28-07.18.44:174][922]LogSlate: FSceneViewport::OnFocusLost() reason 0
[2018.09.28-07.18.55:293][194]LogSlate: FSceneViewport::OnFocusLost() reason 0
[2018.09.28-07.19.03:349][ 95]LogSlate: FSceneViewport::OnFocusLost() reason 0
[2018.09.28-07.19.05:802][379]LogSlate: FSceneViewport::OnFocusLost() reason 0
[2018.09.28-07.19.05:910][392]LogTemp: Repeating last play command: New Editor Window (PIE)
[2018.09.28-07.19.05:940][392]LogBlueprintUserMessages: Early PlayInEditor Detection: Level '/Game/ThirdPersonBP/Maps/ThirdPersonExampleMap.ThirdPersonExampleMap:PersistentLevel' has LevelScriptBlueprint '/Game/ThirdPersonBP/Maps/ThirdPersonExampleMap.ThirdPersonExampleMap:PersistentLevel.ThirdPersonExampleMap' with GeneratedClass '/Game/ThirdPersonBP/Maps/ThirdPersonExampleMap.ThirdPersonExampleMap_C' with ClassGeneratedBy '/Game/ThirdPersonBP/Maps/ThirdPersonExampleMap.ThirdPersonExampleMap:PersistentLevel.ThirdPersonExampleMap'
[2018.09.28-07.19.05:944][392]BlueprintLog: New page: Pre-Play auto-recompile
[2018.09.28-07.19.05:949][392]LogPlayLevel: [PlayLevel] Compiling EnemySpawnPoint before play...
[2018.09.28-07.19.06:197][392]LogPlayLevel: PlayLevel: Blueprint regeneration took 252 ms (1 blueprints)
[2018.09.28-07.19.06:197][392]PIE: New page: PIE session: ThirdPersonExampleMap (28 Sep 2018 11:19:06 pm)
[2018.09.28-07.19.06:197][392]LogPlayLevel: Creating play world package: /Game/ThirdPersonBP/Maps/UEDPIE_0_ThirdPersonExampleMap
[2018.09.28-07.19.06:212][392]LogPlayLevel: PIE: StaticDuplicateObject took: (0.015162s)
[2018.09.28-07.19.06:213][392]LogAIModule: Creating AISystem for world ThirdPersonExampleMap
[2018.09.28-07.19.06:213][392]LogPlayLevel: PIE: World Init took: (0.000986s)
[2018.09.28-07.19.06:213][392]LogPlayLevel: PIE: Created PIE world by copying editor world from /Game/ThirdPersonBP/Maps/ThirdPersonExampleMap.ThirdPersonExampleMap to /Game/ThirdPersonBP/Maps/UEDPIE_0_ThirdPersonExampleMap.ThirdPersonExampleMap (0.016314s)
[2018.09.28-07.19.06:254][392]LogInit: XAudio2 using 'Speakers / Headphones (Realtek Audio)' : 2 channels at 48 kHz using 32 bits per sample (channel mask 0x3)
[2018.09.28-07.19.06:272][392]LogInit: FAudioDevice initialized.
[2018.09.28-07.19.06:278][392]LogSlate: Updating window title bar state: overlay mode, drag disabled, window buttons hidden, title bar hidden
[2018.09.28-07.19.06:310][392]LogLoad: Game class is 'ThirdPersonGameMode_C'
[2018.09.28-07.19.06:313][392]LogWorld: Bringing World /Game/ThirdPersonBP/Maps/UEDPIE_0_ThirdPersonExampleMap.ThirdPersonExampleMap up for play (max tick rate 0) at 2018.09.28-15.19.06
[2018.09.28-07.19.06:314][392]LogWorld: Bringing up level for play took: 0.002788
[2018.09.28-07.19.06:332][392]PIE: Play in editor start time for /Game/ThirdPersonBP/Maps/UEDPIE_0_ThirdPersonExampleMap -0.549
[2018.09.28-07.19.06:332][392]LogBlueprintUserMessages: Late PlayInEditor Detection: Level '/Game/ThirdPersonBP/Maps/ThirdPersonExampleMap.ThirdPersonExampleMap:PersistentLevel' has LevelScriptBlueprint '/Game/ThirdPersonBP/Maps/ThirdPersonExampleMap.ThirdPersonExampleMap:PersistentLevel.ThirdPersonExampleMap' with GeneratedClass '/Game/ThirdPersonBP/Maps/ThirdPersonExampleMap.ThirdPersonExampleMap_C' with ClassGeneratedBy '/Game/ThirdPersonBP/Maps/ThirdPersonExampleMap.ThirdPersonExampleMap:PersistentLevel.ThirdPersonExampleMap'
[2018.09.28-07.19.25:395][928]LogSpawn: Warning: SpawnActor failed because of collision at the spawn location [X=940.450 Y=1416.189 Z=218.313] for [EnemyCharacter_BP_C]
[2018.09.28-07.19.32:940][306]LogSpawn: Warning: SpawnActor failed because of collision at the spawn location [X=947.658 Y=1421.466 Z=218.313] for [EnemyCharacter_BP_C]
[2018.09.28-07.19.51:580][957]LogSpawn: Warning: SpawnActor failed because of collision at the spawn location [X=940.000 Y=1460.034 Z=218.313] for [EnemyCharacter_BP_C]
[2018.09.28-07.20.02:001][185]LogSpawn: Warning: SpawnActor failed because of collision at the spawn location [X=941.231 Y=1455.847 Z=218.313] for [EnemyCharacter_BP_C]
[2018.09.28-07.20.17:442][442]LogSpawn: Warning: SpawnActor failed because of collision at the spawn location [X=828.000 Y=-1210.000 Z=218.308] for [EnemyCharacter_BP_C]
[2018.09.28-07.20.21:428][496]LogSpawn: Warning: SpawnActor failed because of collision at the spawn location [X=940.000 Y=1416.017 Z=218.313] for [EnemyCharacter_BP_C]
[2018.09.28-07.20.25:114][543]LogSpawn: Warning: SpawnActor failed because of collision at the spawn location [X=-1432.000 Y=-1380.000 Z=218.247] for [EnemyCharacter_BP_C]
[2018.09.28-07.20.25:811][552]LogSpawn: Warning: SpawnActor failed because of collision at the spawn location [X=828.000 Y=-1210.000 Z=218.308] for [EnemyCharacter_BP_C]
[2018.09.28-07.20.28:616][588]LogSpawn: Warning: SpawnActor failed because of collision at the spawn location [X=828.000 Y=-1210.000 Z=218.308] for [EnemyCharacter_BP_C]
[2018.09.28-07.20.29:261][596]LogSpawn: Warning: SpawnActor failed because of collision at the spawn location [X=-1432.000 Y=-1380.000 Z=218.247] for [EnemyCharacter_BP_C]
[2018.09.28-07.20.32:383][634]LogSpawn: Warning: SpawnActor failed because of collision at the spawn location [X=-1432.000 Y=-1380.000 Z=218.247] for [EnemyCharacter_BP_C]
[2018.09.28-07.20.34:220][655]LogSpawn: Warning: SpawnActor failed because of collision at the spawn location [X=-1442.000 Y=1160.000 Z=218.247] for [EnemyCharacter_BP_C]
[2018.09.28-07.20.35:312][668]LogBlueprintUserMessages: Early EndPlayMap Detection: Level '/Game/ThirdPersonBP/Maps/ThirdPersonExampleMap.ThirdPersonExampleMap:PersistentLevel' has LevelScriptBlueprint '/Game/ThirdPersonBP/Maps/ThirdPersonExampleMap.ThirdPersonExampleMap:PersistentLevel.ThirdPersonExampleMap' with GeneratedClass '/Game/ThirdPersonBP/Maps/ThirdPersonExampleMap.ThirdPersonExampleMap_C' with ClassGeneratedBy '/Game/ThirdPersonBP/Maps/ThirdPersonExampleMap.ThirdPersonExampleMap:PersistentLevel.ThirdPersonExampleMap'
[2018.09.28-07.20.35:316][668]LogSlate: Updating window title bar state: overlay mode, drag disabled, window buttons hidden, title bar hidden
[2018.09.28-07.20.35:338][668]LogSlate: Window 'Shooting_BP Game Preview Standalone (64-bit/PCD3D_SM5)' being destroyed
[2018.09.28-07.20.35:496][668]LogPlayLevel: Display: Shutting down PIE online subsystems
[2018.09.28-07.20.35:497][668]LogBlueprintUserMessages: Late EndPlayMap Detection: Level '/Game/ThirdPersonBP/Maps/ThirdPersonExampleMap.ThirdPersonExampleMap:PersistentLevel' has LevelScriptBlueprint '/Game/ThirdPersonBP/Maps/ThirdPersonExampleMap.ThirdPersonExampleMap:PersistentLevel.ThirdPersonExampleMap' with GeneratedClass '/Game/ThirdPersonBP/Maps/ThirdPersonExampleMap.ThirdPersonExampleMap_C' with ClassGeneratedBy '/Game/ThirdPersonBP/Maps/ThirdPersonExampleMap.ThirdPersonExampleMap:PersistentLevel.ThirdPersonExampleMap'
[2018.09.28-07.20.35:682][669]LogPlayLevel: Display: Destroying online subsystem :Context_11
[2018.09.28-07.21.20:454][718]LogTemp: Repeating last play command: New Editor Window (PIE)
[2018.09.28-07.21.20:485][718]LogBlueprintUserMessages: Early PlayInEditor Detection: Level '/Game/ThirdPersonBP/Maps/ThirdPersonExampleMap.ThirdPersonExampleMap:PersistentLevel' has LevelScriptBlueprint '/Game/ThirdPersonBP/Maps/ThirdPersonExampleMap.ThirdPersonExampleMap:PersistentLevel.ThirdPersonExampleMap' with GeneratedClass '/Game/ThirdPersonBP/Maps/ThirdPersonExampleMap.ThirdPersonExampleMap_C' with ClassGeneratedBy '/Game/ThirdPersonBP/Maps/ThirdPersonExampleMap.ThirdPersonExampleMap:PersistentLevel.ThirdPersonExampleMap'
[2018.09.28-07.21.20:488][718]BlueprintLog: New page: Pre-Play auto-recompile
[2018.09.28-07.21.20:490][718]LogPlayLevel: [PlayLevel] Compiling EnemySpawnPoint before play...
[2018.09.28-07.21.20:688][718]LogPlayLevel: PlayLevel: Blueprint regeneration took 199 ms (1 blueprints)
[2018.09.28-07.21.20:688][718]PIE: New page: PIE session: ThirdPersonExampleMap (28 Sep 2018 11:21:20 pm)
[2018.09.28-07.21.20:688][718]LogPlayLevel: Creating play world package: /Game/ThirdPersonBP/Maps/UEDPIE_0_ThirdPersonExampleMap
[2018.09.28-07.21.20:702][718]LogPlayLevel: PIE: StaticDuplicateObject took: (0.013296s)
[2018.09.28-07.21.20:703][718]LogAIModule: Creating AISystem for world ThirdPersonExampleMap
[2018.09.28-07.21.20:703][718]LogPlayLevel: PIE: World Init took: (0.001059s)
[2018.09.28-07.21.20:703][718]LogPlayLevel: PIE: Created PIE world by copying editor world from /Game/ThirdPersonBP/Maps/ThirdPersonExampleMap.ThirdPersonExampleMap to /Game/ThirdPersonBP/Maps/UEDPIE_0_ThirdPersonExampleMap.ThirdPersonExampleMap (0.014537s)
[2018.09.28-07.21.20:738][718]LogInit: XAudio2 using 'Speakers / Headphones (Realtek Audio)' : 2 channels at 48 kHz using 32 bits per sample (channel mask 0x3)
[2018.09.28-07.21.20:755][718]LogInit: FAudioDevice initialized.
[2018.09.28-07.21.20:761][718]LogSlate: Updating window title bar state: overlay mode, drag disabled, window buttons hidden, title bar hidden
[2018.09.28-07.21.20:792][718]LogLoad: Game class is 'ThirdPersonGameMode_C'
[2018.09.28-07.21.20:795][718]LogWorld: Bringing World /Game/ThirdPersonBP/Maps/UEDPIE_0_ThirdPersonExampleMap.ThirdPersonExampleMap up for play (max tick rate 0) at 2018.09.28-15.21.20
[2018.09.28-07.21.20:795][718]LogWorld: Bringing up level for play took: 0.002438
[2018.09.28-07.21.20:810][718]PIE: Play in editor start time for /Game/ThirdPersonBP/Maps/UEDPIE_0_ThirdPersonExampleMap -0.07
[2018.09.28-07.21.20:811][718]LogBlueprintUserMessages: Late PlayInEditor Detection: Level '/Game/ThirdPersonBP/Maps/ThirdPersonExampleMap.ThirdPersonExampleMap:PersistentLevel' has LevelScriptBlueprint '/Game/ThirdPersonBP/Maps/ThirdPersonExampleMap.ThirdPersonExampleMap:PersistentLevel.ThirdPersonExampleMap' with GeneratedClass '/Game/ThirdPersonBP/Maps/ThirdPersonExampleMap.ThirdPersonExampleMap_C' with ClassGeneratedBy '/Game/ThirdPersonBP/Maps/ThirdPersonExampleMap.ThirdPersonExampleMap:PersistentLevel.ThirdPersonExampleMap'
[2018.09.28-07.22.51:521][439]LogSpawn: Warning: SpawnActor failed because of collision at the spawn location [X=942.465 Y=1419.483 Z=218.313] for [EnemyCharacter_BP_C]
[2018.09.28-07.23.07:940][124]LogBlueprintUserMessages: Early EndPlayMap Detection: Level '/Game/ThirdPersonBP/Maps/ThirdPersonExampleMap.ThirdPersonExampleMap:PersistentLevel' has LevelScriptBlueprint '/Game/ThirdPersonBP/Maps/ThirdPersonExampleMap.ThirdPersonExampleMap:PersistentLevel.ThirdPersonExampleMap' with GeneratedClass '/Game/ThirdPersonBP/Maps/ThirdPersonExampleMap.ThirdPersonExampleMap_C' with ClassGeneratedBy '/Game/ThirdPersonBP/Maps/ThirdPersonExampleMap.ThirdPersonExampleMap:PersistentLevel.ThirdPersonExampleMap'
[2018.09.28-07.23.07:943][124]LogSlate: Updating window title bar state: overlay mode, drag disabled, window buttons hidden, title bar hidden
[2018.09.28-07.23.07:962][124]LogSlate: Window 'Shooting_BP Game Preview Standalone (64-bit/PCD3D_SM5)' being destroyed
[2018.09.28-07.23.08:050][124]LogPlayLevel: Display: Shutting down PIE online subsystems
[2018.09.28-07.23.08:050][124]LogBlueprintUserMessages: Late EndPlayMap Detection: Level '/Game/ThirdPersonBP/Maps/ThirdPersonExampleMap.ThirdPersonExampleMap:PersistentLevel' has LevelScriptBlueprint '/Game/ThirdPersonBP/Maps/ThirdPersonExampleMap.ThirdPersonExampleMap:PersistentLevel.ThirdPersonExampleMap' with GeneratedClass '/Game/ThirdPersonBP/Maps/ThirdPersonExampleMap.ThirdPersonExampleMap_C' with ClassGeneratedBy '/Game/ThirdPersonBP/Maps/ThirdPersonExampleMap.ThirdPersonExampleMap:PersistentLevel.ThirdPersonExampleMap'
[2018.09.28-07.23.08:160][125]LogPlayLevel: Display: Destroying online subsystem :Context_12
[2018.09.28-07.28.27:051][365]LogSavePackage: Moving '../../../../../../Users/GOTOS/Documents/Unreal Projects/Shooting_BP/Saved/ThirdPersonExampleMap_Auto2FC877E7D40F5036696D170AC4B199DAA.tmp' to '../../../../../../Users/GOTOS/Documents/Unreal Projects/Shooting_BP/Saved/Autosaves/Game/ThirdPersonBP/Maps/ThirdPersonExampleMap_Auto2.umap'
[2018.09.28-07.28.27:055][365]LogFileHelpers: Editor autosave (incl. sublevels) for '/Game/ThirdPersonBP/Maps/ThirdPersonExampleMap' took 0.260
[2018.09.28-07.28.27:055][365]LogFileHelpers: Editor autosave (incl. sublevels) for all levels took 0.260
[2018.09.28-07.28.27:057][365]OBJ SavePackage: Generating thumbnails for [0] asset(s) in package [/Game/Enemy/EnemySpawnPoint] ([1] browsable assets)...
[2018.09.28-07.28.27:057][365]OBJ SavePackage: Finished generating thumbnails for package [/Game/Enemy/EnemySpawnPoint]
[2018.09.28-07.28.27:082][365]LogSavePackage: Moving '../../../../../../Users/GOTOS/Documents/Unreal Projects/Shooting_BP/Saved/EnemySpawnPoint_Auto2B16C426A47C1B38D267C819C2977D145.tmp' to '../../../../../../Users/GOTOS/Documents/Unreal Projects/Shooting_BP/Saved/Autosaves/Game/Enemy/EnemySpawnPoint_Auto2.uasset'
[2018.09.28-07.28.27:083][365]LogFileHelpers: Auto-saving content packages took 0.028
[2018.09.28-07.40.33:116][514]LogSlate: Window 'Save Content' being destroyed
[2018.09.28-07.40.33:132][514]Cmd: OBJ SAVEPACKAGE PACKAGE="/Game/Enemy/EnemySpawnPoint" FILE="../../../../../../Users/GOTOS/Documents/Unreal Projects/Shooting_BP/Content/Enemy/EnemySpawnPoint.uasset" SILENT=true
[2018.09.28-07.40.33:156][514]LogSavePackage: Moving '../../../../../../Users/GOTOS/Documents/Unreal Projects/Shooting_BP/Saved/EnemySpawnPoint4A0B0D184DF3FE00C8216AB05410D100.tmp' to '../../../../../../Users/GOTOS/Documents/Unreal Projects/Shooting_BP/Content/Enemy/EnemySpawnPoint.uasset'
[2018.09.28-07.40.33:532][514]LogSavePackage: Moving '../../../../../../Users/GOTOS/Documents/Unreal Projects/Shooting_BP/Saved/ThirdPersonExampleMap958A1711462108FED95657812155AD8D.tmp' to '../../../../../../Users/GOTOS/Documents/Unreal Projects/Shooting_BP/Content/ThirdPersonBP/Maps/ThirdPersonExampleMap.umap'
[2018.09.28-07.40.33:572][514]LogFileHelpers: Saving map 'ThirdPersonExampleMap' took 0.409
[2018.09.28-07.40.33:931][514]LogActorComponent: UnregisterComponent: (/Engine/Transient.EditorFloorComp) Not registered. Aborting.
[2018.09.28-07.40.33:986][514]LogSlate: Window 'Shooting_BP - Unreal Editor' being destroyed
[2018.09.28-07.40.34:212][515]Cmd: QUIT_EDITOR
[2018.09.28-07.40.34:390][515]LogWindowsTextInputMethodSystem: Display: IME system now deactivated.
[2018.09.28-07.40.34:399][515]LogExit: Preparing to exit.
[2018.09.28-07.40.34:757][515]LogExit: Editor shut down
[2018.09.28-07.40.34:757][515]LogExit: Transaction tracking system shut down
[2018.09.28-07.40.35:080][515]LogExit: Object subsystem successfully closed.
[2018.09.28-07.40.35:115][515]LogShaderCompilers: Display: Shaders left to compile 0
[2018.09.28-07.40.35:122][515]LogD3D11RHI: Shutdown
[2018.09.28-07.40.35:122][515]LogD3D11RHI: CleanupD3DDevice
[2018.09.28-07.40.35:128][515]LogD3D11RHI: ~FD3D11DynamicRHI
[2018.09.28-07.40.35:156][515]LogModuleManager: Shutting down and abandoning module MovieSceneCapture (616)
[2018.09.28-07.40.35:156][515]LogModuleManager: Shutting down and abandoning module Voice (614)
[2018.09.28-07.40.35:156][515]LogModuleManager: Shutting down and abandoning module BlueprintGraph (612)
[2018.09.28-07.40.35:156][515]LogModuleManager: Shutting down and abandoning module HierarchicalLODOutliner (610)
[2018.09.28-07.40.35:156][515]LogModuleManager: Shutting down and abandoning module SceneOutliner (608)
[2018.09.28-07.40.35:156][515]LogModuleManager: Shutting down and abandoning module AddContentDialog (606)
[2018.09.28-07.40.35:158][515]LogModuleManager: Shutting down and abandoning module WidgetCarousel (605)
[2018.09.28-07.40.35:158][515]LogModuleManager: Shutting down and abandoning module EditorWidgets (602)
[2018.09.28-07.40.35:158][515]LogModuleManager: Shutting down and abandoning module CollectionManager (600)
[2018.09.28-07.40.35:158][515]LogModuleManager: Shutting down and abandoning module StatsViewer (598)
[2018.09.28-07.40.35:158][515]LogModuleManager: Shutting down and abandoning module FoliageEdit (596)
[2018.09.28-07.40.35:158][515]LogModuleManager: Shutting down and abandoning module LandscapeEditor (594)
[2018.09.28-07.40.35:159][515]LogModuleManager: Shutting down and abandoning module MeshPaintMode (592)
[2018.09.28-07.40.35:159][515]LogModuleManager: Shutting down and abandoning module SceneDepthPickerMode (590)
[2018.09.28-07.40.35:159][515]LogModuleManager: Shutting down and abandoning module ActorPickerMode (588)
[2018.09.28-07.40.35:159][515]LogModuleManager: Shutting down and abandoning module GeometryMode (586)
[2018.09.28-07.40.35:159][515]LogModuleManager: Shutting down and abandoning module TextureAlignMode (584)
[2018.09.28-07.40.35:159][515]LogModuleManager: Shutting down and abandoning module BspMode (582)
[2018.09.28-07.40.35:159][515]LogModuleManager: Shutting down and abandoning module PIEPreviewDeviceProfileSelector (580)
[2018.09.28-07.40.35:159][515]LogModuleManager: Shutting down and abandoning module SequenceRecorderSections (578)
[2018.09.28-07.40.35:159][515]LogModuleManager: Shutting down and abandoning module AutomationWorker (576)
[2018.09.28-07.40.35:159][515]LogModuleManager: Shutting down and abandoning module AudioCaptureEditor (574)
[2018.09.28-07.40.35:159][515]LogModuleManager: Shutting down and abandoning module SequenceRecorder (573)
[2018.09.28-07.40.35:159][515]LogModuleManager: Shutting down and abandoning module MatineeToLevelSequence (570)
[2018.09.28-07.40.35:159][515]LogModuleManager: Shutting down and abandoning module LevelSequenceEditor (568)
[2018.09.28-07.40.35:159][515]LogModuleManager: Shutting down and abandoning module PlacementMode (567)
[2018.09.28-07.40.35:159][515]LogModuleManager: Shutting down and abandoning module MaterialEditor (566)
[2018.09.28-07.40.35:159][515]LogModuleManager: Shutting down and abandoning module WmfMediaFactory (562)
[2018.09.28-07.40.35:159][515]LogModuleManager: Shutting down and abandoning module WmfMediaEditor (560)
[2018.09.28-07.40.35:159][515]LogModuleManager: Shutting down and abandoning module MediaPlayerEditor (558)
[2018.09.28-07.40.35:159][515]LogModuleManager: Shutting down and abandoning module OpenExrWrapper (556)
[2018.09.28-07.40.35:159][515]LogModuleManager: Shutting down and abandoning module ImgMediaFactory (554)
[2018.09.28-07.40.35:159][515]LogModuleManager: Shutting down and abandoning module ImgMediaEditor (552)
[2018.09.28-07.40.35:159][515]LogModuleManager: Shutting down and abandoning module AvfMediaFactory (550)
[2018.09.28-07.40.35:159][515]LogModuleManager: Shutting down and abandoning module AvfMediaEditor (548)
[2018.09.28-07.40.35:159][515]LogModuleManager: Shutting down and abandoning module AndroidMediaFactory (546)
[2018.09.28-07.40.35:159][515]LogModuleManager: Shutting down and abandoning module AndroidMediaEditor (544)
[2018.09.28-07.40.35:159][515]LogModuleManager: Shutting down and abandoning module MagicLeapCameraPreviewFactory (542)
[2018.09.28-07.40.35:159][515]LogModuleManager: Shutting down and abandoning module MagicLeapMediaFactory (540)
[2018.09.28-07.40.35:159][515]LogModuleManager: Shutting down and abandoning module MagicLeapMediaEditor (538)
[2018.09.28-07.40.35:159][515]LogModuleManager: Shutting down and abandoning module CharacterAI (536)
[2018.09.28-07.40.35:159][515]LogModuleManager: Shutting down and abandoning module SmartSnapping (534)
[2018.09.28-07.40.35:159][515]LogModuleManager: Shutting down and abandoning module SessionServices (532)
[2018.09.28-07.40.35:159][515]LogModuleManager: Shutting down and abandoning module ViewportSnapping (530)
[2018.09.28-07.40.35:159][515]LogModuleManager: Shutting down and abandoning module ViewportInteraction (528)
[2018.09.28-07.40.35:159][515]LogModuleManager: Shutting down and abandoning module ClothPainter (526)
[2018.09.28-07.40.35:159][515]LogModuleManager: Shutting down and abandoning module SkeletalMeshEditor (525)
[2018.09.28-07.40.35:159][515]LogModuleManager: Shutting down and abandoning module LogVisualizer (522)
[2018.09.28-07.40.35:160][515]LogModuleManager: Shutting down and abandoning module IntroTutorials (520)
[2018.09.28-07.40.35:160][515]LogModuleManager: Shutting down and abandoning module GameProjectGeneration (519)
[2018.09.28-07.40.35:160][515]LogModuleManager: Shutting down and abandoning module LuminPlatformEditor (516)
[2018.09.28-07.40.35:160][515]LogModuleManager: Shutting down and abandoning module IOSPlatformEditor (514)
[2018.09.28-07.40.35:160][515]LogModuleManager: Shutting down and abandoning module HTML5PlatformEditor (512)
[2018.09.28-07.40.35:160][515]LogModuleManager: Shutting down and abandoning module AndroidPlatformEditor (510)
[2018.09.28-07.40.35:160][515]LogModuleManager: Shutting down and abandoning module AndroidDeviceDetection (509)
[2018.09.28-07.40.36:307][515]LogModuleManager: Shutting down and abandoning module WindowsPlatformEditor (506)
[2018.09.28-07.40.36:307][515]LogModuleManager: Shutting down and abandoning module LuminRuntimeSettings (504)
[2018.09.28-07.40.36:307][515]LogModuleManager: Shutting down and abandoning module IOSRuntimeSettings (502)
[2018.09.28-07.40.36:307][515]LogModuleManager: Shutting down and abandoning module AndroidRuntimeSettings (500)
[2018.09.28-07.40.36:307][515]LogModuleManager: Shutting down and abandoning module InputBindingEditor (498)
[2018.09.28-07.40.36:307][515]LogModuleManager: Shutting down and abandoning module MergeActors (496)
[2018.09.28-07.40.36:307][515]LogModuleManager: Shutting down and abandoning module LocalizationDashboard (494)
[2018.09.28-07.40.36:307][515]LogModuleManager: Shutting down and abandoning module LocalizationService (493)
[2018.09.28-07.40.36:307][515]LogModuleManager: Shutting down and abandoning module HardwareTargeting (490)
[2018.09.28-07.40.36:308][515]LogModuleManager: Shutting down and abandoning module DeviceProfileEditor (488)
[2018.09.28-07.40.36:308][515]LogModuleManager: Shutting down and abandoning module UndoHistory (486)
[2018.09.28-07.40.36:308][515]LogModuleManager: Shutting down and abandoning module XmlParser (484)
[2018.09.28-07.40.36:308][515]LogModuleManager: Shutting down and abandoning module Blutility (482)
[2018.09.28-07.40.36:308][515]LogModuleManager: Shutting down and abandoning module ProjectSettingsViewer (480)
[2018.09.28-07.40.36:308][515]LogModuleManager: Shutting down and abandoning module ProjectTargetPlatformEditor (479)
[2018.09.28-07.40.36:308][515]LogModuleManager: Shutting down and abandoning module EditorSettingsViewer (476)
[2018.09.28-07.40.36:308][515]LogModuleManager: Shutting down and abandoning module SettingsEditor (474)
[2018.09.28-07.40.36:308][515]LogModuleManager: Shutting down and abandoning module ProjectLauncher (472)
[2018.09.28-07.40.36:309][515]LogModuleManager: Shutting down and abandoning module SessionFrontend (470)
[2018.09.28-07.40.36:309][515]LogModuleManager: Shutting down and abandoning module ProfilerClient (468)
[2018.09.28-07.40.36:309][515]LogModuleManager: Shutting down and abandoning module DeviceManager (466)
[2018.09.28-07.40.36:309][515]LogModuleManager: Shutting down and abandoning module TargetDeviceServices (465)
[2018.09.28-07.40.36:364][515]LogModuleManager: Shutting down and abandoning module AutomationController (462)
[2018.09.28-07.40.36:364][515]LogModuleManager: Shutting down and abandoning module AutomationWindow (460)
[2018.09.28-07.40.36:364][515]LogModuleManager: Shutting down and abandoning module Layers (458)
[2018.09.28-07.40.36:364][515]LogModuleManager: Shutting down and abandoning module ComponentVisualizers (456)
[2018.09.28-07.40.36:364][515]LogModuleManager: Shutting down and abandoning module DetailCustomizations (454)
[2018.09.28-07.40.36:364][515]LogModuleManager: Shutting down and abandoning module PackagesDialog (452)
[2018.09.28-07.40.36:365][515]LogModuleManager: Shutting down and abandoning module Persona (450)
[2018.09.28-07.40.36:365][515]LogModuleManager: Shutting down and abandoning module AdvancedPreviewScene (449)
[2018.09.28-07.40.36:365][515]LogModuleManager: Shutting down and abandoning module AnimGraph (447)
[2018.09.28-07.40.36:365][515]LogModuleManager: Shutting down and abandoning module Kismet (444)
[2018.09.28-07.40.36:375][515]LogModuleManager: Shutting down and abandoning module GraphEditor (442)
[2018.09.28-07.40.36:375][515]LogModuleManager: Shutting down and abandoning module ClassViewer (440)
[2018.09.28-07.40.36:377][515]LogModuleManager: Shutting down and abandoning module Toolbox (438)
[2018.09.28-07.40.36:377][515]LogModuleManager: Shutting down and abandoning module ModuleUI (436)
[2018.09.28-07.40.36:377][515]LogModuleManager: Shutting down and abandoning module MovieSceneTools (434)
[2018.09.28-07.40.36:377][515]LogModuleManager: Shutting down and abandoning module OutputLog (432)
[2018.09.28-07.40.36:377][515]LogModuleManager: Shutting down and abandoning module GammaUI (430)
[2018.09.28-07.40.36:377][515]LogModuleManager: Shutting down and abandoning module Documentation (428)
[2018.09.28-07.40.36:377][515]LogModuleManager: Shutting down and abandoning module MovieSceneTracks (426)
[2018.09.28-07.40.36:377][515]LogModuleManager: Shutting down and abandoning module MovieScene (424)
[2018.09.28-07.40.36:377][515]LogModuleManager: Shutting down and abandoning module StreamingPauseRendering (422)
[2018.09.28-07.40.36:377][515]LogModuleManager: Shutting down and abandoning module LauncherPlatform (420)
[2018.09.28-07.40.36:377][515]LogModuleManager: Shutting down and abandoning module AnalyticsET (418)
[2018.09.28-07.40.36:378][515]LogModuleManager: Shutting down and abandoning module PortalServices (416)
[2018.09.28-07.40.36:378][515]LogModuleManager: Shutting down and abandoning module PortalRpc (414)
[2018.09.28-07.40.36:378][515]LogModuleManager: Shutting down and abandoning module MessagingRpc (412)
[2018.09.28-07.40.36:378][515]LogModuleManager: Shutting down and abandoning module AIModule (410)
[2018.09.28-07.40.36:378][515]LogModuleManager: Shutting down and abandoning module GameplayDebugger (409)
[2018.09.28-07.40.36:378][515]LogModuleManager: Shutting down and abandoning module AITestSuite (407)
[2018.09.28-07.40.36:378][515]LogModuleManager: Shutting down and abandoning module NavigationSystem (405)
[2018.09.28-07.40.36:378][515]LogModuleManager: Shutting down and abandoning module DesktopPlatform (402)
[2018.09.28-07.40.36:378][515]LogModuleManager: Shutting down and abandoning module ProfilerService (400)
[2018.09.28-07.40.36:605][515]LogModuleManager: Shutting down and abandoning module TaskGraph (398)
[2018.09.28-07.40.36:605][515]LogModuleManager: Shutting down and abandoning module SteamVRController (396)
[2018.09.28-07.40.36:605][515]LogModuleManager: Shutting down and abandoning module ProceduralMeshComponentEditor (394)
[2018.09.28-07.40.36:605][515]LogModuleManager: Shutting down and abandoning module ProceduralMeshComponent (392)
[2018.09.28-07.40.36:605][515]LogModuleManager: Shutting down and abandoning module OculusInput (390)
[2018.09.28-07.40.36:605][515]LogModuleManager: Shutting down and abandoning module MobilePatchingUtils (388)
[2018.09.28-07.40.36:605][515]LogModuleManager: Shutting down and abandoning module EditableMesh (386)
[2018.09.28-07.40.36:605][515]LogModuleManager: Shutting down and abandoning module CustomMeshComponent (384)
[2018.09.28-07.40.36:605][515]LogModuleManager: Shutting down and abandoning module CableComponent (382)
[2018.09.28-07.40.36:605][515]LogModuleManager: Shutting down and abandoning module AudioCapture (380)
[2018.09.28-07.40.36:605][515]LogModuleManager: Shutting down and abandoning module ArchVisCharacter (378)
[2018.09.28-07.40.36:605][515]LogModuleManager: Shutting down and abandoning module AndroidPermission (376)
[2018.09.28-07.40.36:605][515]LogModuleManager: Shutting down and abandoning module NUTUnrealEngine4 (374)
[2018.09.28-07.40.36:605][515]LogModuleManager: Shutting down and abandoning module NetcodeUnitTest (372)
[2018.09.28-07.40.36:605][515]LogModuleManager: Shutting down and abandoning module MediaCompositingEditor (370)
[2018.09.28-07.40.36:605][515]LogModuleManager: Shutting down and abandoning module MediaCompositing (368)
[2018.09.28-07.40.36:606][515]LogModuleManager: Shutting down and abandoning module LinearTimecode (366)
[2018.09.28-07.40.36:606][515]LogModuleManager: Shutting down and abandoning module ImgMedia (364)
[2018.09.28-07.40.36:621][515]LogModuleManager: Shutting down and abandoning module HTML5Networking (362)
[2018.09.28-07.40.36:621][515]LogModuleManager: Shutting down and abandoning module GeometryCacheTracks (360)
[2018.09.28-07.40.36:621][515]LogModuleManager: Shutting down and abandoning module GeometryCacheSequencer (358)
[2018.09.28-07.40.36:621][515]LogModuleManager: Shutting down and abandoning module BackChannel (356)
[2018.09.28-07.40.36:621][515]LogModuleManager: Shutting down and abandoning module AppleVision (354)
[2018.09.28-07.40.36:621][515]LogModuleManager: Shutting down and abandoning module AppleImageUtils (352)
[2018.09.28-07.40.36:621][515]LogModuleManager: Shutting down and abandoning module AlembicImporter (350)
[2018.09.28-07.40.36:621][515]LogModuleManager: Shutting down and abandoning module AlembicLibrary (349)
[2018.09.28-07.40.36:621][515]LogModuleManager: Shutting down and abandoning module GeometryCache (348)
[2018.09.28-07.40.36:621][515]LogModuleManager: Shutting down and abandoning module GeometryCacheEd (347)
[2018.09.28-07.40.36:621][515]LogModuleManager: Shutting down and abandoning module DatasmithContentEditor (342)
[2018.09.28-07.40.36:621][515]LogModuleManager: Shutting down and abandoning module DatasmithContent (340)
[2018.09.28-07.40.36:622][515]LogModuleManager: Shutting down and abandoning module SpeedTreeImporter (338)
[2018.09.28-07.40.36:622][515]LogModuleManager: Shutting down and abandoning module PluginBrowser (336)
[2018.09.28-07.40.36:622][515]LogModuleManager: Shutting down and abandoning module MobileLauncherProfileWizard (334)
[2018.09.28-07.40.36:623][515]LogModuleManager: Shutting down and abandoning module PolygonModeling (332)
[2018.09.28-07.40.36:623][515]LogModuleManager: Shutting down and abandoning module MeshEditor (330)
[2018.09.28-07.40.36:623][515]LogModuleManager: Shutting down and abandoning module CryptoKeysOpenSSL (328)
[2018.09.28-07.40.36:623][515]LogModuleManager: Shutting down and abandoning module CryptoKeys (326)
[2018.09.28-07.40.36:623][515]LogModuleManager: Shutting down and abandoning module VisualStudioSourceCodeAccess (324)
[2018.09.28-07.40.36:623][515]LogModuleManager: Shutting down and abandoning module VisualStudioCodeSourceCodeAccess (322)
[2018.09.28-07.40.36:623][515]LogModuleManager: Shutting down and abandoning module UObjectPlugin (320)
[2018.09.28-07.40.36:623][515]LogModuleManager: Shutting down and abandoning module SubversionSourceControl (318)
[2018.09.28-07.40.36:623][515]LogModuleManager: Shutting down and abandoning module PerforceSourceControl (316)
[2018.09.28-07.40.36:623][515]LogModuleManager: Shutting down and abandoning module GitSourceControl (314)
[2018.09.28-07.40.36:623][515]LogModuleManager: Shutting down and abandoning module SourceControl (313)
[2018.09.28-07.40.36:623][515]LogModuleManager: Shutting down and abandoning module CLionSourceCodeAccess (310)
[2018.09.28-07.40.36:623][515]LogModuleManager: Shutting down and abandoning module LightPropagationVolumeEditor (308)
[2018.09.28-07.40.36:623][515]LogModuleManager: Shutting down and abandoning module PaperTiledImporter (306)
[2018.09.28-07.40.36:623][515]LogModuleManager: Shutting down and abandoning module PaperSpriteSheetImporter (304)
[2018.09.28-07.40.36:624][515]LogModuleManager: Shutting down and abandoning module Paper2DEditor (302)
[2018.09.28-07.40.36:624][515]LogModuleManager: Shutting down and abandoning module MeshPaint (301)
[2018.09.28-07.40.36:624][515]LogModuleManager: Shutting down and abandoning module RuntimePhysXCooking (298)
[2018.09.28-07.40.36:624][515]LogModuleManager: Shutting down and abandoning module PhysXVehiclesEditor (296)
[2018.09.28-07.40.36:624][515]LogModuleManager: Shutting down and abandoning module PhysXVehicles (294)
[2018.09.28-07.40.36:624][515]LogModuleManager: Shutting down and abandoning module OculusEditor (292)
[2018.09.28-07.40.36:624][515]LogModuleManager: Shutting down and abandoning module LocationServicesBPLibrary (290)
[2018.09.28-07.40.36:624][515]LogModuleManager: Shutting down and abandoning module ImmediatePhysicsEditor (288)
[2018.09.28-07.40.36:624][515]LogModuleManager: Shutting down and abandoning module ImmediatePhysics (286)
[2018.09.28-07.40.36:624][515]LogModuleManager: Shutting down and abandoning module ActorSequence (284)
[2018.09.28-07.40.36:624][515]LogModuleManager: Shutting down and abandoning module UdpMessaging (282)
[2018.09.28-07.40.36:725][515]LogModuleManager: Shutting down and abandoning module TcpMessaging (280)
[2018.09.28-07.40.36:826][515]LogModuleManager: Shutting down and abandoning module MagicLeapAudio (278)
[2018.09.28-07.40.36:826][515]LogModuleManager: Shutting down and abandoning module GameplayTagsEditor (276)
[2018.09.28-07.40.36:826][515]LogModuleManager: Shutting down and abandoning module FacialAnimationEditor (274)
[2018.09.28-07.40.36:826][515]LogModuleManager: Shutting down and abandoning module FacialAnimation (272)
[2018.09.28-07.40.36:826][515]LogModuleManager: Shutting down and abandoning module DataValidation (270)
[2018.09.28-07.40.36:826][515]LogModuleManager: Shutting down and abandoning module AssetManagerEditor (268)
[2018.09.28-07.40.36:826][515]LogModuleManager: Shutting down and abandoning module LevelEditor (267)
[2018.09.28-07.40.36:828][515]LogModuleManager: Shutting down and abandoning module PixelInspectorModule (266)
[2018.09.28-07.40.36:828][515]LogModuleManager: Shutting down and abandoning module CommonMenuExtensions (264)
[2018.09.28-07.40.36:829][515]LogModuleManager: Shutting down and abandoning module MainFrame (262)
[2018.09.28-07.40.36:829][515]LogModuleManager: Shutting down and abandoning module HotReload (261)
[2018.09.28-07.40.36:831][515]LogModuleManager: Shutting down and abandoning module ContentBrowser (257)
[2018.09.28-07.40.36:834][515]LogModuleManager: Shutting down and abandoning module TreeMap (255)
[2018.09.28-07.40.36:834][515]LogModuleManager: Shutting down and abandoning module LightPropagationVolumeRuntime (252)
[2018.09.28-07.40.36:834][515]LogModuleManager: Shutting down and abandoning module AISupportModule (250)
[2018.09.28-07.40.36:834][515]LogModuleManager: Shutting down and abandoning module Paper2D (248)
[2018.09.28-07.40.36:834][515]LogModuleManager: Shutting down and abandoning module WindowsMoviePlayer (246)
[2018.09.28-07.40.36:834][515]LogModuleManager: Shutting down and abandoning module WmfMedia (244)
[2018.09.28-07.40.36:837][515]LogModuleManager: Shutting down and abandoning module Media (243)
[2018.09.28-07.40.36:844][515]LogModuleManager: Shutting down and abandoning module PacketHandler (240)
[2018.09.28-07.40.36:844][515]LogModuleManager: Shutting down and abandoning module ClothingSystemEditor (238)
[2018.09.28-07.40.36:844][515]LogModuleManager: Shutting down and abandoning module ClothingSystemRuntime (236)
[2018.09.28-07.40.36:844][515]LogModuleManager: Shutting down and abandoning module MediaAssets (234)
[2018.09.28-07.40.36:844][515]LogModuleManager: Shutting down and abandoning module Overlay (232)
[2018.09.28-07.40.36:844][515]LogModuleManager: Shutting down and abandoning module OverlayEditor (231)
[2018.09.28-07.40.36:844][515]LogModuleManager: Shutting down and abandoning module VREditor (228)
[2018.09.28-07.40.36:844][515]LogModuleManager: Shutting down and abandoning module StringTableEditor (226)
[2018.09.28-07.40.36:844][515]LogModuleManager: Shutting down and abandoning module GameplayTasksEditor (224)
[2018.09.28-07.40.36:844][515]LogModuleManager: Shutting down and abandoning module BehaviorTreeEditor (222)
[2018.09.28-07.40.36:844][515]LogModuleManager: Shutting down and abandoning module FunctionalTesting (220)
[2018.09.28-07.40.36:844][515]LogModuleManager: Shutting down and abandoning module CollisionAnalyzer (218)
[2018.09.28-07.40.36:844][515]LogModuleManager: Shutting down and abandoning module WorkspaceMenuStructure (217)
[2018.09.28-07.40.36:844][515]LogModuleManager: Shutting down and abandoning module UMG (214)
[2018.09.28-07.40.36:844][515]LogModuleManager: Shutting down and abandoning module UMGEditor (213)
[2018.09.28-07.40.36:845][515]LogModuleManager: Shutting down and abandoning module Sequencer (212)
[2018.09.28-07.40.36:845][515]LogModuleManager: Shutting down and abandoning module MessageLog (209)
[2018.09.28-07.40.36:845][515]LogModuleManager: Shutting down and abandoning module SlateReflector (204)
[2018.09.28-07.40.36:845][515]LogModuleManager: Shutting down and abandoning module Slate (202)
[2018.09.28-07.40.36:845][515]LogModuleManager: Shutting down and abandoning module EditorStyle (200)
[2018.09.28-07.40.36:851][515]LogModuleManager: Shutting down and abandoning module MRMesh (198)
[2018.09.28-07.40.36:851][515]LogModuleManager: Shutting down and abandoning module SourceCodeAccess (196)
[2018.09.28-07.40.36:851][515]LogModuleManager: Shutting down and abandoning module HeadMountedDisplay (194)
[2018.09.28-07.40.36:851][515]LogModuleManager: Shutting down and abandoning module XAudio2 (192)
[2018.09.28-07.40.36:851][515]LogModuleManager: Shutting down and abandoning module Networking (190)
[2018.09.28-07.40.36:851][515]LogModuleManager: Shutting down and abandoning module Core (188)
[2018.09.28-07.40.36:851][515]LogModuleManager: Shutting down and abandoning module LevelSequence (186)
[2018.09.28-07.40.36:851][515]LogModuleManager: Shutting down and abandoning module KismetCompiler (184)
[2018.09.28-07.40.36:851][515]LogModuleManager: Shutting down and abandoning module MeshUtilities (182)
[2018.09.28-07.40.36:851][515]LogModuleManager: Shutting down and abandoning module MeshMergeUtilities (181)
[2018.09.28-07.40.36:851][515]LogModuleManager: Shutting down and abandoning module MeshReductionInterface (180)
[2018.09.28-07.40.36:851][515]LogModuleManager: Shutting down and abandoning module SimplygonSwarm (179)
[2018.09.28-07.40.36:851][515]LogModuleManager: Shutting down and abandoning module ProxyLODMeshReduction (177)
[2018.09.28-07.40.36:851][515]LogModuleManager: Shutting down and abandoning module SimplygonMeshReduction (175)
[2018.09.28-07.40.36:851][515]LogModuleManager: Shutting down and abandoning module QuadricMeshReduction (173)
[2018.09.28-07.40.36:851][515]LogModuleManager: Shutting down and abandoning module MaterialBaking (169)
[2018.09.28-07.40.36:851][515]LogModuleManager: Shutting down and abandoning module DirectoryWatcher (165)
[2018.09.28-07.40.36:853][515]LogModuleManager: Shutting down and abandoning module DerivedDataCache (162)
[2018.09.28-07.40.36:860][515]LogDerivedDataCache: Shutdown
[2018.09.28-07.40.36:860][515]LogModuleManager: Shutting down and abandoning module XGEController (160)
[2018.09.28-07.40.36:860][515]LogModuleManager: Shutting down and abandoning module TargetPlatform (158)
[2018.09.28-07.40.36:861][515]LogModuleManager: Shutting down and abandoning module VulkanShaderFormat (157)
[2018.09.28-07.40.36:861][515]LogModuleManager: Shutting down and abandoning module ShaderFormatVectorVM (155)
[2018.09.28-07.40.36:861][515]LogModuleManager: Shutting down and abandoning module ShaderFormatOpenGL (153)
[2018.09.28-07.40.36:861][515]LogModuleManager: Shutting down and abandoning module ShaderFormatD3D (151)
[2018.09.28-07.40.36:861][515]LogModuleManager: Shutting down and abandoning module MetalShaderFormat (149)
[2018.09.28-07.40.36:862][515]LogModuleManager: Shutting down and abandoning module TextureFormatUncompressed (147)
[2018.09.28-07.40.36:862][515]LogModuleManager: Shutting down and abandoning module TextureFormatPVR (145)
[2018.09.28-07.40.36:862][515]LogModuleManager: Shutting down and abandoning module TextureFormatDXT (143)
[2018.09.28-07.40.36:862][515]LogModuleManager: Shutting down and abandoning module TextureFormatIntelISPCTexComp (141)
[2018.09.28-07.40.36:862][515]LogModuleManager: Shutting down and abandoning module TextureFormatASTC (139)
[2018.09.28-07.40.36:862][515]LogModuleManager: Shutting down and abandoning module ImageWrapper (138)
[2018.09.28-07.40.36:862][515]LogModuleManager: Shutting down and abandoning module TextureFormatAndroid (135)
[2018.09.28-07.40.36:862][515]LogModuleManager: Shutting down and abandoning module AudioFormatOpus (133)
[2018.09.28-07.40.36:862][515]LogModuleManager: Shutting down and abandoning module AudioFormatOgg (131)
[2018.09.28-07.40.36:863][515]LogModuleManager: Shutting down and abandoning module AudioFormatADPCM (129)
[2018.09.28-07.40.36:863][515]LogModuleManager: Shutting down and abandoning module LuminTargetPlatform (127)
[2018.09.28-07.40.36:863][515]LogModuleManager: Shutting down and abandoning module LinuxTargetPlatform (125)
[2018.09.28-07.40.36:863][515]LogModuleManager: Shutting down and abandoning module LinuxServerTargetPlatform (123)
[2018.09.28-07.40.36:863][515]LogModuleManager: Shutting down and abandoning module LinuxNoEditorTargetPlatform (121)
[2018.09.28-07.40.36:864][515]LogModuleManager: Shutting down and abandoning module LinuxClientTargetPlatform (119)
[2018.09.28-07.40.36:864][515]LogModuleManager: Shutting down and abandoning module TVOSTargetPlatform (117)
[2018.09.28-07.40.36:883][515]LogModuleManager: Shutting down and abandoning module Messaging (115)
[2018.09.28-07.40.36:883][515]LogModuleManager: Shutting down and abandoning module IOSTargetPlatform (113)
[2018.09.28-07.40.36:897][515]LogModuleManager: Shutting down and abandoning module HTML5TargetPlatform (111)
[2018.09.28-07.40.36:897][515]LogModuleManager: Shutting down and abandoning module AndroidTargetPlatform (109)
[2018.09.28-07.40.36:950][515]LogModuleManager: Shutting down and abandoning module WindowsTargetPlatform (107)
[2018.09.28-07.40.36:950][515]LogModuleManager: Shutting down and abandoning module WindowsServerTargetPlatform (105)
[2018.09.28-07.40.36:950][515]LogModuleManager: Shutting down and abandoning module WindowsNoEditorTargetPlatform (103)
[2018.09.28-07.40.36:950][515]LogModuleManager: Shutting down and abandoning module WindowsClientTargetPlatform (101)
[2018.09.28-07.40.36:950][515]LogModuleManager: Shutting down and abandoning module MacTargetPlatform (99)
[2018.09.28-07.40.36:950][515]LogModuleManager: Shutting down and abandoning module MacServerTargetPlatform (97)
[2018.09.28-07.40.36:950][515]LogModuleManager: Shutting down and abandoning module MacNoEditorTargetPlatform (95)
[2018.09.28-07.40.36:950][515]LogModuleManager: Shutting down and abandoning module MacClientTargetPlatform (93)
[2018.09.28-07.40.36:950][515]LogModuleManager: Shutting down and abandoning module AllDesktopTargetPlatform (91)
[2018.09.28-07.40.36:951][515]LogModuleManager: Shutting down and abandoning module InputCore (88)
[2018.09.28-07.40.36:951][515]LogModuleManager: Shutting down and abandoning module Settings (86)
[2018.09.28-07.40.36:951][515]LogModuleManager: Shutting down and abandoning module PhysXCooking (84)
[2018.09.28-07.40.36:951][515]LogModuleManager: Shutting down and abandoning module SteamVR (82)
[2018.09.28-07.40.36:951][515]LogModuleManager: Shutting down and abandoning module OculusHMD (80)
[2018.09.28-07.40.36:951][515]LogModuleManager: Shutting down and abandoning module ExampleDeviceProfileSelector (78)
[2018.09.28-07.40.36:951][515]LogModuleManager: Shutting down and abandoning module LauncherChunkInstaller (76)
[2018.09.28-07.40.36:951][515]LogModuleManager: Shutting down and abandoning module OnlineBlueprintSupport (74)
[2018.09.28-07.40.36:951][515]LogModuleManager: Shutting down and abandoning module OnlineSubsystem (70)
[2018.09.28-07.40.36:952][515]LogModuleManager: Shutting down and abandoning module XMPP (65)
[2018.09.28-07.40.36:952][515]LogModuleManager: Shutting down and abandoning module WebSockets (64)
[2018.09.28-07.40.36:976][515]LogModuleManager: Shutting down and abandoning module HTTP (61)
[2018.09.28-07.40.36:976][515]LogHttp: Display: Http module shutting down, but needs to wait on 1 outstanding Http requests:
[2018.09.28-07.40.36:976][515]LogHttp: Display: 	verb=[POST] url=[https://datarouter.ol.epicgames.com/datarouter/api/v1/public/data?SessionID=%7B084BFD15-499C-C4A3-02BB-9185779FFCCB%7D&AppID=UEEditor.Rocket.Release&AppVersion=4.20.2-4302132%2B%2B%2BUE4%2BRelease-4.20&UserID=9c945a7f4e006bf299c284b6448c78c7%7Ce8aeb9fbef35480185dcdd6ac37f16be%7C2f190568-de01-489b-9f03-e65b80b74858&AppEnvironment=datacollector-binary&UploadType=eteventstream] status=Processing
[2018.09.28-07.40.36:993][515]LogModuleManager: Shutting down and abandoning module SSL (60)
[2018.09.28-07.40.36:995][515]LogModuleManager: Shutting down and abandoning module MagicLeapEmulator (56)
[2018.09.28-07.40.36:995][515]LogModuleManager: Shutting down and abandoning module MagicLeapPrivileges (54)
[2018.09.28-07.40.36:995][515]LogModuleManager: Shutting down and abandoning module MagicLeapIdentity (52)
[2018.09.28-07.40.36:995][515]LogModuleManager: Shutting down and abandoning module MagicLeapHelperVulkan (50)
[2018.09.28-07.40.36:995][515]LogModuleManager: Shutting down and abandoning module MagicLeapHelperOpenGL (48)
[2018.09.28-07.40.36:995][515]LogModuleManager: Shutting down and abandoning module MagicLeapSecureStorage (46)
[2018.09.28-07.40.36:995][515]LogModuleManager: Shutting down and abandoning module MagicLeapGestures (44)
[2018.09.28-07.40.36:995][515]LogModuleManager: Shutting down and abandoning module MagicLeapEyeTracker (42)
[2018.09.28-07.40.36:995][515]LogModuleManager: Shutting down and abandoning module MagicLeapController (40)
[2018.09.28-07.40.36:996][515]LogSlate: Slate User Destroyed.  User Index 0, Is Virtual User: 0
[2018.09.28-07.40.36:996][515]LogModuleManager: Shutting down and abandoning module MagicLeap (38)
[2018.09.28-07.40.36:996][515]LogModuleManager: Shutting down and abandoning module AnimationModifiers (36)
[2018.09.28-07.40.36:996][515]LogModuleManager: Shutting down and abandoning module PropertyEditor (35)
[2018.09.28-07.40.36:996][515]LogModuleManager: Shutting down and abandoning module AudioEditor (32)
[2018.09.28-07.40.36:996][515]LogModuleManager: Shutting down and abandoning module TextureCompressor (30)
[2018.09.28-07.40.36:997][515]LogModuleManager: Shutting down and abandoning module ShaderCore (28)
[2018.09.28-07.40.36:997][515]LogModuleManager: Shutting down and abandoning module Landscape (26)
[2018.09.28-07.40.36:997][515]LogModuleManager: Shutting down and abandoning module SlateRHIRenderer (24)
[2018.09.28-07.40.36:998][515]LogModuleManager: Shutting down and abandoning module OpenGLDrv (22)
[2018.09.28-07.40.36:998][515]LogModuleManager: Shutting down and abandoning module D3D11RHI (20)
[2018.09.28-07.40.36:998][515]LogModuleManager: Shutting down and abandoning module AnimGraphRuntime (18)
[2018.09.28-07.40.36:998][515]LogModuleManager: Shutting down and abandoning module Renderer (16)
[2018.09.28-07.40.36:998][515]LogModuleManager: Shutting down and abandoning module Engine (14)
[2018.09.28-07.40.36:998][515]LogModuleManager: Shutting down and abandoning module CoreUObject (12)
[2018.09.28-07.40.36:998][515]LogModuleManager: Shutting down and abandoning module NetworkFile (10)
[2018.09.28-07.40.36:998][515]LogModuleManager: Shutting down and abandoning module CookedIterativeFile (8)
[2018.09.28-07.40.36:998][515]LogModuleManager: Shutting down and abandoning module StreamingFile (6)
[2018.09.28-07.40.36:998][515]LogModuleManager: Shutting down and abandoning module SandboxFile (4)
[2018.09.28-07.40.36:998][515]LogModuleManager: Shutting down and abandoning module PakFile (2)
[2018.09.28-07.40.37:015][515]LogExit: Exiting.
[2018.09.28-07.40.37:035][515]Log file closed, 09/28/18 15:40:37
