Log file open, 10/30/18 09:14:42
LogWindows: Failed to load 'aqProf.dll' (GetLastError=126)
LogWindows: File 'aqProf.dll' does not exist
LogWindows: Failed to load 'VSPerf140.dll' (GetLastError=126)
LogWindows: File 'VSPerf140.dll' does not exist
LogWindows: Failed to load 'VtuneApi.dll' (GetLastError=126)
LogWindows: File 'VtuneApi.dll' does not exist
LogWindows: Failed to load 'VtuneApi32e.dll' (GetLastError=126)
LogWindows: File 'VtuneApi32e.dll' does not exist
LogInit: Display: Running engine for game: FYP_Prototype
LogPlatformFile: Not using cached read wrapper
LogTaskGraph: Started task graph with 5 named threads and 35 total threads with 3 sets of task threads.
LogStats: Stats thread started at 0.443426
LogD3D11RHI: Loaded GFSDK_Aftermath_Lib.x64.dll
LogICUInternationalization: Display: ICU TimeZone Detection - Raw Offset: +8:00, Platform Override: ''
LogPluginManager: Mounting plugin Paper2D
LogPluginManager: Mounting plugin AISupport
LogPluginManager: Mounting plugin LightPropagationVolume
LogPluginManager: Mounting plugin CLionSourceCodeAccess
LogPluginManager: Mounting plugin CodeLiteSourceCodeAccess
LogPluginManager: Mounting plugin GitSourceControl
LogPluginManager: Mounting plugin KDevelopSourceCodeAccess
LogPluginManager: Mounting plugin NullSourceCodeAccess
LogPluginManager: Mounting plugin PerforceSourceControl
LogPluginManager: Mounting plugin SubversionSourceControl
LogPluginManager: Mounting plugin UObjectPlugin
LogPluginManager: Mounting plugin VisualStudioCodeSourceCodeAccess
LogPluginManager: Mounting plugin VisualStudioSourceCodeAccess
LogPluginManager: Mounting plugin XCodeSourceCodeAccess
LogPluginManager: Mounting plugin AssetManagerEditor
LogPluginManager: Mounting plugin CryptoKeys
LogPluginManager: Mounting plugin DataValidation
LogPluginManager: Mounting plugin FacialAnimation
LogPluginManager: Mounting plugin GameplayTagsEditor
LogPluginManager: Mounting plugin MacGraphicsSwitching
LogPluginManager: Mounting plugin MeshEditor
LogPluginManager: Mounting plugin MobileLauncherProfileWizard
LogPluginManager: Mounting plugin PluginBrowser
LogPluginManager: Mounting plugin SpeedTreeImporter
LogPluginManager: Mounting plugin DatasmithContent
LogPluginManager: Mounting plugin AlembicImporter
LogPluginManager: Mounting plugin AppleImageUtils
LogPluginManager: Mounting plugin AppleVision
LogPluginManager: Mounting plugin BackChannel
LogPluginManager: Mounting plugin CharacterAI
LogPluginManager: Mounting plugin GeometryCache
LogPluginManager: Mounting plugin HTML5Networking
LogPluginManager: Mounting plugin ProxyLODPlugin
LogPluginManager: Mounting plugin MagicLeap
LogPluginManager: Mounting plugin MagicLeapEmulator
LogPluginManager: Mounting plugin MagicLeapMedia
LogPluginManager: Mounting plugin DonAINavigation
LogPluginManager: Mounting plugin AndroidMedia
LogPluginManager: Mounting plugin AvfMedia
LogPluginManager: Mounting plugin ImgMedia
LogPluginManager: Mounting plugin LinearTimecode
LogPluginManager: Mounting plugin MediaCompositing
LogPluginManager: Mounting plugin MediaPlayerEditor
LogPluginManager: Mounting plugin WmfMedia
LogPluginManager: Mounting plugin TcpMessaging
LogPluginManager: Mounting plugin UdpMessaging
LogPluginManager: Mounting plugin ActorSequence
LogPluginManager: Mounting plugin LevelSequenceEditor
LogPluginManager: Mounting plugin MatineeToLevelSequence
LogPluginManager: Mounting plugin NetcodeUnitTest
LogPluginManager: Mounting plugin NUTUnrealEngine4
LogPluginManager: Mounting plugin OnlineSubsystemGooglePlay
LogPluginManager: Mounting plugin OnlineSubsystemIOS
LogPluginManager: Mounting plugin OnlineSubsystem
LogPluginManager: Mounting plugin OnlineSubsystemNull
LogPluginManager: Mounting plugin OnlineSubsystemUtils
LogPluginManager: Mounting plugin LauncherChunkInstaller
LogPluginManager: Mounting plugin AndroidDeviceProfileSelector
LogPluginManager: Mounting plugin AndroidMoviePlayer
LogPluginManager: Mounting plugin AndroidPermission
LogPluginManager: Mounting plugin AppleMoviePlayer
LogPluginManager: Mounting plugin ArchVisCharacter
LogPluginManager: Mounting plugin AudioCapture
LogPluginManager: Mounting plugin CableComponent
LogPluginManager: Mounting plugin CustomMeshComponent
LogPluginManager: Mounting plugin EditableMesh
LogPluginManager: Mounting plugin ExampleDeviceProfileSelector
LogPluginManager: Mounting plugin GoogleCloudMessaging
LogPluginManager: Mounting plugin ImmediatePhysics
LogPluginManager: Mounting plugin IOSDeviceProfileSelector
LogPluginManager: Mounting plugin LinuxDeviceProfileSelector
LogPluginManager: Mounting plugin LocationServicesBPLibrary
LogPluginManager: Mounting plugin MobilePatchingUtils
LogPluginManager: Mounting plugin OculusVR
LogPluginManager: Plugin shader directory ../../../Engine/Plugins/Runtime/Oculus/OculusVR/Shaders found
LogPluginManager: Mapping shader source directory ../../../Engine/Plugins/Runtime/Oculus/OculusVR/Shaders to virtual directory /Plugin/OculusVR
LogPluginManager: Mounting plugin PhysXVehicles
LogPluginManager: Mounting plugin ProceduralMeshComponent
LogPluginManager: Mounting plugin RuntimePhysXCooking
LogPluginManager: Mounting plugin SteamVR
LogPluginManager: Mounting plugin WindowsMoviePlayer
LogPluginManager: Mounting plugin Destructible_Mesh
LogPluginManager: Mounting plugin FlyAI
LogStreaming: Display: Took  0.348s to configure plugins.
LogInit: Using libcurl 7.55.1-DEV
LogInit:  - built for x86_64-pc-win32
LogInit:  - supports SSL with OpenSSL/1.0.2h
LogInit:  - supports HTTP deflate (compression) using libz 1.2.8
LogInit:  - other features:
LogInit:      CURL_VERSION_SSL
LogInit:      CURL_VERSION_LIBZ
LogInit:      CURL_VERSION_IPV6
LogInit:      CURL_VERSION_ASYNCHDNS
LogInit:      CURL_VERSION_LARGEFILE
LogInit:      CURL_VERSION_IDN
LogInit:  CurlRequestOptions (configurable via config and command line):
LogInit:  - bVerifyPeer = false  - Libcurl will NOT verify peer certificate
LogInit:  - bUseHttpProxy = false  - Libcurl will NOT use HTTP proxy
LogInit:  - bDontReuseConnections = false  - Libcurl will reuse connections
LogInit:  - CertBundlePath = nullptr  - Libcurl will use whatever was configured at build time.
LogInit:  - MaxHostConnections = 16  - Libcurl will limit the number of connections to a host
LogInit:  - LocalHostAddr = Default
LogInit:  - BufferSize = 65536
LogInit: WinSock: version 1.1 (2.2), MaxSocks=32767, MaxUdp=65467
LogInit: Build: ++UE4+Release-4.20-CL-4302132
LogInit: Engine Version: 4.20.2-4302132+++UE4+Release-4.20
LogInit: Compatible Engine Version: 4.20.0-4212847+++UE4+Release-4.20
LogInit: Net CL: 4212847
LogInit: OS: Windows 10 (), CPU: Intel(R) Xeon(R) CPU E5-1650 v3 @ 3.50GHz, GPU: NVIDIA Quadro K2200
LogInit: Compiled (64-bit): Aug 21 2018 02:06:06
LogInit: Compiled with Visual C++: 19.13.26129.00
LogInit: Build Configuration: Development
LogInit: Branch Name: ++UE4+Release-4.20
LogInit: Command Line: 
LogInit: Base Directory: C:/Program Files/Epic Games/UE_4.20/Engine/Binaries/Win64/
LogInit: Installed Engine Build: 1
LogDevObjectVersion: Number of dev versions registered: 20
LogDevObjectVersion:   Dev-Blueprints (B0D832E4-1F89-4F0D-ACCF-7EB736FD4AA2): 10
LogDevObjectVersion:   Dev-Build (E1C64328-A22C-4D53-A36C-8E866417BD8C): 0
LogDevObjectVersion:   Dev-Core (375EC13C-06E4-48FB-B500-84F0262A717E): 2
LogDevObjectVersion:   Dev-Editor (E4B068ED-F494-42E9-A231-DA0B2E46BB41): 24
LogDevObjectVersion:   Dev-Framework (CFFC743F-43B0-4480-9391-14DF171D2073): 34
LogDevObjectVersion:   Dev-Mobile (B02B49B5-BB20-44E9-A304-32B752E40360): 2
LogDevObjectVersion:   Dev-Networking (A4E4105C-59A1-49B5-A7C5-40C4547EDFEE): 0
LogDevObjectVersion:   Dev-Online (39C831C9-5AE6-47DC-9A44-9C173E1C8E7C): 0
LogDevObjectVersion:   Dev-Physics (78F01B33-EBEA-4F98-B9B4-84EACCB95AA2): 0
LogDevObjectVersion:   Dev-Platform (6631380F-2D4D-43E0-8009-CF276956A95A): 0
LogDevObjectVersion:   Dev-Rendering (12F88B9F-8875-4AFC-A67C-D90C383ABD29): 26
LogDevObjectVersion:   Dev-Sequencer (7B5AE74C-D270-4C10-A958-57980B212A5A): 9
LogDevObjectVersion:   Dev-VR (D7296918-1DD6-4BDD-9DE2-64A83CC13884): 2
LogDevObjectVersion:   Dev-LoadTimes (C2A15278-BFE7-4AFE-6C17-90FF531DF755): 1
LogDevObjectVersion:   Private-Geometry (6EACA3D4-40EC-4CC1-B786-8BED09428FC5): 3
LogDevObjectVersion:   Dev-AnimPhys (29E575DD-E0A3-4627-9D10-D276232CDCEA): 17
LogDevObjectVersion:   Dev-ReflectionCapture (6B266CEC-1EC7-4B8F-A30B-E4D90942FC07): 1
LogDevObjectVersion:   Dev-Automation (0DF73D61-A23F-47EA-B727-89E90C41499A): 1
LogDevObjectVersion:   FortniteMain (601D1886-AC64-4F84-AA16-D3DE0DEAC7D6): 12
LogDevObjectVersion:   Dev-Enterprise (9DFFBCD6-494F-0158-E221-12823C92A888): 1
LogStreaming: Display: Took  0.037s to delete old logs.
LogInit: Presizing for max 8388607 objects, including 0 objects not considered by GC, pre-allocating 0 bytes for permanent pool.
LogInit: Object subsystem initialized
[2018.10.30-01.14.43:310][  0]LogInit: Selected Device Profile: [Windows]
[2018.10.30-01.14.43:310][  0]LogInit: Applying CVar settings loaded from the selected device profile: [Windows]
[2018.10.30-01.14.43:348][  0]LogHAL: Display: Platform has ~ 32 GB [34280431616 / 34359738368 / 32], which maps to Largest [LargestMinGB=32, LargerMinGB=12, DefaultMinGB=8, SmallerMinGB=6, SmallestMinGB=0)
[2018.10.30-01.14.43:348][  0]LogInit: Setting Device Profile CVar: [[r.Vulkan.UseRealUBs:1]]
[2018.10.30-01.14.43:349][  0]LogInit: Going up to parent DeviceProfile []
[2018.10.30-01.14.43:350][  0]LogInit: Computer: M623MGA02
[2018.10.30-01.14.43:350][  0]LogInit: User: gotos
[2018.10.30-01.14.43:350][  0]LogInit: CPU Page size=4096, Cores=6
[2018.10.30-01.14.43:350][  0]LogInit: High frequency timer resolution =3.410070 MHz
[2018.10.30-01.14.43:350][  0]LogMemory: Memory total: Physical=31.9GB (32GB approx)
[2018.10.30-01.14.43:350][  0]LogMemory: Platform Memory Stats for Windows
[2018.10.30-01.14.43:350][  0]LogMemory: Process Physical Memory: 104.27 MB used, 104.27 MB peak
[2018.10.30-01.14.43:350][  0]LogMemory: Process Virtual Memory: 99.66 MB used, 99.66 MB peak
[2018.10.30-01.14.43:351][  0]LogMemory: Physical Memory: 17871.15 MB used,  14821.22 MB free, 32692.37 MB total
[2018.10.30-01.14.43:351][  0]LogMemory: Virtual Memory: 4666.66 MB used,  14821.22 MB free, 134217728.00 MB total
[2018.10.30-01.14.43:424][  0]LogInit: Using OS detected language (en-US).
[2018.10.30-01.14.43:424][  0]LogInit: Using OS detected locale (en-SG).
[2018.10.30-01.14.43:426][  0]LogTextLocalizationManager: No specific localization for 'en-US' exists, so the 'en' localization will be used.
[2018.10.30-01.14.43:846][  0]LogStreaming: Display: Took  0.422s to InitEngineTextLocalization.
[2018.10.30-01.14.43:846][  0]LogInit: Setting process to per monitor DPI aware
[2018.10.30-01.14.43:884][  0]LogSlate: New Slate User Created.  User Index 0, Is Virtual User: 0
[2018.10.30-01.14.43:884][  0]LogSlate: Slate User Registered.  User Index 0, Is Virtual User: 0
[2018.10.30-01.14.44:145][  0]LogHMD: Failed to initialize OpenVR with code 110
[2018.10.30-01.14.44:145][  0]LogD3D11RHI: D3D11 adapters:
[2018.10.30-01.14.44:209][  0]LogD3D11RHI:    0. 'NVIDIA Quadro K2200' (Feature Level 11_0)
[2018.10.30-01.14.44:209][  0]LogD3D11RHI:       4053/0/16346 MB DedicatedVideo/DedicatedSystem/SharedSystem, Outputs:1, VendorId:0x10de
[2018.10.30-01.14.44:211][  0]LogD3D11RHI:    1. 'Microsoft Basic Render Driver' (Feature Level 11_0)
[2018.10.30-01.14.44:211][  0]LogD3D11RHI:       0/0/16346 MB DedicatedVideo/DedicatedSystem/SharedSystem, Outputs:0, VendorId:0x1414
[2018.10.30-01.14.44:211][  0]LogD3D11RHI: Chosen D3D11 Adapter: 0
[2018.10.30-01.14.44:354][  0]LogD3D11RHI: Creating new Direct3DDevice
[2018.10.30-01.14.44:354][  0]LogD3D11RHI:     GPU DeviceId: 0x13ba (for the marketing name, search the web for "GPU Device Id")
[2018.10.30-01.14.44:354][  0]LogWindows: EnumDisplayDevices:
[2018.10.30-01.14.44:354][  0]LogWindows:    0. 'NVIDIA Quadro K2200' (P:1 D:1)
[2018.10.30-01.14.44:355][  0]LogWindows:    1. 'NVIDIA Quadro K2200' (P:0 D:0)
[2018.10.30-01.14.44:355][  0]LogWindows:    2. 'NVIDIA Quadro K2200' (P:0 D:0)
[2018.10.30-01.14.44:355][  0]LogWindows:    3. 'NVIDIA Quadro K2200' (P:0 D:0)
[2018.10.30-01.14.44:355][  0]LogWindows: DebugString: FoundDriverCount:4 
[2018.10.30-01.14.44:356][  0]LogD3D11RHI:     Adapter Name: NVIDIA Quadro K2200
[2018.10.30-01.14.44:356][  0]LogD3D11RHI:   Driver Version: 391.25 (internal:23.21.13.9125, unified:391.25)
[2018.10.30-01.14.44:356][  0]LogD3D11RHI:      Driver Date: 3-16-2018
[2018.10.30-01.14.44:356][  0]LogRHI: Texture pool is 2837 MB (70% of 4053 MB)
[2018.10.30-01.14.44:401][  0]LogD3D11RHI: Async texture creation enabled
[2018.10.30-01.14.44:419][  0]LogD3D11RHI: GPU Timing Frequency: 1000.000000 (Debug: 2 2)
[2018.10.30-01.14.44:463][  0]LogShaderCompilers: Guid format shader working directory is -8 characters bigger than the processId version (../../../../../../Users/GOTOS/Desktop/FYP_Prototype/Intermediate/Shaders/WorkingDirectory/1241892/).
[2018.10.30-01.14.44:463][  0]LogShaderCompilers: Cleaned the shader compiler working directory 'C:/Users/GOTOS/AppData/Local/Temp/UnrealShaderWorkingDir/8B5B49AD47B3C733053B4FA24B3F4B2E/'.
[2018.10.30-01.14.44:944][  0]LogTemp: Display: Loaded TP AllDesktopTargetPlatform
[2018.10.30-01.14.44:958][  0]LogTemp: Display: Loaded TP MacClientTargetPlatform
[2018.10.30-01.14.44:996][  0]LogTemp: Display: Loaded TP MacNoEditorTargetPlatform
[2018.10.30-01.14.45:023][  0]LogTemp: Display: Loaded TP MacServerTargetPlatform
[2018.10.30-01.14.45:047][  0]LogTemp: Display: Loaded TP MacTargetPlatform
[2018.10.30-01.14.45:069][  0]LogTemp: Display: Loaded TP WindowsClientTargetPlatform
[2018.10.30-01.14.45:084][  0]LogTemp: Display: Loaded TP WindowsNoEditorTargetPlatform
[2018.10.30-01.14.45:098][  0]LogTemp: Display: Loaded TP WindowsServerTargetPlatform
[2018.10.30-01.14.45:106][  0]LogTemp: Display: Loaded TP WindowsTargetPlatform
[2018.10.30-01.14.45:196][  0]LogTemp: Display: Loaded TP AndroidTargetPlatform
[2018.10.30-01.14.45:196][  0]LogTemp: Display: Loaded TP AndroidTargetPlatform
[2018.10.30-01.14.45:196][  0]LogTemp: Display: Loaded TP AndroidTargetPlatform
[2018.10.30-01.14.45:196][  0]LogTemp: Display: Loaded TP AndroidTargetPlatform
[2018.10.30-01.14.45:196][  0]LogTemp: Display: Loaded TP AndroidTargetPlatform
[2018.10.30-01.14.45:196][  0]LogTemp: Display: Loaded TP AndroidTargetPlatform
[2018.10.30-01.14.45:196][  0]LogTemp: Display: Loaded TP AndroidTargetPlatform
[2018.10.30-01.14.45:196][  0]LogTemp: Display: Loaded TP AndroidTargetPlatform
[2018.10.30-01.14.45:196][  0]LogTemp: Display: Loaded TP AndroidTargetPlatform
[2018.10.30-01.14.45:196][  0]LogTemp: Display: Loaded TP AndroidTargetPlatform
[2018.10.30-01.14.45:196][  0]LogTemp: Display: Loaded TP AndroidTargetPlatform
[2018.10.30-01.14.45:196][  0]LogTemp: Display: Loaded TP AndroidTargetPlatform
[2018.10.30-01.14.45:196][  0]LogTemp: Display: Loaded TP AndroidTargetPlatform
[2018.10.30-01.14.45:196][  0]LogTemp: Display: Loaded TP AndroidTargetPlatform
[2018.10.30-01.14.45:196][  0]LogTemp: Display: Loaded TP AndroidTargetPlatform
[2018.10.30-01.14.45:196][  0]LogTemp: Display: Loaded TP AndroidTargetPlatform
[2018.10.30-01.14.45:196][  0]LogTemp: Display: Loaded TP AndroidTargetPlatform
[2018.10.30-01.14.45:196][  0]LogTemp: Display: Loaded TP AndroidTargetPlatform
[2018.10.30-01.14.45:199][  0]LogTemp: Display: Loaded TP HTML5TargetPlatform
[2018.10.30-01.14.45:263][  0]LogTemp: Display: Loaded TP IOSTargetPlatform
[2018.10.30-01.14.45:263][  0]LogTemp: Display: Loaded TP IOSTargetPlatform
[2018.10.30-01.14.45:293][  0]LogTemp: Display: Loaded TP TVOSTargetPlatform
[2018.10.30-01.14.45:293][  0]LogTemp: Display: Loaded TP TVOSTargetPlatform
[2018.10.30-01.14.45:306][  0]LogTemp: Display: Loaded TP LinuxClientTargetPlatform
[2018.10.30-01.14.45:321][  0]LogTemp: Display: Loaded TP LinuxNoEditorTargetPlatform
[2018.10.30-01.14.45:336][  0]LogTemp: Display: Loaded TP LinuxServerTargetPlatform
[2018.10.30-01.14.45:361][  0]LogTemp: Display: Loaded TP LinuxTargetPlatform
[2018.10.30-01.14.45:372][  0]LogTemp: Display: Loaded TP LuminTargetPlatform
[2018.10.30-01.14.45:373][  0]LogTargetPlatformManager: Display: Building Assets For Windows
[2018.10.30-01.14.45:461][  0]LogXGEController: Cannot use XGE Controller as Incredibuild is not installed on this machine.
[2018.10.30-01.14.45:461][  0]LogShaderCompilers: Cannot use XGE Shader Compiler as Incredibuild is not installed on this machine.
[2018.10.30-01.14.45:461][  0]LogShaderCompilers: Display: Using Local Shader Compiler.
[2018.10.30-01.14.46:467][  0]LogDerivedDataCache: Display: Max Cache Size: 512 MB
[2018.10.30-01.14.46:587][  0]LogDerivedDataCache: Loaded boot cache 0.12s 86MB C:/Users/GOTOS/AppData/Local/UnrealEngine/4.20/DerivedDataCache/Boot.ddc.
[2018.10.30-01.14.46:587][  0]LogDerivedDataCache: Display: Loaded Boot cache: C:/Users/GOTOS/AppData/Local/UnrealEngine/4.20/DerivedDataCache/Boot.ddc
[2018.10.30-01.14.46:587][  0]LogDerivedDataCache: FDerivedDataBackendGraph:  Pak pak cache file ../../../../../../Users/GOTOS/Desktop/FYP_Prototype/DerivedDataCache/DDC.ddp not found, will not use a pak cache.
[2018.10.30-01.14.46:587][  0]LogDerivedDataCache: Unable to find inner node Pak for hierarchical cache Hierarchy.
[2018.10.30-01.14.46:587][  0]LogDerivedDataCache: FDerivedDataBackendGraph:  CompressedPak pak cache file ../../../../../../Users/GOTOS/Desktop/FYP_Prototype/DerivedDataCache/Compressed.ddp not found, will not use a pak cache.
[2018.10.30-01.14.46:587][  0]LogDerivedDataCache: Unable to find inner node CompressedPak for hierarchical cache Hierarchy.
[2018.10.30-01.14.46:600][  0]LogDerivedDataCache: Display: Pak cache opened for reading ../../../Engine/DerivedDataCache/Compressed.ddp.
[2018.10.30-01.14.46:615][  0]LogDerivedDataCache: Using Local data cache path C:/Users/GOTOS/AppData/Local/UnrealEngine/Common/DerivedDataCache: Writable
[2018.10.30-01.14.46:615][  0]LogDerivedDataCache: Shared data cache path not found in *engine.ini, will not use an Shared cache.
[2018.10.30-01.14.46:615][  0]LogDerivedDataCache: Unable to find inner node Shared for hierarchical cache Hierarchy.
[2018.10.30-01.14.46:641][  0]LogMaterial: Verifying Global Shaders for PCD3D_SM5
[2018.10.30-01.14.46:642][  0]LogSlate: Using FreeType 2.6.0
[2018.10.30-01.14.46:643][  0]LogSlate: SlateFontServices - WITH_FREETYPE: 1, WITH_HARFBUZZ: 1
[2018.10.30-01.14.46:731][  0]LogAssetRegistry: FAssetRegistry took 0.0262 seconds to start up
[2018.10.30-01.14.47:090][  0]LogInit: Selected Device Profile: [Windows]
[2018.10.30-01.14.47:240][  0]LogSimplygon: Simplygon DLL not present - disabling.
[2018.10.30-01.14.47:246][  0]LogMeshReduction: Using SimplygonSwarm for distributed automatic mesh merging
[2018.10.30-01.14.47:246][  0]LogMeshReduction: Using ProxyLODMeshReduction for automatic mesh merging
[2018.10.30-01.14.47:246][  0]LogMeshReduction: Using QuadricMeshReduction for automatic static mesh reduction
[2018.10.30-01.14.47:246][  0]LogMeshReduction: No automatic skeletal mesh reduction module available
[2018.10.30-01.14.47:265][  0]LogNetVersion: FYP_Prototype 1.0.0, NetCL: 4212847, EngineNetVer: 5, GameNetVer: 0 (Checksum: 1129731653)
[2018.10.30-01.14.47:930][  0]LogPackageLocalizationCache: Processed 14 localized package path(s) for 2 prioritized culture(s) in 0.213128 seconds
[2018.10.30-01.14.47:936][  0]LogUObjectArray: 38425 objects as part of root set at end of initial load.
[2018.10.30-01.14.47:936][  0]LogUObjectAllocator: 6690872 out of 0 bytes used by permanent object pool.
[2018.10.30-01.14.47:936][  0]LogUObjectArray: CloseDisregardForGC: 0/0 objects in disregard for GC pool
[2018.10.30-01.14.48:999][  0]LogTcpMessaging: Initializing TcpMessaging bridge
[2018.10.30-01.14.49:013][  0]LogUdpMessaging: Initializing bridge on interface 0.0.0.0:0 to multicast group 230.0.0.1:6666.
[2018.10.30-01.14.49:225][  0]SourceControl: Source control is disabled
[2018.10.30-01.14.49:225][  0]SourceControl: Source control is disabled
[2018.10.30-01.14.49:231][  0]SourceControl: Source control is disabled
[2018.10.30-01.14.49:232][  0]SourceControl: Source control is disabled
[2018.10.30-01.14.49:432][  0]LogAndroidPermission: UAndroidPermissionCallbackProxy::GetInstance
[2018.10.30-01.14.49:490][  0]LogOcInput: OculusInput pre-init called
[2018.10.30-01.14.49:563][  0]LogEngine: Initializing Engine...
[2018.10.30-01.14.49:564][  0]LogHMD: Failed to initialize OpenVR with code 110
[2018.10.30-01.14.49:565][  0]LogStats: UGameplayTagsManager::ConstructGameplayTagTree: ImportINI prefixes -  0.000 s
[2018.10.30-01.14.49:565][  0]LogStats: UGameplayTagsManager::ConstructGameplayTagTree: Construct from data asset -  0.000 s
[2018.10.30-01.14.49:565][  0]LogStats: UGameplayTagsManager::ConstructGameplayTagTree: ImportINI -  0.000 s
[2018.10.30-01.14.49:566][  0]LogStats: UGameplayTagsManager::ConstructGameplayTagTree: GameplayTagTreeChangedEvent.Broadcast -  0.000 s
[2018.10.30-01.14.49:834][  0]LogInit: Initializing FReadOnlyCVARCache
[2018.10.30-01.14.49:851][  0]LogAIModule: Creating AISystem for world Untitled
[2018.10.30-01.14.49:860][  0]LogInit: XAudio2 using 'Speakers / Headphones (Realtek Audio)' : 2 channels at 48 kHz using 32 bits per sample (channel mask 0x3)
[2018.10.30-01.14.49:895][  0]LogInit: FAudioDevice initialized.
[2018.10.30-01.14.49:895][  0]LogNetVersion: Set ProjectVersion to 1.0.0.0. Version Checksum will be recalculated on next use.
[2018.10.30-01.14.50:000][  0]LogDerivedDataCache: Saved boot cache 0.11s 86MB C:/Users/GOTOS/AppData/Local/UnrealEngine/4.20/DerivedDataCache/Boot.ddc.
[2018.10.30-01.14.50:053][  0]LogInit: Texture streaming: Enabled
[2018.10.30-01.14.50:083][  0]LogEngineSessionManager: EngineSessionManager initialized
[2018.10.30-01.14.50:246][  0]LogInit: Transaction tracking system initialized
[2018.10.30-01.14.50:279][  0]BlueprintLog: New page: Editor Load
[2018.10.30-01.14.50:394][  0]LocalizationService: Localization service is disabled
[2018.10.30-01.14.50:672][  0]LogCook: Display: Max memory allowance for cook 16384mb min free memory 0mb
[2018.10.30-01.14.50:672][  0]LogCook: Display: Mobile HDR setting 1
[2018.10.30-01.14.50:672][  0]LogGameplayTags: Display: UGameplayTagsManager::DoneAddingNativeTags. DelegateIsBound: 0
[2018.10.30-01.14.50:672][  0]LogStats: UGameplayTagsManager::ConstructGameplayTagTree: ImportINI prefixes -  0.000 s
[2018.10.30-01.14.50:673][  0]LogStats: UGameplayTagsManager::ConstructGameplayTagTree: Construct from data asset -  0.000 s
[2018.10.30-01.14.50:673][  0]LogStats: UGameplayTagsManager::ConstructGameplayTagTree: ImportINI -  0.000 s
[2018.10.30-01.14.50:673][  0]LogStats: UGameplayTagsManager::ConstructGameplayTagTree: GameplayTagTreeChangedEvent.Broadcast -  0.000 s
[2018.10.30-01.14.50:820][  0]LogFileCache: Scanning file cache for directory 'C:/Users/GOTOS/Desktop/FYP_Prototype/Content/' took 0.05s
[2018.10.30-01.14.50:821][  0]SourceControl: Source control is disabled
[2018.10.30-01.14.50:821][  0]Cmd: MAP LOAD FILE="../../../../../../Users/GOTOS/Desktop/FYP_Prototype/Content/VirtualRealityBP/Maps/StartupMap.umap" TEMPLATE=0 SHOWPROGRESS=1 FEATURELEVEL=3
[2018.10.30-01.14.50:823][  0]LightingResults: New page: Lighting Build
[2018.10.30-01.14.50:827][  0]MapCheck: New page: Map Check
[2018.10.30-01.14.50:827][  0]LightingResults: New page: Lighting Build
[2018.10.30-01.14.51:010][  0]LogAIModule: Creating AISystem for world StartupMap
[2018.10.30-01.14.51:017][  0]LogEditorServer: Finished looking for orphan Actors (0.000 secs)
[2018.10.30-01.14.51:041][  0]Cmd: MAP CHECKDEP NOCLEARLOG
[2018.10.30-01.14.51:159][  0]MapCheck: Map check complete: 0 Error(s), 0 Warning(s), took 118.007ms to complete.
[2018.10.30-01.14.51:159][  0]LogFileHelpers: Loading map 'StartupMap' took 0.339
[2018.10.30-01.14.51:269][  0]LogSlate: Updating window title bar state: overlay mode, drag disabled, window buttons hidden, title bar hidden
[2018.10.30-01.14.51:276][  0]LogSlate: Updating window title bar state: overlay mode, drag disabled, window buttons hidden, title bar hidden
[2018.10.30-01.14.51:284][  0]LogSlate: Updating window title bar state: overlay mode, drag disabled, window buttons hidden, title bar hidden
[2018.10.30-01.14.51:292][  0]LogSlate: Updating window title bar state: overlay mode, drag disabled, window buttons hidden, title bar hidden
[2018.10.30-01.14.51:301][  0]LogCollectionManager: Loaded 0 collections in 0.002494 seconds
[2018.10.30-01.14.51:346][  0]LogFileCache: Scanning file cache for directory 'C:/Users/GOTOS/Desktop/FYP_Prototype/Saved/Collections/' took 0.01s
[2018.10.30-01.14.51:346][  0]LogFileCache: Scanning file cache for directory 'C:/Users/GOTOS/Desktop/FYP_Prototype/Content/Developers/gotos/Collections/' took 0.01s
[2018.10.30-01.14.51:346][  0]LogFileCache: Scanning file cache for directory 'C:/Users/GOTOS/Desktop/FYP_Prototype/Content/Collections/' took 0.01s
[2018.10.30-01.14.51:346][  0]LogCollectionManager: Rebuilt the GUID cache for 0 collections in 0.000000 seconds
[2018.10.30-01.14.51:359][  0]LogContentBrowser: Native class hierarchy populated in 0.0131 seconds. Added 2578 classes and 609 folders.
[2018.10.30-01.14.51:370][  0]LogContentBrowser: Native class hierarchy updated for 'WidgetCarousel' in 0.0003 seconds. Added 0 classes and 0 folders.
[2018.10.30-01.14.51:441][  0]LogContentBrowser: Native class hierarchy updated for 'AddContentDialog' in 0.0004 seconds. Added 0 classes and 0 folders.
[2018.10.30-01.14.51:450][  0]LogContentBrowser: Native class hierarchy updated for 'SceneOutliner' in 0.0003 seconds. Added 1 classes and 2 folders.
[2018.10.30-01.14.51:470][  0]LogSlate: Took 0.000297 seconds to synchronously load lazily loaded font '../../../Engine/Content/Slate/Fonts/Roboto-Regular.ttf' (155K)
[2018.10.30-01.14.51:472][  0]LogSlate: Took 0.000266 seconds to synchronously load lazily loaded font '../../../Engine/Content/Slate/Fonts/Roboto-Bold.ttf' (160K)
[2018.10.30-01.14.51:478][  0]LogSlate: Took 0.000276 seconds to synchronously load lazily loaded font '../../../Engine/Content/Editor/Slate/Fonts/FontAwesome.ttf' (139K)
[2018.10.30-01.14.51:567][  0]LogRenderer: Reallocating scene render targets to support 1180x628 Format 26 NumSamples 1 (Frame:1).
[2018.10.30-01.14.51:688][  0]LogContentBrowser: Native class hierarchy updated for 'HierarchicalLODOutliner' in 0.0003 seconds. Added 0 classes and 0 folders.
[2018.10.30-01.14.51:688][  0]LogLoad: (Engine Initialization) Total time: 11.68 seconds
[2018.10.30-01.14.51:688][  0]LogLoad: (Engine Initialization) Total Blueprint compile time: 0.00 seconds
[2018.10.30-01.14.51:699][  0]LogWindowsTextInputMethodSystem: Display: IME system now deactivated.
[2018.10.30-01.14.51:739][  0]LogContentStreaming: Texture pool size now 1000 MB
[2018.10.30-01.14.51:863][  0]LogSlate: Took 0.000237 seconds to synchronously load lazily loaded font '../../../Engine/Content/Slate/Fonts/Roboto-Light.ttf' (167K)
[2018.10.30-01.14.51:928][  2]LogAssetRegistry: Asset discovery search completed in 5.2184 seconds
[2018.10.30-01.14.51:929][  2]LogCollectionManager: Rebuilt the object cache for 0 collections in 0.000000 seconds (found 0 objects)
[2018.10.30-01.14.51:929][  2]LogCollectionManager: Fixed up redirectors for 0 collections in 0.000043 seconds (updated 0 objects)
[2018.10.30-01.14.52:733][ 90]LogSlate: Took 0.000255 seconds to synchronously load lazily loaded font '../../../Engine/Content/Slate/Fonts/Roboto-Light.ttf' (167K)
[2018.10.30-01.14.56:887][587]LogFileCache: Retrieving MD5 hashes for directory 'C:/Users/GOTOS/Desktop/FYP_Prototype/Content/' took 5.18s
[2018.10.30-01.15.41:724][944]LogSlate: FSceneViewport::OnFocusLost() reason 0
[2018.10.30-01.15.47:337][334]LogAIModule: Creating AISystem for world MotionControllerMap
[2018.10.30-01.15.47:367][334]LogAssetEditorManager: Opening Asset editor for World /Game/VirtualRealityBP/Maps/MotionControllerMap.MotionControllerMap
[2018.10.30-01.15.47:405][334]Cmd: MAP LOAD FILE="../../../../../../Users/GOTOS/Desktop/FYP_Prototype/Content/VirtualRealityBP/Maps/MotionControllerMap.umap" TEMPLATE=0 SHOWPROGRESS=1 FEATURELEVEL=3
[2018.10.30-01.15.47:405][334]LightingResults: New page: Lighting Build
[2018.10.30-01.15.47:405][334]LoadErrors: New page: Loading map: MotionControllerMap.umap
[2018.10.30-01.15.47:406][334]MapCheck: New page: Map Check
[2018.10.30-01.15.47:406][334]LightingResults: New page: Lighting Build
[2018.10.30-01.15.47:464][334]LogEditorServer: Finished looking for orphan Actors (0.000 secs)
[2018.10.30-01.15.47:552][334]Cmd: MAP CHECKDEP NOCLEARLOG
[2018.10.30-01.15.47:764][334]MapCheck: Map check complete: 0 Error(s), 0 Warning(s), took 210.86ms to complete.
[2018.10.30-01.15.47:765][334]LogFileHelpers: Loading map 'MotionControllerMap' took 0.361
[2018.10.30-01.16.11:021][992]LogMetaData: Removing '/Game/EnemyAI/Sulg/SpawnSulug.SpawnSulug_C' ref from Metadata '/Game/EnemyAI/SpawnSulug.PackageMetaData'
[2018.10.30-01.16.11:021][992]LogMetaData: Removing '/Game/EnemyAI/Sulg/SpawnSulug.SpawnSulug:UserConstructionScript.K2Node_FunctionEntry_0' ref from Metadata '/Game/EnemyAI/SpawnSulug.PackageMetaData'
[2018.10.30-01.16.11:021][992]LogMetaData: Removing '/Game/EnemyAI/Sulg/SpawnSulug.SKEL_SpawnSulug_C:ReceiveBeginPlay' ref from Metadata '/Game/EnemyAI/SpawnSulug.PackageMetaData'
[2018.10.30-01.16.11:021][992]LogMetaData: Removing '/Game/EnemyAI/Sulg/SpawnSulug.SKEL_SpawnSulug_C:UserConstructionScript' ref from Metadata '/Game/EnemyAI/SpawnSulug.PackageMetaData'
[2018.10.30-01.16.11:021][992]LogMetaData: Removing '/Game/EnemyAI/Sulg/SpawnSulug.SKEL_SpawnSulug_C' ref from Metadata '/Game/EnemyAI/SpawnSulug.PackageMetaData'
[2018.10.30-01.16.11:021][992]LogMetaData: Removing '/Game/EnemyAI/Sulg/SpawnSulug.SpawnSulug_C:ReceiveBeginPlay' ref from Metadata '/Game/EnemyAI/SpawnSulug.PackageMetaData'
[2018.10.30-01.16.11:021][992]LogMetaData: Removing '/Game/EnemyAI/Sulg/SpawnSulug.SpawnSulug_C:UserConstructionScript' ref from Metadata '/Game/EnemyAI/SpawnSulug.PackageMetaData'
[2018.10.30-01.16.11:031][992]LogMetaData: Removing '/Game/EnemyAI/Sulg/Sulg_BP.Sulg_BP_C' ref from Metadata '/Game/EnemyAI/Sulg_BP.PackageMetaData'
[2018.10.30-01.16.11:031][992]LogMetaData: Removing '/Game/EnemyAI/Sulg/Sulg_BP.Sulg_BP:UserConstructionScript.K2Node_FunctionEntry_0' ref from Metadata '/Game/EnemyAI/Sulg_BP.PackageMetaData'
[2018.10.30-01.16.11:031][992]LogMetaData: Removing '/Game/EnemyAI/Sulg/Sulg_BP.SKEL_Sulg_BP_C:ReceiveHit' ref from Metadata '/Game/EnemyAI/Sulg_BP.PackageMetaData'
[2018.10.30-01.16.11:031][992]LogMetaData: Removing '/Game/EnemyAI/Sulg/Sulg_BP.SKEL_Sulg_BP_C:ReceiveTick' ref from Metadata '/Game/EnemyAI/Sulg_BP.PackageMetaData'
[2018.10.30-01.16.11:031][992]LogMetaData: Removing '/Game/EnemyAI/Sulg/Sulg_BP.SKEL_Sulg_BP_C:IsDeth?' ref from Metadata '/Game/EnemyAI/Sulg_BP.PackageMetaData'
[2018.10.30-01.16.11:031][992]LogMetaData: Removing '/Game/EnemyAI/Sulg/Sulg_BP.SKEL_Sulg_BP_C:IsHit?' ref from Metadata '/Game/EnemyAI/Sulg_BP.PackageMetaData'
[2018.10.30-01.16.11:031][992]LogMetaData: Removing '/Game/EnemyAI/Sulg/Sulg_BP.SKEL_Sulg_BP_C:UserConstructionScript' ref from Metadata '/Game/EnemyAI/Sulg_BP.PackageMetaData'
[2018.10.30-01.16.11:031][992]LogMetaData: Removing '/Game/EnemyAI/Sulg/Sulg_BP.SKEL_Sulg_BP_C' ref from Metadata '/Game/EnemyAI/Sulg_BP.PackageMetaData'
[2018.10.30-01.16.11:031][992]LogMetaData: Removing '/Game/EnemyAI/Sulg/Sulg_BP.Sulg_BP_C:IsDeth?' ref from Metadata '/Game/EnemyAI/Sulg_BP.PackageMetaData'
[2018.10.30-01.16.11:031][992]LogMetaData: Removing '/Game/EnemyAI/Sulg/Sulg_BP.Sulg_BP_C:IsHit?' ref from Metadata '/Game/EnemyAI/Sulg_BP.PackageMetaData'
[2018.10.30-01.16.11:031][992]LogMetaData: Removing '/Game/EnemyAI/Sulg/Sulg_BP.Sulg_BP_C:ReceiveTick' ref from Metadata '/Game/EnemyAI/Sulg_BP.PackageMetaData'
[2018.10.30-01.16.11:031][992]LogMetaData: Removing '/Game/EnemyAI/Sulg/Sulg_BP.Sulg_BP_C:ReceiveHit' ref from Metadata '/Game/EnemyAI/Sulg_BP.PackageMetaData'
[2018.10.30-01.16.11:031][992]LogMetaData: Removing '/Game/EnemyAI/Sulg/Sulg_BP.Sulg_BP_C:UserConstructionScript' ref from Metadata '/Game/EnemyAI/Sulg_BP.PackageMetaData'
[2018.10.30-01.16.11:062][992]Cmd: OBJ SAVEPACKAGE PACKAGE="/Game/EnemyAI/Sulg/SpawnSulug" FILE="../../../../../../Users/GOTOS/Desktop/FYP_Prototype/Content/EnemyAI/Sulg/SpawnSulug.uasset" SILENT=true
[2018.10.30-01.16.11:086][992]LogSavePackage: Moving '../../../../../../Users/GOTOS/Desktop/FYP_Prototype/Saved/SpawnSulug8C0B84324714AB0630CF919DC6A4EA24.tmp' to '../../../../../../Users/GOTOS/Desktop/FYP_Prototype/Content/EnemyAI/Sulg/SpawnSulug.uasset'
[2018.10.30-01.16.11:123][992]Cmd: OBJ SAVEPACKAGE PACKAGE="/Game/EnemyAI/Sulg/Sulg_BP" FILE="../../../../../../Users/GOTOS/Desktop/FYP_Prototype/Content/EnemyAI/Sulg/Sulg_BP.uasset" SILENT=true
[2018.10.30-01.16.11:187][992]LogSavePackage: Moving '../../../../../../Users/GOTOS/Desktop/FYP_Prototype/Saved/Sulg_BP119571E242C9CA8E31DC1E9C193434C2.tmp' to '../../../../../../Users/GOTOS/Desktop/FYP_Prototype/Content/EnemyAI/Sulg/Sulg_BP.uasset'
[2018.10.30-01.16.11:570][992]LogSavePackage: Moving '../../../../../../Users/GOTOS/Desktop/FYP_Prototype/Saved/Slug_Animation86D526A8484E65D4F4BCF481C50CC3CD.tmp' to '../../../../../../Users/GOTOS/Desktop/FYP_Prototype/Content/Models/Animation_Blueprint/Slug_Animation.uasset'
[2018.10.30-01.16.21:097][121]LogMetaData: Removing '/Game/EnemyAI/FlyinAI/Bat_BP.Bat_BP_C' ref from Metadata '/Game/FlyinAI/Bat_BP.PackageMetaData'
[2018.10.30-01.16.21:097][121]LogMetaData: Removing '/Game/EnemyAI/FlyinAI/Bat_BP.Bat_BP:Get Goal Actor.K2Node_FunctionEntry_0' ref from Metadata '/Game/FlyinAI/Bat_BP.PackageMetaData'
[2018.10.30-01.16.21:097][121]LogMetaData: Removing '/Game/EnemyAI/FlyinAI/Bat_BP.Bat_BP:Get Goal Actor.K2Node_FunctionResult_1' ref from Metadata '/Game/FlyinAI/Bat_BP.PackageMetaData'
[2018.10.30-01.16.21:097][121]LogMetaData: Removing '/Game/EnemyAI/FlyinAI/Bat_BP.Bat_BP:Get Goal Bot.K2Node_FunctionEntry_0' ref from Metadata '/Game/FlyinAI/Bat_BP.PackageMetaData'
[2018.10.30-01.16.21:097][121]LogMetaData: Removing '/Game/EnemyAI/FlyinAI/Bat_BP.Bat_BP:Get Goal Bot.K2Node_FunctionResult_0' ref from Metadata '/Game/FlyinAI/Bat_BP.PackageMetaData'
[2018.10.30-01.16.21:097][121]LogMetaData: Removing '/Game/EnemyAI/FlyinAI/Bat_BP.Bat_BP:On Goal Reached.K2Node_FunctionEntry_0' ref from Metadata '/Game/FlyinAI/Bat_BP.PackageMetaData'
[2018.10.30-01.16.21:097][121]LogMetaData: Removing '/Game/EnemyAI/FlyinAI/Bat_BP.Bat_BP:UserConstructionScript.K2Node_FunctionEntry_0' ref from Metadata '/Game/FlyinAI/Bat_BP.PackageMetaData'
[2018.10.30-01.16.21:097][121]LogMetaData: Removing '/Game/EnemyAI/FlyinAI/Bat_BP.SKEL_Bat_BP_C:AddMovementInputCustom' ref from Metadata '/Game/FlyinAI/Bat_BP.PackageMetaData'
[2018.10.30-01.16.21:097][121]LogMetaData: Removing '/Game/EnemyAI/FlyinAI/Bat_BP.SKEL_Bat_BP_C:ReceiveBeginPlay' ref from Metadata '/Game/FlyinAI/Bat_BP.PackageMetaData'
[2018.10.30-01.16.21:097][121]LogMetaData: Removing '/Game/EnemyAI/FlyinAI/Bat_BP.SKEL_Bat_BP_C:ReceiveTick' ref from Metadata '/Game/FlyinAI/Bat_BP.PackageMetaData'
[2018.10.30-01.16.21:097][121]LogMetaData: Removing '/Game/EnemyAI/FlyinAI/Bat_BP.SKEL_Bat_BP_C:GetRound' ref from Metadata '/Game/FlyinAI/Bat_BP.PackageMetaData'
[2018.10.30-01.16.21:097][121]LogMetaData: Removing '/Game/EnemyAI/FlyinAI/Bat_BP.SKEL_Bat_BP_C:HP' ref from Metadata '/Game/FlyinAI/Bat_BP.PackageMetaData'
[2018.10.30-01.16.21:097][121]LogMetaData: Removing '/Game/EnemyAI/FlyinAI/Bat_BP.SKEL_Bat_BP_C:AttacCount' ref from Metadata '/Game/FlyinAI/Bat_BP.PackageMetaData'
[2018.10.30-01.16.21:097][121]LogMetaData: Removing '/Game/EnemyAI/FlyinAI/Bat_BP.SKEL_Bat_BP_C:NowIndex' ref from Metadata '/Game/FlyinAI/Bat_BP.PackageMetaData'
[2018.10.30-01.16.21:097][121]LogMetaData: Removing '/Game/EnemyAI/FlyinAI/Bat_BP.SKEL_Bat_BP_C:IsHIt' ref from Metadata '/Game/FlyinAI/Bat_BP.PackageMetaData'
[2018.10.30-01.16.21:097][121]LogMetaData: Removing '/Game/EnemyAI/FlyinAI/Bat_BP.SKEL_Bat_BP_C:isDead' ref from Metadata '/Game/FlyinAI/Bat_BP.PackageMetaData'
[2018.10.30-01.16.21:097][121]LogMetaData: Removing '/Game/EnemyAI/FlyinAI/Bat_BP.SKEL_Bat_BP_C:IsAttacking' ref from Metadata '/Game/FlyinAI/Bat_BP.PackageMetaData'
[2018.10.30-01.16.21:097][121]LogMetaData: Removing '/Game/EnemyAI/FlyinAI/Bat_BP.SKEL_Bat_BP_C:IsFlying' ref from Metadata '/Game/FlyinAI/Bat_BP.PackageMetaData'
[2018.10.30-01.16.21:097][121]LogMetaData: Removing '/Game/EnemyAI/FlyinAI/Bat_BP.SKEL_Bat_BP_C:IsLanding' ref from Metadata '/Game/FlyinAI/Bat_BP.PackageMetaData'
[2018.10.30-01.16.21:097][121]LogMetaData: Removing '/Game/EnemyAI/FlyinAI/Bat_BP.SKEL_Bat_BP_C:Wake Up Delay' ref from Metadata '/Game/FlyinAI/Bat_BP.PackageMetaData'
[2018.10.30-01.16.21:097][121]LogMetaData: Removing '/Game/EnemyAI/FlyinAI/Bat_BP.SKEL_Bat_BP_C:BT Initialized' ref from Metadata '/Game/FlyinAI/Bat_BP.PackageMetaData'
[2018.10.30-01.16.21:097][121]LogMetaData: Removing '/Game/EnemyAI/FlyinAI/Bat_BP.SKEL_Bat_BP_C:Bot Speed Scale' ref from Metadata '/Game/FlyinAI/Bat_BP.PackageMetaData'
[2018.10.30-01.16.21:097][121]LogMetaData: Removing '/Game/EnemyAI/FlyinAI/Bat_BP.SKEL_Bat_BP_C:Goal Cooldown Time' ref from Metadata '/Game/FlyinAI/Bat_BP.PackageMetaData'
[2018.10.30-01.16.21:097][121]LogMetaData: Removing '/Game/EnemyAI/FlyinAI/Bat_BP.SKEL_Bat_BP_C:GroundActorPoint' ref from Metadata '/Game/FlyinAI/Bat_BP.PackageMetaData'
[2018.10.30-01.16.21:097][121]LogMetaData: Removing '/Game/EnemyAI/FlyinAI/Bat_BP.SKEL_Bat_BP_C:TargetActorPoint' ref from Metadata '/Game/FlyinAI/Bat_BP.PackageMetaData'
[2018.10.30-01.16.21:097][121]LogMetaData: Removing '/Game/EnemyAI/FlyinAI/Bat_BP.SKEL_Bat_BP_C:Goal Bot' ref from Metadata '/Game/FlyinAI/Bat_BP.PackageMetaData'
[2018.10.30-01.16.21:097][121]LogMetaData: Removing '/Game/EnemyAI/FlyinAI/Bat_BP.SKEL_Bat_BP_C:IsGoalReached' ref from Metadata '/Game/FlyinAI/Bat_BP.PackageMetaData'
[2018.10.30-01.16.21:098][121]LogMetaData: Removing '/Game/EnemyAI/FlyinAI/Bat_BP.SKEL_Bat_BP_C:GoalPointActor' ref from Metadata '/Game/FlyinAI/Bat_BP.PackageMetaData'
[2018.10.30-01.16.21:098][121]LogMetaData: Removing '/Game/EnemyAI/FlyinAI/Bat_BP.SKEL_Bat_BP_C:NextGoalActor' ref from Metadata '/Game/FlyinAI/Bat_BP.PackageMetaData'
[2018.10.30-01.16.21:098][121]LogMetaData: Removing '/Game/EnemyAI/FlyinAI/Bat_BP.SKEL_Bat_BP_C:BackGoalActor' ref from Metadata '/Game/FlyinAI/Bat_BP.PackageMetaData'
[2018.10.30-01.16.21:098][121]LogMetaData: Removing '/Game/EnemyAI/FlyinAI/Bat_BP.SKEL_Bat_BP_C:BehaviorSwich' ref from Metadata '/Game/FlyinAI/Bat_BP.PackageMetaData'
[2018.10.30-01.16.21:098][121]LogMetaData: Removing '/Game/EnemyAI/FlyinAI/Bat_BP.SKEL_Bat_BP_C:Behavior To Run' ref from Metadata '/Game/FlyinAI/Bat_BP.PackageMetaData'
[2018.10.30-01.16.21:098][121]LogMetaData: Removing '/Game/EnemyAI/FlyinAI/Bat_BP.SKEL_Bat_BP_C:SkeletalComponent' ref from Metadata '/Game/FlyinAI/Bat_BP.PackageMetaData'
[2018.10.30-01.16.21:098][121]LogMetaData: Removing '/Game/EnemyAI/FlyinAI/Bat_BP.SKEL_Bat_BP_C:Capsule' ref from Metadata '/Game/FlyinAI/Bat_BP.PackageMetaData'
[2018.10.30-01.16.21:098][121]LogMetaData: Removing '/Game/EnemyAI/FlyinAI/Bat_BP.SKEL_Bat_BP_C:UserConstructionScript' ref from Metadata '/Game/FlyinAI/Bat_BP.PackageMetaData'
[2018.10.30-01.16.21:098][121]LogMetaData: Removing '/Game/EnemyAI/FlyinAI/Bat_BP.SKEL_Bat_BP_C:OnNextSegment' ref from Metadata '/Game/FlyinAI/Bat_BP.PackageMetaData'
[2018.10.30-01.16.21:098][121]LogMetaData: Removing '/Game/EnemyAI/FlyinAI/Bat_BP.SKEL_Bat_BP_C:OnLocomotionEnd' ref from Metadata '/Game/FlyinAI/Bat_BP.PackageMetaData'
[2018.10.30-01.16.21:098][121]LogMetaData: Removing '/Game/EnemyAI/FlyinAI/Bat_BP.SKEL_Bat_BP_C:OnLocomotionBegin' ref from Metadata '/Game/FlyinAI/Bat_BP.PackageMetaData'
[2018.10.30-01.16.21:098][121]LogMetaData: Removing '/Game/EnemyAI/FlyinAI/Bat_BP.SKEL_Bat_BP_C:OnLocomotionAbort' ref from Metadata '/Game/FlyinAI/Bat_BP.PackageMetaData'
[2018.10.30-01.16.21:098][121]LogMetaData: Removing '/Game/EnemyAI/FlyinAI/Bat_BP.SKEL_Bat_BP_C' ref from Metadata '/Game/FlyinAI/Bat_BP.PackageMetaData'
[2018.10.30-01.16.21:098][121]LogMetaData: Removing '/Game/EnemyAI/FlyinAI/Bat_BP.Bat_BP_C:HP' ref from Metadata '/Game/FlyinAI/Bat_BP.PackageMetaData'
[2018.10.30-01.16.21:098][121]LogMetaData: Removing '/Game/EnemyAI/FlyinAI/Bat_BP.Bat_BP_C:AttacCount' ref from Metadata '/Game/FlyinAI/Bat_BP.PackageMetaData'
[2018.10.30-01.16.21:098][121]LogMetaData: Removing '/Game/EnemyAI/FlyinAI/Bat_BP.Bat_BP_C:NowIndex' ref from Metadata '/Game/FlyinAI/Bat_BP.PackageMetaData'
[2018.10.30-01.16.21:098][121]LogMetaData: Removing '/Game/EnemyAI/FlyinAI/Bat_BP.Bat_BP_C:IsHIt' ref from Metadata '/Game/FlyinAI/Bat_BP.PackageMetaData'
[2018.10.30-01.16.21:098][121]LogMetaData: Removing '/Game/EnemyAI/FlyinAI/Bat_BP.Bat_BP_C:isDead' ref from Metadata '/Game/FlyinAI/Bat_BP.PackageMetaData'
[2018.10.30-01.16.21:098][121]LogMetaData: Removing '/Game/EnemyAI/FlyinAI/Bat_BP.Bat_BP_C:IsAttacking' ref from Metadata '/Game/FlyinAI/Bat_BP.PackageMetaData'
[2018.10.30-01.16.21:098][121]LogMetaData: Removing '/Game/EnemyAI/FlyinAI/Bat_BP.Bat_BP_C:IsFlying' ref from Metadata '/Game/FlyinAI/Bat_BP.PackageMetaData'
[2018.10.30-01.16.21:098][121]LogMetaData: Removing '/Game/EnemyAI/FlyinAI/Bat_BP.Bat_BP_C:IsLanding' ref from Metadata '/Game/FlyinAI/Bat_BP.PackageMetaData'
[2018.10.30-01.16.21:098][121]LogMetaData: Removing '/Game/EnemyAI/FlyinAI/Bat_BP.Bat_BP_C:Wake Up Delay' ref from Metadata '/Game/FlyinAI/Bat_BP.PackageMetaData'
[2018.10.30-01.16.21:098][121]LogMetaData: Removing '/Game/EnemyAI/FlyinAI/Bat_BP.Bat_BP_C:BT Initialized' ref from Metadata '/Game/FlyinAI/Bat_BP.PackageMetaData'
[2018.10.30-01.16.21:098][121]LogMetaData: Removing '/Game/EnemyAI/FlyinAI/Bat_BP.Bat_BP_C:Bot Speed Scale' ref from Metadata '/Game/FlyinAI/Bat_BP.PackageMetaData'
[2018.10.30-01.16.21:098][121]LogMetaData: Removing '/Game/EnemyAI/FlyinAI/Bat_BP.Bat_BP_C:Goal Cooldown Time' ref from Metadata '/Game/FlyinAI/Bat_BP.PackageMetaData'
[2018.10.30-01.16.21:098][121]LogMetaData: Removing '/Game/EnemyAI/FlyinAI/Bat_BP.Bat_BP_C:GroundActorPoint' ref from Metadata '/Game/FlyinAI/Bat_BP.PackageMetaData'
[2018.10.30-01.16.21:098][121]LogMetaData: Removing '/Game/EnemyAI/FlyinAI/Bat_BP.Bat_BP_C:TargetActorPoint' ref from Metadata '/Game/FlyinAI/Bat_BP.PackageMetaData'
[2018.10.30-01.16.21:098][121]LogMetaData: Removing '/Game/EnemyAI/FlyinAI/Bat_BP.Bat_BP_C:Goal Bot' ref from Metadata '/Game/FlyinAI/Bat_BP.PackageMetaData'
[2018.10.30-01.16.21:098][121]LogMetaData: Removing '/Game/EnemyAI/FlyinAI/Bat_BP.Bat_BP_C:IsGoalReached' ref from Metadata '/Game/FlyinAI/Bat_BP.PackageMetaData'
[2018.10.30-01.16.21:098][121]LogMetaData: Removing '/Game/EnemyAI/FlyinAI/Bat_BP.Bat_BP_C:GoalPointActor' ref from Metadata '/Game/FlyinAI/Bat_BP.PackageMetaData'
[2018.10.30-01.16.21:098][121]LogMetaData: Removing '/Game/EnemyAI/FlyinAI/Bat_BP.Bat_BP_C:NextGoalActor' ref from Metadata '/Game/FlyinAI/Bat_BP.PackageMetaData'
[2018.10.30-01.16.21:098][121]LogMetaData: Removing '/Game/EnemyAI/FlyinAI/Bat_BP.Bat_BP_C:BackGoalActor' ref from Metadata '/Game/FlyinAI/Bat_BP.PackageMetaData'
[2018.10.30-01.16.21:098][121]LogMetaData: Removing '/Game/EnemyAI/FlyinAI/Bat_BP.Bat_BP_C:BehaviorSwich' ref from Metadata '/Game/FlyinAI/Bat_BP.PackageMetaData'
[2018.10.30-01.16.21:098][121]LogMetaData: Removing '/Game/EnemyAI/FlyinAI/Bat_BP.Bat_BP_C:Behavior To Run' ref from Metadata '/Game/FlyinAI/Bat_BP.PackageMetaData'
[2018.10.30-01.16.21:098][121]LogMetaData: Removing '/Game/EnemyAI/FlyinAI/Bat_BP.Bat_BP_C:SkeletalComponent' ref from Metadata '/Game/FlyinAI/Bat_BP.PackageMetaData'
[2018.10.30-01.16.21:098][121]LogMetaData: Removing '/Game/EnemyAI/FlyinAI/Bat_BP.Bat_BP_C:Capsule' ref from Metadata '/Game/FlyinAI/Bat_BP.PackageMetaData'
[2018.10.30-01.16.21:098][121]LogMetaData: Removing '/Game/EnemyAI/FlyinAI/Bat_BP.Bat_BP_C:OnLocomotionBegin' ref from Metadata '/Game/FlyinAI/Bat_BP.PackageMetaData'
[2018.10.30-01.16.21:098][121]LogMetaData: Removing '/Game/EnemyAI/FlyinAI/Bat_BP.Bat_BP_C:OnLocomotionEnd' ref from Metadata '/Game/FlyinAI/Bat_BP.PackageMetaData'
[2018.10.30-01.16.21:098][121]LogMetaData: Removing '/Game/EnemyAI/FlyinAI/Bat_BP.Bat_BP_C:OnNextSegment' ref from Metadata '/Game/FlyinAI/Bat_BP.PackageMetaData'
[2018.10.30-01.16.21:098][121]LogMetaData: Removing '/Game/EnemyAI/FlyinAI/Bat_BP.Bat_BP_C:OnLocomotionAbort' ref from Metadata '/Game/FlyinAI/Bat_BP.PackageMetaData'
[2018.10.30-01.16.21:098][121]LogMetaData: Removing '/Game/EnemyAI/FlyinAI/Bat_BP.Bat_BP_C:AddMovementInputCustom' ref from Metadata '/Game/FlyinAI/Bat_BP.PackageMetaData'
[2018.10.30-01.16.21:098][121]LogMetaData: Removing '/Game/EnemyAI/FlyinAI/Bat_BP.Bat_BP_C:ReceiveTick' ref from Metadata '/Game/FlyinAI/Bat_BP.PackageMetaData'
[2018.10.30-01.16.21:098][121]LogMetaData: Removing '/Game/EnemyAI/FlyinAI/Bat_BP.Bat_BP_C:ReceiveBeginPlay' ref from Metadata '/Game/FlyinAI/Bat_BP.PackageMetaData'
[2018.10.30-01.16.21:098][121]LogMetaData: Removing '/Game/EnemyAI/FlyinAI/Bat_BP.Bat_BP_C:UserConstructionScript' ref from Metadata '/Game/FlyinAI/Bat_BP.PackageMetaData'
[2018.10.30-01.16.21:098][121]LogMetaData: Removing '/Game/EnemyAI/FlyinAI/Bat_BP.Bat_BP_C:GetRound' ref from Metadata '/Game/FlyinAI/Bat_BP.PackageMetaData'
[2018.10.30-01.16.21:123][121]LogMetaData: Removing '/Game/EnemyAI/FlyinAI/FlyingIAIInterface.FlyingIAIInterface_C' ref from Metadata '/Game/FlyinAI/FlyingIAIInterface.PackageMetaData'
[2018.10.30-01.16.21:123][121]LogMetaData: Removing '/Game/EnemyAI/FlyinAI/FlyingIAIInterface.SKEL_FlyingIAIInterface_C' ref from Metadata '/Game/FlyinAI/FlyingIAIInterface.PackageMetaData'
[2018.10.30-01.16.21:142][121]LogMetaData: Removing '/Game/EnemyAI/FlyinAI/BehaviorTree/Bat_BT.Bat_BT:Behavior Tree.BehaviorTreeGraphNode_Root_0' ref from Metadata '/Game/FlyinAI/BehaviorTree/Bat_BT.PackageMetaData'
[2018.10.30-01.16.21:151][121]LogMetaData: Removing '/Game/EnemyAI/FlyinAI/BehaviorTree/PursuitPlayer_BTT.PursuitPlayer_BTT_C' ref from Metadata '/Game/FlyinAI/BehaviorTree/PursuitPlayer_BTT.PackageMetaData'
[2018.10.30-01.16.21:152][121]LogMetaData: Removing '/Game/EnemyAI/FlyinAI/BehaviorTree/PursuitPlayer_BTT.SKEL_PursuitPlayer_BTT_C:ReceiveExecuteAI' ref from Metadata '/Game/FlyinAI/BehaviorTree/PursuitPlayer_BTT.PackageMetaData'
[2018.10.30-01.16.21:152][121]LogMetaData: Removing '/Game/EnemyAI/FlyinAI/BehaviorTree/PursuitPlayer_BTT.SKEL_PursuitPlayer_BTT_C:Goal Key' ref from Metadata '/Game/FlyinAI/BehaviorTree/PursuitPlayer_BTT.PackageMetaData'
[2018.10.30-01.16.21:152][121]LogMetaData: Removing '/Game/EnemyAI/FlyinAI/BehaviorTree/PursuitPlayer_BTT.SKEL_PursuitPlayer_BTT_C' ref from Metadata '/Game/FlyinAI/BehaviorTree/PursuitPlayer_BTT.PackageMetaData'
[2018.10.30-01.16.21:152][121]LogMetaData: Removing '/Game/EnemyAI/FlyinAI/BehaviorTree/PursuitPlayer_BTT.PursuitPlayer_BTT_C:Goal Key' ref from Metadata '/Game/FlyinAI/BehaviorTree/PursuitPlayer_BTT.PackageMetaData'
[2018.10.30-01.16.21:152][121]LogMetaData: Removing '/Game/EnemyAI/FlyinAI/BehaviorTree/PursuitPlayer_BTT.PursuitPlayer_BTT_C:ReceiveExecuteAI' ref from Metadata '/Game/FlyinAI/BehaviorTree/PursuitPlayer_BTT.PackageMetaData'
[2018.10.30-01.16.21:152][121]LogMetaData: Removing '/Game/EnemyAI/FlyinAI/BehaviorTree/PursuitPlayer_BTT.PursuitPlayer_BTT_C:OnMoveFinished_5D254787457A630D12240581E4564CCE' ref from Metadata '/Game/FlyinAI/BehaviorTree/PursuitPlayer_BTT.PackageMetaData'
[2018.10.30-01.16.21:162][121]LogMetaData: Removing '/Game/EnemyAI/FlyinAI/FlyingAIController_BP.FlyingAIController_BP_C' ref from Metadata '/Game/FlyinAI/FlyingAIController_BP.PackageMetaData'
[2018.10.30-01.16.21:162][121]LogMetaData: Removing '/Game/EnemyAI/FlyinAI/FlyingAIController_BP.SKEL_FlyingAIController_BP_C:ReceiveBeginPlay' ref from Metadata '/Game/FlyinAI/FlyingAIController_BP.PackageMetaData'
[2018.10.30-01.16.21:162][121]LogMetaData: Removing '/Game/EnemyAI/FlyinAI/FlyingAIController_BP.SKEL_FlyingAIController_BP_C:UserConstructionScript' ref from Metadata '/Game/FlyinAI/FlyingAIController_BP.PackageMetaData'
[2018.10.30-01.16.21:162][121]LogMetaData: Removing '/Game/EnemyAI/FlyinAI/FlyingAIController_BP.SKEL_FlyingAIController_BP_C' ref from Metadata '/Game/FlyinAI/FlyingAIController_BP.PackageMetaData'
[2018.10.30-01.16.21:162][121]LogMetaData: Removing '/Game/EnemyAI/FlyinAI/FlyingAIController_BP.FlyingAIController_BP_C:ReceiveBeginPlay' ref from Metadata '/Game/FlyinAI/FlyingAIController_BP.PackageMetaData'
[2018.10.30-01.16.21:162][121]LogMetaData: Removing '/Game/EnemyAI/FlyinAI/FlyingAIController_BP.FlyingAIController_BP_C:UserConstructionScript' ref from Metadata '/Game/FlyinAI/FlyingAIController_BP.PackageMetaData'
[2018.10.30-01.16.21:171][121]LogMetaData: Removing '/Game/EnemyAI/FlyinAI/BehaviorTree/OnGoalReached_BTT.OnGoalReached_BTT_C' ref from Metadata '/Game/FlyinAI/BehaviorTree/OnGoalReached_BTT.PackageMetaData'
[2018.10.30-01.16.21:171][121]LogMetaData: Removing '/Game/EnemyAI/FlyinAI/BehaviorTree/OnGoalReached_BTT.SKEL_OnGoalReached_BTT_C:ReceiveExecuteAI' ref from Metadata '/Game/FlyinAI/BehaviorTree/OnGoalReached_BTT.PackageMetaData'
[2018.10.30-01.16.21:171][121]LogMetaData: Removing '/Game/EnemyAI/FlyinAI/BehaviorTree/OnGoalReached_BTT.SKEL_OnGoalReached_BTT_C' ref from Metadata '/Game/FlyinAI/BehaviorTree/OnGoalReached_BTT.PackageMetaData'
[2018.10.30-01.16.21:171][121]LogMetaData: Removing '/Game/EnemyAI/FlyinAI/BehaviorTree/OnGoalReached_BTT.OnGoalReached_BTT_C:ReceiveExecuteAI' ref from Metadata '/Game/FlyinAI/BehaviorTree/OnGoalReached_BTT.PackageMetaData'
[2018.10.30-01.16.21:181][121]LogMetaData: Removing '/Game/EnemyAI/FlyinAI/BehaviorTree/PickGoal_BTT.PickGoal_BTT_C' ref from Metadata '/Game/FlyinAI/BehaviorTree/PickGoal_BTT.PackageMetaData'
[2018.10.30-01.16.21:181][121]LogMetaData: Removing '/Game/EnemyAI/FlyinAI/BehaviorTree/PickGoal_BTT.SKEL_PickGoal_BTT_C:ReceiveExecuteAI' ref from Metadata '/Game/FlyinAI/BehaviorTree/PickGoal_BTT.PackageMetaData'
[2018.10.30-01.16.21:181][121]LogMetaData: Removing '/Game/EnemyAI/FlyinAI/BehaviorTree/PickGoal_BTT.SKEL_PickGoal_BTT_C:Goal Key' ref from Metadata '/Game/FlyinAI/BehaviorTree/PickGoal_BTT.PackageMetaData'
[2018.10.30-01.16.21:181][121]LogMetaData: Removing '/Game/EnemyAI/FlyinAI/BehaviorTree/PickGoal_BTT.SKEL_PickGoal_BTT_C' ref from Metadata '/Game/FlyinAI/BehaviorTree/PickGoal_BTT.PackageMetaData'
[2018.10.30-01.16.21:181][121]LogMetaData: Removing '/Game/EnemyAI/FlyinAI/BehaviorTree/PickGoal_BTT.PickGoal_BTT_C:Goal Key' ref from Metadata '/Game/FlyinAI/BehaviorTree/PickGoal_BTT.PackageMetaData'
[2018.10.30-01.16.21:181][121]LogMetaData: Removing '/Game/EnemyAI/FlyinAI/BehaviorTree/PickGoal_BTT.PickGoal_BTT_C:ReceiveExecuteAI' ref from Metadata '/Game/FlyinAI/BehaviorTree/PickGoal_BTT.PackageMetaData'
[2018.10.30-01.16.21:191][121]LogMetaData: Removing '/Game/EnemyAI/FlyinAI/BehaviorTree/RetryWithDelay_BTT.RetryWithDelay_BTT_C' ref from Metadata '/Game/FlyinAI/BehaviorTree/RetryWithDelay_BTT.PackageMetaData'
[2018.10.30-01.16.21:191][121]LogMetaData: Removing '/Game/EnemyAI/FlyinAI/BehaviorTree/RetryWithDelay_BTT.SKEL_RetryWithDelay_BTT_C:ReceiveExecuteAI' ref from Metadata '/Game/FlyinAI/BehaviorTree/RetryWithDelay_BTT.PackageMetaData'
[2018.10.30-01.16.21:191][121]LogMetaData: Removing '/Game/EnemyAI/FlyinAI/BehaviorTree/RetryWithDelay_BTT.SKEL_RetryWithDelay_BTT_C:Default Wait Time' ref from Metadata '/Game/FlyinAI/BehaviorTree/RetryWithDelay_BTT.PackageMetaData'
[2018.10.30-01.16.21:191][121]LogMetaData: Removing '/Game/EnemyAI/FlyinAI/BehaviorTree/RetryWithDelay_BTT.SKEL_RetryWithDelay_BTT_C' ref from Metadata '/Game/FlyinAI/BehaviorTree/RetryWithDelay_BTT.PackageMetaData'
[2018.10.30-01.16.21:191][121]LogMetaData: Removing '/Game/EnemyAI/FlyinAI/BehaviorTree/RetryWithDelay_BTT.RetryWithDelay_BTT_C:Default Wait Time' ref from Metadata '/Game/FlyinAI/BehaviorTree/RetryWithDelay_BTT.PackageMetaData'
[2018.10.30-01.16.21:191][121]LogMetaData: Removing '/Game/EnemyAI/FlyinAI/BehaviorTree/RetryWithDelay_BTT.RetryWithDelay_BTT_C:ReceiveExecuteAI' ref from Metadata '/Game/FlyinAI/BehaviorTree/RetryWithDelay_BTT.PackageMetaData'
[2018.10.30-01.16.21:210][121]LogMetaData: Removing '/Game/EnemyAI/FlyinAI/BehaviorTree/PickBot_BTT.PickBot_BTT_C' ref from Metadata '/Game/FlyinAI/BehaviorTree/PickBot_BTT.PackageMetaData'
[2018.10.30-01.16.21:210][121]LogMetaData: Removing '/Game/EnemyAI/FlyinAI/BehaviorTree/PickBot_BTT.SKEL_PickBot_BTT_C:ReceiveExecuteAI' ref from Metadata '/Game/FlyinAI/BehaviorTree/PickBot_BTT.PackageMetaData'
[2018.10.30-01.16.21:210][121]LogMetaData: Removing '/Game/EnemyAI/FlyinAI/BehaviorTree/PickBot_BTT.SKEL_PickBot_BTT_C:Goal Key' ref from Metadata '/Game/FlyinAI/BehaviorTree/PickBot_BTT.PackageMetaData'
[2018.10.30-01.16.21:210][121]LogMetaData: Removing '/Game/EnemyAI/FlyinAI/BehaviorTree/PickBot_BTT.SKEL_PickBot_BTT_C' ref from Metadata '/Game/FlyinAI/BehaviorTree/PickBot_BTT.PackageMetaData'
[2018.10.30-01.16.21:210][121]LogMetaData: Removing '/Game/EnemyAI/FlyinAI/BehaviorTree/PickBot_BTT.PickBot_BTT_C:Goal Key' ref from Metadata '/Game/FlyinAI/BehaviorTree/PickBot_BTT.PackageMetaData'
[2018.10.30-01.16.21:210][121]LogMetaData: Removing '/Game/EnemyAI/FlyinAI/BehaviorTree/PickBot_BTT.PickBot_BTT_C:ReceiveExecuteAI' ref from Metadata '/Game/FlyinAI/BehaviorTree/PickBot_BTT.PackageMetaData'
[2018.10.30-01.16.21:222][121]LogMetaData: Removing '/Game/EnemyAI/FlyinAI/BehaviorTree/PursuitHelper_BTS.PursuitHelper_BTS_C' ref from Metadata '/Game/FlyinAI/BehaviorTree/PursuitHelper_BTS.PackageMetaData'
[2018.10.30-01.16.21:222][121]LogMetaData: Removing '/Game/EnemyAI/FlyinAI/BehaviorTree/PursuitHelper_BTS.SKEL_PursuitHelper_BTS_C:ReceiveTickAI' ref from Metadata '/Game/FlyinAI/BehaviorTree/PursuitHelper_BTS.PackageMetaData'
[2018.10.30-01.16.21:222][121]LogMetaData: Removing '/Game/EnemyAI/FlyinAI/BehaviorTree/PursuitHelper_BTS.SKEL_PursuitHelper_BTS_C:ReceiveActivationAI' ref from Metadata '/Game/FlyinAI/BehaviorTree/PursuitHelper_BTS.PackageMetaData'
[2018.10.30-01.16.21:222][121]LogMetaData: Removing '/Game/EnemyAI/FlyinAI/BehaviorTree/PursuitHelper_BTS.SKEL_PursuitHelper_BTS_C:TargetLocationKey' ref from Metadata '/Game/FlyinAI/BehaviorTree/PursuitHelper_BTS.PackageMetaData'
[2018.10.30-01.16.21:222][121]LogMetaData: Removing '/Game/EnemyAI/FlyinAI/BehaviorTree/PursuitHelper_BTS.SKEL_PursuitHelper_BTS_C:Pursuit Restart Threshold Distance' ref from Metadata '/Game/FlyinAI/BehaviorTree/PursuitHelper_BTS.PackageMetaData'
[2018.10.30-01.16.21:222][121]LogMetaData: Removing '/Game/EnemyAI/FlyinAI/BehaviorTree/PursuitHelper_BTS.SKEL_PursuitHelper_BTS_C:SimpleAbortHelperKey' ref from Metadata '/Game/FlyinAI/BehaviorTree/PursuitHelper_BTS.PackageMetaData'
[2018.10.30-01.16.21:222][121]LogMetaData: Removing '/Game/EnemyAI/FlyinAI/BehaviorTree/PursuitHelper_BTS.SKEL_PursuitHelper_BTS_C' ref from Metadata '/Game/FlyinAI/BehaviorTree/PursuitHelper_BTS.PackageMetaData'
[2018.10.30-01.16.21:222][121]LogMetaData: Removing '/Game/EnemyAI/FlyinAI/BehaviorTree/PursuitHelper_BTS.PursuitHelper_BTS_C:TargetLocationKey' ref from Metadata '/Game/FlyinAI/BehaviorTree/PursuitHelper_BTS.PackageMetaData'
[2018.10.30-01.16.21:223][121]LogMetaData: Removing '/Game/EnemyAI/FlyinAI/BehaviorTree/PursuitHelper_BTS.PursuitHelper_BTS_C:Pursuit Restart Threshold Distance' ref from Metadata '/Game/FlyinAI/BehaviorTree/PursuitHelper_BTS.PackageMetaData'
[2018.10.30-01.16.21:223][121]LogMetaData: Removing '/Game/EnemyAI/FlyinAI/BehaviorTree/PursuitHelper_BTS.PursuitHelper_BTS_C:SimpleAbortHelperKey' ref from Metadata '/Game/FlyinAI/BehaviorTree/PursuitHelper_BTS.PackageMetaData'
[2018.10.30-01.16.21:223][121]LogMetaData: Removing '/Game/EnemyAI/FlyinAI/BehaviorTree/PursuitHelper_BTS.PursuitHelper_BTS_C:ReceiveActivationAI' ref from Metadata '/Game/FlyinAI/BehaviorTree/PursuitHelper_BTS.PackageMetaData'
[2018.10.30-01.16.21:223][121]LogMetaData: Removing '/Game/EnemyAI/FlyinAI/BehaviorTree/PursuitHelper_BTS.PursuitHelper_BTS_C:ReceiveTickAI' ref from Metadata '/Game/FlyinAI/BehaviorTree/PursuitHelper_BTS.PackageMetaData'
[2018.10.30-01.16.21:283][121]Cmd: OBJ SAVEPACKAGE PACKAGE="/Game/EnemyAI/FlyinAI/Bat_BP" FILE="../../../../../../Users/GOTOS/Desktop/FYP_Prototype/Content/EnemyAI/FlyinAI/Bat_BP.uasset" SILENT=true
[2018.10.30-01.16.21:558][121]LogSavePackage: Moving '../../../../../../Users/GOTOS/Desktop/FYP_Prototype/Saved/Bat_BP2A90A81443EE6E179600979072CF2325.tmp' to '../../../../../../Users/GOTOS/Desktop/FYP_Prototype/Content/EnemyAI/FlyinAI/Bat_BP.uasset'
[2018.10.30-01.16.21:570][121]Cmd: OBJ SAVEPACKAGE PACKAGE="/Game/FlyinAI/Bat_BP" FILE="../../../../../../Users/GOTOS/Desktop/FYP_Prototype/Content/FlyinAI/Bat_BP.uasset" SILENT=true
[2018.10.30-01.16.21:640][121]LogSavePackage: Moving '../../../../../../Users/GOTOS/Desktop/FYP_Prototype/Saved/Bat_BPD4F0AFC542F079DF78D356A8056BD6DE.tmp' to '../../../../../../Users/GOTOS/Desktop/FYP_Prototype/Content/FlyinAI/Bat_BP.uasset'
[2018.10.30-01.16.21:656][121]Cmd: OBJ SAVEPACKAGE PACKAGE="/Game/EnemyAI/FlyinAI/FlyingIAIInterface" FILE="../../../../../../Users/GOTOS/Desktop/FYP_Prototype/Content/EnemyAI/FlyinAI/FlyingIAIInterface.uasset" SILENT=true
[2018.10.30-01.16.21:675][121]LogSavePackage: Moving '../../../../../../Users/GOTOS/Desktop/FYP_Prototype/Saved/FlyingIAIInterface49A4FFAF41329EAAF92AEAB5164620DE.tmp' to '../../../../../../Users/GOTOS/Desktop/FYP_Prototype/Content/EnemyAI/FlyinAI/FlyingIAIInterface.uasset'
[2018.10.30-01.16.21:684][121]Cmd: OBJ SAVEPACKAGE PACKAGE="/Game/EnemyAI/FlyinAI/BehaviorTree/Flight_BB" FILE="../../../../../../Users/GOTOS/Desktop/FYP_Prototype/Content/EnemyAI/FlyinAI/BehaviorTree/Flight_BB.uasset" SILENT=true
[2018.10.30-01.16.21:694][121]LogSavePackage: Moving '../../../../../../Users/GOTOS/Desktop/FYP_Prototype/Saved/Flight_BBD3A3E29A440B548682B8118645EFF3E9.tmp' to '../../../../../../Users/GOTOS/Desktop/FYP_Prototype/Content/EnemyAI/FlyinAI/BehaviorTree/Flight_BB.uasset'
[2018.10.30-01.16.21:703][121]Cmd: OBJ SAVEPACKAGE PACKAGE="/Game/EnemyAI/FlyinAI/BehaviorTree/Bat_BT" FILE="../../../../../../Users/GOTOS/Desktop/FYP_Prototype/Content/EnemyAI/FlyinAI/BehaviorTree/Bat_BT.uasset" SILENT=true
[2018.10.30-01.16.21:715][121]LogSavePackage: Moving '../../../../../../Users/GOTOS/Desktop/FYP_Prototype/Saved/Bat_BT2797A67B4E4D94DF4375D9BD11A2B456.tmp' to '../../../../../../Users/GOTOS/Desktop/FYP_Prototype/Content/EnemyAI/FlyinAI/BehaviorTree/Bat_BT.uasset'
[2018.10.30-01.16.21:747][121]LogSavePackage: Moving '../../../../../../Users/GOTOS/Desktop/FYP_Prototype/Saved/PursuitPlayer_BTTE87175E84D2296F78F8BD28DD7C3446F.tmp' to '../../../../../../Users/GOTOS/Desktop/FYP_Prototype/Content/EnemyAI/FlyinAI/BehaviorTree/PursuitPlayer_BTT.uasset'
[2018.10.30-01.16.21:757][121]Cmd: OBJ SAVEPACKAGE PACKAGE="/Game/EnemyAI/FlyinAI/FlyingAIController_BP" FILE="../../../../../../Users/GOTOS/Desktop/FYP_Prototype/Content/EnemyAI/FlyinAI/FlyingAIController_BP.uasset" SILENT=true
[2018.10.30-01.16.21:774][121]LogSavePackage: Moving '../../../../../../Users/GOTOS/Desktop/FYP_Prototype/Saved/FlyingAIController_BP2498ABFE4153FF44ABE5F19E8495EC26.tmp' to '../../../../../../Users/GOTOS/Desktop/FYP_Prototype/Content/EnemyAI/FlyinAI/FlyingAIController_BP.uasset'
[2018.10.30-01.16.21:808][121]LogSavePackage: Moving '../../../../../../Users/GOTOS/Desktop/FYP_Prototype/Saved/OnGoalReached_BTTD9F56F5C42CC24100032B487451F43F5.tmp' to '../../../../../../Users/GOTOS/Desktop/FYP_Prototype/Content/EnemyAI/FlyinAI/BehaviorTree/OnGoalReached_BTT.uasset'
[2018.10.30-01.16.21:844][121]LogSavePackage: Moving '../../../../../../Users/GOTOS/Desktop/FYP_Prototype/Saved/PickGoal_BTTD0E754854329C5C1106AB7B9781E41D1.tmp' to '../../../../../../Users/GOTOS/Desktop/FYP_Prototype/Content/EnemyAI/FlyinAI/BehaviorTree/PickGoal_BTT.uasset'
[2018.10.30-01.16.21:873][121]LogSavePackage: Moving '../../../../../../Users/GOTOS/Desktop/FYP_Prototype/Saved/RetryWithDelay_BTT7CD2BF514BE8286ECE7CE3B6FA178B85.tmp' to '../../../../../../Users/GOTOS/Desktop/FYP_Prototype/Content/EnemyAI/FlyinAI/BehaviorTree/RetryWithDelay_BTT.uasset'
[2018.10.30-01.16.21:885][121]Cmd: OBJ SAVEPACKAGE PACKAGE="/Game/EnemyAI/FlyinAI/BehaviorTree/Flight_BT" FILE="../../../../../../Users/GOTOS/Desktop/FYP_Prototype/Content/EnemyAI/FlyinAI/BehaviorTree/Flight_BT.uasset" SILENT=true
[2018.10.30-01.16.21:903][121]LogSavePackage: Moving '../../../../../../Users/GOTOS/Desktop/FYP_Prototype/Saved/Flight_BT633ECB394AC6F419911569870316FDF6.tmp' to '../../../../../../Users/GOTOS/Desktop/FYP_Prototype/Content/EnemyAI/FlyinAI/BehaviorTree/Flight_BT.uasset'
[2018.10.30-01.16.21:915][121]Cmd: OBJ SAVEPACKAGE PACKAGE="/Game/EnemyAI/FlyinAI/BehaviorTree/PickBot_BTT" FILE="../../../../../../Users/GOTOS/Desktop/FYP_Prototype/Content/EnemyAI/FlyinAI/BehaviorTree/PickBot_BTT.uasset" SILENT=true
[2018.10.30-01.16.21:942][121]LogSavePackage: Moving '../../../../../../Users/GOTOS/Desktop/FYP_Prototype/Saved/PickBot_BTTA6F2973E474DAC3CC98A8EB68913D09C.tmp' to '../../../../../../Users/GOTOS/Desktop/FYP_Prototype/Content/EnemyAI/FlyinAI/BehaviorTree/PickBot_BTT.uasset'
[2018.10.30-01.16.21:983][121]LogSavePackage: Moving '../../../../../../Users/GOTOS/Desktop/FYP_Prototype/Saved/PursuitHelper_BTSC3C6C13E43BAE4E3821C11907E3F2B4D.tmp' to '../../../../../../Users/GOTOS/Desktop/FYP_Prototype/Content/EnemyAI/FlyinAI/BehaviorTree/PursuitHelper_BTS.uasset'
[2018.10.30-01.16.22:007][121]LogSavePackage: Moving '../../../../../../Users/GOTOS/Desktop/FYP_Prototype/Saved/HotPursuit_BTC81568C7474273402F2C79832E2B612C.tmp' to '../../../../../../Users/GOTOS/Desktop/FYP_Prototype/Content/EnemyAI/FlyinAI/BehaviorTree/HotPursuit_BT.uasset'
[2018.10.30-01.16.47:065][374]LogSlate: Window 'Delete Assets' being destroyed
[2018.10.30-01.16.59:412][626]LogSlate: Window 'Save Content' being destroyed
[2018.10.30-01.16.59:553][626]LogSlate: Window 'FYP_Prototype - Unreal Editor' being destroyed
[2018.10.30-01.16.59:761][627]Cmd: QUIT_EDITOR
[2018.10.30-01.16.59:794][627]LogWindowsTextInputMethodSystem: Display: IME system now deactivated.
[2018.10.30-01.16.59:814][627]LogExit: Preparing to exit.
[2018.10.30-01.17.00:167][627]LogExit: Editor shut down
[2018.10.30-01.17.00:167][627]LogExit: Transaction tracking system shut down
[2018.10.30-01.17.00:409][627]LogExit: Object subsystem successfully closed.
[2018.10.30-01.17.00:433][627]LogShaderCompilers: Display: Shaders left to compile 0
[2018.10.30-01.17.00:438][627]LogD3D11RHI: Shutdown
[2018.10.30-01.17.00:438][627]LogD3D11RHI: CleanupD3DDevice
[2018.10.30-01.17.00:441][627]LogD3D11RHI: ~FD3D11DynamicRHI
[2018.10.30-01.17.00:481][627]LogModuleManager: Shutting down and abandoning module HierarchicalLODOutliner (612)
[2018.10.30-01.17.00:481][627]LogModuleManager: Shutting down and abandoning module SceneOutliner (610)
[2018.10.30-01.17.00:481][627]LogModuleManager: Shutting down and abandoning module AddContentDialog (608)
[2018.10.30-01.17.00:481][627]LogModuleManager: Shutting down and abandoning module WidgetCarousel (607)
[2018.10.30-01.17.00:481][627]LogModuleManager: Shutting down and abandoning module EditorWidgets (604)
[2018.10.30-01.17.00:481][627]LogModuleManager: Shutting down and abandoning module CollectionManager (602)
[2018.10.30-01.17.00:482][627]LogModuleManager: Shutting down and abandoning module StatsViewer (600)
[2018.10.30-01.17.00:482][627]LogModuleManager: Shutting down and abandoning module FoliageEdit (598)
[2018.10.30-01.17.00:482][627]LogModuleManager: Shutting down and abandoning module LandscapeEditor (596)
[2018.10.30-01.17.00:482][627]LogModuleManager: Shutting down and abandoning module MeshPaintMode (594)
[2018.10.30-01.17.00:482][627]LogModuleManager: Shutting down and abandoning module SceneDepthPickerMode (592)
[2018.10.30-01.17.00:482][627]LogModuleManager: Shutting down and abandoning module ActorPickerMode (590)
[2018.10.30-01.17.00:482][627]LogModuleManager: Shutting down and abandoning module GeometryMode (588)
[2018.10.30-01.17.00:482][627]LogModuleManager: Shutting down and abandoning module TextureAlignMode (586)
[2018.10.30-01.17.00:482][627]LogModuleManager: Shutting down and abandoning module BspMode (584)
[2018.10.30-01.17.00:482][627]LogModuleManager: Shutting down and abandoning module PIEPreviewDeviceProfileSelector (582)
[2018.10.30-01.17.00:482][627]LogModuleManager: Shutting down and abandoning module SequenceRecorderSections (580)
[2018.10.30-01.17.00:482][627]LogModuleManager: Shutting down and abandoning module AutomationWorker (578)
[2018.10.30-01.17.00:482][627]LogModuleManager: Shutting down and abandoning module AudioCaptureEditor (576)
[2018.10.30-01.17.00:482][627]LogModuleManager: Shutting down and abandoning module SequenceRecorder (575)
[2018.10.30-01.17.00:482][627]LogModuleManager: Shutting down and abandoning module MatineeToLevelSequence (572)
[2018.10.30-01.17.00:482][627]LogModuleManager: Shutting down and abandoning module LevelSequenceEditor (570)
[2018.10.30-01.17.00:482][627]LogModuleManager: Shutting down and abandoning module PlacementMode (569)
[2018.10.30-01.17.00:482][627]LogModuleManager: Shutting down and abandoning module MaterialEditor (568)
[2018.10.30-01.17.00:482][627]LogModuleManager: Shutting down and abandoning module WmfMediaFactory (564)
[2018.10.30-01.17.00:482][627]LogModuleManager: Shutting down and abandoning module WmfMediaEditor (562)
[2018.10.30-01.17.00:482][627]LogModuleManager: Shutting down and abandoning module MediaPlayerEditor (560)
[2018.10.30-01.17.00:482][627]LogModuleManager: Shutting down and abandoning module OpenExrWrapper (558)
[2018.10.30-01.17.00:482][627]LogModuleManager: Shutting down and abandoning module ImgMediaFactory (556)
[2018.10.30-01.17.00:482][627]LogModuleManager: Shutting down and abandoning module ImgMediaEditor (554)
[2018.10.30-01.17.00:482][627]LogModuleManager: Shutting down and abandoning module AvfMediaFactory (552)
[2018.10.30-01.17.00:482][627]LogModuleManager: Shutting down and abandoning module AvfMediaEditor (550)
[2018.10.30-01.17.00:482][627]LogModuleManager: Shutting down and abandoning module AndroidMediaFactory (548)
[2018.10.30-01.17.00:482][627]LogModuleManager: Shutting down and abandoning module AndroidMediaEditor (546)
[2018.10.30-01.17.00:482][627]LogModuleManager: Shutting down and abandoning module MagicLeapCameraPreviewFactory (544)
[2018.10.30-01.17.00:483][627]LogModuleManager: Shutting down and abandoning module MagicLeapMediaFactory (542)
[2018.10.30-01.17.00:483][627]LogModuleManager: Shutting down and abandoning module MagicLeapMediaEditor (540)
[2018.10.30-01.17.00:483][627]LogModuleManager: Shutting down and abandoning module CharacterAI (538)
[2018.10.30-01.17.00:483][627]LogModuleManager: Shutting down and abandoning module SmartSnapping (536)
[2018.10.30-01.17.00:483][627]LogModuleManager: Shutting down and abandoning module SessionServices (534)
[2018.10.30-01.17.00:483][627]LogModuleManager: Shutting down and abandoning module ViewportSnapping (532)
[2018.10.30-01.17.00:483][627]LogModuleManager: Shutting down and abandoning module ViewportInteraction (530)
[2018.10.30-01.17.00:483][627]LogModuleManager: Shutting down and abandoning module ClothPainter (528)
[2018.10.30-01.17.00:483][627]LogModuleManager: Shutting down and abandoning module SkeletalMeshEditor (527)
[2018.10.30-01.17.00:483][627]LogModuleManager: Shutting down and abandoning module LogVisualizer (524)
[2018.10.30-01.17.00:483][627]LogModuleManager: Shutting down and abandoning module IntroTutorials (522)
[2018.10.30-01.17.00:483][627]LogModuleManager: Shutting down and abandoning module GameProjectGeneration (521)
[2018.10.30-01.17.00:483][627]LogModuleManager: Shutting down and abandoning module LuminPlatformEditor (518)
[2018.10.30-01.17.00:483][627]LogModuleManager: Shutting down and abandoning module IOSPlatformEditor (516)
[2018.10.30-01.17.00:483][627]LogModuleManager: Shutting down and abandoning module HTML5PlatformEditor (514)
[2018.10.30-01.17.00:483][627]LogModuleManager: Shutting down and abandoning module AndroidPlatformEditor (512)
[2018.10.30-01.17.00:483][627]LogModuleManager: Shutting down and abandoning module AndroidDeviceDetection (511)
[2018.10.30-01.17.00:514][627]LogModuleManager: Shutting down and abandoning module WindowsPlatformEditor (508)
[2018.10.30-01.17.00:514][627]LogModuleManager: Shutting down and abandoning module LuminRuntimeSettings (506)
[2018.10.30-01.17.00:515][627]LogModuleManager: Shutting down and abandoning module IOSRuntimeSettings (504)
[2018.10.30-01.17.00:515][627]LogModuleManager: Shutting down and abandoning module AndroidRuntimeSettings (502)
[2018.10.30-01.17.00:515][627]LogModuleManager: Shutting down and abandoning module InputBindingEditor (500)
[2018.10.30-01.17.00:515][627]LogModuleManager: Shutting down and abandoning module MergeActors (498)
[2018.10.30-01.17.00:515][627]LogModuleManager: Shutting down and abandoning module LocalizationDashboard (496)
[2018.10.30-01.17.00:515][627]LogModuleManager: Shutting down and abandoning module LocalizationService (495)
[2018.10.30-01.17.00:515][627]LogModuleManager: Shutting down and abandoning module HardwareTargeting (492)
[2018.10.30-01.17.00:515][627]LogModuleManager: Shutting down and abandoning module DeviceProfileEditor (490)
[2018.10.30-01.17.00:515][627]LogModuleManager: Shutting down and abandoning module UndoHistory (488)
[2018.10.30-01.17.00:515][627]LogModuleManager: Shutting down and abandoning module XmlParser (486)
[2018.10.30-01.17.00:515][627]LogModuleManager: Shutting down and abandoning module Blutility (484)
[2018.10.30-01.17.00:515][627]LogModuleManager: Shutting down and abandoning module ProjectSettingsViewer (482)
[2018.10.30-01.17.00:515][627]LogModuleManager: Shutting down and abandoning module ProjectTargetPlatformEditor (481)
[2018.10.30-01.17.00:515][627]LogModuleManager: Shutting down and abandoning module EditorSettingsViewer (478)
[2018.10.30-01.17.00:515][627]LogModuleManager: Shutting down and abandoning module SettingsEditor (476)
[2018.10.30-01.17.00:515][627]LogModuleManager: Shutting down and abandoning module ProjectLauncher (474)
[2018.10.30-01.17.00:515][627]LogModuleManager: Shutting down and abandoning module SessionFrontend (472)
[2018.10.30-01.17.00:515][627]LogModuleManager: Shutting down and abandoning module ProfilerClient (470)
[2018.10.30-01.17.00:515][627]LogModuleManager: Shutting down and abandoning module DeviceManager (468)
[2018.10.30-01.17.00:515][627]LogModuleManager: Shutting down and abandoning module TargetDeviceServices (467)
[2018.10.30-01.17.00:570][627]LogModuleManager: Shutting down and abandoning module AutomationController (464)
[2018.10.30-01.17.00:570][627]LogModuleManager: Shutting down and abandoning module AutomationWindow (462)
[2018.10.30-01.17.00:570][627]LogModuleManager: Shutting down and abandoning module Layers (460)
[2018.10.30-01.17.00:570][627]LogModuleManager: Shutting down and abandoning module ComponentVisualizers (458)
[2018.10.30-01.17.00:570][627]LogModuleManager: Shutting down and abandoning module DetailCustomizations (456)
[2018.10.30-01.17.00:570][627]LogModuleManager: Shutting down and abandoning module PackagesDialog (454)
[2018.10.30-01.17.00:570][627]LogModuleManager: Shutting down and abandoning module Persona (452)
[2018.10.30-01.17.00:570][627]LogModuleManager: Shutting down and abandoning module AdvancedPreviewScene (451)
[2018.10.30-01.17.00:570][627]LogModuleManager: Shutting down and abandoning module AnimGraph (449)
[2018.10.30-01.17.00:570][627]LogModuleManager: Shutting down and abandoning module Kismet (446)
[2018.10.30-01.17.00:571][627]LogModuleManager: Shutting down and abandoning module GraphEditor (444)
[2018.10.30-01.17.00:572][627]LogModuleManager: Shutting down and abandoning module ClassViewer (442)
[2018.10.30-01.17.00:572][627]LogModuleManager: Shutting down and abandoning module Toolbox (440)
[2018.10.30-01.17.00:572][627]LogModuleManager: Shutting down and abandoning module ModuleUI (438)
[2018.10.30-01.17.00:572][627]LogModuleManager: Shutting down and abandoning module MovieSceneTools (436)
[2018.10.30-01.17.00:572][627]LogModuleManager: Shutting down and abandoning module OutputLog (434)
[2018.10.30-01.17.00:572][627]LogModuleManager: Shutting down and abandoning module GammaUI (432)
[2018.10.30-01.17.00:572][627]LogModuleManager: Shutting down and abandoning module Documentation (430)
[2018.10.30-01.17.00:572][627]LogModuleManager: Shutting down and abandoning module MovieSceneTracks (428)
[2018.10.30-01.17.00:572][627]LogModuleManager: Shutting down and abandoning module MovieScene (426)
[2018.10.30-01.17.00:572][627]LogModuleManager: Shutting down and abandoning module StreamingPauseRendering (424)
[2018.10.30-01.17.00:572][627]LogModuleManager: Shutting down and abandoning module LauncherPlatform (422)
[2018.10.30-01.17.00:572][627]LogModuleManager: Shutting down and abandoning module AnalyticsET (420)
[2018.10.30-01.17.00:572][627]LogModuleManager: Shutting down and abandoning module PortalServices (418)
[2018.10.30-01.17.00:572][627]LogModuleManager: Shutting down and abandoning module PortalRpc (416)
[2018.10.30-01.17.00:572][627]LogModuleManager: Shutting down and abandoning module MessagingRpc (414)
[2018.10.30-01.17.00:572][627]LogModuleManager: Shutting down and abandoning module AIModule (412)
[2018.10.30-01.17.00:572][627]LogModuleManager: Shutting down and abandoning module GameplayDebugger (411)
[2018.10.30-01.17.00:572][627]LogModuleManager: Shutting down and abandoning module AITestSuite (409)
[2018.10.30-01.17.00:572][627]LogModuleManager: Shutting down and abandoning module NavigationSystem (407)
[2018.10.30-01.17.00:572][627]LogModuleManager: Shutting down and abandoning module DesktopPlatform (404)
[2018.10.30-01.17.00:572][627]LogModuleManager: Shutting down and abandoning module ProfilerService (402)
[2018.10.30-01.17.00:647][627]LogModuleManager: Shutting down and abandoning module TaskGraph (400)
[2018.10.30-01.17.00:648][627]LogModuleManager: Shutting down and abandoning module SteamVRController (398)
[2018.10.30-01.17.00:648][627]LogModuleManager: Shutting down and abandoning module ProceduralMeshComponentEditor (396)
[2018.10.30-01.17.00:648][627]LogModuleManager: Shutting down and abandoning module ProceduralMeshComponent (394)
[2018.10.30-01.17.00:648][627]LogModuleManager: Shutting down and abandoning module OculusInput (392)
[2018.10.30-01.17.00:648][627]LogModuleManager: Shutting down and abandoning module MobilePatchingUtils (390)
[2018.10.30-01.17.00:648][627]LogModuleManager: Shutting down and abandoning module EditableMesh (388)
[2018.10.30-01.17.00:648][627]LogModuleManager: Shutting down and abandoning module CustomMeshComponent (386)
[2018.10.30-01.17.00:648][627]LogModuleManager: Shutting down and abandoning module CableComponent (384)
[2018.10.30-01.17.00:648][627]LogModuleManager: Shutting down and abandoning module AudioCapture (382)
[2018.10.30-01.17.00:648][627]LogModuleManager: Shutting down and abandoning module ArchVisCharacter (380)
[2018.10.30-01.17.00:648][627]LogModuleManager: Shutting down and abandoning module AndroidPermission (378)
[2018.10.30-01.17.00:648][627]LogModuleManager: Shutting down and abandoning module NUTUnrealEngine4 (376)
[2018.10.30-01.17.00:648][627]LogModuleManager: Shutting down and abandoning module NetcodeUnitTest (374)
[2018.10.30-01.17.00:648][627]LogModuleManager: Shutting down and abandoning module MediaCompositingEditor (372)
[2018.10.30-01.17.00:648][627]LogModuleManager: Shutting down and abandoning module MediaCompositing (370)
[2018.10.30-01.17.00:648][627]LogModuleManager: Shutting down and abandoning module LinearTimecode (368)
[2018.10.30-01.17.00:648][627]LogModuleManager: Shutting down and abandoning module ImgMedia (366)
[2018.10.30-01.17.00:652][627]LogModuleManager: Shutting down and abandoning module HTML5Networking (364)
[2018.10.30-01.17.00:652][627]LogModuleManager: Shutting down and abandoning module GeometryCacheTracks (362)
[2018.10.30-01.17.00:652][627]LogModuleManager: Shutting down and abandoning module GeometryCacheSequencer (360)
[2018.10.30-01.17.00:652][627]LogModuleManager: Shutting down and abandoning module BackChannel (358)
[2018.10.30-01.17.00:652][627]LogModuleManager: Shutting down and abandoning module AppleVision (356)
[2018.10.30-01.17.00:652][627]LogModuleManager: Shutting down and abandoning module AppleImageUtils (354)
[2018.10.30-01.17.00:652][627]LogModuleManager: Shutting down and abandoning module AlembicImporter (352)
[2018.10.30-01.17.00:652][627]LogModuleManager: Shutting down and abandoning module AlembicLibrary (351)
[2018.10.30-01.17.00:652][627]LogModuleManager: Shutting down and abandoning module GeometryCache (350)
[2018.10.30-01.17.00:652][627]LogModuleManager: Shutting down and abandoning module GeometryCacheEd (349)
[2018.10.30-01.17.00:652][627]LogModuleManager: Shutting down and abandoning module DatasmithContentEditor (344)
[2018.10.30-01.17.00:652][627]LogModuleManager: Shutting down and abandoning module DatasmithContent (342)
[2018.10.30-01.17.00:653][627]LogModuleManager: Shutting down and abandoning module SpeedTreeImporter (340)
[2018.10.30-01.17.00:653][627]LogModuleManager: Shutting down and abandoning module PluginBrowser (338)
[2018.10.30-01.17.00:653][627]LogModuleManager: Shutting down and abandoning module MobileLauncherProfileWizard (336)
[2018.10.30-01.17.00:653][627]LogModuleManager: Shutting down and abandoning module PolygonModeling (334)
[2018.10.30-01.17.00:653][627]LogModuleManager: Shutting down and abandoning module MeshEditor (332)
[2018.10.30-01.17.00:653][627]LogModuleManager: Shutting down and abandoning module CryptoKeysOpenSSL (330)
[2018.10.30-01.17.00:653][627]LogModuleManager: Shutting down and abandoning module CryptoKeys (328)
[2018.10.30-01.17.00:653][627]LogModuleManager: Shutting down and abandoning module VisualStudioSourceCodeAccess (326)
[2018.10.30-01.17.00:653][627]LogModuleManager: Shutting down and abandoning module VisualStudioCodeSourceCodeAccess (324)
[2018.10.30-01.17.00:653][627]LogModuleManager: Shutting down and abandoning module UObjectPlugin (322)
[2018.10.30-01.17.00:653][627]LogModuleManager: Shutting down and abandoning module SubversionSourceControl (320)
[2018.10.30-01.17.00:653][627]LogModuleManager: Shutting down and abandoning module PerforceSourceControl (318)
[2018.10.30-01.17.00:653][627]LogModuleManager: Shutting down and abandoning module GitSourceControl (316)
[2018.10.30-01.17.00:653][627]LogModuleManager: Shutting down and abandoning module SourceControl (315)
[2018.10.30-01.17.00:653][627]LogModuleManager: Shutting down and abandoning module CLionSourceCodeAccess (312)
[2018.10.30-01.17.00:653][627]LogModuleManager: Shutting down and abandoning module LightPropagationVolumeEditor (310)
[2018.10.30-01.17.00:653][627]LogModuleManager: Shutting down and abandoning module PaperTiledImporter (308)
[2018.10.30-01.17.00:653][627]LogModuleManager: Shutting down and abandoning module PaperSpriteSheetImporter (306)
[2018.10.30-01.17.00:653][627]LogModuleManager: Shutting down and abandoning module Paper2DEditor (304)
[2018.10.30-01.17.00:653][627]LogModuleManager: Shutting down and abandoning module MeshPaint (303)
[2018.10.30-01.17.00:653][627]LogModuleManager: Shutting down and abandoning module RuntimePhysXCooking (300)
[2018.10.30-01.17.00:653][627]LogModuleManager: Shutting down and abandoning module PhysXVehiclesEditor (298)
[2018.10.30-01.17.00:653][627]LogModuleManager: Shutting down and abandoning module PhysXVehicles (296)
[2018.10.30-01.17.00:653][627]LogModuleManager: Shutting down and abandoning module OculusEditor (294)
[2018.10.30-01.17.00:653][627]LogModuleManager: Shutting down and abandoning module LocationServicesBPLibrary (292)
[2018.10.30-01.17.00:653][627]LogModuleManager: Shutting down and abandoning module ImmediatePhysicsEditor (290)
[2018.10.30-01.17.00:653][627]LogModuleManager: Shutting down and abandoning module ImmediatePhysics (288)
[2018.10.30-01.17.00:653][627]LogModuleManager: Shutting down and abandoning module ActorSequence (286)
[2018.10.30-01.17.00:653][627]LogModuleManager: Shutting down and abandoning module UdpMessaging (284)
[2018.10.30-01.17.00:754][627]LogModuleManager: Shutting down and abandoning module TcpMessaging (282)
[2018.10.30-01.17.01:108][627]LogModuleManager: Shutting down and abandoning module DonAINavigation (280)
[2018.10.30-01.17.01:108][627]LogModuleManager: Shutting down and abandoning module MagicLeapAudio (278)
[2018.10.30-01.17.01:108][627]LogModuleManager: Shutting down and abandoning module GameplayTagsEditor (276)
[2018.10.30-01.17.01:108][627]LogModuleManager: Shutting down and abandoning module FacialAnimationEditor (274)
[2018.10.30-01.17.01:108][627]LogModuleManager: Shutting down and abandoning module FacialAnimation (272)
[2018.10.30-01.17.01:108][627]LogModuleManager: Shutting down and abandoning module DataValidation (270)
[2018.10.30-01.17.01:108][627]LogModuleManager: Shutting down and abandoning module AssetManagerEditor (268)
[2018.10.30-01.17.01:109][627]LogModuleManager: Shutting down and abandoning module LevelEditor (267)
[2018.10.30-01.17.01:110][627]LogModuleManager: Shutting down and abandoning module PixelInspectorModule (266)
[2018.10.30-01.17.01:110][627]LogModuleManager: Shutting down and abandoning module CommonMenuExtensions (264)
[2018.10.30-01.17.01:110][627]LogModuleManager: Shutting down and abandoning module MainFrame (262)
[2018.10.30-01.17.01:111][627]LogModuleManager: Shutting down and abandoning module HotReload (261)
[2018.10.30-01.17.01:112][627]LogModuleManager: Shutting down and abandoning module ContentBrowser (257)
[2018.10.30-01.17.01:114][627]LogModuleManager: Shutting down and abandoning module TreeMap (255)
[2018.10.30-01.17.01:114][627]LogModuleManager: Shutting down and abandoning module LightPropagationVolumeRuntime (252)
[2018.10.30-01.17.01:114][627]LogModuleManager: Shutting down and abandoning module AISupportModule (250)
[2018.10.30-01.17.01:114][627]LogModuleManager: Shutting down and abandoning module Paper2D (248)
[2018.10.30-01.17.01:114][627]LogModuleManager: Shutting down and abandoning module WindowsMoviePlayer (246)
[2018.10.30-01.17.01:114][627]LogModuleManager: Shutting down and abandoning module WmfMedia (244)
[2018.10.30-01.17.01:116][627]LogModuleManager: Shutting down and abandoning module Media (243)
[2018.10.30-01.17.01:123][627]LogModuleManager: Shutting down and abandoning module PacketHandler (240)
[2018.10.30-01.17.01:123][627]LogModuleManager: Shutting down and abandoning module ClothingSystemEditor (238)
[2018.10.30-01.17.01:123][627]LogModuleManager: Shutting down and abandoning module ClothingSystemRuntime (236)
[2018.10.30-01.17.01:123][627]LogModuleManager: Shutting down and abandoning module MediaAssets (234)
[2018.10.30-01.17.01:123][627]LogModuleManager: Shutting down and abandoning module Overlay (232)
[2018.10.30-01.17.01:123][627]LogModuleManager: Shutting down and abandoning module OverlayEditor (231)
[2018.10.30-01.17.01:123][627]LogModuleManager: Shutting down and abandoning module VREditor (228)
[2018.10.30-01.17.01:123][627]LogModuleManager: Shutting down and abandoning module StringTableEditor (226)
[2018.10.30-01.17.01:123][627]LogModuleManager: Shutting down and abandoning module GameplayTasksEditor (224)
[2018.10.30-01.17.01:123][627]LogModuleManager: Shutting down and abandoning module BehaviorTreeEditor (222)
[2018.10.30-01.17.01:123][627]LogModuleManager: Shutting down and abandoning module FunctionalTesting (220)
[2018.10.30-01.17.01:123][627]LogModuleManager: Shutting down and abandoning module CollisionAnalyzer (218)
[2018.10.30-01.17.01:123][627]LogModuleManager: Shutting down and abandoning module WorkspaceMenuStructure (217)
[2018.10.30-01.17.01:123][627]LogModuleManager: Shutting down and abandoning module UMG (214)
[2018.10.30-01.17.01:123][627]LogModuleManager: Shutting down and abandoning module UMGEditor (213)
[2018.10.30-01.17.01:123][627]LogModuleManager: Shutting down and abandoning module Sequencer (212)
[2018.10.30-01.17.01:123][627]LogModuleManager: Shutting down and abandoning module MessageLog (209)
[2018.10.30-01.17.01:123][627]LogModuleManager: Shutting down and abandoning module SlateReflector (204)
[2018.10.30-01.17.01:123][627]LogModuleManager: Shutting down and abandoning module Slate (202)
[2018.10.30-01.17.01:123][627]LogModuleManager: Shutting down and abandoning module EditorStyle (200)
[2018.10.30-01.17.01:125][627]LogModuleManager: Shutting down and abandoning module MRMesh (198)
[2018.10.30-01.17.01:125][627]LogModuleManager: Shutting down and abandoning module SourceCodeAccess (196)
[2018.10.30-01.17.01:125][627]LogModuleManager: Shutting down and abandoning module HeadMountedDisplay (194)
[2018.10.30-01.17.01:125][627]LogModuleManager: Shutting down and abandoning module XAudio2 (192)
[2018.10.30-01.17.01:125][627]LogModuleManager: Shutting down and abandoning module Networking (190)
[2018.10.30-01.17.01:125][627]LogModuleManager: Shutting down and abandoning module Core (188)
[2018.10.30-01.17.01:126][627]LogModuleManager: Shutting down and abandoning module LevelSequence (186)
[2018.10.30-01.17.01:126][627]LogModuleManager: Shutting down and abandoning module KismetCompiler (184)
[2018.10.30-01.17.01:126][627]LogModuleManager: Shutting down and abandoning module MeshUtilities (182)
[2018.10.30-01.17.01:126][627]LogModuleManager: Shutting down and abandoning module MeshMergeUtilities (181)
[2018.10.30-01.17.01:126][627]LogModuleManager: Shutting down and abandoning module MeshReductionInterface (180)
[2018.10.30-01.17.01:126][627]LogModuleManager: Shutting down and abandoning module SimplygonSwarm (179)
[2018.10.30-01.17.01:126][627]LogModuleManager: Shutting down and abandoning module ProxyLODMeshReduction (177)
[2018.10.30-01.17.01:126][627]LogModuleManager: Shutting down and abandoning module SimplygonMeshReduction (175)
[2018.10.30-01.17.01:126][627]LogModuleManager: Shutting down and abandoning module QuadricMeshReduction (173)
[2018.10.30-01.17.01:126][627]LogModuleManager: Shutting down and abandoning module MaterialBaking (169)
[2018.10.30-01.17.01:126][627]LogModuleManager: Shutting down and abandoning module DirectoryWatcher (165)
[2018.10.30-01.17.01:130][627]LogModuleManager: Shutting down and abandoning module DerivedDataCache (162)
[2018.10.30-01.17.01:178][627]LogDerivedDataCache: Shutdown
[2018.10.30-01.17.01:178][627]LogModuleManager: Shutting down and abandoning module XGEController (160)
[2018.10.30-01.17.01:178][627]LogModuleManager: Shutting down and abandoning module TargetPlatform (158)
[2018.10.30-01.17.01:178][627]LogModuleManager: Shutting down and abandoning module VulkanShaderFormat (157)
[2018.10.30-01.17.01:178][627]LogModuleManager: Shutting down and abandoning module ShaderFormatVectorVM (155)
[2018.10.30-01.17.01:178][627]LogModuleManager: Shutting down and abandoning module ShaderFormatOpenGL (153)
[2018.10.30-01.17.01:178][627]LogModuleManager: Shutting down and abandoning module ShaderFormatD3D (151)
[2018.10.30-01.17.01:178][627]LogModuleManager: Shutting down and abandoning module MetalShaderFormat (149)
[2018.10.30-01.17.01:178][627]LogModuleManager: Shutting down and abandoning module TextureFormatUncompressed (147)
[2018.10.30-01.17.01:178][627]LogModuleManager: Shutting down and abandoning module TextureFormatPVR (145)
[2018.10.30-01.17.01:178][627]LogModuleManager: Shutting down and abandoning module TextureFormatDXT (143)
[2018.10.30-01.17.01:179][627]LogModuleManager: Shutting down and abandoning module TextureFormatIntelISPCTexComp (141)
[2018.10.30-01.17.01:179][627]LogModuleManager: Shutting down and abandoning module TextureFormatASTC (139)
[2018.10.30-01.17.01:179][627]LogModuleManager: Shutting down and abandoning module ImageWrapper (138)
[2018.10.30-01.17.01:179][627]LogModuleManager: Shutting down and abandoning module TextureFormatAndroid (135)
[2018.10.30-01.17.01:179][627]LogModuleManager: Shutting down and abandoning module AudioFormatOpus (133)
[2018.10.30-01.17.01:179][627]LogModuleManager: Shutting down and abandoning module AudioFormatOgg (131)
[2018.10.30-01.17.01:179][627]LogModuleManager: Shutting down and abandoning module AudioFormatADPCM (129)
[2018.10.30-01.17.01:179][627]LogModuleManager: Shutting down and abandoning module LuminTargetPlatform (127)
[2018.10.30-01.17.01:179][627]LogModuleManager: Shutting down and abandoning module LinuxTargetPlatform (125)
[2018.10.30-01.17.01:179][627]LogModuleManager: Shutting down and abandoning module LinuxServerTargetPlatform (123)
[2018.10.30-01.17.01:179][627]LogModuleManager: Shutting down and abandoning module LinuxNoEditorTargetPlatform (121)
[2018.10.30-01.17.01:179][627]LogModuleManager: Shutting down and abandoning module LinuxClientTargetPlatform (119)
[2018.10.30-01.17.01:179][627]LogModuleManager: Shutting down and abandoning module TVOSTargetPlatform (117)
[2018.10.30-01.17.01:181][627]LogModuleManager: Shutting down and abandoning module Messaging (115)
[2018.10.30-01.17.01:181][627]LogModuleManager: Shutting down and abandoning module IOSTargetPlatform (113)
[2018.10.30-01.17.01:183][627]LogModuleManager: Shutting down and abandoning module HTML5TargetPlatform (111)
[2018.10.30-01.17.01:183][627]LogModuleManager: Shutting down and abandoning module AndroidTargetPlatform (109)
[2018.10.30-01.17.01:195][627]LogModuleManager: Shutting down and abandoning module WindowsTargetPlatform (107)
[2018.10.30-01.17.01:195][627]LogModuleManager: Shutting down and abandoning module WindowsServerTargetPlatform (105)
[2018.10.30-01.17.01:195][627]LogModuleManager: Shutting down and abandoning module WindowsNoEditorTargetPlatform (103)
[2018.10.30-01.17.01:195][627]LogModuleManager: Shutting down and abandoning module WindowsClientTargetPlatform (101)
[2018.10.30-01.17.01:195][627]LogModuleManager: Shutting down and abandoning module MacTargetPlatform (99)
[2018.10.30-01.17.01:195][627]LogModuleManager: Shutting down and abandoning module MacServerTargetPlatform (97)
[2018.10.30-01.17.01:195][627]LogModuleManager: Shutting down and abandoning module MacNoEditorTargetPlatform (95)
[2018.10.30-01.17.01:195][627]LogModuleManager: Shutting down and abandoning module MacClientTargetPlatform (93)
[2018.10.30-01.17.01:195][627]LogModuleManager: Shutting down and abandoning module AllDesktopTargetPlatform (91)
[2018.10.30-01.17.01:195][627]LogModuleManager: Shutting down and abandoning module InputCore (88)
[2018.10.30-01.17.01:195][627]LogModuleManager: Shutting down and abandoning module Settings (86)
[2018.10.30-01.17.01:195][627]LogModuleManager: Shutting down and abandoning module PhysXCooking (84)
[2018.10.30-01.17.01:195][627]LogModuleManager: Shutting down and abandoning module SteamVR (82)
[2018.10.30-01.17.01:195][627]LogModuleManager: Shutting down and abandoning module OculusHMD (80)
[2018.10.30-01.17.01:195][627]LogModuleManager: Shutting down and abandoning module ExampleDeviceProfileSelector (78)
[2018.10.30-01.17.01:195][627]LogModuleManager: Shutting down and abandoning module LauncherChunkInstaller (76)
[2018.10.30-01.17.01:195][627]LogModuleManager: Shutting down and abandoning module OnlineBlueprintSupport (74)
[2018.10.30-01.17.01:195][627]LogModuleManager: Shutting down and abandoning module OnlineSubsystem (70)
[2018.10.30-01.17.01:197][627]LogModuleManager: Shutting down and abandoning module XMPP (65)
[2018.10.30-01.17.01:197][627]LogModuleManager: Shutting down and abandoning module WebSockets (64)
[2018.10.30-01.17.01:206][627]LogModuleManager: Shutting down and abandoning module HTTP (61)
[2018.10.30-01.17.01:206][627]LogHttp: Display: Http module shutting down, but needs to wait on 1 outstanding Http requests:
[2018.10.30-01.17.01:206][627]LogHttp: Display: 	verb=[POST] url=[https://datarouter.ol.epicgames.com/datarouter/api/v1/public/data?SessionID=%7BE50C7782-4BF1-3361-0C90-D5AB96BCD214%7D&AppID=UEEditor.Rocket.Release&AppVersion=4.20.2-4302132%2B%2B%2BUE4%2BRelease-4.20&UserID=9c945a7f4e006bf299c284b6448c78c7%7Ce8aeb9fbef35480185dcdd6ac37f16be%7C2f190568-de01-489b-9f03-e65b80b74858&AppEnvironment=datacollector-binary&UploadType=eteventstream] status=Processing
[2018.10.30-01.17.01:238][627]LogModuleManager: Shutting down and abandoning module SSL (60)
[2018.10.30-01.17.01:239][627]LogModuleManager: Shutting down and abandoning module MagicLeapEmulator (56)
[2018.10.30-01.17.01:239][627]LogModuleManager: Shutting down and abandoning module MagicLeapPrivileges (54)
[2018.10.30-01.17.01:239][627]LogModuleManager: Shutting down and abandoning module MagicLeapIdentity (52)
[2018.10.30-01.17.01:239][627]LogModuleManager: Shutting down and abandoning module MagicLeapHelperVulkan (50)
[2018.10.30-01.17.01:240][627]LogModuleManager: Shutting down and abandoning module MagicLeapHelperOpenGL (48)
[2018.10.30-01.17.01:240][627]LogModuleManager: Shutting down and abandoning module MagicLeapSecureStorage (46)
[2018.10.30-01.17.01:240][627]LogModuleManager: Shutting down and abandoning module MagicLeapGestures (44)
[2018.10.30-01.17.01:240][627]LogModuleManager: Shutting down and abandoning module MagicLeapEyeTracker (42)
[2018.10.30-01.17.01:240][627]LogModuleManager: Shutting down and abandoning module MagicLeapController (40)
[2018.10.30-01.17.01:240][627]LogSlate: Slate User Destroyed.  User Index 0, Is Virtual User: 0
[2018.10.30-01.17.01:240][627]LogModuleManager: Shutting down and abandoning module MagicLeap (38)
[2018.10.30-01.17.01:240][627]LogModuleManager: Shutting down and abandoning module AnimationModifiers (36)
[2018.10.30-01.17.01:240][627]LogModuleManager: Shutting down and abandoning module PropertyEditor (35)
[2018.10.30-01.17.01:240][627]LogModuleManager: Shutting down and abandoning module AudioEditor (32)
[2018.10.30-01.17.01:240][627]LogModuleManager: Shutting down and abandoning module TextureCompressor (30)
[2018.10.30-01.17.01:241][627]LogModuleManager: Shutting down and abandoning module ShaderCore (28)
[2018.10.30-01.17.01:241][627]LogModuleManager: Shutting down and abandoning module Landscape (26)
[2018.10.30-01.17.01:241][627]LogModuleManager: Shutting down and abandoning module SlateRHIRenderer (24)
[2018.10.30-01.17.01:241][627]LogModuleManager: Shutting down and abandoning module OpenGLDrv (22)
[2018.10.30-01.17.01:241][627]LogModuleManager: Shutting down and abandoning module D3D11RHI (20)
[2018.10.30-01.17.01:241][627]LogModuleManager: Shutting down and abandoning module AnimGraphRuntime (18)
[2018.10.30-01.17.01:241][627]LogModuleManager: Shutting down and abandoning module Renderer (16)
[2018.10.30-01.17.01:241][627]LogModuleManager: Shutting down and abandoning module Engine (14)
[2018.10.30-01.17.01:241][627]LogModuleManager: Shutting down and abandoning module CoreUObject (12)
[2018.10.30-01.17.01:241][627]LogModuleManager: Shutting down and abandoning module NetworkFile (10)
[2018.10.30-01.17.01:241][627]LogModuleManager: Shutting down and abandoning module CookedIterativeFile (8)
[2018.10.30-01.17.01:241][627]LogModuleManager: Shutting down and abandoning module StreamingFile (6)
[2018.10.30-01.17.01:241][627]LogModuleManager: Shutting down and abandoning module SandboxFile (4)
[2018.10.30-01.17.01:241][627]LogModuleManager: Shutting down and abandoning module PakFile (2)
[2018.10.30-01.17.01:258][627]LogExit: Exiting.
[2018.10.30-01.17.01:263][627]Log file closed, 10/30/18 09:17:01
