Log file open, 11/08/18 11:14:46
LogWindows: Failed to load 'aqProf.dll' (GetLastError=126)
LogWindows: File 'aqProf.dll' does not exist
LogWindows: Failed to load 'VSPerf140.dll' (GetLastError=126)
LogWindows: File 'VSPerf140.dll' does not exist
LogWindows: Failed to load 'VtuneApi.dll' (GetLastError=126)
LogWindows: File 'VtuneApi.dll' does not exist
LogWindows: Failed to load 'VtuneApi32e.dll' (GetLastError=126)
LogWindows: File 'VtuneApi32e.dll' does not exist
LogInit: Display: Running engine for game: FYP_Prototype
LogPlatformFile: Not using cached read wrapper
LogTaskGraph: Started task graph with 5 named threads and 23 total threads with 3 sets of task threads.
LogStats: Stats thread started at 0.276933
LogD3D11RHI: Loaded GFSDK_Aftermath_Lib.x64.dll
LogICUInternationalization: Display: ICU TimeZone Detection - Raw Offset: +8:00, Platform Override: ''
LogPluginManager: Mounting plugin Paper2D
LogPluginManager: Mounting plugin AISupport
LogPluginManager: Mounting plugin LightPropagationVolume
LogPluginManager: Mounting plugin CLionSourceCodeAccess
LogPluginManager: Mounting plugin CodeLiteSourceCodeAccess
LogPluginManager: Mounting plugin GitSourceControl
LogPluginManager: Mounting plugin KDevelopSourceCodeAccess
LogPluginManager: Mounting plugin NullSourceCodeAccess
LogPluginManager: Mounting plugin PerforceSourceControl
LogPluginManager: Mounting plugin SubversionSourceControl
LogPluginManager: Mounting plugin UObjectPlugin
LogPluginManager: Mounting plugin VisualStudioCodeSourceCodeAccess
LogPluginManager: Mounting plugin VisualStudioSourceCodeAccess
LogPluginManager: Mounting plugin XCodeSourceCodeAccess
LogPluginManager: Mounting plugin AssetManagerEditor
LogPluginManager: Mounting plugin CryptoKeys
LogPluginManager: Mounting plugin DataValidation
LogPluginManager: Mounting plugin FacialAnimation
LogPluginManager: Mounting plugin GameplayTagsEditor
LogPluginManager: Mounting plugin MacGraphicsSwitching
LogPluginManager: Mounting plugin MeshEditor
LogPluginManager: Mounting plugin MobileLauncherProfileWizard
LogPluginManager: Mounting plugin PluginBrowser
LogPluginManager: Mounting plugin SpeedTreeImporter
LogPluginManager: Mounting plugin DatasmithContent
LogPluginManager: Mounting plugin AlembicImporter
LogPluginManager: Mounting plugin AppleImageUtils
LogPluginManager: Mounting plugin AppleVision
LogPluginManager: Mounting plugin BackChannel
LogPluginManager: Mounting plugin CharacterAI
LogPluginManager: Mounting plugin GeometryCache
LogPluginManager: Mounting plugin HTML5Networking
LogPluginManager: Mounting plugin ProxyLODPlugin
LogPluginManager: Mounting plugin MagicLeap
LogPluginManager: Mounting plugin MagicLeapEmulator
LogPluginManager: Mounting plugin MagicLeapMedia
LogPluginManager: Mounting plugin DonAINavigation
LogPluginManager: Mounting plugin AndroidMedia
LogPluginManager: Mounting plugin AvfMedia
LogPluginManager: Mounting plugin ImgMedia
LogPluginManager: Mounting plugin LinearTimecode
LogPluginManager: Mounting plugin MediaCompositing
LogPluginManager: Mounting plugin MediaPlayerEditor
LogPluginManager: Mounting plugin WmfMedia
LogPluginManager: Mounting plugin TcpMessaging
LogPluginManager: Mounting plugin UdpMessaging
LogPluginManager: Mounting plugin ActorSequence
LogPluginManager: Mounting plugin LevelSequenceEditor
LogPluginManager: Mounting plugin MatineeToLevelSequence
LogPluginManager: Mounting plugin NetcodeUnitTest
LogPluginManager: Mounting plugin NUTUnrealEngine4
LogPluginManager: Mounting plugin OnlineSubsystemGooglePlay
LogPluginManager: Mounting plugin OnlineSubsystemIOS
LogPluginManager: Mounting plugin OnlineSubsystem
LogPluginManager: Mounting plugin OnlineSubsystemNull
LogPluginManager: Mounting plugin OnlineSubsystemUtils
LogPluginManager: Mounting plugin LauncherChunkInstaller
LogPluginManager: Mounting plugin AndroidDeviceProfileSelector
LogPluginManager: Mounting plugin AndroidMoviePlayer
LogPluginManager: Mounting plugin AndroidPermission
LogPluginManager: Mounting plugin ApexDestruction
LogPluginManager: Mounting plugin AppleMoviePlayer
LogPluginManager: Mounting plugin ArchVisCharacter
LogPluginManager: Mounting plugin AudioCapture
LogPluginManager: Mounting plugin CableComponent
LogPluginManager: Mounting plugin CustomMeshComponent
LogPluginManager: Mounting plugin EditableMesh
LogPluginManager: Mounting plugin ExampleDeviceProfileSelector
LogPluginManager: Mounting plugin GoogleCloudMessaging
LogPluginManager: Mounting plugin ImmediatePhysics
LogPluginManager: Mounting plugin IOSDeviceProfileSelector
LogPluginManager: Mounting plugin LinuxDeviceProfileSelector
LogPluginManager: Mounting plugin LocationServicesBPLibrary
LogPluginManager: Mounting plugin MobilePatchingUtils
LogPluginManager: Mounting plugin OculusVR
LogPluginManager: Plugin shader directory ../../../Engine/Plugins/Runtime/Oculus/OculusVR/Shaders found
LogPluginManager: Mapping shader source directory ../../../Engine/Plugins/Runtime/Oculus/OculusVR/Shaders to virtual directory /Plugin/OculusVR
LogPluginManager: Mounting plugin PhysXVehicles
LogPluginManager: Mounting plugin ProceduralMeshComponent
LogPluginManager: Mounting plugin RuntimePhysXCooking
LogPluginManager: Mounting plugin SteamVR
LogPluginManager: Mounting plugin WindowsMoviePlayer
LogPluginManager: Mounting plugin Destructible_Mesh
LogPluginManager: Mounting plugin FlyAI
LogStreaming: Display: Took  0.223s to configure plugins.
LogInit: Using libcurl 7.55.1-DEV
LogInit:  - built for x86_64-pc-win32
LogInit:  - supports SSL with OpenSSL/1.0.2h
LogInit:  - supports HTTP deflate (compression) using libz 1.2.8
LogInit:  - other features:
LogInit:      CURL_VERSION_SSL
LogInit:      CURL_VERSION_LIBZ
LogInit:      CURL_VERSION_IPV6
LogInit:      CURL_VERSION_ASYNCHDNS
LogInit:      CURL_VERSION_LARGEFILE
LogInit:      CURL_VERSION_IDN
LogInit:  CurlRequestOptions (configurable via config and command line):
LogInit:  - bVerifyPeer = false  - Libcurl will NOT verify peer certificate
LogInit:  - bUseHttpProxy = false  - Libcurl will NOT use HTTP proxy
LogInit:  - bDontReuseConnections = false  - Libcurl will reuse connections
LogInit:  - CertBundlePath = nullptr  - Libcurl will use whatever was configured at build time.
LogInit:  - MaxHostConnections = 16  - Libcurl will limit the number of connections to a host
LogInit:  - LocalHostAddr = Default
LogInit:  - BufferSize = 65536
LogInit: WinSock: version 1.1 (2.2), MaxSocks=32767, MaxUdp=65467
LogHMD: Failed initializing OVRPlugin 1.25.0
LogInit: Build: ++UE4+Release-4.20-CL-4302132
LogInit: Engine Version: 4.20.2-4302132+++UE4+Release-4.20
LogInit: Compatible Engine Version: 4.20.0-4212847+++UE4+Release-4.20
LogInit: Net CL: 4212847
LogInit: OS: Windows 10 (), CPU: Intel(R) Core(TM) i7-7700HQ CPU @ 2.80GHz, GPU: Intel(R) HD Graphics 630
LogInit: Compiled (64-bit): Aug 21 2018 02:06:06
LogInit: Compiled with Visual C++: 19.13.26129.00
LogInit: Build Configuration: Development
LogInit: Branch Name: ++UE4+Release-4.20
LogInit: Command Line:  
LogInit: Base Directory: C:/Program Files/Epic Games/UE_4.20/Engine/Binaries/Win64/
LogInit: Installed Engine Build: 1
LogDevObjectVersion: Number of dev versions registered: 20
LogDevObjectVersion:   Dev-Blueprints (B0D832E4-1F89-4F0D-ACCF-7EB736FD4AA2): 10
LogDevObjectVersion:   Dev-Build (E1C64328-A22C-4D53-A36C-8E866417BD8C): 0
LogDevObjectVersion:   Dev-Core (375EC13C-06E4-48FB-B500-84F0262A717E): 2
LogDevObjectVersion:   Dev-Editor (E4B068ED-F494-42E9-A231-DA0B2E46BB41): 24
LogDevObjectVersion:   Dev-Framework (CFFC743F-43B0-4480-9391-14DF171D2073): 34
LogDevObjectVersion:   Dev-Mobile (B02B49B5-BB20-44E9-A304-32B752E40360): 2
LogDevObjectVersion:   Dev-Networking (A4E4105C-59A1-49B5-A7C5-40C4547EDFEE): 0
LogDevObjectVersion:   Dev-Online (39C831C9-5AE6-47DC-9A44-9C173E1C8E7C): 0
LogDevObjectVersion:   Dev-Physics (78F01B33-EBEA-4F98-B9B4-84EACCB95AA2): 0
LogDevObjectVersion:   Dev-Platform (6631380F-2D4D-43E0-8009-CF276956A95A): 0
LogDevObjectVersion:   Dev-Rendering (12F88B9F-8875-4AFC-A67C-D90C383ABD29): 26
LogDevObjectVersion:   Dev-Sequencer (7B5AE74C-D270-4C10-A958-57980B212A5A): 9
LogDevObjectVersion:   Dev-VR (D7296918-1DD6-4BDD-9DE2-64A83CC13884): 2
LogDevObjectVersion:   Dev-LoadTimes (C2A15278-BFE7-4AFE-6C17-90FF531DF755): 1
LogDevObjectVersion:   Private-Geometry (6EACA3D4-40EC-4CC1-B786-8BED09428FC5): 3
LogDevObjectVersion:   Dev-AnimPhys (29E575DD-E0A3-4627-9D10-D276232CDCEA): 17
LogDevObjectVersion:   Dev-ReflectionCapture (6B266CEC-1EC7-4B8F-A30B-E4D90942FC07): 1
LogDevObjectVersion:   Dev-Automation (0DF73D61-A23F-47EA-B727-89E90C41499A): 1
LogDevObjectVersion:   FortniteMain (601D1886-AC64-4F84-AA16-D3DE0DEAC7D6): 12
LogDevObjectVersion:   Dev-Enterprise (9DFFBCD6-494F-0158-E221-12823C92A888): 1
LogStreaming: Display: Took  0.004s to delete old logs.
LogInit: Presizing for max 8388607 objects, including 0 objects not considered by GC, pre-allocating 0 bytes for permanent pool.
LogInit: Object subsystem initialized
[2018.11.08-03.14.47:670][  0]LogInit: Selected Device Profile: [Windows]
[2018.11.08-03.14.47:670][  0]LogInit: Applying CVar settings loaded from the selected device profile: [Windows]
[2018.11.08-03.14.47:689][  0]LogHAL: Display: Platform has ~ 16 GB [17068404736 / 17179869184 / 16], which maps to Larger [LargestMinGB=32, LargerMinGB=12, DefaultMinGB=8, SmallerMinGB=6, SmallestMinGB=0)
[2018.11.08-03.14.47:689][  0]LogInit: Setting Device Profile CVar: [[r.Vulkan.UseRealUBs:1]]
[2018.11.08-03.14.47:689][  0]LogInit: Going up to parent DeviceProfile []
[2018.11.08-03.14.47:690][  0]LogInit: Computer: LAPTOP-7KGPSIV0
[2018.11.08-03.14.47:690][  0]LogInit: User: SIDM
[2018.11.08-03.14.47:690][  0]LogInit: CPU Page size=4096, Cores=4
[2018.11.08-03.14.47:690][  0]LogInit: High frequency timer resolution =2.742189 MHz
[2018.11.08-03.14.47:690][  0]LogMemory: Memory total: Physical=15.9GB (16GB approx)
[2018.11.08-03.14.47:690][  0]LogMemory: Platform Memory Stats for Windows
[2018.11.08-03.14.47:690][  0]LogMemory: Process Physical Memory: 104.11 MB used, 104.11 MB peak
[2018.11.08-03.14.47:690][  0]LogMemory: Process Virtual Memory: 104.57 MB used, 104.57 MB peak
[2018.11.08-03.14.47:690][  0]LogMemory: Physical Memory: 5208.54 MB used,  11069.16 MB free, 16277.70 MB total
[2018.11.08-03.14.47:690][  0]LogMemory: Virtual Memory: 4665.55 MB used,  11069.16 MB free, 134217728.00 MB total
[2018.11.08-03.14.47:706][  0]LogInit: Using OS detected language (en-US).
[2018.11.08-03.14.47:706][  0]LogInit: Using OS detected locale (en-SG).
[2018.11.08-03.14.47:707][  0]LogTextLocalizationManager: No specific localization for 'en-US' exists, so the 'en' localization will be used.
[2018.11.08-03.14.48:071][  0]LogStreaming: Display: Took  0.365s to InitEngineTextLocalization.
[2018.11.08-03.14.48:112][  0]LogSlate: New Slate User Created.  User Index 0, Is Virtual User: 0
[2018.11.08-03.14.48:112][  0]LogSlate: Slate User Registered.  User Index 0, Is Virtual User: 0
[2018.11.08-03.14.48:296][  0]LogHMD: Failed to initialize OpenVR with code 110
[2018.11.08-03.14.48:297][  0]LogD3D11RHI: D3D11 adapters:
[2018.11.08-03.14.48:377][  0]LogD3D11RHI:    0. 'NVIDIA GeForce GTX 1060' (Feature Level 11_0)
[2018.11.08-03.14.48:377][  0]LogD3D11RHI:       6052/0/8138 MB DedicatedVideo/DedicatedSystem/SharedSystem, Outputs:1, VendorId:0x10de
[2018.11.08-03.14.48:388][  0]LogD3D11RHI:    1. 'Intel(R) HD Graphics 630' (Feature Level 11_0)
[2018.11.08-03.14.48:388][  0]LogD3D11RHI:       128/0/8138 MB DedicatedVideo/DedicatedSystem/SharedSystem, Outputs:0, VendorId:0x8086
[2018.11.08-03.14.48:389][  0]LogD3D11RHI:    2. 'Microsoft Basic Render Driver' (Feature Level 11_0)
[2018.11.08-03.14.48:389][  0]LogD3D11RHI:       0/0/8138 MB DedicatedVideo/DedicatedSystem/SharedSystem, Outputs:0, VendorId:0x1414
[2018.11.08-03.14.48:390][  0]LogD3D11RHI: Chosen D3D11 Adapter: 0
[2018.11.08-03.14.48:407][  0]LogD3D11RHI: Creating new Direct3DDevice
[2018.11.08-03.14.48:407][  0]LogD3D11RHI:     GPU DeviceId: 0x1c20 (for the marketing name, search the web for "GPU Device Id")
[2018.11.08-03.14.48:407][  0]LogWindows: EnumDisplayDevices:
[2018.11.08-03.14.48:407][  0]LogWindows:    0. 'Intel(R) HD Graphics 630' (P:1 D:1)
[2018.11.08-03.14.48:408][  0]LogWindows:    1. 'Intel(R) HD Graphics 630' (P:0 D:0)
[2018.11.08-03.14.48:408][  0]LogWindows:    2. 'Intel(R) HD Graphics 630' (P:0 D:0)
[2018.11.08-03.14.48:408][  0]LogWindows:    3. 'NVIDIA GeForce GTX 1060' (P:0 D:0)
[2018.11.08-03.14.48:408][  0]LogWindows: DebugString: PrimaryIsNotTheChoosenAdapter PrimaryIsNotTheChoosenAdapter PrimaryIsNotTheChoosenAdapter 
[2018.11.08-03.14.48:408][  0]LogD3D11RHI:     Adapter Name: NVIDIA GeForce GTX 1060
[2018.11.08-03.14.48:408][  0]LogD3D11RHI:   Driver Version: 398.82 (internal:24.21.13.9882, unified:398.82)
[2018.11.08-03.14.48:408][  0]LogD3D11RHI:      Driver Date: 7-30-2018
[2018.11.08-03.14.48:408][  0]LogRHI: Texture pool is 4236 MB (70% of 6052 MB)
[2018.11.08-03.14.48:449][  0]LogD3D11RHI: Async texture creation enabled
[2018.11.08-03.14.48:467][  0]LogD3D11RHI: GPU Timing Frequency: 1000.000000 (Debug: 2 2)
[2018.11.08-03.14.48:468][  0]LogShaderCompilers: Guid format shader working directory is -42 characters bigger than the processId version (../../../../../../Users/SIDM/Documents/GitHub/FYP/Enemy's spawn over time/FYP_Prototype/Intermediate/Shaders/WorkingDirectory/9080/).
[2018.11.08-03.14.48:468][  0]LogShaderCompilers: Cleaned the shader compiler working directory 'C:/Users/SIDM/AppData/Local/Temp/UnrealShaderWorkingDir/FDBBABF84BE9BAF1DBED398F4EFE757B/'.
[2018.11.08-03.14.48:728][  0]LogTemp: Display: Loaded TP AllDesktopTargetPlatform
[2018.11.08-03.14.48:741][  0]LogTemp: Display: Loaded TP MacClientTargetPlatform
[2018.11.08-03.14.48:754][  0]LogTemp: Display: Loaded TP MacNoEditorTargetPlatform
[2018.11.08-03.14.48:766][  0]LogTemp: Display: Loaded TP MacServerTargetPlatform
[2018.11.08-03.14.48:778][  0]LogTemp: Display: Loaded TP MacTargetPlatform
[2018.11.08-03.14.48:789][  0]LogTemp: Display: Loaded TP WindowsClientTargetPlatform
[2018.11.08-03.14.48:802][  0]LogTemp: Display: Loaded TP WindowsNoEditorTargetPlatform
[2018.11.08-03.14.48:814][  0]LogTemp: Display: Loaded TP WindowsServerTargetPlatform
[2018.11.08-03.14.48:820][  0]LogTemp: Display: Loaded TP WindowsTargetPlatform
[2018.11.08-03.14.48:893][  0]LogTemp: Display: Loaded TP AndroidTargetPlatform
[2018.11.08-03.14.48:893][  0]LogTemp: Display: Loaded TP AndroidTargetPlatform
[2018.11.08-03.14.48:893][  0]LogTemp: Display: Loaded TP AndroidTargetPlatform
[2018.11.08-03.14.48:893][  0]LogTemp: Display: Loaded TP AndroidTargetPlatform
[2018.11.08-03.14.48:893][  0]LogTemp: Display: Loaded TP AndroidTargetPlatform
[2018.11.08-03.14.48:893][  0]LogTemp: Display: Loaded TP AndroidTargetPlatform
[2018.11.08-03.14.48:893][  0]LogTemp: Display: Loaded TP AndroidTargetPlatform
[2018.11.08-03.14.48:893][  0]LogTemp: Display: Loaded TP AndroidTargetPlatform
[2018.11.08-03.14.48:893][  0]LogTemp: Display: Loaded TP AndroidTargetPlatform
[2018.11.08-03.14.48:893][  0]LogTemp: Display: Loaded TP AndroidTargetPlatform
[2018.11.08-03.14.48:893][  0]LogTemp: Display: Loaded TP AndroidTargetPlatform
[2018.11.08-03.14.48:893][  0]LogTemp: Display: Loaded TP AndroidTargetPlatform
[2018.11.08-03.14.48:893][  0]LogTemp: Display: Loaded TP AndroidTargetPlatform
[2018.11.08-03.14.48:893][  0]LogTemp: Display: Loaded TP AndroidTargetPlatform
[2018.11.08-03.14.48:893][  0]LogTemp: Display: Loaded TP AndroidTargetPlatform
[2018.11.08-03.14.48:893][  0]LogTemp: Display: Loaded TP AndroidTargetPlatform
[2018.11.08-03.14.48:893][  0]LogTemp: Display: Loaded TP AndroidTargetPlatform
[2018.11.08-03.14.48:893][  0]LogTemp: Display: Loaded TP AndroidTargetPlatform
[2018.11.08-03.14.48:894][  0]LogTemp: Display: Loaded TP HTML5TargetPlatform
[2018.11.08-03.14.48:954][  0]LogTemp: Display: Loaded TP IOSTargetPlatform
[2018.11.08-03.14.48:954][  0]LogTemp: Display: Loaded TP IOSTargetPlatform
[2018.11.08-03.14.48:976][  0]LogTemp: Display: Loaded TP TVOSTargetPlatform
[2018.11.08-03.14.48:976][  0]LogTemp: Display: Loaded TP TVOSTargetPlatform
[2018.11.08-03.14.48:989][  0]LogTemp: Display: Loaded TP LinuxClientTargetPlatform
[2018.11.08-03.14.49:000][  0]LogTemp: Display: Loaded TP LinuxNoEditorTargetPlatform
[2018.11.08-03.14.49:012][  0]LogTemp: Display: Loaded TP LinuxServerTargetPlatform
[2018.11.08-03.14.49:024][  0]LogTemp: Display: Loaded TP LinuxTargetPlatform
[2018.11.08-03.14.49:033][  0]LogTemp: Display: Loaded TP LuminTargetPlatform
[2018.11.08-03.14.49:033][  0]LogTargetPlatformManager: Display: Building Assets For Windows
[2018.11.08-03.14.49:081][  0]LogXGEController: Cannot use XGE Controller as Incredibuild is not installed on this machine.
[2018.11.08-03.14.49:081][  0]LogShaderCompilers: Cannot use XGE Shader Compiler as Incredibuild is not installed on this machine.
[2018.11.08-03.14.49:081][  0]LogShaderCompilers: Display: Using Local Shader Compiler.
[2018.11.08-03.14.49:749][  0]LogDerivedDataCache: Display: Max Cache Size: 512 MB
[2018.11.08-03.14.49:800][  0]LogDerivedDataCache: Loaded boot cache 0.05s 72MB C:/Users/SIDM/AppData/Local/UnrealEngine/4.20/DerivedDataCache/Boot.ddc.
[2018.11.08-03.14.49:801][  0]LogDerivedDataCache: Display: Loaded Boot cache: C:/Users/SIDM/AppData/Local/UnrealEngine/4.20/DerivedDataCache/Boot.ddc
[2018.11.08-03.14.49:801][  0]LogDerivedDataCache: FDerivedDataBackendGraph:  Pak pak cache file ../../../../../../Users/SIDM/Documents/GitHub/FYP/Enemy's spawn over time/FYP_Prototype/DerivedDataCache/DDC.ddp not found, will not use a pak cache.
[2018.11.08-03.14.49:801][  0]LogDerivedDataCache: Unable to find inner node Pak for hierarchical cache Hierarchy.
[2018.11.08-03.14.49:801][  0]LogDerivedDataCache: FDerivedDataBackendGraph:  CompressedPak pak cache file ../../../../../../Users/SIDM/Documents/GitHub/FYP/Enemy's spawn over time/FYP_Prototype/DerivedDataCache/Compressed.ddp not found, will not use a pak cache.
[2018.11.08-03.14.49:801][  0]LogDerivedDataCache: Unable to find inner node CompressedPak for hierarchical cache Hierarchy.
[2018.11.08-03.14.49:813][  0]LogDerivedDataCache: Display: Pak cache opened for reading ../../../Engine/DerivedDataCache/Compressed.ddp.
[2018.11.08-03.14.49:824][  0]LogDerivedDataCache: Using Local data cache path C:/Users/SIDM/AppData/Local/UnrealEngine/Common/DerivedDataCache: Writable
[2018.11.08-03.14.49:824][  0]LogDerivedDataCache: Shared data cache path not found in *engine.ini, will not use an Shared cache.
[2018.11.08-03.14.49:824][  0]LogDerivedDataCache: Unable to find inner node Shared for hierarchical cache Hierarchy.
[2018.11.08-03.14.49:841][  0]LogMaterial: Verifying Global Shaders for PCD3D_SM5
[2018.11.08-03.14.49:842][  0]LogSlate: Using FreeType 2.6.0
[2018.11.08-03.14.49:843][  0]LogSlate: SlateFontServices - WITH_FREETYPE: 1, WITH_HARFBUZZ: 1
[2018.11.08-03.14.49:915][  0]LogAssetRegistry: FAssetRegistry took 0.0264 seconds to start up
[2018.11.08-03.14.50:227][  0]LogInit: Selected Device Profile: [Windows]
[2018.11.08-03.14.50:361][  0]LogSimplygon: Simplygon DLL not present - disabling.
[2018.11.08-03.14.50:363][  0]LogMeshReduction: Using SimplygonSwarm for distributed automatic mesh merging
[2018.11.08-03.14.50:363][  0]LogMeshReduction: Using ProxyLODMeshReduction for automatic mesh merging
[2018.11.08-03.14.50:363][  0]LogMeshReduction: Using QuadricMeshReduction for automatic static mesh reduction
[2018.11.08-03.14.50:363][  0]LogMeshReduction: No automatic skeletal mesh reduction module available
[2018.11.08-03.14.50:379][  0]LogNetVersion: FYP_Prototype 1.0.0, NetCL: 4212847, EngineNetVer: 5, GameNetVer: 0 (Checksum: 1129731653)
[2018.11.08-03.14.50:929][  0]LogPackageLocalizationCache: Processed 14 localized package path(s) for 2 prioritized culture(s) in 0.149942 seconds
[2018.11.08-03.14.50:937][  0]LogUObjectArray: 38425 objects as part of root set at end of initial load.
[2018.11.08-03.14.50:937][  0]LogUObjectAllocator: 6690872 out of 0 bytes used by permanent object pool.
[2018.11.08-03.14.50:938][  0]LogUObjectArray: CloseDisregardForGC: 0/0 objects in disregard for GC pool
[2018.11.08-03.14.51:799][  0]LogTcpMessaging: Initializing TcpMessaging bridge
[2018.11.08-03.14.51:812][  0]LogUdpMessaging: Initializing bridge on interface 0.0.0.0:0 to multicast group 230.0.0.1:6666.
[2018.11.08-03.14.52:005][  0]SourceControl: Source control is disabled
[2018.11.08-03.14.52:005][  0]SourceControl: Source control is disabled
[2018.11.08-03.14.52:006][  0]SourceControl: Source control is disabled
[2018.11.08-03.14.52:006][  0]SourceControl: Source control is disabled
[2018.11.08-03.14.52:160][  0]LogAndroidPermission: UAndroidPermissionCallbackProxy::GetInstance
[2018.11.08-03.14.52:209][  0]LogOcInput: OculusInput pre-init called
[2018.11.08-03.14.52:269][  0]LogEngine: Initializing Engine...
[2018.11.08-03.14.52:271][  0]LogHMD: Failed to initialize OpenVR with code 110
[2018.11.08-03.14.52:272][  0]LogStats: UGameplayTagsManager::ConstructGameplayTagTree: ImportINI prefixes -  0.000 s
[2018.11.08-03.14.52:272][  0]LogStats: UGameplayTagsManager::ConstructGameplayTagTree: Construct from data asset -  0.000 s
[2018.11.08-03.14.52:272][  0]LogStats: UGameplayTagsManager::ConstructGameplayTagTree: ImportINI -  0.000 s
[2018.11.08-03.14.52:272][  0]LogStats: UGameplayTagsManager::ConstructGameplayTagTree: GameplayTagTreeChangedEvent.Broadcast -  0.000 s
[2018.11.08-03.14.52:487][  0]LogInit: Initializing FReadOnlyCVARCache
[2018.11.08-03.14.52:500][  0]LogAIModule: Creating AISystem for world Untitled
[2018.11.08-03.14.52:508][  0]LogInit: XAudio2 using 'Speakers (Realtek High Definition Audio)' : 2 channels at 48 kHz using 32 bits per sample (channel mask 0x3)
[2018.11.08-03.14.52:528][  0]LogInit: FAudioDevice initialized.
[2018.11.08-03.14.52:528][  0]LogNetVersion: Set ProjectVersion to 1.0.0.0. Version Checksum will be recalculated on next use.
[2018.11.08-03.14.52:577][  0]LogDerivedDataCache: Saved boot cache 0.05s 72MB C:/Users/SIDM/AppData/Local/UnrealEngine/4.20/DerivedDataCache/Boot.ddc.
[2018.11.08-03.14.52:592][  0]LogInit: Texture streaming: Enabled
[2018.11.08-03.14.52:608][  0]LogEngineSessionManager: EngineSessionManager initialized
[2018.11.08-03.14.52:625][  0]LogInit: Transaction tracking system initialized
[2018.11.08-03.14.52:643][  0]BlueprintLog: New page: Editor Load
[2018.11.08-03.14.52:709][  0]LocalizationService: Localization service is disabled
[2018.11.08-03.14.52:833][  0]LogLinker: Warning: Can't find file '/Game/FirstPersonBP/FirstPersonOverview'
[2018.11.08-03.14.52:833][  0]LogLinker: Warning: Can't find file '/Game/FirstPersonBP/FirstPersonOverview'
[2018.11.08-03.14.52:833][  0]LogUObjectGlobals: Warning: Failed to find object 'Class /Game/FirstPersonBP/FirstPersonOverview.FirstPersonOverview_C'
[2018.11.08-03.14.53:036][  0]LogCook: Display: Max memory allowance for cook 16384mb min free memory 0mb
[2018.11.08-03.14.53:036][  0]LogCook: Display: Mobile HDR setting 1
[2018.11.08-03.14.53:036][  0]LogGameplayTags: Display: UGameplayTagsManager::DoneAddingNativeTags. DelegateIsBound: 0
[2018.11.08-03.14.53:036][  0]LogStats: UGameplayTagsManager::ConstructGameplayTagTree: ImportINI prefixes -  0.000 s
[2018.11.08-03.14.53:036][  0]LogStats: UGameplayTagsManager::ConstructGameplayTagTree: Construct from data asset -  0.000 s
[2018.11.08-03.14.53:036][  0]LogStats: UGameplayTagsManager::ConstructGameplayTagTree: ImportINI -  0.000 s
[2018.11.08-03.14.53:036][  0]LogStats: UGameplayTagsManager::ConstructGameplayTagTree: GameplayTagTreeChangedEvent.Broadcast -  0.000 s
[2018.11.08-03.14.53:142][  0]LogFileCache: Scanning file cache for directory 'C:/Users/SIDM/Documents/GitHub/FYP/Enemy's spawn over time/FYP_Prototype/Content/' took 0.04s
[2018.11.08-03.14.53:142][  0]SourceControl: Source control is disabled
[2018.11.08-03.14.53:142][  0]Cmd: MAP LOAD FILE="../../../../../../Users/SIDM/Documents/GitHub/FYP/Enemy's spawn over time/FYP_Prototype/Content/VirtualRealityBP/Maps/StartupMap.umap" TEMPLATE=0 SHOWPROGRESS=1 FEATURELEVEL=3
[2018.11.08-03.14.53:149][  0]LightingResults: New page: Lighting Build
[2018.11.08-03.14.53:151][  0]MapCheck: New page: Map Check
[2018.11.08-03.14.53:151][  0]LightingResults: New page: Lighting Build
[2018.11.08-03.14.53:390][  0]LogAIModule: Creating AISystem for world StartupMap
[2018.11.08-03.14.53:398][  0]LogEditorServer: Finished looking for orphan Actors (0.000 secs)
[2018.11.08-03.14.53:421][  0]Cmd: MAP CHECKDEP NOCLEARLOG
[2018.11.08-03.14.53:485][  0]MapCheck: Map check complete: 0 Error(s), 0 Warning(s), took 64.866ms to complete.
[2018.11.08-03.14.53:486][  0]LogFileHelpers: Loading map 'StartupMap' took 0.343
[2018.11.08-03.14.53:583][  0]LogSlate: Updating window title bar state: overlay mode, drag disabled, window buttons hidden, title bar hidden
[2018.11.08-03.14.53:594][  0]LogSlate: Updating window title bar state: overlay mode, drag disabled, window buttons hidden, title bar hidden
[2018.11.08-03.14.53:604][  0]LogSlate: Updating window title bar state: overlay mode, drag disabled, window buttons hidden, title bar hidden
[2018.11.08-03.14.53:612][  0]LogSlate: Updating window title bar state: overlay mode, drag disabled, window buttons hidden, title bar hidden
[2018.11.08-03.14.53:617][  0]LogCollectionManager: Loaded 0 collections in 0.001329 seconds
[2018.11.08-03.14.53:659][  0]LogFileCache: Scanning file cache for directory 'C:/Users/SIDM/Documents/GitHub/FYP/Enemy's spawn over time/FYP_Prototype/Saved/Collections/' took 0.01s
[2018.11.08-03.14.53:659][  0]LogFileCache: Scanning file cache for directory 'C:/Users/SIDM/Documents/GitHub/FYP/Enemy's spawn over time/FYP_Prototype/Content/Developers/SIDM/Collections/' took 0.01s
[2018.11.08-03.14.53:659][  0]LogFileCache: Scanning file cache for directory 'C:/Users/SIDM/Documents/GitHub/FYP/Enemy's spawn over time/FYP_Prototype/Content/Collections/' took 0.01s
[2018.11.08-03.14.53:659][  0]LogCollectionManager: Rebuilt the GUID cache for 0 collections in 0.000000 seconds
[2018.11.08-03.14.53:668][  0]LogContentBrowser: Native class hierarchy populated in 0.0089 seconds. Added 2587 classes and 614 folders.
[2018.11.08-03.14.53:675][  0]LogContentBrowser: Native class hierarchy updated for 'WidgetCarousel' in 0.0003 seconds. Added 0 classes and 0 folders.
[2018.11.08-03.14.53:712][  0]LogContentBrowser: Native class hierarchy updated for 'AddContentDialog' in 0.0002 seconds. Added 0 classes and 0 folders.
[2018.11.08-03.14.53:715][  0]LogContentBrowser: Native class hierarchy updated for 'SceneOutliner' in 0.0002 seconds. Added 1 classes and 2 folders.
[2018.11.08-03.14.53:795][  0]LogSlate: Took 0.000199 seconds to synchronously load lazily loaded font '../../../Engine/Content/Slate/Fonts/Roboto-Regular.ttf' (155K)
[2018.11.08-03.14.53:798][  0]LogSlate: Took 0.000223 seconds to synchronously load lazily loaded font '../../../Engine/Content/Slate/Fonts/Roboto-Bold.ttf' (160K)
[2018.11.08-03.14.53:803][  0]LogSlate: Took 0.000237 seconds to synchronously load lazily loaded font '../../../Engine/Content/Editor/Slate/Fonts/FontAwesome.ttf' (139K)
[2018.11.08-03.14.53:882][  0]LogRenderer: Reallocating scene render targets to support 920x484 Format 26 NumSamples 1 (Frame:1).
[2018.11.08-03.14.54:011][  0]LogContentBrowser: Native class hierarchy updated for 'HierarchicalLODOutliner' in 0.0002 seconds. Added 0 classes and 0 folders.
[2018.11.08-03.14.54:011][  0]LogLoad: (Engine Initialization) Total time: 8.49 seconds
[2018.11.08-03.14.54:011][  0]LogLoad: (Engine Initialization) Total Blueprint compile time: 0.00 seconds
[2018.11.08-03.14.54:030][  0]LogWindowsTextInputMethodSystem: Display: IME system now deactivated.
[2018.11.08-03.14.54:067][  0]LogContentStreaming: Texture pool size now 1000 MB
[2018.11.08-03.14.54:141][  0]LogSlate: Took 0.000162 seconds to synchronously load lazily loaded font '../../../Engine/Content/Slate/Fonts/Roboto-Light.ttf' (167K)
[2018.11.08-03.14.55:078][ 54]LogSlate: Took 0.000156 seconds to synchronously load lazily loaded font '../../../Engine/Content/Slate/Fonts/Roboto-Light.ttf' (167K)
[2018.11.08-03.14.56:095][115]LogAssetRegistry: Asset discovery search completed in 6.2036 seconds
[2018.11.08-03.14.56:097][115]LogCollectionManager: Rebuilt the object cache for 0 collections in 0.000000 seconds (found 0 objects)
[2018.11.08-03.14.56:097][115]LogCollectionManager: Fixed up redirectors for 0 collections in 0.000045 seconds (updated 0 objects)
[2018.11.08-03.14.59:168][299]LogFileCache: Retrieving MD5 hashes for directory 'C:/Users/SIDM/Documents/GitHub/FYP/Enemy's spawn over time/FYP_Prototype/Content/' took 5.13s
[2018.11.08-03.15.00:746][394]LogUObjectGlobals: Warning: Failed to find object 'Object None.'
[2018.11.08-03.15.00:747][394]LogUObjectGlobals: Warning: Failed to find object 'Object None.'
[2018.11.08-03.15.00:754][394]LogSlate: FSceneViewport::OnFocusLost() reason 2
[2018.11.08-03.15.03:886][579]LogSlate: FSceneViewport::OnFocusLost() reason 2
[2018.11.08-03.15.03:891][579]LogAssetEditorManager: Opening Asset editor for LevelScriptBlueprint /Game/VirtualRealityBP/Maps/StartupMap.StartupMap:PersistentLevel.StartupMap
[2018.11.08-03.15.04:367][579]LogClass: Warning: Enum '/Game/EpicContent/DemoRoom/BluePrint/BP_DemoDisplay_Enum.BP_DemoDisplay_Enum' was upgraded to use FText to store its display name data. Please re-save this asset to avoid issues with localization and determinstic cooking.
[2018.11.08-03.15.04:400][579]LogContentBrowser: Native class hierarchy updated for 'BlueprintGraph' in 0.0006 seconds. Added 116 classes and 0 folders.
[2018.11.08-03.15.05:137][579]LogSlate: Took 0.004609 seconds to synchronously load lazily loaded font '../../../Engine/Content/Slate/Fonts/Roboto-BoldCondensed.ttf' (158K)
[2018.11.08-03.15.08:273][764]LogSlate: Window 'StartupMap - Level Blueprint Editor' being destroyed
[2018.11.08-03.15.08:277][764]LogSlate: Window 'StartupMap - Level Blueprint Editor' being destroyed
[2018.11.08-03.15.10:078][869]LogSlate: FSceneViewport::OnFocusLost() reason 0
[2018.11.08-03.15.20:850][397]LogAIModule: Creating AISystem for world MotionControllerMap
[2018.11.08-03.15.20:908][397]LogAssetEditorManager: Opening Asset editor for World /Game/VirtualRealityBP/Maps/MotionControllerMap.MotionControllerMap
[2018.11.08-03.15.20:946][397]Cmd: MAP LOAD FILE="../../../../../../Users/SIDM/Documents/GitHub/FYP/Enemy's spawn over time/FYP_Prototype/Content/VirtualRealityBP/Maps/MotionControllerMap.umap" TEMPLATE=0 SHOWPROGRESS=1 FEATURELEVEL=3
[2018.11.08-03.15.20:946][397]LightingResults: New page: Lighting Build
[2018.11.08-03.15.20:947][397]LoadErrors: New page: Loading map: MotionControllerMap.umap
[2018.11.08-03.15.20:948][397]MapCheck: New page: Map Check
[2018.11.08-03.15.20:948][397]LightingResults: New page: Lighting Build
[2018.11.08-03.15.21:094][397]LogEditorServer: Finished looking for orphan Actors (0.000 secs)
[2018.11.08-03.15.21:194][397]Cmd: MAP CHECKDEP NOCLEARLOG
[2018.11.08-03.15.21:285][397]MapCheck: Map check complete: 0 Error(s), 0 Warning(s), took 91.508ms to complete.
[2018.11.08-03.15.21:285][397]LogFileHelpers: Loading map 'MotionControllerMap' took 0.339
[2018.11.08-03.15.21:519][402]PIE: Warning: Constraint in '/Engine/Transient.World_7:PersistentLevel.Cacoon_BP_C_0.PhysicsConstraint' attempting to create a joint between objects that are both static.  No joint created.
[2018.11.08-03.15.23:627][529]LogUObjectGlobals: Warning: Failed to find object 'Object None.'
[2018.11.08-03.15.23:627][529]LogUObjectGlobals: Warning: Failed to find object 'Object None.'
[2018.11.08-03.15.23:636][529]LogSlate: FSceneViewport::OnFocusLost() reason 2
[2018.11.08-03.15.25:603][645]LogSlate: FSceneViewport::OnFocusLost() reason 2
[2018.11.08-03.15.25:606][645]LogAssetEditorManager: Opening Asset editor for LevelScriptBlueprint /Game/VirtualRealityBP/Maps/MotionControllerMap.MotionControllerMap:PersistentLevel.MotionControllerMap
[2018.11.08-03.15.26:073][646]LogSlate: Took 0.006042 seconds to synchronously load lazily loaded font '../../../Engine/Content/Slate/Fonts/Roboto-Italic.ttf' (157K)
[2018.11.08-03.24.31:306][773]Cmd: EDIT COPY
[2018.11.08-03.25.58:817][303]LogSlate: Window 'Plugins' being destroyed
[2018.11.08-03.25.58:824][303]LogSlate: Window 'Plugins' being destroyed
[2018.11.08-03.25.58:824][303]LogDirectoryWatcher: A directory notification for '../../../Engine/Plugins/' was aborted.
[2018.11.08-03.25.58:824][303]LogDirectoryWatcher: A directory notification for '../../../../../../Users/SIDM/Documents/GitHub/FYP/Enemy's spawn over time/FYP_Prototype/Plugins/' was aborted.
[2018.11.08-03.28.31:538][277]Cmd: EDIT COPY
