Log file open, 10/10/18 18:03:38
LogWindows: Failed to load 'aqProf.dll' (GetLastError=126)
LogWindows: File 'aqProf.dll' does not exist
LogWindows: Failed to load 'VSPerf140.dll' (GetLastError=126)
LogWindows: File 'VSPerf140.dll' does not exist
LogWindows: Failed to load 'VtuneApi.dll' (GetLastError=126)
LogWindows: File 'VtuneApi.dll' does not exist
LogWindows: Failed to load 'VtuneApi32e.dll' (GetLastError=126)
LogWindows: File 'VtuneApi32e.dll' does not exist
LogInit: Display: Running engine for game: FYP_Prototype
LogPlatformFile: Not using cached read wrapper
LogTaskGraph: Started task graph with 5 named threads and 35 total threads with 3 sets of task threads.
LogStats: Stats thread started at 0.409144
LogD3D11RHI: Loaded GFSDK_Aftermath_Lib.x64.dll
LogICUInternationalization: Display: ICU TimeZone Detection - Raw Offset: +8:00, Platform Override: ''
LogPluginManager: Mounting plugin Paper2D
LogPluginManager: Mounting plugin AISupport
LogPluginManager: Mounting plugin LightPropagationVolume
LogPluginManager: Mounting plugin CLionSourceCodeAccess
LogPluginManager: Mounting plugin CodeLiteSourceCodeAccess
LogPluginManager: Mounting plugin GitSourceControl
LogPluginManager: Mounting plugin KDevelopSourceCodeAccess
LogPluginManager: Mounting plugin NullSourceCodeAccess
LogPluginManager: Mounting plugin PerforceSourceControl
LogPluginManager: Mounting plugin SubversionSourceControl
LogPluginManager: Mounting plugin UObjectPlugin
LogPluginManager: Mounting plugin VisualStudioCodeSourceCodeAccess
LogPluginManager: Mounting plugin VisualStudioSourceCodeAccess
LogPluginManager: Mounting plugin XCodeSourceCodeAccess
LogPluginManager: Mounting plugin AssetManagerEditor
LogPluginManager: Mounting plugin CryptoKeys
LogPluginManager: Mounting plugin DataValidation
LogPluginManager: Mounting plugin FacialAnimation
LogPluginManager: Mounting plugin GameplayTagsEditor
LogPluginManager: Mounting plugin MacGraphicsSwitching
LogPluginManager: Mounting plugin MeshEditor
LogPluginManager: Mounting plugin MobileLauncherProfileWizard
LogPluginManager: Mounting plugin PluginBrowser
LogPluginManager: Mounting plugin SpeedTreeImporter
LogPluginManager: Mounting plugin DatasmithContent
LogPluginManager: Mounting plugin AlembicImporter
LogPluginManager: Mounting plugin AppleImageUtils
LogPluginManager: Mounting plugin AppleVision
LogPluginManager: Mounting plugin BackChannel
LogPluginManager: Mounting plugin CharacterAI
LogPluginManager: Mounting plugin GeometryCache
LogPluginManager: Mounting plugin HTML5Networking
LogPluginManager: Mounting plugin ProxyLODPlugin
LogPluginManager: Mounting plugin MagicLeap
LogPluginManager: Mounting plugin MagicLeapEmulator
LogPluginManager: Mounting plugin MagicLeapMedia
LogPluginManager: Mounting plugin DonAINavigation
LogPluginManager: Mounting plugin AndroidMedia
LogPluginManager: Mounting plugin AvfMedia
LogPluginManager: Mounting plugin ImgMedia
LogPluginManager: Mounting plugin LinearTimecode
LogPluginManager: Mounting plugin MediaCompositing
LogPluginManager: Mounting plugin MediaPlayerEditor
LogPluginManager: Mounting plugin WmfMedia
LogPluginManager: Mounting plugin TcpMessaging
LogPluginManager: Mounting plugin UdpMessaging
LogPluginManager: Mounting plugin ActorSequence
LogPluginManager: Mounting plugin LevelSequenceEditor
LogPluginManager: Mounting plugin MatineeToLevelSequence
LogPluginManager: Mounting plugin NetcodeUnitTest
LogPluginManager: Mounting plugin NUTUnrealEngine4
LogPluginManager: Mounting plugin OnlineSubsystemGooglePlay
LogPluginManager: Mounting plugin OnlineSubsystemIOS
LogPluginManager: Mounting plugin OnlineSubsystem
LogPluginManager: Mounting plugin OnlineSubsystemNull
LogPluginManager: Mounting plugin OnlineSubsystemUtils
LogPluginManager: Mounting plugin LauncherChunkInstaller
LogPluginManager: Mounting plugin AndroidDeviceProfileSelector
LogPluginManager: Mounting plugin AndroidMoviePlayer
LogPluginManager: Mounting plugin AndroidPermission
LogPluginManager: Mounting plugin AppleMoviePlayer
LogPluginManager: Mounting plugin ArchVisCharacter
LogPluginManager: Mounting plugin AudioCapture
LogPluginManager: Mounting plugin CableComponent
LogPluginManager: Mounting plugin CustomMeshComponent
LogPluginManager: Mounting plugin EditableMesh
LogPluginManager: Mounting plugin ExampleDeviceProfileSelector
LogPluginManager: Mounting plugin GoogleCloudMessaging
LogPluginManager: Mounting plugin ImmediatePhysics
LogPluginManager: Mounting plugin IOSDeviceProfileSelector
LogPluginManager: Mounting plugin LinuxDeviceProfileSelector
LogPluginManager: Mounting plugin LocationServicesBPLibrary
LogPluginManager: Mounting plugin MobilePatchingUtils
LogPluginManager: Mounting plugin OculusVR
LogPluginManager: Plugin shader directory ../../../Engine/Plugins/Runtime/Oculus/OculusVR/Shaders found
LogPluginManager: Mapping shader source directory ../../../Engine/Plugins/Runtime/Oculus/OculusVR/Shaders to virtual directory /Plugin/OculusVR
LogPluginManager: Mounting plugin PhysXVehicles
LogPluginManager: Mounting plugin ProceduralMeshComponent
LogPluginManager: Mounting plugin RuntimePhysXCooking
LogPluginManager: Mounting plugin SteamVR
LogPluginManager: Mounting plugin WindowsMoviePlayer
LogPluginManager: Mounting plugin FlyAI
LogStreaming: Display: Took  0.173s to configure plugins.
LogInit: Using libcurl 7.55.1-DEV
LogInit:  - built for x86_64-pc-win32
LogInit:  - supports SSL with OpenSSL/1.0.2h
LogInit:  - supports HTTP deflate (compression) using libz 1.2.8
LogInit:  - other features:
LogInit:      CURL_VERSION_SSL
LogInit:      CURL_VERSION_LIBZ
LogInit:      CURL_VERSION_IPV6
LogInit:      CURL_VERSION_ASYNCHDNS
LogInit:      CURL_VERSION_LARGEFILE
LogInit:      CURL_VERSION_IDN
LogInit:  CurlRequestOptions (configurable via config and command line):
LogInit:  - bVerifyPeer = false  - Libcurl will NOT verify peer certificate
LogInit:  - bUseHttpProxy = false  - Libcurl will NOT use HTTP proxy
LogInit:  - bDontReuseConnections = false  - Libcurl will reuse connections
LogInit:  - CertBundlePath = nullptr  - Libcurl will use whatever was configured at build time.
LogInit:  - MaxHostConnections = 16  - Libcurl will limit the number of connections to a host
LogInit:  - LocalHostAddr = Default
LogInit:  - BufferSize = 65536
LogInit: WinSock: version 1.1 (2.2), MaxSocks=32767, MaxUdp=65467
LogInit: Build: ++UE4+Release-4.20-CL-4302132
LogInit: Engine Version: 4.20.2-4302132+++UE4+Release-4.20
LogInit: Compatible Engine Version: 4.20.0-4212847+++UE4+Release-4.20
LogInit: Net CL: 4212847
LogInit: OS: Windows 10 (), CPU: Intel(R) Xeon(R) CPU E5-1650 v3 @ 3.50GHz, GPU: NVIDIA Quadro K2200
LogInit: Compiled (64-bit): Aug 21 2018 02:06:06
LogInit: Compiled with Visual C++: 19.13.26129.00
LogInit: Build Configuration: Development
LogInit: Branch Name: ++UE4+Release-4.20
LogInit: Command Line: 
LogInit: Base Directory: C:/Program Files/Epic Games/UE_4.20/Engine/Binaries/Win64/
LogInit: Installed Engine Build: 1
LogDevObjectVersion: Number of dev versions registered: 20
LogDevObjectVersion:   Dev-Blueprints (B0D832E4-1F89-4F0D-ACCF-7EB736FD4AA2): 10
LogDevObjectVersion:   Dev-Build (E1C64328-A22C-4D53-A36C-8E866417BD8C): 0
LogDevObjectVersion:   Dev-Core (375EC13C-06E4-48FB-B500-84F0262A717E): 2
LogDevObjectVersion:   Dev-Editor (E4B068ED-F494-42E9-A231-DA0B2E46BB41): 24
LogDevObjectVersion:   Dev-Framework (CFFC743F-43B0-4480-9391-14DF171D2073): 34
LogDevObjectVersion:   Dev-Mobile (B02B49B5-BB20-44E9-A304-32B752E40360): 2
LogDevObjectVersion:   Dev-Networking (A4E4105C-59A1-49B5-A7C5-40C4547EDFEE): 0
LogDevObjectVersion:   Dev-Online (39C831C9-5AE6-47DC-9A44-9C173E1C8E7C): 0
LogDevObjectVersion:   Dev-Physics (78F01B33-EBEA-4F98-B9B4-84EACCB95AA2): 0
LogDevObjectVersion:   Dev-Platform (6631380F-2D4D-43E0-8009-CF276956A95A): 0
LogDevObjectVersion:   Dev-Rendering (12F88B9F-8875-4AFC-A67C-D90C383ABD29): 26
LogDevObjectVersion:   Dev-Sequencer (7B5AE74C-D270-4C10-A958-57980B212A5A): 9
LogDevObjectVersion:   Dev-VR (D7296918-1DD6-4BDD-9DE2-64A83CC13884): 2
LogDevObjectVersion:   Dev-LoadTimes (C2A15278-BFE7-4AFE-6C17-90FF531DF755): 1
LogDevObjectVersion:   Private-Geometry (6EACA3D4-40EC-4CC1-B786-8BED09428FC5): 3
LogDevObjectVersion:   Dev-AnimPhys (29E575DD-E0A3-4627-9D10-D276232CDCEA): 17
LogDevObjectVersion:   Dev-ReflectionCapture (6B266CEC-1EC7-4B8F-A30B-E4D90942FC07): 1
LogDevObjectVersion:   Dev-Automation (0DF73D61-A23F-47EA-B727-89E90C41499A): 1
LogDevObjectVersion:   FortniteMain (601D1886-AC64-4F84-AA16-D3DE0DEAC7D6): 12
LogDevObjectVersion:   Dev-Enterprise (9DFFBCD6-494F-0158-E221-12823C92A888): 1
LogStreaming: Display: Took  0.001s to delete old logs.
LogInit: Presizing for max 8388607 objects, including 0 objects not considered by GC, pre-allocating 0 bytes for permanent pool.
LogInit: Object subsystem initialized
[2018.10.10-10.03.39:350][  0]LogInit: Selected Device Profile: [Windows]
[2018.10.10-10.03.39:350][  0]LogInit: Applying CVar settings loaded from the selected device profile: [Windows]
[2018.10.10-10.03.39:374][  0]LogHAL: Display: Platform has ~ 32 GB [34280431616 / 34359738368 / 32], which maps to Largest [LargestMinGB=32, LargerMinGB=12, DefaultMinGB=8, SmallerMinGB=6, SmallestMinGB=0)
[2018.10.10-10.03.39:374][  0]LogInit: Setting Device Profile CVar: [[r.Vulkan.UseRealUBs:1]]
[2018.10.10-10.03.39:374][  0]LogInit: Going up to parent DeviceProfile []
[2018.10.10-10.03.39:374][  0]LogInit: Computer: M623MGA02
[2018.10.10-10.03.39:374][  0]LogInit: User: gotos
[2018.10.10-10.03.39:374][  0]LogInit: CPU Page size=4096, Cores=6
[2018.10.10-10.03.39:375][  0]LogInit: High frequency timer resolution =3.410070 MHz
[2018.10.10-10.03.39:375][  0]LogMemory: Memory total: Physical=31.9GB (32GB approx)
[2018.10.10-10.03.39:375][  0]LogMemory: Platform Memory Stats for Windows
[2018.10.10-10.03.39:375][  0]LogMemory: Process Physical Memory: 102.65 MB used, 102.65 MB peak
[2018.10.10-10.03.39:375][  0]LogMemory: Process Virtual Memory: 94.02 MB used, 94.02 MB peak
[2018.10.10-10.03.39:375][  0]LogMemory: Physical Memory: 7384.88 MB used,  25307.49 MB free, 32692.37 MB total
[2018.10.10-10.03.39:375][  0]LogMemory: Virtual Memory: 4661.16 MB used,  25307.49 MB free, 134217728.00 MB total
[2018.10.10-10.03.39:401][  0]LogInit: Using OS detected language (en-US).
[2018.10.10-10.03.39:401][  0]LogInit: Using OS detected locale (en-SG).
[2018.10.10-10.03.39:402][  0]LogTextLocalizationManager: No specific localization for 'en-US' exists, so the 'en' localization will be used.
[2018.10.10-10.03.39:793][  0]LogStreaming: Display: Took  0.392s to InitEngineTextLocalization.
[2018.10.10-10.03.39:794][  0]LogInit: Setting process to per monitor DPI aware
[2018.10.10-10.03.39:840][  0]LogSlate: New Slate User Created.  User Index 0, Is Virtual User: 0
[2018.10.10-10.03.39:840][  0]LogSlate: Slate User Registered.  User Index 0, Is Virtual User: 0
[2018.10.10-10.03.40:080][  0]LogHMD: Failed to initialize OpenVR with code 110
[2018.10.10-10.03.40:080][  0]LogD3D11RHI: D3D11 adapters:
[2018.10.10-10.03.40:142][  0]LogD3D11RHI:    0. 'NVIDIA Quadro K2200' (Feature Level 11_0)
[2018.10.10-10.03.40:142][  0]LogD3D11RHI:       4053/0/16346 MB DedicatedVideo/DedicatedSystem/SharedSystem, Outputs:1, VendorId:0x10de
[2018.10.10-10.03.40:144][  0]LogD3D11RHI:    1. 'Microsoft Basic Render Driver' (Feature Level 11_0)
[2018.10.10-10.03.40:144][  0]LogD3D11RHI:       0/0/16346 MB DedicatedVideo/DedicatedSystem/SharedSystem, Outputs:0, VendorId:0x1414
[2018.10.10-10.03.40:144][  0]LogD3D11RHI: Chosen D3D11 Adapter: 0
[2018.10.10-10.03.40:169][  0]LogD3D11RHI: Creating new Direct3DDevice
[2018.10.10-10.03.40:169][  0]LogD3D11RHI:     GPU DeviceId: 0x13ba (for the marketing name, search the web for "GPU Device Id")
[2018.10.10-10.03.40:169][  0]LogWindows: EnumDisplayDevices:
[2018.10.10-10.03.40:169][  0]LogWindows:    0. 'NVIDIA Quadro K2200' (P:1 D:1)
[2018.10.10-10.03.40:169][  0]LogWindows:    1. 'NVIDIA Quadro K2200' (P:0 D:0)
[2018.10.10-10.03.40:170][  0]LogWindows:    2. 'NVIDIA Quadro K2200' (P:0 D:0)
[2018.10.10-10.03.40:170][  0]LogWindows:    3. 'NVIDIA Quadro K2200' (P:0 D:0)
[2018.10.10-10.03.40:170][  0]LogWindows: DebugString: FoundDriverCount:4 
[2018.10.10-10.03.40:170][  0]LogD3D11RHI:     Adapter Name: NVIDIA Quadro K2200
[2018.10.10-10.03.40:170][  0]LogD3D11RHI:   Driver Version: 391.25 (internal:23.21.13.9125, unified:391.25)
[2018.10.10-10.03.40:170][  0]LogD3D11RHI:      Driver Date: 3-16-2018
[2018.10.10-10.03.40:170][  0]LogRHI: Texture pool is 2837 MB (70% of 4053 MB)
[2018.10.10-10.03.40:202][  0]LogD3D11RHI: Async texture creation enabled
[2018.10.10-10.03.40:222][  0]LogD3D11RHI: GPU Timing Frequency: 1000.000000 (Debug: 2 2)
[2018.10.10-10.03.40:265][  0]LogShaderCompilers: Guid format shader working directory is -25 characters bigger than the processId version (../../../../../../Users/GOTOS/Documents/Unreal Projects/FYP_Prototype/Intermediate/Shaders/WorkingDirectory/187408/).
[2018.10.10-10.03.40:265][  0]LogShaderCompilers: Cleaned the shader compiler working directory 'C:/Users/GOTOS/AppData/Local/Temp/UnrealShaderWorkingDir/49EF621645BCE65D048541AD89150F75/'.
[2018.10.10-10.03.40:621][  0]LogTemp: Display: Loaded TP AllDesktopTargetPlatform
[2018.10.10-10.03.40:633][  0]LogTemp: Display: Loaded TP MacClientTargetPlatform
[2018.10.10-10.03.40:646][  0]LogTemp: Display: Loaded TP MacNoEditorTargetPlatform
[2018.10.10-10.03.40:658][  0]LogTemp: Display: Loaded TP MacServerTargetPlatform
[2018.10.10-10.03.40:671][  0]LogTemp: Display: Loaded TP MacTargetPlatform
[2018.10.10-10.03.40:684][  0]LogTemp: Display: Loaded TP WindowsClientTargetPlatform
[2018.10.10-10.03.40:696][  0]LogTemp: Display: Loaded TP WindowsNoEditorTargetPlatform
[2018.10.10-10.03.40:709][  0]LogTemp: Display: Loaded TP WindowsServerTargetPlatform
[2018.10.10-10.03.40:715][  0]LogTemp: Display: Loaded TP WindowsTargetPlatform
[2018.10.10-10.03.40:789][  0]LogTemp: Display: Loaded TP AndroidTargetPlatform
[2018.10.10-10.03.40:789][  0]LogTemp: Display: Loaded TP AndroidTargetPlatform
[2018.10.10-10.03.40:789][  0]LogTemp: Display: Loaded TP AndroidTargetPlatform
[2018.10.10-10.03.40:789][  0]LogTemp: Display: Loaded TP AndroidTargetPlatform
[2018.10.10-10.03.40:789][  0]LogTemp: Display: Loaded TP AndroidTargetPlatform
[2018.10.10-10.03.40:789][  0]LogTemp: Display: Loaded TP AndroidTargetPlatform
[2018.10.10-10.03.40:789][  0]LogTemp: Display: Loaded TP AndroidTargetPlatform
[2018.10.10-10.03.40:789][  0]LogTemp: Display: Loaded TP AndroidTargetPlatform
[2018.10.10-10.03.40:789][  0]LogTemp: Display: Loaded TP AndroidTargetPlatform
[2018.10.10-10.03.40:789][  0]LogTemp: Display: Loaded TP AndroidTargetPlatform
[2018.10.10-10.03.40:789][  0]LogTemp: Display: Loaded TP AndroidTargetPlatform
[2018.10.10-10.03.40:789][  0]LogTemp: Display: Loaded TP AndroidTargetPlatform
[2018.10.10-10.03.40:789][  0]LogTemp: Display: Loaded TP AndroidTargetPlatform
[2018.10.10-10.03.40:789][  0]LogTemp: Display: Loaded TP AndroidTargetPlatform
[2018.10.10-10.03.40:789][  0]LogTemp: Display: Loaded TP AndroidTargetPlatform
[2018.10.10-10.03.40:789][  0]LogTemp: Display: Loaded TP AndroidTargetPlatform
[2018.10.10-10.03.40:789][  0]LogTemp: Display: Loaded TP AndroidTargetPlatform
[2018.10.10-10.03.40:789][  0]LogTemp: Display: Loaded TP AndroidTargetPlatform
[2018.10.10-10.03.40:790][  0]LogTemp: Display: Loaded TP HTML5TargetPlatform
[2018.10.10-10.03.40:851][  0]LogTemp: Display: Loaded TP IOSTargetPlatform
[2018.10.10-10.03.40:851][  0]LogTemp: Display: Loaded TP IOSTargetPlatform
[2018.10.10-10.03.40:874][  0]LogTemp: Display: Loaded TP TVOSTargetPlatform
[2018.10.10-10.03.40:874][  0]LogTemp: Display: Loaded TP TVOSTargetPlatform
[2018.10.10-10.03.40:886][  0]LogTemp: Display: Loaded TP LinuxClientTargetPlatform
[2018.10.10-10.03.40:898][  0]LogTemp: Display: Loaded TP LinuxNoEditorTargetPlatform
[2018.10.10-10.03.40:910][  0]LogTemp: Display: Loaded TP LinuxServerTargetPlatform
[2018.10.10-10.03.40:923][  0]LogTemp: Display: Loaded TP LinuxTargetPlatform
[2018.10.10-10.03.40:932][  0]LogTemp: Display: Loaded TP LuminTargetPlatform
[2018.10.10-10.03.40:933][  0]LogTargetPlatformManager: Display: Building Assets For Windows
[2018.10.10-10.03.40:993][  0]LogXGEController: Cannot use XGE Controller as Incredibuild is not installed on this machine.
[2018.10.10-10.03.40:993][  0]LogShaderCompilers: Cannot use XGE Shader Compiler as Incredibuild is not installed on this machine.
[2018.10.10-10.03.40:993][  0]LogShaderCompilers: Display: Using Local Shader Compiler.
[2018.10.10-10.03.41:770][  0]LogDerivedDataCache: Display: Max Cache Size: 512 MB
[2018.10.10-10.03.41:854][  0]LogDerivedDataCache: Loaded boot cache 0.08s 86MB C:/Users/GOTOS/AppData/Local/UnrealEngine/4.20/DerivedDataCache/Boot.ddc.
[2018.10.10-10.03.41:854][  0]LogDerivedDataCache: Display: Loaded Boot cache: C:/Users/GOTOS/AppData/Local/UnrealEngine/4.20/DerivedDataCache/Boot.ddc
[2018.10.10-10.03.41:854][  0]LogDerivedDataCache: FDerivedDataBackendGraph:  Pak pak cache file ../../../../../../Users/GOTOS/Documents/Unreal Projects/FYP_Prototype/DerivedDataCache/DDC.ddp not found, will not use a pak cache.
[2018.10.10-10.03.41:854][  0]LogDerivedDataCache: Unable to find inner node Pak for hierarchical cache Hierarchy.
[2018.10.10-10.03.41:854][  0]LogDerivedDataCache: FDerivedDataBackendGraph:  CompressedPak pak cache file ../../../../../../Users/GOTOS/Documents/Unreal Projects/FYP_Prototype/DerivedDataCache/Compressed.ddp not found, will not use a pak cache.
[2018.10.10-10.03.41:854][  0]LogDerivedDataCache: Unable to find inner node CompressedPak for hierarchical cache Hierarchy.
[2018.10.10-10.03.41:866][  0]LogDerivedDataCache: Display: Pak cache opened for reading ../../../Engine/DerivedDataCache/Compressed.ddp.
[2018.10.10-10.03.41:880][  0]LogDerivedDataCache: Using Local data cache path C:/Users/GOTOS/AppData/Local/UnrealEngine/Common/DerivedDataCache: Writable
[2018.10.10-10.03.41:880][  0]LogDerivedDataCache: Shared data cache path not found in *engine.ini, will not use an Shared cache.
[2018.10.10-10.03.41:880][  0]LogDerivedDataCache: Unable to find inner node Shared for hierarchical cache Hierarchy.
[2018.10.10-10.03.41:897][  0]LogMaterial: Verifying Global Shaders for PCD3D_SM5
[2018.10.10-10.03.41:899][  0]LogSlate: Using FreeType 2.6.0
[2018.10.10-10.03.41:899][  0]LogSlate: SlateFontServices - WITH_FREETYPE: 1, WITH_HARFBUZZ: 1
[2018.10.10-10.03.41:987][  0]LogAssetRegistry: FAssetRegistry took 0.0258 seconds to start up
[2018.10.10-10.03.42:296][  0]LogInit: Selected Device Profile: [Windows]
[2018.10.10-10.03.42:423][  0]LogSimplygon: Simplygon DLL not present - disabling.
[2018.10.10-10.03.42:426][  0]LogMeshReduction: Using SimplygonSwarm for distributed automatic mesh merging
[2018.10.10-10.03.42:426][  0]LogMeshReduction: Using ProxyLODMeshReduction for automatic mesh merging
[2018.10.10-10.03.42:426][  0]LogMeshReduction: Using QuadricMeshReduction for automatic static mesh reduction
[2018.10.10-10.03.42:426][  0]LogMeshReduction: No automatic skeletal mesh reduction module available
[2018.10.10-10.03.42:444][  0]LogNetVersion: FYP_Prototype 1.0.0, NetCL: 4212847, EngineNetVer: 5, GameNetVer: 0 (Checksum: 1129731653)
[2018.10.10-10.03.43:047][  0]LogPackageLocalizationCache: Processed 13 localized package path(s) for 2 prioritized culture(s) in 0.192981 seconds
[2018.10.10-10.03.43:052][  0]LogUObjectArray: 38425 objects as part of root set at end of initial load.
[2018.10.10-10.03.43:052][  0]LogUObjectAllocator: 6690864 out of 0 bytes used by permanent object pool.
[2018.10.10-10.03.43:052][  0]LogUObjectArray: CloseDisregardForGC: 0/0 objects in disregard for GC pool
[2018.10.10-10.03.44:061][  0]LogTcpMessaging: Initializing TcpMessaging bridge
[2018.10.10-10.03.44:075][  0]LogUdpMessaging: Initializing bridge on interface 0.0.0.0:0 to multicast group 230.0.0.1:6666.
[2018.10.10-10.03.44:263][  0]SourceControl: Source control is disabled
[2018.10.10-10.03.44:263][  0]SourceControl: Source control is disabled
[2018.10.10-10.03.44:265][  0]SourceControl: Source control is disabled
[2018.10.10-10.03.44:266][  0]SourceControl: Source control is disabled
[2018.10.10-10.03.44:428][  0]LogAndroidPermission: UAndroidPermissionCallbackProxy::GetInstance
[2018.10.10-10.03.44:488][  0]LogOcInput: OculusInput pre-init called
[2018.10.10-10.03.44:555][  0]LogEngine: Initializing Engine...
[2018.10.10-10.03.44:556][  0]LogHMD: Failed to initialize OpenVR with code 110
[2018.10.10-10.03.44:557][  0]LogStats: UGameplayTagsManager::ConstructGameplayTagTree: ImportINI prefixes -  0.000 s
[2018.10.10-10.03.44:557][  0]LogStats: UGameplayTagsManager::ConstructGameplayTagTree: Construct from data asset -  0.000 s
[2018.10.10-10.03.44:557][  0]LogStats: UGameplayTagsManager::ConstructGameplayTagTree: ImportINI -  0.000 s
[2018.10.10-10.03.44:557][  0]LogStats: UGameplayTagsManager::ConstructGameplayTagTree: GameplayTagTreeChangedEvent.Broadcast -  0.000 s
[2018.10.10-10.03.44:844][  0]LogInit: Initializing FReadOnlyCVARCache
[2018.10.10-10.03.44:862][  0]LogAIModule: Creating AISystem for world Untitled
[2018.10.10-10.03.44:874][  0]LogInit: XAudio2 using 'Speakers / Headphones (Realtek Audio)' : 2 channels at 48 kHz using 32 bits per sample (channel mask 0x3)
[2018.10.10-10.03.44:910][  0]LogInit: FAudioDevice initialized.
[2018.10.10-10.03.44:910][  0]LogNetVersion: Set ProjectVersion to 1.0.0.0. Version Checksum will be recalculated on next use.
[2018.10.10-10.03.45:011][  0]LogDerivedDataCache: Saved boot cache 0.10s 86MB C:/Users/GOTOS/AppData/Local/UnrealEngine/4.20/DerivedDataCache/Boot.ddc.
[2018.10.10-10.03.45:031][  0]LogInit: Texture streaming: Enabled
[2018.10.10-10.03.45:051][  0]LogEngineSessionManager: EngineSessionManager initialized
[2018.10.10-10.03.45:088][  0]LogInit: Transaction tracking system initialized
[2018.10.10-10.03.45:110][  0]BlueprintLog: New page: Editor Load
[2018.10.10-10.03.45:182][  0]LocalizationService: Localization service is disabled
[2018.10.10-10.03.45:526][  0]LogCook: Display: Max memory allowance for cook 16384mb min free memory 0mb
[2018.10.10-10.03.45:526][  0]LogCook: Display: Mobile HDR setting 1
[2018.10.10-10.03.45:526][  0]LogGameplayTags: Display: UGameplayTagsManager::DoneAddingNativeTags. DelegateIsBound: 0
[2018.10.10-10.03.45:526][  0]LogStats: UGameplayTagsManager::ConstructGameplayTagTree: ImportINI prefixes -  0.000 s
[2018.10.10-10.03.45:526][  0]LogStats: UGameplayTagsManager::ConstructGameplayTagTree: Construct from data asset -  0.000 s
[2018.10.10-10.03.45:526][  0]LogStats: UGameplayTagsManager::ConstructGameplayTagTree: ImportINI -  0.000 s
[2018.10.10-10.03.45:526][  0]LogStats: UGameplayTagsManager::ConstructGameplayTagTree: GameplayTagTreeChangedEvent.Broadcast -  0.000 s
[2018.10.10-10.03.45:659][  0]LogFileCache: Scanning file cache for directory 'C:/Users/GOTOS/Documents/Unreal Projects/FYP_Prototype/Content/' took 0.03s
[2018.10.10-10.03.45:659][  0]SourceControl: Source control is disabled
[2018.10.10-10.03.45:659][  0]Cmd: MAP LOAD FILE="../../../../../../Users/GOTOS/Documents/Unreal Projects/FYP_Prototype/Content/VirtualRealityBP/Maps/StartupMap.umap" TEMPLATE=0 SHOWPROGRESS=1 FEATURELEVEL=3
[2018.10.10-10.03.45:660][  0]LightingResults: New page: Lighting Build
[2018.10.10-10.03.45:662][  0]MapCheck: New page: Map Check
[2018.10.10-10.03.45:663][  0]LightingResults: New page: Lighting Build
[2018.10.10-10.03.45:809][  0]LogAIModule: Creating AISystem for world StartupMap
[2018.10.10-10.03.45:819][  0]LogEditorServer: Finished looking for orphan Actors (0.000 secs)
[2018.10.10-10.03.45:848][  0]Cmd: MAP CHECKDEP NOCLEARLOG
[2018.10.10-10.03.45:924][  0]MapCheck: Map check complete: 0 Error(s), 0 Warning(s), took 76.305ms to complete.
[2018.10.10-10.03.45:924][  0]LogFileHelpers: Loading map 'StartupMap' took 0.265
[2018.10.10-10.03.46:025][  0]LogSlate: Updating window title bar state: overlay mode, drag disabled, window buttons hidden, title bar hidden
[2018.10.10-10.03.46:033][  0]LogSlate: Updating window title bar state: overlay mode, drag disabled, window buttons hidden, title bar hidden
[2018.10.10-10.03.46:048][  0]LogSlate: Updating window title bar state: overlay mode, drag disabled, window buttons hidden, title bar hidden
[2018.10.10-10.03.46:055][  0]LogSlate: Updating window title bar state: overlay mode, drag disabled, window buttons hidden, title bar hidden
[2018.10.10-10.03.46:063][  0]LogCollectionManager: Loaded 0 collections in 0.001281 seconds
[2018.10.10-10.03.46:110][  0]LogFileCache: Scanning file cache for directory 'C:/Users/GOTOS/Documents/Unreal Projects/FYP_Prototype/Saved/Collections/' took 0.01s
[2018.10.10-10.03.46:111][  0]LogFileCache: Scanning file cache for directory 'C:/Users/GOTOS/Documents/Unreal Projects/FYP_Prototype/Content/Developers/gotos/Collections/' took 0.01s
[2018.10.10-10.03.46:111][  0]LogFileCache: Scanning file cache for directory 'C:/Users/GOTOS/Documents/Unreal Projects/FYP_Prototype/Content/Collections/' took 0.01s
[2018.10.10-10.03.46:111][  0]LogCollectionManager: Rebuilt the GUID cache for 0 collections in 0.000001 seconds
[2018.10.10-10.03.46:134][  0]LogContentBrowser: Native class hierarchy populated in 0.0232 seconds. Added 2578 classes and 609 folders.
[2018.10.10-10.03.46:142][  0]LogContentBrowser: Native class hierarchy updated for 'WidgetCarousel' in 0.0003 seconds. Added 0 classes and 0 folders.
[2018.10.10-10.03.46:214][  0]LogContentBrowser: Native class hierarchy updated for 'AddContentDialog' in 0.0002 seconds. Added 0 classes and 0 folders.
[2018.10.10-10.03.46:220][  0]LogContentBrowser: Native class hierarchy updated for 'SceneOutliner' in 0.0006 seconds. Added 1 classes and 2 folders.
[2018.10.10-10.03.46:255][  0]LogSlate: Took 0.000400 seconds to synchronously load lazily loaded font '../../../Engine/Content/Slate/Fonts/Roboto-Regular.ttf' (155K)
[2018.10.10-10.03.46:258][  0]LogSlate: Took 0.000167 seconds to synchronously load lazily loaded font '../../../Engine/Content/Slate/Fonts/Roboto-Bold.ttf' (160K)
[2018.10.10-10.03.46:263][  0]LogSlate: Took 0.000204 seconds to synchronously load lazily loaded font '../../../Engine/Content/Editor/Slate/Fonts/FontAwesome.ttf' (139K)
[2018.10.10-10.03.46:337][  0]LogRenderer: Reallocating scene render targets to support 1208x576 Format 26 NumSamples 1 (Frame:1).
[2018.10.10-10.03.46:443][  0]LogContentBrowser: Native class hierarchy updated for 'HierarchicalLODOutliner' in 0.0003 seconds. Added 0 classes and 0 folders.
[2018.10.10-10.03.46:443][  0]LogLoad: (Engine Initialization) Total time: 9.18 seconds
[2018.10.10-10.03.46:443][  0]LogLoad: (Engine Initialization) Total Blueprint compile time: 0.00 seconds
[2018.10.10-10.03.46:452][  0]LogWindowsTextInputMethodSystem: Display: IME system now deactivated.
[2018.10.10-10.03.46:489][  0]LogContentStreaming: Texture pool size now 1000 MB
[2018.10.10-10.03.46:625][  0]LogSlate: Took 0.000237 seconds to synchronously load lazily loaded font '../../../Engine/Content/Slate/Fonts/Roboto-Light.ttf' (167K)
[2018.10.10-10.03.46:651][  1]LogAssetRegistry: Asset discovery search completed in 4.6857 seconds
[2018.10.10-10.03.46:653][  1]LogCollectionManager: Rebuilt the object cache for 0 collections in 0.000000 seconds (found 0 objects)
[2018.10.10-10.03.46:653][  1]LogCollectionManager: Fixed up redirectors for 0 collections in 0.000054 seconds (updated 0 objects)
[2018.10.10-10.03.47:469][ 95]LogSlate: Took 0.000207 seconds to synchronously load lazily loaded font '../../../Engine/Content/Slate/Fonts/Roboto-Light.ttf' (167K)
[2018.10.10-10.03.48:717][243]LogSlate: FSceneViewport::OnFocusLost() reason 0
[2018.10.10-10.03.51:894][504]LogAIModule: Creating AISystem for world MotionControllerMap
[2018.10.10-10.03.51:913][504]LogAssetEditorManager: Opening Asset editor for World /Game/VirtualRealityBP/Maps/MotionControllerMap.MotionControllerMap
[2018.10.10-10.03.51:947][504]Cmd: MAP LOAD FILE="../../../../../../Users/GOTOS/Documents/Unreal Projects/FYP_Prototype/Content/VirtualRealityBP/Maps/MotionControllerMap.umap" TEMPLATE=0 SHOWPROGRESS=1 FEATURELEVEL=3
[2018.10.10-10.03.51:947][504]LightingResults: New page: Lighting Build
[2018.10.10-10.03.51:947][504]LoadErrors: New page: Loading map: MotionControllerMap.umap
[2018.10.10-10.03.51:948][504]MapCheck: New page: Map Check
[2018.10.10-10.03.51:948][504]LightingResults: New page: Lighting Build
[2018.10.10-10.03.51:987][504]LogEditorServer: Finished looking for orphan Actors (0.000 secs)
[2018.10.10-10.03.52:048][504]Cmd: MAP CHECKDEP NOCLEARLOG
[2018.10.10-10.03.52:165][504]MapCheck: Map check complete: 0 Error(s), 0 Warning(s), took 116.457ms to complete.
[2018.10.10-10.03.52:166][504]LogFileHelpers: Loading map 'MotionControllerMap' took 0.220
[2018.10.10-10.03.52:211][504]LogFileCache: Retrieving MD5 hashes for directory 'C:/Users/GOTOS/Documents/Unreal Projects/FYP_Prototype/Content/' took 5.75s
[2018.10.10-10.03.55:446][884]LogSlate: FSceneViewport::OnFocusLost() reason 0
[2018.10.10-10.03.55:612][904]LogTemp: Repeating last play command: New Editor Window (PIE)
[2018.10.10-10.03.55:631][904]LogBlueprintUserMessages: Early PlayInEditor Detection: Level '/Game/VirtualRealityBP/Maps/MotionControllerMap.MotionControllerMap:PersistentLevel' has LevelScriptBlueprint '/Game/VirtualRealityBP/Maps/MotionControllerMap.MotionControllerMap:PersistentLevel.MotionControllerMap' with GeneratedClass '/Game/VirtualRealityBP/Maps/MotionControllerMap.MotionControllerMap_C' with ClassGeneratedBy '/Game/VirtualRealityBP/Maps/MotionControllerMap.MotionControllerMap:PersistentLevel.MotionControllerMap'
[2018.10.10-10.03.55:631][904]LogPlayLevel: PlayLevel: No blueprints needed recompiling
[2018.10.10-10.03.55:644][904]PIE: New page: PIE session: MotionControllerMap (11 Oct 2018 2:03:55 am)
[2018.10.10-10.03.55:644][904]LogPlayLevel: Creating play world package: /Game/VirtualRealityBP/Maps/UEDPIE_0_MotionControllerMap
[2018.10.10-10.03.55:664][904]LogPlayLevel: PIE: StaticDuplicateObject took: (0.019969s)
[2018.10.10-10.03.55:665][904]LogAIModule: Creating AISystem for world MotionControllerMap
[2018.10.10-10.03.55:665][904]LogPlayLevel: PIE: World Init took: (0.000642s)
[2018.10.10-10.03.55:665][904]LogPlayLevel: PIE: Created PIE world by copying editor world from /Game/VirtualRealityBP/Maps/MotionControllerMap.MotionControllerMap to /Game/VirtualRealityBP/Maps/UEDPIE_0_MotionControllerMap.MotionControllerMap (0.020759s)
[2018.10.10-10.03.55:697][904]LogInit: XAudio2 using 'Speakers / Headphones (Realtek Audio)' : 2 channels at 48 kHz using 32 bits per sample (channel mask 0x3)
[2018.10.10-10.03.55:713][904]LogInit: FAudioDevice initialized.
[2018.10.10-10.03.55:720][904]LogSlate: Updating window title bar state: overlay mode, drag disabled, window buttons hidden, title bar hidden
[2018.10.10-10.03.55:769][904]LogUObjectGlobals: Warning: Failed to find object 'Class None.'
[2018.10.10-10.03.55:769][904]LogLoad: Game class is 'GameModeBase'
[2018.10.10-10.03.55:772][904]LogWorld: Bringing World /Game/VirtualRealityBP/Maps/UEDPIE_0_MotionControllerMap.MotionControllerMap up for play (max tick rate 0) at 2018.10.10-18.03.55
[2018.10.10-10.03.55:773][904]LogWorld: Bringing up level for play took: 0.002959
[2018.10.10-10.03.55:789][904]LogContentBrowser: Native class hierarchy updated for 'MovieSceneCapture' in 0.0003 seconds. Added 10 classes and 0 folders.
[2018.10.10-10.03.55:795][904]PIE: Play in editor start time for /Game/VirtualRealityBP/Maps/UEDPIE_0_MotionControllerMap -0.776
[2018.10.10-10.03.55:796][904]LogBlueprintUserMessages: Late PlayInEditor Detection: Level '/Game/VirtualRealityBP/Maps/MotionControllerMap.MotionControllerMap:PersistentLevel' has LevelScriptBlueprint '/Game/VirtualRealityBP/Maps/MotionControllerMap.MotionControllerMap:PersistentLevel.MotionControllerMap' with GeneratedClass '/Game/VirtualRealityBP/Maps/MotionControllerMap.MotionControllerMap_C' with ClassGeneratedBy '/Game/VirtualRealityBP/Maps/MotionControllerMap.MotionControllerMap:PersistentLevel.MotionControllerMap'
[2018.10.10-10.03.55:813][904]LogRenderer: Reallocating scene render targets to support 1292x756 Format 26 NumSamples 1 (Frame:1).
[2018.10.10-10.03.57:177][ 59]LogBlueprintUserMessages: Early EndPlayMap Detection: Level '/Game/VirtualRealityBP/Maps/MotionControllerMap.MotionControllerMap:PersistentLevel' has LevelScriptBlueprint '/Game/VirtualRealityBP/Maps/MotionControllerMap.MotionControllerMap:PersistentLevel.MotionControllerMap' with GeneratedClass '/Game/VirtualRealityBP/Maps/MotionControllerMap.MotionControllerMap_C' with ClassGeneratedBy '/Game/VirtualRealityBP/Maps/MotionControllerMap.MotionControllerMap:PersistentLevel.MotionControllerMap'
[2018.10.10-10.03.57:177][ 59]LogSlate: Updating window title bar state: overlay mode, drag disabled, window buttons hidden, title bar hidden
[2018.10.10-10.03.57:196][ 59]LogSlate: Window 'FYP_Prototype Game Preview Standalone (64-bit/PCD3D_SM5)' being destroyed
[2018.10.10-10.03.57:233][ 59]LogPlayLevel: Display: Shutting down PIE online subsystems
[2018.10.10-10.03.57:233][ 59]LogBlueprintUserMessages: Late EndPlayMap Detection: Level '/Game/VirtualRealityBP/Maps/MotionControllerMap.MotionControllerMap:PersistentLevel' has LevelScriptBlueprint '/Game/VirtualRealityBP/Maps/MotionControllerMap.MotionControllerMap:PersistentLevel.MotionControllerMap' with GeneratedClass '/Game/VirtualRealityBP/Maps/MotionControllerMap.MotionControllerMap_C' with ClassGeneratedBy '/Game/VirtualRealityBP/Maps/MotionControllerMap.MotionControllerMap:PersistentLevel.MotionControllerMap'
[2018.10.10-10.03.57:286][ 60]LogPlayLevel: Display: Destroying online subsystem :Context_1
[2018.10.10-10.04.26:619][439]LogSlate: FSceneViewport::OnFocusLost() reason 0
[2018.10.10-10.04.30:005][833]LogEditor: Attempting to add actor of class 'DonNavigationManager' to level at -190.00,-3550.00,3310.00
[2018.10.10-10.04.30:175][852]LogEditor: Attempting to add actor of class 'DonNavigationManager' to level at -230.00,-3490.00,3240.00
[2018.10.10-10.04.38:464][808]LogEditorViewport: Clicking on Actor (context menu): BP_Sky_Sphere_C (SkySphereBlueprint)
[2018.10.10-10.04.38:499][808]LogSlate: FSceneViewport::OnFocusLost() reason 2
[2018.10.10-10.04.41:367][112]LogEditorViewport: Clicking on Actor (LMB): DonNavigationManager (DonNavigationManager1)
[2018.10.10-10.05.09:480][367]LogSlate: FSceneViewport::OnFocusLost() reason 0
[2018.10.10-10.05.32:328][ 54]LogEditorViewport: Clicking on Actor (LMB): SkeletalMeshActor (Bat)
[2018.10.10-10.05.33:244][152]Cmd: DELETE
[2018.10.10-10.05.33:244][152]Cmd: ACTOR DELETE
[2018.10.10-10.05.33:253][152]LogEditorActor: Deleted Actor: SkeletalMeshActor
[2018.10.10-10.05.33:285][152]LogEditorActor: Deleted 1 Actors (0.040 secs)
[2018.10.10-10.05.35:082][367]LogSlate: FSceneViewport::OnFocusLost() reason 0
[2018.10.10-10.05.44:117][433]LogEditorViewport: Clicking on Actor (context menu): NavMeshBoundsVolume (NavMeshBoundsVolume2)
[2018.10.10-10.05.44:159][433]LogSlate: FSceneViewport::OnFocusLost() reason 2
[2018.10.10-10.05.45:499][584]LogEditorViewport: Clicking on Actor (LMB): BP_Sky_Sphere_C (SkySphereBlueprint)
[2018.10.10-10.05.47:689][826]LogEditorViewport: Clicking on Actor (LMB): Brush (Box Brush2)
[2018.10.10-10.05.48:344][900]LogEditorViewport: Clicking on Actor (LMB): Brush (Box Brush2)
[2018.10.10-10.05.48:901][961]LogEditorViewport: Clicking on Actor (LMB): Brush (Box Brush2)
[2018.10.10-10.05.54:227][550]LogEditorViewport: Clicking on Actor (LMB): Brush (Box Brush2)
[2018.10.10-10.05.54:829][618]LogEditorViewport: Clicking on Actor (LMB): Brush (Box Brush2)
[2018.10.10-10.05.55:256][664]LogEditorViewport: Clicking on Actor (LMB): Actor (Actor)
[2018.10.10-10.05.55:391][676]LogEditorViewport: Clicking on Component (LMB): SceneComponent (DefaultSceneRoot)
[2018.10.10-10.06.01:495][373]LogEditorViewport: Clicking on Actor (LMB): PostProcessVolume (PostProcessVolume)
[2018.10.10-10.06.02:477][480]LogEditorViewport: Clicking on Actor (LMB): Actor (Actor)
[2018.10.10-10.06.15:919][ 21]LogSlate: FSceneViewport::OnFocusLost() reason 0
[2018.10.10-10.06.46:721][556]LogSlate: FSceneViewport::OnFocusLost() reason 0
[2018.10.10-10.06.49:678][897]LogSlate: FSceneViewport::OnFocusLost() reason 2
[2018.10.10-10.06.52:288][199]LogEditorViewport: Clicking on Actor (LMB): Bat_BP_C (Bat_BP)
[2018.10.10-10.06.54:310][426]LogSlate: FSceneViewport::OnFocusLost() reason 2
[2018.10.10-10.06.57:429][785]LogEditorViewport: Clicking on Actor (LMB): BP_Sky_Sphere_C (SkySphereBlueprint)
[2018.10.10-10.07.07:255][928]LogEditorViewport: Clicking on Actor (LMB): Bat_BP_C (Bat_BP)
[2018.10.10-10.07.10:029][236]LogSlate: FSceneViewport::OnFocusLost() reason 2
[2018.10.10-10.07.12:854][563]LogSlate: FSceneViewport::OnFocusLost() reason 2
[2018.10.10-10.07.16:148][946]LogSlate: FSceneViewport::OnFocusLost() reason 0
[2018.10.10-10.07.16:247][958]LogTemp: Repeating last play command: New Editor Window (PIE)
[2018.10.10-10.07.16:267][958]LogBlueprintUserMessages: Early PlayInEditor Detection: Level '/Game/VirtualRealityBP/Maps/MotionControllerMap.MotionControllerMap:PersistentLevel' has LevelScriptBlueprint '/Game/VirtualRealityBP/Maps/MotionControllerMap.MotionControllerMap:PersistentLevel.MotionControllerMap' with GeneratedClass '/Game/VirtualRealityBP/Maps/MotionControllerMap.MotionControllerMap_C' with ClassGeneratedBy '/Game/VirtualRealityBP/Maps/MotionControllerMap.MotionControllerMap:PersistentLevel.MotionControllerMap'
[2018.10.10-10.07.16:268][958]LogPlayLevel: PlayLevel: No blueprints needed recompiling
[2018.10.10-10.07.16:268][958]PIE: New page: PIE session: MotionControllerMap (11 Oct 2018 2:07:16 am)
[2018.10.10-10.07.16:268][958]LogPlayLevel: Creating play world package: /Game/VirtualRealityBP/Maps/UEDPIE_0_MotionControllerMap
[2018.10.10-10.07.16:345][958]LogPlayLevel: PIE: StaticDuplicateObject took: (0.076983s)
[2018.10.10-10.07.16:346][958]LogAIModule: Creating AISystem for world MotionControllerMap
[2018.10.10-10.07.16:346][958]LogPlayLevel: PIE: World Init took: (0.001511s)
[2018.10.10-10.07.16:347][958]LogPlayLevel: PIE: Created PIE world by copying editor world from /Game/VirtualRealityBP/Maps/MotionControllerMap.MotionControllerMap to /Game/VirtualRealityBP/Maps/UEDPIE_0_MotionControllerMap.MotionControllerMap (0.078739s)
[2018.10.10-10.07.16:380][958]LogInit: XAudio2 using 'Speakers / Headphones (Realtek Audio)' : 2 channels at 48 kHz using 32 bits per sample (channel mask 0x3)
[2018.10.10-10.07.16:396][958]LogInit: FAudioDevice initialized.
[2018.10.10-10.07.16:402][958]LogSlate: Updating window title bar state: overlay mode, drag disabled, window buttons hidden, title bar hidden
[2018.10.10-10.07.16:439][958]LogUObjectGlobals: Warning: Failed to find object 'Class None.'
[2018.10.10-10.07.16:439][958]LogLoad: Game class is 'GameModeBase'
[2018.10.10-10.07.16:443][958]LogWorld: Bringing World /Game/VirtualRealityBP/Maps/UEDPIE_0_MotionControllerMap.MotionControllerMap up for play (max tick rate 0) at 2018.10.10-18.07.16
[2018.10.10-10.07.16:443][958]LogWorld: Bringing up level for play took: 0.003675
[2018.10.10-10.07.16:455][958]DoNNavigationLog: Time spent generating 1000 NAV volumes: 0.000000 seconds
[2018.10.10-10.07.16:472][958]DoNNavigationLog: FDonNavigationWorker thread started
[2018.10.10-10.07.16:472][958]PIE: Play in editor start time for /Game/VirtualRealityBP/Maps/UEDPIE_0_MotionControllerMap -0.101
[2018.10.10-10.07.16:472][958]LogBlueprintUserMessages: Late PlayInEditor Detection: Level '/Game/VirtualRealityBP/Maps/MotionControllerMap.MotionControllerMap:PersistentLevel' has LevelScriptBlueprint '/Game/VirtualRealityBP/Maps/MotionControllerMap.MotionControllerMap:PersistentLevel.MotionControllerMap' with GeneratedClass '/Game/VirtualRealityBP/Maps/MotionControllerMap.MotionControllerMap_C' with ClassGeneratedBy '/Game/VirtualRealityBP/Maps/MotionControllerMap.MotionControllerMap:PersistentLevel.MotionControllerMap'
[2018.10.10-10.07.18:051][139]LogBlueprintUserMessages: Early EndPlayMap Detection: Level '/Game/VirtualRealityBP/Maps/MotionControllerMap.MotionControllerMap:PersistentLevel' has LevelScriptBlueprint '/Game/VirtualRealityBP/Maps/MotionControllerMap.MotionControllerMap:PersistentLevel.MotionControllerMap' with GeneratedClass '/Game/VirtualRealityBP/Maps/MotionControllerMap.MotionControllerMap_C' with ClassGeneratedBy '/Game/VirtualRealityBP/Maps/MotionControllerMap.MotionControllerMap:PersistentLevel.MotionControllerMap'
[2018.10.10-10.07.18:051][139]LogSlate: Updating window title bar state: overlay mode, drag disabled, window buttons hidden, title bar hidden
[2018.10.10-10.07.18:070][139]LogSlate: Window 'FYP_Prototype Game Preview Standalone (64-bit/PCD3D_SM5)' being destroyed
[2018.10.10-10.07.18:101][139]LogPlayLevel: Display: Shutting down PIE online subsystems
[2018.10.10-10.07.18:101][139]LogBlueprintUserMessages: Late EndPlayMap Detection: Level '/Game/VirtualRealityBP/Maps/MotionControllerMap.MotionControllerMap:PersistentLevel' has LevelScriptBlueprint '/Game/VirtualRealityBP/Maps/MotionControllerMap.MotionControllerMap:PersistentLevel.MotionControllerMap' with GeneratedClass '/Game/VirtualRealityBP/Maps/MotionControllerMap.MotionControllerMap_C' with ClassGeneratedBy '/Game/VirtualRealityBP/Maps/MotionControllerMap.MotionControllerMap:PersistentLevel.MotionControllerMap'
[2018.10.10-10.07.18:156][141]LogPlayLevel: Display: Destroying online subsystem :Context_6
[2018.10.10-10.07.22:411][647]LogSlate: FSceneViewport::OnFocusLost() reason 0
[2018.10.10-10.07.22:519][660]LogTemp: Repeating last play command: New Editor Window (PIE)
[2018.10.10-10.07.22:539][660]LogBlueprintUserMessages: Early PlayInEditor Detection: Level '/Game/VirtualRealityBP/Maps/MotionControllerMap.MotionControllerMap:PersistentLevel' has LevelScriptBlueprint '/Game/VirtualRealityBP/Maps/MotionControllerMap.MotionControllerMap:PersistentLevel.MotionControllerMap' with GeneratedClass '/Game/VirtualRealityBP/Maps/MotionControllerMap.MotionControllerMap_C' with ClassGeneratedBy '/Game/VirtualRealityBP/Maps/MotionControllerMap.MotionControllerMap:PersistentLevel.MotionControllerMap'
[2018.10.10-10.07.22:539][660]LogPlayLevel: PlayLevel: No blueprints needed recompiling
[2018.10.10-10.07.22:539][660]PIE: New page: PIE session: MotionControllerMap (11 Oct 2018 2:07:22 am)
[2018.10.10-10.07.22:539][660]LogPlayLevel: Creating play world package: /Game/VirtualRealityBP/Maps/UEDPIE_0_MotionControllerMap
[2018.10.10-10.07.22:563][660]LogPlayLevel: PIE: StaticDuplicateObject took: (0.023304s)
[2018.10.10-10.07.22:563][660]LogAIModule: Creating AISystem for world MotionControllerMap
[2018.10.10-10.07.22:564][660]LogPlayLevel: PIE: World Init took: (0.000747s)
[2018.10.10-10.07.22:564][660]LogPlayLevel: PIE: Created PIE world by copying editor world from /Game/VirtualRealityBP/Maps/MotionControllerMap.MotionControllerMap to /Game/VirtualRealityBP/Maps/UEDPIE_0_MotionControllerMap.MotionControllerMap (0.024197s)
[2018.10.10-10.07.22:594][660]LogInit: XAudio2 using 'Speakers / Headphones (Realtek Audio)' : 2 channels at 48 kHz using 32 bits per sample (channel mask 0x3)
[2018.10.10-10.07.22:612][660]LogInit: FAudioDevice initialized.
[2018.10.10-10.07.22:618][660]LogSlate: Updating window title bar state: overlay mode, drag disabled, window buttons hidden, title bar hidden
[2018.10.10-10.07.22:651][660]LogUObjectGlobals: Warning: Failed to find object 'Class None.'
[2018.10.10-10.07.22:651][660]LogLoad: Game class is 'GameModeBase'
[2018.10.10-10.07.22:654][660]LogWorld: Bringing World /Game/VirtualRealityBP/Maps/UEDPIE_0_MotionControllerMap.MotionControllerMap up for play (max tick rate 0) at 2018.10.10-18.07.22
[2018.10.10-10.07.22:655][660]LogWorld: Bringing up level for play took: 0.003274
[2018.10.10-10.07.22:668][660]DoNNavigationLog: Time spent generating 1000 NAV volumes: 0.000000 seconds
[2018.10.10-10.07.22:684][660]DoNNavigationLog: FDonNavigationWorker thread started
[2018.10.10-10.07.22:684][660]PIE: Play in editor start time for /Game/VirtualRealityBP/Maps/UEDPIE_0_MotionControllerMap 0.112
[2018.10.10-10.07.22:684][660]LogBlueprintUserMessages: Late PlayInEditor Detection: Level '/Game/VirtualRealityBP/Maps/MotionControllerMap.MotionControllerMap:PersistentLevel' has LevelScriptBlueprint '/Game/VirtualRealityBP/Maps/MotionControllerMap.MotionControllerMap:PersistentLevel.MotionControllerMap' with GeneratedClass '/Game/VirtualRealityBP/Maps/MotionControllerMap.MotionControllerMap_C' with ClassGeneratedBy '/Game/VirtualRealityBP/Maps/MotionControllerMap.MotionControllerMap:PersistentLevel.MotionControllerMap'
[2018.10.10-10.07.24:766][901]DoNNavigationLog: Warning: Pawn's initial/final position overlaps an obstacle. Attempting to find substitute vector (a nearby free spot) for pathfinding...
[2018.10.10-10.07.24:766][901]DoNNavigationLog: Warning: Substitute Origin or Destination (X=0.000 Y=0.000 Z=40.000 offset) is being used for pawn to overcome initial overlap. (Can be disabled in QueryParams)
[2018.10.10-10.07.29:951][523]LogBlueprintUserMessages: Early EndPlayMap Detection: Level '/Game/VirtualRealityBP/Maps/MotionControllerMap.MotionControllerMap:PersistentLevel' has LevelScriptBlueprint '/Game/VirtualRealityBP/Maps/MotionControllerMap.MotionControllerMap:PersistentLevel.MotionControllerMap' with GeneratedClass '/Game/VirtualRealityBP/Maps/MotionControllerMap.MotionControllerMap_C' with ClassGeneratedBy '/Game/VirtualRealityBP/Maps/MotionControllerMap.MotionControllerMap:PersistentLevel.MotionControllerMap'
[2018.10.10-10.07.29:951][523]LogSlate: Updating window title bar state: overlay mode, drag disabled, window buttons hidden, title bar hidden
[2018.10.10-10.07.29:970][523]LogSlate: Window 'FYP_Prototype Game Preview Standalone (64-bit/PCD3D_SM5)' being destroyed
[2018.10.10-10.07.30:000][523]LogPlayLevel: Display: Shutting down PIE online subsystems
[2018.10.10-10.07.30:000][523]LogBlueprintUserMessages: Late EndPlayMap Detection: Level '/Game/VirtualRealityBP/Maps/MotionControllerMap.MotionControllerMap:PersistentLevel' has LevelScriptBlueprint '/Game/VirtualRealityBP/Maps/MotionControllerMap.MotionControllerMap:PersistentLevel.MotionControllerMap' with GeneratedClass '/Game/VirtualRealityBP/Maps/MotionControllerMap.MotionControllerMap_C' with ClassGeneratedBy '/Game/VirtualRealityBP/Maps/MotionControllerMap.MotionControllerMap:PersistentLevel.MotionControllerMap'
[2018.10.10-10.07.30:062][525]LogPlayLevel: Display: Destroying online subsystem :Context_7
[2018.10.10-10.07.32:303][792]LogSlate: FSceneViewport::OnFocusLost() reason 0
[2018.10.10-10.07.42:473][966]LogAssetEditorManager: Opening Asset editor for AnimBlueprint /Game/Models/Animation_Blueprint/Bat_animation.Bat_animation
[2018.10.10-10.07.42:485][966]LogContentBrowser: Native class hierarchy updated for 'SkeletonEditor' in 0.0003 seconds. Added 1 classes and 2 folders.
[2018.10.10-10.07.42:693][966]LogActorComponent: RegisterComponentWithWorld: (/Engine/Transient.World_7:PersistentLevel.AnimationEditorPreviewActor_0.DebugSkelMeshComponent_0) Already registered. Aborting.
[2018.10.10-10.07.42:697][966]LogContentBrowser: Native class hierarchy updated for 'PinnedCommandList' in 0.0003 seconds. Added 1 classes and 0 folders.
[2018.10.10-10.07.43:189][966]LogClass: Warning: Enum '/Game/EpicContent/DemoRoom/BluePrint/BP_DemoDisplay_Enum.BP_DemoDisplay_Enum' was upgraded to use FText to store its display name data. Please re-save this asset to avoid issues with localization and determinstic cooking.
[2018.10.10-10.07.43:216][966]LogContentBrowser: Native class hierarchy updated for 'BlueprintGraph' in 0.0009 seconds. Added 116 classes and 0 folders.
[2018.10.10-10.07.44:523][966]LogSlate: Took 0.000209 seconds to synchronously load lazily loaded font '../../../Engine/Content/Slate/Fonts/Roboto-BoldCondensed.ttf' (158K)
[2018.10.10-10.07.44:592][966]LogContentBrowser: Native class hierarchy updated for 'ClothingSystemEditorInterface' in 0.0006 seconds. Added 1 classes and 0 folders.
[2018.10.10-10.08.05:772][162]BlueprintLog: New page: Compile Bat_animation
[2018.10.10-10.08.06:076][162]LogSavePackage: Moving '../../../../../../Users/GOTOS/Documents/Unreal Projects/FYP_Prototype/Saved/Bat_animation3243947D4D472CD0B6662A9B4A035F60.tmp' to '../../../../../../Users/GOTOS/Documents/Unreal Projects/FYP_Prototype/Content/Models/Animation_Blueprint/Bat_animation.uasset'
[2018.10.10-10.08.06:432][195]LogSlate: FSceneViewport::OnFocusLost() reason 0
[2018.10.10-10.08.07:228][268]LogSlate: Window 'Bat_animation' being destroyed
[2018.10.10-10.08.07:561][308]LogSlate: FSceneViewport::OnFocusLost() reason 0
[2018.10.10-10.08.09:057][485]LogTemp: Repeating last play command: New Editor Window (PIE)
[2018.10.10-10.08.09:076][485]LogBlueprintUserMessages: Early PlayInEditor Detection: Level '/Game/VirtualRealityBP/Maps/MotionControllerMap.MotionControllerMap:PersistentLevel' has LevelScriptBlueprint '/Game/VirtualRealityBP/Maps/MotionControllerMap.MotionControllerMap:PersistentLevel.MotionControllerMap' with GeneratedClass '/Game/VirtualRealityBP/Maps/MotionControllerMap.MotionControllerMap_C' with ClassGeneratedBy '/Game/VirtualRealityBP/Maps/MotionControllerMap.MotionControllerMap:PersistentLevel.MotionControllerMap'
[2018.10.10-10.08.09:076][485]LogPlayLevel: PlayLevel: No blueprints needed recompiling
[2018.10.10-10.08.09:076][485]PIE: New page: PIE session: MotionControllerMap (11 Oct 2018 2:08:09 am)
[2018.10.10-10.08.09:076][485]LogPlayLevel: Creating play world package: /Game/VirtualRealityBP/Maps/UEDPIE_0_MotionControllerMap
[2018.10.10-10.08.09:095][485]LogPlayLevel: PIE: StaticDuplicateObject took: (0.019166s)
[2018.10.10-10.08.09:096][485]LogAIModule: Creating AISystem for world MotionControllerMap
[2018.10.10-10.08.09:096][485]LogPlayLevel: PIE: World Init took: (0.000627s)
[2018.10.10-10.08.09:096][485]LogPlayLevel: PIE: Created PIE world by copying editor world from /Game/VirtualRealityBP/Maps/MotionControllerMap.MotionControllerMap to /Game/VirtualRealityBP/Maps/UEDPIE_0_MotionControllerMap.MotionControllerMap (0.019903s)
[2018.10.10-10.08.09:141][485]LogInit: XAudio2 using 'Speakers / Headphones (Realtek Audio)' : 2 channels at 48 kHz using 32 bits per sample (channel mask 0x3)
[2018.10.10-10.08.09:157][485]LogInit: FAudioDevice initialized.
[2018.10.10-10.08.09:163][485]LogSlate: Updating window title bar state: overlay mode, drag disabled, window buttons hidden, title bar hidden
[2018.10.10-10.08.09:199][485]LogUObjectGlobals: Warning: Failed to find object 'Class None.'
[2018.10.10-10.08.09:199][485]LogLoad: Game class is 'GameModeBase'
[2018.10.10-10.08.09:202][485]LogWorld: Bringing World /Game/VirtualRealityBP/Maps/UEDPIE_0_MotionControllerMap.MotionControllerMap up for play (max tick rate 0) at 2018.10.10-18.08.09
[2018.10.10-10.08.09:202][485]LogWorld: Bringing up level for play took: 0.003043
[2018.10.10-10.08.09:215][485]DoNNavigationLog: Time spent generating 1000 NAV volumes: 0.001000 seconds
[2018.10.10-10.08.09:231][485]DoNNavigationLog: FDonNavigationWorker thread started
[2018.10.10-10.08.09:231][485]PIE: Play in editor start time for /Game/VirtualRealityBP/Maps/UEDPIE_0_MotionControllerMap 0.659
[2018.10.10-10.08.09:231][485]LogBlueprintUserMessages: Late PlayInEditor Detection: Level '/Game/VirtualRealityBP/Maps/MotionControllerMap.MotionControllerMap:PersistentLevel' has LevelScriptBlueprint '/Game/VirtualRealityBP/Maps/MotionControllerMap.MotionControllerMap:PersistentLevel.MotionControllerMap' with GeneratedClass '/Game/VirtualRealityBP/Maps/MotionControllerMap.MotionControllerMap_C' with ClassGeneratedBy '/Game/VirtualRealityBP/Maps/MotionControllerMap.MotionControllerMap:PersistentLevel.MotionControllerMap'
[2018.10.10-10.08.11:331][723]DoNNavigationLog: Warning: Pawn's initial/final position overlaps an obstacle. Attempting to find substitute vector (a nearby free spot) for pathfinding...
[2018.10.10-10.08.11:331][723]DoNNavigationLog: Warning: Substitute Origin or Destination (X=0.000 Y=0.000 Z=40.000 offset) is being used for pawn to overcome initial overlap. (Can be disabled in QueryParams)
[2018.10.10-10.08.16:010][283]LogBlueprintUserMessages: Early EndPlayMap Detection: Level '/Game/VirtualRealityBP/Maps/MotionControllerMap.MotionControllerMap:PersistentLevel' has LevelScriptBlueprint '/Game/VirtualRealityBP/Maps/MotionControllerMap.MotionControllerMap:PersistentLevel.MotionControllerMap' with GeneratedClass '/Game/VirtualRealityBP/Maps/MotionControllerMap.MotionControllerMap_C' with ClassGeneratedBy '/Game/VirtualRealityBP/Maps/MotionControllerMap.MotionControllerMap:PersistentLevel.MotionControllerMap'
[2018.10.10-10.08.16:010][283]LogSlate: Updating window title bar state: overlay mode, drag disabled, window buttons hidden, title bar hidden
[2018.10.10-10.08.16:033][283]LogSlate: Window 'FYP_Prototype Game Preview Standalone (64-bit/PCD3D_SM5)' being destroyed
[2018.10.10-10.08.16:063][283]LogPlayLevel: Display: Shutting down PIE online subsystems
[2018.10.10-10.08.16:064][283]LogBlueprintUserMessages: Late EndPlayMap Detection: Level '/Game/VirtualRealityBP/Maps/MotionControllerMap.MotionControllerMap:PersistentLevel' has LevelScriptBlueprint '/Game/VirtualRealityBP/Maps/MotionControllerMap.MotionControllerMap:PersistentLevel.MotionControllerMap' with GeneratedClass '/Game/VirtualRealityBP/Maps/MotionControllerMap.MotionControllerMap_C' with ClassGeneratedBy '/Game/VirtualRealityBP/Maps/MotionControllerMap.MotionControllerMap:PersistentLevel.MotionControllerMap'
[2018.10.10-10.08.16:114][284]LogPlayLevel: Display: Destroying online subsystem :Context_14
[2018.10.10-10.08.18:473][564]LogEditorViewport: Clicking on Actor (LMB): Actor (Actor2)
[2018.10.10-10.08.21:627][932]LogSlate: FSceneViewport::OnFocusLost() reason 0
[2018.10.10-10.08.27:067][563]EditorErrors: New page: Actor attachment
[2018.10.10-10.08.28:582][741]LogTemp: Repeating last play command: New Editor Window (PIE)
[2018.10.10-10.08.28:600][741]LogBlueprintUserMessages: Early PlayInEditor Detection: Level '/Game/VirtualRealityBP/Maps/MotionControllerMap.MotionControllerMap:PersistentLevel' has LevelScriptBlueprint '/Game/VirtualRealityBP/Maps/MotionControllerMap.MotionControllerMap:PersistentLevel.MotionControllerMap' with GeneratedClass '/Game/VirtualRealityBP/Maps/MotionControllerMap.MotionControllerMap_C' with ClassGeneratedBy '/Game/VirtualRealityBP/Maps/MotionControllerMap.MotionControllerMap:PersistentLevel.MotionControllerMap'
[2018.10.10-10.08.28:600][741]LogPlayLevel: PlayLevel: No blueprints needed recompiling
[2018.10.10-10.08.28:600][741]PIE: New page: PIE session: MotionControllerMap (11 Oct 2018 2:08:28 am)
[2018.10.10-10.08.28:601][741]LogPlayLevel: Creating play world package: /Game/VirtualRealityBP/Maps/UEDPIE_0_MotionControllerMap
[2018.10.10-10.08.28:620][741]LogPlayLevel: PIE: StaticDuplicateObject took: (0.019835s)
[2018.10.10-10.08.28:621][741]LogAIModule: Creating AISystem for world MotionControllerMap
[2018.10.10-10.08.28:621][741]LogPlayLevel: PIE: World Init took: (0.000655s)
[2018.10.10-10.08.28:621][741]LogPlayLevel: PIE: Created PIE world by copying editor world from /Game/VirtualRealityBP/Maps/MotionControllerMap.MotionControllerMap to /Game/VirtualRealityBP/Maps/UEDPIE_0_MotionControllerMap.MotionControllerMap (0.020613s)
[2018.10.10-10.08.28:656][741]LogInit: XAudio2 using 'Speakers / Headphones (Realtek Audio)' : 2 channels at 48 kHz using 32 bits per sample (channel mask 0x3)
[2018.10.10-10.08.28:672][741]LogInit: FAudioDevice initialized.
[2018.10.10-10.08.28:678][741]LogSlate: Updating window title bar state: overlay mode, drag disabled, window buttons hidden, title bar hidden
[2018.10.10-10.08.28:714][741]LogUObjectGlobals: Warning: Failed to find object 'Class None.'
[2018.10.10-10.08.28:714][741]LogLoad: Game class is 'GameModeBase'
[2018.10.10-10.08.28:717][741]LogWorld: Bringing World /Game/VirtualRealityBP/Maps/UEDPIE_0_MotionControllerMap.MotionControllerMap up for play (max tick rate 0) at 2018.10.10-18.08.28
[2018.10.10-10.08.28:717][741]LogWorld: Bringing up level for play took: 0.003056
[2018.10.10-10.08.28:730][741]DoNNavigationLog: Time spent generating 1000 NAV volumes: 0.000000 seconds
[2018.10.10-10.08.28:746][741]DoNNavigationLog: FDonNavigationWorker thread started
[2018.10.10-10.08.28:746][741]PIE: Play in editor start time for /Game/VirtualRealityBP/Maps/UEDPIE_0_MotionControllerMap 0.174
[2018.10.10-10.08.28:746][741]LogBlueprintUserMessages: Late PlayInEditor Detection: Level '/Game/VirtualRealityBP/Maps/MotionControllerMap.MotionControllerMap:PersistentLevel' has LevelScriptBlueprint '/Game/VirtualRealityBP/Maps/MotionControllerMap.MotionControllerMap:PersistentLevel.MotionControllerMap' with GeneratedClass '/Game/VirtualRealityBP/Maps/MotionControllerMap.MotionControllerMap_C' with ClassGeneratedBy '/Game/VirtualRealityBP/Maps/MotionControllerMap.MotionControllerMap:PersistentLevel.MotionControllerMap'
[2018.10.10-10.08.37:840][822]DoNNavigationLog: Warning: Pawn's initial/final position overlaps an obstacle. Attempting to find substitute vector (a nearby free spot) for pathfinding...
[2018.10.10-10.08.37:840][822]DoNNavigationLog: Warning: Substitute Origin or Destination (X=0.000 Y=0.000 Z=60.000 offset) is being used for pawn to overcome initial overlap. (Can be disabled in QueryParams)
[2018.10.10-10.08.40:907][189]DoNNavigationLog: Warning: Pawn's initial/final position overlaps an obstacle. Attempting to find substitute vector (a nearby free spot) for pathfinding...
[2018.10.10-10.08.40:907][189]DoNNavigationLog: Warning: Substitute Origin or Destination (X=0.000 Y=0.000 Z=20.000 offset) is being used for pawn to overcome initial overlap. (Can be disabled in QueryParams)
[2018.10.10-10.08.40:907][189]DoNNavigationLog: Warning: Forcibly moving Bat_BP_2 to new origin for viable pathfinding. (Can be disabled in QueryParams)
[2018.10.10-10.08.41:192][223]LogScript: Warning: Accessed None trying to read property CallFunc_K2_GetRootComponent_ReturnValue
	MotionControllerMap_C /Game/VirtualRealityBP/Maps/UEDPIE_0_MotionControllerMap.MotionControllerMap:PersistentLevel.MotionControllerMap_C_0
	Function /Game/VirtualRealityBP/Maps/MotionControllerMap.MotionControllerMap_C:ExecuteUbergraph_MotionControllerMap:039C
[2018.10.10-10.08.41:192][223]PIE: Error: Blueprint Runtime Error: "Accessed None trying to read property CallFunc_K2_GetRootComponent_ReturnValue". Blueprint:  MotionControllerMap Function:  Execute Ubergraph Motion Controller Map Graph:  EventGraph Node:  Play World Camera Shake
[2018.10.10-10.08.43:960][554]DoNNavigationLog: Error: Destination X=-1804.543 Y=-52.959 Z=29.963 is outside world bounds. Please clamp your destination within the navigable world or expand world size under settings if necessary.
[2018.10.10-10.08.48:992][157]DoNNavigationLog: Warning: Pawn's initial/final position overlaps an obstacle. Attempting to find substitute vector (a nearby free spot) for pathfinding...
[2018.10.10-10.08.48:992][157]DoNNavigationLog: Error: Error: Invalid Destination (X=-1596.899 Y=532.277 Z=297.086) passed to navigation path solver
[2018.10.10-10.08.48:992][157]DoNNavigationLog: Warning: Rules for passing vectors to the system:
----------------------------------------
1. Origin and Destination points _must_ be in empty space. They cannot be inside any mesh or right on top of a floor with colliders
--
2. Characters and Pawns however, are allowed to use their collision component as origin or destination, but the character Mesh itself must _not_ be configured as BlockAll or BlockAllDynamic.
You can use the default "Pawn" collision profile (default) for character meshes as long as you haven't added it to the ObstacleQueryChannels list in your Don Navigation Manager actor
--
3. Trigger volumes cannot the same object type as obstacles (don't use WorldStatic/WorldDynamic/etc). The reason for this is that the system uses overlaps instead of sweeps for optimal performance.
Please create a new trigger object type for all triggers in your map and use that to avoid trigger volumes being from picked up as obstacles.

[2018.10.10-10.08.49:526][221]LogBlueprintUserMessages: Early EndPlayMap Detection: Level '/Game/VirtualRealityBP/Maps/MotionControllerMap.MotionControllerMap:PersistentLevel' has LevelScriptBlueprint '/Game/VirtualRealityBP/Maps/MotionControllerMap.MotionControllerMap:PersistentLevel.MotionControllerMap' with GeneratedClass '/Game/VirtualRealityBP/Maps/MotionControllerMap.MotionControllerMap_C' with ClassGeneratedBy '/Game/VirtualRealityBP/Maps/MotionControllerMap.MotionControllerMap:PersistentLevel.MotionControllerMap'
[2018.10.10-10.08.49:526][221]LogSlate: Updating window title bar state: overlay mode, drag disabled, window buttons hidden, title bar hidden
[2018.10.10-10.08.49:546][221]LogSlate: Window 'FYP_Prototype Game Preview Standalone (64-bit/PCD3D_SM5)' being destroyed
[2018.10.10-10.08.49:582][221]LogPlayLevel: Display: Shutting down PIE online subsystems
[2018.10.10-10.08.49:583][221]LogBlueprintUserMessages: Late EndPlayMap Detection: Level '/Game/VirtualRealityBP/Maps/MotionControllerMap.MotionControllerMap:PersistentLevel' has LevelScriptBlueprint '/Game/VirtualRealityBP/Maps/MotionControllerMap.MotionControllerMap:PersistentLevel.MotionControllerMap' with GeneratedClass '/Game/VirtualRealityBP/Maps/MotionControllerMap.MotionControllerMap_C' with ClassGeneratedBy '/Game/VirtualRealityBP/Maps/MotionControllerMap.MotionControllerMap:PersistentLevel.MotionControllerMap'
[2018.10.10-10.08.49:638][222]LogPlayLevel: Display: Destroying online subsystem :Context_15
[2018.10.10-10.08.59:436][372]Cmd: SELECT NONE
[2018.10.10-10.09.03:042][795]LogSlate: FSceneViewport::OnFocusLost() reason 2
[2018.10.10-10.09.05:481][795]LogSlate: Window 'Save Content' being destroyed
[2018.10.10-10.09.05:492][795]LogSlate: FSceneViewport::OnFocusLost() reason 2
[2018.10.10-10.09.06:137][795]LogSavePackage: Moving '../../../../../../Users/GOTOS/Documents/Unreal Projects/FYP_Prototype/Saved/MotionControllerMap1B1FC962410C7BBC67E7DF86F85E6EF9.tmp' to '../../../../../../Users/GOTOS/Documents/Unreal Projects/FYP_Prototype/Content/VirtualRealityBP/Maps/MotionControllerMap.umap'
[2018.10.10-10.09.06:179][795]LogFileHelpers: Saving map 'MotionControllerMap' took 0.681
[2018.10.10-10.09.06:470][795]LogSlate: Window 'FYP_Prototype - Unreal Editor' being destroyed
[2018.10.10-10.09.06:471][795]LogWindowsTextInputMethodSystem: Display: IME system now deactivated.
[2018.10.10-10.09.06:677][796]Cmd: QUIT_EDITOR
[2018.10.10-10.09.06:796][796]LogExit: Preparing to exit.
[2018.10.10-10.09.07:334][796]LogExit: Editor shut down
[2018.10.10-10.09.07:335][796]LogExit: Transaction tracking system shut down
[2018.10.10-10.09.07:905][796]LogExit: Object subsystem successfully closed.
[2018.10.10-10.09.07:926][796]LogShaderCompilers: Display: Shaders left to compile 0
[2018.10.10-10.09.07:930][796]LogD3D11RHI: Shutdown
[2018.10.10-10.09.07:930][796]LogD3D11RHI: CleanupD3DDevice
[2018.10.10-10.09.07:932][796]LogD3D11RHI: ~FD3D11DynamicRHI
[2018.10.10-10.09.07:955][796]LogModuleManager: Shutting down and abandoning module ClothingSystemEditorInterface (626)
[2018.10.10-10.09.07:955][796]LogModuleManager: Shutting down and abandoning module BlueprintGraph (624)
[2018.10.10-10.09.07:955][796]LogModuleManager: Shutting down and abandoning module PinnedCommandList (622)
[2018.10.10-10.09.07:955][796]LogModuleManager: Shutting down and abandoning module SkeletonEditor (620)
[2018.10.10-10.09.07:955][796]LogModuleManager: Shutting down and abandoning module AnimationBlueprintEditor (618)
[2018.10.10-10.09.07:955][796]LogModuleManager: Shutting down and abandoning module MovieSceneCapture (616)
[2018.10.10-10.09.07:955][796]LogModuleManager: Shutting down and abandoning module Voice (614)
[2018.10.10-10.09.07:955][796]LogModuleManager: Shutting down and abandoning module HierarchicalLODOutliner (612)
[2018.10.10-10.09.07:955][796]LogModuleManager: Shutting down and abandoning module SceneOutliner (610)
[2018.10.10-10.09.07:955][796]LogModuleManager: Shutting down and abandoning module AddContentDialog (608)
[2018.10.10-10.09.07:955][796]LogModuleManager: Shutting down and abandoning module WidgetCarousel (607)
[2018.10.10-10.09.07:955][796]LogModuleManager: Shutting down and abandoning module EditorWidgets (604)
[2018.10.10-10.09.07:955][796]LogModuleManager: Shutting down and abandoning module CollectionManager (602)
[2018.10.10-10.09.07:955][796]LogModuleManager: Shutting down and abandoning module StatsViewer (600)
[2018.10.10-10.09.07:955][796]LogModuleManager: Shutting down and abandoning module FoliageEdit (598)
[2018.10.10-10.09.07:955][796]LogModuleManager: Shutting down and abandoning module LandscapeEditor (596)
[2018.10.10-10.09.07:956][796]LogModuleManager: Shutting down and abandoning module MeshPaintMode (594)
[2018.10.10-10.09.07:956][796]LogModuleManager: Shutting down and abandoning module SceneDepthPickerMode (592)
[2018.10.10-10.09.07:956][796]LogModuleManager: Shutting down and abandoning module ActorPickerMode (590)
[2018.10.10-10.09.07:956][796]LogModuleManager: Shutting down and abandoning module GeometryMode (588)
[2018.10.10-10.09.07:956][796]LogModuleManager: Shutting down and abandoning module TextureAlignMode (586)
[2018.10.10-10.09.07:956][796]LogModuleManager: Shutting down and abandoning module BspMode (584)
[2018.10.10-10.09.07:956][796]LogModuleManager: Shutting down and abandoning module PIEPreviewDeviceProfileSelector (582)
[2018.10.10-10.09.07:956][796]LogModuleManager: Shutting down and abandoning module SequenceRecorderSections (580)
[2018.10.10-10.09.07:956][796]LogModuleManager: Shutting down and abandoning module AutomationWorker (578)
[2018.10.10-10.09.07:956][796]LogModuleManager: Shutting down and abandoning module AudioCaptureEditor (576)
[2018.10.10-10.09.07:956][796]LogModuleManager: Shutting down and abandoning module SequenceRecorder (575)
[2018.10.10-10.09.07:956][796]LogModuleManager: Shutting down and abandoning module MatineeToLevelSequence (572)
[2018.10.10-10.09.07:956][796]LogModuleManager: Shutting down and abandoning module LevelSequenceEditor (570)
[2018.10.10-10.09.07:956][796]LogModuleManager: Shutting down and abandoning module PlacementMode (569)
[2018.10.10-10.09.07:956][796]LogModuleManager: Shutting down and abandoning module MaterialEditor (568)
[2018.10.10-10.09.07:956][796]LogModuleManager: Shutting down and abandoning module WmfMediaFactory (564)
[2018.10.10-10.09.07:956][796]LogModuleManager: Shutting down and abandoning module WmfMediaEditor (562)
[2018.10.10-10.09.07:956][796]LogModuleManager: Shutting down and abandoning module MediaPlayerEditor (560)
[2018.10.10-10.09.07:956][796]LogModuleManager: Shutting down and abandoning module OpenExrWrapper (558)
[2018.10.10-10.09.07:956][796]LogModuleManager: Shutting down and abandoning module ImgMediaFactory (556)
[2018.10.10-10.09.07:956][796]LogModuleManager: Shutting down and abandoning module ImgMediaEditor (554)
[2018.10.10-10.09.07:956][796]LogModuleManager: Shutting down and abandoning module AvfMediaFactory (552)
[2018.10.10-10.09.07:956][796]LogModuleManager: Shutting down and abandoning module AvfMediaEditor (550)
[2018.10.10-10.09.07:956][796]LogModuleManager: Shutting down and abandoning module AndroidMediaFactory (548)
[2018.10.10-10.09.07:956][796]LogModuleManager: Shutting down and abandoning module AndroidMediaEditor (546)
[2018.10.10-10.09.07:956][796]LogModuleManager: Shutting down and abandoning module MagicLeapCameraPreviewFactory (544)
[2018.10.10-10.09.07:956][796]LogModuleManager: Shutting down and abandoning module MagicLeapMediaFactory (542)
[2018.10.10-10.09.07:956][796]LogModuleManager: Shutting down and abandoning module MagicLeapMediaEditor (540)
[2018.10.10-10.09.07:956][796]LogModuleManager: Shutting down and abandoning module CharacterAI (538)
[2018.10.10-10.09.07:956][796]LogModuleManager: Shutting down and abandoning module SmartSnapping (536)
[2018.10.10-10.09.07:956][796]LogModuleManager: Shutting down and abandoning module SessionServices (534)
[2018.10.10-10.09.07:956][796]LogModuleManager: Shutting down and abandoning module ViewportSnapping (532)
[2018.10.10-10.09.07:956][796]LogModuleManager: Shutting down and abandoning module ViewportInteraction (530)
[2018.10.10-10.09.07:956][796]LogModuleManager: Shutting down and abandoning module ClothPainter (528)
[2018.10.10-10.09.07:956][796]LogModuleManager: Shutting down and abandoning module SkeletalMeshEditor (527)
[2018.10.10-10.09.07:956][796]LogModuleManager: Shutting down and abandoning module LogVisualizer (524)
[2018.10.10-10.09.07:956][796]LogModuleManager: Shutting down and abandoning module IntroTutorials (522)
[2018.10.10-10.09.07:957][796]LogModuleManager: Shutting down and abandoning module GameProjectGeneration (521)
[2018.10.10-10.09.07:957][796]LogModuleManager: Shutting down and abandoning module LuminPlatformEditor (518)
[2018.10.10-10.09.07:957][796]LogModuleManager: Shutting down and abandoning module IOSPlatformEditor (516)
[2018.10.10-10.09.07:957][796]LogModuleManager: Shutting down and abandoning module HTML5PlatformEditor (514)
[2018.10.10-10.09.07:957][796]LogModuleManager: Shutting down and abandoning module AndroidPlatformEditor (512)
[2018.10.10-10.09.07:957][796]LogModuleManager: Shutting down and abandoning module AndroidDeviceDetection (511)
[2018.10.10-10.09.08:376][796]LogModuleManager: Shutting down and abandoning module WindowsPlatformEditor (508)
[2018.10.10-10.09.08:376][796]LogModuleManager: Shutting down and abandoning module LuminRuntimeSettings (506)
[2018.10.10-10.09.08:376][796]LogModuleManager: Shutting down and abandoning module IOSRuntimeSettings (504)
[2018.10.10-10.09.08:376][796]LogModuleManager: Shutting down and abandoning module AndroidRuntimeSettings (502)
[2018.10.10-10.09.08:376][796]LogModuleManager: Shutting down and abandoning module InputBindingEditor (500)
[2018.10.10-10.09.08:376][796]LogModuleManager: Shutting down and abandoning module MergeActors (498)
[2018.10.10-10.09.08:376][796]LogModuleManager: Shutting down and abandoning module LocalizationDashboard (496)
[2018.10.10-10.09.08:376][796]LogModuleManager: Shutting down and abandoning module LocalizationService (495)
[2018.10.10-10.09.08:376][796]LogModuleManager: Shutting down and abandoning module HardwareTargeting (492)
[2018.10.10-10.09.08:376][796]LogModuleManager: Shutting down and abandoning module DeviceProfileEditor (490)
[2018.10.10-10.09.08:376][796]LogModuleManager: Shutting down and abandoning module UndoHistory (488)
[2018.10.10-10.09.08:376][796]LogModuleManager: Shutting down and abandoning module XmlParser (486)
[2018.10.10-10.09.08:376][796]LogModuleManager: Shutting down and abandoning module Blutility (484)
[2018.10.10-10.09.08:376][796]LogModuleManager: Shutting down and abandoning module ProjectSettingsViewer (482)
[2018.10.10-10.09.08:376][796]LogModuleManager: Shutting down and abandoning module ProjectTargetPlatformEditor (481)
[2018.10.10-10.09.08:377][796]LogModuleManager: Shutting down and abandoning module EditorSettingsViewer (478)
[2018.10.10-10.09.08:377][796]LogModuleManager: Shutting down and abandoning module SettingsEditor (476)
[2018.10.10-10.09.08:377][796]LogModuleManager: Shutting down and abandoning module ProjectLauncher (474)
[2018.10.10-10.09.08:377][796]LogModuleManager: Shutting down and abandoning module SessionFrontend (472)
[2018.10.10-10.09.08:377][796]LogModuleManager: Shutting down and abandoning module ProfilerClient (470)
[2018.10.10-10.09.08:377][796]LogModuleManager: Shutting down and abandoning module DeviceManager (468)
[2018.10.10-10.09.08:377][796]LogModuleManager: Shutting down and abandoning module TargetDeviceServices (467)
[2018.10.10-10.09.08:432][796]LogModuleManager: Shutting down and abandoning module AutomationController (464)
[2018.10.10-10.09.08:432][796]LogModuleManager: Shutting down and abandoning module AutomationWindow (462)
[2018.10.10-10.09.08:432][796]LogModuleManager: Shutting down and abandoning module Layers (460)
[2018.10.10-10.09.08:432][796]LogModuleManager: Shutting down and abandoning module ComponentVisualizers (458)
[2018.10.10-10.09.08:432][796]LogModuleManager: Shutting down and abandoning module DetailCustomizations (456)
[2018.10.10-10.09.08:432][796]LogModuleManager: Shutting down and abandoning module PackagesDialog (454)
[2018.10.10-10.09.08:432][796]LogModuleManager: Shutting down and abandoning module Persona (452)
[2018.10.10-10.09.08:432][796]LogModuleManager: Shutting down and abandoning module AdvancedPreviewScene (451)
[2018.10.10-10.09.08:432][796]LogModuleManager: Shutting down and abandoning module AnimGraph (449)
[2018.10.10-10.09.08:433][796]LogModuleManager: Shutting down and abandoning module Kismet (446)
[2018.10.10-10.09.08:442][796]LogModuleManager: Shutting down and abandoning module GraphEditor (444)
[2018.10.10-10.09.08:442][796]LogModuleManager: Shutting down and abandoning module ClassViewer (442)
[2018.10.10-10.09.08:443][796]LogModuleManager: Shutting down and abandoning module Toolbox (440)
[2018.10.10-10.09.08:443][796]LogModuleManager: Shutting down and abandoning module ModuleUI (438)
[2018.10.10-10.09.08:443][796]LogModuleManager: Shutting down and abandoning module MovieSceneTools (436)
[2018.10.10-10.09.08:443][796]LogModuleManager: Shutting down and abandoning module OutputLog (434)
[2018.10.10-10.09.08:443][796]LogModuleManager: Shutting down and abandoning module GammaUI (432)
[2018.10.10-10.09.08:443][796]LogModuleManager: Shutting down and abandoning module Documentation (430)
[2018.10.10-10.09.08:443][796]LogModuleManager: Shutting down and abandoning module MovieSceneTracks (428)
[2018.10.10-10.09.08:443][796]LogModuleManager: Shutting down and abandoning module MovieScene (426)
[2018.10.10-10.09.08:443][796]LogModuleManager: Shutting down and abandoning module StreamingPauseRendering (424)
[2018.10.10-10.09.08:443][796]LogModuleManager: Shutting down and abandoning module LauncherPlatform (422)
[2018.10.10-10.09.08:443][796]LogModuleManager: Shutting down and abandoning module AnalyticsET (420)
[2018.10.10-10.09.08:443][796]LogModuleManager: Shutting down and abandoning module PortalServices (418)
[2018.10.10-10.09.08:443][796]LogModuleManager: Shutting down and abandoning module PortalRpc (416)
[2018.10.10-10.09.08:443][796]LogModuleManager: Shutting down and abandoning module MessagingRpc (414)
[2018.10.10-10.09.08:443][796]LogModuleManager: Shutting down and abandoning module AIModule (412)
[2018.10.10-10.09.08:443][796]LogModuleManager: Shutting down and abandoning module GameplayDebugger (411)
[2018.10.10-10.09.08:443][796]LogModuleManager: Shutting down and abandoning module AITestSuite (409)
[2018.10.10-10.09.08:443][796]LogModuleManager: Shutting down and abandoning module NavigationSystem (407)
[2018.10.10-10.09.08:443][796]LogModuleManager: Shutting down and abandoning module DesktopPlatform (404)
[2018.10.10-10.09.08:443][796]LogModuleManager: Shutting down and abandoning module ProfilerService (402)
[2018.10.10-10.09.08:587][796]LogModuleManager: Shutting down and abandoning module TaskGraph (400)
[2018.10.10-10.09.08:587][796]LogModuleManager: Shutting down and abandoning module SteamVRController (398)
[2018.10.10-10.09.08:587][796]LogModuleManager: Shutting down and abandoning module ProceduralMeshComponentEditor (396)
[2018.10.10-10.09.08:587][796]LogModuleManager: Shutting down and abandoning module ProceduralMeshComponent (394)
[2018.10.10-10.09.08:587][796]LogModuleManager: Shutting down and abandoning module OculusInput (392)
[2018.10.10-10.09.08:587][796]LogModuleManager: Shutting down and abandoning module MobilePatchingUtils (390)
[2018.10.10-10.09.08:587][796]LogModuleManager: Shutting down and abandoning module EditableMesh (388)
[2018.10.10-10.09.08:587][796]LogModuleManager: Shutting down and abandoning module CustomMeshComponent (386)
[2018.10.10-10.09.08:587][796]LogModuleManager: Shutting down and abandoning module CableComponent (384)
[2018.10.10-10.09.08:587][796]LogModuleManager: Shutting down and abandoning module AudioCapture (382)
[2018.10.10-10.09.08:587][796]LogModuleManager: Shutting down and abandoning module ArchVisCharacter (380)
[2018.10.10-10.09.08:587][796]LogModuleManager: Shutting down and abandoning module AndroidPermission (378)
[2018.10.10-10.09.08:588][796]LogModuleManager: Shutting down and abandoning module NUTUnrealEngine4 (376)
[2018.10.10-10.09.08:588][796]LogModuleManager: Shutting down and abandoning module NetcodeUnitTest (374)
[2018.10.10-10.09.08:588][796]LogModuleManager: Shutting down and abandoning module MediaCompositingEditor (372)
[2018.10.10-10.09.08:588][796]LogModuleManager: Shutting down and abandoning module MediaCompositing (370)
[2018.10.10-10.09.08:588][796]LogModuleManager: Shutting down and abandoning module LinearTimecode (368)
[2018.10.10-10.09.08:588][796]LogModuleManager: Shutting down and abandoning module ImgMedia (366)
[2018.10.10-10.09.08:595][796]LogModuleManager: Shutting down and abandoning module HTML5Networking (364)
[2018.10.10-10.09.08:595][796]LogModuleManager: Shutting down and abandoning module GeometryCacheTracks (362)
[2018.10.10-10.09.08:595][796]LogModuleManager: Shutting down and abandoning module GeometryCacheSequencer (360)
[2018.10.10-10.09.08:595][796]LogModuleManager: Shutting down and abandoning module BackChannel (358)
[2018.10.10-10.09.08:595][796]LogModuleManager: Shutting down and abandoning module AppleVision (356)
[2018.10.10-10.09.08:595][796]LogModuleManager: Shutting down and abandoning module AppleImageUtils (354)
[2018.10.10-10.09.08:595][796]LogModuleManager: Shutting down and abandoning module AlembicImporter (352)
[2018.10.10-10.09.08:595][796]LogModuleManager: Shutting down and abandoning module AlembicLibrary (351)
[2018.10.10-10.09.08:596][796]LogModuleManager: Shutting down and abandoning module GeometryCache (350)
[2018.10.10-10.09.08:596][796]LogModuleManager: Shutting down and abandoning module GeometryCacheEd (349)
[2018.10.10-10.09.08:596][796]LogModuleManager: Shutting down and abandoning module DatasmithContentEditor (344)
[2018.10.10-10.09.08:596][796]LogModuleManager: Shutting down and abandoning module DatasmithContent (342)
[2018.10.10-10.09.08:597][796]LogModuleManager: Shutting down and abandoning module SpeedTreeImporter (340)
[2018.10.10-10.09.08:597][796]LogModuleManager: Shutting down and abandoning module PluginBrowser (338)
[2018.10.10-10.09.08:597][796]LogModuleManager: Shutting down and abandoning module MobileLauncherProfileWizard (336)
[2018.10.10-10.09.08:597][796]LogModuleManager: Shutting down and abandoning module PolygonModeling (334)
[2018.10.10-10.09.08:597][796]LogModuleManager: Shutting down and abandoning module MeshEditor (332)
[2018.10.10-10.09.08:597][796]LogModuleManager: Shutting down and abandoning module CryptoKeysOpenSSL (330)
[2018.10.10-10.09.08:597][796]LogModuleManager: Shutting down and abandoning module CryptoKeys (328)
[2018.10.10-10.09.08:597][796]LogModuleManager: Shutting down and abandoning module VisualStudioSourceCodeAccess (326)
[2018.10.10-10.09.08:597][796]LogModuleManager: Shutting down and abandoning module VisualStudioCodeSourceCodeAccess (324)
[2018.10.10-10.09.08:597][796]LogModuleManager: Shutting down and abandoning module UObjectPlugin (322)
[2018.10.10-10.09.08:598][796]LogModuleManager: Shutting down and abandoning module SubversionSourceControl (320)
[2018.10.10-10.09.08:598][796]LogModuleManager: Shutting down and abandoning module PerforceSourceControl (318)
[2018.10.10-10.09.08:598][796]LogModuleManager: Shutting down and abandoning module GitSourceControl (316)
[2018.10.10-10.09.08:598][796]LogModuleManager: Shutting down and abandoning module SourceControl (315)
[2018.10.10-10.09.08:598][796]LogModuleManager: Shutting down and abandoning module CLionSourceCodeAccess (312)
[2018.10.10-10.09.08:598][796]LogModuleManager: Shutting down and abandoning module LightPropagationVolumeEditor (310)
[2018.10.10-10.09.08:598][796]LogModuleManager: Shutting down and abandoning module PaperTiledImporter (308)
[2018.10.10-10.09.08:598][796]LogModuleManager: Shutting down and abandoning module PaperSpriteSheetImporter (306)
[2018.10.10-10.09.08:598][796]LogModuleManager: Shutting down and abandoning module Paper2DEditor (304)
[2018.10.10-10.09.08:598][796]LogModuleManager: Shutting down and abandoning module MeshPaint (303)
[2018.10.10-10.09.08:598][796]LogModuleManager: Shutting down and abandoning module RuntimePhysXCooking (300)
[2018.10.10-10.09.08:598][796]LogModuleManager: Shutting down and abandoning module PhysXVehiclesEditor (298)
[2018.10.10-10.09.08:598][796]LogModuleManager: Shutting down and abandoning module PhysXVehicles (296)
[2018.10.10-10.09.08:598][796]LogModuleManager: Shutting down and abandoning module OculusEditor (294)
[2018.10.10-10.09.08:598][796]LogModuleManager: Shutting down and abandoning module LocationServicesBPLibrary (292)
[2018.10.10-10.09.08:599][796]LogModuleManager: Shutting down and abandoning module ImmediatePhysicsEditor (290)
[2018.10.10-10.09.08:599][796]LogModuleManager: Shutting down and abandoning module ImmediatePhysics (288)
[2018.10.10-10.09.08:599][796]LogModuleManager: Shutting down and abandoning module ActorSequence (286)
[2018.10.10-10.09.08:599][796]LogModuleManager: Shutting down and abandoning module UdpMessaging (284)
[2018.10.10-10.09.08:700][796]LogModuleManager: Shutting down and abandoning module TcpMessaging (282)
[2018.10.10-10.09.08:801][796]LogModuleManager: Shutting down and abandoning module DonAINavigation (280)
[2018.10.10-10.09.08:801][796]LogModuleManager: Shutting down and abandoning module MagicLeapAudio (278)
[2018.10.10-10.09.08:801][796]LogModuleManager: Shutting down and abandoning module GameplayTagsEditor (276)
[2018.10.10-10.09.08:801][796]LogModuleManager: Shutting down and abandoning module FacialAnimationEditor (274)
[2018.10.10-10.09.08:801][796]LogModuleManager: Shutting down and abandoning module FacialAnimation (272)
[2018.10.10-10.09.08:801][796]LogModuleManager: Shutting down and abandoning module DataValidation (270)
[2018.10.10-10.09.08:801][796]LogModuleManager: Shutting down and abandoning module AssetManagerEditor (268)
[2018.10.10-10.09.08:801][796]LogModuleManager: Shutting down and abandoning module LevelEditor (267)
[2018.10.10-10.09.08:802][796]LogModuleManager: Shutting down and abandoning module PixelInspectorModule (266)
[2018.10.10-10.09.08:802][796]LogModuleManager: Shutting down and abandoning module CommonMenuExtensions (264)
[2018.10.10-10.09.08:802][796]LogModuleManager: Shutting down and abandoning module MainFrame (262)
[2018.10.10-10.09.08:802][796]LogModuleManager: Shutting down and abandoning module HotReload (261)
[2018.10.10-10.09.08:803][796]LogModuleManager: Shutting down and abandoning module ContentBrowser (257)
[2018.10.10-10.09.08:804][796]LogModuleManager: Shutting down and abandoning module TreeMap (255)
[2018.10.10-10.09.08:804][796]LogModuleManager: Shutting down and abandoning module LightPropagationVolumeRuntime (252)
[2018.10.10-10.09.08:804][796]LogModuleManager: Shutting down and abandoning module AISupportModule (250)
[2018.10.10-10.09.08:804][796]LogModuleManager: Shutting down and abandoning module Paper2D (248)
[2018.10.10-10.09.08:804][796]LogModuleManager: Shutting down and abandoning module WindowsMoviePlayer (246)
[2018.10.10-10.09.08:804][796]LogModuleManager: Shutting down and abandoning module WmfMedia (244)
[2018.10.10-10.09.08:806][796]LogModuleManager: Shutting down and abandoning module Media (243)
[2018.10.10-10.09.08:814][796]LogModuleManager: Shutting down and abandoning module PacketHandler (240)
[2018.10.10-10.09.08:814][796]LogModuleManager: Shutting down and abandoning module ClothingSystemEditor (238)
[2018.10.10-10.09.08:814][796]LogModuleManager: Shutting down and abandoning module ClothingSystemRuntime (236)
[2018.10.10-10.09.08:814][796]LogModuleManager: Shutting down and abandoning module MediaAssets (234)
[2018.10.10-10.09.08:814][796]LogModuleManager: Shutting down and abandoning module Overlay (232)
[2018.10.10-10.09.08:814][796]LogModuleManager: Shutting down and abandoning module OverlayEditor (231)
[2018.10.10-10.09.08:814][796]LogModuleManager: Shutting down and abandoning module VREditor (228)
[2018.10.10-10.09.08:814][796]LogModuleManager: Shutting down and abandoning module StringTableEditor (226)
[2018.10.10-10.09.08:814][796]LogModuleManager: Shutting down and abandoning module GameplayTasksEditor (224)
[2018.10.10-10.09.08:814][796]LogModuleManager: Shutting down and abandoning module BehaviorTreeEditor (222)
[2018.10.10-10.09.08:814][796]LogModuleManager: Shutting down and abandoning module FunctionalTesting (220)
[2018.10.10-10.09.08:814][796]LogModuleManager: Shutting down and abandoning module CollisionAnalyzer (218)
[2018.10.10-10.09.08:814][796]LogModuleManager: Shutting down and abandoning module WorkspaceMenuStructure (217)
[2018.10.10-10.09.08:814][796]LogModuleManager: Shutting down and abandoning module UMG (214)
[2018.10.10-10.09.08:814][796]LogModuleManager: Shutting down and abandoning module UMGEditor (213)
[2018.10.10-10.09.08:814][796]LogModuleManager: Shutting down and abandoning module Sequencer (212)
[2018.10.10-10.09.08:815][796]LogModuleManager: Shutting down and abandoning module MessageLog (209)
[2018.10.10-10.09.08:815][796]LogModuleManager: Shutting down and abandoning module SlateReflector (204)
[2018.10.10-10.09.08:815][796]LogModuleManager: Shutting down and abandoning module Slate (202)
[2018.10.10-10.09.08:815][796]LogModuleManager: Shutting down and abandoning module EditorStyle (200)
[2018.10.10-10.09.08:819][796]LogModuleManager: Shutting down and abandoning module MRMesh (198)
[2018.10.10-10.09.08:819][796]LogModuleManager: Shutting down and abandoning module SourceCodeAccess (196)
[2018.10.10-10.09.08:819][796]LogModuleManager: Shutting down and abandoning module HeadMountedDisplay (194)
[2018.10.10-10.09.08:819][796]LogModuleManager: Shutting down and abandoning module XAudio2 (192)
[2018.10.10-10.09.08:819][796]LogModuleManager: Shutting down and abandoning module Networking (190)
[2018.10.10-10.09.08:819][796]LogModuleManager: Shutting down and abandoning module Core (188)
[2018.10.10-10.09.08:819][796]LogModuleManager: Shutting down and abandoning module LevelSequence (186)
[2018.10.10-10.09.08:819][796]LogModuleManager: Shutting down and abandoning module KismetCompiler (184)
[2018.10.10-10.09.08:819][796]LogModuleManager: Shutting down and abandoning module MeshUtilities (182)
[2018.10.10-10.09.08:819][796]LogModuleManager: Shutting down and abandoning module MeshMergeUtilities (181)
[2018.10.10-10.09.08:819][796]LogModuleManager: Shutting down and abandoning module MeshReductionInterface (180)
[2018.10.10-10.09.08:819][796]LogModuleManager: Shutting down and abandoning module SimplygonSwarm (179)
[2018.10.10-10.09.08:819][796]LogModuleManager: Shutting down and abandoning module ProxyLODMeshReduction (177)
[2018.10.10-10.09.08:819][796]LogModuleManager: Shutting down and abandoning module SimplygonMeshReduction (175)
[2018.10.10-10.09.08:819][796]LogModuleManager: Shutting down and abandoning module QuadricMeshReduction (173)
[2018.10.10-10.09.08:819][796]LogModuleManager: Shutting down and abandoning module MaterialBaking (169)
[2018.10.10-10.09.08:820][796]LogModuleManager: Shutting down and abandoning module DirectoryWatcher (165)
[2018.10.10-10.09.08:820][796]LogModuleManager: Shutting down and abandoning module DerivedDataCache (162)
[2018.10.10-10.09.08:875][796]LogDerivedDataCache: Shutdown
[2018.10.10-10.09.08:875][796]LogModuleManager: Shutting down and abandoning module XGEController (160)
[2018.10.10-10.09.08:875][796]LogModuleManager: Shutting down and abandoning module TargetPlatform (158)
[2018.10.10-10.09.08:875][796]LogModuleManager: Shutting down and abandoning module VulkanShaderFormat (157)
[2018.10.10-10.09.08:875][796]LogModuleManager: Shutting down and abandoning module ShaderFormatVectorVM (155)
[2018.10.10-10.09.08:875][796]LogModuleManager: Shutting down and abandoning module ShaderFormatOpenGL (153)
[2018.10.10-10.09.08:875][796]LogModuleManager: Shutting down and abandoning module ShaderFormatD3D (151)
[2018.10.10-10.09.08:875][796]LogModuleManager: Shutting down and abandoning module MetalShaderFormat (149)
[2018.10.10-10.09.08:875][796]LogModuleManager: Shutting down and abandoning module TextureFormatUncompressed (147)
[2018.10.10-10.09.08:875][796]LogModuleManager: Shutting down and abandoning module TextureFormatPVR (145)
[2018.10.10-10.09.08:875][796]LogModuleManager: Shutting down and abandoning module TextureFormatDXT (143)
[2018.10.10-10.09.08:875][796]LogModuleManager: Shutting down and abandoning module TextureFormatIntelISPCTexComp (141)
[2018.10.10-10.09.08:875][796]LogModuleManager: Shutting down and abandoning module TextureFormatASTC (139)
[2018.10.10-10.09.08:876][796]LogModuleManager: Shutting down and abandoning module ImageWrapper (138)
[2018.10.10-10.09.08:876][796]LogModuleManager: Shutting down and abandoning module TextureFormatAndroid (135)
[2018.10.10-10.09.08:876][796]LogModuleManager: Shutting down and abandoning module AudioFormatOpus (133)
[2018.10.10-10.09.08:876][796]LogModuleManager: Shutting down and abandoning module AudioFormatOgg (131)
[2018.10.10-10.09.08:876][796]LogModuleManager: Shutting down and abandoning module AudioFormatADPCM (129)
[2018.10.10-10.09.08:876][796]LogModuleManager: Shutting down and abandoning module LuminTargetPlatform (127)
[2018.10.10-10.09.08:876][796]LogModuleManager: Shutting down and abandoning module LinuxTargetPlatform (125)
[2018.10.10-10.09.08:876][796]LogModuleManager: Shutting down and abandoning module LinuxServerTargetPlatform (123)
[2018.10.10-10.09.08:876][796]LogModuleManager: Shutting down and abandoning module LinuxNoEditorTargetPlatform (121)
[2018.10.10-10.09.08:876][796]LogModuleManager: Shutting down and abandoning module LinuxClientTargetPlatform (119)
[2018.10.10-10.09.08:876][796]LogModuleManager: Shutting down and abandoning module TVOSTargetPlatform (117)
[2018.10.10-10.09.08:878][796]LogModuleManager: Shutting down and abandoning module Messaging (115)
[2018.10.10-10.09.08:878][796]LogModuleManager: Shutting down and abandoning module IOSTargetPlatform (113)
[2018.10.10-10.09.08:879][796]LogModuleManager: Shutting down and abandoning module HTML5TargetPlatform (111)
[2018.10.10-10.09.08:879][796]LogModuleManager: Shutting down and abandoning module AndroidTargetPlatform (109)
[2018.10.10-10.09.08:893][796]LogModuleManager: Shutting down and abandoning module WindowsTargetPlatform (107)
[2018.10.10-10.09.08:893][796]LogModuleManager: Shutting down and abandoning module WindowsServerTargetPlatform (105)
[2018.10.10-10.09.08:893][796]LogModuleManager: Shutting down and abandoning module WindowsNoEditorTargetPlatform (103)
[2018.10.10-10.09.08:893][796]LogModuleManager: Shutting down and abandoning module WindowsClientTargetPlatform (101)
[2018.10.10-10.09.08:893][796]LogModuleManager: Shutting down and abandoning module MacTargetPlatform (99)
[2018.10.10-10.09.08:893][796]LogModuleManager: Shutting down and abandoning module MacServerTargetPlatform (97)
[2018.10.10-10.09.08:893][796]LogModuleManager: Shutting down and abandoning module MacNoEditorTargetPlatform (95)
[2018.10.10-10.09.08:893][796]LogModuleManager: Shutting down and abandoning module MacClientTargetPlatform (93)
[2018.10.10-10.09.08:893][796]LogModuleManager: Shutting down and abandoning module AllDesktopTargetPlatform (91)
[2018.10.10-10.09.08:893][796]LogModuleManager: Shutting down and abandoning module InputCore (88)
[2018.10.10-10.09.08:893][796]LogModuleManager: Shutting down and abandoning module Settings (86)
[2018.10.10-10.09.08:893][796]LogModuleManager: Shutting down and abandoning module PhysXCooking (84)
[2018.10.10-10.09.08:893][796]LogModuleManager: Shutting down and abandoning module SteamVR (82)
[2018.10.10-10.09.08:893][796]LogModuleManager: Shutting down and abandoning module OculusHMD (80)
[2018.10.10-10.09.08:893][796]LogModuleManager: Shutting down and abandoning module ExampleDeviceProfileSelector (78)
[2018.10.10-10.09.08:893][796]LogModuleManager: Shutting down and abandoning module LauncherChunkInstaller (76)
[2018.10.10-10.09.08:893][796]LogModuleManager: Shutting down and abandoning module OnlineBlueprintSupport (74)
[2018.10.10-10.09.08:893][796]LogModuleManager: Shutting down and abandoning module OnlineSubsystem (70)
[2018.10.10-10.09.08:895][796]LogModuleManager: Shutting down and abandoning module XMPP (65)
[2018.10.10-10.09.08:895][796]LogModuleManager: Shutting down and abandoning module WebSockets (64)
[2018.10.10-10.09.08:922][796]LogModuleManager: Shutting down and abandoning module HTTP (61)
[2018.10.10-10.09.08:922][796]LogHttp: Display: Http module shutting down, but needs to wait on 1 outstanding Http requests:
[2018.10.10-10.09.08:922][796]LogHttp: Display: 	verb=[POST] url=[https://datarouter.ol.epicgames.com/datarouter/api/v1/public/data?SessionID=%7B1BB6A55E-4A14-6A1E-A328-0AB048113FAA%7D&AppID=UEEditor.Rocket.Release&AppVersion=4.20.2-4302132%2B%2B%2BUE4%2BRelease-4.20&UserID=9c945a7f4e006bf299c284b6448c78c7%7Ce8aeb9fbef35480185dcdd6ac37f16be%7C2f190568-de01-489b-9f03-e65b80b74858&AppEnvironment=datacollector-binary&UploadType=eteventstream] status=Processing
[2018.10.10-10.09.08:954][796]LogModuleManager: Shutting down and abandoning module SSL (60)
[2018.10.10-10.09.08:956][796]LogModuleManager: Shutting down and abandoning module MagicLeapEmulator (56)
[2018.10.10-10.09.08:956][796]LogModuleManager: Shutting down and abandoning module MagicLeapPrivileges (54)
[2018.10.10-10.09.08:956][796]LogModuleManager: Shutting down and abandoning module MagicLeapIdentity (52)
[2018.10.10-10.09.08:956][796]LogModuleManager: Shutting down and abandoning module MagicLeapHelperVulkan (50)
[2018.10.10-10.09.08:956][796]LogModuleManager: Shutting down and abandoning module MagicLeapHelperOpenGL (48)
[2018.10.10-10.09.08:956][796]LogModuleManager: Shutting down and abandoning module MagicLeapSecureStorage (46)
[2018.10.10-10.09.08:956][796]LogModuleManager: Shutting down and abandoning module MagicLeapGestures (44)
[2018.10.10-10.09.08:956][796]LogModuleManager: Shutting down and abandoning module MagicLeapEyeTracker (42)
[2018.10.10-10.09.08:956][796]LogModuleManager: Shutting down and abandoning module MagicLeapController (40)
[2018.10.10-10.09.08:957][796]LogSlate: Slate User Destroyed.  User Index 0, Is Virtual User: 0
[2018.10.10-10.09.08:957][796]LogModuleManager: Shutting down and abandoning module MagicLeap (38)
[2018.10.10-10.09.08:957][796]LogModuleManager: Shutting down and abandoning module AnimationModifiers (36)
[2018.10.10-10.09.08:957][796]LogModuleManager: Shutting down and abandoning module PropertyEditor (35)
[2018.10.10-10.09.08:957][796]LogModuleManager: Shutting down and abandoning module AudioEditor (32)
[2018.10.10-10.09.08:957][796]LogModuleManager: Shutting down and abandoning module TextureCompressor (30)
[2018.10.10-10.09.08:957][796]LogModuleManager: Shutting down and abandoning module ShaderCore (28)
[2018.10.10-10.09.08:957][796]LogModuleManager: Shutting down and abandoning module Landscape (26)
[2018.10.10-10.09.08:958][796]LogModuleManager: Shutting down and abandoning module SlateRHIRenderer (24)
[2018.10.10-10.09.08:958][796]LogModuleManager: Shutting down and abandoning module OpenGLDrv (22)
[2018.10.10-10.09.08:958][796]LogModuleManager: Shutting down and abandoning module D3D11RHI (20)
[2018.10.10-10.09.08:958][796]LogModuleManager: Shutting down and abandoning module AnimGraphRuntime (18)
[2018.10.10-10.09.08:958][796]LogModuleManager: Shutting down and abandoning module Renderer (16)
[2018.10.10-10.09.08:958][796]LogModuleManager: Shutting down and abandoning module Engine (14)
[2018.10.10-10.09.08:958][796]LogModuleManager: Shutting down and abandoning module CoreUObject (12)
[2018.10.10-10.09.08:959][796]LogModuleManager: Shutting down and abandoning module NetworkFile (10)
[2018.10.10-10.09.08:959][796]LogModuleManager: Shutting down and abandoning module CookedIterativeFile (8)
[2018.10.10-10.09.08:959][796]LogModuleManager: Shutting down and abandoning module StreamingFile (6)
[2018.10.10-10.09.08:959][796]LogModuleManager: Shutting down and abandoning module SandboxFile (4)
[2018.10.10-10.09.08:959][796]LogModuleManager: Shutting down and abandoning module PakFile (2)
[2018.10.10-10.09.08:980][796]LogExit: Exiting.
[2018.10.10-10.09.08:984][796]Log file closed, 10/10/18 18:09:08
