Log file open, 10/31/18 14:53:39
LogWindows: Failed to load 'aqProf.dll' (GetLastError=126)
LogWindows: File 'aqProf.dll' does not exist
LogWindows: Failed to load 'VSPerf140.dll' (GetLastError=126)
LogWindows: File 'VSPerf140.dll' does not exist
LogWindows: Failed to load 'VtuneApi.dll' (GetLastError=126)
LogWindows: File 'VtuneApi.dll' does not exist
LogWindows: Failed to load 'VtuneApi32e.dll' (GetLastError=126)
LogWindows: File 'VtuneApi32e.dll' does not exist
LogInit: Display: Running engine for game: FYP_Prototype
LogPlatformFile: Not using cached read wrapper
LogTaskGraph: Started task graph with 5 named threads and 35 total threads with 3 sets of task threads.
LogStats: Stats thread started at 0.441130
LogD3D11RHI: Loaded GFSDK_Aftermath_Lib.x64.dll
LogICUInternationalization: Display: ICU TimeZone Detection - Raw Offset: +8:00, Platform Override: ''
LogPluginManager: Mounting plugin Paper2D
LogPluginManager: Mounting plugin AISupport
LogPluginManager: Mounting plugin LightPropagationVolume
LogPluginManager: Mounting plugin CLionSourceCodeAccess
LogPluginManager: Mounting plugin CodeLiteSourceCodeAccess
LogPluginManager: Mounting plugin GitSourceControl
LogPluginManager: Mounting plugin KDevelopSourceCodeAccess
LogPluginManager: Mounting plugin NullSourceCodeAccess
LogPluginManager: Mounting plugin PerforceSourceControl
LogPluginManager: Mounting plugin SubversionSourceControl
LogPluginManager: Mounting plugin UObjectPlugin
LogPluginManager: Mounting plugin VisualStudioCodeSourceCodeAccess
LogPluginManager: Mounting plugin VisualStudioSourceCodeAccess
LogPluginManager: Mounting plugin XCodeSourceCodeAccess
LogPluginManager: Mounting plugin AssetManagerEditor
LogPluginManager: Mounting plugin CryptoKeys
LogPluginManager: Mounting plugin DataValidation
LogPluginManager: Mounting plugin FacialAnimation
LogPluginManager: Mounting plugin GameplayTagsEditor
LogPluginManager: Mounting plugin MacGraphicsSwitching
LogPluginManager: Mounting plugin MeshEditor
LogPluginManager: Mounting plugin MobileLauncherProfileWizard
LogPluginManager: Mounting plugin PluginBrowser
LogPluginManager: Mounting plugin SpeedTreeImporter
LogPluginManager: Mounting plugin DatasmithContent
LogPluginManager: Mounting plugin AlembicImporter
LogPluginManager: Mounting plugin AppleImageUtils
LogPluginManager: Mounting plugin AppleVision
LogPluginManager: Mounting plugin BackChannel
LogPluginManager: Mounting plugin CharacterAI
LogPluginManager: Mounting plugin GeometryCache
LogPluginManager: Mounting plugin HTML5Networking
LogPluginManager: Mounting plugin ProxyLODPlugin
LogPluginManager: Mounting plugin MagicLeap
LogPluginManager: Mounting plugin MagicLeapEmulator
LogPluginManager: Mounting plugin MagicLeapMedia
LogPluginManager: Mounting plugin DonAINavigation
LogPluginManager: Mounting plugin AndroidMedia
LogPluginManager: Mounting plugin AvfMedia
LogPluginManager: Mounting plugin ImgMedia
LogPluginManager: Mounting plugin LinearTimecode
LogPluginManager: Mounting plugin MediaCompositing
LogPluginManager: Mounting plugin MediaPlayerEditor
LogPluginManager: Mounting plugin WmfMedia
LogPluginManager: Mounting plugin TcpMessaging
LogPluginManager: Mounting plugin UdpMessaging
LogPluginManager: Mounting plugin ActorSequence
LogPluginManager: Mounting plugin LevelSequenceEditor
LogPluginManager: Mounting plugin MatineeToLevelSequence
LogPluginManager: Mounting plugin NetcodeUnitTest
LogPluginManager: Mounting plugin NUTUnrealEngine4
LogPluginManager: Mounting plugin OnlineSubsystemGooglePlay
LogPluginManager: Mounting plugin OnlineSubsystemIOS
LogPluginManager: Mounting plugin OnlineSubsystem
LogPluginManager: Mounting plugin OnlineSubsystemNull
LogPluginManager: Mounting plugin OnlineSubsystemUtils
LogPluginManager: Mounting plugin LauncherChunkInstaller
LogPluginManager: Mounting plugin AndroidDeviceProfileSelector
LogPluginManager: Mounting plugin AndroidMoviePlayer
LogPluginManager: Mounting plugin AndroidPermission
LogPluginManager: Mounting plugin ApexDestruction
LogPluginManager: Mounting plugin AppleMoviePlayer
LogPluginManager: Mounting plugin ArchVisCharacter
LogPluginManager: Mounting plugin AudioCapture
LogPluginManager: Mounting plugin CableComponent
LogPluginManager: Mounting plugin CustomMeshComponent
LogPluginManager: Mounting plugin EditableMesh
LogPluginManager: Mounting plugin ExampleDeviceProfileSelector
LogPluginManager: Mounting plugin GoogleCloudMessaging
LogPluginManager: Mounting plugin ImmediatePhysics
LogPluginManager: Mounting plugin IOSDeviceProfileSelector
LogPluginManager: Mounting plugin LinuxDeviceProfileSelector
LogPluginManager: Mounting plugin LocationServicesBPLibrary
LogPluginManager: Mounting plugin MobilePatchingUtils
LogPluginManager: Mounting plugin OculusVR
LogPluginManager: Plugin shader directory ../../../Engine/Plugins/Runtime/Oculus/OculusVR/Shaders found
LogPluginManager: Mapping shader source directory ../../../Engine/Plugins/Runtime/Oculus/OculusVR/Shaders to virtual directory /Plugin/OculusVR
LogPluginManager: Mounting plugin PhysXVehicles
LogPluginManager: Mounting plugin ProceduralMeshComponent
LogPluginManager: Mounting plugin RuntimePhysXCooking
LogPluginManager: Mounting plugin SteamVR
LogPluginManager: Mounting plugin WindowsMoviePlayer
LogPluginManager: Mounting plugin Destructible_Mesh
LogPluginManager: Mounting plugin FlyAI
LogStreaming: Display: Took  0.213s to configure plugins.
LogInit: Using libcurl 7.55.1-DEV
LogInit:  - built for x86_64-pc-win32
LogInit:  - supports SSL with OpenSSL/1.0.2h
LogInit:  - supports HTTP deflate (compression) using libz 1.2.8
LogInit:  - other features:
LogInit:      CURL_VERSION_SSL
LogInit:      CURL_VERSION_LIBZ
LogInit:      CURL_VERSION_IPV6
LogInit:      CURL_VERSION_ASYNCHDNS
LogInit:      CURL_VERSION_LARGEFILE
LogInit:      CURL_VERSION_IDN
LogInit:  CurlRequestOptions (configurable via config and command line):
LogInit:  - bVerifyPeer = false  - Libcurl will NOT verify peer certificate
LogInit:  - bUseHttpProxy = false  - Libcurl will NOT use HTTP proxy
LogInit:  - bDontReuseConnections = false  - Libcurl will reuse connections
LogInit:  - CertBundlePath = nullptr  - Libcurl will use whatever was configured at build time.
LogInit:  - MaxHostConnections = 16  - Libcurl will limit the number of connections to a host
LogInit:  - LocalHostAddr = Default
LogInit:  - BufferSize = 65536
LogInit: WinSock: version 1.1 (2.2), MaxSocks=32767, MaxUdp=65467
LogInit: Build: ++UE4+Release-4.20-CL-4302132
LogInit: Engine Version: 4.20.2-4302132+++UE4+Release-4.20
LogInit: Compatible Engine Version: 4.20.0-4212847+++UE4+Release-4.20
LogInit: Net CL: 4212847
LogInit: OS: Windows 10 (), CPU: Intel(R) Xeon(R) CPU E5-1650 v3 @ 3.50GHz, GPU: NVIDIA Quadro K2200
LogInit: Compiled (64-bit): Aug 21 2018 02:06:06
LogInit: Compiled with Visual C++: 19.13.26129.00
LogInit: Build Configuration: Development
LogInit: Branch Name: ++UE4+Release-4.20
LogInit: Command Line: 
LogInit: Base Directory: C:/Program Files/Epic Games/UE_4.20/Engine/Binaries/Win64/
LogInit: Installed Engine Build: 1
LogDevObjectVersion: Number of dev versions registered: 20
LogDevObjectVersion:   Dev-Blueprints (B0D832E4-1F89-4F0D-ACCF-7EB736FD4AA2): 10
LogDevObjectVersion:   Dev-Build (E1C64328-A22C-4D53-A36C-8E866417BD8C): 0
LogDevObjectVersion:   Dev-Core (375EC13C-06E4-48FB-B500-84F0262A717E): 2
LogDevObjectVersion:   Dev-Editor (E4B068ED-F494-42E9-A231-DA0B2E46BB41): 24
LogDevObjectVersion:   Dev-Framework (CFFC743F-43B0-4480-9391-14DF171D2073): 34
LogDevObjectVersion:   Dev-Mobile (B02B49B5-BB20-44E9-A304-32B752E40360): 2
LogDevObjectVersion:   Dev-Networking (A4E4105C-59A1-49B5-A7C5-40C4547EDFEE): 0
LogDevObjectVersion:   Dev-Online (39C831C9-5AE6-47DC-9A44-9C173E1C8E7C): 0
LogDevObjectVersion:   Dev-Physics (78F01B33-EBEA-4F98-B9B4-84EACCB95AA2): 0
LogDevObjectVersion:   Dev-Platform (6631380F-2D4D-43E0-8009-CF276956A95A): 0
LogDevObjectVersion:   Dev-Rendering (12F88B9F-8875-4AFC-A67C-D90C383ABD29): 26
LogDevObjectVersion:   Dev-Sequencer (7B5AE74C-D270-4C10-A958-57980B212A5A): 9
LogDevObjectVersion:   Dev-VR (D7296918-1DD6-4BDD-9DE2-64A83CC13884): 2
LogDevObjectVersion:   Dev-LoadTimes (C2A15278-BFE7-4AFE-6C17-90FF531DF755): 1
LogDevObjectVersion:   Private-Geometry (6EACA3D4-40EC-4CC1-B786-8BED09428FC5): 3
LogDevObjectVersion:   Dev-AnimPhys (29E575DD-E0A3-4627-9D10-D276232CDCEA): 17
LogDevObjectVersion:   Dev-ReflectionCapture (6B266CEC-1EC7-4B8F-A30B-E4D90942FC07): 1
LogDevObjectVersion:   Dev-Automation (0DF73D61-A23F-47EA-B727-89E90C41499A): 1
LogDevObjectVersion:   FortniteMain (601D1886-AC64-4F84-AA16-D3DE0DEAC7D6): 12
LogDevObjectVersion:   Dev-Enterprise (9DFFBCD6-494F-0158-E221-12823C92A888): 1
LogStreaming: Display: Took  0.004s to delete old logs.
LogInit: Presizing for max 8388607 objects, including 0 objects not considered by GC, pre-allocating 0 bytes for permanent pool.
LogInit: Object subsystem initialized
[2018.10.31-06.53.39:701][  0]LogInit: Selected Device Profile: [Windows]
[2018.10.31-06.53.39:701][  0]LogInit: Applying CVar settings loaded from the selected device profile: [Windows]
[2018.10.31-06.53.39:728][  0]LogHAL: Display: Platform has ~ 32 GB [34280431616 / 34359738368 / 32], which maps to Largest [LargestMinGB=32, LargerMinGB=12, DefaultMinGB=8, SmallerMinGB=6, SmallestMinGB=0)
[2018.10.31-06.53.39:728][  0]LogInit: Setting Device Profile CVar: [[r.Vulkan.UseRealUBs:1]]
[2018.10.31-06.53.39:728][  0]LogInit: Going up to parent DeviceProfile []
[2018.10.31-06.53.39:729][  0]LogInit: Computer: M623MGA02
[2018.10.31-06.53.39:729][  0]LogInit: User: gotos
[2018.10.31-06.53.39:729][  0]LogInit: CPU Page size=4096, Cores=6
[2018.10.31-06.53.39:729][  0]LogInit: High frequency timer resolution =3.410070 MHz
[2018.10.31-06.53.39:730][  0]LogMemory: Memory total: Physical=31.9GB (32GB approx)
[2018.10.31-06.53.39:730][  0]LogMemory: Platform Memory Stats for Windows
[2018.10.31-06.53.39:730][  0]LogMemory: Process Physical Memory: 102.41 MB used, 102.41 MB peak
[2018.10.31-06.53.39:730][  0]LogMemory: Process Virtual Memory: 86.16 MB used, 86.16 MB peak
[2018.10.31-06.53.39:730][  0]LogMemory: Physical Memory: 18753.18 MB used,  13939.19 MB free, 32692.37 MB total
[2018.10.31-06.53.39:730][  0]LogMemory: Virtual Memory: 4653.16 MB used,  13939.19 MB free, 134217728.00 MB total
[2018.10.31-06.53.39:797][  0]LogInit: Using OS detected language (en-US).
[2018.10.31-06.53.39:797][  0]LogInit: Using OS detected locale (en-SG).
[2018.10.31-06.53.39:798][  0]LogTextLocalizationManager: No specific localization for 'en-US' exists, so the 'en' localization will be used.
[2018.10.31-06.53.40:189][  0]LogStreaming: Display: Took  0.393s to InitEngineTextLocalization.
[2018.10.31-06.53.40:189][  0]LogInit: Setting process to per monitor DPI aware
[2018.10.31-06.53.40:227][  0]LogSlate: New Slate User Created.  User Index 0, Is Virtual User: 0
[2018.10.31-06.53.40:227][  0]LogSlate: Slate User Registered.  User Index 0, Is Virtual User: 0
[2018.10.31-06.53.40:484][  0]LogHMD: Failed to initialize OpenVR with code 110
[2018.10.31-06.53.40:484][  0]LogD3D11RHI: D3D11 adapters:
[2018.10.31-06.53.40:545][  0]LogD3D11RHI:    0. 'NVIDIA Quadro K2200' (Feature Level 11_0)
[2018.10.31-06.53.40:545][  0]LogD3D11RHI:       4053/0/16346 MB DedicatedVideo/DedicatedSystem/SharedSystem, Outputs:1, VendorId:0x10de
[2018.10.31-06.53.40:547][  0]LogD3D11RHI:    1. 'Microsoft Basic Render Driver' (Feature Level 11_0)
[2018.10.31-06.53.40:547][  0]LogD3D11RHI:       0/0/16346 MB DedicatedVideo/DedicatedSystem/SharedSystem, Outputs:0, VendorId:0x1414
[2018.10.31-06.53.40:547][  0]LogD3D11RHI: Chosen D3D11 Adapter: 0
[2018.10.31-06.53.40:667][  0]LogD3D11RHI: Creating new Direct3DDevice
[2018.10.31-06.53.40:667][  0]LogD3D11RHI:     GPU DeviceId: 0x13ba (for the marketing name, search the web for "GPU Device Id")
[2018.10.31-06.53.40:667][  0]LogWindows: EnumDisplayDevices:
[2018.10.31-06.53.40:667][  0]LogWindows:    0. 'NVIDIA Quadro K2200' (P:1 D:1)
[2018.10.31-06.53.40:668][  0]LogWindows:    1. 'NVIDIA Quadro K2200' (P:0 D:0)
[2018.10.31-06.53.40:668][  0]LogWindows:    2. 'NVIDIA Quadro K2200' (P:0 D:0)
[2018.10.31-06.53.40:669][  0]LogWindows:    3. 'NVIDIA Quadro K2200' (P:0 D:0)
[2018.10.31-06.53.40:669][  0]LogWindows: DebugString: FoundDriverCount:4 
[2018.10.31-06.53.40:669][  0]LogD3D11RHI:     Adapter Name: NVIDIA Quadro K2200
[2018.10.31-06.53.40:669][  0]LogD3D11RHI:   Driver Version: 391.25 (internal:23.21.13.9125, unified:391.25)
[2018.10.31-06.53.40:669][  0]LogD3D11RHI:      Driver Date: 3-16-2018
[2018.10.31-06.53.40:669][  0]LogRHI: Texture pool is 2837 MB (70% of 4053 MB)
[2018.10.31-06.53.40:733][  0]LogD3D11RHI: Async texture creation enabled
[2018.10.31-06.53.40:751][  0]LogD3D11RHI: GPU Timing Frequency: 1000.000000 (Debug: 2 2)
[2018.10.31-06.53.40:795][  0]LogShaderCompilers: Guid format shader working directory is -8 characters bigger than the processId version (../../../../../../Users/GOTOS/Desktop/FYP_Prototype/Intermediate/Shaders/WorkingDirectory/1748052/).
[2018.10.31-06.53.40:796][  0]LogShaderCompilers: Cleaned the shader compiler working directory 'C:/Users/GOTOS/AppData/Local/Temp/UnrealShaderWorkingDir/2CA16D5E4DE804F31E5EE294CD774DF7/'.
[2018.10.31-06.53.41:421][  0]LogTemp: Display: Loaded TP AllDesktopTargetPlatform
[2018.10.31-06.53.41:436][  0]LogTemp: Display: Loaded TP MacClientTargetPlatform
[2018.10.31-06.53.41:452][  0]LogTemp: Display: Loaded TP MacNoEditorTargetPlatform
[2018.10.31-06.53.41:471][  0]LogTemp: Display: Loaded TP MacServerTargetPlatform
[2018.10.31-06.53.41:487][  0]LogTemp: Display: Loaded TP MacTargetPlatform
[2018.10.31-06.53.41:503][  0]LogTemp: Display: Loaded TP WindowsClientTargetPlatform
[2018.10.31-06.53.41:518][  0]LogTemp: Display: Loaded TP WindowsNoEditorTargetPlatform
[2018.10.31-06.53.41:532][  0]LogTemp: Display: Loaded TP WindowsServerTargetPlatform
[2018.10.31-06.53.41:541][  0]LogTemp: Display: Loaded TP WindowsTargetPlatform
[2018.10.31-06.53.41:630][  0]LogTemp: Display: Loaded TP AndroidTargetPlatform
[2018.10.31-06.53.41:630][  0]LogTemp: Display: Loaded TP AndroidTargetPlatform
[2018.10.31-06.53.41:630][  0]LogTemp: Display: Loaded TP AndroidTargetPlatform
[2018.10.31-06.53.41:630][  0]LogTemp: Display: Loaded TP AndroidTargetPlatform
[2018.10.31-06.53.41:630][  0]LogTemp: Display: Loaded TP AndroidTargetPlatform
[2018.10.31-06.53.41:630][  0]LogTemp: Display: Loaded TP AndroidTargetPlatform
[2018.10.31-06.53.41:630][  0]LogTemp: Display: Loaded TP AndroidTargetPlatform
[2018.10.31-06.53.41:630][  0]LogTemp: Display: Loaded TP AndroidTargetPlatform
[2018.10.31-06.53.41:630][  0]LogTemp: Display: Loaded TP AndroidTargetPlatform
[2018.10.31-06.53.41:630][  0]LogTemp: Display: Loaded TP AndroidTargetPlatform
[2018.10.31-06.53.41:630][  0]LogTemp: Display: Loaded TP AndroidTargetPlatform
[2018.10.31-06.53.41:630][  0]LogTemp: Display: Loaded TP AndroidTargetPlatform
[2018.10.31-06.53.41:630][  0]LogTemp: Display: Loaded TP AndroidTargetPlatform
[2018.10.31-06.53.41:630][  0]LogTemp: Display: Loaded TP AndroidTargetPlatform
[2018.10.31-06.53.41:630][  0]LogTemp: Display: Loaded TP AndroidTargetPlatform
[2018.10.31-06.53.41:630][  0]LogTemp: Display: Loaded TP AndroidTargetPlatform
[2018.10.31-06.53.41:630][  0]LogTemp: Display: Loaded TP AndroidTargetPlatform
[2018.10.31-06.53.41:630][  0]LogTemp: Display: Loaded TP AndroidTargetPlatform
[2018.10.31-06.53.41:633][  0]LogTemp: Display: Loaded TP HTML5TargetPlatform
[2018.10.31-06.53.41:715][  0]LogTemp: Display: Loaded TP IOSTargetPlatform
[2018.10.31-06.53.41:715][  0]LogTemp: Display: Loaded TP IOSTargetPlatform
[2018.10.31-06.53.41:740][  0]LogTemp: Display: Loaded TP TVOSTargetPlatform
[2018.10.31-06.53.41:740][  0]LogTemp: Display: Loaded TP TVOSTargetPlatform
[2018.10.31-06.53.41:753][  0]LogTemp: Display: Loaded TP LinuxClientTargetPlatform
[2018.10.31-06.53.41:767][  0]LogTemp: Display: Loaded TP LinuxNoEditorTargetPlatform
[2018.10.31-06.53.41:780][  0]LogTemp: Display: Loaded TP LinuxServerTargetPlatform
[2018.10.31-06.53.41:794][  0]LogTemp: Display: Loaded TP LinuxTargetPlatform
[2018.10.31-06.53.41:804][  0]LogTemp: Display: Loaded TP LuminTargetPlatform
[2018.10.31-06.53.41:804][  0]LogTargetPlatformManager: Display: Building Assets For Windows
[2018.10.31-06.53.41:899][  0]LogXGEController: Cannot use XGE Controller as Incredibuild is not installed on this machine.
[2018.10.31-06.53.41:899][  0]LogShaderCompilers: Cannot use XGE Shader Compiler as Incredibuild is not installed on this machine.
[2018.10.31-06.53.41:899][  0]LogShaderCompilers: Display: Using Local Shader Compiler.
[2018.10.31-06.53.42:829][  0]LogDerivedDataCache: Display: Max Cache Size: 512 MB
[2018.10.31-06.53.42:954][  0]LogDerivedDataCache: Loaded boot cache 0.12s 86MB C:/Users/GOTOS/AppData/Local/UnrealEngine/4.20/DerivedDataCache/Boot.ddc.
[2018.10.31-06.53.42:954][  0]LogDerivedDataCache: Display: Loaded Boot cache: C:/Users/GOTOS/AppData/Local/UnrealEngine/4.20/DerivedDataCache/Boot.ddc
[2018.10.31-06.53.42:954][  0]LogDerivedDataCache: FDerivedDataBackendGraph:  Pak pak cache file ../../../../../../Users/GOTOS/Desktop/FYP_Prototype/DerivedDataCache/DDC.ddp not found, will not use a pak cache.
[2018.10.31-06.53.42:954][  0]LogDerivedDataCache: Unable to find inner node Pak for hierarchical cache Hierarchy.
[2018.10.31-06.53.42:954][  0]LogDerivedDataCache: FDerivedDataBackendGraph:  CompressedPak pak cache file ../../../../../../Users/GOTOS/Desktop/FYP_Prototype/DerivedDataCache/Compressed.ddp not found, will not use a pak cache.
[2018.10.31-06.53.42:954][  0]LogDerivedDataCache: Unable to find inner node CompressedPak for hierarchical cache Hierarchy.
[2018.10.31-06.53.42:968][  0]LogDerivedDataCache: Display: Pak cache opened for reading ../../../Engine/DerivedDataCache/Compressed.ddp.
[2018.10.31-06.53.42:983][  0]LogDerivedDataCache: Using Local data cache path C:/Users/GOTOS/AppData/Local/UnrealEngine/Common/DerivedDataCache: Writable
[2018.10.31-06.53.42:983][  0]LogDerivedDataCache: Shared data cache path not found in *engine.ini, will not use an Shared cache.
[2018.10.31-06.53.42:983][  0]LogDerivedDataCache: Unable to find inner node Shared for hierarchical cache Hierarchy.
[2018.10.31-06.53.43:002][  0]LogMaterial: Verifying Global Shaders for PCD3D_SM5
[2018.10.31-06.53.43:004][  0]LogSlate: Using FreeType 2.6.0
[2018.10.31-06.53.43:005][  0]LogSlate: SlateFontServices - WITH_FREETYPE: 1, WITH_HARFBUZZ: 1
[2018.10.31-06.53.43:089][  0]LogAssetRegistry: FAssetRegistry took 0.0270 seconds to start up
[2018.10.31-06.53.43:479][  0]LogInit: Selected Device Profile: [Windows]
[2018.10.31-06.53.43:645][  0]LogSimplygon: Simplygon DLL not present - disabling.
[2018.10.31-06.53.43:652][  0]LogMeshReduction: Using SimplygonSwarm for distributed automatic mesh merging
[2018.10.31-06.53.43:652][  0]LogMeshReduction: Using ProxyLODMeshReduction for automatic mesh merging
[2018.10.31-06.53.43:652][  0]LogMeshReduction: Using QuadricMeshReduction for automatic static mesh reduction
[2018.10.31-06.53.43:652][  0]LogMeshReduction: No automatic skeletal mesh reduction module available
[2018.10.31-06.53.43:671][  0]LogNetVersion: FYP_Prototype 1.0.0, NetCL: 4212847, EngineNetVer: 5, GameNetVer: 0 (Checksum: 1129731653)
[2018.10.31-06.53.44:375][  0]LogPackageLocalizationCache: Processed 14 localized package path(s) for 2 prioritized culture(s) in 0.221188 seconds
[2018.10.31-06.53.44:386][  0]LogUObjectArray: 38425 objects as part of root set at end of initial load.
[2018.10.31-06.53.44:386][  0]LogUObjectAllocator: 6690872 out of 0 bytes used by permanent object pool.
[2018.10.31-06.53.44:386][  0]LogUObjectArray: CloseDisregardForGC: 0/0 objects in disregard for GC pool
[2018.10.31-06.53.45:458][  0]LogTcpMessaging: Initializing TcpMessaging bridge
[2018.10.31-06.53.45:472][  0]LogUdpMessaging: Initializing bridge on interface 0.0.0.0:0 to multicast group 230.0.0.1:6666.
[2018.10.31-06.53.45:670][  0]SourceControl: Source control is disabled
[2018.10.31-06.53.45:670][  0]SourceControl: Source control is disabled
[2018.10.31-06.53.45:674][  0]SourceControl: Source control is disabled
[2018.10.31-06.53.45:677][  0]SourceControl: Source control is disabled
[2018.10.31-06.53.45:898][  0]LogAndroidPermission: UAndroidPermissionCallbackProxy::GetInstance
[2018.10.31-06.53.45:985][  0]LogOcInput: OculusInput pre-init called
[2018.10.31-06.53.46:052][  0]LogEngine: Initializing Engine...
[2018.10.31-06.53.46:053][  0]LogHMD: Failed to initialize OpenVR with code 110
[2018.10.31-06.53.46:054][  0]LogStats: UGameplayTagsManager::ConstructGameplayTagTree: ImportINI prefixes -  0.000 s
[2018.10.31-06.53.46:054][  0]LogStats: UGameplayTagsManager::ConstructGameplayTagTree: Construct from data asset -  0.000 s
[2018.10.31-06.53.46:054][  0]LogStats: UGameplayTagsManager::ConstructGameplayTagTree: ImportINI -  0.000 s
[2018.10.31-06.53.46:054][  0]LogStats: UGameplayTagsManager::ConstructGameplayTagTree: GameplayTagTreeChangedEvent.Broadcast -  0.000 s
[2018.10.31-06.53.46:380][  0]LogInit: Initializing FReadOnlyCVARCache
[2018.10.31-06.53.46:416][  0]LogAIModule: Creating AISystem for world Untitled
[2018.10.31-06.53.46:434][  0]LogInit: XAudio2 using 'Speakers / Headphones (Realtek Audio)' : 2 channels at 48 kHz using 32 bits per sample (channel mask 0x3)
[2018.10.31-06.53.46:652][  0]LogInit: FAudioDevice initialized.
[2018.10.31-06.53.46:652][  0]LogNetVersion: Set ProjectVersion to 1.0.0.0. Version Checksum will be recalculated on next use.
[2018.10.31-06.53.46:796][  0]LogDerivedDataCache: Saved boot cache 0.14s 86MB C:/Users/GOTOS/AppData/Local/UnrealEngine/4.20/DerivedDataCache/Boot.ddc.
[2018.10.31-06.53.46:857][  0]LogInit: Texture streaming: Enabled
[2018.10.31-06.53.46:887][  0]LogEngineSessionManager: EngineSessionManager initialized
[2018.10.31-06.53.47:045][  0]LogInit: Transaction tracking system initialized
[2018.10.31-06.53.47:099][  0]BlueprintLog: New page: Editor Load
[2018.10.31-06.53.47:243][  0]LocalizationService: Localization service is disabled
[2018.10.31-06.53.47:559][  0]LogCook: Display: Max memory allowance for cook 16384mb min free memory 0mb
[2018.10.31-06.53.47:559][  0]LogCook: Display: Mobile HDR setting 1
[2018.10.31-06.53.47:559][  0]LogGameplayTags: Display: UGameplayTagsManager::DoneAddingNativeTags. DelegateIsBound: 0
[2018.10.31-06.53.47:559][  0]LogStats: UGameplayTagsManager::ConstructGameplayTagTree: ImportINI prefixes -  0.000 s
[2018.10.31-06.53.47:559][  0]LogStats: UGameplayTagsManager::ConstructGameplayTagTree: Construct from data asset -  0.000 s
[2018.10.31-06.53.47:559][  0]LogStats: UGameplayTagsManager::ConstructGameplayTagTree: ImportINI -  0.000 s
[2018.10.31-06.53.47:559][  0]LogStats: UGameplayTagsManager::ConstructGameplayTagTree: GameplayTagTreeChangedEvent.Broadcast -  0.000 s
[2018.10.31-06.53.47:718][  0]LogFileCache: Scanning file cache for directory 'C:/Users/GOTOS/Desktop/FYP_Prototype/Content/' took 0.04s
[2018.10.31-06.53.47:718][  0]SourceControl: Source control is disabled
[2018.10.31-06.53.47:719][  0]Cmd: MAP LOAD FILE="../../../../../../Users/GOTOS/Desktop/FYP_Prototype/Content/VirtualRealityBP/Maps/StartupMap.umap" TEMPLATE=0 SHOWPROGRESS=1 FEATURELEVEL=3
[2018.10.31-06.53.47:719][  0]LightingResults: New page: Lighting Build
[2018.10.31-06.53.47:723][  0]MapCheck: New page: Map Check
[2018.10.31-06.53.47:723][  0]LightingResults: New page: Lighting Build
[2018.10.31-06.53.47:873][  0]LogAIModule: Creating AISystem for world StartupMap
[2018.10.31-06.53.47:880][  0]LogEditorServer: Finished looking for orphan Actors (0.000 secs)
[2018.10.31-06.53.47:906][  0]Cmd: MAP CHECKDEP NOCLEARLOG
[2018.10.31-06.53.48:025][  0]MapCheck: Map check complete: 0 Error(s), 0 Warning(s), took 119.104ms to complete.
[2018.10.31-06.53.48:025][  0]LogFileHelpers: Loading map 'StartupMap' took 0.307
[2018.10.31-06.53.48:140][  0]LogSlate: Updating window title bar state: overlay mode, drag disabled, window buttons hidden, title bar hidden
[2018.10.31-06.53.48:151][  0]LogSlate: Updating window title bar state: overlay mode, drag disabled, window buttons hidden, title bar hidden
[2018.10.31-06.53.48:159][  0]LogSlate: Updating window title bar state: overlay mode, drag disabled, window buttons hidden, title bar hidden
[2018.10.31-06.53.48:167][  0]LogSlate: Updating window title bar state: overlay mode, drag disabled, window buttons hidden, title bar hidden
[2018.10.31-06.53.48:184][  0]LogCollectionManager: Loaded 0 collections in 0.005506 seconds
[2018.10.31-06.53.48:230][  0]LogFileCache: Scanning file cache for directory 'C:/Users/GOTOS/Desktop/FYP_Prototype/Saved/Collections/' took 0.01s
[2018.10.31-06.53.48:230][  0]LogFileCache: Scanning file cache for directory 'C:/Users/GOTOS/Desktop/FYP_Prototype/Content/Developers/gotos/Collections/' took 0.01s
[2018.10.31-06.53.48:230][  0]LogFileCache: Scanning file cache for directory 'C:/Users/GOTOS/Desktop/FYP_Prototype/Content/Collections/' took 0.01s
[2018.10.31-06.53.48:230][  0]LogCollectionManager: Rebuilt the GUID cache for 0 collections in 0.000000 seconds
[2018.10.31-06.53.48:239][  0]LogContentBrowser: Native class hierarchy populated in 0.0094 seconds. Added 2587 classes and 614 folders.
[2018.10.31-06.53.48:249][  0]LogContentBrowser: Native class hierarchy updated for 'WidgetCarousel' in 0.0003 seconds. Added 0 classes and 0 folders.
[2018.10.31-06.53.48:318][  0]LogContentBrowser: Native class hierarchy updated for 'AddContentDialog' in 0.0003 seconds. Added 0 classes and 0 folders.
[2018.10.31-06.53.48:326][  0]LogContentBrowser: Native class hierarchy updated for 'SceneOutliner' in 0.0003 seconds. Added 1 classes and 2 folders.
[2018.10.31-06.53.48:344][  0]LogSlate: Took 0.000277 seconds to synchronously load lazily loaded font '../../../Engine/Content/Slate/Fonts/Roboto-Regular.ttf' (155K)
[2018.10.31-06.53.48:347][  0]LogSlate: Took 0.000269 seconds to synchronously load lazily loaded font '../../../Engine/Content/Slate/Fonts/Roboto-Bold.ttf' (160K)
[2018.10.31-06.53.48:354][  0]LogSlate: Took 0.000300 seconds to synchronously load lazily loaded font '../../../Engine/Content/Editor/Slate/Fonts/FontAwesome.ttf' (139K)
[2018.10.31-06.53.48:463][  0]LogRenderer: Reallocating scene render targets to support 1180x628 Format 26 NumSamples 1 (Frame:1).
[2018.10.31-06.53.48:600][  0]LogContentBrowser: Native class hierarchy updated for 'HierarchicalLODOutliner' in 0.0003 seconds. Added 0 classes and 0 folders.
[2018.10.31-06.53.48:600][  0]LogLoad: (Engine Initialization) Total time: 11.80 seconds
[2018.10.31-06.53.48:601][  0]LogLoad: (Engine Initialization) Total Blueprint compile time: 0.00 seconds
[2018.10.31-06.53.48:611][  0]LogWindowsTextInputMethodSystem: Display: IME system now deactivated.
[2018.10.31-06.53.48:651][  0]LogContentStreaming: Texture pool size now 1000 MB
[2018.10.31-06.53.48:691][  0]LogSlate: Took 0.000236 seconds to synchronously load lazily loaded font '../../../Engine/Content/Slate/Fonts/Roboto-Light.ttf' (167K)
[2018.10.31-06.53.48:754][  2]LogAssetRegistry: Asset discovery search completed in 5.6874 seconds
[2018.10.31-06.53.48:755][  2]LogCollectionManager: Rebuilt the object cache for 0 collections in 0.000001 seconds (found 0 objects)
[2018.10.31-06.53.48:755][  2]LogCollectionManager: Fixed up redirectors for 0 collections in 0.000057 seconds (updated 0 objects)
[2018.10.31-06.53.49:644][ 97]LogSlate: Took 0.000253 seconds to synchronously load lazily loaded font '../../../Engine/Content/Slate/Fonts/Roboto-Light.ttf' (167K)
[2018.10.31-06.53.53:704][580]LogFileCache: Retrieving MD5 hashes for directory 'C:/Users/GOTOS/Desktop/FYP_Prototype/Content/' took 5.08s
[2018.10.31-07.00.51:698][232]LogSlate: FSceneViewport::OnFocusLost() reason 0
[2018.10.31-07.00.58:449][819]LogAIModule: Creating AISystem for world MotionControllerMap
[2018.10.31-07.00.58:503][819]LogAssetEditorManager: Opening Asset editor for World /Game/VirtualRealityBP/Maps/MotionControllerMap.MotionControllerMap
[2018.10.31-07.00.58:546][819]Cmd: MAP LOAD FILE="../../../../../../Users/GOTOS/Desktop/FYP_Prototype/Content/VirtualRealityBP/Maps/MotionControllerMap.umap" TEMPLATE=0 SHOWPROGRESS=1 FEATURELEVEL=3
[2018.10.31-07.00.58:546][819]LightingResults: New page: Lighting Build
[2018.10.31-07.00.58:546][819]LoadErrors: New page: Loading map: MotionControllerMap.umap
[2018.10.31-07.00.58:547][819]MapCheck: New page: Map Check
[2018.10.31-07.00.58:547][819]LightingResults: New page: Lighting Build
[2018.10.31-07.00.58:603][819]LogEditorServer: Finished looking for orphan Actors (0.000 secs)
[2018.10.31-07.00.58:695][819]Cmd: MAP CHECKDEP NOCLEARLOG
[2018.10.31-07.00.58:917][819]MapCheck: Map check complete: 0 Error(s), 0 Warning(s), took 222.419ms to complete.
[2018.10.31-07.00.58:919][819]LogFileHelpers: Loading map 'MotionControllerMap' took 0.374
[2018.10.31-07.01.12:900][465]LogSlate: FSceneViewport::OnFocusLost() reason 0
[2018.10.31-07.01.25:528][975]PIE: Warning: Constraint in '/Engine/Transient.World_0:PersistentLevel.Cacoon_BP_C_0.PhysicsConstraint' attempting to create a joint between objects that are both static.  No joint created.
[2018.10.31-07.01.26:058][ 36]LogAssetEditorManager: Opening Asset editor for Blueprint /Game/Enemy/Cacoon/Cacoon_BP.Cacoon_BP
[2018.10.31-07.01.26:537][ 36]LogClass: Warning: Enum '/Game/EpicContent/DemoRoom/BluePrint/BP_DemoDisplay_Enum.BP_DemoDisplay_Enum' was upgraded to use FText to store its display name data. Please re-save this asset to avoid issues with localization and determinstic cooking.
[2018.10.31-07.01.26:555][ 36]LogContentBrowser: Native class hierarchy updated for 'BlueprintGraph' in 0.0006 seconds. Added 116 classes and 0 folders.
[2018.10.31-07.01.27:482][ 36]LogSlate: Took 0.000254 seconds to synchronously load lazily loaded font '../../../Engine/Content/Slate/Fonts/Roboto-BoldCondensed.ttf' (158K)
[2018.10.31-07.01.27:595][ 37]LogSlate: Took 0.000284 seconds to synchronously load lazily loaded font '../../../Engine/Content/Slate/Fonts/Roboto-Italic.ttf' (157K)
[2018.10.31-07.02.34:052][683]BlueprintLog: New page: Compile Cacoon_BP
[2018.10.31-07.02.34:263][683]PIE: Warning: Constraint in '/Engine/Transient.World_0:PersistentLevel.Cacoon_BP_C_1.PhysicsConstraint' attempting to create a joint between objects that are both static.  No joint created.
[2018.10.31-07.10.57:383][909]LogSavePackage: Moving '../../../../../../Users/GOTOS/Desktop/FYP_Prototype/Saved/MotionControllerMap_Auto1AC76EF56434C11D6A21FE6BB3C2869E8.tmp' to '../../../../../../Users/GOTOS/Desktop/FYP_Prototype/Saved/Autosaves/Game/VirtualRealityBP/Maps/MotionControllerMap_Auto1.umap'
[2018.10.31-07.10.57:394][909]LogFileHelpers: Editor autosave (incl. sublevels) for '/Game/VirtualRealityBP/Maps/MotionControllerMap' took 0.833
[2018.10.31-07.10.57:394][909]LogFileHelpers: Editor autosave (incl. sublevels) for all levels took 0.833
[2018.10.31-07.10.57:397][909]OBJ SavePackage: Generating thumbnails for [1] asset(s) in package [/Game/Enemy/Cacoon/Cacoon_BP] ([1] browsable assets)...
[2018.10.31-07.10.57:414][909]OBJ SavePackage:     Rendered thumbnail for [Blueprint /Game/Enemy/Cacoon/Cacoon_BP.Cacoon_BP]
[2018.10.31-07.10.57:414][909]OBJ SavePackage: Finished generating thumbnails for package [/Game/Enemy/Cacoon/Cacoon_BP]
[2018.10.31-07.10.57:414][909]Cmd: OBJ SAVEPACKAGE PACKAGE="/Game/Enemy/Cacoon/Cacoon_BP" FILE="../../../../../../Users/GOTOS/Desktop/FYP_Prototype/Saved/Autosaves/Game/Enemy/Cacoon/Cacoon_BP_Auto1.uasset" SILENT=false AUTOSAVING=true
[2018.10.31-07.10.57:520][909]LogSavePackage: Moving '../../../../../../Users/GOTOS/Desktop/FYP_Prototype/Saved/Cacoon_BP_Auto1FBF880904733A871F821C5AEBDFAB9E2.tmp' to '../../../../../../Users/GOTOS/Desktop/FYP_Prototype/Saved/Autosaves/Game/Enemy/Cacoon/Cacoon_BP_Auto1.uasset'
[2018.10.31-07.10.57:523][909]LogFileHelpers: Auto-saving content packages took 0.127
[2018.10.31-07.30.51:199][778]BlueprintLog: New page: Compile Cacoon_BP
[2018.10.31-07.30.51:427][778]PIE: Warning: Constraint in '/Engine/Transient.World_0:PersistentLevel.Cacoon_BP_C_2.PhysicsConstraint' attempting to create a joint between objects that are both static.  No joint created.
[2018.10.31-07.30.57:217][186]LogSlate: Window 'Save Content' being destroyed
[2018.10.31-07.30.57:259][186]Cmd: OBJ SAVEPACKAGE PACKAGE="/Game/Enemy/Cacoon/Cacoon_BP" FILE="../../../../../../Users/GOTOS/Desktop/FYP_Prototype/Content/Enemy/Cacoon/Cacoon_BP.uasset" SILENT=true
[2018.10.31-07.30.57:390][186]LogSavePackage: Moving '../../../../../../Users/GOTOS/Desktop/FYP_Prototype/Saved/Cacoon_BP351E2A764BC3994315549595984851C4.tmp' to '../../../../../../Users/GOTOS/Desktop/FYP_Prototype/Content/Enemy/Cacoon/Cacoon_BP.uasset'
[2018.10.31-07.30.58:579][186]LogSavePackage: Moving '../../../../../../Users/GOTOS/Desktop/FYP_Prototype/Saved/MotionControllerMap78545CD04B24DC4F72C7FBACA27AD1A9.tmp' to '../../../../../../Users/GOTOS/Desktop/FYP_Prototype/Content/VirtualRealityBP/Maps/MotionControllerMap.umap'
[2018.10.31-07.30.58:663][186]LogFileHelpers: Saving map 'MotionControllerMap' took 1.252
[2018.10.31-07.30.59:086][186]LogSlate: Window 'FYP_Prototype - Unreal Editor' being destroyed
[2018.10.31-07.30.59:329][187]Cmd: QUIT_EDITOR
[2018.10.31-07.30.59:364][187]LogWindowsTextInputMethodSystem: Display: IME system now deactivated.
[2018.10.31-07.30.59:377][187]LogExit: Preparing to exit.
[2018.10.31-07.30.59:709][187]LogExit: Editor shut down
[2018.10.31-07.30.59:709][187]LogExit: Transaction tracking system shut down
[2018.10.31-07.31.00:314][187]LogExit: Object subsystem successfully closed.
[2018.10.31-07.31.00:336][187]LogShaderCompilers: Display: Shaders left to compile 0
[2018.10.31-07.31.00:340][187]LogD3D11RHI: Shutdown
[2018.10.31-07.31.00:340][187]LogD3D11RHI: CleanupD3DDevice
[2018.10.31-07.31.00:344][187]LogD3D11RHI: ~FD3D11DynamicRHI
[2018.10.31-07.31.00:388][187]LogModuleManager: Shutting down and abandoning module BlueprintGraph (618)
[2018.10.31-07.31.00:388][187]LogModuleManager: Shutting down and abandoning module HierarchicalLODOutliner (616)
[2018.10.31-07.31.00:388][187]LogModuleManager: Shutting down and abandoning module SceneOutliner (614)
[2018.10.31-07.31.00:389][187]LogModuleManager: Shutting down and abandoning module AddContentDialog (612)
[2018.10.31-07.31.00:389][187]LogModuleManager: Shutting down and abandoning module WidgetCarousel (611)
[2018.10.31-07.31.00:389][187]LogModuleManager: Shutting down and abandoning module EditorWidgets (608)
[2018.10.31-07.31.00:389][187]LogModuleManager: Shutting down and abandoning module CollectionManager (606)
[2018.10.31-07.31.00:389][187]LogModuleManager: Shutting down and abandoning module StatsViewer (604)
[2018.10.31-07.31.00:389][187]LogModuleManager: Shutting down and abandoning module FoliageEdit (602)
[2018.10.31-07.31.00:390][187]LogModuleManager: Shutting down and abandoning module LandscapeEditor (600)
[2018.10.31-07.31.00:390][187]LogModuleManager: Shutting down and abandoning module MeshPaintMode (598)
[2018.10.31-07.31.00:390][187]LogModuleManager: Shutting down and abandoning module SceneDepthPickerMode (596)
[2018.10.31-07.31.00:390][187]LogModuleManager: Shutting down and abandoning module ActorPickerMode (594)
[2018.10.31-07.31.00:390][187]LogModuleManager: Shutting down and abandoning module GeometryMode (592)
[2018.10.31-07.31.00:390][187]LogModuleManager: Shutting down and abandoning module TextureAlignMode (590)
[2018.10.31-07.31.00:390][187]LogModuleManager: Shutting down and abandoning module BspMode (588)
[2018.10.31-07.31.00:390][187]LogModuleManager: Shutting down and abandoning module PIEPreviewDeviceProfileSelector (586)
[2018.10.31-07.31.00:390][187]LogModuleManager: Shutting down and abandoning module SequenceRecorderSections (584)
[2018.10.31-07.31.00:390][187]LogModuleManager: Shutting down and abandoning module AutomationWorker (582)
[2018.10.31-07.31.00:390][187]LogModuleManager: Shutting down and abandoning module AudioCaptureEditor (580)
[2018.10.31-07.31.00:390][187]LogModuleManager: Shutting down and abandoning module SequenceRecorder (579)
[2018.10.31-07.31.00:390][187]LogModuleManager: Shutting down and abandoning module MatineeToLevelSequence (576)
[2018.10.31-07.31.00:390][187]LogModuleManager: Shutting down and abandoning module LevelSequenceEditor (574)
[2018.10.31-07.31.00:390][187]LogModuleManager: Shutting down and abandoning module PlacementMode (573)
[2018.10.31-07.31.00:390][187]LogModuleManager: Shutting down and abandoning module MaterialEditor (572)
[2018.10.31-07.31.00:390][187]LogModuleManager: Shutting down and abandoning module WmfMediaFactory (568)
[2018.10.31-07.31.00:390][187]LogModuleManager: Shutting down and abandoning module WmfMediaEditor (566)
[2018.10.31-07.31.00:390][187]LogModuleManager: Shutting down and abandoning module MediaPlayerEditor (564)
[2018.10.31-07.31.00:390][187]LogModuleManager: Shutting down and abandoning module OpenExrWrapper (562)
[2018.10.31-07.31.00:390][187]LogModuleManager: Shutting down and abandoning module ImgMediaFactory (560)
[2018.10.31-07.31.00:390][187]LogModuleManager: Shutting down and abandoning module ImgMediaEditor (558)
[2018.10.31-07.31.00:390][187]LogModuleManager: Shutting down and abandoning module AvfMediaFactory (556)
[2018.10.31-07.31.00:391][187]LogModuleManager: Shutting down and abandoning module AvfMediaEditor (554)
[2018.10.31-07.31.00:391][187]LogModuleManager: Shutting down and abandoning module AndroidMediaFactory (552)
[2018.10.31-07.31.00:391][187]LogModuleManager: Shutting down and abandoning module AndroidMediaEditor (550)
[2018.10.31-07.31.00:391][187]LogModuleManager: Shutting down and abandoning module MagicLeapCameraPreviewFactory (548)
[2018.10.31-07.31.00:391][187]LogModuleManager: Shutting down and abandoning module MagicLeapMediaFactory (546)
[2018.10.31-07.31.00:391][187]LogModuleManager: Shutting down and abandoning module MagicLeapMediaEditor (544)
[2018.10.31-07.31.00:391][187]LogModuleManager: Shutting down and abandoning module CharacterAI (542)
[2018.10.31-07.31.00:391][187]LogModuleManager: Shutting down and abandoning module SmartSnapping (540)
[2018.10.31-07.31.00:391][187]LogModuleManager: Shutting down and abandoning module SessionServices (538)
[2018.10.31-07.31.00:391][187]LogModuleManager: Shutting down and abandoning module ViewportSnapping (536)
[2018.10.31-07.31.00:391][187]LogModuleManager: Shutting down and abandoning module ViewportInteraction (534)
[2018.10.31-07.31.00:391][187]LogModuleManager: Shutting down and abandoning module ClothPainter (532)
[2018.10.31-07.31.00:391][187]LogModuleManager: Shutting down and abandoning module SkeletalMeshEditor (531)
[2018.10.31-07.31.00:391][187]LogModuleManager: Shutting down and abandoning module LogVisualizer (528)
[2018.10.31-07.31.00:391][187]LogModuleManager: Shutting down and abandoning module IntroTutorials (526)
[2018.10.31-07.31.00:391][187]LogModuleManager: Shutting down and abandoning module GameProjectGeneration (525)
[2018.10.31-07.31.00:391][187]LogModuleManager: Shutting down and abandoning module LuminPlatformEditor (522)
[2018.10.31-07.31.00:391][187]LogModuleManager: Shutting down and abandoning module IOSPlatformEditor (520)
[2018.10.31-07.31.00:391][187]LogModuleManager: Shutting down and abandoning module HTML5PlatformEditor (518)
[2018.10.31-07.31.00:391][187]LogModuleManager: Shutting down and abandoning module AndroidPlatformEditor (516)
[2018.10.31-07.31.00:391][187]LogModuleManager: Shutting down and abandoning module AndroidDeviceDetection (515)
[2018.10.31-07.31.00:442][187]LogModuleManager: Shutting down and abandoning module WindowsPlatformEditor (512)
[2018.10.31-07.31.00:442][187]LogModuleManager: Shutting down and abandoning module LuminRuntimeSettings (510)
[2018.10.31-07.31.00:442][187]LogModuleManager: Shutting down and abandoning module IOSRuntimeSettings (508)
[2018.10.31-07.31.00:442][187]LogModuleManager: Shutting down and abandoning module AndroidRuntimeSettings (506)
[2018.10.31-07.31.00:442][187]LogModuleManager: Shutting down and abandoning module InputBindingEditor (504)
[2018.10.31-07.31.00:442][187]LogModuleManager: Shutting down and abandoning module MergeActors (502)
[2018.10.31-07.31.00:443][187]LogModuleManager: Shutting down and abandoning module LocalizationDashboard (500)
[2018.10.31-07.31.00:443][187]LogModuleManager: Shutting down and abandoning module LocalizationService (499)
[2018.10.31-07.31.00:443][187]LogModuleManager: Shutting down and abandoning module HardwareTargeting (496)
[2018.10.31-07.31.00:443][187]LogModuleManager: Shutting down and abandoning module DeviceProfileEditor (494)
[2018.10.31-07.31.00:443][187]LogModuleManager: Shutting down and abandoning module UndoHistory (492)
[2018.10.31-07.31.00:443][187]LogModuleManager: Shutting down and abandoning module XmlParser (490)
[2018.10.31-07.31.00:443][187]LogModuleManager: Shutting down and abandoning module Blutility (488)
[2018.10.31-07.31.00:443][187]LogModuleManager: Shutting down and abandoning module ProjectSettingsViewer (486)
[2018.10.31-07.31.00:443][187]LogModuleManager: Shutting down and abandoning module ProjectTargetPlatformEditor (485)
[2018.10.31-07.31.00:443][187]LogModuleManager: Shutting down and abandoning module EditorSettingsViewer (482)
[2018.10.31-07.31.00:443][187]LogModuleManager: Shutting down and abandoning module SettingsEditor (480)
[2018.10.31-07.31.00:443][187]LogModuleManager: Shutting down and abandoning module ProjectLauncher (478)
[2018.10.31-07.31.00:443][187]LogModuleManager: Shutting down and abandoning module SessionFrontend (476)
[2018.10.31-07.31.00:443][187]LogModuleManager: Shutting down and abandoning module ProfilerClient (474)
[2018.10.31-07.31.00:443][187]LogModuleManager: Shutting down and abandoning module DeviceManager (472)
[2018.10.31-07.31.00:443][187]LogModuleManager: Shutting down and abandoning module TargetDeviceServices (471)
[2018.10.31-07.31.00:498][187]LogModuleManager: Shutting down and abandoning module AutomationController (468)
[2018.10.31-07.31.00:498][187]LogModuleManager: Shutting down and abandoning module AutomationWindow (466)
[2018.10.31-07.31.00:498][187]LogModuleManager: Shutting down and abandoning module Layers (464)
[2018.10.31-07.31.00:498][187]LogModuleManager: Shutting down and abandoning module ComponentVisualizers (462)
[2018.10.31-07.31.00:498][187]LogModuleManager: Shutting down and abandoning module DetailCustomizations (460)
[2018.10.31-07.31.00:498][187]LogModuleManager: Shutting down and abandoning module PackagesDialog (458)
[2018.10.31-07.31.00:498][187]LogModuleManager: Shutting down and abandoning module Persona (456)
[2018.10.31-07.31.00:498][187]LogModuleManager: Shutting down and abandoning module AdvancedPreviewScene (455)
[2018.10.31-07.31.00:498][187]LogModuleManager: Shutting down and abandoning module AnimGraph (453)
[2018.10.31-07.31.00:498][187]LogModuleManager: Shutting down and abandoning module Kismet (450)
[2018.10.31-07.31.00:503][187]LogModuleManager: Shutting down and abandoning module GraphEditor (448)
[2018.10.31-07.31.00:503][187]LogModuleManager: Shutting down and abandoning module ClassViewer (446)
[2018.10.31-07.31.00:503][187]LogModuleManager: Shutting down and abandoning module Toolbox (444)
[2018.10.31-07.31.00:503][187]LogModuleManager: Shutting down and abandoning module ModuleUI (442)
[2018.10.31-07.31.00:503][187]LogModuleManager: Shutting down and abandoning module MovieSceneTools (440)
[2018.10.31-07.31.00:503][187]LogModuleManager: Shutting down and abandoning module OutputLog (438)
[2018.10.31-07.31.00:503][187]LogModuleManager: Shutting down and abandoning module GammaUI (436)
[2018.10.31-07.31.00:503][187]LogModuleManager: Shutting down and abandoning module Documentation (434)
[2018.10.31-07.31.00:503][187]LogModuleManager: Shutting down and abandoning module MovieSceneTracks (432)
[2018.10.31-07.31.00:503][187]LogModuleManager: Shutting down and abandoning module MovieScene (430)
[2018.10.31-07.31.00:503][187]LogModuleManager: Shutting down and abandoning module StreamingPauseRendering (428)
[2018.10.31-07.31.00:503][187]LogModuleManager: Shutting down and abandoning module LauncherPlatform (426)
[2018.10.31-07.31.00:503][187]LogModuleManager: Shutting down and abandoning module AnalyticsET (424)
[2018.10.31-07.31.00:503][187]LogModuleManager: Shutting down and abandoning module PortalServices (422)
[2018.10.31-07.31.00:503][187]LogModuleManager: Shutting down and abandoning module PortalRpc (420)
[2018.10.31-07.31.00:503][187]LogModuleManager: Shutting down and abandoning module MessagingRpc (418)
[2018.10.31-07.31.00:503][187]LogModuleManager: Shutting down and abandoning module AIModule (416)
[2018.10.31-07.31.00:503][187]LogModuleManager: Shutting down and abandoning module GameplayDebugger (415)
[2018.10.31-07.31.00:503][187]LogModuleManager: Shutting down and abandoning module AITestSuite (413)
[2018.10.31-07.31.00:503][187]LogModuleManager: Shutting down and abandoning module NavigationSystem (411)
[2018.10.31-07.31.00:503][187]LogModuleManager: Shutting down and abandoning module DesktopPlatform (408)
[2018.10.31-07.31.00:503][187]LogModuleManager: Shutting down and abandoning module ProfilerService (406)
[2018.10.31-07.31.00:526][187]LogModuleManager: Shutting down and abandoning module TaskGraph (404)
[2018.10.31-07.31.00:526][187]LogModuleManager: Shutting down and abandoning module SteamVRController (402)
[2018.10.31-07.31.00:526][187]LogModuleManager: Shutting down and abandoning module ProceduralMeshComponentEditor (400)
[2018.10.31-07.31.00:526][187]LogModuleManager: Shutting down and abandoning module ProceduralMeshComponent (398)
[2018.10.31-07.31.00:527][187]LogModuleManager: Shutting down and abandoning module OculusInput (396)
[2018.10.31-07.31.00:527][187]LogModuleManager: Shutting down and abandoning module MobilePatchingUtils (394)
[2018.10.31-07.31.00:527][187]LogModuleManager: Shutting down and abandoning module EditableMesh (392)
[2018.10.31-07.31.00:527][187]LogModuleManager: Shutting down and abandoning module CustomMeshComponent (390)
[2018.10.31-07.31.00:527][187]LogModuleManager: Shutting down and abandoning module CableComponent (388)
[2018.10.31-07.31.00:527][187]LogModuleManager: Shutting down and abandoning module AudioCapture (386)
[2018.10.31-07.31.00:527][187]LogModuleManager: Shutting down and abandoning module ArchVisCharacter (384)
[2018.10.31-07.31.00:527][187]LogModuleManager: Shutting down and abandoning module AndroidPermission (382)
[2018.10.31-07.31.00:527][187]LogModuleManager: Shutting down and abandoning module NUTUnrealEngine4 (380)
[2018.10.31-07.31.00:527][187]LogModuleManager: Shutting down and abandoning module NetcodeUnitTest (378)
[2018.10.31-07.31.00:527][187]LogModuleManager: Shutting down and abandoning module MediaCompositingEditor (376)
[2018.10.31-07.31.00:527][187]LogModuleManager: Shutting down and abandoning module MediaCompositing (374)
[2018.10.31-07.31.00:527][187]LogModuleManager: Shutting down and abandoning module LinearTimecode (372)
[2018.10.31-07.31.00:527][187]LogModuleManager: Shutting down and abandoning module ImgMedia (370)
[2018.10.31-07.31.00:531][187]LogModuleManager: Shutting down and abandoning module HTML5Networking (368)
[2018.10.31-07.31.00:531][187]LogModuleManager: Shutting down and abandoning module GeometryCacheTracks (366)
[2018.10.31-07.31.00:531][187]LogModuleManager: Shutting down and abandoning module GeometryCacheSequencer (364)
[2018.10.31-07.31.00:531][187]LogModuleManager: Shutting down and abandoning module BackChannel (362)
[2018.10.31-07.31.00:531][187]LogModuleManager: Shutting down and abandoning module AppleVision (360)
[2018.10.31-07.31.00:531][187]LogModuleManager: Shutting down and abandoning module AppleImageUtils (358)
[2018.10.31-07.31.00:531][187]LogModuleManager: Shutting down and abandoning module AlembicImporter (356)
[2018.10.31-07.31.00:531][187]LogModuleManager: Shutting down and abandoning module AlembicLibrary (355)
[2018.10.31-07.31.00:531][187]LogModuleManager: Shutting down and abandoning module GeometryCache (354)
[2018.10.31-07.31.00:531][187]LogModuleManager: Shutting down and abandoning module GeometryCacheEd (353)
[2018.10.31-07.31.00:531][187]LogModuleManager: Shutting down and abandoning module DatasmithContentEditor (348)
[2018.10.31-07.31.00:531][187]LogModuleManager: Shutting down and abandoning module DatasmithContent (346)
[2018.10.31-07.31.00:532][187]LogModuleManager: Shutting down and abandoning module SpeedTreeImporter (344)
[2018.10.31-07.31.00:532][187]LogModuleManager: Shutting down and abandoning module PluginBrowser (342)
[2018.10.31-07.31.00:532][187]LogModuleManager: Shutting down and abandoning module MobileLauncherProfileWizard (340)
[2018.10.31-07.31.00:532][187]LogModuleManager: Shutting down and abandoning module PolygonModeling (338)
[2018.10.31-07.31.00:532][187]LogModuleManager: Shutting down and abandoning module MeshEditor (336)
[2018.10.31-07.31.00:532][187]LogModuleManager: Shutting down and abandoning module CryptoKeysOpenSSL (334)
[2018.10.31-07.31.00:532][187]LogModuleManager: Shutting down and abandoning module CryptoKeys (332)
[2018.10.31-07.31.00:532][187]LogModuleManager: Shutting down and abandoning module VisualStudioSourceCodeAccess (330)
[2018.10.31-07.31.00:532][187]LogModuleManager: Shutting down and abandoning module VisualStudioCodeSourceCodeAccess (328)
[2018.10.31-07.31.00:532][187]LogModuleManager: Shutting down and abandoning module UObjectPlugin (326)
[2018.10.31-07.31.00:532][187]LogModuleManager: Shutting down and abandoning module SubversionSourceControl (324)
[2018.10.31-07.31.00:532][187]LogModuleManager: Shutting down and abandoning module PerforceSourceControl (322)
[2018.10.31-07.31.00:532][187]LogModuleManager: Shutting down and abandoning module GitSourceControl (320)
[2018.10.31-07.31.00:532][187]LogModuleManager: Shutting down and abandoning module SourceControl (319)
[2018.10.31-07.31.00:532][187]LogModuleManager: Shutting down and abandoning module CLionSourceCodeAccess (316)
[2018.10.31-07.31.00:532][187]LogModuleManager: Shutting down and abandoning module LightPropagationVolumeEditor (314)
[2018.10.31-07.31.00:532][187]LogModuleManager: Shutting down and abandoning module PaperTiledImporter (312)
[2018.10.31-07.31.00:532][187]LogModuleManager: Shutting down and abandoning module PaperSpriteSheetImporter (310)
[2018.10.31-07.31.00:532][187]LogModuleManager: Shutting down and abandoning module Paper2DEditor (308)
[2018.10.31-07.31.00:532][187]LogModuleManager: Shutting down and abandoning module MeshPaint (307)
[2018.10.31-07.31.00:532][187]LogModuleManager: Shutting down and abandoning module RuntimePhysXCooking (304)
[2018.10.31-07.31.00:532][187]LogModuleManager: Shutting down and abandoning module PhysXVehiclesEditor (302)
[2018.10.31-07.31.00:532][187]LogModuleManager: Shutting down and abandoning module PhysXVehicles (300)
[2018.10.31-07.31.00:532][187]LogModuleManager: Shutting down and abandoning module OculusEditor (298)
[2018.10.31-07.31.00:532][187]LogModuleManager: Shutting down and abandoning module LocationServicesBPLibrary (296)
[2018.10.31-07.31.00:532][187]LogModuleManager: Shutting down and abandoning module ImmediatePhysicsEditor (294)
[2018.10.31-07.31.00:532][187]LogModuleManager: Shutting down and abandoning module ImmediatePhysics (292)
[2018.10.31-07.31.00:532][187]LogModuleManager: Shutting down and abandoning module ApexDestructionEditor (290)
[2018.10.31-07.31.00:532][187]LogModuleManager: Shutting down and abandoning module ApexDestruction (288)
[2018.10.31-07.31.00:532][187]LogModuleManager: Shutting down and abandoning module ActorSequence (286)
[2018.10.31-07.31.00:532][187]LogModuleManager: Shutting down and abandoning module UdpMessaging (284)
[2018.10.31-07.31.00:633][187]LogModuleManager: Shutting down and abandoning module TcpMessaging (282)
[2018.10.31-07.31.00:734][187]LogModuleManager: Shutting down and abandoning module DonAINavigation (280)
[2018.10.31-07.31.00:734][187]LogModuleManager: Shutting down and abandoning module MagicLeapAudio (278)
[2018.10.31-07.31.00:734][187]LogModuleManager: Shutting down and abandoning module GameplayTagsEditor (276)
[2018.10.31-07.31.00:734][187]LogModuleManager: Shutting down and abandoning module FacialAnimationEditor (274)
[2018.10.31-07.31.00:734][187]LogModuleManager: Shutting down and abandoning module FacialAnimation (272)
[2018.10.31-07.31.00:734][187]LogModuleManager: Shutting down and abandoning module DataValidation (270)
[2018.10.31-07.31.00:734][187]LogModuleManager: Shutting down and abandoning module AssetManagerEditor (268)
[2018.10.31-07.31.00:734][187]LogModuleManager: Shutting down and abandoning module LevelEditor (267)
[2018.10.31-07.31.00:735][187]LogModuleManager: Shutting down and abandoning module PixelInspectorModule (266)
[2018.10.31-07.31.00:735][187]LogModuleManager: Shutting down and abandoning module CommonMenuExtensions (264)
[2018.10.31-07.31.00:736][187]LogModuleManager: Shutting down and abandoning module MainFrame (262)
[2018.10.31-07.31.00:736][187]LogModuleManager: Shutting down and abandoning module HotReload (261)
[2018.10.31-07.31.00:737][187]LogModuleManager: Shutting down and abandoning module ContentBrowser (257)
[2018.10.31-07.31.00:739][187]LogModuleManager: Shutting down and abandoning module TreeMap (255)
[2018.10.31-07.31.00:739][187]LogModuleManager: Shutting down and abandoning module LightPropagationVolumeRuntime (252)
[2018.10.31-07.31.00:739][187]LogModuleManager: Shutting down and abandoning module AISupportModule (250)
[2018.10.31-07.31.00:739][187]LogModuleManager: Shutting down and abandoning module Paper2D (248)
[2018.10.31-07.31.00:739][187]LogModuleManager: Shutting down and abandoning module WindowsMoviePlayer (246)
[2018.10.31-07.31.00:739][187]LogModuleManager: Shutting down and abandoning module WmfMedia (244)
[2018.10.31-07.31.00:741][187]LogModuleManager: Shutting down and abandoning module Media (243)
[2018.10.31-07.31.00:747][187]LogModuleManager: Shutting down and abandoning module PacketHandler (240)
[2018.10.31-07.31.00:747][187]LogModuleManager: Shutting down and abandoning module ClothingSystemEditor (238)
[2018.10.31-07.31.00:747][187]LogModuleManager: Shutting down and abandoning module ClothingSystemRuntime (236)
[2018.10.31-07.31.00:747][187]LogModuleManager: Shutting down and abandoning module MediaAssets (234)
[2018.10.31-07.31.00:747][187]LogModuleManager: Shutting down and abandoning module Overlay (232)
[2018.10.31-07.31.00:747][187]LogModuleManager: Shutting down and abandoning module OverlayEditor (231)
[2018.10.31-07.31.00:747][187]LogModuleManager: Shutting down and abandoning module VREditor (228)
[2018.10.31-07.31.00:747][187]LogModuleManager: Shutting down and abandoning module StringTableEditor (226)
[2018.10.31-07.31.00:747][187]LogModuleManager: Shutting down and abandoning module GameplayTasksEditor (224)
[2018.10.31-07.31.00:747][187]LogModuleManager: Shutting down and abandoning module BehaviorTreeEditor (222)
[2018.10.31-07.31.00:747][187]LogModuleManager: Shutting down and abandoning module FunctionalTesting (220)
[2018.10.31-07.31.00:747][187]LogModuleManager: Shutting down and abandoning module CollisionAnalyzer (218)
[2018.10.31-07.31.00:748][187]LogModuleManager: Shutting down and abandoning module WorkspaceMenuStructure (217)
[2018.10.31-07.31.00:748][187]LogModuleManager: Shutting down and abandoning module UMG (214)
[2018.10.31-07.31.00:748][187]LogModuleManager: Shutting down and abandoning module UMGEditor (213)
[2018.10.31-07.31.00:748][187]LogModuleManager: Shutting down and abandoning module Sequencer (212)
[2018.10.31-07.31.00:748][187]LogModuleManager: Shutting down and abandoning module MessageLog (209)
[2018.10.31-07.31.00:748][187]LogModuleManager: Shutting down and abandoning module SlateReflector (204)
[2018.10.31-07.31.00:748][187]LogModuleManager: Shutting down and abandoning module Slate (202)
[2018.10.31-07.31.00:748][187]LogModuleManager: Shutting down and abandoning module EditorStyle (200)
[2018.10.31-07.31.00:749][187]LogModuleManager: Shutting down and abandoning module MRMesh (198)
[2018.10.31-07.31.00:750][187]LogModuleManager: Shutting down and abandoning module SourceCodeAccess (196)
[2018.10.31-07.31.00:750][187]LogModuleManager: Shutting down and abandoning module HeadMountedDisplay (194)
[2018.10.31-07.31.00:750][187]LogModuleManager: Shutting down and abandoning module XAudio2 (192)
[2018.10.31-07.31.00:750][187]LogModuleManager: Shutting down and abandoning module Networking (190)
[2018.10.31-07.31.00:750][187]LogModuleManager: Shutting down and abandoning module Core (188)
[2018.10.31-07.31.00:750][187]LogModuleManager: Shutting down and abandoning module LevelSequence (186)
[2018.10.31-07.31.00:750][187]LogModuleManager: Shutting down and abandoning module KismetCompiler (184)
[2018.10.31-07.31.00:750][187]LogModuleManager: Shutting down and abandoning module MeshUtilities (182)
[2018.10.31-07.31.00:750][187]LogModuleManager: Shutting down and abandoning module MeshMergeUtilities (181)
[2018.10.31-07.31.00:750][187]LogModuleManager: Shutting down and abandoning module MeshReductionInterface (180)
[2018.10.31-07.31.00:750][187]LogModuleManager: Shutting down and abandoning module SimplygonSwarm (179)
[2018.10.31-07.31.00:750][187]LogModuleManager: Shutting down and abandoning module ProxyLODMeshReduction (177)
[2018.10.31-07.31.00:750][187]LogModuleManager: Shutting down and abandoning module SimplygonMeshReduction (175)
[2018.10.31-07.31.00:750][187]LogModuleManager: Shutting down and abandoning module QuadricMeshReduction (173)
[2018.10.31-07.31.00:750][187]LogModuleManager: Shutting down and abandoning module MaterialBaking (169)
[2018.10.31-07.31.00:750][187]LogModuleManager: Shutting down and abandoning module DirectoryWatcher (165)
[2018.10.31-07.31.00:750][187]LogModuleManager: Shutting down and abandoning module DerivedDataCache (162)
[2018.10.31-07.31.00:761][187]LogDerivedDataCache: Shutdown
[2018.10.31-07.31.00:761][187]LogModuleManager: Shutting down and abandoning module XGEController (160)
[2018.10.31-07.31.00:761][187]LogModuleManager: Shutting down and abandoning module TargetPlatform (158)
[2018.10.31-07.31.00:761][187]LogModuleManager: Shutting down and abandoning module VulkanShaderFormat (157)
[2018.10.31-07.31.00:761][187]LogModuleManager: Shutting down and abandoning module ShaderFormatVectorVM (155)
[2018.10.31-07.31.00:761][187]LogModuleManager: Shutting down and abandoning module ShaderFormatOpenGL (153)
[2018.10.31-07.31.00:762][187]LogModuleManager: Shutting down and abandoning module ShaderFormatD3D (151)
[2018.10.31-07.31.00:762][187]LogModuleManager: Shutting down and abandoning module MetalShaderFormat (149)
[2018.10.31-07.31.00:762][187]LogModuleManager: Shutting down and abandoning module TextureFormatUncompressed (147)
[2018.10.31-07.31.00:762][187]LogModuleManager: Shutting down and abandoning module TextureFormatPVR (145)
[2018.10.31-07.31.00:762][187]LogModuleManager: Shutting down and abandoning module TextureFormatDXT (143)
[2018.10.31-07.31.00:762][187]LogModuleManager: Shutting down and abandoning module TextureFormatIntelISPCTexComp (141)
[2018.10.31-07.31.00:762][187]LogModuleManager: Shutting down and abandoning module TextureFormatASTC (139)
[2018.10.31-07.31.00:762][187]LogModuleManager: Shutting down and abandoning module ImageWrapper (138)
[2018.10.31-07.31.00:762][187]LogModuleManager: Shutting down and abandoning module TextureFormatAndroid (135)
[2018.10.31-07.31.00:762][187]LogModuleManager: Shutting down and abandoning module AudioFormatOpus (133)
[2018.10.31-07.31.00:762][187]LogModuleManager: Shutting down and abandoning module AudioFormatOgg (131)
[2018.10.31-07.31.00:762][187]LogModuleManager: Shutting down and abandoning module AudioFormatADPCM (129)
[2018.10.31-07.31.00:762][187]LogModuleManager: Shutting down and abandoning module LuminTargetPlatform (127)
[2018.10.31-07.31.00:762][187]LogModuleManager: Shutting down and abandoning module LinuxTargetPlatform (125)
[2018.10.31-07.31.00:762][187]LogModuleManager: Shutting down and abandoning module LinuxServerTargetPlatform (123)
[2018.10.31-07.31.00:762][187]LogModuleManager: Shutting down and abandoning module LinuxNoEditorTargetPlatform (121)
[2018.10.31-07.31.00:762][187]LogModuleManager: Shutting down and abandoning module LinuxClientTargetPlatform (119)
[2018.10.31-07.31.00:762][187]LogModuleManager: Shutting down and abandoning module TVOSTargetPlatform (117)
[2018.10.31-07.31.00:764][187]LogModuleManager: Shutting down and abandoning module Messaging (115)
[2018.10.31-07.31.00:764][187]LogModuleManager: Shutting down and abandoning module IOSTargetPlatform (113)
[2018.10.31-07.31.00:765][187]LogModuleManager: Shutting down and abandoning module HTML5TargetPlatform (111)
[2018.10.31-07.31.00:765][187]LogModuleManager: Shutting down and abandoning module AndroidTargetPlatform (109)
[2018.10.31-07.31.00:776][187]LogModuleManager: Shutting down and abandoning module WindowsTargetPlatform (107)
[2018.10.31-07.31.00:776][187]LogModuleManager: Shutting down and abandoning module WindowsServerTargetPlatform (105)
[2018.10.31-07.31.00:776][187]LogModuleManager: Shutting down and abandoning module WindowsNoEditorTargetPlatform (103)
[2018.10.31-07.31.00:776][187]LogModuleManager: Shutting down and abandoning module WindowsClientTargetPlatform (101)
[2018.10.31-07.31.00:776][187]LogModuleManager: Shutting down and abandoning module MacTargetPlatform (99)
[2018.10.31-07.31.00:776][187]LogModuleManager: Shutting down and abandoning module MacServerTargetPlatform (97)
[2018.10.31-07.31.00:776][187]LogModuleManager: Shutting down and abandoning module MacNoEditorTargetPlatform (95)
[2018.10.31-07.31.00:776][187]LogModuleManager: Shutting down and abandoning module MacClientTargetPlatform (93)
[2018.10.31-07.31.00:776][187]LogModuleManager: Shutting down and abandoning module AllDesktopTargetPlatform (91)
[2018.10.31-07.31.00:776][187]LogModuleManager: Shutting down and abandoning module InputCore (88)
[2018.10.31-07.31.00:776][187]LogModuleManager: Shutting down and abandoning module Settings (86)
[2018.10.31-07.31.00:777][187]LogModuleManager: Shutting down and abandoning module PhysXCooking (84)
[2018.10.31-07.31.00:777][187]LogModuleManager: Shutting down and abandoning module SteamVR (82)
[2018.10.31-07.31.00:777][187]LogModuleManager: Shutting down and abandoning module OculusHMD (80)
[2018.10.31-07.31.00:777][187]LogModuleManager: Shutting down and abandoning module ExampleDeviceProfileSelector (78)
[2018.10.31-07.31.00:777][187]LogModuleManager: Shutting down and abandoning module LauncherChunkInstaller (76)
[2018.10.31-07.31.00:777][187]LogModuleManager: Shutting down and abandoning module OnlineBlueprintSupport (74)
[2018.10.31-07.31.00:777][187]LogModuleManager: Shutting down and abandoning module OnlineSubsystem (70)
[2018.10.31-07.31.00:778][187]LogModuleManager: Shutting down and abandoning module XMPP (65)
[2018.10.31-07.31.00:778][187]LogModuleManager: Shutting down and abandoning module WebSockets (64)
[2018.10.31-07.31.00:813][187]LogModuleManager: Shutting down and abandoning module HTTP (61)
[2018.10.31-07.31.00:813][187]LogHttp: Display: Http module shutting down, but needs to wait on 1 outstanding Http requests:
[2018.10.31-07.31.00:813][187]LogHttp: Display: 	verb=[POST] url=[https://datarouter.ol.epicgames.com/datarouter/api/v1/public/data?SessionID=%7BEA0FDC6C-409B-F62E-DDC8-B295E07B3C71%7D&AppID=UEEditor.Rocket.Release&AppVersion=4.20.2-4302132%2B%2B%2BUE4%2BRelease-4.20&UserID=9c945a7f4e006bf299c284b6448c78c7%7Ce8aeb9fbef35480185dcdd6ac37f16be%7C2f190568-de01-489b-9f03-e65b80b74858&AppEnvironment=datacollector-binary&UploadType=eteventstream] status=Processing
[2018.10.31-07.31.00:820][187]LogModuleManager: Shutting down and abandoning module SSL (60)
[2018.10.31-07.31.00:821][187]LogModuleManager: Shutting down and abandoning module MagicLeapEmulator (56)
[2018.10.31-07.31.00:821][187]LogModuleManager: Shutting down and abandoning module MagicLeapPrivileges (54)
[2018.10.31-07.31.00:821][187]LogModuleManager: Shutting down and abandoning module MagicLeapIdentity (52)
[2018.10.31-07.31.00:821][187]LogModuleManager: Shutting down and abandoning module MagicLeapHelperVulkan (50)
[2018.10.31-07.31.00:821][187]LogModuleManager: Shutting down and abandoning module MagicLeapHelperOpenGL (48)
[2018.10.31-07.31.00:821][187]LogModuleManager: Shutting down and abandoning module MagicLeapSecureStorage (46)
[2018.10.31-07.31.00:821][187]LogModuleManager: Shutting down and abandoning module MagicLeapGestures (44)
[2018.10.31-07.31.00:821][187]LogModuleManager: Shutting down and abandoning module MagicLeapEyeTracker (42)
[2018.10.31-07.31.00:821][187]LogModuleManager: Shutting down and abandoning module MagicLeapController (40)
[2018.10.31-07.31.00:821][187]LogSlate: Slate User Destroyed.  User Index 0, Is Virtual User: 0
[2018.10.31-07.31.00:821][187]LogModuleManager: Shutting down and abandoning module MagicLeap (38)
[2018.10.31-07.31.00:821][187]LogModuleManager: Shutting down and abandoning module AnimationModifiers (36)
[2018.10.31-07.31.00:821][187]LogModuleManager: Shutting down and abandoning module PropertyEditor (35)
[2018.10.31-07.31.00:821][187]LogModuleManager: Shutting down and abandoning module AudioEditor (32)
[2018.10.31-07.31.00:821][187]LogModuleManager: Shutting down and abandoning module TextureCompressor (30)
[2018.10.31-07.31.00:822][187]LogModuleManager: Shutting down and abandoning module ShaderCore (28)
[2018.10.31-07.31.00:822][187]LogModuleManager: Shutting down and abandoning module Landscape (26)
[2018.10.31-07.31.00:822][187]LogModuleManager: Shutting down and abandoning module SlateRHIRenderer (24)
[2018.10.31-07.31.00:822][187]LogModuleManager: Shutting down and abandoning module OpenGLDrv (22)
[2018.10.31-07.31.00:822][187]LogModuleManager: Shutting down and abandoning module D3D11RHI (20)
[2018.10.31-07.31.00:822][187]LogModuleManager: Shutting down and abandoning module AnimGraphRuntime (18)
[2018.10.31-07.31.00:822][187]LogModuleManager: Shutting down and abandoning module Renderer (16)
[2018.10.31-07.31.00:822][187]LogModuleManager: Shutting down and abandoning module Engine (14)
[2018.10.31-07.31.00:822][187]LogModuleManager: Shutting down and abandoning module CoreUObject (12)
[2018.10.31-07.31.00:822][187]LogModuleManager: Shutting down and abandoning module NetworkFile (10)
[2018.10.31-07.31.00:822][187]LogModuleManager: Shutting down and abandoning module CookedIterativeFile (8)
[2018.10.31-07.31.00:822][187]LogModuleManager: Shutting down and abandoning module StreamingFile (6)
[2018.10.31-07.31.00:822][187]LogModuleManager: Shutting down and abandoning module SandboxFile (4)
[2018.10.31-07.31.00:822][187]LogModuleManager: Shutting down and abandoning module PakFile (2)
[2018.10.31-07.31.00:832][187]LogExit: Exiting.
[2018.10.31-07.31.00:835][187]Log file closed, 10/31/18 15:31:00
