Log file open, 10/03/18 10:03:12
LogWindows: Failed to load 'aqProf.dll' (GetLastError=126)
LogWindows: File 'aqProf.dll' does not exist
LogWindows: Failed to load 'VSPerf140.dll' (GetLastError=126)
LogWindows: File 'VSPerf140.dll' does not exist
LogWindows: Failed to load 'VtuneApi.dll' (GetLastError=126)
LogWindows: File 'VtuneApi.dll' does not exist
LogWindows: Failed to load 'VtuneApi32e.dll' (GetLastError=126)
LogWindows: File 'VtuneApi32e.dll' does not exist
LogInit: Display: Running engine for game: FYP_Prototype
LogPlatformFile: Not using cached read wrapper
LogTaskGraph: Started task graph with 5 named threads and 83 total threads with 3 sets of task threads.
LogStats: Stats thread started at 0.936278
LogD3D11RHI: Loaded GFSDK_Aftermath_Lib.x64.dll
LogICUInternationalization: Display: ICU TimeZone Detection - Raw Offset: +8:00, Platform Override: ''
LogPluginManager: Mounting plugin Paper2D
LogPluginManager: Mounting plugin AISupport
LogPluginManager: Mounting plugin LightPropagationVolume
LogPluginManager: Mounting plugin CLionSourceCodeAccess
LogPluginManager: Mounting plugin CodeLiteSourceCodeAccess
LogPluginManager: Mounting plugin GitSourceControl
LogPluginManager: Mounting plugin KDevelopSourceCodeAccess
LogPluginManager: Mounting plugin NullSourceCodeAccess
LogPluginManager: Mounting plugin PerforceSourceControl
LogPluginManager: Mounting plugin SubversionSourceControl
LogPluginManager: Mounting plugin UObjectPlugin
LogPluginManager: Mounting plugin VisualStudioCodeSourceCodeAccess
LogPluginManager: Mounting plugin VisualStudioSourceCodeAccess
LogPluginManager: Mounting plugin XCodeSourceCodeAccess
LogPluginManager: Mounting plugin AssetManagerEditor
LogPluginManager: Mounting plugin CryptoKeys
LogPluginManager: Mounting plugin DataValidation
LogPluginManager: Mounting plugin FacialAnimation
LogPluginManager: Mounting plugin GameplayTagsEditor
LogPluginManager: Mounting plugin MacGraphicsSwitching
LogPluginManager: Mounting plugin MeshEditor
LogPluginManager: Mounting plugin MobileLauncherProfileWizard
LogPluginManager: Mounting plugin PluginBrowser
LogPluginManager: Mounting plugin SpeedTreeImporter
LogPluginManager: Mounting plugin DatasmithContent
LogPluginManager: Mounting plugin AlembicImporter
LogPluginManager: Mounting plugin AppleImageUtils
LogPluginManager: Mounting plugin AppleVision
LogPluginManager: Mounting plugin BackChannel
LogPluginManager: Mounting plugin CharacterAI
LogPluginManager: Mounting plugin GeometryCache
LogPluginManager: Mounting plugin HTML5Networking
LogPluginManager: Mounting plugin ProxyLODPlugin
LogPluginManager: Mounting plugin MagicLeap
LogPluginManager: Mounting plugin MagicLeapEmulator
LogPluginManager: Mounting plugin MagicLeapMedia
LogPluginManager: Mounting plugin AndroidMedia
LogPluginManager: Mounting plugin AvfMedia
LogPluginManager: Mounting plugin ImgMedia
LogPluginManager: Mounting plugin LinearTimecode
LogPluginManager: Mounting plugin MediaCompositing
LogPluginManager: Mounting plugin MediaPlayerEditor
LogPluginManager: Mounting plugin WmfMedia
LogPluginManager: Mounting plugin TcpMessaging
LogPluginManager: Mounting plugin UdpMessaging
LogPluginManager: Mounting plugin ActorSequence
LogPluginManager: Mounting plugin LevelSequenceEditor
LogPluginManager: Mounting plugin MatineeToLevelSequence
LogPluginManager: Mounting plugin NetcodeUnitTest
LogPluginManager: Mounting plugin NUTUnrealEngine4
LogPluginManager: Mounting plugin OnlineSubsystemGooglePlay
LogPluginManager: Mounting plugin OnlineSubsystemIOS
LogPluginManager: Mounting plugin OnlineSubsystem
LogPluginManager: Mounting plugin OnlineSubsystemNull
LogPluginManager: Mounting plugin OnlineSubsystemUtils
LogPluginManager: Mounting plugin LauncherChunkInstaller
LogPluginManager: Mounting plugin AndroidDeviceProfileSelector
LogPluginManager: Mounting plugin AndroidMoviePlayer
LogPluginManager: Mounting plugin AndroidPermission
LogPluginManager: Mounting plugin AppleMoviePlayer
LogPluginManager: Mounting plugin ArchVisCharacter
LogPluginManager: Mounting plugin AudioCapture
LogPluginManager: Mounting plugin CableComponent
LogPluginManager: Mounting plugin CustomMeshComponent
LogPluginManager: Mounting plugin EditableMesh
LogPluginManager: Mounting plugin ExampleDeviceProfileSelector
LogPluginManager: Mounting plugin GoogleCloudMessaging
LogPluginManager: Mounting plugin ImmediatePhysics
LogPluginManager: Mounting plugin IOSDeviceProfileSelector
LogPluginManager: Mounting plugin LinuxDeviceProfileSelector
LogPluginManager: Mounting plugin LocationServicesBPLibrary
LogPluginManager: Mounting plugin MobilePatchingUtils
LogPluginManager: Mounting plugin OculusVR
LogPluginManager: Plugin shader directory ../../../Engine/Plugins/Runtime/Oculus/OculusVR/Shaders found
LogPluginManager: Mapping shader source directory ../../../Engine/Plugins/Runtime/Oculus/OculusVR/Shaders to virtual directory /Plugin/OculusVR
LogPluginManager: Mounting plugin PhysXVehicles
LogPluginManager: Mounting plugin ProceduralMeshComponent
LogPluginManager: Mounting plugin RuntimePhysXCooking
LogPluginManager: Mounting plugin SteamVR
LogPluginManager: Mounting plugin WindowsMoviePlayer
LogStreaming: Display: Took  0.095s to configure plugins.
LogInit: Using libcurl 7.55.1-DEV
LogInit:  - built for x86_64-pc-win32
LogInit:  - supports SSL with OpenSSL/1.0.2h
LogInit:  - supports HTTP deflate (compression) using libz 1.2.8
LogInit:  - other features:
LogInit:      CURL_VERSION_SSL
LogInit:      CURL_VERSION_LIBZ
LogInit:      CURL_VERSION_IPV6
LogInit:      CURL_VERSION_ASYNCHDNS
LogInit:      CURL_VERSION_LARGEFILE
LogInit:      CURL_VERSION_IDN
LogInit:  CurlRequestOptions (configurable via config and command line):
LogInit:  - bVerifyPeer = false  - Libcurl will NOT verify peer certificate
LogInit:  - bUseHttpProxy = false  - Libcurl will NOT use HTTP proxy
LogInit:  - bDontReuseConnections = false  - Libcurl will reuse connections
LogInit:  - CertBundlePath = nullptr  - Libcurl will use whatever was configured at build time.
LogInit:  - MaxHostConnections = 16  - Libcurl will limit the number of connections to a host
LogInit:  - LocalHostAddr = Default
LogInit:  - BufferSize = 65536
LogInit: WinSock: version 1.1 (2.2), MaxSocks=32767, MaxUdp=65467
LogInit: Build: ++UE4+Release-4.20-CL-4369336
LogInit: Engine Version: 4.20.3-4369336+++UE4+Release-4.20
LogInit: Compatible Engine Version: 4.20.0-4212847+++UE4+Release-4.20
LogInit: Net CL: 4212847
LogInit: OS: Windows 10 (), CPU: Intel(R) Xeon(R) CPU E5-2630 v4 @ 2.20GHz, GPU: NVIDIA GeForce GTX 1080
LogInit: Compiled (64-bit): Sep 17 2018 12:26:19
LogInit: Compiled with Visual C++: 19.13.26129.00
LogInit: Build Configuration: Development
LogInit: Branch Name: ++UE4+Release-4.20
LogInit: Command Line:  
LogInit: Base Directory: D:/Epic Games/UE_4.20/UE_4.20/Engine/Binaries/Win64/
LogInit: Installed Engine Build: 1
LogDevObjectVersion: Number of dev versions registered: 20
LogDevObjectVersion:   Dev-Blueprints (B0D832E4-1F89-4F0D-ACCF-7EB736FD4AA2): 10
LogDevObjectVersion:   Dev-Build (E1C64328-A22C-4D53-A36C-8E866417BD8C): 0
LogDevObjectVersion:   Dev-Core (375EC13C-06E4-48FB-B500-84F0262A717E): 2
LogDevObjectVersion:   Dev-Editor (E4B068ED-F494-42E9-A231-DA0B2E46BB41): 24
LogDevObjectVersion:   Dev-Framework (CFFC743F-43B0-4480-9391-14DF171D2073): 34
LogDevObjectVersion:   Dev-Mobile (B02B49B5-BB20-44E9-A304-32B752E40360): 2
LogDevObjectVersion:   Dev-Networking (A4E4105C-59A1-49B5-A7C5-40C4547EDFEE): 0
LogDevObjectVersion:   Dev-Online (39C831C9-5AE6-47DC-9A44-9C173E1C8E7C): 0
LogDevObjectVersion:   Dev-Physics (78F01B33-EBEA-4F98-B9B4-84EACCB95AA2): 0
LogDevObjectVersion:   Dev-Platform (6631380F-2D4D-43E0-8009-CF276956A95A): 0
LogDevObjectVersion:   Dev-Rendering (12F88B9F-8875-4AFC-A67C-D90C383ABD29): 26
LogDevObjectVersion:   Dev-Sequencer (7B5AE74C-D270-4C10-A958-57980B212A5A): 9
LogDevObjectVersion:   Dev-VR (D7296918-1DD6-4BDD-9DE2-64A83CC13884): 2
LogDevObjectVersion:   Dev-LoadTimes (C2A15278-BFE7-4AFE-6C17-90FF531DF755): 1
LogDevObjectVersion:   Private-Geometry (6EACA3D4-40EC-4CC1-B786-8BED09428FC5): 3
LogDevObjectVersion:   Dev-AnimPhys (29E575DD-E0A3-4627-9D10-D276232CDCEA): 17
LogDevObjectVersion:   Dev-ReflectionCapture (6B266CEC-1EC7-4B8F-A30B-E4D90942FC07): 1
LogDevObjectVersion:   Dev-Automation (0DF73D61-A23F-47EA-B727-89E90C41499A): 1
LogDevObjectVersion:   FortniteMain (601D1886-AC64-4F84-AA16-D3DE0DEAC7D6): 12
LogDevObjectVersion:   Dev-Enterprise (9DFFBCD6-494F-0158-E221-12823C92A888): 1
LogStreaming: Display: Took  0.001s to delete old logs.
LogInit: Presizing for max 8388607 objects, including 0 objects not considered by GC, pre-allocating 0 bytes for permanent pool.
LogInit: Object subsystem initialized
[2018.10.03-02.03.12:751][  0]LogInit: Selected Device Profile: [Windows]
[2018.10.03-02.03.12:751][  0]LogInit: Applying CVar settings loaded from the selected device profile: [Windows]
[2018.10.03-02.03.12:761][  0]LogHAL: Display: Platform has ~ 128 GB [137350422528 / 137438953472 / 128], which maps to Largest [LargestMinGB=32, LargerMinGB=12, DefaultMinGB=8, SmallerMinGB=6, SmallestMinGB=0)
[2018.10.03-02.03.12:761][  0]LogInit: Setting Device Profile CVar: [[r.Vulkan.UseRealUBs:1]]
[2018.10.03-02.03.12:761][  0]LogInit: Going up to parent DeviceProfile []
[2018.10.03-02.03.12:761][  0]LogInit: Computer: M625GB01
[2018.10.03-02.03.12:761][  0]LogInit: User: SIDM
[2018.10.03-02.03.12:761][  0]LogInit: CPU Page size=4096, Cores=20
[2018.10.03-02.03.12:761][  0]LogInit: High frequency timer resolution =2.143476 MHz
[2018.10.03-02.03.12:761][  0]LogMemory: Memory total: Physical=127.9GB (128GB approx)
[2018.10.03-02.03.12:761][  0]LogMemory: Platform Memory Stats for Windows
[2018.10.03-02.03.12:761][  0]LogMemory: Process Physical Memory: 110.06 MB used, 110.06 MB peak
[2018.10.03-02.03.12:761][  0]LogMemory: Process Virtual Memory: 100.13 MB used, 100.13 MB peak
[2018.10.03-02.03.12:761][  0]LogMemory: Physical Memory: 5993.26 MB used,  124994.31 MB free, 130987.57 MB total
[2018.10.03-02.03.12:761][  0]LogMemory: Virtual Memory: 4751.58 MB used,  124994.31 MB free, 134217728.00 MB total
[2018.10.03-02.03.12:812][  0]LogInit: Using OS detected language (en-US).
[2018.10.03-02.03.12:812][  0]LogInit: Using OS detected locale (en-SG).
[2018.10.03-02.03.12:813][  0]LogTextLocalizationManager: No specific localization for 'en-US' exists, so the 'en' localization will be used.
[2018.10.03-02.03.13:251][  0]LogStreaming: Display: Took  0.439s to InitEngineTextLocalization.
[2018.10.03-02.03.13:251][  0]LogInit: Setting process to per monitor DPI aware
[2018.10.03-02.03.13:298][  0]LogSlate: New Slate User Created.  User Index 0, Is Virtual User: 0
[2018.10.03-02.03.13:298][  0]LogSlate: Slate User Registered.  User Index 0, Is Virtual User: 0
[2018.10.03-02.03.13:524][  0]LogD3D11RHI: D3D11 adapters:
[2018.10.03-02.03.13:587][  0]LogD3D11RHI:    0. 'NVIDIA GeForce GTX 1080' (Feature Level 11_0)
[2018.10.03-02.03.13:587][  0]LogD3D11RHI:       8079/0/65493 MB DedicatedVideo/DedicatedSystem/SharedSystem, Outputs:1, VendorId:0x10de
[2018.10.03-02.03.13:590][  0]LogD3D11RHI:    1. 'Microsoft Basic Render Driver' (Feature Level 11_0)
[2018.10.03-02.03.13:590][  0]LogD3D11RHI:       0/0/65493 MB DedicatedVideo/DedicatedSystem/SharedSystem, Outputs:0, VendorId:0x1414
[2018.10.03-02.03.13:590][  0]LogD3D11RHI: Chosen D3D11 Adapter: 0
[2018.10.03-02.03.13:598][  0]LogD3D11RHI: Creating new Direct3DDevice
[2018.10.03-02.03.13:598][  0]LogD3D11RHI:     GPU DeviceId: 0x1b80 (for the marketing name, search the web for "GPU Device Id")
[2018.10.03-02.03.13:598][  0]LogWindows: EnumDisplayDevices:
[2018.10.03-02.03.13:598][  0]LogWindows:    0. 'NVIDIA GeForce GTX 1080' (P:0 D:0)
[2018.10.03-02.03.13:599][  0]LogWindows:    1. 'NVIDIA GeForce GTX 1080' (P:1 D:1)
[2018.10.03-02.03.13:599][  0]LogWindows:    2. 'NVIDIA GeForce GTX 1080' (P:0 D:0)
[2018.10.03-02.03.13:599][  0]LogWindows:    3. 'NVIDIA GeForce GTX 1080' (P:0 D:0)
[2018.10.03-02.03.13:599][  0]LogWindows: DebugString: FoundDriverCount:4 
[2018.10.03-02.03.13:599][  0]LogD3D11RHI:     Adapter Name: NVIDIA GeForce GTX 1080
[2018.10.03-02.03.13:599][  0]LogD3D11RHI:   Driver Version: 390.77 (internal:23.21.13.9077, unified:390.77)
[2018.10.03-02.03.13:599][  0]LogD3D11RHI:      Driver Date: 1-23-2018
[2018.10.03-02.03.13:599][  0]LogRHI: Texture pool is 5655 MB (70% of 8079 MB)
[2018.10.03-02.03.13:630][  0]LogD3D11RHI: Async texture creation enabled
[2018.10.03-02.03.13:648][  0]LogD3D11RHI: GPU Timing Frequency: 1000.000000 (Debug: 2 2)
[2018.10.03-02.03.13:691][  0]LogShaderCompilers: Guid format shader working directory is -5 characters bigger than the processId version (../../../../../../163935T/FYP/FYP/Main/FYP_Prototype/Intermediate/Shaders/WorkingDirectory/21580/).
[2018.10.03-02.03.13:691][  0]LogShaderCompilers: Cleaned the shader compiler working directory 'C:/Users/impixel/AppData/Local/Temp/UnrealShaderWorkingDir/8C638D504B668169AE756C912DC4E00B/'.
[2018.10.03-02.03.14:031][  0]LogTemp: Display: Loaded TP AllDesktopTargetPlatform
[2018.10.03-02.03.14:047][  0]LogTemp: Display: Loaded TP MacClientTargetPlatform
[2018.10.03-02.03.14:063][  0]LogTemp: Display: Loaded TP MacNoEditorTargetPlatform
[2018.10.03-02.03.14:078][  0]LogTemp: Display: Loaded TP MacServerTargetPlatform
[2018.10.03-02.03.14:094][  0]LogTemp: Display: Loaded TP MacTargetPlatform
[2018.10.03-02.03.14:109][  0]LogTemp: Display: Loaded TP WindowsClientTargetPlatform
[2018.10.03-02.03.14:124][  0]LogTemp: Display: Loaded TP WindowsNoEditorTargetPlatform
[2018.10.03-02.03.14:139][  0]LogTemp: Display: Loaded TP WindowsServerTargetPlatform
[2018.10.03-02.03.14:146][  0]LogTemp: Display: Loaded TP WindowsTargetPlatform
[2018.10.03-02.03.14:240][  0]LogTemp: Display: Loaded TP AndroidTargetPlatform
[2018.10.03-02.03.14:240][  0]LogTemp: Display: Loaded TP AndroidTargetPlatform
[2018.10.03-02.03.14:240][  0]LogTemp: Display: Loaded TP AndroidTargetPlatform
[2018.10.03-02.03.14:240][  0]LogTemp: Display: Loaded TP AndroidTargetPlatform
[2018.10.03-02.03.14:240][  0]LogTemp: Display: Loaded TP AndroidTargetPlatform
[2018.10.03-02.03.14:240][  0]LogTemp: Display: Loaded TP AndroidTargetPlatform
[2018.10.03-02.03.14:240][  0]LogTemp: Display: Loaded TP AndroidTargetPlatform
[2018.10.03-02.03.14:240][  0]LogTemp: Display: Loaded TP AndroidTargetPlatform
[2018.10.03-02.03.14:240][  0]LogTemp: Display: Loaded TP AndroidTargetPlatform
[2018.10.03-02.03.14:240][  0]LogTemp: Display: Loaded TP AndroidTargetPlatform
[2018.10.03-02.03.14:240][  0]LogTemp: Display: Loaded TP AndroidTargetPlatform
[2018.10.03-02.03.14:240][  0]LogTemp: Display: Loaded TP AndroidTargetPlatform
[2018.10.03-02.03.14:240][  0]LogTemp: Display: Loaded TP AndroidTargetPlatform
[2018.10.03-02.03.14:240][  0]LogTemp: Display: Loaded TP AndroidTargetPlatform
[2018.10.03-02.03.14:240][  0]LogTemp: Display: Loaded TP AndroidTargetPlatform
[2018.10.03-02.03.14:240][  0]LogTemp: Display: Loaded TP AndroidTargetPlatform
[2018.10.03-02.03.14:240][  0]LogTemp: Display: Loaded TP AndroidTargetPlatform
[2018.10.03-02.03.14:241][  0]LogTemp: Display: Loaded TP AndroidTargetPlatform
[2018.10.03-02.03.14:242][  0]LogTemp: Display: Loaded TP HTML5TargetPlatform
[2018.10.03-02.03.14:309][  0]LogTemp: Display: Loaded TP IOSTargetPlatform
[2018.10.03-02.03.14:309][  0]LogTemp: Display: Loaded TP IOSTargetPlatform
[2018.10.03-02.03.14:337][  0]LogTemp: Display: Loaded TP TVOSTargetPlatform
[2018.10.03-02.03.14:337][  0]LogTemp: Display: Loaded TP TVOSTargetPlatform
[2018.10.03-02.03.14:352][  0]LogTemp: Display: Loaded TP LinuxClientTargetPlatform
[2018.10.03-02.03.14:367][  0]LogTemp: Display: Loaded TP LinuxNoEditorTargetPlatform
[2018.10.03-02.03.14:381][  0]LogTemp: Display: Loaded TP LinuxServerTargetPlatform
[2018.10.03-02.03.14:396][  0]LogTemp: Display: Loaded TP LinuxTargetPlatform
[2018.10.03-02.03.14:406][  0]LogTemp: Display: Loaded TP LuminTargetPlatform
[2018.10.03-02.03.14:406][  0]LogTargetPlatformManager: Display: Building Assets For Windows
[2018.10.03-02.03.14:468][  0]LogXGEController: Cleaning working directory: C:/Users/impixel/AppData/Local/Temp/UnrealXGEWorkingDir/
[2018.10.03-02.03.14:468][  0]LogXGEController: Cannot use XGE Controller as Incredibuild is not installed on this machine.
[2018.10.03-02.03.14:468][  0]LogShaderCompilers: Cannot use XGE Shader Compiler as Incredibuild is not installed on this machine.
[2018.10.03-02.03.14:468][  0]LogShaderCompilers: Display: Using Local Shader Compiler.
[2018.10.03-02.03.15:305][  0]LogDerivedDataCache: Display: Max Cache Size: 512 MB
[2018.10.03-02.03.15:398][  0]LogDerivedDataCache: Loaded boot cache 0.09s 86MB C:/Users/impixel/AppData/Local/UnrealEngine/4.20/DerivedDataCache/Boot.ddc.
[2018.10.03-02.03.15:398][  0]LogDerivedDataCache: Display: Loaded Boot cache: C:/Users/impixel/AppData/Local/UnrealEngine/4.20/DerivedDataCache/Boot.ddc
[2018.10.03-02.03.15:398][  0]LogDerivedDataCache: FDerivedDataBackendGraph:  Pak pak cache file ../../../../../../163935T/FYP/FYP/Main/FYP_Prototype/DerivedDataCache/DDC.ddp not found, will not use a pak cache.
[2018.10.03-02.03.15:398][  0]LogDerivedDataCache: Unable to find inner node Pak for hierarchical cache Hierarchy.
[2018.10.03-02.03.15:398][  0]LogDerivedDataCache: FDerivedDataBackendGraph:  CompressedPak pak cache file ../../../../../../163935T/FYP/FYP/Main/FYP_Prototype/DerivedDataCache/Compressed.ddp not found, will not use a pak cache.
[2018.10.03-02.03.15:398][  0]LogDerivedDataCache: Unable to find inner node CompressedPak for hierarchical cache Hierarchy.
[2018.10.03-02.03.15:413][  0]LogDerivedDataCache: Display: Pak cache opened for reading ../../../Engine/DerivedDataCache/Compressed.ddp.
[2018.10.03-02.03.15:426][  0]LogDerivedDataCache: Using Local data cache path C:/Users/impixel/AppData/Local/UnrealEngine/Common/DerivedDataCache: Writable
[2018.10.03-02.03.15:426][  0]LogDerivedDataCache: Shared data cache path not found in *engine.ini, will not use an Shared cache.
[2018.10.03-02.03.15:426][  0]LogDerivedDataCache: Unable to find inner node Shared for hierarchical cache Hierarchy.
[2018.10.03-02.03.15:450][  0]LogMaterial: Verifying Global Shaders for PCD3D_SM5
[2018.10.03-02.03.15:452][  0]LogSlate: Using FreeType 2.6.0
[2018.10.03-02.03.15:453][  0]LogSlate: SlateFontServices - WITH_FREETYPE: 1, WITH_HARFBUZZ: 1
[2018.10.03-02.03.15:545][  0]LogAssetRegistry: FAssetRegistry took 0.0272 seconds to start up
[2018.10.03-02.03.15:909][  0]LogInit: Selected Device Profile: [Windows]
[2018.10.03-02.03.16:045][  0]LogSimplygon: Simplygon DLL not present - disabling.
[2018.10.03-02.03.16:048][  0]LogMeshReduction: Using SimplygonSwarm for distributed automatic mesh merging
[2018.10.03-02.03.16:048][  0]LogMeshReduction: Using ProxyLODMeshReduction for automatic mesh merging
[2018.10.03-02.03.16:049][  0]LogMeshReduction: Using QuadricMeshReduction for automatic static mesh reduction
[2018.10.03-02.03.16:049][  0]LogMeshReduction: No automatic skeletal mesh reduction module available
[2018.10.03-02.03.16:071][  0]LogNetVersion: FYP_Prototype 1.0.0, NetCL: 4212847, EngineNetVer: 5, GameNetVer: 0 (Checksum: 1129731653)
[2018.10.03-02.03.16:590][  0]LogPackageLocalizationCache: Processed 11 localized package path(s) for 2 prioritized culture(s) in 0.073966 seconds
[2018.10.03-02.03.16:596][  0]LogUObjectArray: 38425 objects as part of root set at end of initial load.
[2018.10.03-02.03.16:596][  0]LogUObjectAllocator: 6690864 out of 0 bytes used by permanent object pool.
[2018.10.03-02.03.16:596][  0]LogUObjectArray: CloseDisregardForGC: 0/0 objects in disregard for GC pool
[2018.10.03-02.03.17:552][  0]LogTcpMessaging: Initializing TcpMessaging bridge
[2018.10.03-02.03.17:566][  0]LogUdpMessaging: Initializing bridge on interface 0.0.0.0:0 to multicast group 230.0.0.1:6666.
[2018.10.03-02.03.17:715][  0]SourceControl: Source control is disabled
[2018.10.03-02.03.17:715][  0]SourceControl: Source control is disabled
[2018.10.03-02.03.17:717][  0]SourceControl: Source control is disabled
[2018.10.03-02.03.17:718][  0]SourceControl: Source control is disabled
[2018.10.03-02.03.17:878][  0]LogAndroidPermission: UAndroidPermissionCallbackProxy::GetInstance
[2018.10.03-02.03.17:954][  0]LogOcInput: OculusInput pre-init called
[2018.10.03-02.03.18:017][  0]LogEngine: Initializing Engine...
[2018.10.03-02.03.18:018][  0]LogHMD: Oculus plugin initialized. Version: 4.20.3-4369336+++UE4+Release-4.20, OVRPlugin: 1.25.0
[2018.10.03-02.03.18:019][  0]LogStats: UGameplayTagsManager::ConstructGameplayTagTree: ImportINI prefixes -  0.000 s
[2018.10.03-02.03.18:019][  0]LogStats: UGameplayTagsManager::ConstructGameplayTagTree: Construct from data asset -  0.000 s
[2018.10.03-02.03.18:019][  0]LogStats: UGameplayTagsManager::ConstructGameplayTagTree: ImportINI -  0.000 s
[2018.10.03-02.03.18:019][  0]LogStats: UGameplayTagsManager::ConstructGameplayTagTree: GameplayTagTreeChangedEvent.Broadcast -  0.000 s
[2018.10.03-02.03.18:301][  0]LogInit: Initializing FReadOnlyCVARCache
[2018.10.03-02.03.18:313][  0]LogAIModule: Creating AISystem for world Untitled
[2018.10.03-02.03.18:331][  0]LogInit: XAudio2 using 'Speakers (Realtek High Definition Audio)' : 2 channels at 48 kHz using 32 bits per sample (channel mask 0x3)
[2018.10.03-02.03.18:374][  0]LogInit: FAudioDevice initialized.
[2018.10.03-02.03.18:374][  0]LogNetVersion: Set ProjectVersion to 1.0.0.0. Version Checksum will be recalculated on next use.
[2018.10.03-02.03.18:495][  0]LogDerivedDataCache: Saved boot cache 0.12s 86MB C:/Users/impixel/AppData/Local/UnrealEngine/4.20/DerivedDataCache/Boot.ddc.
[2018.10.03-02.03.18:506][  0]LogInit: Texture streaming: Enabled
[2018.10.03-02.03.18:522][  0]LogEngineSessionManager: EngineSessionManager initialized
[2018.10.03-02.03.18:551][  0]LogWindowsTextInputMethodSystem: Display: IME system now activated using TSF (Microsoft IME).
[2018.10.03-02.03.18:604][  0]LogInit: Transaction tracking system initialized
[2018.10.03-02.03.18:624][  0]BlueprintLog: New page: Editor Load
[2018.10.03-02.03.18:689][  0]LocalizationService: Localization service is disabled
[2018.10.03-02.03.18:945][  0]LogCook: Display: Max memory allowance for cook 16384mb min free memory 0mb
[2018.10.03-02.03.18:945][  0]LogCook: Display: Mobile HDR setting 1
[2018.10.03-02.03.18:945][  0]LogGameplayTags: Display: UGameplayTagsManager::DoneAddingNativeTags. DelegateIsBound: 0
[2018.10.03-02.03.18:945][  0]LogStats: UGameplayTagsManager::ConstructGameplayTagTree: ImportINI prefixes -  0.000 s
[2018.10.03-02.03.18:945][  0]LogStats: UGameplayTagsManager::ConstructGameplayTagTree: Construct from data asset -  0.000 s
[2018.10.03-02.03.18:945][  0]LogStats: UGameplayTagsManager::ConstructGameplayTagTree: ImportINI -  0.000 s
[2018.10.03-02.03.18:945][  0]LogStats: UGameplayTagsManager::ConstructGameplayTagTree: GameplayTagTreeChangedEvent.Broadcast -  0.000 s
[2018.10.03-02.03.19:061][  0]LogFileCache: Scanning file cache for directory 'D:/163935T/FYP/FYP/Main/FYP_Prototype/Content/' took 0.02s
[2018.10.03-02.03.19:061][  0]SourceControl: Source control is disabled
[2018.10.03-02.03.19:061][  0]Cmd: MAP LOAD FILE="../../../../../../163935T/FYP/FYP/Main/FYP_Prototype/Content/VirtualRealityBP/Maps/StartupMap.umap" TEMPLATE=0 SHOWPROGRESS=1 FEATURELEVEL=3
[2018.10.03-02.03.19:061][  0]LightingResults: New page: Lighting Build
[2018.10.03-02.03.19:063][  0]MapCheck: New page: Map Check
[2018.10.03-02.03.19:063][  0]LightingResults: New page: Lighting Build
[2018.10.03-02.03.19:235][  0]LogAIModule: Creating AISystem for world StartupMap
[2018.10.03-02.03.19:243][  0]LogEditorServer: Finished looking for orphan Actors (0.000 secs)
[2018.10.03-02.03.19:301][  0]Cmd: MAP CHECKDEP NOCLEARLOG
[2018.10.03-02.03.19:363][  0]MapCheck: Map check complete: 0 Error(s), 0 Warning(s), took 61.831ms to complete.
[2018.10.03-02.03.19:363][  0]LogFileHelpers: Loading map 'StartupMap' took 0.302
[2018.10.03-02.03.19:464][  0]LogSlate: Updating window title bar state: overlay mode, drag disabled, window buttons hidden, title bar hidden
[2018.10.03-02.03.19:473][  0]LogSlate: Updating window title bar state: overlay mode, drag disabled, window buttons hidden, title bar hidden
[2018.10.03-02.03.19:482][  0]LogSlate: Updating window title bar state: overlay mode, drag disabled, window buttons hidden, title bar hidden
[2018.10.03-02.03.19:490][  0]LogSlate: Updating window title bar state: overlay mode, drag disabled, window buttons hidden, title bar hidden
[2018.10.03-02.03.19:496][  0]LogCollectionManager: Loaded 0 collections in 0.000914 seconds
[2018.10.03-02.03.19:539][  0]LogFileCache: Scanning file cache for directory 'D:/163935T/FYP/FYP/Main/FYP_Prototype/Saved/Collections/' took 0.01s
[2018.10.03-02.03.19:539][  0]LogFileCache: Scanning file cache for directory 'D:/163935T/FYP/FYP/Main/FYP_Prototype/Content/Developers/SIDM/Collections/' took 0.01s
[2018.10.03-02.03.19:539][  0]LogFileCache: Scanning file cache for directory 'D:/163935T/FYP/FYP/Main/FYP_Prototype/Content/Collections/' took 0.01s
[2018.10.03-02.03.19:539][  0]LogCollectionManager: Rebuilt the GUID cache for 0 collections in 0.000000 seconds
[2018.10.03-02.03.19:551][  0]LogContentBrowser: Native class hierarchy populated in 0.0116 seconds. Added 2572 classes and 603 folders.
[2018.10.03-02.03.19:556][  0]LogContentBrowser: Native class hierarchy updated for 'WidgetCarousel' in 0.0003 seconds. Added 0 classes and 0 folders.
[2018.10.03-02.03.19:605][  0]LogContentBrowser: Native class hierarchy updated for 'AddContentDialog' in 0.0003 seconds. Added 0 classes and 0 folders.
[2018.10.03-02.03.19:611][  0]LogContentBrowser: Native class hierarchy updated for 'SceneOutliner' in 0.0002 seconds. Added 1 classes and 2 folders.
[2018.10.03-02.03.19:691][  0]LogSlate: Took 0.000335 seconds to synchronously load lazily loaded font '../../../Engine/Content/Slate/Fonts/Roboto-Regular.ttf' (155K)
[2018.10.03-02.03.19:693][  0]LogSlate: Took 0.000264 seconds to synchronously load lazily loaded font '../../../Engine/Content/Slate/Fonts/Roboto-Bold.ttf' (160K)
[2018.10.03-02.03.19:700][  0]LogSlate: Took 0.000339 seconds to synchronously load lazily loaded font '../../../Engine/Content/Editor/Slate/Fonts/FontAwesome.ttf' (139K)
[2018.10.03-02.03.19:793][  0]LogRenderer: Reallocating scene render targets to support 1048x600 Format 10 NumSamples 1 (Frame:1).
[2018.10.03-02.03.19:919][  0]LogContentBrowser: Native class hierarchy updated for 'HierarchicalLODOutliner' in 0.0003 seconds. Added 0 classes and 0 folders.
[2018.10.03-02.03.19:919][  0]LogLoad: (Engine Initialization) Total time: 9.94 seconds
[2018.10.03-02.03.19:919][  0]LogLoad: (Engine Initialization) Total Blueprint compile time: 0.00 seconds
[2018.10.03-02.03.19:934][  0]LogOcInput: OculusInput is initialized
[2018.10.03-02.03.19:956][  0]LogContentStreaming: Texture pool size now 800 MB
[2018.10.03-02.03.19:988][  0]LogSlate: Took 0.000217 seconds to synchronously load lazily loaded font '../../../Engine/Content/Slate/Fonts/Roboto-Light.ttf' (167K)
[2018.10.03-02.03.20:009][  1]LogAssetRegistry: Asset discovery search completed in 4.4874 seconds
[2018.10.03-02.03.20:011][  1]LogCollectionManager: Rebuilt the object cache for 0 collections in 0.000001 seconds (found 0 objects)
[2018.10.03-02.03.20:011][  1]LogCollectionManager: Fixed up redirectors for 0 collections in 0.000056 seconds (updated 0 objects)
[2018.10.03-02.03.27:454][878]LogSlate: FSceneViewport::OnFocusLost() reason 0
[2018.10.03-02.03.27:639][899]LogSlate: Took 0.000439 seconds to synchronously load lazily loaded font '../../../Engine/Content/Slate/Fonts/Roboto-Light.ttf' (167K)
[2018.10.03-02.03.27:648][899]LogAssetEditorManager: Opening Asset editor for PhysicsAsset /Game/Models/Bat_Physics.Bat_Physics
[2018.10.03-02.03.27:678][899]LogContentBrowser: Native class hierarchy updated for 'PhysicsAssetEditor' in 0.0003 seconds. Added 7 classes and 3 folders.
[2018.10.03-02.03.27:713][899]LogContentBrowser: Native class hierarchy updated for 'SkeletonEditor' in 0.0003 seconds. Added 1 classes and 2 folders.
[2018.10.03-02.03.27:960][899]LogActorComponent: RegisterComponentWithWorld: (/Engine/Transient.World_0:PersistentLevel.AnimationEditorPreviewActor_0.PhysicsAssetEditorSkeletalMeshComponent_0) Already registered. Aborting.
[2018.10.03-02.03.27:963][899]LogContentBrowser: Native class hierarchy updated for 'PinnedCommandList' in 0.0003 seconds. Added 1 classes and 0 folders.
[2018.10.03-02.03.28:272][899]LogSlate: Took 0.000228 seconds to synchronously load lazily loaded font '../../../Engine/Content/Slate/Fonts/Roboto-BoldCondensed.ttf' (158K)
[2018.10.03-02.03.28:327][899]LogContentBrowser: Native class hierarchy updated for 'ClothingSystemEditorInterface' in 0.0003 seconds. Added 1 classes and 0 folders.
[2018.10.03-02.03.28:351][900]LogRenderer: Reallocating scene render targets to support 1048x772 Format 10 NumSamples 1 (Frame:1).
[2018.10.03-02.03.39:176][ 10]LogSlate: FSceneViewport::OnFocusLost() reason 0
[2018.10.03-02.03.41:253][ 22]LogSlate: FSceneViewport::OnFocusLost() reason 2
[2018.10.03-02.03.43:098][171]LogSlate: Window 'Bat_Physics' being destroyed
[2018.10.03-02.03.51:922][209]LogAssetEditorManager: Opening Asset editor for AnimSequence /Game/Models/Animations/Bat/BatPickingUpBoat.BatPickingUpBoat
[2018.10.03-02.03.51:941][209]LogActorComponent: RegisterComponentWithWorld: (/Engine/Transient.World_3:PersistentLevel.AnimationEditorPreviewActor_0.DebugSkelMeshComponent_0) Already registered. Aborting.
[2018.10.03-02.03.51:983][209]LogSkeletalMesh: USkeletalMeshComponent::InitArticulated : Bodies already created (/Engine/Transient.World_3:PersistentLevel.AnimationEditorPreviewActor_0.DebugSkelMeshComponent_0) - call TermArticulated first.
[2018.10.03-02.03.52:398][209]LogContentBrowser: Verbose: The majority of assets in the view are of type: AnimSequence
[2018.10.03-02.05.08:317][154]LogAIModule: Creating AISystem for world MotionControllerMap
[2018.10.03-02.05.08:337][154]LogAssetEditorManager: Opening Asset editor for World /Game/VirtualRealityBP/Maps/MotionControllerMap.MotionControllerMap
[2018.10.03-02.05.08:405][154]Cmd: MAP LOAD FILE="../../../../../../163935T/FYP/FYP/Main/FYP_Prototype/Content/VirtualRealityBP/Maps/MotionControllerMap.umap" TEMPLATE=0 SHOWPROGRESS=1 FEATURELEVEL=3
[2018.10.03-02.05.08:405][154]LightingResults: New page: Lighting Build
[2018.10.03-02.05.08:406][154]LoadErrors: New page: Loading map: MotionControllerMap.umap
[2018.10.03-02.05.08:407][154]MapCheck: New page: Map Check
[2018.10.03-02.05.08:407][154]LightingResults: New page: Lighting Build
[2018.10.03-02.05.08:559][154]LogEditorServer: Finished looking for orphan Actors (0.000 secs)
[2018.10.03-02.05.08:639][154]Cmd: MAP CHECKDEP NOCLEARLOG
[2018.10.03-02.05.08:721][154]MapCheck: Map check complete: 0 Error(s), 0 Warning(s), took 82.202ms to complete.
[2018.10.03-02.05.08:721][154]LogFileHelpers: Loading map 'MotionControllerMap' took 0.319
[2018.10.03-02.05.11:681][498]LogTemp: Repeating last play command: Selected Viewport
[2018.10.03-02.05.11:698][498]LogBlueprintUserMessages: Early PlayInEditor Detection: Level '/Game/VirtualRealityBP/Maps/MotionControllerMap.MotionControllerMap:PersistentLevel' has LevelScriptBlueprint '/Game/VirtualRealityBP/Maps/MotionControllerMap.MotionControllerMap:PersistentLevel.MotionControllerMap' with GeneratedClass '/Game/VirtualRealityBP/Maps/MotionControllerMap.MotionControllerMap_C' with ClassGeneratedBy '/Game/VirtualRealityBP/Maps/MotionControllerMap.MotionControllerMap:PersistentLevel.MotionControllerMap'
[2018.10.03-02.05.11:698][498]LogPlayLevel: PlayLevel: No blueprints needed recompiling
[2018.10.03-02.05.11:698][498]LogHMD: Initializing OVRPlugin session
[2018.10.03-02.05.13:329][498]PIE: New page: PIE session: MotionControllerMap (3 Oct 2018 6:05:13 pm)
[2018.10.03-02.05.13:330][498]LogPlayLevel: Creating play world package: /Game/VirtualRealityBP/Maps/UEDPIE_0_MotionControllerMap
[2018.10.03-02.05.13:358][498]LogPlayLevel: PIE: StaticDuplicateObject took: (0.028534s)
[2018.10.03-02.05.13:359][498]LogAIModule: Creating AISystem for world MotionControllerMap
[2018.10.03-02.05.13:359][498]LogPlayLevel: PIE: World Init took: (0.000983s)
[2018.10.03-02.05.13:359][498]LogPlayLevel: PIE: Created PIE world by copying editor world from /Game/VirtualRealityBP/Maps/MotionControllerMap.MotionControllerMap to /Game/VirtualRealityBP/Maps/UEDPIE_0_MotionControllerMap.MotionControllerMap (0.029754s)
[2018.10.03-02.05.13:432][498]LogInit: XAudio2 using 'Speakers (Realtek High Definition Audio)' : 2 channels at 48 kHz using 32 bits per sample (channel mask 0x3)
[2018.10.03-02.05.14:325][498]LogInit: FAudioDevice initialized.
[2018.10.03-02.05.14:369][498]LogUObjectGlobals: Warning: Failed to find object 'Class None.'
[2018.10.03-02.05.14:369][498]LogLoad: Game class is 'GameModeBase'
[2018.10.03-02.05.14:373][498]LogWorld: Bringing World /Game/VirtualRealityBP/Maps/UEDPIE_0_MotionControllerMap.MotionControllerMap up for play (max tick rate 3) at 2018.10.03-10.05.14
[2018.10.03-02.05.14:373][498]LogWorld: Bringing up level for play took: 0.003687
[2018.10.03-02.05.14:389][498]LogContentBrowser: Native class hierarchy updated for 'MovieSceneCapture' in 0.0004 seconds. Added 10 classes and 0 folders.
[2018.10.03-02.05.14:393][498]PIE: Play in editor start time for /Game/VirtualRealityBP/Maps/UEDPIE_0_MotionControllerMap 2.99
[2018.10.03-02.05.14:393][498]LogBlueprintUserMessages: Late PlayInEditor Detection: Level '/Game/VirtualRealityBP/Maps/MotionControllerMap.MotionControllerMap:PersistentLevel' has LevelScriptBlueprint '/Game/VirtualRealityBP/Maps/MotionControllerMap.MotionControllerMap:PersistentLevel.MotionControllerMap' with GeneratedClass '/Game/VirtualRealityBP/Maps/MotionControllerMap.MotionControllerMap_C' with ClassGeneratedBy '/Game/VirtualRealityBP/Maps/MotionControllerMap.MotionControllerMap:PersistentLevel.MotionControllerMap'
[2018.10.03-02.05.25:534][246]LogScript: Warning: Accessed None trying to read property CallFunc_K2_GetRootComponent_ReturnValue
	MotionControllerMap_C /Game/VirtualRealityBP/Maps/UEDPIE_0_MotionControllerMap.MotionControllerMap:PersistentLevel.MotionControllerMap_C_8
	Function /Game/VirtualRealityBP/Maps/MotionControllerMap.MotionControllerMap_C:ExecuteUbergraph_MotionControllerMap:039C
[2018.10.03-02.05.25:534][246]PIE: Error: Blueprint Runtime Error: "Accessed None trying to read property CallFunc_K2_GetRootComponent_ReturnValue". Blueprint:  MotionControllerMap Function:  Execute Ubergraph Motion Controller Map Graph:  EventGraph Node:  Play World Camera Shake
[2018.10.03-02.05.42:186][244]LogBlueprintUserMessages: Early EndPlayMap Detection: Level '/Game/VirtualRealityBP/Maps/MotionControllerMap.MotionControllerMap:PersistentLevel' has LevelScriptBlueprint '/Game/VirtualRealityBP/Maps/MotionControllerMap.MotionControllerMap:PersistentLevel.MotionControllerMap' with GeneratedClass '/Game/VirtualRealityBP/Maps/MotionControllerMap.MotionControllerMap_C' with ClassGeneratedBy '/Game/VirtualRealityBP/Maps/MotionControllerMap.MotionControllerMap:PersistentLevel.MotionControllerMap'
[2018.10.03-02.05.42:192][244]LogSlate: Updating window title bar state: overlay mode, drag disabled, window buttons hidden, title bar hidden
[2018.10.03-02.05.42:234][244]LogPlayLevel: Display: Shutting down PIE online subsystems
[2018.10.03-02.05.42:234][244]LogBlueprintUserMessages: Late EndPlayMap Detection: Level '/Game/VirtualRealityBP/Maps/MotionControllerMap.MotionControllerMap:PersistentLevel' has LevelScriptBlueprint '/Game/VirtualRealityBP/Maps/MotionControllerMap.MotionControllerMap:PersistentLevel.MotionControllerMap' with GeneratedClass '/Game/VirtualRealityBP/Maps/MotionControllerMap.MotionControllerMap_C' with ClassGeneratedBy '/Game/VirtualRealityBP/Maps/MotionControllerMap.MotionControllerMap:PersistentLevel.MotionControllerMap'
[2018.10.03-02.05.42:293][244]LogSlate: Updating window title bar state: overlay mode, drag disabled, window buttons hidden, title bar hidden
[2018.10.03-02.05.42:331][245]LogPlayLevel: Display: Destroying online subsystem :Context_8
[2018.10.03-02.05.56:963][999]LogSlate: FSceneViewport::OnFocusLost() reason 0
[2018.10.03-02.06.59:265][463]LogTemp: Repeating last play command: Selected Viewport
[2018.10.03-02.06.59:280][463]LogBlueprintUserMessages: Early PlayInEditor Detection: Level '/Game/VirtualRealityBP/Maps/MotionControllerMap.MotionControllerMap:PersistentLevel' has LevelScriptBlueprint '/Game/VirtualRealityBP/Maps/MotionControllerMap.MotionControllerMap:PersistentLevel.MotionControllerMap' with GeneratedClass '/Game/VirtualRealityBP/Maps/MotionControllerMap.MotionControllerMap_C' with ClassGeneratedBy '/Game/VirtualRealityBP/Maps/MotionControllerMap.MotionControllerMap:PersistentLevel.MotionControllerMap'
[2018.10.03-02.06.59:280][463]LogPlayLevel: PlayLevel: No blueprints needed recompiling
[2018.10.03-02.06.59:280][463]LogHMD: Initializing OVRPlugin session
[2018.10.03-02.06.59:355][463]PIE: New page: PIE session: MotionControllerMap (3 Oct 2018 6:06:59 pm)
[2018.10.03-02.06.59:356][463]LogPlayLevel: Creating play world package: /Game/VirtualRealityBP/Maps/UEDPIE_0_MotionControllerMap
[2018.10.03-02.06.59:380][463]LogPlayLevel: PIE: StaticDuplicateObject took: (0.025196s)
[2018.10.03-02.06.59:380][463]LogAIModule: Creating AISystem for world MotionControllerMap
[2018.10.03-02.06.59:381][463]LogPlayLevel: PIE: World Init took: (0.000848s)
[2018.10.03-02.06.59:381][463]LogPlayLevel: PIE: Created PIE world by copying editor world from /Game/VirtualRealityBP/Maps/MotionControllerMap.MotionControllerMap to /Game/VirtualRealityBP/Maps/UEDPIE_0_MotionControllerMap.MotionControllerMap (0.026228s)
[2018.10.03-02.06.59:443][463]LogInit: XAudio2 using 'Speakers (Realtek High Definition Audio)' : 2 channels at 48 kHz using 32 bits per sample (channel mask 0x3)
[2018.10.03-02.06.59:460][463]LogInit: FAudioDevice initialized.
[2018.10.03-02.06.59:490][463]LogUObjectGlobals: Warning: Failed to find object 'Class None.'
[2018.10.03-02.06.59:490][463]LogLoad: Game class is 'GameModeBase'
[2018.10.03-02.06.59:493][463]LogWorld: Bringing World /Game/VirtualRealityBP/Maps/UEDPIE_0_MotionControllerMap.MotionControllerMap up for play (max tick rate 0) at 2018.10.03-10.06.59
[2018.10.03-02.06.59:493][463]LogWorld: Bringing up level for play took: 0.003285
[2018.10.03-02.06.59:508][463]PIE: Play in editor start time for /Game/VirtualRealityBP/Maps/UEDPIE_0_MotionControllerMap 0.105
[2018.10.03-02.06.59:508][463]LogBlueprintUserMessages: Late PlayInEditor Detection: Level '/Game/VirtualRealityBP/Maps/MotionControllerMap.MotionControllerMap:PersistentLevel' has LevelScriptBlueprint '/Game/VirtualRealityBP/Maps/MotionControllerMap.MotionControllerMap:PersistentLevel.MotionControllerMap' with GeneratedClass '/Game/VirtualRealityBP/Maps/MotionControllerMap.MotionControllerMap_C' with ClassGeneratedBy '/Game/VirtualRealityBP/Maps/MotionControllerMap.MotionControllerMap:PersistentLevel.MotionControllerMap'
[2018.10.03-02.07.28:666][959]LogBlueprintUserMessages: Early EndPlayMap Detection: Level '/Game/VirtualRealityBP/Maps/MotionControllerMap.MotionControllerMap:PersistentLevel' has LevelScriptBlueprint '/Game/VirtualRealityBP/Maps/MotionControllerMap.MotionControllerMap:PersistentLevel.MotionControllerMap' with GeneratedClass '/Game/VirtualRealityBP/Maps/MotionControllerMap.MotionControllerMap_C' with ClassGeneratedBy '/Game/VirtualRealityBP/Maps/MotionControllerMap.MotionControllerMap:PersistentLevel.MotionControllerMap'
[2018.10.03-02.07.28:672][959]LogSlate: Updating window title bar state: overlay mode, drag disabled, window buttons hidden, title bar hidden
[2018.10.03-02.07.28:712][959]LogPlayLevel: Display: Shutting down PIE online subsystems
[2018.10.03-02.07.28:712][959]LogBlueprintUserMessages: Late EndPlayMap Detection: Level '/Game/VirtualRealityBP/Maps/MotionControllerMap.MotionControllerMap:PersistentLevel' has LevelScriptBlueprint '/Game/VirtualRealityBP/Maps/MotionControllerMap.MotionControllerMap:PersistentLevel.MotionControllerMap' with GeneratedClass '/Game/VirtualRealityBP/Maps/MotionControllerMap.MotionControllerMap_C' with ClassGeneratedBy '/Game/VirtualRealityBP/Maps/MotionControllerMap.MotionControllerMap:PersistentLevel.MotionControllerMap'
[2018.10.03-02.07.28:770][959]LogSlate: Updating window title bar state: overlay mode, drag disabled, window buttons hidden, title bar hidden
[2018.10.03-02.07.28:793][960]LogPlayLevel: Display: Destroying online subsystem :Context_9
[2018.10.03-02.07.31:621][298]LogTemp: Repeating last play command: Selected Viewport
[2018.10.03-02.07.31:635][298]LogBlueprintUserMessages: Early PlayInEditor Detection: Level '/Game/VirtualRealityBP/Maps/MotionControllerMap.MotionControllerMap:PersistentLevel' has LevelScriptBlueprint '/Game/VirtualRealityBP/Maps/MotionControllerMap.MotionControllerMap:PersistentLevel.MotionControllerMap' with GeneratedClass '/Game/VirtualRealityBP/Maps/MotionControllerMap.MotionControllerMap_C' with ClassGeneratedBy '/Game/VirtualRealityBP/Maps/MotionControllerMap.MotionControllerMap:PersistentLevel.MotionControllerMap'
[2018.10.03-02.07.31:636][298]LogPlayLevel: PlayLevel: No blueprints needed recompiling
[2018.10.03-02.07.31:636][298]LogHMD: Initializing OVRPlugin session
[2018.10.03-02.07.31:711][298]PIE: New page: PIE session: MotionControllerMap (3 Oct 2018 6:07:31 pm)
[2018.10.03-02.07.31:711][298]LogPlayLevel: Creating play world package: /Game/VirtualRealityBP/Maps/UEDPIE_0_MotionControllerMap
[2018.10.03-02.07.31:736][298]LogPlayLevel: PIE: StaticDuplicateObject took: (0.024489s)
[2018.10.03-02.07.31:736][298]LogAIModule: Creating AISystem for world MotionControllerMap
[2018.10.03-02.07.31:737][298]LogPlayLevel: PIE: World Init took: (0.001038s)
[2018.10.03-02.07.31:737][298]LogPlayLevel: PIE: Created PIE world by copying editor world from /Game/VirtualRealityBP/Maps/MotionControllerMap.MotionControllerMap to /Game/VirtualRealityBP/Maps/UEDPIE_0_MotionControllerMap.MotionControllerMap (0.025754s)
[2018.10.03-02.07.31:799][298]LogInit: XAudio2 using 'Speakers (Realtek High Definition Audio)' : 2 channels at 48 kHz using 32 bits per sample (channel mask 0x3)
[2018.10.03-02.07.31:817][298]LogInit: FAudioDevice initialized.
[2018.10.03-02.07.31:849][298]LogUObjectGlobals: Warning: Failed to find object 'Class None.'
[2018.10.03-02.07.31:849][298]LogLoad: Game class is 'GameModeBase'
[2018.10.03-02.07.31:852][298]LogWorld: Bringing World /Game/VirtualRealityBP/Maps/UEDPIE_0_MotionControllerMap.MotionControllerMap up for play (max tick rate 0) at 2018.10.03-10.07.31
[2018.10.03-02.07.31:853][298]LogWorld: Bringing up level for play took: 0.003399
[2018.10.03-02.07.31:868][298]PIE: Play in editor start time for /Game/VirtualRealityBP/Maps/UEDPIE_0_MotionControllerMap 0.464
[2018.10.03-02.07.31:868][298]LogBlueprintUserMessages: Late PlayInEditor Detection: Level '/Game/VirtualRealityBP/Maps/MotionControllerMap.MotionControllerMap:PersistentLevel' has LevelScriptBlueprint '/Game/VirtualRealityBP/Maps/MotionControllerMap.MotionControllerMap:PersistentLevel.MotionControllerMap' with GeneratedClass '/Game/VirtualRealityBP/Maps/MotionControllerMap.MotionControllerMap_C' with ClassGeneratedBy '/Game/VirtualRealityBP/Maps/MotionControllerMap.MotionControllerMap:PersistentLevel.MotionControllerMap'
[2018.10.03-02.08.04:234][222]LogBlueprintUserMessages: Early EndPlayMap Detection: Level '/Game/VirtualRealityBP/Maps/MotionControllerMap.MotionControllerMap:PersistentLevel' has LevelScriptBlueprint '/Game/VirtualRealityBP/Maps/MotionControllerMap.MotionControllerMap:PersistentLevel.MotionControllerMap' with GeneratedClass '/Game/VirtualRealityBP/Maps/MotionControllerMap.MotionControllerMap_C' with ClassGeneratedBy '/Game/VirtualRealityBP/Maps/MotionControllerMap.MotionControllerMap:PersistentLevel.MotionControllerMap'
[2018.10.03-02.08.04:241][222]LogSlate: Updating window title bar state: overlay mode, drag disabled, window buttons hidden, title bar hidden
[2018.10.03-02.08.04:275][222]LogPlayLevel: Display: Shutting down PIE online subsystems
[2018.10.03-02.08.04:276][222]LogBlueprintUserMessages: Late EndPlayMap Detection: Level '/Game/VirtualRealityBP/Maps/MotionControllerMap.MotionControllerMap:PersistentLevel' has LevelScriptBlueprint '/Game/VirtualRealityBP/Maps/MotionControllerMap.MotionControllerMap:PersistentLevel.MotionControllerMap' with GeneratedClass '/Game/VirtualRealityBP/Maps/MotionControllerMap.MotionControllerMap_C' with ClassGeneratedBy '/Game/VirtualRealityBP/Maps/MotionControllerMap.MotionControllerMap:PersistentLevel.MotionControllerMap'
[2018.10.03-02.08.04:334][222]LogSlate: Updating window title bar state: overlay mode, drag disabled, window buttons hidden, title bar hidden
[2018.10.03-02.08.04:357][223]LogPlayLevel: Display: Destroying online subsystem :Context_10
[2018.10.03-02.08.11:831][118]LogTemp: Repeating last play command: Selected Viewport
[2018.10.03-02.08.11:847][118]LogBlueprintUserMessages: Early PlayInEditor Detection: Level '/Game/VirtualRealityBP/Maps/MotionControllerMap.MotionControllerMap:PersistentLevel' has LevelScriptBlueprint '/Game/VirtualRealityBP/Maps/MotionControllerMap.MotionControllerMap:PersistentLevel.MotionControllerMap' with GeneratedClass '/Game/VirtualRealityBP/Maps/MotionControllerMap.MotionControllerMap_C' with ClassGeneratedBy '/Game/VirtualRealityBP/Maps/MotionControllerMap.MotionControllerMap:PersistentLevel.MotionControllerMap'
[2018.10.03-02.08.11:848][118]LogPlayLevel: PlayLevel: No blueprints needed recompiling
[2018.10.03-02.08.11:848][118]LogHMD: Initializing OVRPlugin session
[2018.10.03-02.08.11:925][118]PIE: New page: PIE session: MotionControllerMap (3 Oct 2018 6:08:11 pm)
[2018.10.03-02.08.11:925][118]LogPlayLevel: Creating play world package: /Game/VirtualRealityBP/Maps/UEDPIE_0_MotionControllerMap
[2018.10.03-02.08.11:953][118]LogPlayLevel: PIE: StaticDuplicateObject took: (0.027293s)
[2018.10.03-02.08.11:953][118]LogAIModule: Creating AISystem for world MotionControllerMap
[2018.10.03-02.08.11:954][118]LogPlayLevel: PIE: World Init took: (0.000985s)
[2018.10.03-02.08.11:954][118]LogPlayLevel: PIE: Created PIE world by copying editor world from /Game/VirtualRealityBP/Maps/MotionControllerMap.MotionControllerMap to /Game/VirtualRealityBP/Maps/UEDPIE_0_MotionControllerMap.MotionControllerMap (0.028500s)
[2018.10.03-02.08.12:019][118]LogInit: XAudio2 using 'Speakers (Realtek High Definition Audio)' : 2 channels at 48 kHz using 32 bits per sample (channel mask 0x3)
[2018.10.03-02.08.12:038][118]LogInit: FAudioDevice initialized.
[2018.10.03-02.08.12:070][118]LogUObjectGlobals: Warning: Failed to find object 'Class None.'
[2018.10.03-02.08.12:070][118]LogLoad: Game class is 'GameModeBase'
[2018.10.03-02.08.12:074][118]LogWorld: Bringing World /Game/VirtualRealityBP/Maps/UEDPIE_0_MotionControllerMap.MotionControllerMap up for play (max tick rate 0) at 2018.10.03-10.08.12
[2018.10.03-02.08.12:074][118]LogWorld: Bringing up level for play took: 0.003600
[2018.10.03-02.08.12:090][118]PIE: Play in editor start time for /Game/VirtualRealityBP/Maps/UEDPIE_0_MotionControllerMap 0.687
[2018.10.03-02.08.12:090][118]LogBlueprintUserMessages: Late PlayInEditor Detection: Level '/Game/VirtualRealityBP/Maps/MotionControllerMap.MotionControllerMap:PersistentLevel' has LevelScriptBlueprint '/Game/VirtualRealityBP/Maps/MotionControllerMap.MotionControllerMap:PersistentLevel.MotionControllerMap' with GeneratedClass '/Game/VirtualRealityBP/Maps/MotionControllerMap.MotionControllerMap_C' with ClassGeneratedBy '/Game/VirtualRealityBP/Maps/MotionControllerMap.MotionControllerMap:PersistentLevel.MotionControllerMap'
[2018.10.03-02.08.38:718][310]LogSlate: FSceneViewport::OnFocusLost() reason 2
[2018.10.03-02.08.41:970][694]LogBlueprintUserMessages: Early EndPlayMap Detection: Level '/Game/VirtualRealityBP/Maps/MotionControllerMap.MotionControllerMap:PersistentLevel' has LevelScriptBlueprint '/Game/VirtualRealityBP/Maps/MotionControllerMap.MotionControllerMap:PersistentLevel.MotionControllerMap' with GeneratedClass '/Game/VirtualRealityBP/Maps/MotionControllerMap.MotionControllerMap_C' with ClassGeneratedBy '/Game/VirtualRealityBP/Maps/MotionControllerMap.MotionControllerMap:PersistentLevel.MotionControllerMap'
[2018.10.03-02.08.41:976][694]LogSlate: Updating window title bar state: overlay mode, drag disabled, window buttons hidden, title bar hidden
[2018.10.03-02.08.42:015][694]LogPlayLevel: Display: Shutting down PIE online subsystems
[2018.10.03-02.08.42:015][694]LogBlueprintUserMessages: Late EndPlayMap Detection: Level '/Game/VirtualRealityBP/Maps/MotionControllerMap.MotionControllerMap:PersistentLevel' has LevelScriptBlueprint '/Game/VirtualRealityBP/Maps/MotionControllerMap.MotionControllerMap:PersistentLevel.MotionControllerMap' with GeneratedClass '/Game/VirtualRealityBP/Maps/MotionControllerMap.MotionControllerMap_C' with ClassGeneratedBy '/Game/VirtualRealityBP/Maps/MotionControllerMap.MotionControllerMap:PersistentLevel.MotionControllerMap'
[2018.10.03-02.08.42:072][694]LogSlate: Updating window title bar state: overlay mode, drag disabled, window buttons hidden, title bar hidden
[2018.10.03-02.08.42:095][695]LogPlayLevel: Display: Destroying online subsystem :Context_11
[2018.10.03-02.08.46:886][268]LogEditorViewport: Clicking on Actor (LMB): MotionControllerPawn_C (VRPawn)
[2018.10.03-02.08.52:066][878]LogSlate: FSceneViewport::OnFocusLost() reason 0
[2018.10.03-02.08.52:132][886]LogTemp: Repeating last play command: Selected Viewport
[2018.10.03-02.08.52:148][886]LogBlueprintUserMessages: Early PlayInEditor Detection: Level '/Game/VirtualRealityBP/Maps/MotionControllerMap.MotionControllerMap:PersistentLevel' has LevelScriptBlueprint '/Game/VirtualRealityBP/Maps/MotionControllerMap.MotionControllerMap:PersistentLevel.MotionControllerMap' with GeneratedClass '/Game/VirtualRealityBP/Maps/MotionControllerMap.MotionControllerMap_C' with ClassGeneratedBy '/Game/VirtualRealityBP/Maps/MotionControllerMap.MotionControllerMap:PersistentLevel.MotionControllerMap'
[2018.10.03-02.08.52:148][886]LogPlayLevel: PlayLevel: No blueprints needed recompiling
[2018.10.03-02.08.52:148][886]LogHMD: Initializing OVRPlugin session
[2018.10.03-02.08.52:224][886]PIE: New page: PIE session: MotionControllerMap (3 Oct 2018 6:08:52 pm)
[2018.10.03-02.08.52:224][886]LogPlayLevel: Creating play world package: /Game/VirtualRealityBP/Maps/UEDPIE_0_MotionControllerMap
[2018.10.03-02.08.52:251][886]LogPlayLevel: PIE: StaticDuplicateObject took: (0.026782s)
[2018.10.03-02.08.52:252][886]LogAIModule: Creating AISystem for world MotionControllerMap
[2018.10.03-02.08.52:252][886]LogPlayLevel: PIE: World Init took: (0.001094s)
[2018.10.03-02.08.52:252][886]LogPlayLevel: PIE: Created PIE world by copying editor world from /Game/VirtualRealityBP/Maps/MotionControllerMap.MotionControllerMap to /Game/VirtualRealityBP/Maps/UEDPIE_0_MotionControllerMap.MotionControllerMap (0.028064s)
[2018.10.03-02.08.52:351][886]LogInit: XAudio2 using 'Speakers (Realtek High Definition Audio)' : 2 channels at 48 kHz using 32 bits per sample (channel mask 0x3)
[2018.10.03-02.08.52:367][886]LogInit: FAudioDevice initialized.
[2018.10.03-02.08.52:400][886]LogUObjectGlobals: Warning: Failed to find object 'Class None.'
[2018.10.03-02.08.52:400][886]LogLoad: Game class is 'GameModeBase'
[2018.10.03-02.08.52:405][886]LogWorld: Bringing World /Game/VirtualRealityBP/Maps/UEDPIE_0_MotionControllerMap.MotionControllerMap up for play (max tick rate 0) at 2018.10.03-10.08.52
[2018.10.03-02.08.52:405][886]LogWorld: Bringing up level for play took: 0.003584
[2018.10.03-02.08.52:421][886]PIE: Play in editor start time for /Game/VirtualRealityBP/Maps/UEDPIE_0_MotionControllerMap 1.019
[2018.10.03-02.08.52:423][886]LogBlueprintUserMessages: Late PlayInEditor Detection: Level '/Game/VirtualRealityBP/Maps/MotionControllerMap.MotionControllerMap:PersistentLevel' has LevelScriptBlueprint '/Game/VirtualRealityBP/Maps/MotionControllerMap.MotionControllerMap:PersistentLevel.MotionControllerMap' with GeneratedClass '/Game/VirtualRealityBP/Maps/MotionControllerMap.MotionControllerMap_C' with ClassGeneratedBy '/Game/VirtualRealityBP/Maps/MotionControllerMap.MotionControllerMap:PersistentLevel.MotionControllerMap'
[2018.10.03-02.08.53:896][ 60]LogBlueprintUserMessages: Early EndPlayMap Detection: Level '/Game/VirtualRealityBP/Maps/MotionControllerMap.MotionControllerMap:PersistentLevel' has LevelScriptBlueprint '/Game/VirtualRealityBP/Maps/MotionControllerMap.MotionControllerMap:PersistentLevel.MotionControllerMap' with GeneratedClass '/Game/VirtualRealityBP/Maps/MotionControllerMap.MotionControllerMap_C' with ClassGeneratedBy '/Game/VirtualRealityBP/Maps/MotionControllerMap.MotionControllerMap:PersistentLevel.MotionControllerMap'
[2018.10.03-02.08.53:903][ 60]LogSlate: Updating window title bar state: overlay mode, drag disabled, window buttons hidden, title bar hidden
[2018.10.03-02.08.53:937][ 60]LogPlayLevel: Display: Shutting down PIE online subsystems
[2018.10.03-02.08.53:938][ 60]LogBlueprintUserMessages: Late EndPlayMap Detection: Level '/Game/VirtualRealityBP/Maps/MotionControllerMap.MotionControllerMap:PersistentLevel' has LevelScriptBlueprint '/Game/VirtualRealityBP/Maps/MotionControllerMap.MotionControllerMap:PersistentLevel.MotionControllerMap' with GeneratedClass '/Game/VirtualRealityBP/Maps/MotionControllerMap.MotionControllerMap_C' with ClassGeneratedBy '/Game/VirtualRealityBP/Maps/MotionControllerMap.MotionControllerMap:PersistentLevel.MotionControllerMap'
[2018.10.03-02.08.53:993][ 60]LogSlate: Updating window title bar state: overlay mode, drag disabled, window buttons hidden, title bar hidden
[2018.10.03-02.08.54:019][ 61]LogPlayLevel: Display: Destroying online subsystem :Context_12
[2018.10.03-02.09.01:316][931]LogEditorViewport: Clicking on Actor (LMB): MotionControllerPawn_C (VRPawn)
[2018.10.03-02.09.04:659][317]LogSlate: FSceneViewport::OnFocusLost() reason 0
[2018.10.03-02.09.05:101][370]LogTemp: Repeating last play command: Selected Viewport
[2018.10.03-02.09.05:118][370]LogBlueprintUserMessages: Early PlayInEditor Detection: Level '/Game/VirtualRealityBP/Maps/MotionControllerMap.MotionControllerMap:PersistentLevel' has LevelScriptBlueprint '/Game/VirtualRealityBP/Maps/MotionControllerMap.MotionControllerMap:PersistentLevel.MotionControllerMap' with GeneratedClass '/Game/VirtualRealityBP/Maps/MotionControllerMap.MotionControllerMap_C' with ClassGeneratedBy '/Game/VirtualRealityBP/Maps/MotionControllerMap.MotionControllerMap:PersistentLevel.MotionControllerMap'
[2018.10.03-02.09.05:118][370]LogPlayLevel: PlayLevel: No blueprints needed recompiling
[2018.10.03-02.09.05:118][370]LogHMD: Initializing OVRPlugin session
[2018.10.03-02.09.05:192][370]PIE: New page: PIE session: MotionControllerMap (3 Oct 2018 6:09:05 pm)
[2018.10.03-02.09.05:192][370]LogPlayLevel: Creating play world package: /Game/VirtualRealityBP/Maps/UEDPIE_0_MotionControllerMap
[2018.10.03-02.09.05:219][370]LogPlayLevel: PIE: StaticDuplicateObject took: (0.027324s)
[2018.10.03-02.09.05:220][370]LogAIModule: Creating AISystem for world MotionControllerMap
[2018.10.03-02.09.05:220][370]LogPlayLevel: PIE: World Init took: (0.000952s)
[2018.10.03-02.09.05:220][370]LogPlayLevel: PIE: Created PIE world by copying editor world from /Game/VirtualRealityBP/Maps/MotionControllerMap.MotionControllerMap to /Game/VirtualRealityBP/Maps/UEDPIE_0_MotionControllerMap.MotionControllerMap (0.028523s)
[2018.10.03-02.09.05:314][370]LogInit: XAudio2 using 'Speakers (Realtek High Definition Audio)' : 2 channels at 48 kHz using 32 bits per sample (channel mask 0x3)
[2018.10.03-02.09.05:331][370]LogInit: FAudioDevice initialized.
[2018.10.03-02.09.05:365][370]LogUObjectGlobals: Warning: Failed to find object 'Class None.'
[2018.10.03-02.09.05:365][370]LogLoad: Game class is 'GameModeBase'
[2018.10.03-02.09.05:369][370]LogWorld: Bringing World /Game/VirtualRealityBP/Maps/UEDPIE_0_MotionControllerMap.MotionControllerMap up for play (max tick rate 0) at 2018.10.03-10.09.05
[2018.10.03-02.09.05:369][370]LogWorld: Bringing up level for play took: 0.003504
[2018.10.03-02.09.05:386][370]PIE: Play in editor start time for /Game/VirtualRealityBP/Maps/UEDPIE_0_MotionControllerMap -0.017
[2018.10.03-02.09.05:387][370]LogBlueprintUserMessages: Late PlayInEditor Detection: Level '/Game/VirtualRealityBP/Maps/MotionControllerMap.MotionControllerMap:PersistentLevel' has LevelScriptBlueprint '/Game/VirtualRealityBP/Maps/MotionControllerMap.MotionControllerMap:PersistentLevel.MotionControllerMap' with GeneratedClass '/Game/VirtualRealityBP/Maps/MotionControllerMap.MotionControllerMap_C' with ClassGeneratedBy '/Game/VirtualRealityBP/Maps/MotionControllerMap.MotionControllerMap:PersistentLevel.MotionControllerMap'
[2018.10.03-02.09.16:650][719]LogBlueprintUserMessages: Early EndPlayMap Detection: Level '/Game/VirtualRealityBP/Maps/MotionControllerMap.MotionControllerMap:PersistentLevel' has LevelScriptBlueprint '/Game/VirtualRealityBP/Maps/MotionControllerMap.MotionControllerMap:PersistentLevel.MotionControllerMap' with GeneratedClass '/Game/VirtualRealityBP/Maps/MotionControllerMap.MotionControllerMap_C' with ClassGeneratedBy '/Game/VirtualRealityBP/Maps/MotionControllerMap.MotionControllerMap:PersistentLevel.MotionControllerMap'
[2018.10.03-02.09.16:657][719]LogSlate: Updating window title bar state: overlay mode, drag disabled, window buttons hidden, title bar hidden
[2018.10.03-02.09.16:696][719]LogPlayLevel: Display: Shutting down PIE online subsystems
[2018.10.03-02.09.16:697][719]LogBlueprintUserMessages: Late EndPlayMap Detection: Level '/Game/VirtualRealityBP/Maps/MotionControllerMap.MotionControllerMap:PersistentLevel' has LevelScriptBlueprint '/Game/VirtualRealityBP/Maps/MotionControllerMap.MotionControllerMap:PersistentLevel.MotionControllerMap' with GeneratedClass '/Game/VirtualRealityBP/Maps/MotionControllerMap.MotionControllerMap_C' with ClassGeneratedBy '/Game/VirtualRealityBP/Maps/MotionControllerMap.MotionControllerMap:PersistentLevel.MotionControllerMap'
[2018.10.03-02.09.16:754][719]LogSlate: Updating window title bar state: overlay mode, drag disabled, window buttons hidden, title bar hidden
[2018.10.03-02.09.16:777][720]LogPlayLevel: Display: Destroying online subsystem :Context_13
[2018.10.03-02.09.29:030][828]LogSlate: Window 'Save Content' being destroyed
[2018.10.03-02.09.29:035][828]LogPlayLevel: Warning: PIE failed because map save was canceled
[2018.10.03-02.09.29:035][828]PIE: Warning: PIE failed because map save was canceled
[2018.10.03-02.09.30:574][  9]LogSlate: Window 'Message Log' being destroyed
[2018.10.03-02.09.30:577][  9]LogSlate: Window 'Message Log' being destroyed
[2018.10.03-02.09.33:530][360]LogBlueprintUserMessages: Early PlayInEditor Detection: Level '/Game/VirtualRealityBP/Maps/MotionControllerMap.MotionControllerMap:PersistentLevel' has LevelScriptBlueprint '/Game/VirtualRealityBP/Maps/MotionControllerMap.MotionControllerMap:PersistentLevel.MotionControllerMap' with GeneratedClass '/Game/VirtualRealityBP/Maps/MotionControllerMap.MotionControllerMap_C' with ClassGeneratedBy '/Game/VirtualRealityBP/Maps/MotionControllerMap.MotionControllerMap:PersistentLevel.MotionControllerMap'
[2018.10.03-02.09.33:530][360]LogPlayLevel: PlayLevel: No blueprints needed recompiling
[2018.10.03-02.09.33:531][360]LogHMD: Initializing OVRPlugin session
[2018.10.03-02.09.33:608][360]PIE: New page: PIE session: MotionControllerMap (3 Oct 2018 6:09:33 pm)
[2018.10.03-02.09.33:608][360]LogPlayLevel: Creating play world package: /Game/VirtualRealityBP/Maps/UEDPIE_0_MotionControllerMap
[2018.10.03-02.09.33:634][360]LogPlayLevel: PIE: StaticDuplicateObject took: (0.026675s)
[2018.10.03-02.09.33:635][360]LogAIModule: Creating AISystem for world MotionControllerMap
[2018.10.03-02.09.33:635][360]LogPlayLevel: PIE: World Init took: (0.001018s)
[2018.10.03-02.09.33:635][360]LogPlayLevel: PIE: Created PIE world by copying editor world from /Game/VirtualRealityBP/Maps/MotionControllerMap.MotionControllerMap to /Game/VirtualRealityBP/Maps/UEDPIE_0_MotionControllerMap.MotionControllerMap (0.027895s)
[2018.10.03-02.09.33:702][360]LogInit: XAudio2 using 'Speakers (Realtek High Definition Audio)' : 2 channels at 48 kHz using 32 bits per sample (channel mask 0x3)
[2018.10.03-02.09.33:721][360]LogInit: FAudioDevice initialized.
[2018.10.03-02.09.33:756][360]LogUObjectGlobals: Warning: Failed to find object 'Class None.'
[2018.10.03-02.09.33:756][360]LogLoad: Game class is 'GameModeBase'
[2018.10.03-02.09.33:760][360]LogWorld: Bringing World /Game/VirtualRealityBP/Maps/UEDPIE_0_MotionControllerMap.MotionControllerMap up for play (max tick rate 0) at 2018.10.03-10.09.33
[2018.10.03-02.09.33:761][360]LogWorld: Bringing up level for play took: 0.003571
[2018.10.03-02.09.33:776][360]PIE: Play in editor start time for /Game/VirtualRealityBP/Maps/UEDPIE_0_MotionControllerMap 0.373
[2018.10.03-02.09.33:776][360]LogBlueprintUserMessages: Late PlayInEditor Detection: Level '/Game/VirtualRealityBP/Maps/MotionControllerMap.MotionControllerMap:PersistentLevel' has LevelScriptBlueprint '/Game/VirtualRealityBP/Maps/MotionControllerMap.MotionControllerMap:PersistentLevel.MotionControllerMap' with GeneratedClass '/Game/VirtualRealityBP/Maps/MotionControllerMap.MotionControllerMap_C' with ClassGeneratedBy '/Game/VirtualRealityBP/Maps/MotionControllerMap.MotionControllerMap:PersistentLevel.MotionControllerMap'
[2018.10.03-02.09.42:616][417]LogScript: Warning: Accessed None trying to read property CallFunc_K2_GetRootComponent_ReturnValue
	MotionControllerMap_C /Game/VirtualRealityBP/Maps/UEDPIE_0_MotionControllerMap.MotionControllerMap:PersistentLevel.MotionControllerMap_C_8
	Function /Game/VirtualRealityBP/Maps/MotionControllerMap.MotionControllerMap_C:ExecuteUbergraph_MotionControllerMap:039C
[2018.10.03-02.09.42:616][417]PIE: Error: Blueprint Runtime Error: "Accessed None trying to read property CallFunc_K2_GetRootComponent_ReturnValue". Blueprint:  MotionControllerMap Function:  Execute Ubergraph Motion Controller Map Graph:  EventGraph Node:  Play World Camera Shake
[2018.10.03-02.09.44:091][594]LogBlueprintUserMessages: Early EndPlayMap Detection: Level '/Game/VirtualRealityBP/Maps/MotionControllerMap.MotionControllerMap:PersistentLevel' has LevelScriptBlueprint '/Game/VirtualRealityBP/Maps/MotionControllerMap.MotionControllerMap:PersistentLevel.MotionControllerMap' with GeneratedClass '/Game/VirtualRealityBP/Maps/MotionControllerMap.MotionControllerMap_C' with ClassGeneratedBy '/Game/VirtualRealityBP/Maps/MotionControllerMap.MotionControllerMap:PersistentLevel.MotionControllerMap'
[2018.10.03-02.09.44:097][594]LogSlate: Updating window title bar state: overlay mode, drag disabled, window buttons hidden, title bar hidden
[2018.10.03-02.09.44:133][594]LogPlayLevel: Display: Shutting down PIE online subsystems
[2018.10.03-02.09.44:134][594]LogBlueprintUserMessages: Late EndPlayMap Detection: Level '/Game/VirtualRealityBP/Maps/MotionControllerMap.MotionControllerMap:PersistentLevel' has LevelScriptBlueprint '/Game/VirtualRealityBP/Maps/MotionControllerMap.MotionControllerMap:PersistentLevel.MotionControllerMap' with GeneratedClass '/Game/VirtualRealityBP/Maps/MotionControllerMap.MotionControllerMap_C' with ClassGeneratedBy '/Game/VirtualRealityBP/Maps/MotionControllerMap.MotionControllerMap:PersistentLevel.MotionControllerMap'
[2018.10.03-02.09.44:190][594]LogSlate: Updating window title bar state: overlay mode, drag disabled, window buttons hidden, title bar hidden
[2018.10.03-02.09.44:227][595]LogPlayLevel: Display: Destroying online subsystem :Context_14
[2018.10.03-02.09.44:897][674]LogSlate: FSceneViewport::OnFocusLost() reason 0
[2018.10.03-02.09.47:589][682]LogSlate: Window 'Save Content' being destroyed
[2018.10.03-02.09.47:660][682]LogSlate: Window 'BatPickingUpBoat' being destroyed
[2018.10.03-02.09.47:843][682]LogSlate: Window 'FYP_Prototype - Unreal Editor' being destroyed
[2018.10.03-02.09.48:042][683]Cmd: QUIT_EDITOR
[2018.10.03-02.09.48:719][683]LogWindowsTextInputMethodSystem: Display: IME system now activated using TSF (Microsoft IME).
[2018.10.03-02.09.48:733][683]LogExit: Preparing to exit.
[2018.10.03-02.09.49:822][683]LogExit: Editor shut down
[2018.10.03-02.09.49:823][683]LogExit: Transaction tracking system shut down
[2018.10.03-02.09.50:041][683]LogExit: Object subsystem successfully closed.
[2018.10.03-02.09.50:102][683]LogShaderCompilers: Display: Shaders left to compile 0
[2018.10.03-02.09.50:107][683]LogD3D11RHI: Shutdown
[2018.10.03-02.09.50:107][683]LogD3D11RHI: CleanupD3DDevice
[2018.10.03-02.09.50:111][683]LogD3D11RHI: ~FD3D11DynamicRHI
[2018.10.03-02.09.50:124][683]LogModuleManager: Shutting down and abandoning module MovieSceneCapture (624)
[2018.10.03-02.09.50:124][683]LogModuleManager: Shutting down and abandoning module Voice (622)
[2018.10.03-02.09.50:124][683]LogModuleManager: Shutting down and abandoning module AnimationEditor (620)
[2018.10.03-02.09.50:124][683]LogModuleManager: Shutting down and abandoning module ClothingSystemEditorInterface (618)
[2018.10.03-02.09.50:124][683]LogModuleManager: Shutting down and abandoning module PinnedCommandList (616)
[2018.10.03-02.09.50:124][683]LogModuleManager: Shutting down and abandoning module SkeletonEditor (614)
[2018.10.03-02.09.50:124][683]LogModuleManager: Shutting down and abandoning module PhysicsAssetEditor (612)
[2018.10.03-02.09.50:124][683]LogModuleManager: Shutting down and abandoning module HierarchicalLODOutliner (610)
[2018.10.03-02.09.50:124][683]LogModuleManager: Shutting down and abandoning module SceneOutliner (608)
[2018.10.03-02.09.50:124][683]LogModuleManager: Shutting down and abandoning module AddContentDialog (606)
[2018.10.03-02.09.50:125][683]LogModuleManager: Shutting down and abandoning module WidgetCarousel (605)
[2018.10.03-02.09.50:125][683]LogModuleManager: Shutting down and abandoning module EditorWidgets (602)
[2018.10.03-02.09.50:125][683]LogModuleManager: Shutting down and abandoning module CollectionManager (600)
[2018.10.03-02.09.50:125][683]LogModuleManager: Shutting down and abandoning module StatsViewer (598)
[2018.10.03-02.09.50:125][683]LogModuleManager: Shutting down and abandoning module FoliageEdit (596)
[2018.10.03-02.09.50:125][683]LogModuleManager: Shutting down and abandoning module LandscapeEditor (594)
[2018.10.03-02.09.50:125][683]LogModuleManager: Shutting down and abandoning module MeshPaintMode (592)
[2018.10.03-02.09.50:125][683]LogModuleManager: Shutting down and abandoning module SceneDepthPickerMode (590)
[2018.10.03-02.09.50:125][683]LogModuleManager: Shutting down and abandoning module ActorPickerMode (588)
[2018.10.03-02.09.50:126][683]LogModuleManager: Shutting down and abandoning module GeometryMode (586)
[2018.10.03-02.09.50:126][683]LogModuleManager: Shutting down and abandoning module TextureAlignMode (584)
[2018.10.03-02.09.50:126][683]LogModuleManager: Shutting down and abandoning module BspMode (582)
[2018.10.03-02.09.50:126][683]LogModuleManager: Shutting down and abandoning module PIEPreviewDeviceProfileSelector (580)
[2018.10.03-02.09.50:126][683]LogModuleManager: Shutting down and abandoning module SequenceRecorderSections (578)
[2018.10.03-02.09.50:126][683]LogModuleManager: Shutting down and abandoning module AutomationWorker (576)
[2018.10.03-02.09.50:126][683]LogModuleManager: Shutting down and abandoning module AudioCaptureEditor (574)
[2018.10.03-02.09.50:126][683]LogModuleManager: Shutting down and abandoning module SequenceRecorder (573)
[2018.10.03-02.09.50:126][683]LogModuleManager: Shutting down and abandoning module MatineeToLevelSequence (570)
[2018.10.03-02.09.50:126][683]LogModuleManager: Shutting down and abandoning module LevelSequenceEditor (568)
[2018.10.03-02.09.50:126][683]LogModuleManager: Shutting down and abandoning module PlacementMode (567)
[2018.10.03-02.09.50:126][683]LogModuleManager: Shutting down and abandoning module MaterialEditor (566)
[2018.10.03-02.09.50:126][683]LogModuleManager: Shutting down and abandoning module WmfMediaFactory (562)
[2018.10.03-02.09.50:126][683]LogModuleManager: Shutting down and abandoning module WmfMediaEditor (560)
[2018.10.03-02.09.50:126][683]LogModuleManager: Shutting down and abandoning module MediaPlayerEditor (558)
[2018.10.03-02.09.50:126][683]LogModuleManager: Shutting down and abandoning module OpenExrWrapper (556)
[2018.10.03-02.09.50:126][683]LogModuleManager: Shutting down and abandoning module ImgMediaFactory (554)
[2018.10.03-02.09.50:126][683]LogModuleManager: Shutting down and abandoning module ImgMediaEditor (552)
[2018.10.03-02.09.50:126][683]LogModuleManager: Shutting down and abandoning module AvfMediaFactory (550)
[2018.10.03-02.09.50:126][683]LogModuleManager: Shutting down and abandoning module AvfMediaEditor (548)
[2018.10.03-02.09.50:126][683]LogModuleManager: Shutting down and abandoning module AndroidMediaFactory (546)
[2018.10.03-02.09.50:126][683]LogModuleManager: Shutting down and abandoning module AndroidMediaEditor (544)
[2018.10.03-02.09.50:126][683]LogModuleManager: Shutting down and abandoning module MagicLeapCameraPreviewFactory (542)
[2018.10.03-02.09.50:126][683]LogModuleManager: Shutting down and abandoning module MagicLeapMediaFactory (540)
[2018.10.03-02.09.50:126][683]LogModuleManager: Shutting down and abandoning module MagicLeapMediaEditor (538)
[2018.10.03-02.09.50:126][683]LogModuleManager: Shutting down and abandoning module CharacterAI (536)
[2018.10.03-02.09.50:126][683]LogModuleManager: Shutting down and abandoning module SmartSnapping (534)
[2018.10.03-02.09.50:126][683]LogModuleManager: Shutting down and abandoning module SessionServices (532)
[2018.10.03-02.09.50:126][683]LogModuleManager: Shutting down and abandoning module ViewportSnapping (530)
[2018.10.03-02.09.50:126][683]LogModuleManager: Shutting down and abandoning module ViewportInteraction (528)
[2018.10.03-02.09.50:126][683]LogModuleManager: Shutting down and abandoning module ClothPainter (526)
[2018.10.03-02.09.50:126][683]LogModuleManager: Shutting down and abandoning module SkeletalMeshEditor (525)
[2018.10.03-02.09.50:126][683]LogModuleManager: Shutting down and abandoning module LogVisualizer (522)
[2018.10.03-02.09.50:127][683]LogModuleManager: Shutting down and abandoning module IntroTutorials (520)
[2018.10.03-02.09.50:127][683]LogModuleManager: Shutting down and abandoning module GameProjectGeneration (519)
[2018.10.03-02.09.50:127][683]LogModuleManager: Shutting down and abandoning module LuminPlatformEditor (516)
[2018.10.03-02.09.50:127][683]LogModuleManager: Shutting down and abandoning module IOSPlatformEditor (514)
[2018.10.03-02.09.50:127][683]LogModuleManager: Shutting down and abandoning module HTML5PlatformEditor (512)
[2018.10.03-02.09.50:127][683]LogModuleManager: Shutting down and abandoning module AndroidPlatformEditor (510)
[2018.10.03-02.09.50:127][683]LogModuleManager: Shutting down and abandoning module AndroidDeviceDetection (509)
[2018.10.03-02.09.50:961][683]LogModuleManager: Shutting down and abandoning module WindowsPlatformEditor (506)
[2018.10.03-02.09.50:961][683]LogModuleManager: Shutting down and abandoning module LuminRuntimeSettings (504)
[2018.10.03-02.09.50:961][683]LogModuleManager: Shutting down and abandoning module IOSRuntimeSettings (502)
[2018.10.03-02.09.50:961][683]LogModuleManager: Shutting down and abandoning module AndroidRuntimeSettings (500)
[2018.10.03-02.09.50:961][683]LogModuleManager: Shutting down and abandoning module InputBindingEditor (498)
[2018.10.03-02.09.50:961][683]LogModuleManager: Shutting down and abandoning module MergeActors (496)
[2018.10.03-02.09.50:961][683]LogModuleManager: Shutting down and abandoning module LocalizationDashboard (494)
[2018.10.03-02.09.50:961][683]LogModuleManager: Shutting down and abandoning module LocalizationService (493)
[2018.10.03-02.09.50:961][683]LogModuleManager: Shutting down and abandoning module HardwareTargeting (490)
[2018.10.03-02.09.50:961][683]LogModuleManager: Shutting down and abandoning module DeviceProfileEditor (488)
[2018.10.03-02.09.50:961][683]LogModuleManager: Shutting down and abandoning module UndoHistory (486)
[2018.10.03-02.09.50:961][683]LogModuleManager: Shutting down and abandoning module XmlParser (484)
[2018.10.03-02.09.50:961][683]LogModuleManager: Shutting down and abandoning module Blutility (482)
[2018.10.03-02.09.50:961][683]LogModuleManager: Shutting down and abandoning module ProjectSettingsViewer (480)
[2018.10.03-02.09.50:961][683]LogModuleManager: Shutting down and abandoning module ProjectTargetPlatformEditor (479)
[2018.10.03-02.09.50:962][683]LogModuleManager: Shutting down and abandoning module EditorSettingsViewer (476)
[2018.10.03-02.09.50:962][683]LogModuleManager: Shutting down and abandoning module SettingsEditor (474)
[2018.10.03-02.09.50:962][683]LogModuleManager: Shutting down and abandoning module ProjectLauncher (472)
[2018.10.03-02.09.50:962][683]LogModuleManager: Shutting down and abandoning module SessionFrontend (470)
[2018.10.03-02.09.50:962][683]LogModuleManager: Shutting down and abandoning module ProfilerClient (468)
[2018.10.03-02.09.50:962][683]LogModuleManager: Shutting down and abandoning module DeviceManager (466)
[2018.10.03-02.09.50:962][683]LogModuleManager: Shutting down and abandoning module TargetDeviceServices (465)
[2018.10.03-02.09.51:017][683]LogModuleManager: Shutting down and abandoning module AutomationController (462)
[2018.10.03-02.09.51:017][683]LogModuleManager: Shutting down and abandoning module AutomationWindow (460)
[2018.10.03-02.09.51:017][683]LogModuleManager: Shutting down and abandoning module Layers (458)
[2018.10.03-02.09.51:017][683]LogModuleManager: Shutting down and abandoning module ComponentVisualizers (456)
[2018.10.03-02.09.51:017][683]LogModuleManager: Shutting down and abandoning module DetailCustomizations (454)
[2018.10.03-02.09.51:017][683]LogModuleManager: Shutting down and abandoning module PackagesDialog (452)
[2018.10.03-02.09.51:017][683]LogModuleManager: Shutting down and abandoning module Persona (450)
[2018.10.03-02.09.51:018][683]LogModuleManager: Shutting down and abandoning module AdvancedPreviewScene (449)
[2018.10.03-02.09.51:018][683]LogModuleManager: Shutting down and abandoning module AnimGraph (447)
[2018.10.03-02.09.51:018][683]LogModuleManager: Shutting down and abandoning module Kismet (444)
[2018.10.03-02.09.51:019][683]LogModuleManager: Shutting down and abandoning module GraphEditor (442)
[2018.10.03-02.09.51:019][683]LogModuleManager: Shutting down and abandoning module ClassViewer (440)
[2018.10.03-02.09.51:019][683]LogModuleManager: Shutting down and abandoning module Toolbox (438)
[2018.10.03-02.09.51:019][683]LogModuleManager: Shutting down and abandoning module ModuleUI (436)
[2018.10.03-02.09.51:019][683]LogModuleManager: Shutting down and abandoning module MovieSceneTools (434)
[2018.10.03-02.09.51:019][683]LogModuleManager: Shutting down and abandoning module OutputLog (432)
[2018.10.03-02.09.51:019][683]LogModuleManager: Shutting down and abandoning module GammaUI (430)
[2018.10.03-02.09.51:019][683]LogModuleManager: Shutting down and abandoning module Documentation (428)
[2018.10.03-02.09.51:019][683]LogModuleManager: Shutting down and abandoning module MovieSceneTracks (426)
[2018.10.03-02.09.51:019][683]LogModuleManager: Shutting down and abandoning module MovieScene (424)
[2018.10.03-02.09.51:019][683]LogModuleManager: Shutting down and abandoning module StreamingPauseRendering (422)
[2018.10.03-02.09.51:019][683]LogModuleManager: Shutting down and abandoning module LauncherPlatform (420)
[2018.10.03-02.09.51:019][683]LogModuleManager: Shutting down and abandoning module AnalyticsET (418)
[2018.10.03-02.09.51:019][683]LogModuleManager: Shutting down and abandoning module PortalServices (416)
[2018.10.03-02.09.51:019][683]LogModuleManager: Shutting down and abandoning module PortalRpc (414)
[2018.10.03-02.09.51:019][683]LogModuleManager: Shutting down and abandoning module MessagingRpc (412)
[2018.10.03-02.09.51:019][683]LogModuleManager: Shutting down and abandoning module AIModule (410)
[2018.10.03-02.09.51:019][683]LogModuleManager: Shutting down and abandoning module GameplayDebugger (409)
[2018.10.03-02.09.51:019][683]LogModuleManager: Shutting down and abandoning module AITestSuite (407)
[2018.10.03-02.09.51:019][683]LogModuleManager: Shutting down and abandoning module NavigationSystem (405)
[2018.10.03-02.09.51:019][683]LogModuleManager: Shutting down and abandoning module DesktopPlatform (402)
[2018.10.03-02.09.51:020][683]LogModuleManager: Shutting down and abandoning module ProfilerService (400)
[2018.10.03-02.09.51:177][683]LogModuleManager: Shutting down and abandoning module TaskGraph (398)
[2018.10.03-02.09.51:178][683]LogModuleManager: Shutting down and abandoning module SteamVRController (396)
[2018.10.03-02.09.51:178][683]LogModuleManager: Shutting down and abandoning module ProceduralMeshComponentEditor (394)
[2018.10.03-02.09.51:178][683]LogModuleManager: Shutting down and abandoning module ProceduralMeshComponent (392)
[2018.10.03-02.09.51:178][683]LogModuleManager: Shutting down and abandoning module OculusInput (390)
[2018.10.03-02.09.51:178][683]LogModuleManager: Shutting down and abandoning module MobilePatchingUtils (388)
[2018.10.03-02.09.51:178][683]LogModuleManager: Shutting down and abandoning module EditableMesh (386)
[2018.10.03-02.09.51:178][683]LogModuleManager: Shutting down and abandoning module CustomMeshComponent (384)
[2018.10.03-02.09.51:178][683]LogModuleManager: Shutting down and abandoning module CableComponent (382)
[2018.10.03-02.09.51:178][683]LogModuleManager: Shutting down and abandoning module AudioCapture (380)
[2018.10.03-02.09.51:178][683]LogModuleManager: Shutting down and abandoning module ArchVisCharacter (378)
[2018.10.03-02.09.51:178][683]LogModuleManager: Shutting down and abandoning module AndroidPermission (376)
[2018.10.03-02.09.51:178][683]LogModuleManager: Shutting down and abandoning module NUTUnrealEngine4 (374)
[2018.10.03-02.09.51:178][683]LogModuleManager: Shutting down and abandoning module NetcodeUnitTest (372)
[2018.10.03-02.09.51:178][683]LogModuleManager: Shutting down and abandoning module MediaCompositingEditor (370)
[2018.10.03-02.09.51:178][683]LogModuleManager: Shutting down and abandoning module MediaCompositing (368)
[2018.10.03-02.09.51:178][683]LogModuleManager: Shutting down and abandoning module LinearTimecode (366)
[2018.10.03-02.09.51:178][683]LogModuleManager: Shutting down and abandoning module ImgMedia (364)
[2018.10.03-02.09.51:183][683]LogModuleManager: Shutting down and abandoning module HTML5Networking (362)
[2018.10.03-02.09.51:183][683]LogModuleManager: Shutting down and abandoning module GeometryCacheTracks (360)
[2018.10.03-02.09.51:183][683]LogModuleManager: Shutting down and abandoning module GeometryCacheSequencer (358)
[2018.10.03-02.09.51:183][683]LogModuleManager: Shutting down and abandoning module BackChannel (356)
[2018.10.03-02.09.51:183][683]LogModuleManager: Shutting down and abandoning module AppleVision (354)
[2018.10.03-02.09.51:183][683]LogModuleManager: Shutting down and abandoning module AppleImageUtils (352)
[2018.10.03-02.09.51:183][683]LogModuleManager: Shutting down and abandoning module AlembicImporter (350)
[2018.10.03-02.09.51:183][683]LogModuleManager: Shutting down and abandoning module AlembicLibrary (349)
[2018.10.03-02.09.51:183][683]LogModuleManager: Shutting down and abandoning module GeometryCache (348)
[2018.10.03-02.09.51:183][683]LogModuleManager: Shutting down and abandoning module GeometryCacheEd (347)
[2018.10.03-02.09.51:183][683]LogModuleManager: Shutting down and abandoning module DatasmithContentEditor (342)
[2018.10.03-02.09.51:183][683]LogModuleManager: Shutting down and abandoning module DatasmithContent (340)
[2018.10.03-02.09.51:184][683]LogModuleManager: Shutting down and abandoning module SpeedTreeImporter (338)
[2018.10.03-02.09.51:184][683]LogModuleManager: Shutting down and abandoning module PluginBrowser (336)
[2018.10.03-02.09.51:184][683]LogModuleManager: Shutting down and abandoning module MobileLauncherProfileWizard (334)
[2018.10.03-02.09.51:184][683]LogModuleManager: Shutting down and abandoning module PolygonModeling (332)
[2018.10.03-02.09.51:184][683]LogModuleManager: Shutting down and abandoning module MeshEditor (330)
[2018.10.03-02.09.51:184][683]LogModuleManager: Shutting down and abandoning module CryptoKeysOpenSSL (328)
[2018.10.03-02.09.51:184][683]LogModuleManager: Shutting down and abandoning module CryptoKeys (326)
[2018.10.03-02.09.51:184][683]LogModuleManager: Shutting down and abandoning module VisualStudioSourceCodeAccess (324)
[2018.10.03-02.09.51:184][683]LogModuleManager: Shutting down and abandoning module VisualStudioCodeSourceCodeAccess (322)
[2018.10.03-02.09.51:184][683]LogModuleManager: Shutting down and abandoning module UObjectPlugin (320)
[2018.10.03-02.09.51:184][683]LogModuleManager: Shutting down and abandoning module SubversionSourceControl (318)
[2018.10.03-02.09.51:184][683]LogModuleManager: Shutting down and abandoning module PerforceSourceControl (316)
[2018.10.03-02.09.51:184][683]LogModuleManager: Shutting down and abandoning module GitSourceControl (314)
[2018.10.03-02.09.51:184][683]LogModuleManager: Shutting down and abandoning module SourceControl (313)
[2018.10.03-02.09.51:184][683]LogModuleManager: Shutting down and abandoning module CLionSourceCodeAccess (310)
[2018.10.03-02.09.51:184][683]LogModuleManager: Shutting down and abandoning module LightPropagationVolumeEditor (308)
[2018.10.03-02.09.51:184][683]LogModuleManager: Shutting down and abandoning module PaperTiledImporter (306)
[2018.10.03-02.09.51:184][683]LogModuleManager: Shutting down and abandoning module PaperSpriteSheetImporter (304)
[2018.10.03-02.09.51:184][683]LogModuleManager: Shutting down and abandoning module Paper2DEditor (302)
[2018.10.03-02.09.51:184][683]LogModuleManager: Shutting down and abandoning module MeshPaint (301)
[2018.10.03-02.09.51:184][683]LogModuleManager: Shutting down and abandoning module RuntimePhysXCooking (298)
[2018.10.03-02.09.51:184][683]LogModuleManager: Shutting down and abandoning module PhysXVehiclesEditor (296)
[2018.10.03-02.09.51:184][683]LogModuleManager: Shutting down and abandoning module PhysXVehicles (294)
[2018.10.03-02.09.51:184][683]LogModuleManager: Shutting down and abandoning module OculusEditor (292)
[2018.10.03-02.09.51:184][683]LogModuleManager: Shutting down and abandoning module LocationServicesBPLibrary (290)
[2018.10.03-02.09.51:184][683]LogModuleManager: Shutting down and abandoning module ImmediatePhysicsEditor (288)
[2018.10.03-02.09.51:184][683]LogModuleManager: Shutting down and abandoning module ImmediatePhysics (286)
[2018.10.03-02.09.51:184][683]LogModuleManager: Shutting down and abandoning module ActorSequence (284)
[2018.10.03-02.09.51:185][683]LogModuleManager: Shutting down and abandoning module UdpMessaging (282)
[2018.10.03-02.09.51:286][683]LogModuleManager: Shutting down and abandoning module TcpMessaging (280)
[2018.10.03-02.09.51:387][683]LogModuleManager: Shutting down and abandoning module MagicLeapAudio (278)
[2018.10.03-02.09.51:387][683]LogModuleManager: Shutting down and abandoning module GameplayTagsEditor (276)
[2018.10.03-02.09.51:387][683]LogModuleManager: Shutting down and abandoning module FacialAnimationEditor (274)
[2018.10.03-02.09.51:387][683]LogModuleManager: Shutting down and abandoning module FacialAnimation (272)
[2018.10.03-02.09.51:387][683]LogModuleManager: Shutting down and abandoning module DataValidation (270)
[2018.10.03-02.09.51:387][683]LogModuleManager: Shutting down and abandoning module AssetManagerEditor (268)
[2018.10.03-02.09.51:387][683]LogModuleManager: Shutting down and abandoning module LevelEditor (267)
[2018.10.03-02.09.51:388][683]LogModuleManager: Shutting down and abandoning module PixelInspectorModule (266)
[2018.10.03-02.09.51:388][683]LogModuleManager: Shutting down and abandoning module CommonMenuExtensions (264)
[2018.10.03-02.09.51:389][683]LogModuleManager: Shutting down and abandoning module MainFrame (262)
[2018.10.03-02.09.51:389][683]LogModuleManager: Shutting down and abandoning module HotReload (261)
[2018.10.03-02.09.51:389][683]LogModuleManager: Shutting down and abandoning module ContentBrowser (257)
[2018.10.03-02.09.51:391][683]LogModuleManager: Shutting down and abandoning module TreeMap (255)
[2018.10.03-02.09.51:391][683]LogModuleManager: Shutting down and abandoning module LightPropagationVolumeRuntime (252)
[2018.10.03-02.09.51:391][683]LogModuleManager: Shutting down and abandoning module AISupportModule (250)
[2018.10.03-02.09.51:391][683]LogModuleManager: Shutting down and abandoning module Paper2D (248)
[2018.10.03-02.09.51:391][683]LogModuleManager: Shutting down and abandoning module WindowsMoviePlayer (246)
[2018.10.03-02.09.51:391][683]LogModuleManager: Shutting down and abandoning module WmfMedia (244)
[2018.10.03-02.09.51:393][683]LogModuleManager: Shutting down and abandoning module Media (243)
[2018.10.03-02.09.51:399][683]LogModuleManager: Shutting down and abandoning module PacketHandler (240)
[2018.10.03-02.09.51:399][683]LogModuleManager: Shutting down and abandoning module ClothingSystemEditor (238)
[2018.10.03-02.09.51:399][683]LogModuleManager: Shutting down and abandoning module ClothingSystemRuntime (236)
[2018.10.03-02.09.51:399][683]LogModuleManager: Shutting down and abandoning module MediaAssets (234)
[2018.10.03-02.09.51:399][683]LogModuleManager: Shutting down and abandoning module Overlay (232)
[2018.10.03-02.09.51:399][683]LogModuleManager: Shutting down and abandoning module OverlayEditor (231)
[2018.10.03-02.09.51:399][683]LogModuleManager: Shutting down and abandoning module VREditor (228)
[2018.10.03-02.09.51:399][683]LogModuleManager: Shutting down and abandoning module StringTableEditor (226)
[2018.10.03-02.09.51:400][683]LogModuleManager: Shutting down and abandoning module GameplayTasksEditor (224)
[2018.10.03-02.09.51:400][683]LogModuleManager: Shutting down and abandoning module BehaviorTreeEditor (222)
[2018.10.03-02.09.51:400][683]LogModuleManager: Shutting down and abandoning module FunctionalTesting (220)
[2018.10.03-02.09.51:400][683]LogModuleManager: Shutting down and abandoning module CollisionAnalyzer (218)
[2018.10.03-02.09.51:400][683]LogModuleManager: Shutting down and abandoning module WorkspaceMenuStructure (217)
[2018.10.03-02.09.51:400][683]LogModuleManager: Shutting down and abandoning module UMG (214)
[2018.10.03-02.09.51:400][683]LogModuleManager: Shutting down and abandoning module UMGEditor (213)
[2018.10.03-02.09.51:400][683]LogModuleManager: Shutting down and abandoning module Sequencer (212)
[2018.10.03-02.09.51:400][683]LogModuleManager: Shutting down and abandoning module MessageLog (209)
[2018.10.03-02.09.51:400][683]LogModuleManager: Shutting down and abandoning module SlateReflector (204)
[2018.10.03-02.09.51:400][683]LogModuleManager: Shutting down and abandoning module Slate (202)
[2018.10.03-02.09.51:400][683]LogModuleManager: Shutting down and abandoning module EditorStyle (200)
[2018.10.03-02.09.51:402][683]LogModuleManager: Shutting down and abandoning module MRMesh (198)
[2018.10.03-02.09.51:402][683]LogModuleManager: Shutting down and abandoning module SourceCodeAccess (196)
[2018.10.03-02.09.51:402][683]LogModuleManager: Shutting down and abandoning module HeadMountedDisplay (194)
[2018.10.03-02.09.51:402][683]LogModuleManager: Shutting down and abandoning module XAudio2 (192)
[2018.10.03-02.09.51:402][683]LogModuleManager: Shutting down and abandoning module Networking (190)
[2018.10.03-02.09.51:402][683]LogModuleManager: Shutting down and abandoning module Core (188)
[2018.10.03-02.09.51:402][683]LogModuleManager: Shutting down and abandoning module LevelSequence (186)
[2018.10.03-02.09.51:402][683]LogModuleManager: Shutting down and abandoning module KismetCompiler (184)
[2018.10.03-02.09.51:402][683]LogModuleManager: Shutting down and abandoning module MeshUtilities (182)
[2018.10.03-02.09.51:402][683]LogModuleManager: Shutting down and abandoning module MeshMergeUtilities (181)
[2018.10.03-02.09.51:403][683]LogModuleManager: Shutting down and abandoning module MeshReductionInterface (180)
[2018.10.03-02.09.51:403][683]LogModuleManager: Shutting down and abandoning module SimplygonSwarm (179)
[2018.10.03-02.09.51:403][683]LogModuleManager: Shutting down and abandoning module ProxyLODMeshReduction (177)
[2018.10.03-02.09.51:403][683]LogModuleManager: Shutting down and abandoning module SimplygonMeshReduction (175)
[2018.10.03-02.09.51:403][683]LogModuleManager: Shutting down and abandoning module QuadricMeshReduction (173)
[2018.10.03-02.09.51:403][683]LogModuleManager: Shutting down and abandoning module MaterialBaking (169)
[2018.10.03-02.09.51:403][683]LogModuleManager: Shutting down and abandoning module DirectoryWatcher (165)
[2018.10.03-02.09.51:403][683]LogModuleManager: Shutting down and abandoning module DerivedDataCache (162)
[2018.10.03-02.09.51:439][683]LogDerivedDataCache: Shutdown
[2018.10.03-02.09.51:439][683]LogModuleManager: Shutting down and abandoning module XGEController (160)
[2018.10.03-02.09.51:439][683]LogXGEController: Cleaning working directory: C:/Users/impixel/AppData/Local/Temp/UnrealXGEWorkingDir/
[2018.10.03-02.09.51:439][683]LogModuleManager: Shutting down and abandoning module TargetPlatform (158)
[2018.10.03-02.09.51:439][683]LogModuleManager: Shutting down and abandoning module VulkanShaderFormat (157)
[2018.10.03-02.09.51:439][683]LogModuleManager: Shutting down and abandoning module ShaderFormatVectorVM (155)
[2018.10.03-02.09.51:439][683]LogModuleManager: Shutting down and abandoning module ShaderFormatOpenGL (153)
[2018.10.03-02.09.51:439][683]LogModuleManager: Shutting down and abandoning module ShaderFormatD3D (151)
[2018.10.03-02.09.51:439][683]LogModuleManager: Shutting down and abandoning module MetalShaderFormat (149)
[2018.10.03-02.09.51:439][683]LogModuleManager: Shutting down and abandoning module TextureFormatUncompressed (147)
[2018.10.03-02.09.51:439][683]LogModuleManager: Shutting down and abandoning module TextureFormatPVR (145)
[2018.10.03-02.09.51:439][683]LogModuleManager: Shutting down and abandoning module TextureFormatDXT (143)
[2018.10.03-02.09.51:439][683]LogModuleManager: Shutting down and abandoning module TextureFormatIntelISPCTexComp (141)
[2018.10.03-02.09.51:439][683]LogModuleManager: Shutting down and abandoning module TextureFormatASTC (139)
[2018.10.03-02.09.51:439][683]LogModuleManager: Shutting down and abandoning module ImageWrapper (138)
[2018.10.03-02.09.51:439][683]LogModuleManager: Shutting down and abandoning module TextureFormatAndroid (135)
[2018.10.03-02.09.51:439][683]LogModuleManager: Shutting down and abandoning module AudioFormatOpus (133)
[2018.10.03-02.09.51:439][683]LogModuleManager: Shutting down and abandoning module AudioFormatOgg (131)
[2018.10.03-02.09.51:439][683]LogModuleManager: Shutting down and abandoning module AudioFormatADPCM (129)
[2018.10.03-02.09.51:439][683]LogModuleManager: Shutting down and abandoning module LuminTargetPlatform (127)
[2018.10.03-02.09.51:439][683]LogModuleManager: Shutting down and abandoning module LinuxTargetPlatform (125)
[2018.10.03-02.09.51:439][683]LogModuleManager: Shutting down and abandoning module LinuxServerTargetPlatform (123)
[2018.10.03-02.09.51:439][683]LogModuleManager: Shutting down and abandoning module LinuxNoEditorTargetPlatform (121)
[2018.10.03-02.09.51:439][683]LogModuleManager: Shutting down and abandoning module LinuxClientTargetPlatform (119)
[2018.10.03-02.09.51:440][683]LogModuleManager: Shutting down and abandoning module TVOSTargetPlatform (117)
[2018.10.03-02.09.51:441][683]LogModuleManager: Shutting down and abandoning module Messaging (115)
[2018.10.03-02.09.51:441][683]LogModuleManager: Shutting down and abandoning module IOSTargetPlatform (113)
[2018.10.03-02.09.51:442][683]LogModuleManager: Shutting down and abandoning module HTML5TargetPlatform (111)
[2018.10.03-02.09.51:442][683]LogModuleManager: Shutting down and abandoning module AndroidTargetPlatform (109)
[2018.10.03-02.09.51:452][683]LogModuleManager: Shutting down and abandoning module WindowsTargetPlatform (107)
[2018.10.03-02.09.51:452][683]LogModuleManager: Shutting down and abandoning module WindowsServerTargetPlatform (105)
[2018.10.03-02.09.51:452][683]LogModuleManager: Shutting down and abandoning module WindowsNoEditorTargetPlatform (103)
[2018.10.03-02.09.51:452][683]LogModuleManager: Shutting down and abandoning module WindowsClientTargetPlatform (101)
[2018.10.03-02.09.51:452][683]LogModuleManager: Shutting down and abandoning module MacTargetPlatform (99)
[2018.10.03-02.09.51:452][683]LogModuleManager: Shutting down and abandoning module MacServerTargetPlatform (97)
[2018.10.03-02.09.51:452][683]LogModuleManager: Shutting down and abandoning module MacNoEditorTargetPlatform (95)
[2018.10.03-02.09.51:452][683]LogModuleManager: Shutting down and abandoning module MacClientTargetPlatform (93)
[2018.10.03-02.09.51:452][683]LogModuleManager: Shutting down and abandoning module AllDesktopTargetPlatform (91)
[2018.10.03-02.09.51:452][683]LogModuleManager: Shutting down and abandoning module InputCore (88)
[2018.10.03-02.09.51:452][683]LogModuleManager: Shutting down and abandoning module Settings (86)
[2018.10.03-02.09.51:452][683]LogModuleManager: Shutting down and abandoning module PhysXCooking (84)
[2018.10.03-02.09.51:452][683]LogModuleManager: Shutting down and abandoning module SteamVR (82)
[2018.10.03-02.09.51:452][683]LogModuleManager: Shutting down and abandoning module OculusHMD (80)
[2018.10.03-02.09.51:452][683]LogModuleManager: Shutting down and abandoning module ExampleDeviceProfileSelector (78)
[2018.10.03-02.09.51:452][683]LogModuleManager: Shutting down and abandoning module LauncherChunkInstaller (76)
[2018.10.03-02.09.51:452][683]LogModuleManager: Shutting down and abandoning module OnlineBlueprintSupport (74)
[2018.10.03-02.09.51:452][683]LogModuleManager: Shutting down and abandoning module OnlineSubsystem (70)
[2018.10.03-02.09.51:453][683]LogModuleManager: Shutting down and abandoning module XMPP (65)
[2018.10.03-02.09.51:453][683]LogModuleManager: Shutting down and abandoning module WebSockets (64)
[2018.10.03-02.09.51:481][683]LogModuleManager: Shutting down and abandoning module HTTP (61)
[2018.10.03-02.09.51:481][683]LogHttp: Display: Http module shutting down, but needs to wait on 1 outstanding Http requests:
[2018.10.03-02.09.51:482][683]LogHttp: Display: 	verb=[POST] url=[https://datarouter.ol.epicgames.com/datarouter/api/v1/public/data?SessionID=%7BFF5BFA66-4416-D2AE-8CC9-64A4CB0CBD18%7D&AppID=UEEditor.Rocket.Release&AppVersion=4.20.3-4369336%2B%2B%2BUE4%2BRelease-4.20&UserID=78b04c4642704aa7c867e6bcf33bc2b1%7Ccbdf6a7222434569bdc52afaf73ebf00%7Cdc1ad8e8-82e7-421f-a93d-124fc2f5480a&AppEnvironment=datacollector-binary&UploadType=eteventstream] status=Processing
[2018.10.03-02.09.51:489][683]LogModuleManager: Shutting down and abandoning module SSL (60)
[2018.10.03-02.09.51:490][683]LogModuleManager: Shutting down and abandoning module MagicLeapEmulator (56)
[2018.10.03-02.09.51:490][683]LogModuleManager: Shutting down and abandoning module MagicLeapPrivileges (54)
[2018.10.03-02.09.51:490][683]LogModuleManager: Shutting down and abandoning module MagicLeapIdentity (52)
[2018.10.03-02.09.51:490][683]LogModuleManager: Shutting down and abandoning module MagicLeapHelperVulkan (50)
[2018.10.03-02.09.51:490][683]LogModuleManager: Shutting down and abandoning module MagicLeapHelperOpenGL (48)
[2018.10.03-02.09.51:490][683]LogModuleManager: Shutting down and abandoning module MagicLeapSecureStorage (46)
[2018.10.03-02.09.51:490][683]LogModuleManager: Shutting down and abandoning module MagicLeapGestures (44)
[2018.10.03-02.09.51:490][683]LogModuleManager: Shutting down and abandoning module MagicLeapEyeTracker (42)
[2018.10.03-02.09.51:491][683]LogModuleManager: Shutting down and abandoning module MagicLeapController (40)
[2018.10.03-02.09.51:491][683]LogSlate: Slate User Destroyed.  User Index 0, Is Virtual User: 0
[2018.10.03-02.09.51:491][683]LogModuleManager: Shutting down and abandoning module MagicLeap (38)
[2018.10.03-02.09.51:491][683]LogModuleManager: Shutting down and abandoning module AnimationModifiers (36)
[2018.10.03-02.09.51:491][683]LogModuleManager: Shutting down and abandoning module PropertyEditor (35)
[2018.10.03-02.09.51:491][683]LogModuleManager: Shutting down and abandoning module AudioEditor (32)
[2018.10.03-02.09.51:491][683]LogModuleManager: Shutting down and abandoning module TextureCompressor (30)
[2018.10.03-02.09.51:491][683]LogModuleManager: Shutting down and abandoning module ShaderCore (28)
[2018.10.03-02.09.51:491][683]LogModuleManager: Shutting down and abandoning module Landscape (26)
[2018.10.03-02.09.51:491][683]LogModuleManager: Shutting down and abandoning module SlateRHIRenderer (24)
[2018.10.03-02.09.51:492][683]LogModuleManager: Shutting down and abandoning module OpenGLDrv (22)
[2018.10.03-02.09.51:492][683]LogModuleManager: Shutting down and abandoning module D3D11RHI (20)
[2018.10.03-02.09.51:492][683]LogModuleManager: Shutting down and abandoning module AnimGraphRuntime (18)
[2018.10.03-02.09.51:492][683]LogModuleManager: Shutting down and abandoning module Renderer (16)
[2018.10.03-02.09.51:492][683]LogModuleManager: Shutting down and abandoning module Engine (14)
[2018.10.03-02.09.51:492][683]LogModuleManager: Shutting down and abandoning module CoreUObject (12)
[2018.10.03-02.09.51:492][683]LogModuleManager: Shutting down and abandoning module NetworkFile (10)
[2018.10.03-02.09.51:492][683]LogModuleManager: Shutting down and abandoning module CookedIterativeFile (8)
[2018.10.03-02.09.51:492][683]LogModuleManager: Shutting down and abandoning module StreamingFile (6)
[2018.10.03-02.09.51:492][683]LogModuleManager: Shutting down and abandoning module SandboxFile (4)
[2018.10.03-02.09.51:492][683]LogModuleManager: Shutting down and abandoning module PakFile (2)
[2018.10.03-02.09.51:524][683]LogExit: Exiting.
[2018.10.03-02.09.51:532][683]Log file closed, 10/03/18 10:09:51
