Log file open, 10/01/18 10:56:36
LogWindows: Failed to load 'aqProf.dll' (GetLastError=126)
LogWindows: File 'aqProf.dll' does not exist
LogWindows: Failed to load 'VSPerf140.dll' (GetLastError=126)
LogWindows: File 'VSPerf140.dll' does not exist
LogWindows: Failed to load 'VtuneApi.dll' (GetLastError=126)
LogWindows: File 'VtuneApi.dll' does not exist
LogWindows: Failed to load 'VtuneApi32e.dll' (GetLastError=126)
LogWindows: File 'VtuneApi32e.dll' does not exist
LogInit: Display: Running engine for game: FYP_Prototype
LogPlatformFile: Not using cached read wrapper
LogTaskGraph: Started task graph with 5 named threads and 83 total threads with 3 sets of task threads.
LogStats: Stats thread started at 1.884257
LogD3D11RHI: Loaded GFSDK_Aftermath_Lib.x64.dll
LogICUInternationalization: Display: ICU TimeZone Detection - Raw Offset: +8:00, Platform Override: ''
LogPluginManager: Mounting plugin Paper2D
LogPluginManager: Mounting plugin AISupport
LogPluginManager: Mounting plugin LightPropagationVolume
LogPluginManager: Mounting plugin CLionSourceCodeAccess
LogPluginManager: Mounting plugin CodeLiteSourceCodeAccess
LogPluginManager: Mounting plugin GitSourceControl
LogPluginManager: Mounting plugin KDevelopSourceCodeAccess
LogPluginManager: Mounting plugin NullSourceCodeAccess
LogPluginManager: Mounting plugin PerforceSourceControl
LogPluginManager: Mounting plugin SubversionSourceControl
LogPluginManager: Mounting plugin UObjectPlugin
LogPluginManager: Mounting plugin VisualStudioCodeSourceCodeAccess
LogPluginManager: Mounting plugin VisualStudioSourceCodeAccess
LogPluginManager: Mounting plugin XCodeSourceCodeAccess
LogPluginManager: Mounting plugin AssetManagerEditor
LogPluginManager: Mounting plugin CryptoKeys
LogPluginManager: Mounting plugin DataValidation
LogPluginManager: Mounting plugin FacialAnimation
LogPluginManager: Mounting plugin GameplayTagsEditor
LogPluginManager: Mounting plugin MacGraphicsSwitching
LogPluginManager: Mounting plugin MeshEditor
LogPluginManager: Mounting plugin MobileLauncherProfileWizard
LogPluginManager: Mounting plugin PluginBrowser
LogPluginManager: Mounting plugin SpeedTreeImporter
LogPluginManager: Mounting plugin DatasmithContent
LogPluginManager: Mounting plugin AlembicImporter
LogPluginManager: Mounting plugin AppleImageUtils
LogPluginManager: Mounting plugin AppleVision
LogPluginManager: Mounting plugin BackChannel
LogPluginManager: Mounting plugin CharacterAI
LogPluginManager: Mounting plugin GeometryCache
LogPluginManager: Mounting plugin HTML5Networking
LogPluginManager: Mounting plugin ProxyLODPlugin
LogPluginManager: Mounting plugin MagicLeap
LogPluginManager: Mounting plugin MagicLeapEmulator
LogPluginManager: Mounting plugin MagicLeapMedia
LogPluginManager: Mounting plugin AndroidMedia
LogPluginManager: Mounting plugin AvfMedia
LogPluginManager: Mounting plugin ImgMedia
LogPluginManager: Mounting plugin LinearTimecode
LogPluginManager: Mounting plugin MediaCompositing
LogPluginManager: Mounting plugin MediaPlayerEditor
LogPluginManager: Mounting plugin WmfMedia
LogPluginManager: Mounting plugin TcpMessaging
LogPluginManager: Mounting plugin UdpMessaging
LogPluginManager: Mounting plugin ActorSequence
LogPluginManager: Mounting plugin LevelSequenceEditor
LogPluginManager: Mounting plugin MatineeToLevelSequence
LogPluginManager: Mounting plugin NetcodeUnitTest
LogPluginManager: Mounting plugin NUTUnrealEngine4
LogPluginManager: Mounting plugin OnlineSubsystemGooglePlay
LogPluginManager: Mounting plugin OnlineSubsystemIOS
LogPluginManager: Mounting plugin OnlineSubsystem
LogPluginManager: Mounting plugin OnlineSubsystemNull
LogPluginManager: Mounting plugin OnlineSubsystemUtils
LogPluginManager: Mounting plugin LauncherChunkInstaller
LogPluginManager: Mounting plugin AndroidDeviceProfileSelector
LogPluginManager: Mounting plugin AndroidMoviePlayer
LogPluginManager: Mounting plugin AndroidPermission
LogPluginManager: Mounting plugin AppleMoviePlayer
LogPluginManager: Mounting plugin ArchVisCharacter
LogPluginManager: Mounting plugin AudioCapture
LogPluginManager: Mounting plugin CableComponent
LogPluginManager: Mounting plugin CustomMeshComponent
LogPluginManager: Mounting plugin EditableMesh
LogPluginManager: Mounting plugin ExampleDeviceProfileSelector
LogPluginManager: Mounting plugin GoogleCloudMessaging
LogPluginManager: Mounting plugin ImmediatePhysics
LogPluginManager: Mounting plugin IOSDeviceProfileSelector
LogPluginManager: Mounting plugin LinuxDeviceProfileSelector
LogPluginManager: Mounting plugin LocationServicesBPLibrary
LogPluginManager: Mounting plugin MobilePatchingUtils
LogPluginManager: Mounting plugin OculusVR
LogPluginManager: Plugin shader directory ../../../Engine/Plugins/Runtime/Oculus/OculusVR/Shaders found
LogPluginManager: Mapping shader source directory ../../../Engine/Plugins/Runtime/Oculus/OculusVR/Shaders to virtual directory /Plugin/OculusVR
LogPluginManager: Mounting plugin PhysXVehicles
LogPluginManager: Mounting plugin ProceduralMeshComponent
LogPluginManager: Mounting plugin RuntimePhysXCooking
LogPluginManager: Mounting plugin SteamVR
LogPluginManager: Mounting plugin WindowsMoviePlayer
LogStreaming: Display: Took  0.110s to configure plugins.
LogInit: Using libcurl 7.55.1-DEV
LogInit:  - built for x86_64-pc-win32
LogInit:  - supports SSL with OpenSSL/1.0.2h
LogInit:  - supports HTTP deflate (compression) using libz 1.2.8
LogInit:  - other features:
LogInit:      CURL_VERSION_SSL
LogInit:      CURL_VERSION_LIBZ
LogInit:      CURL_VERSION_IPV6
LogInit:      CURL_VERSION_ASYNCHDNS
LogInit:      CURL_VERSION_LARGEFILE
LogInit:      CURL_VERSION_IDN
LogInit:  CurlRequestOptions (configurable via config and command line):
LogInit:  - bVerifyPeer = false  - Libcurl will NOT verify peer certificate
LogInit:  - bUseHttpProxy = false  - Libcurl will NOT use HTTP proxy
LogInit:  - bDontReuseConnections = false  - Libcurl will reuse connections
LogInit:  - CertBundlePath = nullptr  - Libcurl will use whatever was configured at build time.
LogInit:  - MaxHostConnections = 16  - Libcurl will limit the number of connections to a host
LogInit:  - LocalHostAddr = Default
LogInit:  - BufferSize = 65536
LogInit: WinSock: version 1.1 (2.2), MaxSocks=32767, MaxUdp=65467
LogInit: Build: ++UE4+Release-4.20-CL-4369336
LogInit: Engine Version: 4.20.3-4369336+++UE4+Release-4.20
LogInit: Compatible Engine Version: 4.20.0-4212847+++UE4+Release-4.20
LogInit: Net CL: 4212847
LogInit: OS: Windows 10 (), CPU: Intel(R) Xeon(R) CPU E5-2630 v4 @ 2.20GHz, GPU: NVIDIA GeForce GTX 1080
LogInit: Compiled (64-bit): Sep 17 2018 12:26:19
LogInit: Compiled with Visual C++: 19.13.26129.00
LogInit: Build Configuration: Development
LogInit: Branch Name: ++UE4+Release-4.20
LogInit: Command Line:  
LogInit: Base Directory: D:/Epic Games/UE_4.20/UE_4.20/Engine/Binaries/Win64/
LogInit: Installed Engine Build: 1
LogDevObjectVersion: Number of dev versions registered: 20
LogDevObjectVersion:   Dev-Blueprints (B0D832E4-1F89-4F0D-ACCF-7EB736FD4AA2): 10
LogDevObjectVersion:   Dev-Build (E1C64328-A22C-4D53-A36C-8E866417BD8C): 0
LogDevObjectVersion:   Dev-Core (375EC13C-06E4-48FB-B500-84F0262A717E): 2
LogDevObjectVersion:   Dev-Editor (E4B068ED-F494-42E9-A231-DA0B2E46BB41): 24
LogDevObjectVersion:   Dev-Framework (CFFC743F-43B0-4480-9391-14DF171D2073): 34
LogDevObjectVersion:   Dev-Mobile (B02B49B5-BB20-44E9-A304-32B752E40360): 2
LogDevObjectVersion:   Dev-Networking (A4E4105C-59A1-49B5-A7C5-40C4547EDFEE): 0
LogDevObjectVersion:   Dev-Online (39C831C9-5AE6-47DC-9A44-9C173E1C8E7C): 0
LogDevObjectVersion:   Dev-Physics (78F01B33-EBEA-4F98-B9B4-84EACCB95AA2): 0
LogDevObjectVersion:   Dev-Platform (6631380F-2D4D-43E0-8009-CF276956A95A): 0
LogDevObjectVersion:   Dev-Rendering (12F88B9F-8875-4AFC-A67C-D90C383ABD29): 26
LogDevObjectVersion:   Dev-Sequencer (7B5AE74C-D270-4C10-A958-57980B212A5A): 9
LogDevObjectVersion:   Dev-VR (D7296918-1DD6-4BDD-9DE2-64A83CC13884): 2
LogDevObjectVersion:   Dev-LoadTimes (C2A15278-BFE7-4AFE-6C17-90FF531DF755): 1
LogDevObjectVersion:   Private-Geometry (6EACA3D4-40EC-4CC1-B786-8BED09428FC5): 3
LogDevObjectVersion:   Dev-AnimPhys (29E575DD-E0A3-4627-9D10-D276232CDCEA): 17
LogDevObjectVersion:   Dev-ReflectionCapture (6B266CEC-1EC7-4B8F-A30B-E4D90942FC07): 1
LogDevObjectVersion:   Dev-Automation (0DF73D61-A23F-47EA-B727-89E90C41499A): 1
LogDevObjectVersion:   FortniteMain (601D1886-AC64-4F84-AA16-D3DE0DEAC7D6): 12
LogDevObjectVersion:   Dev-Enterprise (9DFFBCD6-494F-0158-E221-12823C92A888): 1
LogStreaming: Display: Took  0.002s to delete old logs.
LogInit: Presizing for max 8388607 objects, including 0 objects not considered by GC, pre-allocating 0 bytes for permanent pool.
LogInit: Object subsystem initialized
[2018.10.01-02.56.36:657][  0]LogInit: Selected Device Profile: [Windows]
[2018.10.01-02.56.36:657][  0]LogInit: Applying CVar settings loaded from the selected device profile: [Windows]
[2018.10.01-02.56.36:669][  0]LogHAL: Display: Platform has ~ 128 GB [137350422528 / 137438953472 / 128], which maps to Largest [LargestMinGB=32, LargerMinGB=12, DefaultMinGB=8, SmallerMinGB=6, SmallestMinGB=0)
[2018.10.01-02.56.36:670][  0]LogInit: Setting Device Profile CVar: [[r.Vulkan.UseRealUBs:1]]
[2018.10.01-02.56.36:670][  0]LogInit: Going up to parent DeviceProfile []
[2018.10.01-02.56.36:671][  0]LogInit: Computer: M625GB01
[2018.10.01-02.56.36:671][  0]LogInit: User: SIDM
[2018.10.01-02.56.36:671][  0]LogInit: CPU Page size=4096, Cores=20
[2018.10.01-02.56.36:671][  0]LogInit: High frequency timer resolution =2.143476 MHz
[2018.10.01-02.56.36:671][  0]LogMemory: Memory total: Physical=127.9GB (128GB approx)
[2018.10.01-02.56.36:671][  0]LogMemory: Platform Memory Stats for Windows
[2018.10.01-02.56.36:671][  0]LogMemory: Process Physical Memory: 110.08 MB used, 110.08 MB peak
[2018.10.01-02.56.36:671][  0]LogMemory: Process Virtual Memory: 100.42 MB used, 100.42 MB peak
[2018.10.01-02.56.36:671][  0]LogMemory: Physical Memory: 5913.38 MB used,  125074.19 MB free, 130987.57 MB total
[2018.10.01-02.56.36:671][  0]LogMemory: Virtual Memory: 4751.58 MB used,  125074.19 MB free, 134217728.00 MB total
[2018.10.01-02.56.36:816][  0]LogInit: Using OS detected language (en-US).
[2018.10.01-02.56.36:816][  0]LogInit: Using OS detected locale (en-SG).
[2018.10.01-02.56.36:830][  0]LogTextLocalizationManager: No specific localization for 'en-US' exists, so the 'en' localization will be used.
[2018.10.01-02.56.37:475][  0]LogStreaming: Display: Took  0.638s to InitEngineTextLocalization.
[2018.10.01-02.56.37:475][  0]LogInit: Setting process to per monitor DPI aware
[2018.10.01-02.56.37:631][  0]LogSlate: New Slate User Created.  User Index 0, Is Virtual User: 0
[2018.10.01-02.56.37:631][  0]LogSlate: Slate User Registered.  User Index 0, Is Virtual User: 0
[2018.10.01-02.56.38:258][  0]LogD3D11RHI: D3D11 adapters:
[2018.10.01-02.56.38:333][  0]LogD3D11RHI:    0. 'NVIDIA GeForce GTX 1080' (Feature Level 11_0)
[2018.10.01-02.56.38:333][  0]LogD3D11RHI:       8079/0/65493 MB DedicatedVideo/DedicatedSystem/SharedSystem, Outputs:1, VendorId:0x10de
[2018.10.01-02.56.38:336][  0]LogD3D11RHI:    1. 'Microsoft Basic Render Driver' (Feature Level 11_0)
[2018.10.01-02.56.38:336][  0]LogD3D11RHI:       0/0/65493 MB DedicatedVideo/DedicatedSystem/SharedSystem, Outputs:0, VendorId:0x1414
[2018.10.01-02.56.38:336][  0]LogD3D11RHI: Chosen D3D11 Adapter: 0
[2018.10.01-02.56.38:344][  0]LogD3D11RHI: Creating new Direct3DDevice
[2018.10.01-02.56.38:344][  0]LogD3D11RHI:     GPU DeviceId: 0x1b80 (for the marketing name, search the web for "GPU Device Id")
[2018.10.01-02.56.38:351][  0]LogWindows: EnumDisplayDevices:
[2018.10.01-02.56.38:352][  0]LogWindows:    0. 'NVIDIA GeForce GTX 1080' (P:1 D:1)
[2018.10.01-02.56.38:352][  0]LogWindows:    1. 'NVIDIA GeForce GTX 1080' (P:0 D:0)
[2018.10.01-02.56.38:352][  0]LogWindows:    2. 'NVIDIA GeForce GTX 1080' (P:0 D:0)
[2018.10.01-02.56.38:353][  0]LogWindows:    3. 'NVIDIA GeForce GTX 1080' (P:0 D:0)
[2018.10.01-02.56.38:353][  0]LogWindows: DebugString: FoundDriverCount:4 
[2018.10.01-02.56.38:353][  0]LogD3D11RHI:     Adapter Name: NVIDIA GeForce GTX 1080
[2018.10.01-02.56.38:353][  0]LogD3D11RHI:   Driver Version: 390.77 (internal:23.21.13.9077, unified:390.77)
[2018.10.01-02.56.38:353][  0]LogD3D11RHI:      Driver Date: 1-23-2018
[2018.10.01-02.56.38:353][  0]LogRHI: Texture pool is 5655 MB (70% of 8079 MB)
[2018.10.01-02.56.38:390][  0]LogD3D11RHI: Async texture creation enabled
[2018.10.01-02.56.38:486][  0]LogD3D11RHI: GPU Timing Frequency: 1000.000000 (Debug: 2 2)
[2018.10.01-02.56.38:577][  0]LogShaderCompilers: Guid format shader working directory is -5 characters bigger than the processId version (../../../../../../163935T/FYP/FYP/Main/FYP_Prototype/Intermediate/Shaders/WorkingDirectory/16332/).
[2018.10.01-02.56.38:577][  0]LogShaderCompilers: Cleaned the shader compiler working directory 'C:/Users/impixel/AppData/Local/Temp/UnrealShaderWorkingDir/68F5D7224C5DA60074F6B6BB47138F9B/'.
[2018.10.01-02.56.38:776][  0]LogTemp: Display: Loaded TP AllDesktopTargetPlatform
[2018.10.01-02.56.38:792][  0]LogTemp: Display: Loaded TP MacClientTargetPlatform
[2018.10.01-02.56.38:807][  0]LogTemp: Display: Loaded TP MacNoEditorTargetPlatform
[2018.10.01-02.56.38:822][  0]LogTemp: Display: Loaded TP MacServerTargetPlatform
[2018.10.01-02.56.38:837][  0]LogTemp: Display: Loaded TP MacTargetPlatform
[2018.10.01-02.56.38:862][  0]LogTemp: Display: Loaded TP WindowsClientTargetPlatform
[2018.10.01-02.56.38:878][  0]LogTemp: Display: Loaded TP WindowsNoEditorTargetPlatform
[2018.10.01-02.56.38:893][  0]LogTemp: Display: Loaded TP WindowsServerTargetPlatform
[2018.10.01-02.56.38:899][  0]LogTemp: Display: Loaded TP WindowsTargetPlatform
[2018.10.01-02.56.38:987][  0]LogTemp: Display: Loaded TP AndroidTargetPlatform
[2018.10.01-02.56.38:987][  0]LogTemp: Display: Loaded TP AndroidTargetPlatform
[2018.10.01-02.56.38:987][  0]LogTemp: Display: Loaded TP AndroidTargetPlatform
[2018.10.01-02.56.38:987][  0]LogTemp: Display: Loaded TP AndroidTargetPlatform
[2018.10.01-02.56.38:987][  0]LogTemp: Display: Loaded TP AndroidTargetPlatform
[2018.10.01-02.56.38:987][  0]LogTemp: Display: Loaded TP AndroidTargetPlatform
[2018.10.01-02.56.38:987][  0]LogTemp: Display: Loaded TP AndroidTargetPlatform
[2018.10.01-02.56.38:987][  0]LogTemp: Display: Loaded TP AndroidTargetPlatform
[2018.10.01-02.56.38:987][  0]LogTemp: Display: Loaded TP AndroidTargetPlatform
[2018.10.01-02.56.38:987][  0]LogTemp: Display: Loaded TP AndroidTargetPlatform
[2018.10.01-02.56.38:987][  0]LogTemp: Display: Loaded TP AndroidTargetPlatform
[2018.10.01-02.56.38:987][  0]LogTemp: Display: Loaded TP AndroidTargetPlatform
[2018.10.01-02.56.38:987][  0]LogTemp: Display: Loaded TP AndroidTargetPlatform
[2018.10.01-02.56.38:987][  0]LogTemp: Display: Loaded TP AndroidTargetPlatform
[2018.10.01-02.56.38:987][  0]LogTemp: Display: Loaded TP AndroidTargetPlatform
[2018.10.01-02.56.38:987][  0]LogTemp: Display: Loaded TP AndroidTargetPlatform
[2018.10.01-02.56.38:987][  0]LogTemp: Display: Loaded TP AndroidTargetPlatform
[2018.10.01-02.56.38:987][  0]LogTemp: Display: Loaded TP AndroidTargetPlatform
[2018.10.01-02.56.38:988][  0]LogTemp: Display: Loaded TP HTML5TargetPlatform
[2018.10.01-02.56.39:051][  0]LogTemp: Display: Loaded TP IOSTargetPlatform
[2018.10.01-02.56.39:051][  0]LogTemp: Display: Loaded TP IOSTargetPlatform
[2018.10.01-02.56.39:077][  0]LogTemp: Display: Loaded TP TVOSTargetPlatform
[2018.10.01-02.56.39:077][  0]LogTemp: Display: Loaded TP TVOSTargetPlatform
[2018.10.01-02.56.39:090][  0]LogTemp: Display: Loaded TP LinuxClientTargetPlatform
[2018.10.01-02.56.39:104][  0]LogTemp: Display: Loaded TP LinuxNoEditorTargetPlatform
[2018.10.01-02.56.39:117][  0]LogTemp: Display: Loaded TP LinuxServerTargetPlatform
[2018.10.01-02.56.39:131][  0]LogTemp: Display: Loaded TP LinuxTargetPlatform
[2018.10.01-02.56.39:141][  0]LogTemp: Display: Loaded TP LuminTargetPlatform
[2018.10.01-02.56.39:141][  0]LogTargetPlatformManager: Display: Building Assets For Windows
[2018.10.01-02.56.39:261][  0]LogXGEController: Cleaning working directory: C:/Users/impixel/AppData/Local/Temp/UnrealXGEWorkingDir/
[2018.10.01-02.56.39:261][  0]LogXGEController: Cannot use XGE Controller as Incredibuild is not installed on this machine.
[2018.10.01-02.56.39:261][  0]LogShaderCompilers: Cannot use XGE Shader Compiler as Incredibuild is not installed on this machine.
[2018.10.01-02.56.39:261][  0]LogShaderCompilers: Display: Using Local Shader Compiler.
[2018.10.01-02.56.40:478][  0]LogDerivedDataCache: Display: Max Cache Size: 512 MB
[2018.10.01-02.56.40:608][  0]LogDerivedDataCache: Loaded boot cache 0.13s 86MB C:/Users/impixel/AppData/Local/UnrealEngine/4.20/DerivedDataCache/Boot.ddc.
[2018.10.01-02.56.40:608][  0]LogDerivedDataCache: Display: Loaded Boot cache: C:/Users/impixel/AppData/Local/UnrealEngine/4.20/DerivedDataCache/Boot.ddc
[2018.10.01-02.56.40:608][  0]LogDerivedDataCache: FDerivedDataBackendGraph:  Pak pak cache file ../../../../../../163935T/FYP/FYP/Main/FYP_Prototype/DerivedDataCache/DDC.ddp not found, will not use a pak cache.
[2018.10.01-02.56.40:608][  0]LogDerivedDataCache: Unable to find inner node Pak for hierarchical cache Hierarchy.
[2018.10.01-02.56.40:608][  0]LogDerivedDataCache: FDerivedDataBackendGraph:  CompressedPak pak cache file ../../../../../../163935T/FYP/FYP/Main/FYP_Prototype/DerivedDataCache/Compressed.ddp not found, will not use a pak cache.
[2018.10.01-02.56.40:608][  0]LogDerivedDataCache: Unable to find inner node CompressedPak for hierarchical cache Hierarchy.
[2018.10.01-02.56.40:647][  0]LogDerivedDataCache: Display: Pak cache opened for reading ../../../Engine/DerivedDataCache/Compressed.ddp.
[2018.10.01-02.56.40:661][  0]LogDerivedDataCache: Using Local data cache path C:/Users/impixel/AppData/Local/UnrealEngine/Common/DerivedDataCache: Writable
[2018.10.01-02.56.40:661][  0]LogDerivedDataCache: Shared data cache path not found in *engine.ini, will not use an Shared cache.
[2018.10.01-02.56.40:661][  0]LogDerivedDataCache: Unable to find inner node Shared for hierarchical cache Hierarchy.
[2018.10.01-02.56.40:686][  0]LogMaterial: Verifying Global Shaders for PCD3D_SM5
[2018.10.01-02.56.40:697][  0]LogSlate: Using FreeType 2.6.0
[2018.10.01-02.56.40:730][  0]LogSlate: SlateFontServices - WITH_FREETYPE: 1, WITH_HARFBUZZ: 1
[2018.10.01-02.56.40:951][  0]LogAssetRegistry: FAssetRegistry took 0.0274 seconds to start up
[2018.10.01-02.56.42:221][  0]LogInit: Selected Device Profile: [Windows]
[2018.10.01-02.56.43:056][  0]LogSimplygon: Simplygon DLL not present - disabling.
[2018.10.01-02.56.43:084][  0]LogMeshReduction: Using SimplygonSwarm for distributed automatic mesh merging
[2018.10.01-02.56.43:084][  0]LogMeshReduction: Using ProxyLODMeshReduction for automatic mesh merging
[2018.10.01-02.56.43:084][  0]LogMeshReduction: Using QuadricMeshReduction for automatic static mesh reduction
[2018.10.01-02.56.43:084][  0]LogMeshReduction: No automatic skeletal mesh reduction module available
[2018.10.01-02.56.43:205][  0]LogNetVersion: FYP_Prototype 1.0.0, NetCL: 4212847, EngineNetVer: 5, GameNetVer: 0 (Checksum: 1129731653)
[2018.10.01-02.56.43:664][  0]LogConfig: Warning: Failed to saved backup for config[GameplayTags]
[2018.10.01-02.56.44:579][  0]LogAssetRegistry: Error: Failed to open file for write ../../../../../../163935T/FYP/FYP/Main/FYP_Prototype/Intermediate/AssetRegistryCache/5a627529.bin
[2018.10.01-02.56.44:668][  0]LogPackageLocalizationCache: Processed 11 localized package path(s) for 2 prioritized culture(s) in 0.089548 seconds
[2018.10.01-02.56.44:674][  0]LogUObjectArray: 38425 objects as part of root set at end of initial load.
[2018.10.01-02.56.44:674][  0]LogUObjectAllocator: 6690872 out of 0 bytes used by permanent object pool.
[2018.10.01-02.56.44:674][  0]LogUObjectArray: CloseDisregardForGC: 0/0 objects in disregard for GC pool
[2018.10.01-02.56.47:700][  0]LogConfig: Warning: Failed to saved backup for config[InternationalizationExport]
[2018.10.01-02.56.47:701][  0]LogConfig: Warning: Failed to saved backup for config[TranslationPickerSettings]
[2018.10.01-02.56.47:989][  0]LogTcpMessaging: Initializing TcpMessaging bridge
[2018.10.01-02.56.48:002][  0]LogUdpMessaging: Initializing bridge on interface 0.0.0.0:0 to multicast group 230.0.0.1:6666.
[2018.10.01-02.56.48:385][  0]LogConfig: Warning: Failed to saved backup for config[SourceControlSettings]
[2018.10.01-02.56.48:385][  0]SourceControl: Source control is disabled
[2018.10.01-02.56.48:385][  0]SourceControl: Source control is disabled
[2018.10.01-02.56.48:403][  0]SourceControl: Source control is disabled
[2018.10.01-02.56.48:405][  0]SourceControl: Source control is disabled
[2018.10.01-02.56.48:414][  0]LogConfig: Warning: Failed to saved backup for config[Crypto]
[2018.10.01-02.56.48:598][  0]LogConfig: Warning: Failed to saved backup for config[UnitTest]
[2018.10.01-02.56.48:602][  0]LogAndroidPermission: UAndroidPermissionCallbackProxy::GetInstance
[2018.10.01-02.56.48:707][  0]LogOcInput: OculusInput pre-init called
[2018.10.01-02.56.48:905][  0]LogEngine: Initializing Engine...
[2018.10.01-02.56.48:916][  0]LogHMD: Oculus plugin initialized. Version: 4.20.3-4369336+++UE4+Release-4.20, OVRPlugin: 1.25.0
[2018.10.01-02.56.48:918][  0]LogStats: UGameplayTagsManager::ConstructGameplayTagTree: ImportINI prefixes -  0.000 s
[2018.10.01-02.56.48:918][  0]LogStats: UGameplayTagsManager::ConstructGameplayTagTree: Construct from data asset -  0.000 s
[2018.10.01-02.56.48:918][  0]LogStats: UGameplayTagsManager::ConstructGameplayTagTree: ImportINI -  0.000 s
[2018.10.01-02.56.48:918][  0]LogStats: UGameplayTagsManager::ConstructGameplayTagTree: GameplayTagTreeChangedEvent.Broadcast -  0.000 s
[2018.10.01-02.56.49:328][  0]LogInit: Initializing FReadOnlyCVARCache
[2018.10.01-02.56.49:409][  0]LogAIModule: Creating AISystem for world Untitled
[2018.10.01-02.56.49:477][  0]LogInit: XAudio2 using 'Speakers (Realtek High Definition Audio)' : 2 channels at 48 kHz using 32 bits per sample (channel mask 0x3)
[2018.10.01-02.56.49:574][  0]LogInit: FAudioDevice initialized.
[2018.10.01-02.56.49:574][  0]LogNetVersion: Set ProjectVersion to 1.0.0.0. Version Checksum will be recalculated on next use.
[2018.10.01-02.56.49:592][  0]LogDerivedDataCache: Error: Could not save memory cache C:/Users/impixel/AppData/Local/UnrealEngine/4.20/DerivedDataCache/Boot.ddc.
[2018.10.01-02.56.49:601][  0]LogInit: Texture streaming: Enabled
[2018.10.01-02.56.49:635][  0]LogEngineSessionManager: EngineSessionManager initialized
[2018.10.01-02.56.49:635][  0]LogEngineSessionManager: EngineSessionManager sent abnormal shutdown report. Type=AbnormalShutdown, SessionId={78DEF2B4-43C3-715F-0505-BC8D2D332E9F}
[2018.10.01-02.56.49:743][  0]LogInit: Transaction tracking system initialized
[2018.10.01-02.56.49:966][  0]BlueprintLog: New page: Editor Load
[2018.10.01-02.56.51:327][  0]LogConfig: Warning: Failed to saved backup for config[LocalizationServiceSettings]
[2018.10.01-02.56.51:328][  0]LocalizationService: Localization service is disabled
[2018.10.01-02.56.52:247][  0]LogFileCache: Scanning file cache for directory 'D:/163935T/FYP/FYP/Main/FYP_Prototype/Content/' took 0.02s
[2018.10.01-02.56.52:247][  0]LogCook: Display: Max memory allowance for cook 16384mb min free memory 0mb
[2018.10.01-02.56.52:255][  0]LogCook: Display: Mobile HDR setting 1
[2018.10.01-02.56.52:255][  0]LogGameplayTags: Display: UGameplayTagsManager::DoneAddingNativeTags. DelegateIsBound: 0
[2018.10.01-02.56.52:255][  0]LogStats: UGameplayTagsManager::ConstructGameplayTagTree: ImportINI prefixes -  0.000 s
[2018.10.01-02.56.52:255][  0]LogStats: UGameplayTagsManager::ConstructGameplayTagTree: Construct from data asset -  0.000 s
[2018.10.01-02.56.52:255][  0]LogStats: UGameplayTagsManager::ConstructGameplayTagTree: ImportINI -  0.000 s
[2018.10.01-02.56.52:255][  0]LogStats: UGameplayTagsManager::ConstructGameplayTagTree: GameplayTagTreeChangedEvent.Broadcast -  0.000 s
[2018.10.01-02.56.53:083][  0]SourceControl: Source control is disabled
[2018.10.01-02.56.53:309][  0]LogSlate: Took 0.018491 seconds to synchronously load lazily loaded font '../../../Engine/Content/Slate/Fonts/Roboto-Regular.ttf' (155K)
[2018.10.01-03.00.29:746][  0]LogSlate: Window 'Restore Packages' being destroyed
[2018.10.01-03.00.29:750][  0]LogWindowsTextInputMethodSystem: Display: IME system now activated using TSF (Microsoft IME).
[2018.10.01-03.00.29:764][  0]LogWindowsTextInputMethodSystem: Display: IME system now activated using TSF (Microsoft IME).
[2018.10.01-03.00.29:767][  0]Cmd: MAP LOAD FILE="../../../../../../163935T/FYP/FYP/Main/FYP_Prototype/Content/VirtualRealityBP/Maps/StartupMap.umap" TEMPLATE=0 SHOWPROGRESS=1 FEATURELEVEL=3
[2018.10.01-03.00.29:767][  0]LightingResults: New page: Lighting Build
[2018.10.01-03.00.29:771][  0]MapCheck: New page: Map Check
[2018.10.01-03.00.29:771][  0]LightingResults: New page: Lighting Build
[2018.10.01-03.00.29:965][  0]LogAIModule: Creating AISystem for world StartupMap
[2018.10.01-03.00.29:973][  0]LogEditorServer: Finished looking for orphan Actors (0.000 secs)
[2018.10.01-03.00.30:027][  0]Cmd: MAP CHECKDEP NOCLEARLOG
[2018.10.01-03.00.30:090][  0]MapCheck: Map check complete: 0 Error(s), 0 Warning(s), took 62.718ms to complete.
[2018.10.01-03.00.30:090][  0]LogFileHelpers: Loading map 'StartupMap' took 0.323
[2018.10.01-03.00.30:154][  0]LogSlate: Updating window title bar state: overlay mode, drag disabled, window buttons hidden, title bar hidden
[2018.10.01-03.00.30:164][  0]LogSlate: Updating window title bar state: overlay mode, drag disabled, window buttons hidden, title bar hidden
[2018.10.01-03.00.30:174][  0]LogSlate: Updating window title bar state: overlay mode, drag disabled, window buttons hidden, title bar hidden
[2018.10.01-03.00.30:185][  0]LogSlate: Updating window title bar state: overlay mode, drag disabled, window buttons hidden, title bar hidden
[2018.10.01-03.00.30:191][  0]LogCollectionManager: Loaded 0 collections in 0.000882 seconds
[2018.10.01-03.00.30:234][  0]LogFileCache: Scanning file cache for directory 'D:/163935T/FYP/FYP/Main/FYP_Prototype/Saved/Collections/' took 0.01s
[2018.10.01-03.00.30:234][  0]LogFileCache: Scanning file cache for directory 'D:/163935T/FYP/FYP/Main/FYP_Prototype/Content/Developers/SIDM/Collections/' took 0.01s
[2018.10.01-03.00.30:234][  0]LogFileCache: Scanning file cache for directory 'D:/163935T/FYP/FYP/Main/FYP_Prototype/Content/Collections/' took 0.01s
[2018.10.01-03.00.30:234][  0]LogCollectionManager: Rebuilt the GUID cache for 0 collections in 0.000000 seconds
[2018.10.01-03.00.30:245][  0]LogContentBrowser: Native class hierarchy populated in 0.0113 seconds. Added 2572 classes and 603 folders.
[2018.10.01-03.00.30:250][  0]LogContentBrowser: Native class hierarchy updated for 'WidgetCarousel' in 0.0002 seconds. Added 0 classes and 0 folders.
[2018.10.01-03.00.30:428][  0]LogContentBrowser: Native class hierarchy updated for 'AddContentDialog' in 0.0003 seconds. Added 0 classes and 0 folders.
[2018.10.01-03.00.30:435][  0]LogContentBrowser: Native class hierarchy updated for 'SceneOutliner' in 0.0002 seconds. Added 1 classes and 2 folders.
[2018.10.01-03.00.30:733][  0]LogSlate: Took 0.009594 seconds to synchronously load lazily loaded font '../../../Engine/Content/Slate/Fonts/Roboto-Bold.ttf' (160K)
[2018.10.01-03.00.30:767][  0]LogSlate: Took 0.010215 seconds to synchronously load lazily loaded font '../../../Engine/Content/Editor/Slate/Fonts/FontAwesome.ttf' (139K)
[2018.10.01-03.00.30:889][  0]LogRenderer: Reallocating scene render targets to support 1208x600 Format 10 NumSamples 1 (Frame:1).
[2018.10.01-03.00.31:128][  0]LogContentBrowser: Native class hierarchy updated for 'HierarchicalLODOutliner' in 0.0003 seconds. Added 0 classes and 0 folders.
[2018.10.01-03.00.31:128][  0]LogLoad: (Engine Initialization) Total time: 243.68 seconds
[2018.10.01-03.00.31:128][  0]LogLoad: (Engine Initialization) Total Blueprint compile time: 0.00 seconds
[2018.10.01-03.00.31:160][  0]LogOcInput: OculusInput is initialized
[2018.10.01-03.00.31:182][  0]LogContentStreaming: Texture pool size now 800 MB
[2018.10.01-03.00.31:206][  0]LogSlate: Took 0.001646 seconds to synchronously load lazily loaded font '../../../Engine/Content/Slate/Fonts/Roboto-Light.ttf' (167K)
[2018.10.01-03.00.31:265][  2]LogAssetRegistry: Asset discovery search completed in 230.3372 seconds
[2018.10.01-03.00.31:267][  2]LogCollectionManager: Rebuilt the object cache for 0 collections in 0.000000 seconds (found 0 objects)
[2018.10.01-03.00.31:267][  2]LogCollectionManager: Fixed up redirectors for 0 collections in 0.000080 seconds (updated 0 objects)
[2018.10.01-03.00.32:597][  6]LogSlate: Took 0.000342 seconds to synchronously load lazily loaded font '../../../Engine/Content/Slate/Fonts/Roboto-Light.ttf' (167K)
[2018.10.01-04.03.20:259][276]LogInit: XAudio2 using 'Speakers (Realtek High Definition Audio)' : 2 channels at 48 kHz using 32 bits per sample (channel mask 0x3)
[2018.10.01-04.06.59:934][193]LogSlate: FSceneViewport::OnFocusLost() reason 0
[2018.10.01-04.23.08:318][ 84]LogInit: XAudio2 using 'Speakers (Realtek High Definition Audio)' : 2 channels at 48 kHz using 32 bits per sample (channel mask 0x3)
[2018.10.01-06.10.00:221][195]LogD3D11RHI: Timed out while waiting for GPU to catch up. (500 ms)
