Log file open, 10/05/18 17:40:53
LogWindows: Failed to load 'aqProf.dll' (GetLastError=126)
LogWindows: File 'aqProf.dll' does not exist
LogWindows: Failed to load 'VSPerf140.dll' (GetLastError=126)
LogWindows: File 'VSPerf140.dll' does not exist
LogWindows: Failed to load 'VtuneApi.dll' (GetLastError=126)
LogWindows: File 'VtuneApi.dll' does not exist
LogWindows: Failed to load 'VtuneApi32e.dll' (GetLastError=126)
LogWindows: File 'VtuneApi32e.dll' does not exist
LogInit: Display: Running engine for game: FYP_Prototype
LogPlatformFile: Not using cached read wrapper
LogTaskGraph: Started task graph with 5 named threads and 35 total threads with 3 sets of task threads.
LogStats: Stats thread started at 0.414340
LogD3D11RHI: Loaded GFSDK_Aftermath_Lib.x64.dll
LogICUInternationalization: Display: ICU TimeZone Detection - Raw Offset: +8:00, Platform Override: ''
LogPluginManager: Mounting plugin Paper2D
LogPluginManager: Mounting plugin AISupport
LogPluginManager: Mounting plugin LightPropagationVolume
LogPluginManager: Mounting plugin CLionSourceCodeAccess
LogPluginManager: Mounting plugin CodeLiteSourceCodeAccess
LogPluginManager: Mounting plugin GitSourceControl
LogPluginManager: Mounting plugin KDevelopSourceCodeAccess
LogPluginManager: Mounting plugin NullSourceCodeAccess
LogPluginManager: Mounting plugin PerforceSourceControl
LogPluginManager: Mounting plugin SubversionSourceControl
LogPluginManager: Mounting plugin UObjectPlugin
LogPluginManager: Mounting plugin VisualStudioCodeSourceCodeAccess
LogPluginManager: Mounting plugin VisualStudioSourceCodeAccess
LogPluginManager: Mounting plugin XCodeSourceCodeAccess
LogPluginManager: Mounting plugin AssetManagerEditor
LogPluginManager: Mounting plugin CryptoKeys
LogPluginManager: Mounting plugin DataValidation
LogPluginManager: Mounting plugin FacialAnimation
LogPluginManager: Mounting plugin GameplayTagsEditor
LogPluginManager: Mounting plugin MacGraphicsSwitching
LogPluginManager: Mounting plugin MeshEditor
LogPluginManager: Mounting plugin MobileLauncherProfileWizard
LogPluginManager: Mounting plugin PluginBrowser
LogPluginManager: Mounting plugin SpeedTreeImporter
LogPluginManager: Mounting plugin DatasmithContent
LogPluginManager: Mounting plugin AlembicImporter
LogPluginManager: Mounting plugin AppleImageUtils
LogPluginManager: Mounting plugin AppleVision
LogPluginManager: Mounting plugin BackChannel
LogPluginManager: Mounting plugin CharacterAI
LogPluginManager: Mounting plugin GeometryCache
LogPluginManager: Mounting plugin HTML5Networking
LogPluginManager: Mounting plugin ProxyLODPlugin
LogPluginManager: Mounting plugin MagicLeap
LogPluginManager: Mounting plugin MagicLeapEmulator
LogPluginManager: Mounting plugin MagicLeapMedia
LogPluginManager: Mounting plugin DonAINavigation
LogPluginManager: Mounting plugin AndroidMedia
LogPluginManager: Mounting plugin AvfMedia
LogPluginManager: Mounting plugin ImgMedia
LogPluginManager: Mounting plugin LinearTimecode
LogPluginManager: Mounting plugin MediaCompositing
LogPluginManager: Mounting plugin MediaPlayerEditor
LogPluginManager: Mounting plugin WmfMedia
LogPluginManager: Mounting plugin TcpMessaging
LogPluginManager: Mounting plugin UdpMessaging
LogPluginManager: Mounting plugin ActorSequence
LogPluginManager: Mounting plugin LevelSequenceEditor
LogPluginManager: Mounting plugin MatineeToLevelSequence
LogPluginManager: Mounting plugin NetcodeUnitTest
LogPluginManager: Mounting plugin NUTUnrealEngine4
LogPluginManager: Mounting plugin OnlineSubsystemGooglePlay
LogPluginManager: Mounting plugin OnlineSubsystemIOS
LogPluginManager: Mounting plugin OnlineSubsystem
LogPluginManager: Mounting plugin OnlineSubsystemNull
LogPluginManager: Mounting plugin OnlineSubsystemUtils
LogPluginManager: Mounting plugin LauncherChunkInstaller
LogPluginManager: Mounting plugin AndroidDeviceProfileSelector
LogPluginManager: Mounting plugin AndroidMoviePlayer
LogPluginManager: Mounting plugin AndroidPermission
LogPluginManager: Mounting plugin AppleMoviePlayer
LogPluginManager: Mounting plugin ArchVisCharacter
LogPluginManager: Mounting plugin AudioCapture
LogPluginManager: Mounting plugin CableComponent
LogPluginManager: Mounting plugin CustomMeshComponent
LogPluginManager: Mounting plugin EditableMesh
LogPluginManager: Mounting plugin ExampleDeviceProfileSelector
LogPluginManager: Mounting plugin GoogleCloudMessaging
LogPluginManager: Mounting plugin ImmediatePhysics
LogPluginManager: Mounting plugin IOSDeviceProfileSelector
LogPluginManager: Mounting plugin LinuxDeviceProfileSelector
LogPluginManager: Mounting plugin LocationServicesBPLibrary
LogPluginManager: Mounting plugin MobilePatchingUtils
LogPluginManager: Mounting plugin OculusVR
LogPluginManager: Plugin shader directory ../../../Engine/Plugins/Runtime/Oculus/OculusVR/Shaders found
LogPluginManager: Mapping shader source directory ../../../Engine/Plugins/Runtime/Oculus/OculusVR/Shaders to virtual directory /Plugin/OculusVR
LogPluginManager: Mounting plugin PhysXVehicles
LogPluginManager: Mounting plugin ProceduralMeshComponent
LogPluginManager: Mounting plugin RuntimePhysXCooking
LogPluginManager: Mounting plugin SteamVR
LogPluginManager: Mounting plugin WindowsMoviePlayer
LogPluginManager: Mounting plugin FlyAI
LogStreaming: Display: Took  0.118s to configure plugins.
LogInit: Using libcurl 7.55.1-DEV
LogInit:  - built for x86_64-pc-win32
LogInit:  - supports SSL with OpenSSL/1.0.2h
LogInit:  - supports HTTP deflate (compression) using libz 1.2.8
LogInit:  - other features:
LogInit:      CURL_VERSION_SSL
LogInit:      CURL_VERSION_LIBZ
LogInit:      CURL_VERSION_IPV6
LogInit:      CURL_VERSION_ASYNCHDNS
LogInit:      CURL_VERSION_LARGEFILE
LogInit:      CURL_VERSION_IDN
LogInit:  CurlRequestOptions (configurable via config and command line):
LogInit:  - bVerifyPeer = false  - Libcurl will NOT verify peer certificate
LogInit:  - bUseHttpProxy = false  - Libcurl will NOT use HTTP proxy
LogInit:  - bDontReuseConnections = false  - Libcurl will reuse connections
LogInit:  - CertBundlePath = nullptr  - Libcurl will use whatever was configured at build time.
LogInit:  - MaxHostConnections = 16  - Libcurl will limit the number of connections to a host
LogInit:  - LocalHostAddr = Default
LogInit:  - BufferSize = 65536
LogInit: WinSock: version 1.1 (2.2), MaxSocks=32767, MaxUdp=65467
LogInit: Build: ++UE4+Release-4.20-CL-4302132
LogInit: Engine Version: 4.20.2-4302132+++UE4+Release-4.20
LogInit: Compatible Engine Version: 4.20.0-4212847+++UE4+Release-4.20
LogInit: Net CL: 4212847
LogInit: OS: Windows 10 (), CPU: Intel(R) Xeon(R) CPU E5-1650 v3 @ 3.50GHz, GPU: NVIDIA Quadro K2200
LogInit: Compiled (64-bit): Aug 21 2018 02:06:06
LogInit: Compiled with Visual C++: 19.13.26129.00
LogInit: Build Configuration: Development
LogInit: Branch Name: ++UE4+Release-4.20
LogInit: Command Line: 
LogInit: Base Directory: C:/Program Files/Epic Games/UE_4.20/Engine/Binaries/Win64/
LogInit: Installed Engine Build: 1
LogDevObjectVersion: Number of dev versions registered: 20
LogDevObjectVersion:   Dev-Blueprints (B0D832E4-1F89-4F0D-ACCF-7EB736FD4AA2): 10
LogDevObjectVersion:   Dev-Build (E1C64328-A22C-4D53-A36C-8E866417BD8C): 0
LogDevObjectVersion:   Dev-Core (375EC13C-06E4-48FB-B500-84F0262A717E): 2
LogDevObjectVersion:   Dev-Editor (E4B068ED-F494-42E9-A231-DA0B2E46BB41): 24
LogDevObjectVersion:   Dev-Framework (CFFC743F-43B0-4480-9391-14DF171D2073): 34
LogDevObjectVersion:   Dev-Mobile (B02B49B5-BB20-44E9-A304-32B752E40360): 2
LogDevObjectVersion:   Dev-Networking (A4E4105C-59A1-49B5-A7C5-40C4547EDFEE): 0
LogDevObjectVersion:   Dev-Online (39C831C9-5AE6-47DC-9A44-9C173E1C8E7C): 0
LogDevObjectVersion:   Dev-Physics (78F01B33-EBEA-4F98-B9B4-84EACCB95AA2): 0
LogDevObjectVersion:   Dev-Platform (6631380F-2D4D-43E0-8009-CF276956A95A): 0
LogDevObjectVersion:   Dev-Rendering (12F88B9F-8875-4AFC-A67C-D90C383ABD29): 26
LogDevObjectVersion:   Dev-Sequencer (7B5AE74C-D270-4C10-A958-57980B212A5A): 9
LogDevObjectVersion:   Dev-VR (D7296918-1DD6-4BDD-9DE2-64A83CC13884): 2
LogDevObjectVersion:   Dev-LoadTimes (C2A15278-BFE7-4AFE-6C17-90FF531DF755): 1
LogDevObjectVersion:   Private-Geometry (6EACA3D4-40EC-4CC1-B786-8BED09428FC5): 3
LogDevObjectVersion:   Dev-AnimPhys (29E575DD-E0A3-4627-9D10-D276232CDCEA): 17
LogDevObjectVersion:   Dev-ReflectionCapture (6B266CEC-1EC7-4B8F-A30B-E4D90942FC07): 1
LogDevObjectVersion:   Dev-Automation (0DF73D61-A23F-47EA-B727-89E90C41499A): 1
LogDevObjectVersion:   FortniteMain (601D1886-AC64-4F84-AA16-D3DE0DEAC7D6): 12
LogDevObjectVersion:   Dev-Enterprise (9DFFBCD6-494F-0158-E221-12823C92A888): 1
LogStreaming: Display: Took  0.003s to delete old logs.
LogInit: Presizing for max 8388607 objects, including 0 objects not considered by GC, pre-allocating 0 bytes for permanent pool.
LogInit: Object subsystem initialized
[2018.10.05-09.40.54:008][  0]LogInit: Selected Device Profile: [Windows]
[2018.10.05-09.40.54:008][  0]LogInit: Applying CVar settings loaded from the selected device profile: [Windows]
[2018.10.05-09.40.54:024][  0]LogHAL: Display: Platform has ~ 32 GB [34280431616 / 34359738368 / 32], which maps to Largest [LargestMinGB=32, LargerMinGB=12, DefaultMinGB=8, SmallerMinGB=6, SmallestMinGB=0)
[2018.10.05-09.40.54:024][  0]LogInit: Setting Device Profile CVar: [[r.Vulkan.UseRealUBs:1]]
[2018.10.05-09.40.54:024][  0]LogInit: Going up to parent DeviceProfile []
[2018.10.05-09.40.54:025][  0]LogInit: Computer: M623MGA02
[2018.10.05-09.40.54:025][  0]LogInit: User: gotos
[2018.10.05-09.40.54:025][  0]LogInit: CPU Page size=4096, Cores=6
[2018.10.05-09.40.54:025][  0]LogInit: High frequency timer resolution =3.410071 MHz
[2018.10.05-09.40.54:025][  0]LogMemory: Memory total: Physical=31.9GB (32GB approx)
[2018.10.05-09.40.54:025][  0]LogMemory: Platform Memory Stats for Windows
[2018.10.05-09.40.54:025][  0]LogMemory: Process Physical Memory: 103.17 MB used, 103.17 MB peak
[2018.10.05-09.40.54:025][  0]LogMemory: Process Virtual Memory: 94.60 MB used, 94.60 MB peak
[2018.10.05-09.40.54:025][  0]LogMemory: Physical Memory: 22145.63 MB used,  10546.74 MB free, 32692.37 MB total
[2018.10.05-09.40.54:025][  0]LogMemory: Virtual Memory: 4661.66 MB used,  10546.74 MB free, 134217728.00 MB total
[2018.10.05-09.40.54:064][  0]LogInit: Using OS detected language (en-US).
[2018.10.05-09.40.54:064][  0]LogInit: Using OS detected locale (en-SG).
[2018.10.05-09.40.54:065][  0]LogTextLocalizationManager: No specific localization for 'en-US' exists, so the 'en' localization will be used.
[2018.10.05-09.40.54:475][  0]LogStreaming: Display: Took  0.411s to InitEngineTextLocalization.
[2018.10.05-09.40.54:475][  0]LogInit: Setting process to per monitor DPI aware
[2018.10.05-09.40.54:508][  0]LogSlate: New Slate User Created.  User Index 0, Is Virtual User: 0
[2018.10.05-09.40.54:508][  0]LogSlate: Slate User Registered.  User Index 0, Is Virtual User: 0
[2018.10.05-09.40.54:716][  0]LogHMD: Failed to initialize OpenVR with code 110
[2018.10.05-09.40.54:716][  0]LogD3D11RHI: D3D11 adapters:
[2018.10.05-09.40.54:765][  0]LogD3D11RHI:    0. 'NVIDIA Quadro K2200' (Feature Level 11_0)
[2018.10.05-09.40.54:765][  0]LogD3D11RHI:       4053/0/16346 MB DedicatedVideo/DedicatedSystem/SharedSystem, Outputs:1, VendorId:0x10de
[2018.10.05-09.40.54:767][  0]LogD3D11RHI:    1. 'Microsoft Basic Render Driver' (Feature Level 11_0)
[2018.10.05-09.40.54:767][  0]LogD3D11RHI:       0/0/16346 MB DedicatedVideo/DedicatedSystem/SharedSystem, Outputs:0, VendorId:0x1414
[2018.10.05-09.40.54:767][  0]LogD3D11RHI: Chosen D3D11 Adapter: 0
[2018.10.05-09.40.54:900][  0]LogD3D11RHI: Creating new Direct3DDevice
[2018.10.05-09.40.54:900][  0]LogD3D11RHI:     GPU DeviceId: 0x13ba (for the marketing name, search the web for "GPU Device Id")
[2018.10.05-09.40.54:900][  0]LogWindows: EnumDisplayDevices:
[2018.10.05-09.40.54:900][  0]LogWindows:    0. 'NVIDIA Quadro K2200' (P:1 D:1)
[2018.10.05-09.40.54:901][  0]LogWindows:    1. 'NVIDIA Quadro K2200' (P:0 D:0)
[2018.10.05-09.40.54:901][  0]LogWindows:    2. 'NVIDIA Quadro K2200' (P:0 D:0)
[2018.10.05-09.40.54:901][  0]LogWindows:    3. 'NVIDIA Quadro K2200' (P:0 D:0)
[2018.10.05-09.40.54:901][  0]LogWindows: DebugString: FoundDriverCount:4 
[2018.10.05-09.40.54:901][  0]LogD3D11RHI:     Adapter Name: NVIDIA Quadro K2200
[2018.10.05-09.40.54:901][  0]LogD3D11RHI:   Driver Version: 391.25 (internal:23.21.13.9125, unified:391.25)
[2018.10.05-09.40.54:901][  0]LogD3D11RHI:      Driver Date: 3-16-2018
[2018.10.05-09.40.54:901][  0]LogRHI: Texture pool is 2837 MB (70% of 4053 MB)
[2018.10.05-09.40.54:969][  0]LogD3D11RHI: Async texture creation enabled
[2018.10.05-09.40.54:987][  0]LogD3D11RHI: GPU Timing Frequency: 1000.000000 (Debug: 2 2)
[2018.10.05-09.40.55:030][  0]LogShaderCompilers: Guid format shader working directory is -8 characters bigger than the processId version (../../../../../../Users/GOTOS/Desktop/FYP_Prototype/Intermediate/Shaders/WorkingDirectory/2048264/).
[2018.10.05-09.40.55:030][  0]LogShaderCompilers: Cleaned the shader compiler working directory 'C:/Users/GOTOS/AppData/Local/Temp/UnrealShaderWorkingDir/CBE78EE54C7871CBB27C9D86722456C0/'.
[2018.10.05-09.40.55:449][  0]LogTemp: Display: Loaded TP AllDesktopTargetPlatform
[2018.10.05-09.40.55:462][  0]LogTemp: Display: Loaded TP MacClientTargetPlatform
[2018.10.05-09.40.55:475][  0]LogTemp: Display: Loaded TP MacNoEditorTargetPlatform
[2018.10.05-09.40.55:487][  0]LogTemp: Display: Loaded TP MacServerTargetPlatform
[2018.10.05-09.40.55:501][  0]LogTemp: Display: Loaded TP MacTargetPlatform
[2018.10.05-09.40.55:513][  0]LogTemp: Display: Loaded TP WindowsClientTargetPlatform
[2018.10.05-09.40.55:526][  0]LogTemp: Display: Loaded TP WindowsNoEditorTargetPlatform
[2018.10.05-09.40.55:539][  0]LogTemp: Display: Loaded TP WindowsServerTargetPlatform
[2018.10.05-09.40.55:545][  0]LogTemp: Display: Loaded TP WindowsTargetPlatform
[2018.10.05-09.40.55:619][  0]LogTemp: Display: Loaded TP AndroidTargetPlatform
[2018.10.05-09.40.55:619][  0]LogTemp: Display: Loaded TP AndroidTargetPlatform
[2018.10.05-09.40.55:619][  0]LogTemp: Display: Loaded TP AndroidTargetPlatform
[2018.10.05-09.40.55:619][  0]LogTemp: Display: Loaded TP AndroidTargetPlatform
[2018.10.05-09.40.55:619][  0]LogTemp: Display: Loaded TP AndroidTargetPlatform
[2018.10.05-09.40.55:619][  0]LogTemp: Display: Loaded TP AndroidTargetPlatform
[2018.10.05-09.40.55:619][  0]LogTemp: Display: Loaded TP AndroidTargetPlatform
[2018.10.05-09.40.55:619][  0]LogTemp: Display: Loaded TP AndroidTargetPlatform
[2018.10.05-09.40.55:619][  0]LogTemp: Display: Loaded TP AndroidTargetPlatform
[2018.10.05-09.40.55:619][  0]LogTemp: Display: Loaded TP AndroidTargetPlatform
[2018.10.05-09.40.55:619][  0]LogTemp: Display: Loaded TP AndroidTargetPlatform
[2018.10.05-09.40.55:619][  0]LogTemp: Display: Loaded TP AndroidTargetPlatform
[2018.10.05-09.40.55:619][  0]LogTemp: Display: Loaded TP AndroidTargetPlatform
[2018.10.05-09.40.55:619][  0]LogTemp: Display: Loaded TP AndroidTargetPlatform
[2018.10.05-09.40.55:619][  0]LogTemp: Display: Loaded TP AndroidTargetPlatform
[2018.10.05-09.40.55:619][  0]LogTemp: Display: Loaded TP AndroidTargetPlatform
[2018.10.05-09.40.55:619][  0]LogTemp: Display: Loaded TP AndroidTargetPlatform
[2018.10.05-09.40.55:619][  0]LogTemp: Display: Loaded TP AndroidTargetPlatform
[2018.10.05-09.40.55:621][  0]LogTemp: Display: Loaded TP HTML5TargetPlatform
[2018.10.05-09.40.55:692][  0]LogTemp: Display: Loaded TP IOSTargetPlatform
[2018.10.05-09.40.55:692][  0]LogTemp: Display: Loaded TP IOSTargetPlatform
[2018.10.05-09.40.55:744][  0]LogTemp: Display: Loaded TP TVOSTargetPlatform
[2018.10.05-09.40.55:744][  0]LogTemp: Display: Loaded TP TVOSTargetPlatform
[2018.10.05-09.40.55:759][  0]LogTemp: Display: Loaded TP LinuxClientTargetPlatform
[2018.10.05-09.40.55:771][  0]LogTemp: Display: Loaded TP LinuxNoEditorTargetPlatform
[2018.10.05-09.40.55:784][  0]LogTemp: Display: Loaded TP LinuxServerTargetPlatform
[2018.10.05-09.40.55:796][  0]LogTemp: Display: Loaded TP LinuxTargetPlatform
[2018.10.05-09.40.55:805][  0]LogTemp: Display: Loaded TP LuminTargetPlatform
[2018.10.05-09.40.55:806][  0]LogTargetPlatformManager: Display: Building Assets For Windows
[2018.10.05-09.40.55:860][  0]LogXGEController: Cannot use XGE Controller as Incredibuild is not installed on this machine.
[2018.10.05-09.40.55:860][  0]LogShaderCompilers: Cannot use XGE Shader Compiler as Incredibuild is not installed on this machine.
[2018.10.05-09.40.55:860][  0]LogShaderCompilers: Display: Using Local Shader Compiler.
[2018.10.05-09.40.56:618][  0]LogDerivedDataCache: Display: Max Cache Size: 512 MB
[2018.10.05-09.40.56:680][  0]LogDerivedDataCache: Loaded boot cache 0.06s 71MB C:/Users/GOTOS/AppData/Local/UnrealEngine/4.20/DerivedDataCache/Boot.ddc.
[2018.10.05-09.40.56:680][  0]LogDerivedDataCache: Display: Loaded Boot cache: C:/Users/GOTOS/AppData/Local/UnrealEngine/4.20/DerivedDataCache/Boot.ddc
[2018.10.05-09.40.56:680][  0]LogDerivedDataCache: FDerivedDataBackendGraph:  Pak pak cache file ../../../../../../Users/GOTOS/Desktop/FYP_Prototype/DerivedDataCache/DDC.ddp not found, will not use a pak cache.
[2018.10.05-09.40.56:681][  0]LogDerivedDataCache: Unable to find inner node Pak for hierarchical cache Hierarchy.
[2018.10.05-09.40.56:681][  0]LogDerivedDataCache: FDerivedDataBackendGraph:  CompressedPak pak cache file ../../../../../../Users/GOTOS/Desktop/FYP_Prototype/DerivedDataCache/Compressed.ddp not found, will not use a pak cache.
[2018.10.05-09.40.56:681][  0]LogDerivedDataCache: Unable to find inner node CompressedPak for hierarchical cache Hierarchy.
[2018.10.05-09.40.56:693][  0]LogDerivedDataCache: Display: Pak cache opened for reading ../../../Engine/DerivedDataCache/Compressed.ddp.
[2018.10.05-09.40.56:706][  0]LogDerivedDataCache: Using Local data cache path C:/Users/GOTOS/AppData/Local/UnrealEngine/Common/DerivedDataCache: Writable
[2018.10.05-09.40.56:706][  0]LogDerivedDataCache: Shared data cache path not found in *engine.ini, will not use an Shared cache.
[2018.10.05-09.40.56:706][  0]LogDerivedDataCache: Unable to find inner node Shared for hierarchical cache Hierarchy.
[2018.10.05-09.40.56:742][  0]LogMaterial: Verifying Global Shaders for PCD3D_SM5
[2018.10.05-09.40.56:743][  0]LogSlate: Using FreeType 2.6.0
[2018.10.05-09.40.56:744][  0]LogSlate: SlateFontServices - WITH_FREETYPE: 1, WITH_HARFBUZZ: 1
[2018.10.05-09.40.56:821][  0]LogAssetRegistry: FAssetRegistry took 0.0266 seconds to start up
[2018.10.05-09.40.57:153][  0]LogInit: Selected Device Profile: [Windows]
[2018.10.05-09.40.57:202][  0]LogSimplygon: Simplygon DLL not present - disabling.
[2018.10.05-09.40.57:206][  0]LogMeshReduction: Using SimplygonSwarm for distributed automatic mesh merging
[2018.10.05-09.40.57:206][  0]LogMeshReduction: Using ProxyLODMeshReduction for automatic mesh merging
[2018.10.05-09.40.57:206][  0]LogMeshReduction: Using QuadricMeshReduction for automatic static mesh reduction
[2018.10.05-09.40.57:206][  0]LogMeshReduction: No automatic skeletal mesh reduction module available
[2018.10.05-09.40.57:307][  0]LogNetVersion: FYP_Prototype 1.0.0, NetCL: 4212847, EngineNetVer: 5, GameNetVer: 0 (Checksum: 1129731653)
[2018.10.05-09.40.57:806][  0]LogPackageLocalizationCache: Processed 13 localized package path(s) for 2 prioritized culture(s) in 0.106492 seconds
[2018.10.05-09.40.57:812][  0]LogUObjectArray: 38425 objects as part of root set at end of initial load.
[2018.10.05-09.40.57:812][  0]LogUObjectAllocator: 6690864 out of 0 bytes used by permanent object pool.
[2018.10.05-09.40.57:812][  0]LogUObjectArray: CloseDisregardForGC: 0/0 objects in disregard for GC pool
[2018.10.05-09.40.58:706][  0]LogTcpMessaging: Initializing TcpMessaging bridge
[2018.10.05-09.40.58:720][  0]LogUdpMessaging: Initializing bridge on interface 0.0.0.0:0 to multicast group 230.0.0.1:6666.
[2018.10.05-09.40.58:906][  0]SourceControl: Source control is disabled
[2018.10.05-09.40.58:906][  0]SourceControl: Source control is disabled
[2018.10.05-09.40.58:908][  0]SourceControl: Source control is disabled
[2018.10.05-09.40.58:909][  0]SourceControl: Source control is disabled
[2018.10.05-09.40.59:097][  0]LogAndroidPermission: UAndroidPermissionCallbackProxy::GetInstance
[2018.10.05-09.40.59:164][  0]LogOcInput: OculusInput pre-init called
[2018.10.05-09.40.59:241][  0]LogEngine: Initializing Engine...
[2018.10.05-09.40.59:242][  0]LogHMD: Failed to initialize OpenVR with code 110
[2018.10.05-09.40.59:243][  0]LogStats: UGameplayTagsManager::ConstructGameplayTagTree: ImportINI prefixes -  0.000 s
[2018.10.05-09.40.59:243][  0]LogStats: UGameplayTagsManager::ConstructGameplayTagTree: Construct from data asset -  0.000 s
[2018.10.05-09.40.59:243][  0]LogStats: UGameplayTagsManager::ConstructGameplayTagTree: ImportINI -  0.000 s
[2018.10.05-09.40.59:243][  0]LogStats: UGameplayTagsManager::ConstructGameplayTagTree: GameplayTagTreeChangedEvent.Broadcast -  0.000 s
[2018.10.05-09.40.59:512][  0]LogInit: Initializing FReadOnlyCVARCache
[2018.10.05-09.40.59:531][  0]LogAIModule: Creating AISystem for world Untitled
[2018.10.05-09.40.59:539][  0]LogInit: XAudio2 using 'Speakers / Headphones (Realtek Audio)' : 2 channels at 48 kHz using 32 bits per sample (channel mask 0x3)
[2018.10.05-09.40.59:562][  0]LogInit: FAudioDevice initialized.
[2018.10.05-09.40.59:562][  0]LogNetVersion: Set ProjectVersion to 1.0.0.0. Version Checksum will be recalculated on next use.
[2018.10.05-09.40.59:646][  0]LogDerivedDataCache: Saved boot cache 0.08s 86MB C:/Users/GOTOS/AppData/Local/UnrealEngine/4.20/DerivedDataCache/Boot.ddc.
[2018.10.05-09.40.59:659][  0]LogInit: Texture streaming: Enabled
[2018.10.05-09.40.59:678][  0]LogEngineSessionManager: EngineSessionManager initialized
[2018.10.05-09.40.59:863][  0]LogInit: Transaction tracking system initialized
[2018.10.05-09.40.59:886][  0]BlueprintLog: New page: Editor Load
[2018.10.05-09.40.59:962][  0]LocalizationService: Localization service is disabled
[2018.10.05-09.41.00:029][  0]LogLinker: Warning: Can't find file '/Game/TopDownBP/TopDownOverview'
[2018.10.05-09.41.00:029][  0]LogLinker: Warning: Can't find file '/Game/TopDownBP/TopDownOverview'
[2018.10.05-09.41.00:029][  0]LogUObjectGlobals: Warning: Failed to find object 'Class /Game/TopDownBP/TopDownOverview.TopDownOverview_C'
[2018.10.05-09.41.00:230][  0]LogCook: Display: Max memory allowance for cook 16384mb min free memory 0mb
[2018.10.05-09.41.00:230][  0]LogCook: Display: Mobile HDR setting 1
[2018.10.05-09.41.00:230][  0]LogGameplayTags: Display: UGameplayTagsManager::DoneAddingNativeTags. DelegateIsBound: 0
[2018.10.05-09.41.00:230][  0]LogStats: UGameplayTagsManager::ConstructGameplayTagTree: ImportINI prefixes -  0.000 s
[2018.10.05-09.41.00:230][  0]LogStats: UGameplayTagsManager::ConstructGameplayTagTree: Construct from data asset -  0.000 s
[2018.10.05-09.41.00:230][  0]LogStats: UGameplayTagsManager::ConstructGameplayTagTree: ImportINI -  0.000 s
[2018.10.05-09.41.00:230][  0]LogStats: UGameplayTagsManager::ConstructGameplayTagTree: GameplayTagTreeChangedEvent.Broadcast -  0.000 s
[2018.10.05-09.41.00:358][  0]LogFileCache: Scanning file cache for directory 'C:/Users/GOTOS/Desktop/FYP_Prototype/Content/' took 0.02s
[2018.10.05-09.41.00:358][  0]SourceControl: Source control is disabled
[2018.10.05-09.41.00:358][  0]Cmd: MAP LOAD FILE="../../../../../../Users/GOTOS/Desktop/FYP_Prototype/Content/VirtualRealityBP/Maps/StartupMap.umap" TEMPLATE=0 SHOWPROGRESS=1 FEATURELEVEL=3
[2018.10.05-09.41.00:358][  0]LightingResults: New page: Lighting Build
[2018.10.05-09.41.00:361][  0]MapCheck: New page: Map Check
[2018.10.05-09.41.00:362][  0]LightingResults: New page: Lighting Build
[2018.10.05-09.41.00:492][  0]LogAIModule: Creating AISystem for world StartupMap
[2018.10.05-09.41.00:499][  0]LogEditorServer: Finished looking for orphan Actors (0.000 secs)
[2018.10.05-09.41.00:524][  0]Cmd: MAP CHECKDEP NOCLEARLOG
[2018.10.05-09.41.00:611][  0]MapCheck: Map check complete: 0 Error(s), 0 Warning(s), took 86.62ms to complete.
[2018.10.05-09.41.00:611][  0]LogFileHelpers: Loading map 'StartupMap' took 0.253
[2018.10.05-09.41.00:711][  0]LogSlate: Updating window title bar state: overlay mode, drag disabled, window buttons hidden, title bar hidden
[2018.10.05-09.41.00:720][  0]LogSlate: Updating window title bar state: overlay mode, drag disabled, window buttons hidden, title bar hidden
[2018.10.05-09.41.00:731][  0]LogSlate: Updating window title bar state: overlay mode, drag disabled, window buttons hidden, title bar hidden
[2018.10.05-09.41.00:740][  0]LogSlate: Updating window title bar state: overlay mode, drag disabled, window buttons hidden, title bar hidden
[2018.10.05-09.41.00:748][  0]LogCollectionManager: Loaded 0 collections in 0.001452 seconds
[2018.10.05-09.41.00:777][  0]LogFileCache: Scanning file cache for directory 'C:/Users/GOTOS/Desktop/FYP_Prototype/Saved/Collections/' took 0.01s
[2018.10.05-09.41.00:777][  0]LogFileCache: Scanning file cache for directory 'C:/Users/GOTOS/Desktop/FYP_Prototype/Content/Developers/gotos/Collections/' took 0.01s
[2018.10.05-09.41.00:777][  0]LogFileCache: Scanning file cache for directory 'C:/Users/GOTOS/Desktop/FYP_Prototype/Content/Collections/' took 0.00s
[2018.10.05-09.41.00:777][  0]LogCollectionManager: Rebuilt the GUID cache for 0 collections in 0.000000 seconds
[2018.10.05-09.41.00:789][  0]LogContentBrowser: Native class hierarchy populated in 0.0117 seconds. Added 2578 classes and 609 folders.
[2018.10.05-09.41.00:796][  0]LogContentBrowser: Native class hierarchy updated for 'WidgetCarousel' in 0.0003 seconds. Added 0 classes and 0 folders.
[2018.10.05-09.41.00:841][  0]LogContentBrowser: Native class hierarchy updated for 'AddContentDialog' in 0.0003 seconds. Added 0 classes and 0 folders.
[2018.10.05-09.41.00:848][  0]LogContentBrowser: Native class hierarchy updated for 'SceneOutliner' in 0.0003 seconds. Added 1 classes and 2 folders.
[2018.10.05-09.41.00:910][  0]LogSlate: Took 0.000256 seconds to synchronously load lazily loaded font '../../../Engine/Content/Slate/Fonts/Roboto-Regular.ttf' (155K)
[2018.10.05-09.41.00:913][  0]LogSlate: Took 0.000174 seconds to synchronously load lazily loaded font '../../../Engine/Content/Slate/Fonts/Roboto-Bold.ttf' (160K)
[2018.10.05-09.41.00:917][  0]LogSlate: Took 0.000221 seconds to synchronously load lazily loaded font '../../../Engine/Content/Editor/Slate/Fonts/FontAwesome.ttf' (139K)
[2018.10.05-09.41.00:991][  0]LogRenderer: Reallocating scene render targets to support 1156x648 Format 26 NumSamples 1 (Frame:1).
[2018.10.05-09.41.01:105][  0]LogContentBrowser: Native class hierarchy updated for 'HierarchicalLODOutliner' in 0.0003 seconds. Added 0 classes and 0 folders.
[2018.10.05-09.41.01:105][  0]LogLoad: (Engine Initialization) Total time: 8.92 seconds
[2018.10.05-09.41.01:105][  0]LogLoad: (Engine Initialization) Total Blueprint compile time: 0.00 seconds
[2018.10.05-09.41.01:115][  0]LogWindowsTextInputMethodSystem: Display: IME system now deactivated.
[2018.10.05-09.41.01:152][  0]LogContentStreaming: Texture pool size now 1000 MB
[2018.10.05-09.41.01:289][  1]LogAssetRegistry: Asset discovery search completed in 4.4902 seconds
[2018.10.05-09.41.01:291][  1]LogCollectionManager: Rebuilt the object cache for 0 collections in 0.000000 seconds (found 0 objects)
[2018.10.05-09.41.01:291][  1]LogCollectionManager: Fixed up redirectors for 0 collections in 0.000040 seconds (updated 0 objects)
[2018.10.05-09.41.02:140][ 97]LogSlate: Took 0.000235 seconds to synchronously load lazily loaded font '../../../Engine/Content/Slate/Fonts/Roboto-Light.ttf' (167K)
[2018.10.05-09.41.03:078][209]LogSlate: FSceneViewport::OnFocusLost() reason 0
[2018.10.05-09.41.03:218][225]LogSlate: Took 0.000206 seconds to synchronously load lazily loaded font '../../../Engine/Content/Slate/Fonts/Roboto-Light.ttf' (167K)
[2018.10.05-09.41.06:282][588]LogFileCache: Retrieving MD5 hashes for directory 'C:/Users/GOTOS/Desktop/FYP_Prototype/Content/' took 5.15s
[2018.10.05-09.41.38:341][323]LogAIModule: Creating AISystem for world MotionControllerMap
[2018.10.05-09.41.38:361][323]LogAssetEditorManager: Opening Asset editor for World /Game/VirtualRealityBP/Maps/MotionControllerMap.MotionControllerMap
[2018.10.05-09.41.38:397][323]Cmd: MAP LOAD FILE="../../../../../../Users/GOTOS/Desktop/FYP_Prototype/Content/VirtualRealityBP/Maps/MotionControllerMap.umap" TEMPLATE=0 SHOWPROGRESS=1 FEATURELEVEL=3
[2018.10.05-09.41.38:397][323]LightingResults: New page: Lighting Build
[2018.10.05-09.41.38:398][323]LoadErrors: New page: Loading map: MotionControllerMap.umap
[2018.10.05-09.41.38:398][323]MapCheck: New page: Map Check
[2018.10.05-09.41.38:399][323]LightingResults: New page: Lighting Build
[2018.10.05-09.41.38:506][323]LogEditorServer: Finished looking for orphan Actors (0.000 secs)
[2018.10.05-09.41.38:562][323]Cmd: MAP CHECKDEP NOCLEARLOG
[2018.10.05-09.41.38:672][323]MapCheck: Map check complete: 0 Error(s), 0 Warning(s), took 111.208ms to complete.
[2018.10.05-09.41.38:672][323]LogFileHelpers: Loading map 'MotionControllerMap' took 0.276
[2018.10.05-09.41.48:215][454]LogUObjectGlobals: Warning: Failed to find object 'Object None.'
[2018.10.05-09.41.48:215][454]LogUObjectGlobals: Warning: Failed to find object 'Object None.'
[2018.10.05-09.41.49:629][608]LogAssetEditorManager: Opening Asset editor for LevelScriptBlueprint /Game/VirtualRealityBP/Maps/MotionControllerMap.MotionControllerMap:PersistentLevel.MotionControllerMap
[2018.10.05-09.41.50:049][608]LogContentBrowser: Native class hierarchy updated for 'BlueprintGraph' in 0.0006 seconds. Added 116 classes and 0 folders.
[2018.10.05-09.41.50:810][608]LogSlate: Took 0.000211 seconds to synchronously load lazily loaded font '../../../Engine/Content/Slate/Fonts/Roboto-BoldCondensed.ttf' (158K)
[2018.10.05-09.41.50:976][609]LogSlate: Took 0.000246 seconds to synchronously load lazily loaded font '../../../Engine/Content/Slate/Fonts/Roboto-Italic.ttf' (157K)
[2018.10.05-09.42.24:867][900]LogEditorTransaction: Undo Move Nodes
[2018.10.05-09.48.54:607][ 83]BlueprintLog: New page: Compile MotionControllerMap
[2018.10.05-09.48.55:443][ 83]LogSavePackage: Moving '../../../../../../Users/GOTOS/Desktop/FYP_Prototype/Saved/MotionControllerMap047EBF07429A3E58274FCEA1F508BB62.tmp' to '../../../../../../Users/GOTOS/Desktop/FYP_Prototype/Content/VirtualRealityBP/Maps/MotionControllerMap.umap'
[2018.10.05-09.48.55:473][ 83]LogFileHelpers: Saving map 'MotionControllerMap' took 0.616
[2018.10.05-09.50.11:654][929]BlueprintLog: New page: Compile MotionControllerMap
[2018.10.05-09.50.12:557][929]LogSavePackage: Moving '../../../../../../Users/GOTOS/Desktop/FYP_Prototype/Saved/MotionControllerMapD3A9B3FE43EB2C5070E00A866DA50275.tmp' to '../../../../../../Users/GOTOS/Desktop/FYP_Prototype/Content/VirtualRealityBP/Maps/MotionControllerMap.umap'
[2018.10.05-09.50.12:586][929]LogFileHelpers: Saving map 'MotionControllerMap' took 0.703
[2018.10.05-09.50.14:532][144]LogSlate: Window 'MotionControllerMap - Level Blueprint Editor' being destroyed
[2018.10.05-09.50.22:370][ 74]LogAssetEditorManager: Opening Asset editor for Blueprint /Game/EnemyAI/Enemy_BP.Enemy_BP
[2018.10.05-09.51.45:073][951]BlueprintLog: New page: Compile Enemy_BP
[2018.10.05-09.51.45:268][951]Cmd: OBJ SAVEPACKAGE PACKAGE="/Game/EnemyAI/Enemy_BP" FILE="../../../../../../Users/GOTOS/Desktop/FYP_Prototype/Content/EnemyAI/Enemy_BP.uasset" SILENT=true
[2018.10.05-09.51.45:312][951]LogSavePackage: Moving '../../../../../../Users/GOTOS/Desktop/FYP_Prototype/Saved/Enemy_BP0C2FC36F4C81DB0C443F35AF543B434A.tmp' to '../../../../../../Users/GOTOS/Desktop/FYP_Prototype/Content/EnemyAI/Enemy_BP.uasset'
[2018.10.05-09.51.46:957][146]LogTemp: Repeating last play command: New Editor Window (PIE)
[2018.10.05-09.51.46:979][146]LogBlueprintUserMessages: Early PlayInEditor Detection: Level '/Game/VirtualRealityBP/Maps/MotionControllerMap.MotionControllerMap:PersistentLevel' has LevelScriptBlueprint '/Game/VirtualRealityBP/Maps/MotionControllerMap.MotionControllerMap:PersistentLevel.MotionControllerMap' with GeneratedClass '/Game/VirtualRealityBP/Maps/MotionControllerMap.MotionControllerMap_C' with ClassGeneratedBy '/Game/VirtualRealityBP/Maps/MotionControllerMap.MotionControllerMap:PersistentLevel.MotionControllerMap'
[2018.10.05-09.51.46:979][146]LogPlayLevel: PlayLevel: No blueprints needed recompiling
[2018.10.05-09.51.46:991][146]PIE: New page: PIE session: MotionControllerMap (6 Oct 2018 1:51:46 am)
[2018.10.05-09.51.46:991][146]LogPlayLevel: Creating play world package: /Game/VirtualRealityBP/Maps/UEDPIE_0_MotionControllerMap
[2018.10.05-09.51.47:011][146]LogPlayLevel: PIE: StaticDuplicateObject took: (0.019645s)
[2018.10.05-09.51.47:011][146]LogAIModule: Creating AISystem for world MotionControllerMap
[2018.10.05-09.51.47:012][146]LogPlayLevel: PIE: World Init took: (0.000702s)
[2018.10.05-09.51.47:012][146]LogPlayLevel: PIE: Created PIE world by copying editor world from /Game/VirtualRealityBP/Maps/MotionControllerMap.MotionControllerMap to /Game/VirtualRealityBP/Maps/UEDPIE_0_MotionControllerMap.MotionControllerMap (0.020538s)
[2018.10.05-09.51.47:043][146]LogInit: XAudio2 using 'Speakers / Headphones (Realtek Audio)' : 2 channels at 48 kHz using 32 bits per sample (channel mask 0x3)
[2018.10.05-09.51.47:061][146]LogInit: FAudioDevice initialized.
[2018.10.05-09.51.47:067][146]LogSlate: Updating window title bar state: overlay mode, drag disabled, window buttons hidden, title bar hidden
[2018.10.05-09.51.47:112][146]LogUObjectGlobals: Warning: Failed to find object 'Class None.'
[2018.10.05-09.51.47:112][146]LogLoad: Game class is 'GameModeBase'
[2018.10.05-09.51.47:115][146]LogWorld: Bringing World /Game/VirtualRealityBP/Maps/UEDPIE_0_MotionControllerMap.MotionControllerMap up for play (max tick rate 0) at 2018.10.05-17.51.47
[2018.10.05-09.51.47:116][146]LogWorld: Bringing up level for play took: 0.002984
[2018.10.05-09.51.47:128][146]LogGameMode: FindPlayerStart: PATHS NOT DEFINED or NO PLAYERSTART with positive rating
[2018.10.05-09.51.47:136][146]LogContentBrowser: Native class hierarchy updated for 'MovieSceneCapture' in 0.0003 seconds. Added 10 classes and 0 folders.
[2018.10.05-09.51.47:141][146]PIE: Play in editor start time for /Game/VirtualRealityBP/Maps/UEDPIE_0_MotionControllerMap -0.695
[2018.10.05-09.51.47:141][146]LogBlueprintUserMessages: Late PlayInEditor Detection: Level '/Game/VirtualRealityBP/Maps/MotionControllerMap.MotionControllerMap:PersistentLevel' has LevelScriptBlueprint '/Game/VirtualRealityBP/Maps/MotionControllerMap.MotionControllerMap:PersistentLevel.MotionControllerMap' with GeneratedClass '/Game/VirtualRealityBP/Maps/MotionControllerMap.MotionControllerMap_C' with ClassGeneratedBy '/Game/VirtualRealityBP/Maps/MotionControllerMap.MotionControllerMap:PersistentLevel.MotionControllerMap'
[2018.10.05-09.51.47:155][146]LogRenderer: Reallocating scene render targets to support 1292x756 Format 26 NumSamples 1 (Frame:1).
[2018.10.05-09.52.14:874][465]LogSlate: Window 'FYP_Prototype Game Preview Standalone (64-bit/PCD3D_SM5)' being destroyed
[2018.10.05-09.52.14:878][465]LogBlueprintUserMessages: Early EndPlayMap Detection: Level '/Game/VirtualRealityBP/Maps/MotionControllerMap.MotionControllerMap:PersistentLevel' has LevelScriptBlueprint '/Game/VirtualRealityBP/Maps/MotionControllerMap.MotionControllerMap:PersistentLevel.MotionControllerMap' with GeneratedClass '/Game/VirtualRealityBP/Maps/MotionControllerMap.MotionControllerMap_C' with ClassGeneratedBy '/Game/VirtualRealityBP/Maps/MotionControllerMap.MotionControllerMap:PersistentLevel.MotionControllerMap'
[2018.10.05-09.52.14:931][465]LogPlayLevel: Display: Shutting down PIE online subsystems
[2018.10.05-09.52.14:932][465]LogBlueprintUserMessages: Late EndPlayMap Detection: Level '/Game/VirtualRealityBP/Maps/MotionControllerMap.MotionControllerMap:PersistentLevel' has LevelScriptBlueprint '/Game/VirtualRealityBP/Maps/MotionControllerMap.MotionControllerMap:PersistentLevel.MotionControllerMap' with GeneratedClass '/Game/VirtualRealityBP/Maps/MotionControllerMap.MotionControllerMap_C' with ClassGeneratedBy '/Game/VirtualRealityBP/Maps/MotionControllerMap.MotionControllerMap:PersistentLevel.MotionControllerMap'
[2018.10.05-09.52.14:979][466]LogPlayLevel: Display: Destroying online subsystem :Context_10
[2018.10.05-09.52.28:004][ 10]LogTemp: Repeating last play command: New Editor Window (PIE)
[2018.10.05-09.52.28:023][ 10]LogBlueprintUserMessages: Early PlayInEditor Detection: Level '/Game/VirtualRealityBP/Maps/MotionControllerMap.MotionControllerMap:PersistentLevel' has LevelScriptBlueprint '/Game/VirtualRealityBP/Maps/MotionControllerMap.MotionControllerMap:PersistentLevel.MotionControllerMap' with GeneratedClass '/Game/VirtualRealityBP/Maps/MotionControllerMap.MotionControllerMap_C' with ClassGeneratedBy '/Game/VirtualRealityBP/Maps/MotionControllerMap.MotionControllerMap:PersistentLevel.MotionControllerMap'
[2018.10.05-09.52.28:023][ 10]BlueprintLog: New page: Pre-Play auto-recompile
[2018.10.05-09.52.28:027][ 10]LogPlayLevel: [PlayLevel] Compiling Enemy_BP before play...
[2018.10.05-09.52.28:187][ 10]Cmd: OBJ SAVEPACKAGE PACKAGE="/Game/EnemyAI/Enemy_BP" FILE="../../../../../../Users/GOTOS/Desktop/FYP_Prototype/Content/EnemyAI/Enemy_BP.uasset" SILENT=true
[2018.10.05-09.52.28:245][ 10]LogSavePackage: Moving '../../../../../../Users/GOTOS/Desktop/FYP_Prototype/Saved/Enemy_BP9651609543FACFF9B17D4993D2CCA547.tmp' to '../../../../../../Users/GOTOS/Desktop/FYP_Prototype/Content/EnemyAI/Enemy_BP.uasset'
[2018.10.05-09.52.28:286][ 10]LogPlayLevel: PlayLevel: Blueprint regeneration took 263 ms (1 blueprints)
[2018.10.05-09.52.28:286][ 10]PIE: New page: PIE session: MotionControllerMap (6 Oct 2018 1:52:28 am)
[2018.10.05-09.52.28:286][ 10]LogPlayLevel: Creating play world package: /Game/VirtualRealityBP/Maps/UEDPIE_0_MotionControllerMap
[2018.10.05-09.52.28:306][ 10]LogPlayLevel: PIE: StaticDuplicateObject took: (0.019865s)
[2018.10.05-09.52.28:307][ 10]LogAIModule: Creating AISystem for world MotionControllerMap
[2018.10.05-09.52.28:307][ 10]LogPlayLevel: PIE: World Init took: (0.000654s)
[2018.10.05-09.52.28:307][ 10]LogPlayLevel: PIE: Created PIE world by copying editor world from /Game/VirtualRealityBP/Maps/MotionControllerMap.MotionControllerMap to /Game/VirtualRealityBP/Maps/UEDPIE_0_MotionControllerMap.MotionControllerMap (0.020645s)
[2018.10.05-09.52.28:338][ 10]LogInit: XAudio2 using 'Speakers / Headphones (Realtek Audio)' : 2 channels at 48 kHz using 32 bits per sample (channel mask 0x3)
[2018.10.05-09.52.28:355][ 10]LogInit: FAudioDevice initialized.
[2018.10.05-09.52.28:360][ 10]LogSlate: Updating window title bar state: overlay mode, drag disabled, window buttons hidden, title bar hidden
[2018.10.05-09.52.28:393][ 10]LogUObjectGlobals: Warning: Failed to find object 'Class None.'
[2018.10.05-09.52.28:393][ 10]LogLoad: Game class is 'GameModeBase'
[2018.10.05-09.52.28:396][ 10]LogWorld: Bringing World /Game/VirtualRealityBP/Maps/UEDPIE_0_MotionControllerMap.MotionControllerMap up for play (max tick rate 0) at 2018.10.05-17.52.28
[2018.10.05-09.52.28:397][ 10]LogWorld: Bringing up level for play took: 0.002789
[2018.10.05-09.52.28:408][ 10]LogGameMode: FindPlayerStart: PATHS NOT DEFINED or NO PLAYERSTART with positive rating
[2018.10.05-09.52.28:412][ 10]PIE: Play in editor start time for /Game/VirtualRealityBP/Maps/UEDPIE_0_MotionControllerMap 0.575
[2018.10.05-09.52.28:412][ 10]LogBlueprintUserMessages: Late PlayInEditor Detection: Level '/Game/VirtualRealityBP/Maps/MotionControllerMap.MotionControllerMap:PersistentLevel' has LevelScriptBlueprint '/Game/VirtualRealityBP/Maps/MotionControllerMap.MotionControllerMap:PersistentLevel.MotionControllerMap' with GeneratedClass '/Game/VirtualRealityBP/Maps/MotionControllerMap.MotionControllerMap_C' with ClassGeneratedBy '/Game/VirtualRealityBP/Maps/MotionControllerMap.MotionControllerMap:PersistentLevel.MotionControllerMap'
[2018.10.05-09.52.54:459][128]LogBlueprintUserMessages: Early EndPlayMap Detection: Level '/Game/VirtualRealityBP/Maps/MotionControllerMap.MotionControllerMap:PersistentLevel' has LevelScriptBlueprint '/Game/VirtualRealityBP/Maps/MotionControllerMap.MotionControllerMap:PersistentLevel.MotionControllerMap' with GeneratedClass '/Game/VirtualRealityBP/Maps/MotionControllerMap.MotionControllerMap_C' with ClassGeneratedBy '/Game/VirtualRealityBP/Maps/MotionControllerMap.MotionControllerMap:PersistentLevel.MotionControllerMap'
[2018.10.05-09.52.54:459][128]LogSlate: Updating window title bar state: overlay mode, drag disabled, window buttons hidden, title bar hidden
[2018.10.05-09.52.54:476][128]LogSlate: Window 'FYP_Prototype Game Preview Standalone (64-bit/PCD3D_SM5)' being destroyed
[2018.10.05-09.52.54:509][128]LogPlayLevel: Display: Shutting down PIE online subsystems
[2018.10.05-09.52.54:509][128]LogBlueprintUserMessages: Late EndPlayMap Detection: Level '/Game/VirtualRealityBP/Maps/MotionControllerMap.MotionControllerMap:PersistentLevel' has LevelScriptBlueprint '/Game/VirtualRealityBP/Maps/MotionControllerMap.MotionControllerMap:PersistentLevel.MotionControllerMap' with GeneratedClass '/Game/VirtualRealityBP/Maps/MotionControllerMap.MotionControllerMap_C' with ClassGeneratedBy '/Game/VirtualRealityBP/Maps/MotionControllerMap.MotionControllerMap:PersistentLevel.MotionControllerMap'
[2018.10.05-09.52.54:560][130]LogPlayLevel: Display: Destroying online subsystem :Context_11
[2018.10.05-09.53.01:477][959]LogTemp: Repeating last play command: New Editor Window (PIE)
[2018.10.05-09.53.01:496][959]LogBlueprintUserMessages: Early PlayInEditor Detection: Level '/Game/VirtualRealityBP/Maps/MotionControllerMap.MotionControllerMap:PersistentLevel' has LevelScriptBlueprint '/Game/VirtualRealityBP/Maps/MotionControllerMap.MotionControllerMap:PersistentLevel.MotionControllerMap' with GeneratedClass '/Game/VirtualRealityBP/Maps/MotionControllerMap.MotionControllerMap_C' with ClassGeneratedBy '/Game/VirtualRealityBP/Maps/MotionControllerMap.MotionControllerMap:PersistentLevel.MotionControllerMap'
[2018.10.05-09.53.01:496][959]BlueprintLog: New page: Pre-Play auto-recompile
[2018.10.05-09.53.01:501][959]LogPlayLevel: [PlayLevel] Compiling Enemy_BP before play...
[2018.10.05-09.53.01:653][959]Cmd: OBJ SAVEPACKAGE PACKAGE="/Game/EnemyAI/Enemy_BP" FILE="../../../../../../Users/GOTOS/Desktop/FYP_Prototype/Content/EnemyAI/Enemy_BP.uasset" SILENT=true
[2018.10.05-09.53.01:696][959]LogSavePackage: Moving '../../../../../../Users/GOTOS/Desktop/FYP_Prototype/Saved/Enemy_BP6BE85B3B453656EDD828EFB758379614.tmp' to '../../../../../../Users/GOTOS/Desktop/FYP_Prototype/Content/EnemyAI/Enemy_BP.uasset'
[2018.10.05-09.53.01:735][959]LogPlayLevel: PlayLevel: Blueprint regeneration took 238 ms (1 blueprints)
[2018.10.05-09.53.01:735][959]PIE: New page: PIE session: MotionControllerMap (6 Oct 2018 1:53:01 am)
[2018.10.05-09.53.01:735][959]LogPlayLevel: Creating play world package: /Game/VirtualRealityBP/Maps/UEDPIE_0_MotionControllerMap
[2018.10.05-09.53.01:755][959]LogPlayLevel: PIE: StaticDuplicateObject took: (0.019421s)
[2018.10.05-09.53.01:755][959]LogAIModule: Creating AISystem for world MotionControllerMap
[2018.10.05-09.53.01:755][959]LogPlayLevel: PIE: World Init took: (0.000643s)
[2018.10.05-09.53.01:755][959]LogPlayLevel: PIE: Created PIE world by copying editor world from /Game/VirtualRealityBP/Maps/MotionControllerMap.MotionControllerMap to /Game/VirtualRealityBP/Maps/UEDPIE_0_MotionControllerMap.MotionControllerMap (0.020188s)
[2018.10.05-09.53.01:789][959]LogInit: XAudio2 using 'Speakers / Headphones (Realtek Audio)' : 2 channels at 48 kHz using 32 bits per sample (channel mask 0x3)
[2018.10.05-09.53.01:806][959]LogInit: FAudioDevice initialized.
[2018.10.05-09.53.01:812][959]LogSlate: Updating window title bar state: overlay mode, drag disabled, window buttons hidden, title bar hidden
[2018.10.05-09.53.01:841][959]LogUObjectGlobals: Warning: Failed to find object 'Class None.'
[2018.10.05-09.53.01:841][959]LogLoad: Game class is 'GameModeBase'
[2018.10.05-09.53.01:844][959]LogWorld: Bringing World /Game/VirtualRealityBP/Maps/UEDPIE_0_MotionControllerMap.MotionControllerMap up for play (max tick rate 0) at 2018.10.05-17.53.01
[2018.10.05-09.53.01:845][959]LogWorld: Bringing up level for play took: 0.002862
[2018.10.05-09.53.01:857][959]LogGameMode: FindPlayerStart: PATHS NOT DEFINED or NO PLAYERSTART with positive rating
[2018.10.05-09.53.01:861][959]PIE: Play in editor start time for /Game/VirtualRealityBP/Maps/UEDPIE_0_MotionControllerMap 0.023
[2018.10.05-09.53.01:861][959]LogBlueprintUserMessages: Late PlayInEditor Detection: Level '/Game/VirtualRealityBP/Maps/MotionControllerMap.MotionControllerMap:PersistentLevel' has LevelScriptBlueprint '/Game/VirtualRealityBP/Maps/MotionControllerMap.MotionControllerMap:PersistentLevel.MotionControllerMap' with GeneratedClass '/Game/VirtualRealityBP/Maps/MotionControllerMap.MotionControllerMap_C' with ClassGeneratedBy '/Game/VirtualRealityBP/Maps/MotionControllerMap.MotionControllerMap:PersistentLevel.MotionControllerMap'
[2018.10.05-09.53.20:561][193]LogBlueprintUserMessages: Early EndPlayMap Detection: Level '/Game/VirtualRealityBP/Maps/MotionControllerMap.MotionControllerMap:PersistentLevel' has LevelScriptBlueprint '/Game/VirtualRealityBP/Maps/MotionControllerMap.MotionControllerMap:PersistentLevel.MotionControllerMap' with GeneratedClass '/Game/VirtualRealityBP/Maps/MotionControllerMap.MotionControllerMap_C' with ClassGeneratedBy '/Game/VirtualRealityBP/Maps/MotionControllerMap.MotionControllerMap:PersistentLevel.MotionControllerMap'
[2018.10.05-09.53.20:561][193]LogSlate: Updating window title bar state: overlay mode, drag disabled, window buttons hidden, title bar hidden
[2018.10.05-09.53.20:578][193]LogSlate: Window 'FYP_Prototype Game Preview Standalone (64-bit/PCD3D_SM5)' being destroyed
[2018.10.05-09.53.20:608][193]LogPlayLevel: Display: Shutting down PIE online subsystems
[2018.10.05-09.53.20:608][193]LogBlueprintUserMessages: Late EndPlayMap Detection: Level '/Game/VirtualRealityBP/Maps/MotionControllerMap.MotionControllerMap:PersistentLevel' has LevelScriptBlueprint '/Game/VirtualRealityBP/Maps/MotionControllerMap.MotionControllerMap:PersistentLevel.MotionControllerMap' with GeneratedClass '/Game/VirtualRealityBP/Maps/MotionControllerMap.MotionControllerMap_C' with ClassGeneratedBy '/Game/VirtualRealityBP/Maps/MotionControllerMap.MotionControllerMap:PersistentLevel.MotionControllerMap'
[2018.10.05-09.53.20:667][196]LogPlayLevel: Display: Destroying online subsystem :Context_12
[2018.10.05-09.53.57:020][519]LogMaterial: Display: Missing cached shader map for material Material_0, compiling. 
[2018.10.05-09.53.57:021][519]LogMaterial: Warning: /Engine/Transient.Material_0 (no disk path found): Failed to compile Material for platform PCD3D_SM5, Default Material will be used in game.
[2018.10.05-09.53.57:021][519]LogMaterial: 	Only transparent or postprocess materials can read from scene depth.
[2018.10.05-09.54.06:450][645]LogTemp: Repeating last play command: New Editor Window (PIE)
[2018.10.05-09.54.06:469][645]LogBlueprintUserMessages: Early PlayInEditor Detection: Level '/Game/VirtualRealityBP/Maps/MotionControllerMap.MotionControllerMap:PersistentLevel' has LevelScriptBlueprint '/Game/VirtualRealityBP/Maps/MotionControllerMap.MotionControllerMap:PersistentLevel.MotionControllerMap' with GeneratedClass '/Game/VirtualRealityBP/Maps/MotionControllerMap.MotionControllerMap_C' with ClassGeneratedBy '/Game/VirtualRealityBP/Maps/MotionControllerMap.MotionControllerMap:PersistentLevel.MotionControllerMap'
[2018.10.05-09.54.06:469][645]BlueprintLog: New page: Pre-Play auto-recompile
[2018.10.05-09.54.06:473][645]LogPlayLevel: [PlayLevel] Compiling Enemy_BP before play...
[2018.10.05-09.54.06:652][645]Cmd: OBJ SAVEPACKAGE PACKAGE="/Game/EnemyAI/Enemy_BP" FILE="../../../../../../Users/GOTOS/Desktop/FYP_Prototype/Content/EnemyAI/Enemy_BP.uasset" SILENT=true
[2018.10.05-09.54.06:719][645]LogSavePackage: Moving '../../../../../../Users/GOTOS/Desktop/FYP_Prototype/Saved/Enemy_BPF39362BF48FECAA9E80D82853183B938.tmp' to '../../../../../../Users/GOTOS/Desktop/FYP_Prototype/Content/EnemyAI/Enemy_BP.uasset'
[2018.10.05-09.54.06:767][645]LogPlayLevel: PlayLevel: Blueprint regeneration took 298 ms (1 blueprints)
[2018.10.05-09.54.06:768][645]PIE: New page: PIE session: MotionControllerMap (6 Oct 2018 1:54:06 am)
[2018.10.05-09.54.06:768][645]LogPlayLevel: Creating play world package: /Game/VirtualRealityBP/Maps/UEDPIE_0_MotionControllerMap
[2018.10.05-09.54.06:788][645]LogPlayLevel: PIE: StaticDuplicateObject took: (0.020935s)
[2018.10.05-09.54.06:789][645]LogAIModule: Creating AISystem for world MotionControllerMap
[2018.10.05-09.54.06:789][645]LogPlayLevel: PIE: World Init took: (0.000706s)
[2018.10.05-09.54.06:789][645]LogPlayLevel: PIE: Created PIE world by copying editor world from /Game/VirtualRealityBP/Maps/MotionControllerMap.MotionControllerMap to /Game/VirtualRealityBP/Maps/UEDPIE_0_MotionControllerMap.MotionControllerMap (0.021780s)
[2018.10.05-09.54.06:824][645]LogInit: XAudio2 using 'Speakers / Headphones (Realtek Audio)' : 2 channels at 48 kHz using 32 bits per sample (channel mask 0x3)
[2018.10.05-09.54.06:843][645]LogInit: FAudioDevice initialized.
[2018.10.05-09.54.06:849][645]LogSlate: Updating window title bar state: overlay mode, drag disabled, window buttons hidden, title bar hidden
[2018.10.05-09.54.06:877][645]LogUObjectGlobals: Warning: Failed to find object 'Class None.'
[2018.10.05-09.54.06:877][645]LogLoad: Game class is 'GameModeBase'
[2018.10.05-09.54.06:881][645]LogWorld: Bringing World /Game/VirtualRealityBP/Maps/UEDPIE_0_MotionControllerMap.MotionControllerMap up for play (max tick rate 0) at 2018.10.05-17.54.06
[2018.10.05-09.54.06:881][645]LogWorld: Bringing up level for play took: 0.003473
[2018.10.05-09.54.06:893][645]LogGameMode: FindPlayerStart: PATHS NOT DEFINED or NO PLAYERSTART with positive rating
[2018.10.05-09.54.06:897][645]PIE: Play in editor start time for /Game/VirtualRealityBP/Maps/UEDPIE_0_MotionControllerMap 1.057
[2018.10.05-09.54.06:897][645]LogBlueprintUserMessages: Late PlayInEditor Detection: Level '/Game/VirtualRealityBP/Maps/MotionControllerMap.MotionControllerMap:PersistentLevel' has LevelScriptBlueprint '/Game/VirtualRealityBP/Maps/MotionControllerMap.MotionControllerMap:PersistentLevel.MotionControllerMap' with GeneratedClass '/Game/VirtualRealityBP/Maps/MotionControllerMap.MotionControllerMap_C' with ClassGeneratedBy '/Game/VirtualRealityBP/Maps/MotionControllerMap.MotionControllerMap:PersistentLevel.MotionControllerMap'
[2018.10.05-09.54.27:796][146]LogBlueprintUserMessages: Early EndPlayMap Detection: Level '/Game/VirtualRealityBP/Maps/MotionControllerMap.MotionControllerMap:PersistentLevel' has LevelScriptBlueprint '/Game/VirtualRealityBP/Maps/MotionControllerMap.MotionControllerMap:PersistentLevel.MotionControllerMap' with GeneratedClass '/Game/VirtualRealityBP/Maps/MotionControllerMap.MotionControllerMap_C' with ClassGeneratedBy '/Game/VirtualRealityBP/Maps/MotionControllerMap.MotionControllerMap:PersistentLevel.MotionControllerMap'
[2018.10.05-09.54.27:797][146]LogSlate: Updating window title bar state: overlay mode, drag disabled, window buttons hidden, title bar hidden
[2018.10.05-09.54.27:813][146]LogSlate: Window 'FYP_Prototype Game Preview Standalone (64-bit/PCD3D_SM5)' being destroyed
[2018.10.05-09.54.27:846][146]LogPlayLevel: Display: Shutting down PIE online subsystems
[2018.10.05-09.54.27:846][146]LogBlueprintUserMessages: Late EndPlayMap Detection: Level '/Game/VirtualRealityBP/Maps/MotionControllerMap.MotionControllerMap:PersistentLevel' has LevelScriptBlueprint '/Game/VirtualRealityBP/Maps/MotionControllerMap.MotionControllerMap:PersistentLevel.MotionControllerMap' with GeneratedClass '/Game/VirtualRealityBP/Maps/MotionControllerMap.MotionControllerMap_C' with ClassGeneratedBy '/Game/VirtualRealityBP/Maps/MotionControllerMap.MotionControllerMap:PersistentLevel.MotionControllerMap'
[2018.10.05-09.54.27:898][148]LogPlayLevel: Display: Destroying online subsystem :Context_17
[2018.10.05-09.54.31:228][547]LogTemp: Repeating last play command: New Editor Window (PIE)
[2018.10.05-09.54.31:247][547]LogBlueprintUserMessages: Early PlayInEditor Detection: Level '/Game/VirtualRealityBP/Maps/MotionControllerMap.MotionControllerMap:PersistentLevel' has LevelScriptBlueprint '/Game/VirtualRealityBP/Maps/MotionControllerMap.MotionControllerMap:PersistentLevel.MotionControllerMap' with GeneratedClass '/Game/VirtualRealityBP/Maps/MotionControllerMap.MotionControllerMap_C' with ClassGeneratedBy '/Game/VirtualRealityBP/Maps/MotionControllerMap.MotionControllerMap:PersistentLevel.MotionControllerMap'
[2018.10.05-09.54.31:247][547]BlueprintLog: New page: Pre-Play auto-recompile
[2018.10.05-09.54.31:252][547]LogPlayLevel: [PlayLevel] Compiling Enemy_BP before play...
[2018.10.05-09.54.31:401][547]Cmd: OBJ SAVEPACKAGE PACKAGE="/Game/EnemyAI/Enemy_BP" FILE="../../../../../../Users/GOTOS/Desktop/FYP_Prototype/Content/EnemyAI/Enemy_BP.uasset" SILENT=true
[2018.10.05-09.54.31:439][547]LogSavePackage: Moving '../../../../../../Users/GOTOS/Desktop/FYP_Prototype/Saved/Enemy_BP35DFE8254F10948622EAAE986994C982.tmp' to '../../../../../../Users/GOTOS/Desktop/FYP_Prototype/Content/EnemyAI/Enemy_BP.uasset'
[2018.10.05-09.54.31:475][547]LogPlayLevel: PlayLevel: Blueprint regeneration took 227 ms (1 blueprints)
[2018.10.05-09.54.31:475][547]PIE: New page: PIE session: MotionControllerMap (6 Oct 2018 1:54:31 am)
[2018.10.05-09.54.31:475][547]LogPlayLevel: Creating play world package: /Game/VirtualRealityBP/Maps/UEDPIE_0_MotionControllerMap
[2018.10.05-09.54.31:497][547]LogPlayLevel: PIE: StaticDuplicateObject took: (0.021363s)
[2018.10.05-09.54.31:497][547]LogAIModule: Creating AISystem for world MotionControllerMap
[2018.10.05-09.54.31:498][547]LogPlayLevel: PIE: World Init took: (0.000922s)
[2018.10.05-09.54.31:498][547]LogPlayLevel: PIE: Created PIE world by copying editor world from /Game/VirtualRealityBP/Maps/MotionControllerMap.MotionControllerMap to /Game/VirtualRealityBP/Maps/UEDPIE_0_MotionControllerMap.MotionControllerMap (0.022452s)
[2018.10.05-09.54.31:529][547]LogInit: XAudio2 using 'Speakers / Headphones (Realtek Audio)' : 2 channels at 48 kHz using 32 bits per sample (channel mask 0x3)
[2018.10.05-09.54.31:546][547]LogInit: FAudioDevice initialized.
[2018.10.05-09.54.31:552][547]LogSlate: Updating window title bar state: overlay mode, drag disabled, window buttons hidden, title bar hidden
[2018.10.05-09.54.31:580][547]LogUObjectGlobals: Warning: Failed to find object 'Class None.'
[2018.10.05-09.54.31:580][547]LogLoad: Game class is 'GameModeBase'
[2018.10.05-09.54.31:584][547]LogWorld: Bringing World /Game/VirtualRealityBP/Maps/UEDPIE_0_MotionControllerMap.MotionControllerMap up for play (max tick rate 0) at 2018.10.05-17.54.31
[2018.10.05-09.54.31:584][547]LogWorld: Bringing up level for play took: 0.003403
[2018.10.05-09.54.31:596][547]LogGameMode: FindPlayerStart: PATHS NOT DEFINED or NO PLAYERSTART with positive rating
[2018.10.05-09.54.31:600][547]PIE: Play in editor start time for /Game/VirtualRealityBP/Maps/UEDPIE_0_MotionControllerMap -0.24
[2018.10.05-09.54.31:600][547]LogBlueprintUserMessages: Late PlayInEditor Detection: Level '/Game/VirtualRealityBP/Maps/MotionControllerMap.MotionControllerMap:PersistentLevel' has LevelScriptBlueprint '/Game/VirtualRealityBP/Maps/MotionControllerMap.MotionControllerMap:PersistentLevel.MotionControllerMap' with GeneratedClass '/Game/VirtualRealityBP/Maps/MotionControllerMap.MotionControllerMap_C' with ClassGeneratedBy '/Game/VirtualRealityBP/Maps/MotionControllerMap.MotionControllerMap:PersistentLevel.MotionControllerMap'
[2018.10.05-09.54.49:790][724]LogBlueprintUserMessages: Early EndPlayMap Detection: Level '/Game/VirtualRealityBP/Maps/MotionControllerMap.MotionControllerMap:PersistentLevel' has LevelScriptBlueprint '/Game/VirtualRealityBP/Maps/MotionControllerMap.MotionControllerMap:PersistentLevel.MotionControllerMap' with GeneratedClass '/Game/VirtualRealityBP/Maps/MotionControllerMap.MotionControllerMap_C' with ClassGeneratedBy '/Game/VirtualRealityBP/Maps/MotionControllerMap.MotionControllerMap:PersistentLevel.MotionControllerMap'
[2018.10.05-09.54.49:790][724]LogSlate: Updating window title bar state: overlay mode, drag disabled, window buttons hidden, title bar hidden
[2018.10.05-09.54.49:807][724]LogSlate: Window 'FYP_Prototype Game Preview Standalone (64-bit/PCD3D_SM5)' being destroyed
[2018.10.05-09.54.49:840][724]LogPlayLevel: Display: Shutting down PIE online subsystems
[2018.10.05-09.54.49:840][724]LogBlueprintUserMessages: Late EndPlayMap Detection: Level '/Game/VirtualRealityBP/Maps/MotionControllerMap.MotionControllerMap:PersistentLevel' has LevelScriptBlueprint '/Game/VirtualRealityBP/Maps/MotionControllerMap.MotionControllerMap:PersistentLevel.MotionControllerMap' with GeneratedClass '/Game/VirtualRealityBP/Maps/MotionControllerMap.MotionControllerMap_C' with ClassGeneratedBy '/Game/VirtualRealityBP/Maps/MotionControllerMap.MotionControllerMap:PersistentLevel.MotionControllerMap'
[2018.10.05-09.54.49:895][727]LogPlayLevel: Display: Destroying online subsystem :Context_18
[2018.10.05-09.54.55:164][358]LogTemp: Repeating last play command: New Editor Window (PIE)
[2018.10.05-09.54.55:187][358]LogBlueprintUserMessages: Early PlayInEditor Detection: Level '/Game/VirtualRealityBP/Maps/MotionControllerMap.MotionControllerMap:PersistentLevel' has LevelScriptBlueprint '/Game/VirtualRealityBP/Maps/MotionControllerMap.MotionControllerMap:PersistentLevel.MotionControllerMap' with GeneratedClass '/Game/VirtualRealityBP/Maps/MotionControllerMap.MotionControllerMap_C' with ClassGeneratedBy '/Game/VirtualRealityBP/Maps/MotionControllerMap.MotionControllerMap:PersistentLevel.MotionControllerMap'
[2018.10.05-09.54.55:187][358]BlueprintLog: New page: Pre-Play auto-recompile
[2018.10.05-09.54.55:192][358]LogPlayLevel: [PlayLevel] Compiling Enemy_BP before play...
[2018.10.05-09.54.55:357][358]Cmd: OBJ SAVEPACKAGE PACKAGE="/Game/EnemyAI/Enemy_BP" FILE="../../../../../../Users/GOTOS/Desktop/FYP_Prototype/Content/EnemyAI/Enemy_BP.uasset" SILENT=true
[2018.10.05-09.54.55:396][358]LogSavePackage: Moving '../../../../../../Users/GOTOS/Desktop/FYP_Prototype/Saved/Enemy_BPD8ED39794ACFD05E4C935CB60385AF2A.tmp' to '../../../../../../Users/GOTOS/Desktop/FYP_Prototype/Content/EnemyAI/Enemy_BP.uasset'
[2018.10.05-09.54.55:433][358]LogPlayLevel: PlayLevel: Blueprint regeneration took 245 ms (1 blueprints)
[2018.10.05-09.54.55:433][358]PIE: New page: PIE session: MotionControllerMap (6 Oct 2018 1:54:55 am)
[2018.10.05-09.54.55:433][358]LogPlayLevel: Creating play world package: /Game/VirtualRealityBP/Maps/UEDPIE_0_MotionControllerMap
[2018.10.05-09.54.55:453][358]LogPlayLevel: PIE: StaticDuplicateObject took: (0.019380s)
[2018.10.05-09.54.55:453][358]LogAIModule: Creating AISystem for world MotionControllerMap
[2018.10.05-09.54.55:453][358]LogPlayLevel: PIE: World Init took: (0.000651s)
[2018.10.05-09.54.55:453][358]LogPlayLevel: PIE: Created PIE world by copying editor world from /Game/VirtualRealityBP/Maps/MotionControllerMap.MotionControllerMap to /Game/VirtualRealityBP/Maps/UEDPIE_0_MotionControllerMap.MotionControllerMap (0.020159s)
[2018.10.05-09.54.55:486][358]LogInit: XAudio2 using 'Speakers / Headphones (Realtek Audio)' : 2 channels at 48 kHz using 32 bits per sample (channel mask 0x3)
[2018.10.05-09.54.55:502][358]LogInit: FAudioDevice initialized.
[2018.10.05-09.54.55:508][358]LogSlate: Updating window title bar state: overlay mode, drag disabled, window buttons hidden, title bar hidden
[2018.10.05-09.54.55:539][358]LogUObjectGlobals: Warning: Failed to find object 'Class None.'
[2018.10.05-09.54.55:539][358]LogLoad: Game class is 'GameModeBase'
[2018.10.05-09.54.55:542][358]LogWorld: Bringing World /Game/VirtualRealityBP/Maps/UEDPIE_0_MotionControllerMap.MotionControllerMap up for play (max tick rate 0) at 2018.10.05-17.54.55
[2018.10.05-09.54.55:542][358]LogWorld: Bringing up level for play took: 0.002853
[2018.10.05-09.54.55:554][358]LogGameMode: FindPlayerStart: PATHS NOT DEFINED or NO PLAYERSTART with positive rating
[2018.10.05-09.54.55:558][358]PIE: Play in editor start time for /Game/VirtualRealityBP/Maps/UEDPIE_0_MotionControllerMap -0.283
[2018.10.05-09.54.55:558][358]LogBlueprintUserMessages: Late PlayInEditor Detection: Level '/Game/VirtualRealityBP/Maps/MotionControllerMap.MotionControllerMap:PersistentLevel' has LevelScriptBlueprint '/Game/VirtualRealityBP/Maps/MotionControllerMap.MotionControllerMap:PersistentLevel.MotionControllerMap' with GeneratedClass '/Game/VirtualRealityBP/Maps/MotionControllerMap.MotionControllerMap_C' with ClassGeneratedBy '/Game/VirtualRealityBP/Maps/MotionControllerMap.MotionControllerMap:PersistentLevel.MotionControllerMap'
[2018.10.05-09.55.14:549][628]LogBlueprintUserMessages: Early EndPlayMap Detection: Level '/Game/VirtualRealityBP/Maps/MotionControllerMap.MotionControllerMap:PersistentLevel' has LevelScriptBlueprint '/Game/VirtualRealityBP/Maps/MotionControllerMap.MotionControllerMap:PersistentLevel.MotionControllerMap' with GeneratedClass '/Game/VirtualRealityBP/Maps/MotionControllerMap.MotionControllerMap_C' with ClassGeneratedBy '/Game/VirtualRealityBP/Maps/MotionControllerMap.MotionControllerMap:PersistentLevel.MotionControllerMap'
[2018.10.05-09.55.14:549][628]LogSlate: Updating window title bar state: overlay mode, drag disabled, window buttons hidden, title bar hidden
[2018.10.05-09.55.14:566][628]LogSlate: Window 'FYP_Prototype Game Preview Standalone (64-bit/PCD3D_SM5)' being destroyed
[2018.10.05-09.55.14:597][628]LogPlayLevel: Display: Shutting down PIE online subsystems
[2018.10.05-09.55.14:597][628]LogBlueprintUserMessages: Late EndPlayMap Detection: Level '/Game/VirtualRealityBP/Maps/MotionControllerMap.MotionControllerMap:PersistentLevel' has LevelScriptBlueprint '/Game/VirtualRealityBP/Maps/MotionControllerMap.MotionControllerMap:PersistentLevel.MotionControllerMap' with GeneratedClass '/Game/VirtualRealityBP/Maps/MotionControllerMap.MotionControllerMap_C' with ClassGeneratedBy '/Game/VirtualRealityBP/Maps/MotionControllerMap.MotionControllerMap:PersistentLevel.MotionControllerMap'
[2018.10.05-09.55.14:650][630]LogPlayLevel: Display: Destroying online subsystem :Context_19
[2018.10.05-09.55.30:929][557]LogEditorTransaction: Undo Move Nodes
[2018.10.05-09.55.31:789][657]LogEditorTransaction: Undo Add Node
[2018.10.05-09.56.01:651][226]LogTemp: Repeating last play command: New Editor Window (PIE)
[2018.10.05-09.56.01:670][226]LogBlueprintUserMessages: Early PlayInEditor Detection: Level '/Game/VirtualRealityBP/Maps/MotionControllerMap.MotionControllerMap:PersistentLevel' has LevelScriptBlueprint '/Game/VirtualRealityBP/Maps/MotionControllerMap.MotionControllerMap:PersistentLevel.MotionControllerMap' with GeneratedClass '/Game/VirtualRealityBP/Maps/MotionControllerMap.MotionControllerMap_C' with ClassGeneratedBy '/Game/VirtualRealityBP/Maps/MotionControllerMap.MotionControllerMap:PersistentLevel.MotionControllerMap'
[2018.10.05-09.56.01:670][226]BlueprintLog: New page: Pre-Play auto-recompile
[2018.10.05-09.56.01:675][226]LogPlayLevel: [PlayLevel] Compiling Enemy_BP before play...
[2018.10.05-09.56.01:835][226]Cmd: OBJ SAVEPACKAGE PACKAGE="/Game/EnemyAI/Enemy_BP" FILE="../../../../../../Users/GOTOS/Desktop/FYP_Prototype/Content/EnemyAI/Enemy_BP.uasset" SILENT=true
[2018.10.05-09.56.01:876][226]LogSavePackage: Moving '../../../../../../Users/GOTOS/Desktop/FYP_Prototype/Saved/Enemy_BP8F6F5B94405957A002B47B942C9B391A.tmp' to '../../../../../../Users/GOTOS/Desktop/FYP_Prototype/Content/EnemyAI/Enemy_BP.uasset'
[2018.10.05-09.56.01:921][226]LogPlayLevel: PlayLevel: Blueprint regeneration took 250 ms (1 blueprints)
[2018.10.05-09.56.01:922][226]PIE: New page: PIE session: MotionControllerMap (6 Oct 2018 1:56:01 am)
[2018.10.05-09.56.01:922][226]LogPlayLevel: Creating play world package: /Game/VirtualRealityBP/Maps/UEDPIE_0_MotionControllerMap
[2018.10.05-09.56.01:941][226]LogPlayLevel: PIE: StaticDuplicateObject took: (0.019456s)
[2018.10.05-09.56.01:942][226]LogAIModule: Creating AISystem for world MotionControllerMap
[2018.10.05-09.56.01:942][226]LogPlayLevel: PIE: World Init took: (0.000656s)
[2018.10.05-09.56.01:942][226]LogPlayLevel: PIE: Created PIE world by copying editor world from /Game/VirtualRealityBP/Maps/MotionControllerMap.MotionControllerMap to /Game/VirtualRealityBP/Maps/UEDPIE_0_MotionControllerMap.MotionControllerMap (0.020271s)
[2018.10.05-09.56.01:976][226]LogInit: XAudio2 using 'Speakers / Headphones (Realtek Audio)' : 2 channels at 48 kHz using 32 bits per sample (channel mask 0x3)
[2018.10.05-09.56.01:993][226]LogInit: FAudioDevice initialized.
[2018.10.05-09.56.01:998][226]LogSlate: Updating window title bar state: overlay mode, drag disabled, window buttons hidden, title bar hidden
[2018.10.05-09.56.02:033][226]LogUObjectGlobals: Warning: Failed to find object 'Class None.'
[2018.10.05-09.56.02:033][226]LogLoad: Game class is 'GameModeBase'
[2018.10.05-09.56.02:036][226]LogWorld: Bringing World /Game/VirtualRealityBP/Maps/UEDPIE_0_MotionControllerMap.MotionControllerMap up for play (max tick rate 0) at 2018.10.05-17.56.02
[2018.10.05-09.56.02:036][226]LogWorld: Bringing up level for play took: 0.002823
[2018.10.05-09.56.02:048][226]LogGameMode: FindPlayerStart: PATHS NOT DEFINED or NO PLAYERSTART with positive rating
[2018.10.05-09.56.02:052][226]PIE: Play in editor start time for /Game/VirtualRealityBP/Maps/UEDPIE_0_MotionControllerMap 0.21
[2018.10.05-09.56.02:052][226]LogBlueprintUserMessages: Late PlayInEditor Detection: Level '/Game/VirtualRealityBP/Maps/MotionControllerMap.MotionControllerMap:PersistentLevel' has LevelScriptBlueprint '/Game/VirtualRealityBP/Maps/MotionControllerMap.MotionControllerMap:PersistentLevel.MotionControllerMap' with GeneratedClass '/Game/VirtualRealityBP/Maps/MotionControllerMap.MotionControllerMap_C' with ClassGeneratedBy '/Game/VirtualRealityBP/Maps/MotionControllerMap.MotionControllerMap:PersistentLevel.MotionControllerMap'
[2018.10.05-09.56.34:197][ 76]LogBlueprintUserMessages: Early EndPlayMap Detection: Level '/Game/VirtualRealityBP/Maps/MotionControllerMap.MotionControllerMap:PersistentLevel' has LevelScriptBlueprint '/Game/VirtualRealityBP/Maps/MotionControllerMap.MotionControllerMap:PersistentLevel.MotionControllerMap' with GeneratedClass '/Game/VirtualRealityBP/Maps/MotionControllerMap.MotionControllerMap_C' with ClassGeneratedBy '/Game/VirtualRealityBP/Maps/MotionControllerMap.MotionControllerMap:PersistentLevel.MotionControllerMap'
[2018.10.05-09.56.34:197][ 76]LogSlate: Updating window title bar state: overlay mode, drag disabled, window buttons hidden, title bar hidden
[2018.10.05-09.56.34:218][ 76]LogSlate: Window 'FYP_Prototype Game Preview Standalone (64-bit/PCD3D_SM5)' being destroyed
[2018.10.05-09.56.34:252][ 76]LogPlayLevel: Display: Shutting down PIE online subsystems
[2018.10.05-09.56.34:252][ 76]LogBlueprintUserMessages: Late EndPlayMap Detection: Level '/Game/VirtualRealityBP/Maps/MotionControllerMap.MotionControllerMap:PersistentLevel' has LevelScriptBlueprint '/Game/VirtualRealityBP/Maps/MotionControllerMap.MotionControllerMap:PersistentLevel.MotionControllerMap' with GeneratedClass '/Game/VirtualRealityBP/Maps/MotionControllerMap.MotionControllerMap_C' with ClassGeneratedBy '/Game/VirtualRealityBP/Maps/MotionControllerMap.MotionControllerMap:PersistentLevel.MotionControllerMap'
[2018.10.05-09.56.34:295][ 77]LogPlayLevel: Display: Destroying online subsystem :Context_20
[2018.10.05-09.57.03:189][490]LogAssetEditorManager: Opening Asset editor for AnimBlueprint /Game/Models/Animation_Blueprint/Slug_Animation.Slug_Animation
[2018.10.05-09.57.03:206][490]LogContentBrowser: Native class hierarchy updated for 'SkeletonEditor' in 0.0003 seconds. Added 1 classes and 2 folders.
[2018.10.05-09.57.03:388][490]LogActorComponent: RegisterComponentWithWorld: (/Engine/Transient.World_15:PersistentLevel.AnimationEditorPreviewActor_0.DebugSkelMeshComponent_0) Already registered. Aborting.
[2018.10.05-09.57.03:393][490]LogContentBrowser: Native class hierarchy updated for 'PinnedCommandList' in 0.0003 seconds. Added 1 classes and 0 folders.
[2018.10.05-09.57.04:004][490]LogContentBrowser: Native class hierarchy updated for 'ClothingSystemEditorInterface' in 0.0005 seconds. Added 1 classes and 0 folders.
[2018.10.05-09.57.37:805][453]LogTemp: Repeating last play command: New Editor Window (PIE)
[2018.10.05-09.57.37:824][453]LogBlueprintUserMessages: Early PlayInEditor Detection: Level '/Game/VirtualRealityBP/Maps/MotionControllerMap.MotionControllerMap:PersistentLevel' has LevelScriptBlueprint '/Game/VirtualRealityBP/Maps/MotionControllerMap.MotionControllerMap:PersistentLevel.MotionControllerMap' with GeneratedClass '/Game/VirtualRealityBP/Maps/MotionControllerMap.MotionControllerMap_C' with ClassGeneratedBy '/Game/VirtualRealityBP/Maps/MotionControllerMap.MotionControllerMap:PersistentLevel.MotionControllerMap'
[2018.10.05-09.57.37:824][453]BlueprintLog: New page: Pre-Play auto-recompile
[2018.10.05-09.57.37:831][453]LogPlayLevel: [PlayLevel] Compiling Slug_Animation before play...
[2018.10.05-09.57.38:121][453]LogSavePackage: Moving '../../../../../../Users/GOTOS/Desktop/FYP_Prototype/Saved/Slug_Animation4177E4C747A25A85D92F0D981B255636.tmp' to '../../../../../../Users/GOTOS/Desktop/FYP_Prototype/Content/Models/Animation_Blueprint/Slug_Animation.uasset'
[2018.10.05-09.57.38:165][453]LogPlayLevel: PlayLevel: Blueprint regeneration took 340 ms (1 blueprints)
[2018.10.05-09.57.38:165][453]PIE: New page: PIE session: MotionControllerMap (6 Oct 2018 1:57:38 am)
[2018.10.05-09.57.38:165][453]LogPlayLevel: Creating play world package: /Game/VirtualRealityBP/Maps/UEDPIE_0_MotionControllerMap
[2018.10.05-09.57.38:184][453]LogPlayLevel: PIE: StaticDuplicateObject took: (0.019367s)
[2018.10.05-09.57.38:185][453]LogAIModule: Creating AISystem for world MotionControllerMap
[2018.10.05-09.57.38:185][453]LogPlayLevel: PIE: World Init took: (0.000633s)
[2018.10.05-09.57.38:185][453]LogPlayLevel: PIE: Created PIE world by copying editor world from /Game/VirtualRealityBP/Maps/MotionControllerMap.MotionControllerMap to /Game/VirtualRealityBP/Maps/UEDPIE_0_MotionControllerMap.MotionControllerMap (0.020125s)
[2018.10.05-09.57.38:215][453]LogInit: XAudio2 using 'Speakers / Headphones (Realtek Audio)' : 2 channels at 48 kHz using 32 bits per sample (channel mask 0x3)
[2018.10.05-09.57.38:233][453]LogInit: FAudioDevice initialized.
[2018.10.05-09.57.38:239][453]LogSlate: Updating window title bar state: overlay mode, drag disabled, window buttons hidden, title bar hidden
[2018.10.05-09.57.38:270][453]LogUObjectGlobals: Warning: Failed to find object 'Class None.'
[2018.10.05-09.57.38:270][453]LogLoad: Game class is 'GameModeBase'
[2018.10.05-09.57.38:273][453]LogWorld: Bringing World /Game/VirtualRealityBP/Maps/UEDPIE_0_MotionControllerMap.MotionControllerMap up for play (max tick rate 0) at 2018.10.05-17.57.38
[2018.10.05-09.57.38:274][453]LogWorld: Bringing up level for play took: 0.002951
[2018.10.05-09.57.38:285][453]LogGameMode: FindPlayerStart: PATHS NOT DEFINED or NO PLAYERSTART with positive rating
[2018.10.05-09.57.38:289][453]PIE: Play in editor start time for /Game/VirtualRealityBP/Maps/UEDPIE_0_MotionControllerMap 0.444
[2018.10.05-09.57.38:290][453]LogBlueprintUserMessages: Late PlayInEditor Detection: Level '/Game/VirtualRealityBP/Maps/MotionControllerMap.MotionControllerMap:PersistentLevel' has LevelScriptBlueprint '/Game/VirtualRealityBP/Maps/MotionControllerMap.MotionControllerMap:PersistentLevel.MotionControllerMap' with GeneratedClass '/Game/VirtualRealityBP/Maps/MotionControllerMap.MotionControllerMap_C' with ClassGeneratedBy '/Game/VirtualRealityBP/Maps/MotionControllerMap.MotionControllerMap:PersistentLevel.MotionControllerMap'
[2018.10.05-09.58.04:831][616]LogBlueprintUserMessages: Early EndPlayMap Detection: Level '/Game/VirtualRealityBP/Maps/MotionControllerMap.MotionControllerMap:PersistentLevel' has LevelScriptBlueprint '/Game/VirtualRealityBP/Maps/MotionControllerMap.MotionControllerMap:PersistentLevel.MotionControllerMap' with GeneratedClass '/Game/VirtualRealityBP/Maps/MotionControllerMap.MotionControllerMap_C' with ClassGeneratedBy '/Game/VirtualRealityBP/Maps/MotionControllerMap.MotionControllerMap:PersistentLevel.MotionControllerMap'
[2018.10.05-09.58.04:831][616]LogSlate: Updating window title bar state: overlay mode, drag disabled, window buttons hidden, title bar hidden
[2018.10.05-09.58.04:849][616]LogSlate: Window 'FYP_Prototype Game Preview Standalone (64-bit/PCD3D_SM5)' being destroyed
[2018.10.05-09.58.04:886][616]LogPlayLevel: Display: Shutting down PIE online subsystems
[2018.10.05-09.58.04:887][616]LogBlueprintUserMessages: Late EndPlayMap Detection: Level '/Game/VirtualRealityBP/Maps/MotionControllerMap.MotionControllerMap:PersistentLevel' has LevelScriptBlueprint '/Game/VirtualRealityBP/Maps/MotionControllerMap.MotionControllerMap:PersistentLevel.MotionControllerMap' with GeneratedClass '/Game/VirtualRealityBP/Maps/MotionControllerMap.MotionControllerMap_C' with ClassGeneratedBy '/Game/VirtualRealityBP/Maps/MotionControllerMap.MotionControllerMap:PersistentLevel.MotionControllerMap'
[2018.10.05-09.58.04:936][617]LogPlayLevel: Display: Destroying online subsystem :Context_26
[2018.10.05-09.58.11:737][432]LogEditorTransaction: Undo Move Node
[2018.10.05-09.58.11:844][432]LogActorComponent: RegisterComponentWithWorld: (/Engine/Transient.World_15:PersistentLevel.AnimationEditorPreviewActor_0.DebugSkelMeshComponent_0) Already registered. Aborting.
[2018.10.05-09.58.23:469][802]LogTemp: Repeating last play command: New Editor Window (PIE)
[2018.10.05-09.58.23:491][802]LogBlueprintUserMessages: Early PlayInEditor Detection: Level '/Game/VirtualRealityBP/Maps/MotionControllerMap.MotionControllerMap:PersistentLevel' has LevelScriptBlueprint '/Game/VirtualRealityBP/Maps/MotionControllerMap.MotionControllerMap:PersistentLevel.MotionControllerMap' with GeneratedClass '/Game/VirtualRealityBP/Maps/MotionControllerMap.MotionControllerMap_C' with ClassGeneratedBy '/Game/VirtualRealityBP/Maps/MotionControllerMap.MotionControllerMap:PersistentLevel.MotionControllerMap'
[2018.10.05-09.58.23:491][802]BlueprintLog: New page: Pre-Play auto-recompile
[2018.10.05-09.58.23:499][802]LogPlayLevel: [PlayLevel] Compiling Slug_Animation before play...
[2018.10.05-09.58.23:813][802]LogSavePackage: Moving '../../../../../../Users/GOTOS/Desktop/FYP_Prototype/Saved/Slug_AnimationFFEF90994AA0493DA127C9A2A9FD1C66.tmp' to '../../../../../../Users/GOTOS/Desktop/FYP_Prototype/Content/Models/Animation_Blueprint/Slug_Animation.uasset'
[2018.10.05-09.58.23:857][802]LogPlayLevel: PlayLevel: Blueprint regeneration took 365 ms (1 blueprints)
[2018.10.05-09.58.23:857][802]PIE: New page: PIE session: MotionControllerMap (6 Oct 2018 1:58:23 am)
[2018.10.05-09.58.23:857][802]LogPlayLevel: Creating play world package: /Game/VirtualRealityBP/Maps/UEDPIE_0_MotionControllerMap
[2018.10.05-09.58.23:877][802]LogPlayLevel: PIE: StaticDuplicateObject took: (0.019579s)
[2018.10.05-09.58.23:877][802]LogAIModule: Creating AISystem for world MotionControllerMap
[2018.10.05-09.58.23:877][802]LogPlayLevel: PIE: World Init took: (0.000646s)
[2018.10.05-09.58.23:877][802]LogPlayLevel: PIE: Created PIE world by copying editor world from /Game/VirtualRealityBP/Maps/MotionControllerMap.MotionControllerMap to /Game/VirtualRealityBP/Maps/UEDPIE_0_MotionControllerMap.MotionControllerMap (0.020352s)
[2018.10.05-09.58.23:908][802]LogInit: XAudio2 using 'Speakers / Headphones (Realtek Audio)' : 2 channels at 48 kHz using 32 bits per sample (channel mask 0x3)
[2018.10.05-09.58.23:925][802]LogInit: FAudioDevice initialized.
[2018.10.05-09.58.23:930][802]LogSlate: Updating window title bar state: overlay mode, drag disabled, window buttons hidden, title bar hidden
[2018.10.05-09.58.23:959][802]LogUObjectGlobals: Warning: Failed to find object 'Class None.'
[2018.10.05-09.58.23:959][802]LogLoad: Game class is 'GameModeBase'
[2018.10.05-09.58.23:962][802]LogWorld: Bringing World /Game/VirtualRealityBP/Maps/UEDPIE_0_MotionControllerMap.MotionControllerMap up for play (max tick rate 0) at 2018.10.05-17.58.23
[2018.10.05-09.58.23:962][802]LogWorld: Bringing up level for play took: 0.002745
[2018.10.05-09.58.23:974][802]LogGameMode: FindPlayerStart: PATHS NOT DEFINED or NO PLAYERSTART with positive rating
[2018.10.05-09.58.23:978][802]PIE: Play in editor start time for /Game/VirtualRealityBP/Maps/UEDPIE_0_MotionControllerMap 0.132
[2018.10.05-09.58.23:978][802]LogBlueprintUserMessages: Late PlayInEditor Detection: Level '/Game/VirtualRealityBP/Maps/MotionControllerMap.MotionControllerMap:PersistentLevel' has LevelScriptBlueprint '/Game/VirtualRealityBP/Maps/MotionControllerMap.MotionControllerMap:PersistentLevel.MotionControllerMap' with GeneratedClass '/Game/VirtualRealityBP/Maps/MotionControllerMap.MotionControllerMap_C' with ClassGeneratedBy '/Game/VirtualRealityBP/Maps/MotionControllerMap.MotionControllerMap:PersistentLevel.MotionControllerMap'
[2018.10.05-09.58.43:639][127]LogScript: Warning: Script Msg: DestroySession - Invalid player state
[2018.10.05-09.58.49:911][864]LogScript: Warning: Script Msg: DestroySession - Invalid player state
[2018.10.05-09.58.51:614][ 59]LogScript: Warning: Script Msg: DestroySession - Invalid player state
[2018.10.05-09.58.52:661][180]LogScript: Warning: Script Msg: DestroySession - Invalid player state
[2018.10.05-09.58.59:107][920]LogScript: Warning: Script Msg: DestroySession - Invalid player state
[2018.10.05-09.59.00:321][ 55]LogScript: Warning: Script Msg: DestroySession - Invalid player state
[2018.10.05-09.59.01:372][172]LogScript: Warning: Script Msg: DestroySession - Invalid player state
[2018.10.05-09.59.07:255][829]LogScript: Warning: Script Msg: DestroySession - Invalid player state
[2018.10.05-09.59.08:559][972]LogScript: Warning: Script Msg: DestroySession - Invalid player state
[2018.10.05-09.59.09:246][ 45]LogScript: Warning: Script Msg: DestroySession - Invalid player state
[2018.10.05-09.59.09:914][118]LogScript: Warning: Script Msg: DestroySession - Invalid player state
[2018.10.05-09.59.11:618][305]LogScript: Warning: Script Msg: DestroySession - Invalid player state
[2018.10.05-09.59.12:671][422]LogScript: Warning: Script Msg: DestroySession - Invalid player state
[2018.10.05-09.59.15:672][738]LogScript: Warning: Script Msg: DestroySession - Invalid player state
[2018.10.05-09.59.16:233][800]LogScript: Warning: Script Msg: DestroySession - Invalid player state
[2018.10.05-09.59.17:864][974]LogScript: Warning: Script Msg: DestroySession - Invalid player state
[2018.10.05-09.59.18:732][ 66]LogBlueprintUserMessages: Early EndPlayMap Detection: Level '/Game/VirtualRealityBP/Maps/MotionControllerMap.MotionControllerMap:PersistentLevel' has LevelScriptBlueprint '/Game/VirtualRealityBP/Maps/MotionControllerMap.MotionControllerMap:PersistentLevel.MotionControllerMap' with GeneratedClass '/Game/VirtualRealityBP/Maps/MotionControllerMap.MotionControllerMap_C' with ClassGeneratedBy '/Game/VirtualRealityBP/Maps/MotionControllerMap.MotionControllerMap:PersistentLevel.MotionControllerMap'
[2018.10.05-09.59.18:732][ 66]LogSlate: Updating window title bar state: overlay mode, drag disabled, window buttons hidden, title bar hidden
[2018.10.05-09.59.18:749][ 66]LogSlate: Window 'FYP_Prototype Game Preview Standalone (64-bit/PCD3D_SM5)' being destroyed
[2018.10.05-09.59.18:784][ 66]LogPlayLevel: Display: Shutting down PIE online subsystems
[2018.10.05-09.59.18:785][ 66]LogBlueprintUserMessages: Late EndPlayMap Detection: Level '/Game/VirtualRealityBP/Maps/MotionControllerMap.MotionControllerMap:PersistentLevel' has LevelScriptBlueprint '/Game/VirtualRealityBP/Maps/MotionControllerMap.MotionControllerMap:PersistentLevel.MotionControllerMap' with GeneratedClass '/Game/VirtualRealityBP/Maps/MotionControllerMap.MotionControllerMap_C' with ClassGeneratedBy '/Game/VirtualRealityBP/Maps/MotionControllerMap.MotionControllerMap:PersistentLevel.MotionControllerMap'
[2018.10.05-09.59.18:831][ 67]LogPlayLevel: Display: Destroying online subsystem :Context_27
[2018.10.05-09.59.38:919][369]LogScript: Warning: Script Msg: DestroySession - Invalid player state
[2018.10.05-09.59.59:056][429]LogScript: Warning: Script Msg: DestroySession - Invalid player state
[2018.10.05-10.00.19:175][489]LogScript: Warning: Script Msg: DestroySession - Invalid player state
[2018.10.05-10.00.39:260][549]LogScript: Warning: Script Msg: DestroySession - Invalid player state
[2018.10.05-10.00.59:317][609]LogScript: Warning: Script Msg: DestroySession - Invalid player state
[2018.10.05-10.01.19:415][669]LogScript: Warning: Script Msg: DestroySession - Invalid player state
[2018.10.05-10.01.39:485][729]LogScript: Warning: Script Msg: DestroySession - Invalid player state
[2018.10.05-10.01.59:552][789]LogScript: Warning: Script Msg: DestroySession - Invalid player state
[2018.10.05-10.02.19:614][849]LogScript: Warning: Script Msg: DestroySession - Invalid player state
[2018.10.05-10.02.39:714][909]LogScript: Warning: Script Msg: DestroySession - Invalid player state
[2018.10.05-10.02.59:778][969]LogScript: Warning: Script Msg: DestroySession - Invalid player state
[2018.10.05-10.03.19:854][ 29]LogScript: Warning: Script Msg: DestroySession - Invalid player state
[2018.10.05-10.03.39:928][ 89]LogScript: Warning: Script Msg: DestroySession - Invalid player state
[2018.10.05-10.03.59:989][149]LogScript: Warning: Script Msg: DestroySession - Invalid player state
[2018.10.05-10.04.19:436][207]LogFileHelpers: Editor autosave (incl. sublevels) for '/Game/VirtualRealityBP/Maps/MotionControllerMap' took 0.032
[2018.10.05-10.04.19:438][207]OBJ SavePackage: Generating thumbnails for [1] asset(s) in package [/Game/Models/Animation_Blueprint/Slug_Animation] ([1] browsable assets)...
[2018.10.05-10.04.19:450][207]OBJ SavePackage:     Rendered thumbnail for [AnimBlueprint /Game/Models/Animation_Blueprint/Slug_Animation.Slug_Animation]
[2018.10.05-10.04.19:451][207]OBJ SavePackage: Finished generating thumbnails for package [/Game/Models/Animation_Blueprint/Slug_Animation]
[2018.10.05-10.04.19:531][207]LogSavePackage: Moving '../../../../../../Users/GOTOS/Desktop/FYP_Prototype/Saved/Slug_Animation_Auto1670774374BA728ECC304258823CEE14E.tmp' to '../../../../../../Users/GOTOS/Desktop/FYP_Prototype/Saved/Autosaves/Game/Models/Animation_Blueprint/Slug_Animation_Auto1.uasset'
[2018.10.05-10.04.19:532][207]OBJ SavePackage: Generating thumbnails for [0] asset(s) in package [/Game/EnemyAI/Enemy_BP] ([1] browsable assets)...
[2018.10.05-10.04.19:532][207]OBJ SavePackage: Finished generating thumbnails for package [/Game/EnemyAI/Enemy_BP]
[2018.10.05-10.04.19:533][207]Cmd: OBJ SAVEPACKAGE PACKAGE="/Game/EnemyAI/Enemy_BP" FILE="../../../../../../Users/GOTOS/Desktop/FYP_Prototype/Saved/Autosaves/Game/EnemyAI/Enemy_BP_Auto1.uasset" SILENT=false AUTOSAVING=true
[2018.10.05-10.04.19:561][207]LogSavePackage: Moving '../../../../../../Users/GOTOS/Desktop/FYP_Prototype/Saved/Enemy_BP_Auto1EA1022414D67028ACC9D6D84B3D1FB08.tmp' to '../../../../../../Users/GOTOS/Desktop/FYP_Prototype/Saved/Autosaves/Game/EnemyAI/Enemy_BP_Auto1.uasset'
[2018.10.05-10.04.19:563][207]LogFileHelpers: Auto-saving content packages took 0.127
[2018.10.05-10.04.21:052][212]LogScript: Warning: Script Msg: DestroySession - Invalid player state
[2018.10.05-10.04.41:102][272]LogScript: Warning: Script Msg: DestroySession - Invalid player state
[2018.10.05-10.05.01:133][332]LogScript: Warning: Script Msg: DestroySession - Invalid player state
[2018.10.05-10.05.21:197][392]LogScript: Warning: Script Msg: DestroySession - Invalid player state
[2018.10.05-10.05.41:261][452]LogScript: Warning: Script Msg: DestroySession - Invalid player state
[2018.10.05-10.05.49:479][472]LogSlate: Window 'Save Content' being destroyed
[2018.10.05-10.05.49:492][472]Cmd: OBJ SAVEPACKAGE PACKAGE="/Game/EnemyAI/Enemy_BP" FILE="../../../../../../Users/GOTOS/Desktop/FYP_Prototype/Content/EnemyAI/Enemy_BP.uasset" SILENT=true
[2018.10.05-10.05.49:528][472]LogSavePackage: Moving '../../../../../../Users/GOTOS/Desktop/FYP_Prototype/Saved/Enemy_BPF78C08F446733BC7CF76EEB386D7D666.tmp' to '../../../../../../Users/GOTOS/Desktop/FYP_Prototype/Content/EnemyAI/Enemy_BP.uasset'
[2018.10.05-10.05.49:591][472]LogSavePackage: Moving '../../../../../../Users/GOTOS/Desktop/FYP_Prototype/Saved/Slug_Animation56AE6EA84FEE657C1A2B7CB06B2DB403.tmp' to '../../../../../../Users/GOTOS/Desktop/FYP_Prototype/Content/Models/Animation_Blueprint/Slug_Animation.uasset'
[2018.10.05-10.05.49:950][472]LogSlate: Window 'FYP_Prototype - Unreal Editor' being destroyed
[2018.10.05-10.05.50:133][473]Cmd: QUIT_EDITOR
[2018.10.05-10.05.51:106][473]LogWindowsTextInputMethodSystem: Display: IME system now deactivated.
[2018.10.05-10.05.51:128][473]LogExit: Preparing to exit.
[2018.10.05-10.05.51:599][473]LogExit: Editor shut down
[2018.10.05-10.05.51:599][473]LogExit: Transaction tracking system shut down
[2018.10.05-10.05.52:108][473]LogExit: Object subsystem successfully closed.
[2018.10.05-10.05.52:132][473]LogShaderCompilers: Display: Shaders left to compile 0
[2018.10.05-10.05.52:136][473]LogD3D11RHI: Shutdown
[2018.10.05-10.05.52:136][473]LogD3D11RHI: CleanupD3DDevice
[2018.10.05-10.05.52:138][473]LogD3D11RHI: ~FD3D11DynamicRHI
[2018.10.05-10.05.52:162][473]LogModuleManager: Shutting down and abandoning module ClothingSystemEditorInterface (626)
[2018.10.05-10.05.52:162][473]LogModuleManager: Shutting down and abandoning module PinnedCommandList (624)
[2018.10.05-10.05.52:162][473]LogModuleManager: Shutting down and abandoning module SkeletonEditor (622)
[2018.10.05-10.05.52:162][473]LogModuleManager: Shutting down and abandoning module AnimationBlueprintEditor (620)
[2018.10.05-10.05.52:162][473]LogModuleManager: Shutting down and abandoning module MovieSceneCapture (618)
[2018.10.05-10.05.52:162][473]LogModuleManager: Shutting down and abandoning module Voice (616)
[2018.10.05-10.05.52:162][473]LogModuleManager: Shutting down and abandoning module BlueprintGraph (614)
[2018.10.05-10.05.52:162][473]LogModuleManager: Shutting down and abandoning module HierarchicalLODOutliner (612)
[2018.10.05-10.05.52:162][473]LogModuleManager: Shutting down and abandoning module SceneOutliner (610)
[2018.10.05-10.05.52:162][473]LogModuleManager: Shutting down and abandoning module AddContentDialog (608)
[2018.10.05-10.05.52:163][473]LogModuleManager: Shutting down and abandoning module WidgetCarousel (607)
[2018.10.05-10.05.52:163][473]LogModuleManager: Shutting down and abandoning module EditorWidgets (604)
[2018.10.05-10.05.52:163][473]LogModuleManager: Shutting down and abandoning module CollectionManager (602)
[2018.10.05-10.05.52:163][473]LogModuleManager: Shutting down and abandoning module StatsViewer (600)
[2018.10.05-10.05.52:163][473]LogModuleManager: Shutting down and abandoning module FoliageEdit (598)
[2018.10.05-10.05.52:163][473]LogModuleManager: Shutting down and abandoning module LandscapeEditor (596)
[2018.10.05-10.05.52:163][473]LogModuleManager: Shutting down and abandoning module MeshPaintMode (594)
[2018.10.05-10.05.52:163][473]LogModuleManager: Shutting down and abandoning module SceneDepthPickerMode (592)
[2018.10.05-10.05.52:163][473]LogModuleManager: Shutting down and abandoning module ActorPickerMode (590)
[2018.10.05-10.05.52:163][473]LogModuleManager: Shutting down and abandoning module GeometryMode (588)
[2018.10.05-10.05.52:163][473]LogModuleManager: Shutting down and abandoning module TextureAlignMode (586)
[2018.10.05-10.05.52:163][473]LogModuleManager: Shutting down and abandoning module BspMode (584)
[2018.10.05-10.05.52:163][473]LogModuleManager: Shutting down and abandoning module PIEPreviewDeviceProfileSelector (582)
[2018.10.05-10.05.52:163][473]LogModuleManager: Shutting down and abandoning module SequenceRecorderSections (580)
[2018.10.05-10.05.52:163][473]LogModuleManager: Shutting down and abandoning module AutomationWorker (578)
[2018.10.05-10.05.52:163][473]LogModuleManager: Shutting down and abandoning module AudioCaptureEditor (576)
[2018.10.05-10.05.52:163][473]LogModuleManager: Shutting down and abandoning module SequenceRecorder (575)
[2018.10.05-10.05.52:163][473]LogModuleManager: Shutting down and abandoning module MatineeToLevelSequence (572)
[2018.10.05-10.05.52:163][473]LogModuleManager: Shutting down and abandoning module LevelSequenceEditor (570)
[2018.10.05-10.05.52:163][473]LogModuleManager: Shutting down and abandoning module PlacementMode (569)
[2018.10.05-10.05.52:164][473]LogModuleManager: Shutting down and abandoning module MaterialEditor (568)
[2018.10.05-10.05.52:164][473]LogModuleManager: Shutting down and abandoning module WmfMediaFactory (564)
[2018.10.05-10.05.52:164][473]LogModuleManager: Shutting down and abandoning module WmfMediaEditor (562)
[2018.10.05-10.05.52:164][473]LogModuleManager: Shutting down and abandoning module MediaPlayerEditor (560)
[2018.10.05-10.05.52:164][473]LogModuleManager: Shutting down and abandoning module OpenExrWrapper (558)
[2018.10.05-10.05.52:164][473]LogModuleManager: Shutting down and abandoning module ImgMediaFactory (556)
[2018.10.05-10.05.52:164][473]LogModuleManager: Shutting down and abandoning module ImgMediaEditor (554)
[2018.10.05-10.05.52:164][473]LogModuleManager: Shutting down and abandoning module AvfMediaFactory (552)
[2018.10.05-10.05.52:164][473]LogModuleManager: Shutting down and abandoning module AvfMediaEditor (550)
[2018.10.05-10.05.52:164][473]LogModuleManager: Shutting down and abandoning module AndroidMediaFactory (548)
[2018.10.05-10.05.52:164][473]LogModuleManager: Shutting down and abandoning module AndroidMediaEditor (546)
[2018.10.05-10.05.52:164][473]LogModuleManager: Shutting down and abandoning module MagicLeapCameraPreviewFactory (544)
[2018.10.05-10.05.52:164][473]LogModuleManager: Shutting down and abandoning module MagicLeapMediaFactory (542)
[2018.10.05-10.05.52:164][473]LogModuleManager: Shutting down and abandoning module MagicLeapMediaEditor (540)
[2018.10.05-10.05.52:164][473]LogModuleManager: Shutting down and abandoning module CharacterAI (538)
[2018.10.05-10.05.52:164][473]LogModuleManager: Shutting down and abandoning module SmartSnapping (536)
[2018.10.05-10.05.52:164][473]LogModuleManager: Shutting down and abandoning module SessionServices (534)
[2018.10.05-10.05.52:164][473]LogModuleManager: Shutting down and abandoning module ViewportSnapping (532)
[2018.10.05-10.05.52:164][473]LogModuleManager: Shutting down and abandoning module ViewportInteraction (530)
[2018.10.05-10.05.52:164][473]LogModuleManager: Shutting down and abandoning module ClothPainter (528)
[2018.10.05-10.05.52:164][473]LogModuleManager: Shutting down and abandoning module SkeletalMeshEditor (527)
[2018.10.05-10.05.52:164][473]LogModuleManager: Shutting down and abandoning module LogVisualizer (524)
[2018.10.05-10.05.52:164][473]LogModuleManager: Shutting down and abandoning module IntroTutorials (522)
[2018.10.05-10.05.52:164][473]LogModuleManager: Shutting down and abandoning module GameProjectGeneration (521)
[2018.10.05-10.05.52:164][473]LogModuleManager: Shutting down and abandoning module LuminPlatformEditor (518)
[2018.10.05-10.05.52:164][473]LogModuleManager: Shutting down and abandoning module IOSPlatformEditor (516)
[2018.10.05-10.05.52:164][473]LogModuleManager: Shutting down and abandoning module HTML5PlatformEditor (514)
[2018.10.05-10.05.52:164][473]LogModuleManager: Shutting down and abandoning module AndroidPlatformEditor (512)
[2018.10.05-10.05.52:164][473]LogModuleManager: Shutting down and abandoning module AndroidDeviceDetection (511)
